12.10 15:07:46 Initializing grbl...
12.10 15:07:46 Got the response: b''
12.10 15:58:54 Can't send the command to GRBL
12.10 15:58:54 Write timeout12.10 15:58:54 Write timeout
12.10 16:13:20 Row 0: 12.10 16:13:20 Map: x1: -14.49, y1: -38.421, x2: -12.88, y2: -39.323, xres: 0.100, yres: 0.100, fname: MoTe2  - sit
12.10 16:13:20 Scanning 0 point from 198
12.10 16:13:20 Going to coordinates X=-14.490, Y=-39.323
12.10 16:13:20 Moving is finished
12.10 16:16:25 Scanning 1 point from 198
12.10 16:16:25 Going to coordinates X=-14.390, Y=-39.323
12.10 16:16:25 Moving is finished
12.10 16:19:30 Scanning 2 point from 198
12.10 16:19:30 Going to coordinates X=-14.290, Y=-39.323
12.10 16:19:30 Moving is finished
12.10 16:22:35 Scanning 3 point from 198
12.10 16:22:35 Going to coordinates X=-14.190, Y=-39.323
12.10 16:22:35 Moving is finished
12.10 16:25:40 Scanning 4 point from 198
12.10 16:25:40 Going to coordinates X=-14.090, Y=-39.323
12.10 16:25:40 Moving is finished
12.10 16:28:45 Scanning 5 point from 198
12.10 16:28:45 Going to coordinates X=-13.990, Y=-39.323
12.10 16:28:45 Moving is finished
12.10 16:31:50 Scanning 6 point from 198
12.10 16:31:50 Going to coordinates X=-13.890, Y=-39.323
12.10 16:31:51 Moving is finished
12.10 16:34:56 Scanning 7 point from 198
12.10 16:34:56 Going to coordinates X=-13.790, Y=-39.323
12.10 16:34:56 Moving is finished
12.10 16:38:01 Scanning 8 point from 198
12.10 16:38:01 Going to coordinates X=-13.690, Y=-39.323
12.10 16:38:01 Moving is finished
12.10 16:41:07 Scanning 9 point from 198
12.10 16:41:07 Going to coordinates X=-13.590, Y=-39.323
12.10 16:41:07 Moving is finished
12.10 16:44:12 Scanning 10 point from 198
12.10 16:44:12 Going to coordinates X=-13.490, Y=-39.323
12.10 16:44:12 Moving is finished
12.10 16:47:17 Scanning 11 point from 198
12.10 16:47:17 Going to coordinates X=-13.390, Y=-39.323
12.10 16:47:18 Moving is finished
12.10 16:50:22 Scanning 12 point from 198
12.10 16:50:22 Going to coordinates X=-13.290, Y=-39.323
12.10 16:50:23 Moving is finished
12.10 16:53:27 Scanning 13 point from 198
12.10 16:53:27 Going to coordinates X=-13.190, Y=-39.323
12.10 16:53:27 Moving is finished
12.10 16:56:32 Scanning 14 point from 198
12.10 16:56:32 Going to coordinates X=-13.090, Y=-39.323
12.10 16:56:32 Moving is finished
12.10 16:59:37 Scanning 15 point from 198
12.10 16:59:37 Going to coordinates X=-12.990, Y=-39.323
12.10 16:59:37 Moving is finished
12.10 17:02:42 Scanning 16 point from 198
12.10 17:02:42 Going to coordinates X=-12.890, Y=-39.323
12.10 17:02:42 Moving is finished
12.10 17:05:47 Scanning 17 point from 198
12.10 17:05:47 Going to coordinates X=-12.790, Y=-39.323
12.10 17:05:47 Moving is finished
12.10 17:08:52 Scanning 18 point from 198
12.10 17:08:52 Going to coordinates X=-14.490, Y=-39.223
12.10 17:08:53 Moving is finished
12.10 17:11:59 Scanning 19 point from 198
12.10 17:11:59 Going to coordinates X=-14.390, Y=-39.223
12.10 17:11:59 Moving is finished
12.10 17:15:04 Scanning 20 point from 198
12.10 17:15:04 Going to coordinates X=-14.290, Y=-39.223
12.10 17:15:04 Moving is finished
12.10 17:18:09 Scanning 21 point from 198
12.10 17:18:09 Going to coordinates X=-14.190, Y=-39.223
12.10 17:18:09 Moving is finished
12.10 17:21:14 Scanning 22 point from 198
12.10 17:21:14 Going to coordinates X=-14.090, Y=-39.223
12.10 17:21:14 Moving is finished
12.10 17:24:18 Scanning 23 point from 198
12.10 17:24:18 Going to coordinates X=-13.990, Y=-39.223
12.10 17:24:19 Moving is finished
12.10 17:27:23 Scanning 24 point from 198
12.10 17:27:23 Going to coordinates X=-13.890, Y=-39.223
12.10 17:27:24 Moving is finished
12.10 17:30:28 Scanning 25 point from 198
12.10 17:30:28 Going to coordinates X=-13.790, Y=-39.223
12.10 17:30:28 Moving is finished
12.10 17:33:32 Scanning 26 point from 198
12.10 17:33:32 Going to coordinates X=-13.690, Y=-39.223
12.10 17:33:33 Moving is finished
12.10 17:36:38 Scanning 27 point from 198
12.10 17:36:38 Going to coordinates X=-13.590, Y=-39.223
12.10 17:36:38 Moving is finished
12.10 17:39:44 Scanning 28 point from 198
12.10 17:39:44 Going to coordinates X=-13.490, Y=-39.223
12.10 17:39:44 Moving is finished
12.10 17:42:49 Scanning 29 point from 198
12.10 17:42:49 Going to coordinates X=-13.390, Y=-39.223
12.10 17:42:49 Moving is finished
12.10 17:45:53 Scanning 30 point from 198
12.10 17:45:53 Going to coordinates X=-13.290, Y=-39.223
12.10 17:45:54 Moving is finished
12.10 17:48:59 Scanning 31 point from 198
12.10 17:48:59 Going to coordinates X=-13.190, Y=-39.223
12.10 17:48:59 Moving is finished
12.10 17:52:04 Scanning 32 point from 198
12.10 17:52:04 Going to coordinates X=-13.090, Y=-39.223
12.10 17:52:04 Moving is finished
12.10 17:55:09 Scanning 33 point from 198
12.10 17:55:09 Going to coordinates X=-12.990, Y=-39.223
12.10 17:55:10 Moving is finished
12.10 17:58:14 Scanning 34 point from 198
12.10 17:58:14 Going to coordinates X=-12.890, Y=-39.223
12.10 17:58:14 Moving is finished
12.10 18:01:19 Scanning 35 point from 198
12.10 18:01:19 Going to coordinates X=-12.790, Y=-39.223
12.10 18:01:19 Moving is finished
12.10 18:04:24 Scanning 36 point from 198
12.10 18:04:24 Going to coordinates X=-14.490, Y=-39.123
12.10 18:04:25 Moving is finished
12.10 18:07:30 Scanning 37 point from 198
12.10 18:07:30 Going to coordinates X=-14.390, Y=-39.123
12.10 18:07:30 Moving is finished
12.10 18:10:36 Scanning 38 point from 198
12.10 18:10:36 Going to coordinates X=-14.290, Y=-39.123
12.10 18:10:36 Moving is finished
12.10 18:13:41 Scanning 39 point from 198
12.10 18:13:41 Going to coordinates X=-14.190, Y=-39.123
12.10 18:13:41 Moving is finished
12.10 18:16:46 Scanning 40 point from 198
12.10 18:16:46 Going to coordinates X=-14.090, Y=-39.123
12.10 18:16:46 Moving is finished
12.10 18:19:51 Scanning 41 point from 198
12.10 18:19:51 Going to coordinates X=-13.990, Y=-39.123
12.10 18:19:51 Moving is finished
12.10 18:22:56 Scanning 42 point from 198
12.10 18:22:56 Going to coordinates X=-13.890, Y=-39.123
12.10 18:22:56 Moving is finished
12.10 18:26:00 Scanning 43 point from 198
12.10 18:26:00 Going to coordinates X=-13.790, Y=-39.123
12.10 18:26:01 Moving is finished
12.10 18:29:05 Scanning 44 point from 198
12.10 18:29:05 Going to coordinates X=-13.690, Y=-39.123
12.10 18:29:06 Moving is finished
12.10 18:32:10 Scanning 45 point from 198
12.10 18:32:10 Going to coordinates X=-13.590, Y=-39.123
12.10 18:32:10 Moving is finished
12.10 18:35:15 Scanning 46 point from 198
12.10 18:35:15 Going to coordinates X=-13.490, Y=-39.123
12.10 18:35:15 Moving is finished
12.10 18:38:20 Scanning 47 point from 198
12.10 18:38:20 Going to coordinates X=-13.390, Y=-39.123
12.10 18:38:20 Moving is finished
12.10 18:41:25 Scanning 48 point from 198
12.10 18:41:25 Going to coordinates X=-13.290, Y=-39.123
12.10 18:41:26 Moving is finished
12.10 18:44:30 Scanning 49 point from 198
12.10 18:44:30 Going to coordinates X=-13.190, Y=-39.123
12.10 18:44:30 Moving is finished
12.10 18:47:35 Scanning 50 point from 198
12.10 18:47:35 Going to coordinates X=-13.090, Y=-39.123
12.10 18:47:35 Moving is finished
12.10 18:50:40 Scanning 51 point from 198
12.10 18:50:40 Going to coordinates X=-12.990, Y=-39.123
12.10 18:50:40 Moving is finished
12.10 18:53:45 Scanning 52 point from 198
12.10 18:53:45 Going to coordinates X=-12.890, Y=-39.123
12.10 18:53:45 Moving is finished
12.10 18:56:50 Scanning 53 point from 198
12.10 18:56:50 Going to coordinates X=-12.790, Y=-39.123
12.10 18:56:50 Moving is finished
12.10 18:59:55 Scanning 54 point from 198
12.10 18:59:55 Going to coordinates X=-14.490, Y=-39.023
12.10 18:59:56 Moving is finished
12.10 19:03:01 Scanning 55 point from 198
12.10 19:03:01 Going to coordinates X=-14.390, Y=-39.023
12.10 19:03:01 Moving is finished
12.10 19:06:06 Scanning 56 point from 198
12.10 19:06:06 Going to coordinates X=-14.290, Y=-39.023
12.10 19:06:07 Moving is finished
12.10 19:09:11 Scanning 57 point from 198
12.10 19:09:11 Going to coordinates X=-14.190, Y=-39.023
12.10 19:09:11 Moving is finished
12.10 19:12:16 Scanning 58 point from 198
12.10 19:12:16 Going to coordinates X=-14.090, Y=-39.023
12.10 19:12:16 Moving is finished
12.10 19:15:21 Scanning 59 point from 198
12.10 19:15:21 Going to coordinates X=-13.990, Y=-39.023
12.10 19:15:21 Moving is finished
12.10 19:18:25 Scanning 60 point from 198
12.10 19:18:25 Going to coordinates X=-13.890, Y=-39.023
12.10 19:18:25 Moving is finished
12.10 19:21:30 Scanning 61 point from 198
12.10 19:21:30 Going to coordinates X=-13.790, Y=-39.023
12.10 19:21:30 Moving is finished
12.10 19:24:36 Scanning 62 point from 198
12.10 19:24:36 Going to coordinates X=-13.690, Y=-39.023
12.10 19:24:36 Moving is finished
12.10 19:27:40 Scanning 63 point from 198
12.10 19:27:40 Going to coordinates X=-13.590, Y=-39.023
12.10 19:27:41 Moving is finished
12.10 19:30:45 Scanning 64 point from 198
12.10 19:30:45 Going to coordinates X=-13.490, Y=-39.023
12.10 19:30:45 Moving is finished
12.10 19:33:50 Scanning 65 point from 198
12.10 19:33:50 Going to coordinates X=-13.390, Y=-39.023
12.10 19:33:50 Moving is finished
12.10 19:36:55 Scanning 66 point from 198
12.10 19:36:55 Going to coordinates X=-13.290, Y=-39.023
12.10 19:36:55 Moving is finished
12.10 19:40:00 Scanning 67 point from 198
12.10 19:40:00 Going to coordinates X=-13.190, Y=-39.023
12.10 19:40:00 Moving is finished
12.10 19:43:05 Scanning 68 point from 198
12.10 19:43:05 Going to coordinates X=-13.090, Y=-39.023
12.10 19:43:05 Moving is finished
12.10 19:46:10 Scanning 69 point from 198
12.10 19:46:10 Going to coordinates X=-12.990, Y=-39.023
12.10 19:46:10 Moving is finished
12.10 19:49:15 Scanning 70 point from 198
12.10 19:49:15 Going to coordinates X=-12.890, Y=-39.023
12.10 19:49:15 Moving is finished
12.10 19:52:20 Scanning 71 point from 198
12.10 19:52:20 Going to coordinates X=-12.790, Y=-39.023
12.10 19:52:21 Moving is finished
12.10 19:55:25 Scanning 72 point from 198
12.10 19:55:25 Going to coordinates X=-14.490, Y=-38.923
12.10 19:55:26 Moving is finished
12.10 19:58:30 Scanning 73 point from 198
12.10 19:58:30 Going to coordinates X=-14.390, Y=-38.923
12.10 19:58:31 Moving is finished
12.10 20:01:35 Scanning 74 point from 198
12.10 20:01:35 Going to coordinates X=-14.290, Y=-38.923
12.10 20:01:35 Moving is finished
12.10 20:04:41 Scanning 75 point from 198
12.10 20:04:41 Going to coordinates X=-14.190, Y=-38.923
12.10 20:04:41 Moving is finished
12.10 20:07:45 Scanning 76 point from 198
12.10 20:07:45 Going to coordinates X=-14.090, Y=-38.923
12.10 20:07:45 Moving is finished
12.10 20:10:50 Scanning 77 point from 198
12.10 20:10:50 Going to coordinates X=-13.990, Y=-38.923
12.10 20:10:50 Moving is finished
12.10 20:13:55 Scanning 78 point from 198
12.10 20:13:55 Going to coordinates X=-13.890, Y=-38.923
12.10 20:13:55 Moving is finished
12.10 20:16:59 Scanning 79 point from 198
12.10 20:16:59 Going to coordinates X=-13.790, Y=-38.923
12.10 20:17:00 Moving is finished
12.10 20:20:04 Scanning 80 point from 198
12.10 20:20:04 Going to coordinates X=-13.690, Y=-38.923
12.10 20:20:04 Moving is finished
12.10 20:23:10 Scanning 81 point from 198
12.10 20:23:10 Going to coordinates X=-13.590, Y=-38.923
12.10 20:23:10 Moving is finished
12.10 20:26:14 Scanning 82 point from 198
12.10 20:26:14 Going to coordinates X=-13.490, Y=-38.923
12.10 20:26:15 Moving is finished
12.10 20:29:19 Scanning 83 point from 198
12.10 20:29:19 Going to coordinates X=-13.390, Y=-38.923
12.10 20:29:19 Moving is finished
12.10 20:32:24 Scanning 84 point from 198
12.10 20:32:24 Going to coordinates X=-13.290, Y=-38.923
12.10 20:32:24 Moving is finished
12.10 20:35:29 Scanning 85 point from 198
12.10 20:35:29 Going to coordinates X=-13.190, Y=-38.923
12.10 20:35:29 Moving is finished
12.10 20:38:33 Scanning 86 point from 198
12.10 20:38:33 Going to coordinates X=-13.090, Y=-38.923
12.10 20:38:34 Moving is finished
12.10 20:41:38 Scanning 87 point from 198
12.10 20:41:38 Going to coordinates X=-12.990, Y=-38.923
12.10 20:41:38 Moving is finished
12.10 20:44:43 Scanning 88 point from 198
12.10 20:44:43 Going to coordinates X=-12.890, Y=-38.923
12.10 20:44:43 Moving is finished
12.10 20:47:48 Scanning 89 point from 198
12.10 20:47:48 Going to coordinates X=-12.790, Y=-38.923
12.10 20:47:48 Moving is finished
12.10 20:50:52 Scanning 90 point from 198
12.10 20:50:52 Going to coordinates X=-14.490, Y=-38.823
12.10 20:50:53 Moving is finished
12.10 20:53:58 Scanning 91 point from 198
12.10 20:53:58 Going to coordinates X=-14.390, Y=-38.823
12.10 20:53:58 Moving is finished
12.10 20:57:03 Scanning 92 point from 198
12.10 20:57:03 Going to coordinates X=-14.290, Y=-38.823
12.10 20:57:03 Moving is finished
12.10 21:00:08 Scanning 93 point from 198
12.10 21:00:08 Going to coordinates X=-14.190, Y=-38.823
12.10 21:00:08 Moving is finished
12.10 21:03:12 Scanning 94 point from 198
12.10 21:03:12 Going to coordinates X=-14.090, Y=-38.823
12.10 21:03:13 Moving is finished
12.10 21:06:17 Scanning 95 point from 198
12.10 21:06:17 Going to coordinates X=-13.990, Y=-38.823
12.10 21:06:18 Moving is finished
12.10 21:09:22 Scanning 96 point from 198
12.10 21:09:22 Going to coordinates X=-13.890, Y=-38.823
12.10 21:09:22 Moving is finished
12.10 21:12:27 Scanning 97 point from 198
12.10 21:12:27 Going to coordinates X=-13.790, Y=-38.823
12.10 21:12:27 Moving is finished
12.10 21:15:33 Scanning 98 point from 198
12.10 21:15:33 Going to coordinates X=-13.690, Y=-38.823
12.10 21:15:33 Moving is finished
12.10 21:18:38 Scanning 99 point from 198
12.10 21:18:38 Going to coordinates X=-13.590, Y=-38.823
12.10 21:18:38 Moving is finished
12.10 21:21:44 Scanning 100 point from 198
12.10 21:21:44 Going to coordinates X=-13.490, Y=-38.823
12.10 21:21:44 Moving is finished
12.10 21:24:48 Scanning 101 point from 198
12.10 21:24:48 Going to coordinates X=-13.390, Y=-38.823
12.10 21:24:49 Moving is finished
12.10 21:27:53 Scanning 102 point from 198
12.10 21:27:53 Going to coordinates X=-13.290, Y=-38.823
12.10 21:27:54 Moving is finished
12.10 21:30:58 Scanning 103 point from 198
12.10 21:30:58 Going to coordinates X=-13.190, Y=-38.823
12.10 21:30:59 Moving is finished
12.10 21:34:04 Scanning 104 point from 198
12.10 21:34:04 Going to coordinates X=-13.090, Y=-38.823
12.10 21:34:04 Moving is finished
12.10 21:37:08 Scanning 105 point from 198
12.10 21:37:08 Going to coordinates X=-12.990, Y=-38.823
12.10 21:37:09 Moving is finished
12.10 21:40:13 Scanning 106 point from 198
12.10 21:40:13 Going to coordinates X=-12.890, Y=-38.823
12.10 21:40:13 Moving is finished
12.10 21:43:19 Scanning 107 point from 198
12.10 21:43:19 Going to coordinates X=-12.790, Y=-38.823
12.10 21:43:19 Moving is finished
12.10 21:46:24 Scanning 108 point from 198
12.10 21:46:24 Going to coordinates X=-14.490, Y=-38.723
12.10 21:46:25 Moving is finished
12.10 21:49:30 Scanning 109 point from 198
12.10 21:49:30 Going to coordinates X=-14.390, Y=-38.723
12.10 21:49:30 Moving is finished
12.10 21:52:35 Scanning 110 point from 198
12.10 21:52:35 Going to coordinates X=-14.290, Y=-38.723
12.10 21:52:36 Moving is finished
12.10 21:55:40 Scanning 111 point from 198
12.10 21:55:40 Going to coordinates X=-14.190, Y=-38.723
12.10 21:55:41 Moving is finished
12.10 21:58:46 Scanning 112 point from 198
12.10 21:58:46 Going to coordinates X=-14.090, Y=-38.723
12.10 21:58:46 Moving is finished
12.10 22:01:51 Scanning 113 point from 198
12.10 22:01:51 Going to coordinates X=-13.990, Y=-38.723
12.10 22:01:51 Moving is finished
12.10 22:04:56 Scanning 114 point from 198
12.10 22:04:56 Going to coordinates X=-13.890, Y=-38.723
12.10 22:04:56 Moving is finished
12.10 22:08:01 Scanning 115 point from 198
12.10 22:08:01 Going to coordinates X=-13.790, Y=-38.723
12.10 22:08:01 Moving is finished
12.10 22:11:06 Scanning 116 point from 198
12.10 22:11:06 Going to coordinates X=-13.690, Y=-38.723
12.10 22:11:06 Moving is finished
12.10 22:14:11 Scanning 117 point from 198
12.10 22:14:11 Going to coordinates X=-13.590, Y=-38.723
12.10 22:14:11 Moving is finished
12.10 22:17:17 Scanning 118 point from 198
12.10 22:17:17 Going to coordinates X=-13.490, Y=-38.723
12.10 22:17:17 Moving is finished
12.10 22:20:22 Scanning 119 point from 198
12.10 22:20:22 Going to coordinates X=-13.390, Y=-38.723
12.10 22:20:22 Moving is finished
12.10 22:23:26 Scanning 120 point from 198
12.10 22:23:26 Going to coordinates X=-13.290, Y=-38.723
12.10 22:23:27 Moving is finished
12.10 22:26:32 Scanning 121 point from 198
12.10 22:26:32 Going to coordinates X=-13.190, Y=-38.723
12.10 22:26:32 Moving is finished
12.10 22:29:36 Scanning 122 point from 198
12.10 22:29:36 Going to coordinates X=-13.090, Y=-38.723
12.10 22:29:36 Moving is finished
12.10 22:32:42 Scanning 123 point from 198
12.10 22:32:42 Going to coordinates X=-12.990, Y=-38.723
12.10 22:32:42 Moving is finished
12.10 22:35:47 Scanning 124 point from 198
12.10 22:35:47 Going to coordinates X=-12.890, Y=-38.723
12.10 22:35:47 Moving is finished
12.10 22:38:52 Scanning 125 point from 198
12.10 22:38:52 Going to coordinates X=-12.790, Y=-38.723
12.10 22:38:52 Moving is finished
12.10 22:41:57 Scanning 126 point from 198
12.10 22:41:57 Going to coordinates X=-14.490, Y=-38.623
12.10 22:41:58 Moving is finished
12.10 22:45:03 Scanning 127 point from 198
12.10 22:45:03 Going to coordinates X=-14.390, Y=-38.623
12.10 22:45:03 Moving is finished
12.10 22:48:08 Scanning 128 point from 198
12.10 22:48:08 Going to coordinates X=-14.290, Y=-38.623
12.10 22:48:08 Moving is finished
12.10 22:51:12 Scanning 129 point from 198
12.10 22:51:12 Going to coordinates X=-14.190, Y=-38.623
12.10 22:51:13 Moving is finished
12.10 22:54:17 Scanning 130 point from 198
12.10 22:54:17 Going to coordinates X=-14.090, Y=-38.623
12.10 22:54:17 Moving is finished
12.10 22:57:22 Scanning 131 point from 198
12.10 22:57:22 Going to coordinates X=-13.990, Y=-38.623
12.10 22:57:22 Moving is finished
12.10 23:00:27 Scanning 132 point from 198
12.10 23:00:27 Going to coordinates X=-13.890, Y=-38.623
12.10 23:00:28 Moving is finished
12.10 23:03:33 Scanning 133 point from 198
12.10 23:03:33 Going to coordinates X=-13.790, Y=-38.623
12.10 23:03:33 Moving is finished
12.10 23:06:39 Scanning 134 point from 198
12.10 23:06:39 Going to coordinates X=-13.690, Y=-38.623
12.10 23:06:39 Moving is finished
12.10 23:09:45 Scanning 135 point from 198
12.10 23:09:45 Going to coordinates X=-13.590, Y=-38.623
12.10 23:09:45 Moving is finished
12.10 23:12:51 Scanning 136 point from 198
12.10 23:12:51 Going to coordinates X=-13.490, Y=-38.623
12.10 23:12:51 Moving is finished
12.10 23:15:56 Scanning 137 point from 198
12.10 23:15:56 Going to coordinates X=-13.390, Y=-38.623
12.10 23:15:56 Moving is finished
12.10 23:19:01 Scanning 138 point from 198
12.10 23:19:01 Going to coordinates X=-13.290, Y=-38.623
12.10 23:19:01 Moving is finished
12.10 23:22:05 Scanning 139 point from 198
12.10 23:22:05 Going to coordinates X=-13.190, Y=-38.623
12.10 23:22:06 Moving is finished
12.10 23:25:10 Scanning 140 point from 198
12.10 23:25:10 Going to coordinates X=-13.090, Y=-38.623
12.10 23:25:11 Moving is finished
12.10 23:28:15 Scanning 141 point from 198
12.10 23:28:15 Going to coordinates X=-12.990, Y=-38.623
12.10 23:28:15 Moving is finished
12.10 23:31:20 Scanning 142 point from 198
12.10 23:31:20 Going to coordinates X=-12.890, Y=-38.623
12.10 23:31:20 Moving is finished
12.10 23:34:25 Scanning 143 point from 198
12.10 23:34:25 Going to coordinates X=-12.790, Y=-38.623
12.10 23:34:25 Moving is finished
12.10 23:37:30 Scanning 144 point from 198
12.10 23:37:30 Going to coordinates X=-14.490, Y=-38.523
12.10 23:37:31 Moving is finished
12.10 23:40:36 Scanning 145 point from 198
12.10 23:40:36 Going to coordinates X=-14.390, Y=-38.523
12.10 23:40:36 Moving is finished
12.10 23:43:40 Scanning 146 point from 198
12.10 23:43:40 Going to coordinates X=-14.290, Y=-38.523
12.10 23:43:41 Moving is finished
12.10 23:46:45 Scanning 147 point from 198
12.10 23:46:45 Going to coordinates X=-14.190, Y=-38.523
12.10 23:46:45 Moving is finished
12.10 23:49:50 Scanning 148 point from 198
12.10 23:49:50 Going to coordinates X=-14.090, Y=-38.523
12.10 23:49:50 Moving is finished
12.10 23:52:56 Scanning 149 point from 198
12.10 23:52:56 Going to coordinates X=-13.990, Y=-38.523
12.10 23:52:56 Moving is finished
12.10 23:56:01 Scanning 150 point from 198
12.10 23:56:01 Going to coordinates X=-13.890, Y=-38.523
12.10 23:56:02 Moving is finished
12.10 23:59:07 Scanning 151 point from 198
12.10 23:59:07 Going to coordinates X=-13.790, Y=-38.523
12.10 23:59:07 Moving is finished
13.10 00:02:12 Scanning 152 point from 198
13.10 00:02:12 Going to coordinates X=-13.690, Y=-38.523
13.10 00:02:12 Moving is finished
13.10 00:05:17 Scanning 153 point from 198
13.10 00:05:17 Going to coordinates X=-13.590, Y=-38.523
13.10 00:05:18 Moving is finished
13.10 00:08:22 Scanning 154 point from 198
13.10 00:08:22 Going to coordinates X=-13.490, Y=-38.523
13.10 00:08:23 Moving is finished
13.10 00:11:27 Scanning 155 point from 198
13.10 00:11:27 Going to coordinates X=-13.390, Y=-38.523
13.10 00:11:27 Moving is finished
13.10 00:14:32 Scanning 156 point from 198
13.10 00:14:32 Going to coordinates X=-13.290, Y=-38.523
13.10 00:14:32 Moving is finished
13.10 00:17:37 Scanning 157 point from 198
13.10 00:17:37 Going to coordinates X=-13.190, Y=-38.523
13.10 00:17:37 Moving is finished
13.10 00:20:42 Scanning 158 point from 198
13.10 00:20:42 Going to coordinates X=-13.090, Y=-38.523
13.10 00:20:42 Moving is finished
13.10 00:23:47 Scanning 159 point from 198
13.10 00:23:47 Going to coordinates X=-12.990, Y=-38.523
13.10 00:23:47 Moving is finished
13.10 00:26:52 Scanning 160 point from 198
13.10 00:26:52 Going to coordinates X=-12.890, Y=-38.523
13.10 00:26:52 Moving is finished
13.10 00:29:58 Scanning 161 point from 198
13.10 00:29:58 Going to coordinates X=-12.790, Y=-38.523
13.10 00:29:58 Moving is finished
13.10 00:33:03 Scanning 162 point from 198
13.10 00:33:03 Going to coordinates X=-14.490, Y=-38.423
13.10 00:33:04 Moving is finished
13.10 00:36:09 Scanning 163 point from 198
13.10 00:36:09 Going to coordinates X=-14.390, Y=-38.423
13.10 00:36:09 Moving is finished
13.10 00:39:14 Scanning 164 point from 198
13.10 00:39:14 Going to coordinates X=-14.290, Y=-38.423
13.10 00:39:14 Moving is finished
13.10 00:42:18 Scanning 165 point from 198
13.10 00:42:18 Going to coordinates X=-14.190, Y=-38.423
13.10 00:42:19 Moving is finished
13.10 00:45:23 Scanning 166 point from 198
13.10 00:45:23 Going to coordinates X=-14.090, Y=-38.423
13.10 00:45:24 Moving is finished
13.10 00:48:28 Scanning 167 point from 198
13.10 00:48:28 Going to coordinates X=-13.990, Y=-38.423
13.10 00:48:28 Moving is finished
13.10 00:51:33 Scanning 168 point from 198
13.10 00:51:33 Going to coordinates X=-13.890, Y=-38.423
13.10 00:51:33 Moving is finished
13.10 00:54:38 Scanning 169 point from 198
13.10 00:54:38 Going to coordinates X=-13.790, Y=-38.423
13.10 00:54:39 Moving is finished
13.10 00:57:44 Scanning 170 point from 198
13.10 00:57:44 Going to coordinates X=-13.690, Y=-38.423
13.10 00:57:44 Moving is finished
13.10 01:00:48 Scanning 171 point from 198
13.10 01:00:48 Going to coordinates X=-13.590, Y=-38.423
13.10 01:00:48 Moving is finished
13.10 01:03:54 Scanning 172 point from 198
13.10 01:03:54 Going to coordinates X=-13.490, Y=-38.423
13.10 01:03:54 Moving is finished
13.10 01:06:59 Scanning 173 point from 198
13.10 01:06:59 Going to coordinates X=-13.390, Y=-38.423
13.10 01:06:59 Moving is finished
13.10 01:10:04 Scanning 174 point from 198
13.10 01:10:04 Going to coordinates X=-13.290, Y=-38.423
13.10 01:10:05 Moving is finished
13.10 01:13:09 Scanning 175 point from 198
13.10 01:13:09 Going to coordinates X=-13.190, Y=-38.423
13.10 01:13:10 Moving is finished
13.10 01:16:15 Scanning 176 point from 198
13.10 01:16:15 Going to coordinates X=-13.090, Y=-38.423
13.10 01:16:15 Moving is finished
13.10 01:19:20 Scanning 177 point from 198
13.10 01:19:20 Going to coordinates X=-12.990, Y=-38.423
13.10 01:19:20 Moving is finished
13.10 01:22:24 Scanning 178 point from 198
13.10 01:22:24 Going to coordinates X=-12.890, Y=-38.423
13.10 01:22:25 Moving is finished
13.10 01:25:29 Scanning 179 point from 198
13.10 01:25:29 Going to coordinates X=-12.790, Y=-38.423
13.10 01:25:29 Moving is finished
13.10 01:28:34 Scanning 180 point from 198
13.10 01:28:34 Going to coordinates X=-14.490, Y=-38.323
13.10 01:28:35 Moving is finished
13.10 01:31:40 Scanning 181 point from 198
13.10 01:31:40 Going to coordinates X=-14.390, Y=-38.323
13.10 01:31:40 Moving is finished
13.10 01:34:44 Scanning 182 point from 198
13.10 01:34:44 Going to coordinates X=-14.290, Y=-38.323
13.10 01:34:45 Moving is finished
13.10 01:37:49 Scanning 183 point from 198
13.10 01:37:49 Going to coordinates X=-14.190, Y=-38.323
13.10 01:37:49 Moving is finished
13.10 01:40:54 Scanning 184 point from 198
13.10 01:40:54 Going to coordinates X=-14.090, Y=-38.323
13.10 01:40:54 Moving is finished
13.10 01:43:59 Scanning 185 point from 198
13.10 01:43:59 Going to coordinates X=-13.990, Y=-38.323
13.10 01:43:59 Moving is finished
13.10 01:47:03 Scanning 186 point from 198
13.10 01:47:03 Going to coordinates X=-13.890, Y=-38.323
13.10 01:47:03 Moving is finished
13.10 01:50:08 Scanning 187 point from 198
13.10 01:50:08 Going to coordinates X=-13.790, Y=-38.323
13.10 01:50:08 Moving is finished
13.10 01:53:12 Scanning 188 point from 198
13.10 01:53:12 Going to coordinates X=-13.690, Y=-38.323
13.10 01:53:13 Moving is finished
13.10 01:56:17 Scanning 189 point from 198
13.10 01:56:17 Going to coordinates X=-13.590, Y=-38.323
13.10 01:56:17 Moving is finished
13.10 01:59:22 Scanning 190 point from 198
13.10 01:59:22 Going to coordinates X=-13.490, Y=-38.323
13.10 01:59:22 Moving is finished
13.10 02:02:27 Scanning 191 point from 198
13.10 02:02:27 Going to coordinates X=-13.390, Y=-38.323
13.10 02:02:27 Moving is finished
13.10 02:05:32 Scanning 192 point from 198
13.10 02:05:32 Going to coordinates X=-13.290, Y=-38.323
13.10 02:05:32 Moving is finished
13.10 02:08:37 Scanning 193 point from 198
13.10 02:08:37 Going to coordinates X=-13.190, Y=-38.323
13.10 02:08:37 Moving is finished
13.10 02:11:43 Scanning 194 point from 198
13.10 02:11:43 Going to coordinates X=-13.090, Y=-38.323
13.10 02:11:43 Moving is finished
13.10 02:14:48 Scanning 195 point from 198
13.10 02:14:48 Going to coordinates X=-12.990, Y=-38.323
13.10 02:14:48 Moving is finished
13.10 02:17:52 Scanning 196 point from 198
13.10 02:17:52 Going to coordinates X=-12.890, Y=-38.323
13.10 02:17:53 Moving is finished
13.10 02:20:58 Scanning 197 point from 198
13.10 02:20:58 Going to coordinates X=-12.790, Y=-38.323
13.10 02:20:59 Moving is finished
14.10 08:34:57 Row 0: 14.10 08:34:57 Map: x1: -14.49, y1: -38.421, x2: -12.88, y2: -39.323, xres: 0.100, yres: 0.100, fname: MoTe2  - sit
14.10 08:34:57 Scanning 0 point from 198
14.10 08:34:57 Going to coordinates X=-14.490, Y=-39.323
14.10 08:34:58 Moving is finished
14.10 08:35:08 Stopped!
