15.08 09:41:11 Initializing grbl...
15.08 09:41:12 Got the response: b''
15.08 09:52:14 Row 0: 15.08 09:52:14 Map: x1: -14.0, y1: -38.0, x2: -14.24, y2: -37.969, xres: 0.010, yres: 0.010, fname: M2-1 new
15.08 09:52:14 Scanning 0 point from 125
15.08 09:52:14 Going to coordinates X=-14.240, Y=-38.000
15.08 09:52:14 Moving is finished
15.08 09:53:18 Scanning 1 point from 125
15.08 09:53:18 Going to coordinates X=-14.230, Y=-38.000
15.08 09:53:19 Moving is finished
15.08 09:54:24 Scanning 2 point from 125
15.08 09:54:24 Going to coordinates X=-14.220, Y=-38.000
15.08 09:54:24 Moving is finished
15.08 09:55:28 Scanning 3 point from 125
15.08 09:55:28 Going to coordinates X=-14.210, Y=-38.000
15.08 09:55:28 Moving is finished
15.08 09:56:33 Scanning 4 point from 125
15.08 09:56:33 Going to coordinates X=-14.200, Y=-38.000
15.08 09:56:33 Moving is finished
15.08 09:57:37 Scanning 5 point from 125
15.08 09:57:37 Going to coordinates X=-14.190, Y=-38.000
15.08 09:57:37 Moving is finished
15.08 09:58:42 Scanning 6 point from 125
15.08 09:58:42 Going to coordinates X=-14.180, Y=-38.000
15.08 09:58:42 Moving is finished
15.08 09:59:47 Scanning 7 point from 125
15.08 09:59:47 Going to coordinates X=-14.170, Y=-38.000
15.08 09:59:47 Moving is finished
15.08 10:00:52 Scanning 8 point from 125
15.08 10:00:52 Going to coordinates X=-14.160, Y=-38.000
15.08 10:00:52 Moving is finished
15.08 10:01:57 Scanning 9 point from 125
15.08 10:01:57 Going to coordinates X=-14.150, Y=-38.000
15.08 10:01:57 Moving is finished
15.08 10:03:02 Scanning 10 point from 125
15.08 10:03:02 Going to coordinates X=-14.140, Y=-38.000
15.08 10:03:02 Moving is finished
15.08 10:04:06 Scanning 11 point from 125
15.08 10:04:06 Going to coordinates X=-14.130, Y=-38.000
15.08 10:04:06 Moving is finished
15.08 10:05:12 Scanning 12 point from 125
15.08 10:05:12 Going to coordinates X=-14.120, Y=-38.000
15.08 10:05:12 Moving is finished
15.08 10:06:17 Scanning 13 point from 125
15.08 10:06:17 Going to coordinates X=-14.110, Y=-38.000
15.08 10:06:17 Moving is finished
15.08 10:07:21 Scanning 14 point from 125
15.08 10:07:21 Going to coordinates X=-14.100, Y=-38.000
15.08 10:07:21 Moving is finished
15.08 10:08:26 Scanning 15 point from 125
15.08 10:08:26 Going to coordinates X=-14.090, Y=-38.000
15.08 10:08:26 Moving is finished
15.08 10:09:31 Scanning 16 point from 125
15.08 10:09:31 Going to coordinates X=-14.080, Y=-38.000
15.08 10:09:31 Moving is finished
15.08 10:10:36 Scanning 17 point from 125
15.08 10:10:36 Going to coordinates X=-14.070, Y=-38.000
15.08 10:10:36 Moving is finished
15.08 10:11:41 Scanning 18 point from 125
15.08 10:11:41 Going to coordinates X=-14.060, Y=-38.000
15.08 10:11:41 Moving is finished
15.08 10:12:46 Scanning 19 point from 125
15.08 10:12:46 Going to coordinates X=-14.050, Y=-38.000
15.08 10:12:46 Moving is finished
15.08 10:13:51 Scanning 20 point from 125
15.08 10:13:51 Going to coordinates X=-14.040, Y=-38.000
15.08 10:13:51 Moving is finished
15.08 10:14:56 Scanning 21 point from 125
15.08 10:14:56 Going to coordinates X=-14.030, Y=-38.000
15.08 10:14:56 Moving is finished
15.08 10:16:00 Scanning 22 point from 125
15.08 10:16:00 Going to coordinates X=-14.020, Y=-38.000
15.08 10:16:00 Moving is finished
15.08 10:17:05 Scanning 23 point from 125
15.08 10:17:05 Going to coordinates X=-14.010, Y=-38.000
15.08 10:17:05 Moving is finished
15.08 10:18:09 Scanning 24 point from 125
15.08 10:18:09 Going to coordinates X=-14.000, Y=-38.000
15.08 10:18:09 Moving is finished
15.08 10:19:14 Scanning 25 point from 125
15.08 10:19:14 Going to coordinates X=-14.240, Y=-37.990
15.08 10:19:14 Moving is finished
15.08 10:20:19 Scanning 26 point from 125
15.08 10:20:19 Going to coordinates X=-14.230, Y=-37.990
15.08 10:20:19 Moving is finished
15.08 10:21:23 Scanning 27 point from 125
15.08 10:21:23 Going to coordinates X=-14.220, Y=-37.990
15.08 10:21:23 Moving is finished
15.08 10:22:28 Scanning 28 point from 125
15.08 10:22:28 Going to coordinates X=-14.210, Y=-37.990
15.08 10:22:28 Moving is finished
15.08 10:23:32 Scanning 29 point from 125
15.08 10:23:32 Going to coordinates X=-14.200, Y=-37.990
15.08 10:23:32 Moving is finished
15.08 10:24:37 Scanning 30 point from 125
15.08 10:24:37 Going to coordinates X=-14.190, Y=-37.990
15.08 10:24:37 Moving is finished
15.08 10:25:42 Scanning 31 point from 125
15.08 10:25:42 Going to coordinates X=-14.180, Y=-37.990
15.08 10:25:42 Moving is finished
15.08 10:26:47 Scanning 32 point from 125
15.08 10:26:47 Going to coordinates X=-14.170, Y=-37.990
15.08 10:26:47 Moving is finished
15.08 10:27:52 Scanning 33 point from 125
15.08 10:27:52 Going to coordinates X=-14.160, Y=-37.990
15.08 10:27:52 Moving is finished
15.08 10:28:57 Scanning 34 point from 125
15.08 10:28:57 Going to coordinates X=-14.150, Y=-37.990
15.08 10:28:57 Moving is finished
15.08 10:30:01 Scanning 35 point from 125
15.08 10:30:01 Going to coordinates X=-14.140, Y=-37.990
15.08 10:30:02 Moving is finished
15.08 10:31:06 Scanning 36 point from 125
15.08 10:31:06 Going to coordinates X=-14.130, Y=-37.990
15.08 10:31:06 Moving is finished
15.08 10:32:11 Scanning 37 point from 125
15.08 10:32:11 Going to coordinates X=-14.120, Y=-37.990
15.08 10:32:11 Moving is finished
15.08 10:33:15 Scanning 38 point from 125
15.08 10:33:15 Going to coordinates X=-14.110, Y=-37.990
15.08 10:33:15 Moving is finished
15.08 10:34:20 Scanning 39 point from 125
15.08 10:34:20 Going to coordinates X=-14.100, Y=-37.990
15.08 10:34:20 Moving is finished
15.08 10:35:25 Scanning 40 point from 125
15.08 10:35:25 Going to coordinates X=-14.090, Y=-37.990
15.08 10:35:25 Moving is finished
15.08 10:36:29 Scanning 41 point from 125
15.08 10:36:29 Going to coordinates X=-14.080, Y=-37.990
15.08 10:36:30 Moving is finished
15.08 10:37:34 Scanning 42 point from 125
15.08 10:37:34 Going to coordinates X=-14.070, Y=-37.990
15.08 10:37:34 Moving is finished
15.08 10:38:38 Scanning 43 point from 125
15.08 10:38:38 Going to coordinates X=-14.060, Y=-37.990
15.08 10:38:39 Moving is finished
15.08 10:39:43 Scanning 44 point from 125
15.08 10:39:43 Going to coordinates X=-14.050, Y=-37.990
15.08 10:39:43 Moving is finished
15.08 10:40:47 Scanning 45 point from 125
15.08 10:40:47 Going to coordinates X=-14.040, Y=-37.990
15.08 10:40:47 Moving is finished
15.08 10:41:52 Scanning 46 point from 125
15.08 10:41:52 Going to coordinates X=-14.030, Y=-37.990
15.08 10:41:52 Moving is finished
15.08 10:42:56 Scanning 47 point from 125
15.08 10:42:56 Going to coordinates X=-14.020, Y=-37.990
15.08 10:42:57 Moving is finished
15.08 10:44:02 Scanning 48 point from 125
15.08 10:44:02 Going to coordinates X=-14.010, Y=-37.990
15.08 10:44:02 Moving is finished
15.08 10:45:06 Scanning 49 point from 125
15.08 10:45:06 Going to coordinates X=-14.000, Y=-37.990
15.08 10:45:06 Moving is finished
15.08 10:46:11 Scanning 50 point from 125
15.08 10:46:11 Going to coordinates X=-14.240, Y=-37.980
15.08 10:46:12 Moving is finished
15.08 10:47:17 Scanning 51 point from 125
15.08 10:47:17 Going to coordinates X=-14.230, Y=-37.980
15.08 10:47:17 Moving is finished
15.08 10:48:22 Scanning 52 point from 125
15.08 10:48:22 Going to coordinates X=-14.220, Y=-37.980
15.08 10:48:22 Moving is finished
15.08 10:49:27 Scanning 53 point from 125
15.08 10:49:27 Going to coordinates X=-14.210, Y=-37.980
15.08 10:49:27 Moving is finished
15.08 10:50:32 Scanning 54 point from 125
15.08 10:50:32 Going to coordinates X=-14.200, Y=-37.980
15.08 10:50:32 Moving is finished
15.08 10:51:37 Scanning 55 point from 125
15.08 10:51:37 Going to coordinates X=-14.190, Y=-37.980
15.08 10:51:37 Moving is finished
15.08 10:52:41 Scanning 56 point from 125
15.08 10:52:41 Going to coordinates X=-14.180, Y=-37.980
15.08 10:52:41 Moving is finished
15.08 10:53:47 Scanning 57 point from 125
15.08 10:53:47 Going to coordinates X=-14.170, Y=-37.980
15.08 10:53:47 Moving is finished
15.08 10:54:52 Scanning 58 point from 125
15.08 10:54:52 Going to coordinates X=-14.160, Y=-37.980
15.08 10:54:52 Moving is finished
15.08 10:55:56 Scanning 59 point from 125
15.08 10:55:56 Going to coordinates X=-14.150, Y=-37.980
15.08 10:55:56 Moving is finished
15.08 10:57:02 Scanning 60 point from 125
15.08 10:57:02 Going to coordinates X=-14.140, Y=-37.980
15.08 10:57:02 Moving is finished
15.08 10:58:07 Scanning 61 point from 125
15.08 10:58:07 Going to coordinates X=-14.130, Y=-37.980
15.08 10:58:07 Moving is finished
15.08 10:59:11 Scanning 62 point from 125
15.08 10:59:11 Going to coordinates X=-14.120, Y=-37.980
15.08 10:59:11 Moving is finished
15.08 11:00:16 Scanning 63 point from 125
15.08 11:00:16 Going to coordinates X=-14.110, Y=-37.980
15.08 11:00:16 Moving is finished
15.08 11:01:21 Scanning 64 point from 125
15.08 11:01:21 Going to coordinates X=-14.100, Y=-37.980
15.08 11:01:21 Moving is finished
15.08 11:02:25 Scanning 65 point from 125
15.08 11:02:25 Going to coordinates X=-14.090, Y=-37.980
15.08 11:02:25 Moving is finished
15.08 11:03:30 Scanning 66 point from 125
15.08 11:03:30 Going to coordinates X=-14.080, Y=-37.980
15.08 11:03:30 Moving is finished
15.08 11:04:35 Scanning 67 point from 125
15.08 11:04:35 Going to coordinates X=-14.070, Y=-37.980
15.08 11:04:35 Moving is finished
15.08 11:05:41 Scanning 68 point from 125
15.08 11:05:41 Going to coordinates X=-14.060, Y=-37.980
15.08 11:05:41 Moving is finished
15.08 11:06:45 Scanning 69 point from 125
15.08 11:06:45 Going to coordinates X=-14.050, Y=-37.980
15.08 11:06:45 Moving is finished
15.08 11:07:50 Scanning 70 point from 125
15.08 11:07:50 Going to coordinates X=-14.040, Y=-37.980
15.08 11:07:50 Moving is finished
15.08 11:08:55 Scanning 71 point from 125
15.08 11:08:55 Going to coordinates X=-14.030, Y=-37.980
15.08 11:08:55 Moving is finished
15.08 11:09:59 Scanning 72 point from 125
15.08 11:09:59 Going to coordinates X=-14.020, Y=-37.980
15.08 11:09:59 Moving is finished
15.08 11:11:04 Scanning 73 point from 125
15.08 11:11:54 Going to coordinates X=-14.010, Y=-37.980
15.08 11:12:54 Moving is finished
15.08 11:13:59 Scanning 74 point from 125
15.08 11:14:49 Going to coordinates X=-14.000, Y=-37.980
15.08 11:15:49 Moving is finished
15.08 11:16:53 Scanning 75 point from 125
15.08 11:17:44 Going to coordinates X=-14.240, Y=-37.970
15.08 11:18:44 Moving is finished
15.08 11:19:48 Scanning 76 point from 125
15.08 11:20:38 Going to coordinates X=-14.230, Y=-37.970
15.08 11:21:39 Moving is finished
15.08 11:21:59 Stopped!
15.08 11:21:59 (-2147467259, 'Nespecifikovaná chyba', (None, None, None, 0, None))
15.08 11:36:49 Write timeout15.08 11:36:49 Can't send the command to GRBL

15.08 12:19:13 Row 0: 15.08 12:19:13 Map: x1: -14.0, y1: -38.0, x2: -14.24, y2: -37.969, xres: 0.010, yres: 0.010, fname: M2-1 new
15.08 12:19:13 Scanning 0 point from 125
15.08 12:19:13 Going to coordinates X=-14.240, Y=-38.000
15.08 12:19:15 Moving is finished
15.08 12:19:19 Stopped!
15.08 12:19:27 Row 0: 15.08 12:19:27 Paused
15.08 12:19:30 Map: x1: -14.0, y1: -38.0, x2: -14.24, y2: -37.969, xres: 0.010, yres: 0.010, fname: M2-1 new
15.08 12:19:30 Scanning 0 point from 125
15.08 12:19:30 Going to coordinates X=-14.240, Y=-38.000
15.08 12:19:30 Moving is finished
15.08 12:19:32 Stopped!
15.08 12:19:42 Row 0: 15.08 12:19:42 Map: x1: -8.322, y1: -36.831, x2: -7.702, y2: -37.477, xres: 0.100, yres: 0.030, fname: M2-1 new
15.08 12:19:42 Scanning 0 point from 184
15.08 12:19:42 Going to coordinates X=-8.322, Y=-37.477
15.08 12:19:44 Moving is finished
15.08 12:20:49 Scanning 1 point from 184
15.08 12:20:49 Going to coordinates X=-8.222, Y=-37.477
15.08 12:20:49 Moving is finished
15.08 12:21:53 Scanning 2 point from 184
15.08 12:21:53 Going to coordinates X=-8.122, Y=-37.477
15.08 12:21:54 Moving is finished
15.08 12:22:59 Scanning 3 point from 184
15.08 12:22:59 Going to coordinates X=-8.022, Y=-37.477
15.08 12:22:59 Moving is finished
15.08 12:24:03 Scanning 4 point from 184
15.08 12:24:03 Going to coordinates X=-7.922, Y=-37.477
15.08 12:24:04 Moving is finished
15.08 12:25:09 Scanning 5 point from 184
15.08 12:25:09 Going to coordinates X=-7.822, Y=-37.477
15.08 12:25:09 Moving is finished
15.08 12:26:14 Scanning 6 point from 184
15.08 12:26:14 Going to coordinates X=-7.722, Y=-37.477
15.08 12:26:15 Moving is finished
15.08 12:27:19 Scanning 7 point from 184
15.08 12:27:19 Going to coordinates X=-7.622, Y=-37.477
15.08 12:27:19 Moving is finished
15.08 12:28:24 Scanning 8 point from 184
15.08 12:28:24 Going to coordinates X=-8.322, Y=-37.447
15.08 12:28:25 Moving is finished
15.08 12:29:30 Scanning 9 point from 184
15.08 12:29:30 Going to coordinates X=-8.222, Y=-37.447
15.08 12:29:30 Moving is finished
15.08 12:30:36 Scanning 10 point from 184
15.08 12:30:36 Going to coordinates X=-8.122, Y=-37.447
15.08 12:30:36 Moving is finished
15.08 12:31:41 Scanning 11 point from 184
15.08 12:31:41 Going to coordinates X=-8.022, Y=-37.447
15.08 12:31:41 Moving is finished
15.08 12:32:45 Scanning 12 point from 184
15.08 12:32:45 Going to coordinates X=-7.922, Y=-37.447
15.08 12:32:45 Moving is finished
15.08 12:33:50 Scanning 13 point from 184
15.08 12:33:50 Going to coordinates X=-7.822, Y=-37.447
15.08 12:33:50 Moving is finished
15.08 12:34:55 Scanning 14 point from 184
15.08 12:34:55 Going to coordinates X=-7.722, Y=-37.447
15.08 12:34:55 Moving is finished
15.08 12:35:59 Scanning 15 point from 184
15.08 12:35:59 Going to coordinates X=-7.622, Y=-37.447
15.08 12:35:59 Moving is finished
15.08 12:37:04 Scanning 16 point from 184
15.08 12:37:04 Going to coordinates X=-8.322, Y=-37.417
15.08 12:37:05 Moving is finished
15.08 12:38:09 Scanning 17 point from 184
15.08 12:38:09 Going to coordinates X=-8.222, Y=-37.417
15.08 12:38:09 Moving is finished
15.08 12:39:14 Scanning 18 point from 184
15.08 12:39:14 Going to coordinates X=-8.122, Y=-37.417
15.08 12:39:14 Moving is finished
15.08 12:40:19 Scanning 19 point from 184
15.08 12:40:19 Going to coordinates X=-8.022, Y=-37.417
15.08 12:40:19 Moving is finished
15.08 12:41:23 Scanning 20 point from 184
15.08 12:41:23 Going to coordinates X=-7.922, Y=-37.417
15.08 12:41:23 Moving is finished
15.08 12:42:28 Scanning 21 point from 184
15.08 12:42:28 Going to coordinates X=-7.822, Y=-37.417
15.08 12:42:29 Moving is finished
15.08 12:43:33 Scanning 22 point from 184
15.08 12:43:33 Going to coordinates X=-7.722, Y=-37.417
15.08 12:43:33 Moving is finished
15.08 12:44:38 Scanning 23 point from 184
15.08 12:44:38 Going to coordinates X=-7.622, Y=-37.417
15.08 12:44:39 Moving is finished
15.08 12:45:43 Scanning 24 point from 184
15.08 12:45:43 Going to coordinates X=-8.322, Y=-37.387
15.08 12:45:44 Moving is finished
15.08 12:46:48 Scanning 25 point from 184
15.08 12:46:48 Going to coordinates X=-8.222, Y=-37.387
15.08 12:46:49 Moving is finished
15.08 12:47:53 Scanning 26 point from 184
15.08 12:47:53 Going to coordinates X=-8.122, Y=-37.387
15.08 12:47:53 Moving is finished
15.08 12:48:58 Scanning 27 point from 184
15.08 12:48:58 Going to coordinates X=-8.022, Y=-37.387
15.08 12:48:58 Moving is finished
15.08 12:50:03 Scanning 28 point from 184
15.08 12:50:03 Going to coordinates X=-7.922, Y=-37.387
15.08 12:50:03 Moving is finished
15.08 12:51:07 Scanning 29 point from 184
15.08 12:51:07 Going to coordinates X=-7.822, Y=-37.387
15.08 12:51:07 Moving is finished
15.08 12:52:12 Scanning 30 point from 184
15.08 12:52:12 Going to coordinates X=-7.722, Y=-37.387
15.08 12:52:12 Moving is finished
15.08 12:53:16 Scanning 31 point from 184
15.08 12:53:16 Going to coordinates X=-7.622, Y=-37.387
15.08 12:53:17 Moving is finished
15.08 12:54:21 Scanning 32 point from 184
15.08 12:54:21 Going to coordinates X=-8.322, Y=-37.357
15.08 12:54:21 Moving is finished
15.08 12:55:26 Scanning 33 point from 184
15.08 12:55:26 Going to coordinates X=-8.222, Y=-37.357
15.08 12:55:26 Moving is finished
15.08 12:56:30 Scanning 34 point from 184
15.08 12:56:30 Going to coordinates X=-8.122, Y=-37.357
15.08 12:56:31 Moving is finished
15.08 12:57:36 Scanning 35 point from 184
15.08 12:57:36 Going to coordinates X=-8.022, Y=-37.357
15.08 12:57:36 Moving is finished
15.08 12:58:40 Scanning 36 point from 184
15.08 12:58:40 Going to coordinates X=-7.922, Y=-37.357
15.08 12:58:40 Moving is finished
15.08 12:59:45 Scanning 37 point from 184
15.08 12:59:45 Going to coordinates X=-7.822, Y=-37.357
15.08 12:59:45 Moving is finished
15.08 13:00:49 Scanning 38 point from 184
15.08 13:00:49 Going to coordinates X=-7.722, Y=-37.357
15.08 13:00:50 Moving is finished
15.08 13:01:54 Scanning 39 point from 184
15.08 13:01:54 Going to coordinates X=-7.622, Y=-37.357
15.08 13:01:55 Moving is finished
15.08 13:02:59 Scanning 40 point from 184
15.08 13:02:59 Going to coordinates X=-8.322, Y=-37.327
15.08 13:03:00 Moving is finished
15.08 13:04:04 Scanning 41 point from 184
15.08 13:04:04 Going to coordinates X=-8.222, Y=-37.327
15.08 13:04:04 Moving is finished
15.08 13:05:09 Scanning 42 point from 184
15.08 13:05:09 Going to coordinates X=-8.122, Y=-37.327
15.08 13:05:09 Moving is finished
15.08 13:06:13 Scanning 43 point from 184
15.08 13:06:13 Going to coordinates X=-8.022, Y=-37.327
15.08 13:06:13 Moving is finished
15.08 13:07:18 Scanning 44 point from 184
15.08 13:07:18 Going to coordinates X=-7.922, Y=-37.327
15.08 13:07:18 Moving is finished
15.08 13:08:22 Scanning 45 point from 184
15.08 13:08:22 Going to coordinates X=-7.822, Y=-37.327
15.08 13:08:22 Moving is finished
15.08 13:09:27 Scanning 46 point from 184
15.08 13:09:27 Going to coordinates X=-7.722, Y=-37.327
15.08 13:09:27 Moving is finished
15.08 13:10:32 Scanning 47 point from 184
15.08 13:10:32 Going to coordinates X=-7.622, Y=-37.327
15.08 13:10:32 Moving is finished
15.08 13:11:37 Scanning 48 point from 184
15.08 13:11:37 Going to coordinates X=-8.322, Y=-37.297
15.08 13:11:37 Moving is finished
15.08 13:12:42 Scanning 49 point from 184
15.08 13:12:42 Going to coordinates X=-8.222, Y=-37.297
15.08 13:12:42 Moving is finished
15.08 13:13:46 Scanning 50 point from 184
15.08 13:13:46 Going to coordinates X=-8.122, Y=-37.297
15.08 13:13:47 Moving is finished
15.08 13:14:51 Scanning 51 point from 184
15.08 13:14:51 Going to coordinates X=-8.022, Y=-37.297
15.08 13:14:51 Moving is finished
15.08 13:15:56 Scanning 52 point from 184
15.08 13:15:56 Going to coordinates X=-7.922, Y=-37.297
15.08 13:15:56 Moving is finished
15.08 13:17:01 Scanning 53 point from 184
15.08 13:17:01 Going to coordinates X=-7.822, Y=-37.297
15.08 13:17:01 Moving is finished
15.08 13:18:06 Scanning 54 point from 184
15.08 13:18:06 Going to coordinates X=-7.722, Y=-37.297
15.08 13:18:07 Moving is finished
15.08 13:19:11 Scanning 55 point from 184
15.08 13:19:11 Going to coordinates X=-7.622, Y=-37.297
15.08 13:19:12 Moving is finished
15.08 13:20:17 Scanning 56 point from 184
15.08 13:20:17 Going to coordinates X=-8.322, Y=-37.267
15.08 13:20:17 Moving is finished
15.08 13:21:22 Scanning 57 point from 184
15.08 13:21:22 Going to coordinates X=-8.222, Y=-37.267
15.08 13:21:22 Moving is finished
15.08 13:22:27 Scanning 58 point from 184
15.08 13:22:27 Going to coordinates X=-8.122, Y=-37.267
15.08 13:22:28 Moving is finished
15.08 13:23:32 Scanning 59 point from 184
15.08 13:23:32 Going to coordinates X=-8.022, Y=-37.267
15.08 13:23:32 Moving is finished
15.08 13:24:38 Scanning 60 point from 184
15.08 13:24:38 Going to coordinates X=-7.922, Y=-37.267
15.08 13:24:38 Moving is finished
15.08 13:25:43 Scanning 61 point from 184
15.08 13:25:43 Going to coordinates X=-7.822, Y=-37.267
15.08 13:25:43 Moving is finished
15.08 13:26:47 Scanning 62 point from 184
15.08 13:26:47 Going to coordinates X=-7.722, Y=-37.267
15.08 13:26:48 Moving is finished
15.08 13:27:53 Scanning 63 point from 184
15.08 13:27:53 Going to coordinates X=-7.622, Y=-37.267
15.08 13:27:54 Moving is finished
15.08 13:28:58 Scanning 64 point from 184
15.08 13:28:58 Going to coordinates X=-8.322, Y=-37.237
15.08 13:28:59 Moving is finished
15.08 13:30:03 Scanning 65 point from 184
15.08 13:30:03 Going to coordinates X=-8.222, Y=-37.237
15.08 13:30:03 Moving is finished
15.08 13:31:08 Scanning 66 point from 184
15.08 13:31:08 Going to coordinates X=-8.122, Y=-37.237
15.08 13:31:08 Moving is finished
15.08 13:32:12 Scanning 67 point from 184
15.08 13:32:12 Going to coordinates X=-8.022, Y=-37.237
15.08 13:32:13 Moving is finished
15.08 13:33:17 Scanning 68 point from 184
15.08 13:33:17 Going to coordinates X=-7.922, Y=-37.237
15.08 13:33:17 Moving is finished
15.08 13:34:22 Scanning 69 point from 184
15.08 13:34:22 Going to coordinates X=-7.822, Y=-37.237
15.08 13:34:23 Moving is finished
15.08 13:35:27 Scanning 70 point from 184
15.08 13:35:27 Going to coordinates X=-7.722, Y=-37.237
15.08 13:35:28 Moving is finished
15.08 13:36:32 Scanning 71 point from 184
15.08 13:36:32 Going to coordinates X=-7.622, Y=-37.237
15.08 13:36:33 Moving is finished
15.08 13:37:37 Scanning 72 point from 184
15.08 13:37:37 Going to coordinates X=-8.322, Y=-37.207
15.08 13:37:38 Moving is finished
15.08 13:38:42 Scanning 73 point from 184
15.08 13:38:42 Going to coordinates X=-8.222, Y=-37.207
15.08 13:38:43 Moving is finished
15.08 13:39:48 Scanning 74 point from 184
15.08 13:39:48 Going to coordinates X=-8.122, Y=-37.207
15.08 13:39:48 Moving is finished
15.08 13:40:52 Scanning 75 point from 184
15.08 13:40:52 Going to coordinates X=-8.022, Y=-37.207
15.08 13:40:52 Moving is finished
15.08 13:41:58 Scanning 76 point from 184
15.08 13:41:58 Going to coordinates X=-7.922, Y=-37.207
15.08 13:41:58 Moving is finished
15.08 13:43:03 Scanning 77 point from 184
15.08 13:43:03 Going to coordinates X=-7.822, Y=-37.207
15.08 13:43:03 Moving is finished
15.08 13:44:07 Scanning 78 point from 184
15.08 13:44:07 Going to coordinates X=-7.722, Y=-37.207
15.08 13:44:08 Moving is finished
15.08 13:45:13 Scanning 79 point from 184
15.08 13:45:13 Going to coordinates X=-7.622, Y=-37.207
15.08 13:45:13 Moving is finished
15.08 13:46:18 Scanning 80 point from 184
15.08 13:46:18 Going to coordinates X=-8.322, Y=-37.177
15.08 13:46:19 Moving is finished
15.08 13:47:24 Scanning 81 point from 184
15.08 13:47:24 Going to coordinates X=-8.222, Y=-37.177
15.08 13:47:24 Moving is finished
15.08 13:48:29 Scanning 82 point from 184
15.08 13:48:29 Going to coordinates X=-8.122, Y=-37.177
15.08 13:48:29 Moving is finished
15.08 13:49:34 Scanning 83 point from 184
15.08 13:49:34 Going to coordinates X=-8.022, Y=-37.177
15.08 13:49:34 Moving is finished
15.08 13:50:39 Scanning 84 point from 184
15.08 13:50:39 Going to coordinates X=-7.922, Y=-37.177
15.08 13:50:39 Moving is finished
15.08 13:51:44 Scanning 85 point from 184
15.08 13:51:44 Going to coordinates X=-7.822, Y=-37.177
15.08 13:51:45 Moving is finished
15.08 13:52:50 Scanning 86 point from 184
15.08 13:52:50 Going to coordinates X=-7.722, Y=-37.177
15.08 13:52:50 Moving is finished
15.08 13:53:55 Scanning 87 point from 184
15.08 13:53:55 Going to coordinates X=-7.622, Y=-37.177
15.08 13:53:55 Moving is finished
15.08 13:55:00 Scanning 88 point from 184
15.08 13:55:00 Going to coordinates X=-8.322, Y=-37.147
15.08 13:55:01 Moving is finished
15.08 13:56:05 Scanning 89 point from 184
15.08 13:56:55 Going to coordinates X=-8.222, Y=-37.147
