09.07 14:37:50 Initializing grbl...
09.07 14:37:50 Got the response: b''
09.07 14:41:47 Row 0: 09.07 14:41:47 Map: x1: -14.0, y1: -38.0, x2: -13.25, y2: -39.272, xres: 0.080, yres: 0.080, fname: M16011
09.07 14:41:47 Scanning 0 point from 187
09.07 14:41:47 Going to coordinates X=-14.000, Y=-39.272
09.07 14:41:47 Moving is finished
09.07 14:42:51 Scanning 1 point from 187
09.07 14:42:51 Going to coordinates X=-13.920, Y=-39.272
09.07 14:42:52 Moving is finished
09.07 14:43:06 Could not find 'Save AS' in 'dict_keys(['X-Axis Calibration', 'Auto XCAL', 'X CAL Default ', '', 'Intensity(Y) Calibration', 'Y CAL Default ', '0', '1', '2', 'Auto Baseline', 'Auto Baseline 2', 'Manual Baseline', 'MBL Peak Normalized', 'Manual/Auto Baseline Setup', '3', 'Save Reference Spectrum', 'First Derivative ', 'Raw Spectrum', 'Hot Pixel Disable', '4', 'Laser on/off'])'
09.07 14:43:06 Scanning 2 point from 187
09.07 14:43:06 Going to coordinates X=-13.840, Y=-39.272
09.07 14:43:06 Moving is finished
09.07 14:43:56 Scanning 3 point from 187
09.07 14:43:56 Going to coordinates X=-13.760, Y=-39.272
09.07 14:43:56 Moving is finished
09.07 14:45:00 Scanning 4 point from 187
09.07 14:45:00 Going to coordinates X=-13.680, Y=-39.272
09.07 14:45:00 Moving is finished
09.07 14:46:04 Scanning 5 point from 187
09.07 14:46:04 Going to coordinates X=-13.600, Y=-39.272
09.07 14:46:04 Moving is finished
09.07 14:47:41 Scanning 6 point from 187
09.07 14:47:41 Going to coordinates X=-13.520, Y=-39.272
09.07 14:47:41 Moving is finished
09.07 14:49:17 Scanning 7 point from 187
09.07 14:49:17 Going to coordinates X=-13.440, Y=-39.272
09.07 14:49:18 Moving is finished
09.07 14:50:54 Scanning 8 point from 187
09.07 14:50:54 Going to coordinates X=-13.360, Y=-39.272
09.07 14:50:55 Moving is finished
09.07 14:52:31 Scanning 9 point from 187
09.07 14:52:31 Going to coordinates X=-13.280, Y=-39.272
09.07 14:52:31 Moving is finished
09.07 14:54:08 Scanning 10 point from 187
09.07 14:54:08 Going to coordinates X=-13.200, Y=-39.272
09.07 14:54:08 Moving is finished
09.07 14:55:44 Scanning 11 point from 187
09.07 14:55:44 Going to coordinates X=-14.000, Y=-39.192
09.07 14:55:45 Moving is finished
09.07 14:57:21 Scanning 12 point from 187
09.07 14:57:21 Going to coordinates X=-13.920, Y=-39.192
09.07 14:57:22 Moving is finished
09.07 14:58:58 Scanning 13 point from 187
09.07 14:58:58 Paused
09.07 14:59:07 Going to coordinates X=-13.840, Y=-39.192
09.07 14:59:07 Moving is finished
09.07 15:01:11 Scanning 14 point from 187
09.07 15:01:11 Going to coordinates X=-13.760, Y=-39.192
09.07 15:01:12 Moving is finished
09.07 15:03:15 Scanning 15 point from 187
09.07 15:03:15 Going to coordinates X=-13.680, Y=-39.192
09.07 15:03:16 Moving is finished
09.07 15:05:20 Scanning 16 point from 187
09.07 15:05:20 Going to coordinates X=-13.600, Y=-39.192
09.07 15:05:20 Moving is finished
09.07 15:07:25 Scanning 17 point from 187
09.07 15:07:25 Going to coordinates X=-13.520, Y=-39.192
09.07 15:07:25 Moving is finished
09.07 15:09:29 Scanning 18 point from 187
09.07 15:09:29 Going to coordinates X=-13.440, Y=-39.192
09.07 15:09:29 Moving is finished
09.07 15:11:34 Scanning 19 point from 187
09.07 15:11:34 Going to coordinates X=-13.360, Y=-39.192
09.07 15:11:34 Moving is finished
09.07 15:13:39 Scanning 20 point from 187
09.07 15:13:39 Going to coordinates X=-13.280, Y=-39.192
09.07 15:13:39 Moving is finished
09.07 15:15:42 Scanning 21 point from 187
09.07 15:15:42 Going to coordinates X=-13.200, Y=-39.192
09.07 15:15:43 Moving is finished
09.07 15:17:47 Scanning 22 point from 187
09.07 15:17:47 Going to coordinates X=-14.000, Y=-39.112
09.07 15:17:47 Moving is finished
09.07 15:19:52 Scanning 23 point from 187
09.07 15:19:52 Going to coordinates X=-13.920, Y=-39.112
09.07 15:19:52 Moving is finished
09.07 15:21:56 Scanning 24 point from 187
09.07 15:21:56 Going to coordinates X=-13.840, Y=-39.112
09.07 15:21:57 Moving is finished
09.07 15:24:01 Scanning 25 point from 187
09.07 15:24:01 Going to coordinates X=-13.760, Y=-39.112
09.07 15:24:01 Moving is finished
09.07 15:26:05 Scanning 26 point from 187
09.07 15:26:05 Going to coordinates X=-13.680, Y=-39.112
09.07 15:26:05 Moving is finished
09.07 15:27:33 Could not find 'EZRaman Reader  V8.2.0 MV' in 'dict_keys([])'
09.07 15:27:39 Could not find 'EZRaman Reader  V8.2.0 MV' in 'dict_keys([])'
09.07 15:27:39 Scanning 27 point from 187
09.07 15:27:39 Going to coordinates X=-13.600, Y=-39.112
09.07 15:27:39 Moving is finished
09.07 15:27:45 Could not find 'EZRaman Reader  V8.2.0 MV' in 'dict_keys([])'
09.07 15:27:50 Could not find 'EZRaman Reader  V8.2.0 MV' in 'dict_keys([])'
09.07 15:27:51 Scanning 28 point from 187
09.07 15:27:51 Going to coordinates X=-13.520, Y=-39.112
09.07 15:27:51 Moving is finished
09.07 15:27:57 Could not find 'EZRaman Reader  V8.2.0 MV' in 'dict_keys([])'
09.07 15:28:02 Could not find 'EZRaman Reader  V8.2.0 MV' in 'dict_keys([])'
09.07 15:28:03 Scanning 29 point from 187
09.07 15:28:03 Going to coordinates X=-13.440, Y=-39.112
09.07 15:28:03 Moving is finished
09.07 15:28:09 Could not find 'EZRaman Reader  V8.2.0 MV' in 'dict_keys([])'
09.07 15:28:14 Could not find 'EZRaman Reader  V8.2.0 MV' in 'dict_keys([])'
09.07 15:28:14 Scanning 30 point from 187
09.07 15:28:14 Going to coordinates X=-13.360, Y=-39.112
09.07 15:28:14 Moving is finished
09.07 15:28:20 Could not find 'EZRaman Reader  V8.2.0 MV' in 'dict_keys([])'
09.07 15:28:25 Could not find 'EZRaman Reader  V8.2.0 MV' in 'dict_keys([])'
09.07 15:28:26 Scanning 31 point from 187
09.07 15:28:26 Going to coordinates X=-13.280, Y=-39.112
09.07 15:28:26 Moving is finished
09.07 15:28:44 Could not find 'EZRaman Reader  V8.2.0 MV' in 'dict_keys([])'
09.07 15:28:49 Could not find 'EZRaman Reader  V8.2.0 MV' in 'dict_keys([])'
09.07 15:28:49 Scanning 32 point from 187
09.07 15:28:49 Going to coordinates X=-13.200, Y=-39.112
09.07 15:28:49 Moving is finished
09.07 15:28:56 Could not find 'EZRaman Reader  V8.2.0 MV' in 'dict_keys([])'
09.07 15:29:01 Could not find 'EZRaman Reader  V8.2.0 MV' in 'dict_keys([])'
09.07 15:29:01 Scanning 33 point from 187
09.07 15:29:01 Going to coordinates X=-14.000, Y=-39.032
09.07 15:29:01 Moving is finished
09.07 15:29:08 Could not find 'EZRaman Reader  V8.2.0 MV' in 'dict_keys([])'
09.07 15:29:13 Could not find 'EZRaman Reader  V8.2.0 MV' in 'dict_keys([])'
09.07 15:29:13 Scanning 34 point from 187
09.07 15:29:13 Going to coordinates X=-13.920, Y=-39.032
09.07 15:29:13 Moving is finished
09.07 15:29:20 Could not find 'EZRaman Reader  V8.2.0 MV' in 'dict_keys([])'
09.07 15:29:25 Could not find 'EZRaman Reader  V8.2.0 MV' in 'dict_keys([])'
09.07 15:29:25 Scanning 35 point from 187
09.07 15:29:25 Going to coordinates X=-13.840, Y=-39.032
09.07 15:29:25 Moving is finished
09.07 15:29:32 Could not find 'EZRaman Reader  V8.2.0 MV' in 'dict_keys([])'
09.07 15:29:37 Could not find 'EZRaman Reader  V8.2.0 MV' in 'dict_keys([])'
09.07 15:29:37 Scanning 36 point from 187
09.07 15:29:37 Going to coordinates X=-13.760, Y=-39.032
09.07 15:29:37 Moving is finished
09.07 15:29:43 Could not find 'EZRaman Reader  V8.2.0 MV' in 'dict_keys([])'
09.07 15:29:49 Could not find 'EZRaman Reader  V8.2.0 MV' in 'dict_keys([])'
09.07 15:29:49 Scanning 37 point from 187
09.07 15:29:49 Going to coordinates X=-13.680, Y=-39.032
09.07 15:29:49 Moving is finished
09.07 15:29:56 Could not find 'EZRaman Reader  V8.2.0 MV' in 'dict_keys([])'
09.07 15:30:01 Could not find 'EZRaman Reader  V8.2.0 MV' in 'dict_keys([])'
09.07 15:30:01 Scanning 38 point from 187
09.07 15:30:01 Going to coordinates X=-13.600, Y=-39.032
09.07 15:30:01 Moving is finished
09.07 15:30:08 Could not find 'EZRaman Reader  V8.2.0 MV' in 'dict_keys([])'
09.07 15:30:13 Could not find 'EZRaman Reader  V8.2.0 MV' in 'dict_keys([])'
09.07 15:30:13 Scanning 39 point from 187
09.07 15:30:13 Going to coordinates X=-13.520, Y=-39.032
09.07 15:30:13 Moving is finished
09.07 15:30:20 Could not find 'EZRaman Reader  V8.2.0 MV' in 'dict_keys([])'
09.07 15:30:25 Could not find 'EZRaman Reader  V8.2.0 MV' in 'dict_keys([])'
09.07 15:30:25 Scanning 40 point from 187
09.07 15:30:25 Going to coordinates X=-13.440, Y=-39.032
09.07 15:30:25 Moving is finished
09.07 15:32:14 Could not find 'EZRaman Reader  V8.2.0 MV' in 'dict_keys([])'
09.07 15:32:19 Could not find 'EZRaman Reader  V8.2.0 MV' in 'dict_keys([])'
09.07 15:32:19 Scanning 41 point from 187
09.07 15:32:19 Going to coordinates X=-13.360, Y=-39.032
09.07 15:32:19 Moving is finished
09.07 15:32:26 Could not find 'EZRaman Reader  V8.2.0 MV' in 'dict_keys([])'
09.07 15:32:31 Could not find 'EZRaman Reader  V8.2.0 MV' in 'dict_keys([])'
09.07 15:32:31 Scanning 42 point from 187
09.07 15:32:31 Going to coordinates X=-13.280, Y=-39.032
09.07 15:32:32 Moving is finished
09.07 15:34:40 Scanning 43 point from 187
09.07 15:34:40 Going to coordinates X=-13.200, Y=-39.032
09.07 15:34:40 Moving is finished
09.07 15:36:44 Scanning 44 point from 187
09.07 15:36:44 Going to coordinates X=-14.000, Y=-38.952
09.07 15:36:45 Moving is finished
09.07 15:38:49 Scanning 45 point from 187
09.07 15:38:49 Going to coordinates X=-13.920, Y=-38.952
09.07 15:38:49 Moving is finished
09.07 15:40:54 Scanning 46 point from 187
09.07 15:40:54 Going to coordinates X=-13.840, Y=-38.952
09.07 15:40:54 Moving is finished
09.07 15:42:58 Scanning 47 point from 187
09.07 15:42:58 Going to coordinates X=-13.760, Y=-38.952
09.07 15:42:58 Moving is finished
09.07 15:45:02 Scanning 48 point from 187
09.07 15:45:02 Going to coordinates X=-13.680, Y=-38.952
09.07 15:45:02 Moving is finished
09.07 15:47:06 Scanning 49 point from 187
09.07 15:47:06 Going to coordinates X=-13.600, Y=-38.952
09.07 15:47:07 Moving is finished
09.07 15:49:10 Scanning 50 point from 187
09.07 15:49:10 Going to coordinates X=-13.520, Y=-38.952
09.07 15:49:11 Moving is finished
09.07 15:51:15 Scanning 51 point from 187
09.07 15:51:15 Going to coordinates X=-13.440, Y=-38.952
09.07 15:51:15 Moving is finished
09.07 15:53:19 Scanning 52 point from 187
09.07 15:53:19 Going to coordinates X=-13.360, Y=-38.952
09.07 15:53:19 Moving is finished
09.07 15:55:24 Scanning 53 point from 187
09.07 15:55:24 Going to coordinates X=-13.280, Y=-38.952
09.07 15:55:24 Moving is finished
09.07 15:57:28 Scanning 54 point from 187
09.07 15:57:28 Going to coordinates X=-13.200, Y=-38.952
09.07 15:57:28 Moving is finished
09.07 15:59:32 Scanning 55 point from 187
09.07 15:59:32 Going to coordinates X=-14.000, Y=-38.872
09.07 15:59:33 Moving is finished
09.07 16:01:37 Scanning 56 point from 187
09.07 16:01:37 Going to coordinates X=-13.920, Y=-38.872
09.07 16:01:37 Moving is finished
09.07 16:03:42 Scanning 57 point from 187
09.07 16:03:42 Going to coordinates X=-13.840, Y=-38.872
09.07 16:03:42 Moving is finished
09.07 16:05:46 Scanning 58 point from 187
09.07 16:05:46 Going to coordinates X=-13.760, Y=-38.872
09.07 16:05:47 Moving is finished
09.07 16:07:51 Scanning 59 point from 187
09.07 16:07:51 Going to coordinates X=-13.680, Y=-38.872
09.07 16:07:51 Moving is finished
09.07 16:09:55 Scanning 60 point from 187
09.07 16:09:55 Going to coordinates X=-13.600, Y=-38.872
09.07 16:09:55 Moving is finished
09.07 16:11:59 Scanning 61 point from 187
09.07 16:11:59 Going to coordinates X=-13.520, Y=-38.872
09.07 16:11:59 Moving is finished
09.07 16:14:03 Scanning 62 point from 187
09.07 16:14:03 Going to coordinates X=-13.440, Y=-38.872
09.07 16:14:04 Moving is finished
09.07 16:16:07 Scanning 63 point from 187
09.07 16:16:07 Going to coordinates X=-13.360, Y=-38.872
09.07 16:16:08 Moving is finished
09.07 16:18:12 Scanning 64 point from 187
09.07 16:18:12 Going to coordinates X=-13.280, Y=-38.872
09.07 16:18:12 Moving is finished
09.07 16:20:16 Scanning 65 point from 187
09.07 16:20:16 Going to coordinates X=-13.200, Y=-38.872
09.07 16:20:16 Moving is finished
09.07 16:22:21 Scanning 66 point from 187
09.07 16:22:21 Going to coordinates X=-14.000, Y=-38.792
09.07 16:22:21 Moving is finished
09.07 16:24:26 Scanning 67 point from 187
09.07 16:24:26 Going to coordinates X=-13.920, Y=-38.792
09.07 16:24:26 Moving is finished
09.07 16:26:30 Scanning 68 point from 187
09.07 16:26:30 Going to coordinates X=-13.840, Y=-38.792
09.07 16:26:30 Moving is finished
09.07 16:28:11 Could not find 'EZRaman Reader  V8.2.0 MV' in 'dict_keys([])'
09.07 16:28:16 Could not find 'EZRaman Reader  V8.2.0 MV' in 'dict_keys([])'
09.07 16:28:16 Scanning 69 point from 187
09.07 16:28:16 Going to coordinates X=-13.760, Y=-38.792
09.07 16:28:17 Moving is finished
09.07 16:28:24 Could not find 'EZRaman Reader  V8.2.0 MV' in 'dict_keys([])'
09.07 16:28:29 Could not find 'EZRaman Reader  V8.2.0 MV' in 'dict_keys([])'
09.07 16:28:29 Scanning 70 point from 187
09.07 16:28:29 Going to coordinates X=-13.680, Y=-38.792
09.07 16:28:29 Moving is finished
09.07 16:28:35 Could not find 'EZRaman Reader  V8.2.0 MV' in 'dict_keys([])'
09.07 16:28:41 Could not find 'EZRaman Reader  V8.2.0 MV' in 'dict_keys([])'
09.07 16:28:41 Scanning 71 point from 187
09.07 16:28:41 Going to coordinates X=-13.600, Y=-38.792
09.07 16:28:41 Moving is finished
09.07 16:28:47 Could not find 'EZRaman Reader  V8.2.0 MV' in 'dict_keys([])'
09.07 16:28:52 Could not find 'EZRaman Reader  V8.2.0 MV' in 'dict_keys([])'
09.07 16:28:52 Scanning 72 point from 187
09.07 16:28:52 Going to coordinates X=-13.520, Y=-38.792
09.07 16:28:52 Moving is finished
09.07 16:28:59 Could not find 'EZRaman Reader  V8.2.0 MV' in 'dict_keys([])'
09.07 16:29:04 Could not find 'EZRaman Reader  V8.2.0 MV' in 'dict_keys([])'
09.07 16:29:04 Scanning 73 point from 187
09.07 16:29:04 Going to coordinates X=-13.440, Y=-38.792
09.07 16:29:04 Moving is finished
09.07 16:29:10 Could not find 'EZRaman Reader  V8.2.0 MV' in 'dict_keys([])'
09.07 16:29:15 Could not find 'EZRaman Reader  V8.2.0 MV' in 'dict_keys([])'
09.07 16:29:15 Scanning 74 point from 187
09.07 16:29:15 Going to coordinates X=-13.360, Y=-38.792
09.07 16:29:16 Moving is finished
09.07 16:29:22 Could not find 'EZRaman Reader  V8.2.0 MV' in 'dict_keys([])'
09.07 16:29:27 Could not find 'EZRaman Reader  V8.2.0 MV' in 'dict_keys([])'
09.07 16:29:27 Scanning 75 point from 187
09.07 16:29:27 Going to coordinates X=-13.280, Y=-38.792
09.07 16:29:27 Moving is finished
09.07 16:29:33 Could not find 'EZRaman Reader  V8.2.0 MV' in 'dict_keys([])'
09.07 16:29:38 Could not find 'EZRaman Reader  V8.2.0 MV' in 'dict_keys([])'
09.07 16:29:38 Scanning 76 point from 187
09.07 16:29:38 Going to coordinates X=-13.200, Y=-38.792
09.07 16:29:39 Moving is finished
09.07 16:29:45 Could not find 'EZRaman Reader  V8.2.0 MV' in 'dict_keys([])'
09.07 16:29:50 Could not find 'EZRaman Reader  V8.2.0 MV' in 'dict_keys([])'
09.07 16:29:50 Scanning 77 point from 187
09.07 16:29:50 Going to coordinates X=-14.000, Y=-38.712
09.07 16:29:51 Moving is finished
09.07 16:29:57 Could not find 'EZRaman Reader  V8.2.0 MV' in 'dict_keys([])'
09.07 16:30:02 Could not find 'EZRaman Reader  V8.2.0 MV' in 'dict_keys([])'
09.07 16:30:02 Scanning 78 point from 187
09.07 16:30:02 Going to coordinates X=-13.920, Y=-38.712
09.07 16:30:02 Moving is finished
09.07 16:30:08 Could not find 'EZRaman Reader  V8.2.0 MV' in 'dict_keys([])'
09.07 16:30:13 Could not find 'EZRaman Reader  V8.2.0 MV' in 'dict_keys([])'
09.07 16:30:13 Scanning 79 point from 187
09.07 16:30:13 Going to coordinates X=-13.840, Y=-38.712
09.07 16:30:14 Moving is finished
09.07 16:32:21 Scanning 80 point from 187
09.07 16:32:21 Going to coordinates X=-13.760, Y=-38.712
09.07 16:32:21 Moving is finished
09.07 16:34:25 Scanning 81 point from 187
09.07 16:34:25 Going to coordinates X=-13.680, Y=-38.712
09.07 16:34:26 Moving is finished
09.07 16:36:30 Scanning 82 point from 187
09.07 16:36:30 Going to coordinates X=-13.600, Y=-38.712
09.07 16:36:30 Moving is finished
09.07 16:37:18 Stopped!
