13.12 09:12:58 Initializing grbl...
13.12 09:12:58 Got the response: b''
13.12 09:15:02 Row 0: 13.12 09:15:02 Map: x1: -14.865, y1: -37.887, x2: -15.981, y2: -36.113, xres: 0.080, yres: 0.100, fname: DVD-Target-4
13.12 09:15:02 Scanning 0 point from 285
13.12 09:15:02 Going to coordinates X=-15.981, Y=-37.887
13.12 09:15:03 Moving is finished
13.12 09:16:48 Scanning 1 point from 285
13.12 09:16:48 Going to coordinates X=-15.901, Y=-37.887
13.12 09:16:48 Moving is finished
13.12 09:18:33 Scanning 2 point from 285
13.12 09:18:33 Going to coordinates X=-15.821, Y=-37.887
13.12 09:18:33 Moving is finished
13.12 09:20:17 Scanning 3 point from 285
13.12 09:20:17 Going to coordinates X=-15.741, Y=-37.887
13.12 09:20:18 Moving is finished
13.12 09:22:02 Scanning 4 point from 285
13.12 09:22:02 Going to coordinates X=-15.661, Y=-37.887
13.12 09:22:03 Moving is finished
13.12 09:23:48 Scanning 5 point from 285
13.12 09:23:48 Going to coordinates X=-15.581, Y=-37.887
13.12 09:23:48 Moving is finished
13.12 09:25:33 Scanning 6 point from 285
13.12 09:25:33 Going to coordinates X=-15.501, Y=-37.887
13.12 09:25:33 Moving is finished
13.12 09:27:18 Scanning 7 point from 285
13.12 09:27:18 Going to coordinates X=-15.421, Y=-37.887
13.12 09:27:18 Moving is finished
13.12 09:29:03 Scanning 8 point from 285
13.12 09:29:03 Going to coordinates X=-15.341, Y=-37.887
13.12 09:29:03 Moving is finished
13.12 09:30:48 Scanning 9 point from 285
13.12 09:30:48 Going to coordinates X=-15.261, Y=-37.887
13.12 09:30:48 Moving is finished
13.12 09:32:33 Scanning 10 point from 285
13.12 09:32:33 Going to coordinates X=-15.181, Y=-37.887
13.12 09:32:33 Moving is finished
13.12 09:34:18 Scanning 11 point from 285
13.12 09:34:18 Going to coordinates X=-15.101, Y=-37.887
13.12 09:34:18 Moving is finished
13.12 09:36:03 Scanning 12 point from 285
13.12 09:36:03 Going to coordinates X=-15.021, Y=-37.887
13.12 09:36:04 Moving is finished
13.12 09:37:48 Scanning 13 point from 285
13.12 09:37:48 Going to coordinates X=-14.941, Y=-37.887
13.12 09:37:48 Moving is finished
13.12 09:39:33 Scanning 14 point from 285
13.12 09:39:33 Going to coordinates X=-14.861, Y=-37.887
13.12 09:39:34 Moving is finished
13.12 09:41:18 Scanning 15 point from 285
13.12 09:41:18 Going to coordinates X=-15.981, Y=-37.787
13.12 09:41:19 Moving is finished
13.12 09:43:05 Scanning 16 point from 285
13.12 09:43:05 Going to coordinates X=-15.901, Y=-37.787
13.12 09:43:05 Moving is finished
13.12 09:44:50 Scanning 17 point from 285
13.12 09:44:50 Going to coordinates X=-15.821, Y=-37.787
13.12 09:44:50 Moving is finished
13.12 09:46:35 Scanning 18 point from 285
13.12 09:46:35 Going to coordinates X=-15.741, Y=-37.787
13.12 09:46:35 Moving is finished
13.12 09:48:20 Scanning 19 point from 285
13.12 09:48:20 Going to coordinates X=-15.661, Y=-37.787
13.12 09:48:20 Moving is finished
13.12 09:50:05 Scanning 20 point from 285
13.12 09:50:05 Going to coordinates X=-15.581, Y=-37.787
13.12 09:50:06 Moving is finished
13.12 09:51:50 Scanning 21 point from 285
13.12 09:51:50 Going to coordinates X=-15.501, Y=-37.787
13.12 09:51:51 Moving is finished
13.12 09:53:35 Scanning 22 point from 285
13.12 09:53:35 Going to coordinates X=-15.421, Y=-37.787
13.12 09:53:35 Moving is finished
13.12 09:55:21 Scanning 23 point from 285
13.12 09:55:21 Going to coordinates X=-15.341, Y=-37.787
13.12 09:55:21 Moving is finished
13.12 09:57:06 Scanning 24 point from 285
13.12 09:57:06 Going to coordinates X=-15.261, Y=-37.787
13.12 09:57:06 Moving is finished
13.12 09:58:51 Scanning 25 point from 285
13.12 09:58:51 Going to coordinates X=-15.181, Y=-37.787
13.12 09:58:51 Moving is finished
13.12 10:00:36 Scanning 26 point from 285
13.12 10:00:36 Going to coordinates X=-15.101, Y=-37.787
13.12 10:00:36 Moving is finished
13.12 10:02:21 Scanning 27 point from 285
13.12 10:02:21 Going to coordinates X=-15.021, Y=-37.787
13.12 10:02:21 Moving is finished
13.12 10:04:06 Scanning 28 point from 285
13.12 10:04:06 Going to coordinates X=-14.941, Y=-37.787
13.12 10:04:06 Moving is finished
13.12 10:05:50 Scanning 29 point from 285
13.12 10:05:50 Going to coordinates X=-14.861, Y=-37.787
13.12 10:05:51 Moving is finished
13.12 10:07:35 Scanning 30 point from 285
13.12 10:07:35 Going to coordinates X=-15.981, Y=-37.687
13.12 10:07:36 Moving is finished
13.12 10:09:21 Scanning 31 point from 285
13.12 10:09:21 Going to coordinates X=-15.901, Y=-37.687
13.12 10:09:21 Moving is finished
13.12 10:11:06 Scanning 32 point from 285
13.12 10:11:06 Going to coordinates X=-15.821, Y=-37.687
13.12 10:11:06 Moving is finished
13.12 10:12:51 Scanning 33 point from 285
13.12 10:12:51 Going to coordinates X=-15.741, Y=-37.687
13.12 10:12:51 Moving is finished
13.12 10:14:36 Scanning 34 point from 285
13.12 10:14:36 Going to coordinates X=-15.661, Y=-37.687
13.12 10:14:36 Moving is finished
13.12 10:16:20 Scanning 35 point from 285
13.12 10:16:20 Going to coordinates X=-15.581, Y=-37.687
13.12 10:16:21 Moving is finished
13.12 10:18:05 Scanning 36 point from 285
13.12 10:18:05 Going to coordinates X=-15.501, Y=-37.687
13.12 10:18:05 Moving is finished
13.12 10:19:50 Scanning 37 point from 285
13.12 10:19:50 Going to coordinates X=-15.421, Y=-37.687
13.12 10:19:51 Moving is finished
13.12 10:21:36 Scanning 38 point from 285
13.12 10:21:36 Going to coordinates X=-15.341, Y=-37.687
13.12 10:21:36 Moving is finished
13.12 10:23:21 Scanning 39 point from 285
13.12 10:23:21 Going to coordinates X=-15.261, Y=-37.687
13.12 10:23:21 Moving is finished
13.12 10:25:06 Scanning 40 point from 285
13.12 10:25:06 Going to coordinates X=-15.181, Y=-37.687
13.12 10:25:06 Moving is finished
13.12 10:26:51 Scanning 41 point from 285
13.12 10:26:51 Going to coordinates X=-15.101, Y=-37.687
13.12 10:26:51 Moving is finished
13.12 10:28:35 Scanning 42 point from 285
13.12 10:28:35 Going to coordinates X=-15.021, Y=-37.687
13.12 10:28:35 Moving is finished
13.12 10:30:20 Scanning 43 point from 285
13.12 10:30:20 Going to coordinates X=-14.941, Y=-37.687
13.12 10:30:20 Moving is finished
13.12 10:32:05 Scanning 44 point from 285
13.12 10:32:05 Going to coordinates X=-14.861, Y=-37.687
13.12 10:32:06 Moving is finished
13.12 10:33:50 Scanning 45 point from 285
13.12 10:33:50 Going to coordinates X=-15.981, Y=-37.587
13.12 10:33:51 Moving is finished
13.12 10:35:36 Scanning 46 point from 285
13.12 10:35:36 Going to coordinates X=-15.901, Y=-37.587
13.12 10:35:36 Moving is finished
13.12 10:37:20 Scanning 47 point from 285
13.12 10:37:20 Going to coordinates X=-15.821, Y=-37.587
13.12 10:37:21 Moving is finished
13.12 10:39:06 Scanning 48 point from 285
13.12 10:39:06 Going to coordinates X=-15.741, Y=-37.587
13.12 10:39:06 Moving is finished
13.12 10:40:51 Scanning 49 point from 285
13.12 10:40:51 Going to coordinates X=-15.661, Y=-37.587
13.12 10:40:51 Moving is finished
13.12 10:42:36 Scanning 50 point from 285
13.12 10:42:36 Going to coordinates X=-15.581, Y=-37.587
13.12 10:42:36 Moving is finished
13.12 10:44:20 Scanning 51 point from 285
13.12 10:44:20 Going to coordinates X=-15.501, Y=-37.587
13.12 10:44:21 Moving is finished
13.12 10:46:05 Scanning 52 point from 285
13.12 10:46:05 Going to coordinates X=-15.421, Y=-37.587
13.12 10:46:05 Moving is finished
13.12 10:47:50 Scanning 53 point from 285
13.12 10:47:50 Going to coordinates X=-15.341, Y=-37.587
13.12 10:47:50 Moving is finished
13.12 10:49:35 Scanning 54 point from 285
13.12 10:49:35 Going to coordinates X=-15.261, Y=-37.587
13.12 10:49:35 Moving is finished
13.12 10:51:20 Scanning 55 point from 285
13.12 10:51:20 Going to coordinates X=-15.181, Y=-37.587
13.12 10:51:20 Moving is finished
13.12 10:53:05 Scanning 56 point from 285
13.12 10:53:05 Going to coordinates X=-15.101, Y=-37.587
13.12 10:53:05 Moving is finished
13.12 10:54:50 Scanning 57 point from 285
13.12 10:54:50 Going to coordinates X=-15.021, Y=-37.587
13.12 10:54:50 Moving is finished
13.12 10:56:35 Scanning 58 point from 285
13.12 10:56:35 Going to coordinates X=-14.941, Y=-37.587
13.12 10:56:35 Moving is finished
13.12 10:58:20 Scanning 59 point from 285
13.12 10:58:20 Going to coordinates X=-14.861, Y=-37.587
13.12 10:58:20 Moving is finished
13.12 11:00:05 Scanning 60 point from 285
13.12 11:00:05 Going to coordinates X=-15.981, Y=-37.487
13.12 11:00:06 Moving is finished
13.12 11:01:50 Scanning 61 point from 285
13.12 11:01:50 Going to coordinates X=-15.901, Y=-37.487
13.12 11:01:50 Moving is finished
13.12 11:03:35 Scanning 62 point from 285
13.12 11:03:35 Going to coordinates X=-15.821, Y=-37.487
13.12 11:03:35 Moving is finished
13.12 11:05:20 Scanning 63 point from 285
13.12 11:05:20 Going to coordinates X=-15.741, Y=-37.487
13.12 11:05:20 Moving is finished
13.12 11:07:05 Scanning 64 point from 285
13.12 11:07:05 Going to coordinates X=-15.661, Y=-37.487
13.12 11:07:05 Moving is finished
13.12 11:08:50 Scanning 65 point from 285
13.12 11:08:50 Going to coordinates X=-15.581, Y=-37.487
13.12 11:08:50 Moving is finished
13.12 11:10:35 Scanning 66 point from 285
13.12 11:10:35 Going to coordinates X=-15.501, Y=-37.487
13.12 11:10:35 Moving is finished
13.12 11:12:20 Scanning 67 point from 285
13.12 11:12:20 Going to coordinates X=-15.421, Y=-37.487
13.12 11:12:20 Moving is finished
13.12 11:14:05 Scanning 68 point from 285
13.12 11:14:05 Going to coordinates X=-15.341, Y=-37.487
13.12 11:14:05 Moving is finished
13.12 11:15:50 Scanning 69 point from 285
13.12 11:15:50 Going to coordinates X=-15.261, Y=-37.487
13.12 11:15:50 Moving is finished
13.12 11:17:34 Scanning 70 point from 285
13.12 11:17:34 Going to coordinates X=-15.181, Y=-37.487
13.12 11:17:35 Moving is finished
13.12 11:19:19 Scanning 71 point from 285
13.12 11:19:19 Going to coordinates X=-15.101, Y=-37.487
13.12 11:19:19 Moving is finished
13.12 11:21:04 Scanning 72 point from 285
13.12 11:21:04 Going to coordinates X=-15.021, Y=-37.487
13.12 11:21:04 Moving is finished
13.12 11:22:49 Scanning 73 point from 285
13.12 11:22:49 Going to coordinates X=-14.941, Y=-37.487
13.12 11:22:49 Moving is finished
13.12 11:24:34 Scanning 74 point from 285
13.12 11:24:34 Going to coordinates X=-14.861, Y=-37.487
13.12 11:24:34 Moving is finished
13.12 11:26:19 Scanning 75 point from 285
13.12 11:26:19 Going to coordinates X=-15.981, Y=-37.387
13.12 11:26:20 Moving is finished
13.12 11:28:05 Scanning 76 point from 285
13.12 11:28:05 Going to coordinates X=-15.901, Y=-37.387
13.12 11:28:05 Moving is finished
13.12 11:29:50 Scanning 77 point from 285
13.12 11:29:50 Going to coordinates X=-15.821, Y=-37.387
13.12 11:29:50 Moving is finished
13.12 11:31:35 Scanning 78 point from 285
13.12 11:31:35 Going to coordinates X=-15.741, Y=-37.387
13.12 11:31:35 Moving is finished
13.12 11:33:19 Scanning 79 point from 285
13.12 11:33:19 Going to coordinates X=-15.661, Y=-37.387
13.12 11:33:20 Moving is finished
13.12 11:35:04 Scanning 80 point from 285
13.12 11:35:04 Going to coordinates X=-15.581, Y=-37.387
13.12 11:35:05 Moving is finished
13.12 11:36:49 Scanning 81 point from 285
13.12 11:36:49 Going to coordinates X=-15.501, Y=-37.387
13.12 11:36:50 Moving is finished
13.12 11:38:35 Scanning 82 point from 285
13.12 11:38:35 Going to coordinates X=-15.421, Y=-37.387
13.12 11:38:35 Moving is finished
13.12 11:40:20 Scanning 83 point from 285
13.12 11:40:20 Going to coordinates X=-15.341, Y=-37.387
13.12 11:40:20 Moving is finished
13.12 11:42:05 Scanning 84 point from 285
13.12 11:42:05 Going to coordinates X=-15.261, Y=-37.387
13.12 11:42:05 Moving is finished
13.12 11:43:50 Scanning 85 point from 285
13.12 11:43:50 Going to coordinates X=-15.181, Y=-37.387
13.12 11:43:50 Moving is finished
13.12 11:45:35 Scanning 86 point from 285
13.12 11:45:35 Going to coordinates X=-15.101, Y=-37.387
13.12 11:45:35 Moving is finished
13.12 11:47:20 Scanning 87 point from 285
13.12 11:47:20 Going to coordinates X=-15.021, Y=-37.387
13.12 11:47:21 Moving is finished
13.12 11:49:05 Scanning 88 point from 285
13.12 11:49:05 Going to coordinates X=-14.941, Y=-37.387
13.12 11:49:05 Moving is finished
13.12 11:50:51 Scanning 89 point from 285
13.12 11:50:51 Going to coordinates X=-14.861, Y=-37.387
13.12 11:50:51 Moving is finished
13.12 11:52:35 Scanning 90 point from 285
13.12 11:52:35 Going to coordinates X=-15.981, Y=-37.287
13.12 11:52:36 Moving is finished
13.12 11:54:20 Scanning 91 point from 285
13.12 11:54:20 Going to coordinates X=-15.901, Y=-37.287
13.12 11:54:21 Moving is finished
13.12 11:56:05 Scanning 92 point from 285
13.12 11:56:05 Going to coordinates X=-15.821, Y=-37.287
13.12 11:56:06 Moving is finished
13.12 11:57:50 Scanning 93 point from 285
13.12 11:57:50 Going to coordinates X=-15.741, Y=-37.287
13.12 11:57:51 Moving is finished
13.12 11:59:35 Scanning 94 point from 285
13.12 11:59:35 Going to coordinates X=-15.661, Y=-37.287
13.12 11:59:36 Moving is finished
13.12 12:01:20 Scanning 95 point from 285
13.12 12:01:20 Going to coordinates X=-15.581, Y=-37.287
13.12 12:01:20 Moving is finished
13.12 12:03:05 Scanning 96 point from 285
13.12 12:03:05 Going to coordinates X=-15.501, Y=-37.287
13.12 12:03:05 Moving is finished
13.12 12:04:50 Scanning 97 point from 285
13.12 12:04:50 Going to coordinates X=-15.421, Y=-37.287
13.12 12:04:50 Moving is finished
13.12 12:06:35 Scanning 98 point from 285
13.12 12:06:35 Going to coordinates X=-15.341, Y=-37.287
13.12 12:06:35 Moving is finished
13.12 12:08:20 Scanning 99 point from 285
13.12 12:08:20 Going to coordinates X=-15.261, Y=-37.287
13.12 12:08:20 Moving is finished
13.12 12:10:05 Scanning 100 point from 285
13.12 12:10:05 Going to coordinates X=-15.181, Y=-37.287
13.12 12:10:05 Moving is finished
13.12 12:11:50 Scanning 101 point from 285
13.12 12:11:50 Going to coordinates X=-15.101, Y=-37.287
13.12 12:11:50 Moving is finished
13.12 12:13:35 Scanning 102 point from 285
13.12 12:13:35 Going to coordinates X=-15.021, Y=-37.287
13.12 12:13:35 Moving is finished
13.12 12:15:20 Scanning 103 point from 285
13.12 12:15:20 Going to coordinates X=-14.941, Y=-37.287
13.12 12:15:20 Moving is finished
13.12 12:17:04 Scanning 104 point from 285
13.12 12:17:04 Going to coordinates X=-14.861, Y=-37.287
13.12 12:17:05 Moving is finished
13.12 12:18:49 Scanning 105 point from 285
13.12 12:18:49 Going to coordinates X=-15.981, Y=-37.187
13.12 12:18:50 Moving is finished
13.12 12:20:35 Scanning 106 point from 285
13.12 12:20:35 Going to coordinates X=-15.901, Y=-37.187
13.12 12:20:35 Moving is finished
13.12 12:22:20 Scanning 107 point from 285
13.12 12:22:20 Going to coordinates X=-15.821, Y=-37.187
13.12 12:22:20 Moving is finished
13.12 12:24:06 Scanning 108 point from 285
13.12 12:24:06 Going to coordinates X=-15.741, Y=-37.187
13.12 12:24:06 Moving is finished
13.12 12:25:50 Scanning 109 point from 285
13.12 12:25:50 Going to coordinates X=-15.661, Y=-37.187
13.12 12:25:50 Moving is finished
13.12 12:27:35 Scanning 110 point from 285
13.12 12:27:35 Going to coordinates X=-15.581, Y=-37.187
13.12 12:27:35 Moving is finished
13.12 12:29:20 Scanning 111 point from 285
13.12 12:29:20 Going to coordinates X=-15.501, Y=-37.187
13.12 12:29:20 Moving is finished
13.12 12:31:05 Scanning 112 point from 285
13.12 12:31:05 Going to coordinates X=-15.421, Y=-37.187
13.12 12:31:06 Moving is finished
13.12 12:32:50 Scanning 113 point from 285
13.12 12:32:50 Going to coordinates X=-15.341, Y=-37.187
13.12 12:32:50 Moving is finished
13.12 12:34:35 Scanning 114 point from 285
13.12 12:34:35 Going to coordinates X=-15.261, Y=-37.187
13.12 12:34:36 Moving is finished
13.12 12:36:20 Scanning 115 point from 285
13.12 12:36:20 Going to coordinates X=-15.181, Y=-37.187
13.12 12:36:20 Moving is finished
13.12 12:38:05 Scanning 116 point from 285
13.12 12:38:05 Going to coordinates X=-15.101, Y=-37.187
13.12 12:38:05 Moving is finished
13.12 12:39:50 Scanning 117 point from 285
13.12 12:39:50 Going to coordinates X=-15.021, Y=-37.187
13.12 12:39:50 Moving is finished
13.12 12:41:35 Scanning 118 point from 285
13.12 12:41:35 Going to coordinates X=-14.941, Y=-37.187
13.12 12:41:35 Moving is finished
13.12 12:43:20 Scanning 119 point from 285
13.12 12:43:20 Going to coordinates X=-14.861, Y=-37.187
13.12 12:43:20 Moving is finished
13.12 12:45:05 Scanning 120 point from 285
13.12 12:45:05 Going to coordinates X=-15.981, Y=-37.087
13.12 12:45:06 Moving is finished
13.12 12:46:51 Scanning 121 point from 285
13.12 12:46:51 Going to coordinates X=-15.901, Y=-37.087
13.12 12:46:51 Moving is finished
13.12 12:48:35 Scanning 122 point from 285
13.12 12:48:35 Going to coordinates X=-15.821, Y=-37.087
13.12 12:48:35 Moving is finished
13.12 12:50:20 Scanning 123 point from 285
13.12 12:50:20 Going to coordinates X=-15.741, Y=-37.087
13.12 12:50:20 Moving is finished
13.12 12:52:04 Scanning 124 point from 285
13.12 12:52:04 Going to coordinates X=-15.661, Y=-37.087
13.12 12:52:05 Moving is finished
13.12 12:53:49 Scanning 125 point from 285
13.12 12:53:49 Going to coordinates X=-15.581, Y=-37.087
13.12 12:53:50 Moving is finished
13.12 12:55:35 Scanning 126 point from 285
13.12 12:55:35 Going to coordinates X=-15.501, Y=-37.087
13.12 12:55:35 Moving is finished
13.12 12:57:20 Scanning 127 point from 285
13.12 12:57:20 Going to coordinates X=-15.421, Y=-37.087
13.12 12:57:20 Moving is finished
13.12 12:59:05 Scanning 128 point from 285
13.12 12:59:05 Going to coordinates X=-15.341, Y=-37.087
13.12 12:59:05 Moving is finished
13.12 13:00:50 Scanning 129 point from 285
13.12 13:00:50 Going to coordinates X=-15.261, Y=-37.087
13.12 13:00:50 Moving is finished
13.12 13:02:35 Scanning 130 point from 285
13.12 13:02:35 Going to coordinates X=-15.181, Y=-37.087
13.12 13:02:35 Moving is finished
13.12 13:04:20 Scanning 131 point from 285
13.12 13:04:20 Going to coordinates X=-15.101, Y=-37.087
13.12 13:04:20 Moving is finished
13.12 13:06:05 Scanning 132 point from 285
13.12 13:06:05 Going to coordinates X=-15.021, Y=-37.087
13.12 13:06:06 Moving is finished
13.12 13:07:50 Scanning 133 point from 285
13.12 13:07:50 Going to coordinates X=-14.941, Y=-37.087
13.12 13:07:50 Moving is finished
13.12 13:09:36 Scanning 134 point from 285
13.12 13:09:36 Going to coordinates X=-14.861, Y=-37.087
13.12 13:09:36 Moving is finished
13.12 13:11:20 Scanning 135 point from 285
13.12 13:11:20 Going to coordinates X=-15.981, Y=-36.987
13.12 13:11:21 Moving is finished
13.12 13:13:06 Scanning 136 point from 285
13.12 13:13:06 Going to coordinates X=-15.901, Y=-36.987
13.12 13:13:06 Moving is finished
13.12 13:14:51 Scanning 137 point from 285
13.12 13:14:51 Going to coordinates X=-15.821, Y=-36.987
13.12 13:14:52 Moving is finished
13.12 13:16:37 Scanning 138 point from 285
13.12 13:16:37 Going to coordinates X=-15.741, Y=-36.987
13.12 13:16:37 Moving is finished
13.12 13:18:22 Scanning 139 point from 285
13.12 13:18:22 Going to coordinates X=-15.661, Y=-36.987
13.12 13:18:22 Moving is finished
13.12 13:20:07 Scanning 140 point from 285
13.12 13:20:07 Going to coordinates X=-15.581, Y=-36.987
13.12 13:20:08 Moving is finished
13.12 13:21:52 Scanning 141 point from 285
13.12 13:21:52 Going to coordinates X=-15.501, Y=-36.987
13.12 13:21:52 Moving is finished
13.12 13:23:37 Scanning 142 point from 285
13.12 13:23:37 Going to coordinates X=-15.421, Y=-36.987
13.12 13:23:37 Moving is finished
13.12 13:25:22 Scanning 143 point from 285
13.12 13:25:22 Going to coordinates X=-15.341, Y=-36.987
13.12 13:25:22 Moving is finished
13.12 13:27:07 Scanning 144 point from 285
13.12 13:27:07 Going to coordinates X=-15.261, Y=-36.987
13.12 13:27:08 Moving is finished
13.12 13:28:53 Scanning 145 point from 285
13.12 13:28:53 Going to coordinates X=-15.181, Y=-36.987
13.12 13:28:53 Moving is finished
13.12 13:30:39 Scanning 146 point from 285
13.12 13:30:39 Going to coordinates X=-15.101, Y=-36.987
13.12 13:30:39 Moving is finished
13.12 13:32:24 Scanning 147 point from 285
13.12 13:32:24 Going to coordinates X=-15.021, Y=-36.987
13.12 13:32:24 Moving is finished
13.12 13:34:09 Scanning 148 point from 285
13.12 13:34:09 Going to coordinates X=-14.941, Y=-36.987
13.12 13:34:09 Moving is finished
13.12 13:35:54 Scanning 149 point from 285
13.12 13:35:54 Going to coordinates X=-14.861, Y=-36.987
13.12 13:35:54 Moving is finished
13.12 13:37:39 Scanning 150 point from 285
13.12 13:37:39 Going to coordinates X=-15.981, Y=-36.887
13.12 13:37:40 Moving is finished
13.12 13:39:26 Scanning 151 point from 285
13.12 13:39:26 Going to coordinates X=-15.901, Y=-36.887
13.12 13:39:26 Moving is finished
13.12 13:41:10 Scanning 152 point from 285
13.12 13:41:10 Going to coordinates X=-15.821, Y=-36.887
13.12 13:41:11 Moving is finished
13.12 13:42:55 Scanning 153 point from 285
13.12 13:42:55 Going to coordinates X=-15.741, Y=-36.887
13.12 13:42:55 Moving is finished
13.12 13:44:40 Scanning 154 point from 285
13.12 13:44:40 Going to coordinates X=-15.661, Y=-36.887
13.12 13:44:40 Moving is finished
13.12 13:46:25 Scanning 155 point from 285
13.12 13:46:25 Going to coordinates X=-15.581, Y=-36.887
13.12 13:46:25 Moving is finished
13.12 13:48:11 Scanning 156 point from 285
13.12 13:48:11 Going to coordinates X=-15.501, Y=-36.887
13.12 13:48:11 Moving is finished
13.12 13:49:55 Scanning 157 point from 285
13.12 13:49:55 Going to coordinates X=-15.421, Y=-36.887
13.12 13:49:56 Moving is finished
13.12 13:51:41 Scanning 158 point from 285
13.12 13:51:41 Going to coordinates X=-15.341, Y=-36.887
13.12 13:51:41 Moving is finished
13.12 13:53:26 Scanning 159 point from 285
13.12 13:53:26 Going to coordinates X=-15.261, Y=-36.887
13.12 13:53:26 Moving is finished
13.12 13:55:11 Scanning 160 point from 285
13.12 13:55:11 Going to coordinates X=-15.181, Y=-36.887
13.12 13:55:11 Moving is finished
13.12 13:56:56 Scanning 161 point from 285
13.12 13:56:56 Going to coordinates X=-15.101, Y=-36.887
13.12 13:56:56 Moving is finished
13.12 13:58:40 Scanning 162 point from 285
13.12 13:58:40 Going to coordinates X=-15.021, Y=-36.887
13.12 13:58:40 Moving is finished
13.12 14:00:25 Scanning 163 point from 285
13.12 14:00:25 Going to coordinates X=-14.941, Y=-36.887
13.12 14:00:25 Moving is finished
13.12 14:02:10 Scanning 164 point from 285
13.12 14:02:10 Going to coordinates X=-14.861, Y=-36.887
13.12 14:02:10 Moving is finished
13.12 14:03:55 Scanning 165 point from 285
13.12 14:03:55 Going to coordinates X=-15.981, Y=-36.787
13.12 14:03:56 Moving is finished
13.12 14:05:40 Scanning 166 point from 285
13.12 14:05:40 Going to coordinates X=-15.901, Y=-36.787
13.12 14:05:40 Moving is finished
13.12 14:07:25 Scanning 167 point from 285
13.12 14:07:25 Going to coordinates X=-15.821, Y=-36.787
13.12 14:07:25 Moving is finished
13.12 14:09:10 Scanning 168 point from 285
13.12 14:09:10 Going to coordinates X=-15.741, Y=-36.787
13.12 14:09:11 Moving is finished
13.12 14:10:55 Scanning 169 point from 285
13.12 14:10:55 Going to coordinates X=-15.661, Y=-36.787
13.12 14:10:56 Moving is finished
13.12 14:12:40 Scanning 170 point from 285
13.12 14:12:40 Going to coordinates X=-15.581, Y=-36.787
13.12 14:12:40 Moving is finished
13.12 14:14:26 Scanning 171 point from 285
13.12 14:14:26 Going to coordinates X=-15.501, Y=-36.787
13.12 14:14:26 Moving is finished
13.12 14:16:10 Scanning 172 point from 285
13.12 14:16:10 Going to coordinates X=-15.421, Y=-36.787
13.12 14:16:11 Moving is finished
13.12 14:17:55 Scanning 173 point from 285
13.12 14:17:55 Going to coordinates X=-15.341, Y=-36.787
13.12 14:17:55 Moving is finished
13.12 14:19:40 Scanning 174 point from 285
13.12 14:19:40 Going to coordinates X=-15.261, Y=-36.787
13.12 14:19:40 Moving is finished
13.12 14:21:25 Scanning 175 point from 285
13.12 14:21:25 Going to coordinates X=-15.181, Y=-36.787
13.12 14:21:25 Moving is finished
13.12 14:23:10 Scanning 176 point from 285
13.12 14:23:10 Going to coordinates X=-15.101, Y=-36.787
13.12 14:23:10 Moving is finished
13.12 14:24:55 Scanning 177 point from 285
13.12 14:24:55 Going to coordinates X=-15.021, Y=-36.787
13.12 14:24:55 Moving is finished
13.12 14:26:40 Scanning 178 point from 285
13.12 14:26:40 Going to coordinates X=-14.941, Y=-36.787
13.12 14:26:40 Moving is finished
13.12 14:28:25 Scanning 179 point from 285
13.12 14:28:25 Going to coordinates X=-14.861, Y=-36.787
13.12 14:28:25 Moving is finished
13.12 14:30:10 Scanning 180 point from 285
13.12 14:30:10 Going to coordinates X=-15.981, Y=-36.687
13.12 14:30:11 Moving is finished
13.12 14:31:56 Scanning 181 point from 285
13.12 14:31:56 Going to coordinates X=-15.901, Y=-36.687
13.12 14:31:56 Moving is finished
13.12 14:33:41 Scanning 182 point from 285
13.12 14:33:41 Going to coordinates X=-15.821, Y=-36.687
13.12 14:33:42 Moving is finished
13.12 14:35:27 Scanning 183 point from 285
13.12 14:35:27 Going to coordinates X=-15.741, Y=-36.687
13.12 14:35:27 Moving is finished
13.12 14:37:12 Scanning 184 point from 285
13.12 14:37:12 Going to coordinates X=-15.661, Y=-36.687
13.12 14:37:12 Moving is finished
13.12 14:38:57 Scanning 185 point from 285
13.12 14:38:57 Going to coordinates X=-15.581, Y=-36.687
13.12 14:38:57 Moving is finished
13.12 14:40:42 Scanning 186 point from 285
13.12 14:40:42 Going to coordinates X=-15.501, Y=-36.687
13.12 14:40:42 Moving is finished
13.12 14:42:27 Scanning 187 point from 285
13.12 14:42:27 Going to coordinates X=-15.421, Y=-36.687
13.12 14:42:27 Moving is finished
13.12 14:44:12 Scanning 188 point from 285
13.12 14:44:12 Going to coordinates X=-15.341, Y=-36.687
13.12 14:44:13 Moving is finished
13.12 14:45:57 Scanning 189 point from 285
13.12 14:45:57 Going to coordinates X=-15.261, Y=-36.687
13.12 14:45:57 Moving is finished
13.12 14:47:42 Scanning 190 point from 285
13.12 14:47:42 Going to coordinates X=-15.181, Y=-36.687
13.12 14:47:42 Moving is finished
13.12 14:49:27 Scanning 191 point from 285
13.12 14:49:27 Going to coordinates X=-15.101, Y=-36.687
13.12 14:49:27 Moving is finished
13.12 14:51:12 Scanning 192 point from 285
13.12 14:51:12 Going to coordinates X=-15.021, Y=-36.687
13.12 14:51:13 Moving is finished
13.12 14:52:57 Scanning 193 point from 285
13.12 14:52:57 Going to coordinates X=-14.941, Y=-36.687
13.12 14:52:58 Moving is finished
13.12 14:54:42 Scanning 194 point from 285
13.12 14:54:42 Going to coordinates X=-14.861, Y=-36.687
13.12 14:54:43 Moving is finished
13.12 14:56:27 Scanning 195 point from 285
13.12 14:56:27 Going to coordinates X=-15.981, Y=-36.587
13.12 14:56:28 Moving is finished
13.12 14:58:13 Scanning 196 point from 285
13.12 14:58:13 Going to coordinates X=-15.901, Y=-36.587
13.12 14:58:14 Moving is finished
13.12 14:59:58 Scanning 197 point from 285
13.12 14:59:58 Going to coordinates X=-15.821, Y=-36.587
13.12 14:59:59 Moving is finished
13.12 15:01:43 Scanning 198 point from 285
13.12 15:01:43 Going to coordinates X=-15.741, Y=-36.587
13.12 15:01:43 Moving is finished
13.12 15:03:28 Scanning 199 point from 285
13.12 15:03:28 Going to coordinates X=-15.661, Y=-36.587
13.12 15:03:29 Moving is finished
13.12 15:05:13 Scanning 200 point from 285
13.12 15:05:13 Going to coordinates X=-15.581, Y=-36.587
13.12 15:05:13 Moving is finished
13.12 15:06:58 Scanning 201 point from 285
13.12 15:06:58 Going to coordinates X=-15.501, Y=-36.587
13.12 15:06:58 Moving is finished
13.12 15:08:43 Scanning 202 point from 285
13.12 15:08:43 Going to coordinates X=-15.421, Y=-36.587
13.12 15:08:43 Moving is finished
13.12 15:10:28 Scanning 203 point from 285
13.12 15:10:28 Going to coordinates X=-15.341, Y=-36.587
13.12 15:10:28 Moving is finished
13.12 15:11:24 Stopped!
13.12 15:12:12 (-2147467259, 'Nespecifikovaná chyba', (None, None, None, 0, None))
