13.12 18:46:52 Initializing grbl...
13.12 18:46:52 Got the response: b''
13.12 18:49:52 Row 0: 13.12 18:49:52 Map: x1: -16.409, y1: -39.036, x2: -18.216, y2: -36.933, xres: 0.100, yres: 0.100, fname: Mart Gluc Sol1-D
13.12 18:49:52 Scanning 0 point from 460
13.12 18:49:52 Going to coordinates X=-18.216, Y=-39.036
13.12 18:49:53 Moving is finished
13.12 18:52:01 Scanning 1 point from 460
13.12 18:52:01 Going to coordinates X=-18.116, Y=-39.036
13.12 18:52:02 Moving is finished
13.12 18:54:10 Scanning 2 point from 460
13.12 18:54:10 Going to coordinates X=-18.016, Y=-39.036
13.12 18:54:10 Moving is finished
13.12 18:56:19 Scanning 3 point from 460
13.12 18:56:19 Going to coordinates X=-17.916, Y=-39.036
13.12 18:56:19 Moving is finished
13.12 18:58:28 Scanning 4 point from 460
13.12 18:59:18 Going to coordinates X=-17.816, Y=-39.036
13.12 19:00:18 Moving is finished
13.12 19:02:26 Scanning 5 point from 460
13.12 19:03:16 Going to coordinates X=-17.716, Y=-39.036
13.12 19:04:16 Moving is finished
13.12 19:06:25 Scanning 6 point from 460
13.12 19:07:15 Going to coordinates X=-17.616, Y=-39.036
13.12 19:08:15 Moving is finished
13.12 19:10:23 Scanning 7 point from 460
13.12 19:11:13 Going to coordinates X=-17.516, Y=-39.036
13.12 19:12:13 Moving is finished
13.12 19:14:21 Scanning 8 point from 460
13.12 19:15:11 Going to coordinates X=-17.416, Y=-39.036
13.12 19:16:12 Moving is finished
13.12 19:18:19 Scanning 9 point from 460
13.12 19:19:09 Going to coordinates X=-17.316, Y=-39.036
13.12 19:20:09 Moving is finished
13.12 19:22:17 Scanning 10 point from 460
13.12 19:23:07 Going to coordinates X=-17.216, Y=-39.036
13.12 19:24:07 Moving is finished
13.12 19:26:15 Scanning 11 point from 460
13.12 19:27:05 Going to coordinates X=-17.116, Y=-39.036
13.12 19:28:05 Moving is finished
13.12 19:30:13 Scanning 12 point from 460
13.12 19:31:03 Going to coordinates X=-17.016, Y=-39.036
13.12 19:32:03 Moving is finished
13.12 19:34:12 Scanning 13 point from 460
13.12 19:35:02 Going to coordinates X=-16.916, Y=-39.036
13.12 19:36:02 Moving is finished
13.12 19:38:09 Scanning 14 point from 460
13.12 19:39:00 Going to coordinates X=-16.816, Y=-39.036
13.12 19:40:00 Moving is finished
13.12 19:42:07 Scanning 15 point from 460
13.12 19:42:57 Going to coordinates X=-16.716, Y=-39.036
13.12 19:43:58 Moving is finished
13.12 19:46:06 Scanning 16 point from 460
13.12 19:46:56 Going to coordinates X=-16.616, Y=-39.036
13.12 19:47:56 Moving is finished
13.12 19:50:04 Scanning 17 point from 460
13.12 19:50:54 Going to coordinates X=-16.516, Y=-39.036
13.12 19:51:54 Moving is finished
13.12 19:54:02 Scanning 18 point from 460
13.12 19:54:52 Going to coordinates X=-16.416, Y=-39.036
13.12 19:55:52 Moving is finished
13.12 19:58:00 Scanning 19 point from 460
13.12 19:58:50 Going to coordinates X=-16.316, Y=-39.036
13.12 19:59:50 Moving is finished
13.12 20:01:58 Scanning 20 point from 460
13.12 20:02:48 Going to coordinates X=-18.216, Y=-38.936
13.12 20:03:48 Moving is finished
13.12 20:05:56 Scanning 21 point from 460
13.12 20:06:46 Going to coordinates X=-18.116, Y=-38.936
13.12 20:07:46 Moving is finished
13.12 20:09:54 Scanning 22 point from 460
13.12 20:10:44 Going to coordinates X=-18.016, Y=-38.936
13.12 20:11:44 Moving is finished
13.12 20:13:52 Scanning 23 point from 460
13.12 20:14:42 Going to coordinates X=-17.916, Y=-38.936
13.12 20:15:43 Moving is finished
13.12 20:17:50 Scanning 24 point from 460
13.12 20:18:40 Going to coordinates X=-17.816, Y=-38.936
13.12 20:19:41 Moving is finished
13.12 20:21:49 Scanning 25 point from 460
13.12 20:22:39 Going to coordinates X=-17.716, Y=-38.936
13.12 20:23:39 Moving is finished
13.12 20:25:47 Scanning 26 point from 460
13.12 20:26:37 Going to coordinates X=-17.616, Y=-38.936
13.12 20:27:37 Moving is finished
13.12 20:29:46 Scanning 27 point from 460
13.12 20:30:36 Going to coordinates X=-17.516, Y=-38.936
13.12 20:31:36 Moving is finished
13.12 20:33:44 Scanning 28 point from 460
13.12 20:34:34 Going to coordinates X=-17.416, Y=-38.936
13.12 20:35:34 Moving is finished
13.12 20:37:42 Scanning 29 point from 460
13.12 20:38:32 Going to coordinates X=-17.316, Y=-38.936
13.12 20:39:32 Moving is finished
13.12 20:41:41 Scanning 30 point from 460
13.12 20:42:31 Going to coordinates X=-17.216, Y=-38.936
13.12 20:43:31 Moving is finished
13.12 20:45:39 Scanning 31 point from 460
13.12 20:46:29 Going to coordinates X=-17.116, Y=-38.936
13.12 20:47:29 Moving is finished
13.12 20:49:37 Scanning 32 point from 460
13.12 20:50:27 Going to coordinates X=-17.016, Y=-38.936
13.12 20:51:27 Moving is finished
13.12 20:53:35 Scanning 33 point from 460
13.12 20:54:25 Going to coordinates X=-16.916, Y=-38.936
13.12 20:55:25 Moving is finished
13.12 20:57:33 Scanning 34 point from 460
13.12 20:58:23 Going to coordinates X=-16.816, Y=-38.936
13.12 20:59:23 Moving is finished
13.12 21:01:32 Scanning 35 point from 460
13.12 21:02:22 Going to coordinates X=-16.716, Y=-38.936
13.12 21:03:22 Moving is finished
13.12 21:05:30 Scanning 36 point from 460
13.12 21:06:20 Going to coordinates X=-16.616, Y=-38.936
13.12 21:07:20 Moving is finished
13.12 21:09:28 Scanning 37 point from 460
13.12 21:10:18 Going to coordinates X=-16.516, Y=-38.936
13.12 21:11:18 Moving is finished
13.12 21:13:26 Scanning 38 point from 460
13.12 21:14:16 Going to coordinates X=-16.416, Y=-38.936
13.12 21:15:16 Moving is finished
13.12 21:17:25 Scanning 39 point from 460
13.12 21:18:15 Going to coordinates X=-16.316, Y=-38.936
13.12 21:19:15 Moving is finished
13.12 21:21:23 Scanning 40 point from 460
13.12 21:22:13 Going to coordinates X=-18.216, Y=-38.836
13.12 21:23:13 Moving is finished
13.12 21:25:21 Scanning 41 point from 460
13.12 21:26:11 Going to coordinates X=-18.116, Y=-38.836
13.12 21:27:12 Moving is finished
13.12 21:29:19 Scanning 42 point from 460
13.12 21:30:09 Going to coordinates X=-18.016, Y=-38.836
13.12 21:31:09 Moving is finished
13.12 21:33:17 Scanning 43 point from 460
13.12 21:34:08 Going to coordinates X=-17.916, Y=-38.836
13.12 21:35:08 Moving is finished
13.12 21:37:16 Scanning 44 point from 460
13.12 21:38:06 Going to coordinates X=-17.816, Y=-38.836
13.12 21:39:06 Moving is finished
13.12 21:41:15 Scanning 45 point from 460
13.12 21:42:05 Going to coordinates X=-17.716, Y=-38.836
13.12 21:43:05 Moving is finished
13.12 21:45:13 Scanning 46 point from 460
13.12 21:46:03 Going to coordinates X=-17.616, Y=-38.836
13.12 21:47:03 Moving is finished
13.12 21:49:12 Scanning 47 point from 460
13.12 21:50:02 Going to coordinates X=-17.516, Y=-38.836
13.12 21:51:02 Moving is finished
13.12 21:53:10 Scanning 48 point from 460
13.12 21:54:00 Going to coordinates X=-17.416, Y=-38.836
13.12 21:55:00 Moving is finished
13.12 21:57:08 Scanning 49 point from 460
13.12 21:57:58 Going to coordinates X=-17.316, Y=-38.836
13.12 21:58:58 Moving is finished
13.12 22:01:06 Scanning 50 point from 460
13.12 22:01:56 Going to coordinates X=-17.216, Y=-38.836
13.12 22:02:56 Moving is finished
13.12 22:05:04 Scanning 51 point from 460
13.12 22:05:54 Going to coordinates X=-17.116, Y=-38.836
13.12 22:06:54 Moving is finished
13.12 22:09:02 Scanning 52 point from 460
13.12 22:09:52 Going to coordinates X=-17.016, Y=-38.836
13.12 22:10:52 Moving is finished
13.12 22:13:00 Scanning 53 point from 460
13.12 22:13:50 Going to coordinates X=-16.916, Y=-38.836
13.12 22:14:50 Moving is finished
13.12 22:16:59 Scanning 54 point from 460
13.12 22:17:49 Going to coordinates X=-16.816, Y=-38.836
13.12 22:18:49 Moving is finished
13.12 22:20:57 Scanning 55 point from 460
13.12 22:21:47 Going to coordinates X=-16.716, Y=-38.836
13.12 22:22:47 Moving is finished
13.12 22:24:56 Scanning 56 point from 460
13.12 22:25:46 Going to coordinates X=-16.616, Y=-38.836
13.12 22:26:46 Moving is finished
13.12 22:28:54 Scanning 57 point from 460
13.12 22:29:44 Going to coordinates X=-16.516, Y=-38.836
13.12 22:30:44 Moving is finished
13.12 22:32:53 Scanning 58 point from 460
13.12 22:33:43 Going to coordinates X=-16.416, Y=-38.836
13.12 22:34:43 Moving is finished
13.12 22:36:51 Scanning 59 point from 460
13.12 22:37:41 Going to coordinates X=-16.316, Y=-38.836
13.12 22:38:41 Moving is finished
13.12 22:40:49 Scanning 60 point from 460
13.12 22:41:39 Going to coordinates X=-18.216, Y=-38.736
13.12 22:42:40 Moving is finished
13.12 22:44:47 Scanning 61 point from 460
13.12 22:45:37 Going to coordinates X=-18.116, Y=-38.736
13.12 22:46:38 Moving is finished
13.12 22:48:46 Scanning 62 point from 460
13.12 22:49:36 Going to coordinates X=-18.016, Y=-38.736
13.12 22:50:36 Moving is finished
13.12 22:52:44 Scanning 63 point from 460
13.12 22:53:34 Going to coordinates X=-17.916, Y=-38.736
13.12 22:54:35 Moving is finished
13.12 22:56:42 Scanning 64 point from 460
13.12 22:57:32 Going to coordinates X=-17.816, Y=-38.736
13.12 22:58:33 Moving is finished
13.12 23:00:41 Scanning 65 point from 460
13.12 23:01:31 Going to coordinates X=-17.716, Y=-38.736
13.12 23:02:32 Moving is finished
13.12 23:04:40 Scanning 66 point from 460
13.12 23:05:30 Going to coordinates X=-17.616, Y=-38.736
13.12 23:06:30 Moving is finished
13.12 23:08:38 Scanning 67 point from 460
13.12 23:09:28 Going to coordinates X=-17.516, Y=-38.736
13.12 23:10:28 Moving is finished
13.12 23:12:36 Scanning 68 point from 460
13.12 23:13:26 Going to coordinates X=-17.416, Y=-38.736
13.12 23:14:26 Moving is finished
13.12 23:16:34 Scanning 69 point from 460
13.12 23:17:24 Going to coordinates X=-17.316, Y=-38.736
13.12 23:18:25 Moving is finished
13.12 23:20:32 Scanning 70 point from 460
13.12 23:21:22 Going to coordinates X=-17.216, Y=-38.736
13.12 23:22:22 Moving is finished
13.12 23:24:32 Scanning 71 point from 460
13.12 23:25:22 Going to coordinates X=-17.116, Y=-38.736
13.12 23:26:22 Moving is finished
13.12 23:28:30 Scanning 72 point from 460
13.12 23:29:20 Going to coordinates X=-17.016, Y=-38.736
13.12 23:30:20 Moving is finished
13.12 23:32:29 Scanning 73 point from 460
13.12 23:33:19 Going to coordinates X=-16.916, Y=-38.736
13.12 23:34:19 Moving is finished
13.12 23:36:27 Scanning 74 point from 460
13.12 23:37:17 Going to coordinates X=-16.816, Y=-38.736
13.12 23:38:17 Moving is finished
13.12 23:40:25 Scanning 75 point from 460
13.12 23:41:15 Going to coordinates X=-16.716, Y=-38.736
13.12 23:42:15 Moving is finished
13.12 23:44:23 Scanning 76 point from 460
13.12 23:45:13 Going to coordinates X=-16.616, Y=-38.736
13.12 23:46:13 Moving is finished
13.12 23:48:21 Scanning 77 point from 460
13.12 23:49:11 Going to coordinates X=-16.516, Y=-38.736
13.12 23:50:11 Moving is finished
13.12 23:52:20 Scanning 78 point from 460
13.12 23:53:10 Going to coordinates X=-16.416, Y=-38.736
13.12 23:54:10 Moving is finished
13.12 23:56:17 Scanning 79 point from 460
13.12 23:57:07 Going to coordinates X=-16.316, Y=-38.736
13.12 23:58:08 Moving is finished
14.12 00:00:16 Scanning 80 point from 460
14.12 00:01:06 Going to coordinates X=-18.216, Y=-38.636
14.12 00:02:06 Moving is finished
14.12 00:04:14 Scanning 81 point from 460
14.12 00:05:04 Going to coordinates X=-18.116, Y=-38.636
14.12 00:06:04 Moving is finished
14.12 00:08:12 Scanning 82 point from 460
14.12 00:09:02 Going to coordinates X=-18.016, Y=-38.636
14.12 00:10:02 Moving is finished
14.12 00:12:11 Scanning 83 point from 460
14.12 00:13:01 Going to coordinates X=-17.916, Y=-38.636
14.12 00:14:01 Moving is finished
14.12 00:16:09 Scanning 84 point from 460
14.12 00:16:59 Going to coordinates X=-17.816, Y=-38.636
14.12 00:17:59 Moving is finished
14.12 00:20:07 Scanning 85 point from 460
14.12 00:20:57 Going to coordinates X=-17.716, Y=-38.636
14.12 00:21:57 Moving is finished
14.12 00:24:05 Scanning 86 point from 460
14.12 00:24:55 Going to coordinates X=-17.616, Y=-38.636
14.12 00:25:55 Moving is finished
14.12 00:28:03 Scanning 87 point from 460
14.12 00:28:53 Going to coordinates X=-17.516, Y=-38.636
14.12 00:29:54 Moving is finished
14.12 00:32:01 Scanning 88 point from 460
14.12 00:32:51 Going to coordinates X=-17.416, Y=-38.636
14.12 00:33:52 Moving is finished
14.12 00:36:00 Scanning 89 point from 460
14.12 00:36:50 Going to coordinates X=-17.316, Y=-38.636
14.12 00:37:50 Moving is finished
14.12 00:39:58 Scanning 90 point from 460
14.12 00:40:48 Going to coordinates X=-17.216, Y=-38.636
14.12 00:41:48 Moving is finished
14.12 00:43:56 Scanning 91 point from 460
14.12 00:44:46 Going to coordinates X=-17.116, Y=-38.636
14.12 00:45:46 Moving is finished
14.12 00:47:54 Scanning 92 point from 460
14.12 00:48:44 Going to coordinates X=-17.016, Y=-38.636
14.12 00:49:44 Moving is finished
14.12 00:51:53 Scanning 93 point from 460
14.12 00:52:43 Going to coordinates X=-16.916, Y=-38.636
14.12 00:53:43 Moving is finished
14.12 00:55:52 Scanning 94 point from 460
14.12 00:56:42 Going to coordinates X=-16.816, Y=-38.636
14.12 00:57:42 Moving is finished
14.12 00:59:50 Scanning 95 point from 460
14.12 01:00:40 Going to coordinates X=-16.716, Y=-38.636
14.12 01:01:40 Moving is finished
14.12 01:03:48 Scanning 96 point from 460
14.12 01:04:38 Going to coordinates X=-16.616, Y=-38.636
14.12 01:05:38 Moving is finished
14.12 01:07:46 Scanning 97 point from 460
14.12 01:08:36 Going to coordinates X=-16.516, Y=-38.636
14.12 01:09:37 Moving is finished
14.12 01:11:45 Scanning 98 point from 460
14.12 01:12:35 Going to coordinates X=-16.416, Y=-38.636
14.12 01:13:35 Moving is finished
14.12 01:15:43 Scanning 99 point from 460
14.12 01:16:33 Going to coordinates X=-16.316, Y=-38.636
14.12 01:17:33 Moving is finished
14.12 01:19:41 Scanning 100 point from 460
14.12 01:20:31 Going to coordinates X=-18.216, Y=-38.536
14.12 01:21:31 Moving is finished
14.12 01:23:39 Scanning 101 point from 460
14.12 01:24:29 Going to coordinates X=-18.116, Y=-38.536
14.12 01:25:29 Moving is finished
14.12 01:27:37 Scanning 102 point from 460
14.12 01:28:27 Going to coordinates X=-18.016, Y=-38.536
14.12 01:29:27 Moving is finished
14.12 01:31:36 Scanning 103 point from 460
14.12 01:32:26 Going to coordinates X=-17.916, Y=-38.536
14.12 01:33:26 Moving is finished
14.12 01:35:34 Scanning 104 point from 460
14.12 01:36:24 Going to coordinates X=-17.816, Y=-38.536
14.12 01:37:24 Moving is finished
14.12 01:39:32 Scanning 105 point from 460
14.12 01:40:22 Going to coordinates X=-17.716, Y=-38.536
14.12 01:41:22 Moving is finished
14.12 01:43:31 Scanning 106 point from 460
14.12 01:44:21 Going to coordinates X=-17.616, Y=-38.536
14.12 01:45:21 Moving is finished
14.12 01:47:29 Scanning 107 point from 460
14.12 01:48:19 Going to coordinates X=-17.516, Y=-38.536
14.12 01:49:19 Moving is finished
14.12 01:51:27 Scanning 108 point from 460
14.12 01:52:17 Going to coordinates X=-17.416, Y=-38.536
14.12 01:53:17 Moving is finished
14.12 01:55:26 Scanning 109 point from 460
14.12 01:56:16 Going to coordinates X=-17.316, Y=-38.536
14.12 01:57:16 Moving is finished
14.12 01:59:24 Scanning 110 point from 460
14.12 02:00:14 Going to coordinates X=-17.216, Y=-38.536
14.12 02:01:14 Moving is finished
14.12 02:03:22 Scanning 111 point from 460
14.12 02:04:12 Going to coordinates X=-17.116, Y=-38.536
14.12 02:05:12 Moving is finished
14.12 02:07:20 Scanning 112 point from 460
14.12 02:08:10 Going to coordinates X=-17.016, Y=-38.536
14.12 02:09:10 Moving is finished
14.12 02:11:19 Scanning 113 point from 460
14.12 02:12:09 Going to coordinates X=-16.916, Y=-38.536
14.12 02:13:09 Moving is finished
14.12 02:15:17 Scanning 114 point from 460
14.12 02:16:07 Going to coordinates X=-16.816, Y=-38.536
14.12 02:17:07 Moving is finished
14.12 02:19:15 Scanning 115 point from 460
14.12 02:20:05 Going to coordinates X=-16.716, Y=-38.536
14.12 02:21:05 Moving is finished
14.12 02:23:13 Scanning 116 point from 460
14.12 02:24:03 Going to coordinates X=-16.616, Y=-38.536
14.12 02:25:03 Moving is finished
14.12 02:27:11 Scanning 117 point from 460
14.12 02:28:01 Going to coordinates X=-16.516, Y=-38.536
14.12 02:29:02 Moving is finished
14.12 02:31:10 Scanning 118 point from 460
14.12 02:32:00 Going to coordinates X=-16.416, Y=-38.536
14.12 02:33:00 Moving is finished
14.12 02:35:08 Scanning 119 point from 460
14.12 02:35:58 Going to coordinates X=-16.316, Y=-38.536
14.12 02:36:58 Moving is finished
14.12 02:39:06 Scanning 120 point from 460
14.12 02:39:56 Going to coordinates X=-18.216, Y=-38.436
14.12 02:40:57 Moving is finished
14.12 02:43:06 Scanning 121 point from 460
14.12 02:43:56 Going to coordinates X=-18.116, Y=-38.436
14.12 02:44:56 Moving is finished
14.12 02:47:04 Scanning 122 point from 460
14.12 02:47:54 Going to coordinates X=-18.016, Y=-38.436
14.12 02:48:54 Moving is finished
14.12 02:51:02 Scanning 123 point from 460
14.12 02:51:52 Going to coordinates X=-17.916, Y=-38.436
14.12 02:52:52 Moving is finished
14.12 02:55:00 Scanning 124 point from 460
14.12 02:55:50 Going to coordinates X=-17.816, Y=-38.436
14.12 02:56:51 Moving is finished
14.12 02:58:58 Scanning 125 point from 460
14.12 02:59:48 Going to coordinates X=-17.716, Y=-38.436
14.12 03:00:48 Moving is finished
14.12 03:02:56 Scanning 126 point from 460
14.12 03:03:46 Going to coordinates X=-17.616, Y=-38.436
14.12 03:04:47 Moving is finished
14.12 03:06:54 Scanning 127 point from 460
14.12 03:07:44 Going to coordinates X=-17.516, Y=-38.436
14.12 03:08:45 Moving is finished
14.12 03:10:53 Scanning 128 point from 460
14.12 03:11:43 Going to coordinates X=-17.416, Y=-38.436
14.12 03:12:43 Moving is finished
14.12 03:14:51 Scanning 129 point from 460
14.12 03:15:41 Going to coordinates X=-17.316, Y=-38.436
14.12 03:16:41 Moving is finished
14.12 03:18:49 Scanning 130 point from 460
14.12 03:19:39 Going to coordinates X=-17.216, Y=-38.436
14.12 03:20:39 Moving is finished
14.12 03:22:47 Scanning 131 point from 460
14.12 03:23:37 Going to coordinates X=-17.116, Y=-38.436
14.12 03:24:37 Moving is finished
14.12 03:26:46 Scanning 132 point from 460
14.12 03:27:36 Going to coordinates X=-17.016, Y=-38.436
14.12 03:28:36 Moving is finished
14.12 03:30:44 Scanning 133 point from 460
14.12 03:31:34 Going to coordinates X=-16.916, Y=-38.436
14.12 03:32:34 Moving is finished
14.12 03:34:43 Scanning 134 point from 460
14.12 03:35:33 Going to coordinates X=-16.816, Y=-38.436
14.12 03:36:33 Moving is finished
14.12 03:38:41 Scanning 135 point from 460
14.12 03:39:31 Going to coordinates X=-16.716, Y=-38.436
14.12 03:40:31 Moving is finished
14.12 03:42:39 Scanning 136 point from 460
14.12 03:43:29 Going to coordinates X=-16.616, Y=-38.436
14.12 03:44:29 Moving is finished
14.12 03:46:38 Scanning 137 point from 460
14.12 03:47:28 Going to coordinates X=-16.516, Y=-38.436
14.12 03:48:28 Moving is finished
14.12 03:50:36 Scanning 138 point from 460
14.12 03:51:26 Going to coordinates X=-16.416, Y=-38.436
14.12 03:52:26 Moving is finished
14.12 03:54:34 Scanning 139 point from 460
14.12 03:55:24 Going to coordinates X=-16.316, Y=-38.436
14.12 03:56:25 Moving is finished
14.12 03:58:32 Scanning 140 point from 460
14.12 03:59:22 Going to coordinates X=-18.216, Y=-38.336
14.12 04:00:22 Moving is finished
14.12 04:02:31 Scanning 141 point from 460
14.12 04:03:21 Going to coordinates X=-18.116, Y=-38.336
14.12 04:04:21 Moving is finished
14.12 04:06:29 Scanning 142 point from 460
14.12 04:07:19 Going to coordinates X=-18.016, Y=-38.336
14.12 04:08:20 Moving is finished
14.12 04:10:28 Scanning 143 point from 460
14.12 04:11:18 Going to coordinates X=-17.916, Y=-38.336
14.12 04:12:18 Moving is finished
14.12 04:14:26 Scanning 144 point from 460
14.12 04:15:16 Going to coordinates X=-17.816, Y=-38.336
14.12 04:16:16 Moving is finished
14.12 04:18:24 Scanning 145 point from 460
14.12 04:19:14 Going to coordinates X=-17.716, Y=-38.336
14.12 04:20:14 Moving is finished
14.12 04:22:22 Scanning 146 point from 460
14.12 04:23:12 Going to coordinates X=-17.616, Y=-38.336
14.12 04:24:12 Moving is finished
14.12 04:26:20 Scanning 147 point from 460
14.12 04:27:10 Going to coordinates X=-17.516, Y=-38.336
14.12 04:28:11 Moving is finished
14.12 04:30:19 Scanning 148 point from 460
14.12 04:31:09 Going to coordinates X=-17.416, Y=-38.336
14.12 04:32:09 Moving is finished
14.12 04:34:17 Scanning 149 point from 460
14.12 04:35:07 Going to coordinates X=-17.316, Y=-38.336
14.12 04:36:07 Moving is finished
14.12 04:38:16 Scanning 150 point from 460
14.12 04:39:06 Going to coordinates X=-17.216, Y=-38.336
14.12 04:40:06 Moving is finished
14.12 04:42:13 Scanning 151 point from 460
14.12 04:43:04 Going to coordinates X=-17.116, Y=-38.336
14.12 04:44:04 Moving is finished
14.12 04:46:12 Scanning 152 point from 460
14.12 04:47:02 Going to coordinates X=-17.016, Y=-38.336
14.12 04:48:02 Moving is finished
14.12 04:50:11 Scanning 153 point from 460
14.12 04:51:01 Going to coordinates X=-16.916, Y=-38.336
14.12 04:52:01 Moving is finished
14.12 04:54:09 Scanning 154 point from 460
14.12 04:54:59 Going to coordinates X=-16.816, Y=-38.336
14.12 04:55:59 Moving is finished
14.12 04:58:07 Scanning 155 point from 460
14.12 04:58:57 Going to coordinates X=-16.716, Y=-38.336
14.12 04:59:57 Moving is finished
14.12 05:02:05 Scanning 156 point from 460
14.12 05:02:55 Going to coordinates X=-16.616, Y=-38.336
14.12 05:03:55 Moving is finished
14.12 05:06:03 Scanning 157 point from 460
14.12 05:06:53 Going to coordinates X=-16.516, Y=-38.336
14.12 05:07:54 Moving is finished
14.12 05:10:01 Scanning 158 point from 460
14.12 05:10:51 Going to coordinates X=-16.416, Y=-38.336
14.12 05:11:51 Moving is finished
14.12 05:14:00 Scanning 159 point from 460
14.12 05:14:50 Going to coordinates X=-16.316, Y=-38.336
14.12 05:15:50 Moving is finished
14.12 05:17:58 Scanning 160 point from 460
14.12 05:18:48 Going to coordinates X=-18.216, Y=-38.236
14.12 05:19:48 Moving is finished
14.12 05:21:56 Scanning 161 point from 460
14.12 05:22:46 Going to coordinates X=-18.116, Y=-38.236
14.12 05:23:46 Moving is finished
14.12 05:25:54 Scanning 162 point from 460
14.12 05:26:44 Going to coordinates X=-18.016, Y=-38.236
14.12 05:27:45 Moving is finished
14.12 05:29:53 Scanning 163 point from 460
14.12 05:30:43 Going to coordinates X=-17.916, Y=-38.236
14.12 05:31:43 Moving is finished
14.12 05:33:51 Scanning 164 point from 460
14.12 05:34:41 Going to coordinates X=-17.816, Y=-38.236
14.12 05:35:41 Moving is finished
14.12 05:37:50 Scanning 165 point from 460
14.12 05:38:40 Going to coordinates X=-17.716, Y=-38.236
14.12 05:39:40 Moving is finished
14.12 05:41:48 Scanning 166 point from 460
14.12 05:42:38 Going to coordinates X=-17.616, Y=-38.236
14.12 05:43:38 Moving is finished
14.12 05:45:46 Scanning 167 point from 460
14.12 05:46:36 Going to coordinates X=-17.516, Y=-38.236
14.12 05:47:37 Moving is finished
14.12 05:49:45 Scanning 168 point from 460
14.12 05:50:35 Going to coordinates X=-17.416, Y=-38.236
14.12 05:51:35 Moving is finished
14.12 05:53:43 Scanning 169 point from 460
14.12 05:54:33 Going to coordinates X=-17.316, Y=-38.236
14.12 05:55:33 Moving is finished
14.12 05:57:41 Scanning 170 point from 460
14.12 05:58:31 Going to coordinates X=-17.216, Y=-38.236
14.12 05:59:31 Moving is finished
14.12 06:01:40 Scanning 171 point from 460
14.12 06:02:30 Going to coordinates X=-17.116, Y=-38.236
14.12 06:03:30 Moving is finished
14.12 06:05:39 Scanning 172 point from 460
14.12 06:06:29 Going to coordinates X=-17.016, Y=-38.236
14.12 06:07:29 Moving is finished
14.12 06:09:37 Scanning 173 point from 460
14.12 06:10:27 Going to coordinates X=-16.916, Y=-38.236
14.12 06:11:27 Moving is finished
14.12 06:13:36 Scanning 174 point from 460
14.12 06:14:26 Going to coordinates X=-16.816, Y=-38.236
14.12 06:15:26 Moving is finished
14.12 06:17:34 Scanning 175 point from 460
14.12 06:18:24 Going to coordinates X=-16.716, Y=-38.236
14.12 06:19:24 Moving is finished
14.12 06:21:33 Scanning 176 point from 460
14.12 06:22:23 Going to coordinates X=-16.616, Y=-38.236
14.12 06:23:23 Moving is finished
14.12 06:25:32 Scanning 177 point from 460
14.12 06:26:22 Going to coordinates X=-16.516, Y=-38.236
14.12 06:27:22 Moving is finished
14.12 06:29:31 Scanning 178 point from 460
14.12 06:30:21 Going to coordinates X=-16.416, Y=-38.236
14.12 06:31:21 Moving is finished
14.12 06:33:30 Scanning 179 point from 460
14.12 06:34:20 Going to coordinates X=-16.316, Y=-38.236
14.12 06:35:20 Moving is finished
14.12 06:37:28 Scanning 180 point from 460
14.12 06:38:18 Going to coordinates X=-18.216, Y=-38.136
14.12 06:39:18 Moving is finished
14.12 06:41:26 Scanning 181 point from 460
14.12 06:42:16 Going to coordinates X=-18.116, Y=-38.136
14.12 06:43:16 Moving is finished
14.12 06:45:24 Scanning 182 point from 460
14.12 06:46:14 Going to coordinates X=-18.016, Y=-38.136
14.12 06:47:15 Moving is finished
14.12 06:49:22 Scanning 183 point from 460
14.12 06:50:12 Going to coordinates X=-17.916, Y=-38.136
14.12 06:51:13 Moving is finished
14.12 06:53:21 Scanning 184 point from 460
14.12 06:54:11 Going to coordinates X=-17.816, Y=-38.136
14.12 06:55:11 Moving is finished
14.12 06:57:19 Scanning 185 point from 460
14.12 06:58:09 Going to coordinates X=-17.716, Y=-38.136
14.12 06:59:10 Moving is finished
14.12 07:01:18 Scanning 186 point from 460
14.12 07:02:08 Going to coordinates X=-17.616, Y=-38.136
14.12 07:03:08 Moving is finished
14.12 07:05:16 Scanning 187 point from 460
14.12 07:06:06 Going to coordinates X=-17.516, Y=-38.136
14.12 07:07:06 Moving is finished
14.12 07:09:15 Scanning 188 point from 460
14.12 07:10:05 Going to coordinates X=-17.416, Y=-38.136
14.12 07:11:05 Moving is finished
14.12 07:13:14 Scanning 189 point from 460
14.12 07:14:04 Going to coordinates X=-17.316, Y=-38.136
14.12 07:15:04 Moving is finished
14.12 07:17:12 Scanning 190 point from 460
14.12 07:18:02 Going to coordinates X=-17.216, Y=-38.136
14.12 07:19:02 Moving is finished
14.12 07:21:11 Scanning 191 point from 460
14.12 07:22:01 Going to coordinates X=-17.116, Y=-38.136
14.12 07:23:01 Moving is finished
14.12 07:25:09 Scanning 192 point from 460
14.12 07:25:59 Going to coordinates X=-17.016, Y=-38.136
14.12 07:26:59 Moving is finished
14.12 07:29:07 Scanning 193 point from 460
14.12 07:29:57 Going to coordinates X=-16.916, Y=-38.136
14.12 07:30:57 Moving is finished
14.12 07:33:05 Scanning 194 point from 460
14.12 07:33:55 Going to coordinates X=-16.816, Y=-38.136
14.12 07:34:56 Moving is finished
14.12 07:37:04 Scanning 195 point from 460
14.12 07:37:54 Going to coordinates X=-16.716, Y=-38.136
14.12 07:38:54 Moving is finished
14.12 07:41:02 Scanning 196 point from 460
14.12 07:41:52 Going to coordinates X=-16.616, Y=-38.136
14.12 07:42:53 Moving is finished
14.12 07:45:01 Scanning 197 point from 460
14.12 07:45:51 Going to coordinates X=-16.516, Y=-38.136
14.12 07:46:51 Moving is finished
14.12 07:48:59 Scanning 198 point from 460
14.12 07:49:49 Going to coordinates X=-16.416, Y=-38.136
14.12 07:50:49 Moving is finished
14.12 07:52:58 Scanning 199 point from 460
14.12 07:53:48 Going to coordinates X=-16.316, Y=-38.136
14.12 07:54:48 Moving is finished
14.12 07:56:56 Scanning 200 point from 460
14.12 07:57:46 Going to coordinates X=-18.216, Y=-38.036
14.12 07:58:47 Moving is finished
14.12 08:00:55 Scanning 201 point from 460
14.12 08:01:45 Going to coordinates X=-18.116, Y=-38.036
14.12 08:02:45 Moving is finished
14.12 08:04:53 Scanning 202 point from 460
14.12 08:05:43 Going to coordinates X=-18.016, Y=-38.036
14.12 08:06:43 Moving is finished
14.12 08:08:53 Scanning 203 point from 460
14.12 08:09:43 Going to coordinates X=-17.916, Y=-38.036
14.12 08:10:43 Moving is finished
14.12 08:12:51 Scanning 204 point from 460
14.12 08:13:41 Going to coordinates X=-17.816, Y=-38.036
14.12 08:14:41 Moving is finished
14.12 08:16:50 Scanning 205 point from 460
14.12 08:17:40 Going to coordinates X=-17.716, Y=-38.036
14.12 08:18:40 Moving is finished
14.12 08:20:48 Scanning 206 point from 460
14.12 08:21:38 Going to coordinates X=-17.616, Y=-38.036
14.12 08:22:38 Moving is finished
14.12 08:24:46 Scanning 207 point from 460
14.12 08:25:36 Going to coordinates X=-17.516, Y=-38.036
14.12 08:26:36 Moving is finished
14.12 08:28:44 Scanning 208 point from 460
14.12 08:29:34 Going to coordinates X=-17.416, Y=-38.036
14.12 08:30:34 Moving is finished
14.12 08:32:42 Scanning 209 point from 460
14.12 08:33:32 Going to coordinates X=-17.316, Y=-38.036
14.12 08:34:32 Moving is finished
14.12 08:36:40 Scanning 210 point from 460
14.12 08:37:30 Going to coordinates X=-17.216, Y=-38.036
14.12 08:38:30 Moving is finished
14.12 08:40:39 Scanning 211 point from 460
14.12 08:41:29 Going to coordinates X=-17.116, Y=-38.036
14.12 08:42:29 Moving is finished
14.12 08:44:37 Scanning 212 point from 460
14.12 08:45:27 Going to coordinates X=-17.016, Y=-38.036
14.12 08:46:27 Moving is finished
14.12 08:48:35 Scanning 213 point from 460
14.12 08:49:25 Going to coordinates X=-16.916, Y=-38.036
14.12 08:50:25 Moving is finished
14.12 08:52:33 Scanning 214 point from 460
14.12 08:53:23 Going to coordinates X=-16.816, Y=-38.036
14.12 08:54:23 Moving is finished
14.12 08:56:32 Scanning 215 point from 460
14.12 08:57:22 Going to coordinates X=-16.716, Y=-38.036
14.12 08:58:22 Moving is finished
14.12 09:00:30 Scanning 216 point from 460
14.12 09:01:20 Going to coordinates X=-16.616, Y=-38.036
14.12 09:02:20 Moving is finished
14.12 09:04:28 Scanning 217 point from 460
14.12 09:05:18 Going to coordinates X=-16.516, Y=-38.036
14.12 09:06:18 Moving is finished
14.12 09:08:26 Scanning 218 point from 460
14.12 09:09:16 Going to coordinates X=-16.416, Y=-38.036
14.12 09:10:16 Moving is finished
14.12 09:12:24 Scanning 219 point from 460
14.12 09:13:14 Going to coordinates X=-16.316, Y=-38.036
14.12 09:14:14 Moving is finished
14.12 09:16:22 Scanning 220 point from 460
14.12 09:17:12 Going to coordinates X=-18.216, Y=-37.936
14.12 09:18:12 Moving is finished
14.12 09:20:21 Scanning 221 point from 460
14.12 09:21:11 Going to coordinates X=-18.116, Y=-37.936
14.12 09:22:11 Moving is finished
14.12 09:24:19 Scanning 222 point from 460
14.12 09:25:09 Going to coordinates X=-18.016, Y=-37.936
14.12 09:26:09 Moving is finished
14.12 09:28:17 Scanning 223 point from 460
14.12 09:29:07 Going to coordinates X=-17.916, Y=-37.936
14.12 09:30:07 Moving is finished
14.12 09:32:15 Scanning 224 point from 460
14.12 09:33:05 Going to coordinates X=-17.816, Y=-37.936
14.12 09:34:05 Moving is finished
14.12 09:36:13 Scanning 225 point from 460
14.12 09:37:03 Going to coordinates X=-17.716, Y=-37.936
14.12 09:38:03 Moving is finished
14.12 09:40:12 Scanning 226 point from 460
14.12 09:41:02 Going to coordinates X=-17.616, Y=-37.936
14.12 09:42:02 Moving is finished
14.12 09:44:10 Scanning 227 point from 460
14.12 09:45:00 Going to coordinates X=-17.516, Y=-37.936
14.12 09:46:00 Moving is finished
14.12 09:48:08 Scanning 228 point from 460
14.12 09:48:58 Going to coordinates X=-17.416, Y=-37.936
14.12 09:49:59 Moving is finished
14.12 09:52:07 Scanning 229 point from 460
14.12 09:52:57 Going to coordinates X=-17.316, Y=-37.936
14.12 09:53:57 Moving is finished
14.12 09:56:05 Scanning 230 point from 460
14.12 09:56:55 Going to coordinates X=-17.216, Y=-37.936
14.12 09:57:55 Moving is finished
14.12 10:00:04 Scanning 231 point from 460
14.12 10:00:54 Going to coordinates X=-17.116, Y=-37.936
14.12 10:01:54 Moving is finished
14.12 10:04:03 Scanning 232 point from 460
14.12 10:04:53 Going to coordinates X=-17.016, Y=-37.936
14.12 10:05:53 Moving is finished
14.12 10:08:01 Scanning 233 point from 460
14.12 10:08:51 Going to coordinates X=-16.916, Y=-37.936
14.12 10:09:51 Moving is finished
14.12 10:11:59 Scanning 234 point from 460
14.12 10:12:50 Going to coordinates X=-16.816, Y=-37.936
14.12 10:13:50 Moving is finished
14.12 10:15:58 Scanning 235 point from 460
14.12 10:16:48 Going to coordinates X=-16.716, Y=-37.936
14.12 10:17:48 Moving is finished
14.12 10:19:56 Scanning 236 point from 460
14.12 10:20:46 Going to coordinates X=-16.616, Y=-37.936
14.12 10:21:46 Moving is finished
14.12 10:23:54 Scanning 237 point from 460
14.12 10:24:44 Going to coordinates X=-16.516, Y=-37.936
14.12 10:25:44 Moving is finished
14.12 10:27:52 Scanning 238 point from 460
14.12 10:28:42 Going to coordinates X=-16.416, Y=-37.936
14.12 10:29:42 Moving is finished
14.12 10:31:51 Scanning 239 point from 460
14.12 10:32:41 Going to coordinates X=-16.316, Y=-37.936
14.12 10:33:41 Moving is finished
14.12 10:35:49 Scanning 240 point from 460
14.12 10:36:39 Going to coordinates X=-18.216, Y=-37.836
14.12 10:37:39 Moving is finished
14.12 10:39:47 Scanning 241 point from 460
14.12 10:40:37 Going to coordinates X=-18.116, Y=-37.836
14.12 10:41:37 Moving is finished
14.12 10:43:45 Scanning 242 point from 460
14.12 10:44:35 Going to coordinates X=-18.016, Y=-37.836
14.12 10:45:35 Moving is finished
14.12 10:47:44 Scanning 243 point from 460
14.12 10:48:34 Going to coordinates X=-17.916, Y=-37.836
14.12 10:49:34 Moving is finished
14.12 10:51:42 Scanning 244 point from 460
14.12 10:52:32 Going to coordinates X=-17.816, Y=-37.836
14.12 10:53:32 Moving is finished
14.12 10:55:41 Scanning 245 point from 460
14.12 10:56:31 Going to coordinates X=-17.716, Y=-37.836
14.12 10:57:31 Moving is finished
14.12 10:59:39 Scanning 246 point from 460
14.12 11:00:29 Going to coordinates X=-17.616, Y=-37.836
14.12 11:01:29 Moving is finished
14.12 11:03:37 Scanning 247 point from 460
14.12 11:04:27 Going to coordinates X=-17.516, Y=-37.836
14.12 11:05:27 Moving is finished
14.12 11:07:35 Scanning 248 point from 460
14.12 11:08:25 Going to coordinates X=-17.416, Y=-37.836
14.12 11:09:26 Moving is finished
14.12 11:11:34 Scanning 249 point from 460
14.12 11:12:24 Going to coordinates X=-17.316, Y=-37.836
14.12 11:13:24 Moving is finished
14.12 11:15:32 Scanning 250 point from 460
14.12 11:16:22 Going to coordinates X=-17.216, Y=-37.836
14.12 11:17:22 Moving is finished
14.12 11:19:31 Scanning 251 point from 460
14.12 11:20:21 Going to coordinates X=-17.116, Y=-37.836
14.12 11:21:21 Moving is finished
14.12 11:23:29 Scanning 252 point from 460
14.12 11:24:19 Going to coordinates X=-17.016, Y=-37.836
14.12 11:25:19 Moving is finished
14.12 11:27:28 Scanning 253 point from 460
14.12 11:28:18 Going to coordinates X=-16.916, Y=-37.836
14.12 11:29:18 Moving is finished
14.12 11:31:26 Scanning 254 point from 460
14.12 11:32:16 Going to coordinates X=-16.816, Y=-37.836
14.12 11:33:16 Moving is finished
14.12 11:35:24 Scanning 255 point from 460
14.12 11:36:14 Going to coordinates X=-16.716, Y=-37.836
14.12 11:37:14 Moving is finished
14.12 11:39:22 Scanning 256 point from 460
14.12 11:40:12 Going to coordinates X=-16.616, Y=-37.836
14.12 11:41:12 Moving is finished
14.12 11:43:20 Scanning 257 point from 460
14.12 11:44:10 Going to coordinates X=-16.516, Y=-37.836
14.12 11:45:10 Moving is finished
14.12 11:47:19 Scanning 258 point from 460
14.12 11:48:09 Going to coordinates X=-16.416, Y=-37.836
14.12 11:49:09 Moving is finished
14.12 11:51:17 Scanning 259 point from 460
14.12 11:52:07 Going to coordinates X=-16.316, Y=-37.836
14.12 11:53:07 Moving is finished
14.12 11:55:15 Scanning 260 point from 460
14.12 11:56:05 Going to coordinates X=-18.216, Y=-37.736
14.12 11:57:05 Moving is finished
14.12 11:59:14 Scanning 261 point from 460
14.12 12:00:04 Going to coordinates X=-18.116, Y=-37.736
14.12 12:01:04 Moving is finished
14.12 12:03:12 Scanning 262 point from 460
14.12 12:04:02 Going to coordinates X=-18.016, Y=-37.736
14.12 12:05:02 Moving is finished
14.12 12:07:10 Scanning 263 point from 460
14.12 12:08:00 Going to coordinates X=-17.916, Y=-37.736
14.12 12:09:01 Moving is finished
14.12 12:11:08 Scanning 264 point from 460
14.12 12:11:58 Going to coordinates X=-17.816, Y=-37.736
14.12 12:12:59 Moving is finished
14.12 12:15:06 Scanning 265 point from 460
14.12 12:15:56 Going to coordinates X=-17.716, Y=-37.736
14.12 12:16:57 Moving is finished
14.12 12:19:05 Scanning 266 point from 460
14.12 12:19:55 Going to coordinates X=-17.616, Y=-37.736
14.12 12:20:55 Moving is finished
14.12 12:23:03 Scanning 267 point from 460
14.12 12:23:53 Going to coordinates X=-17.516, Y=-37.736
14.12 12:24:53 Moving is finished
14.12 12:27:01 Scanning 268 point from 460
14.12 12:27:51 Going to coordinates X=-17.416, Y=-37.736
14.12 12:28:51 Moving is finished
14.12 12:30:59 Scanning 269 point from 460
14.12 12:31:49 Going to coordinates X=-17.316, Y=-37.736
14.12 12:32:49 Moving is finished
14.12 12:34:58 Scanning 270 point from 460
14.12 12:35:48 Going to coordinates X=-17.216, Y=-37.736
14.12 12:36:48 Moving is finished
14.12 12:38:56 Scanning 271 point from 460
14.12 12:39:46 Going to coordinates X=-17.116, Y=-37.736
14.12 12:40:46 Moving is finished
14.12 12:42:54 Scanning 272 point from 460
14.12 12:43:44 Going to coordinates X=-17.016, Y=-37.736
14.12 12:44:44 Moving is finished
14.12 12:46:53 Scanning 273 point from 460
14.12 12:47:43 Going to coordinates X=-16.916, Y=-37.736
14.12 12:48:43 Moving is finished
14.12 12:50:52 Scanning 274 point from 460
14.12 12:51:42 Going to coordinates X=-16.816, Y=-37.736
14.12 12:52:42 Moving is finished
14.12 12:54:50 Scanning 275 point from 460
14.12 12:55:40 Going to coordinates X=-16.716, Y=-37.736
14.12 12:56:40 Moving is finished
14.12 12:58:48 Scanning 276 point from 460
14.12 12:59:38 Going to coordinates X=-16.616, Y=-37.736
14.12 13:00:38 Moving is finished
14.12 13:02:46 Scanning 277 point from 460
14.12 13:03:36 Going to coordinates X=-16.516, Y=-37.736
14.12 13:04:36 Moving is finished
14.12 13:06:45 Scanning 278 point from 460
14.12 13:07:35 Going to coordinates X=-16.416, Y=-37.736
14.12 13:08:35 Moving is finished
14.12 13:10:43 Scanning 279 point from 460
14.12 13:11:33 Going to coordinates X=-16.316, Y=-37.736
14.12 13:12:34 Moving is finished
14.12 13:14:41 Scanning 280 point from 460
14.12 13:15:31 Going to coordinates X=-18.216, Y=-37.636
14.12 13:16:31 Moving is finished
14.12 13:18:39 Scanning 281 point from 460
14.12 13:19:29 Going to coordinates X=-18.116, Y=-37.636
14.12 13:20:30 Moving is finished
14.12 13:22:37 Scanning 282 point from 460
14.12 13:23:27 Going to coordinates X=-18.016, Y=-37.636
14.12 13:24:27 Moving is finished
14.12 13:26:36 Scanning 283 point from 460
14.12 13:27:26 Going to coordinates X=-17.916, Y=-37.636
14.12 13:28:26 Moving is finished
14.12 13:30:34 Scanning 284 point from 460
14.12 13:31:24 Going to coordinates X=-17.816, Y=-37.636
14.12 13:32:24 Moving is finished
14.12 13:34:32 Scanning 285 point from 460
14.12 13:35:22 Going to coordinates X=-17.716, Y=-37.636
14.12 13:36:22 Moving is finished
14.12 13:38:30 Scanning 286 point from 460
14.12 13:39:20 Going to coordinates X=-17.616, Y=-37.636
14.12 13:40:20 Moving is finished
14.12 13:42:28 Scanning 287 point from 460
14.12 13:43:18 Going to coordinates X=-17.516, Y=-37.636
14.12 13:44:18 Moving is finished
14.12 13:46:26 Scanning 288 point from 460
14.12 13:47:16 Going to coordinates X=-17.416, Y=-37.636
14.12 13:48:16 Moving is finished
14.12 13:50:25 Scanning 289 point from 460
14.12 13:51:15 Going to coordinates X=-17.316, Y=-37.636
14.12 13:52:15 Moving is finished
14.12 13:54:24 Scanning 290 point from 460
14.12 13:55:14 Going to coordinates X=-17.216, Y=-37.636
14.12 13:56:14 Moving is finished
14.12 13:58:22 Scanning 291 point from 460
14.12 13:59:12 Going to coordinates X=-17.116, Y=-37.636
14.12 14:00:12 Moving is finished
14.12 14:02:20 Scanning 292 point from 460
14.12 14:03:10 Going to coordinates X=-17.016, Y=-37.636
14.12 14:04:11 Moving is finished
14.12 14:06:19 Scanning 293 point from 460
14.12 14:07:09 Going to coordinates X=-16.916, Y=-37.636
14.12 14:08:09 Moving is finished
14.12 14:10:17 Scanning 294 point from 460
14.12 14:11:07 Going to coordinates X=-16.816, Y=-37.636
14.12 14:12:07 Moving is finished
14.12 14:14:15 Scanning 295 point from 460
14.12 14:15:05 Going to coordinates X=-16.716, Y=-37.636
14.12 14:16:05 Moving is finished
14.12 14:18:13 Scanning 296 point from 460
14.12 14:19:03 Going to coordinates X=-16.616, Y=-37.636
14.12 14:20:03 Moving is finished
14.12 14:22:11 Scanning 297 point from 460
14.12 14:23:01 Going to coordinates X=-16.516, Y=-37.636
14.12 14:24:01 Moving is finished
14.12 14:26:09 Scanning 298 point from 460
14.12 14:26:59 Going to coordinates X=-16.416, Y=-37.636
14.12 14:28:00 Moving is finished
14.12 14:30:08 Scanning 299 point from 460
14.12 14:30:58 Going to coordinates X=-16.316, Y=-37.636
14.12 14:31:58 Moving is finished
14.12 14:34:06 Scanning 300 point from 460
14.12 14:34:56 Going to coordinates X=-18.216, Y=-37.536
14.12 14:35:56 Moving is finished
14.12 14:38:05 Scanning 301 point from 460
14.12 14:38:55 Going to coordinates X=-18.116, Y=-37.536
14.12 14:39:55 Moving is finished
14.12 14:42:03 Scanning 302 point from 460
14.12 14:42:53 Going to coordinates X=-18.016, Y=-37.536
14.12 14:43:53 Moving is finished
14.12 14:46:01 Scanning 303 point from 460
14.12 14:46:51 Going to coordinates X=-17.916, Y=-37.536
14.12 14:47:52 Moving is finished
14.12 14:49:59 Scanning 304 point from 460
14.12 14:50:49 Going to coordinates X=-17.816, Y=-37.536
14.12 14:51:49 Moving is finished
14.12 14:53:58 Scanning 305 point from 460
14.12 14:54:48 Going to coordinates X=-17.716, Y=-37.536
14.12 14:55:48 Moving is finished
14.12 14:57:56 Scanning 306 point from 460
14.12 14:58:46 Going to coordinates X=-17.616, Y=-37.536
14.12 14:59:46 Moving is finished
14.12 15:01:55 Scanning 307 point from 460
14.12 15:02:45 Going to coordinates X=-17.516, Y=-37.536
14.12 15:03:45 Moving is finished
14.12 15:05:53 Scanning 308 point from 460
14.12 15:06:43 Going to coordinates X=-17.416, Y=-37.536
14.12 15:07:43 Moving is finished
14.12 15:09:51 Scanning 309 point from 460
14.12 15:10:41 Going to coordinates X=-17.316, Y=-37.536
14.12 15:11:41 Moving is finished
14.12 15:13:49 Scanning 310 point from 460
14.12 15:14:39 Going to coordinates X=-17.216, Y=-37.536
14.12 15:15:40 Moving is finished
14.12 15:17:47 Scanning 311 point from 460
14.12 15:18:37 Going to coordinates X=-17.116, Y=-37.536
14.12 15:19:38 Moving is finished
14.12 15:21:46 Scanning 312 point from 460
14.12 15:22:36 Going to coordinates X=-17.016, Y=-37.536
14.12 15:23:36 Moving is finished
14.12 15:25:44 Scanning 313 point from 460
14.12 15:26:34 Going to coordinates X=-16.916, Y=-37.536
14.12 15:27:34 Moving is finished
14.12 15:29:42 Scanning 314 point from 460
14.12 15:30:33 Going to coordinates X=-16.816, Y=-37.536
14.12 15:31:33 Moving is finished
14.12 15:33:41 Scanning 315 point from 460
14.12 15:34:31 Going to coordinates X=-16.716, Y=-37.536
14.12 15:35:31 Moving is finished
14.12 15:37:39 Scanning 316 point from 460
14.12 15:38:29 Going to coordinates X=-16.616, Y=-37.536
14.12 15:39:29 Moving is finished
14.12 15:41:37 Scanning 317 point from 460
14.12 15:42:27 Going to coordinates X=-16.516, Y=-37.536
14.12 15:43:27 Moving is finished
14.12 15:45:35 Scanning 318 point from 460
14.12 15:46:25 Going to coordinates X=-16.416, Y=-37.536
14.12 15:47:26 Moving is finished
14.12 15:49:33 Scanning 319 point from 460
14.12 15:50:23 Going to coordinates X=-16.316, Y=-37.536
14.12 15:51:24 Moving is finished
14.12 15:53:32 Scanning 320 point from 460
14.12 15:53:36 Stopped!
