12.07 10:45:07 Initializing grbl...
12.07 10:45:08 Got the response: b''
12.07 10:46:34 Row 0: 12.07 10:46:34 Map: x1: -12.293, y1: -39.282, x2: -11.428, y2: -40.082, xres: 0.100, yres: 0.100, fname: M3-1
12.07 10:46:34 Scanning 0 point from 100
12.07 10:46:34 Going to coordinates X=-12.293, Y=-40.082
12.07 10:46:35 Moving is finished
12.07 10:47:40 Scanning 1 point from 100
12.07 10:47:40 Going to coordinates X=-12.193, Y=-40.082
12.07 10:47:40 Moving is finished
12.07 10:48:45 Scanning 2 point from 100
12.07 10:48:45 Going to coordinates X=-12.093, Y=-40.082
12.07 10:48:45 Moving is finished
12.07 10:49:50 Scanning 3 point from 100
12.07 10:49:50 Going to coordinates X=-11.993, Y=-40.082
12.07 10:49:50 Moving is finished
12.07 10:50:54 Scanning 4 point from 100
12.07 10:50:54 Going to coordinates X=-11.893, Y=-40.082
12.07 10:50:54 Moving is finished
12.07 10:51:59 Scanning 5 point from 100
12.07 10:51:59 Going to coordinates X=-11.793, Y=-40.082
12.07 10:52:00 Moving is finished
12.07 10:53:04 Scanning 6 point from 100
12.07 10:53:04 Going to coordinates X=-11.693, Y=-40.082
12.07 10:53:04 Moving is finished
12.07 10:54:08 Scanning 7 point from 100
12.07 10:54:08 Going to coordinates X=-11.593, Y=-40.082
12.07 10:54:08 Moving is finished
12.07 10:55:12 Scanning 8 point from 100
12.07 10:55:12 Going to coordinates X=-11.493, Y=-40.082
12.07 10:55:12 Moving is finished
12.07 10:56:16 Scanning 9 point from 100
12.07 10:56:16 Going to coordinates X=-11.393, Y=-40.082
12.07 10:56:16 Moving is finished
12.07 10:57:21 Scanning 10 point from 100
12.07 10:57:21 Going to coordinates X=-12.293, Y=-39.982
12.07 10:57:22 Moving is finished
12.07 10:58:26 Scanning 11 point from 100
12.07 10:58:26 Going to coordinates X=-12.193, Y=-39.982
12.07 10:58:26 Moving is finished
12.07 10:59:30 Scanning 12 point from 100
12.07 10:59:30 Going to coordinates X=-12.093, Y=-39.982
12.07 10:59:30 Moving is finished
12.07 11:00:35 Scanning 13 point from 100
12.07 11:00:35 Going to coordinates X=-11.993, Y=-39.982
12.07 11:00:35 Moving is finished
12.07 11:01:39 Scanning 14 point from 100
12.07 11:01:39 Going to coordinates X=-11.893, Y=-39.982
12.07 11:01:39 Moving is finished
12.07 11:02:43 Scanning 15 point from 100
12.07 11:02:43 Going to coordinates X=-11.793, Y=-39.982
12.07 11:02:43 Moving is finished
12.07 11:03:47 Scanning 16 point from 100
12.07 11:03:47 Going to coordinates X=-11.693, Y=-39.982
12.07 11:03:48 Moving is finished
12.07 11:04:52 Scanning 17 point from 100
12.07 11:04:52 Going to coordinates X=-11.593, Y=-39.982
12.07 11:04:52 Moving is finished
12.07 11:05:57 Scanning 18 point from 100
12.07 11:05:57 Going to coordinates X=-11.493, Y=-39.982
12.07 11:05:57 Moving is finished
12.07 11:07:01 Scanning 19 point from 100
12.07 11:07:01 Going to coordinates X=-11.393, Y=-39.982
12.07 11:07:02 Moving is finished
12.07 11:08:05 Scanning 20 point from 100
12.07 11:08:05 Going to coordinates X=-12.293, Y=-39.882
12.07 11:08:06 Moving is finished
12.07 11:09:10 Scanning 21 point from 100
12.07 11:09:10 Going to coordinates X=-12.193, Y=-39.882
12.07 11:09:11 Moving is finished
12.07 11:10:15 Scanning 22 point from 100
12.07 11:10:15 Going to coordinates X=-12.093, Y=-39.882
12.07 11:10:15 Moving is finished
12.07 11:11:19 Scanning 23 point from 100
12.07 11:11:19 Going to coordinates X=-11.993, Y=-39.882
12.07 11:11:20 Moving is finished
12.07 11:12:24 Scanning 24 point from 100
12.07 11:12:24 Going to coordinates X=-11.893, Y=-39.882
12.07 11:12:24 Moving is finished
12.07 11:13:28 Scanning 25 point from 100
12.07 11:13:28 Going to coordinates X=-11.793, Y=-39.882
12.07 11:13:28 Moving is finished
12.07 11:14:32 Scanning 26 point from 100
12.07 11:14:32 Going to coordinates X=-11.693, Y=-39.882
12.07 11:14:32 Moving is finished
12.07 11:15:37 Scanning 27 point from 100
12.07 11:15:37 Going to coordinates X=-11.593, Y=-39.882
12.07 11:15:37 Moving is finished
12.07 11:16:42 Scanning 28 point from 100
12.07 11:16:42 Going to coordinates X=-11.493, Y=-39.882
12.07 11:16:42 Moving is finished
12.07 11:17:46 Scanning 29 point from 100
12.07 11:17:46 Going to coordinates X=-11.393, Y=-39.882
12.07 11:17:46 Moving is finished
12.07 11:18:50 Scanning 30 point from 100
12.07 11:18:50 Going to coordinates X=-12.293, Y=-39.782
12.07 11:18:51 Moving is finished
12.07 11:19:55 Scanning 31 point from 100
12.07 11:19:55 Going to coordinates X=-12.193, Y=-39.782
12.07 11:19:55 Moving is finished
12.07 11:20:59 Scanning 32 point from 100
12.07 11:20:59 Going to coordinates X=-12.093, Y=-39.782
12.07 11:21:00 Moving is finished
12.07 11:22:04 Scanning 33 point from 100
12.07 11:22:04 Going to coordinates X=-11.993, Y=-39.782
12.07 11:22:04 Moving is finished
12.07 11:23:08 Scanning 34 point from 100
12.07 11:23:08 Going to coordinates X=-11.893, Y=-39.782
12.07 11:23:08 Moving is finished
12.07 11:24:12 Scanning 35 point from 100
12.07 11:24:12 Going to coordinates X=-11.793, Y=-39.782
12.07 11:24:12 Moving is finished
12.07 11:25:16 Scanning 36 point from 100
12.07 11:25:16 Going to coordinates X=-11.693, Y=-39.782
12.07 11:25:16 Moving is finished
12.07 11:26:20 Scanning 37 point from 100
12.07 11:26:20 Going to coordinates X=-11.593, Y=-39.782
12.07 11:26:20 Moving is finished
12.07 11:27:24 Scanning 38 point from 100
12.07 11:27:24 Going to coordinates X=-11.493, Y=-39.782
12.07 11:27:24 Moving is finished
12.07 11:28:28 Scanning 39 point from 100
12.07 11:28:28 Going to coordinates X=-11.393, Y=-39.782
12.07 11:28:28 Moving is finished
12.07 11:29:33 Scanning 40 point from 100
12.07 11:29:33 Going to coordinates X=-12.293, Y=-39.682
12.07 11:29:33 Moving is finished
12.07 11:30:37 Scanning 41 point from 100
12.07 11:30:37 Going to coordinates X=-12.193, Y=-39.682
12.07 11:30:37 Moving is finished
12.07 11:31:41 Scanning 42 point from 100
12.07 11:31:41 Going to coordinates X=-12.093, Y=-39.682
12.07 11:31:41 Moving is finished
12.07 11:32:45 Scanning 43 point from 100
12.07 11:32:45 Going to coordinates X=-11.993, Y=-39.682
12.07 11:32:45 Moving is finished
12.07 11:33:49 Scanning 44 point from 100
12.07 11:33:49 Going to coordinates X=-11.893, Y=-39.682
12.07 11:33:49 Moving is finished
12.07 11:34:54 Scanning 45 point from 100
12.07 11:34:54 Going to coordinates X=-11.793, Y=-39.682
12.07 11:34:54 Moving is finished
12.07 11:35:58 Scanning 46 point from 100
12.07 11:35:58 Going to coordinates X=-11.693, Y=-39.682
12.07 11:35:58 Moving is finished
12.07 11:37:02 Scanning 47 point from 100
12.07 11:37:02 Going to coordinates X=-11.593, Y=-39.682
12.07 11:37:03 Moving is finished
12.07 11:38:07 Scanning 48 point from 100
12.07 11:38:07 Going to coordinates X=-11.493, Y=-39.682
12.07 11:38:07 Moving is finished
12.07 11:39:11 Scanning 49 point from 100
12.07 11:39:11 Going to coordinates X=-11.393, Y=-39.682
12.07 11:39:11 Moving is finished
12.07 11:40:15 Scanning 50 point from 100
12.07 11:40:15 Going to coordinates X=-12.293, Y=-39.582
12.07 11:40:16 Moving is finished
12.07 11:41:19 Scanning 51 point from 100
12.07 11:41:19 Going to coordinates X=-12.193, Y=-39.582
12.07 11:41:19 Moving is finished
12.07 11:42:23 Scanning 52 point from 100
12.07 11:42:23 Going to coordinates X=-12.093, Y=-39.582
12.07 11:42:24 Moving is finished
12.07 11:43:28 Scanning 53 point from 100
12.07 11:43:28 Going to coordinates X=-11.993, Y=-39.582
12.07 11:43:28 Moving is finished
12.07 11:44:32 Scanning 54 point from 100
12.07 11:44:32 Going to coordinates X=-11.893, Y=-39.582
12.07 11:44:33 Moving is finished
12.07 11:45:36 Scanning 55 point from 100
12.07 11:45:36 Going to coordinates X=-11.793, Y=-39.582
12.07 11:45:37 Moving is finished
12.07 11:46:40 Scanning 56 point from 100
12.07 11:46:40 Going to coordinates X=-11.693, Y=-39.582
12.07 11:46:41 Moving is finished
12.07 11:47:44 Scanning 57 point from 100
12.07 11:47:44 Going to coordinates X=-11.593, Y=-39.582
12.07 11:47:45 Moving is finished
12.07 11:48:48 Scanning 58 point from 100
12.07 11:48:48 Going to coordinates X=-11.493, Y=-39.582
12.07 11:48:49 Moving is finished
12.07 11:49:52 Scanning 59 point from 100
12.07 11:49:52 Going to coordinates X=-11.393, Y=-39.582
12.07 11:49:53 Moving is finished
12.07 11:50:56 Scanning 60 point from 100
12.07 11:50:56 Going to coordinates X=-12.293, Y=-39.482
12.07 11:50:57 Moving is finished
12.07 11:52:01 Scanning 61 point from 100
12.07 11:52:01 Going to coordinates X=-12.193, Y=-39.482
12.07 11:52:01 Moving is finished
12.07 11:53:05 Scanning 62 point from 100
12.07 11:53:05 Going to coordinates X=-12.093, Y=-39.482
12.07 11:53:05 Moving is finished
12.07 11:54:09 Scanning 63 point from 100
12.07 11:54:09 Going to coordinates X=-11.993, Y=-39.482
12.07 11:54:09 Moving is finished
12.07 11:55:13 Scanning 64 point from 100
12.07 11:55:13 Going to coordinates X=-11.893, Y=-39.482
12.07 11:55:13 Moving is finished
12.07 11:56:17 Scanning 65 point from 100
12.07 11:56:17 Going to coordinates X=-11.793, Y=-39.482
12.07 11:56:17 Moving is finished
12.07 11:57:21 Scanning 66 point from 100
12.07 11:57:21 Going to coordinates X=-11.693, Y=-39.482
12.07 11:57:21 Moving is finished
12.07 11:58:25 Scanning 67 point from 100
12.07 11:58:25 Going to coordinates X=-11.593, Y=-39.482
12.07 11:58:25 Moving is finished
12.07 11:59:30 Scanning 68 point from 100
12.07 11:59:30 Going to coordinates X=-11.493, Y=-39.482
12.07 11:59:30 Moving is finished
12.07 12:00:34 Scanning 69 point from 100
12.07 12:00:34 Going to coordinates X=-11.393, Y=-39.482
12.07 12:00:34 Moving is finished
12.07 12:01:38 Scanning 70 point from 100
12.07 12:01:38 Going to coordinates X=-12.293, Y=-39.382
12.07 12:01:38 Moving is finished
12.07 12:02:42 Scanning 71 point from 100
12.07 12:02:42 Going to coordinates X=-12.193, Y=-39.382
12.07 12:02:42 Moving is finished
12.07 12:03:46 Scanning 72 point from 100
12.07 12:03:46 Going to coordinates X=-12.093, Y=-39.382
12.07 12:03:46 Moving is finished
12.07 12:04:51 Scanning 73 point from 100
12.07 12:04:51 Going to coordinates X=-11.993, Y=-39.382
12.07 12:04:51 Moving is finished
12.07 12:05:55 Scanning 74 point from 100
12.07 12:05:55 Going to coordinates X=-11.893, Y=-39.382
12.07 12:05:56 Moving is finished
12.07 12:07:00 Scanning 75 point from 100
12.07 12:07:00 Going to coordinates X=-11.793, Y=-39.382
12.07 12:07:00 Moving is finished
12.07 12:08:04 Scanning 76 point from 100
12.07 12:08:04 Going to coordinates X=-11.693, Y=-39.382
12.07 12:08:04 Moving is finished
12.07 12:09:08 Scanning 77 point from 100
12.07 12:09:08 Going to coordinates X=-11.593, Y=-39.382
12.07 12:09:08 Moving is finished
12.07 12:10:12 Scanning 78 point from 100
12.07 12:10:12 Going to coordinates X=-11.493, Y=-39.382
12.07 12:10:12 Moving is finished
12.07 12:11:16 Scanning 79 point from 100
12.07 12:11:16 Going to coordinates X=-11.393, Y=-39.382
12.07 12:11:17 Moving is finished
12.07 12:12:21 Scanning 80 point from 100
12.07 12:12:21 Going to coordinates X=-12.293, Y=-39.282
12.07 12:12:21 Moving is finished
12.07 12:13:25 Scanning 81 point from 100
12.07 12:13:25 Going to coordinates X=-12.193, Y=-39.282
12.07 12:13:25 Moving is finished
12.07 12:14:29 Scanning 82 point from 100
12.07 12:14:29 Going to coordinates X=-12.093, Y=-39.282
12.07 12:14:30 Moving is finished
12.07 12:15:33 Scanning 83 point from 100
12.07 12:15:33 Going to coordinates X=-11.993, Y=-39.282
12.07 12:15:34 Moving is finished
12.07 12:16:37 Scanning 84 point from 100
12.07 12:16:37 Going to coordinates X=-11.893, Y=-39.282
12.07 12:16:38 Moving is finished
12.07 12:17:41 Scanning 85 point from 100
12.07 12:17:41 Going to coordinates X=-11.793, Y=-39.282
12.07 12:17:42 Moving is finished
12.07 12:18:46 Scanning 86 point from 100
12.07 12:18:46 Going to coordinates X=-11.693, Y=-39.282
12.07 12:18:47 Moving is finished
12.07 12:19:50 Scanning 87 point from 100
12.07 12:19:50 Going to coordinates X=-11.593, Y=-39.282
12.07 12:19:51 Moving is finished
12.07 12:20:55 Scanning 88 point from 100
12.07 12:20:55 Going to coordinates X=-11.493, Y=-39.282
12.07 12:20:55 Moving is finished
12.07 12:21:59 Scanning 89 point from 100
12.07 12:21:59 Going to coordinates X=-11.393, Y=-39.282
12.07 12:21:59 Moving is finished
12.07 12:23:03 Scanning 90 point from 100
12.07 12:23:03 Going to coordinates X=-12.293, Y=-39.182
12.07 12:23:04 Moving is finished
12.07 12:24:08 Scanning 91 point from 100
12.07 12:24:08 Going to coordinates X=-12.193, Y=-39.182
12.07 12:24:08 Moving is finished
12.07 12:25:13 Scanning 92 point from 100
12.07 12:25:13 Going to coordinates X=-12.093, Y=-39.182
12.07 12:25:13 Moving is finished
12.07 12:26:17 Scanning 93 point from 100
12.07 12:26:17 Going to coordinates X=-11.993, Y=-39.182
12.07 12:26:18 Moving is finished
12.07 12:27:21 Scanning 94 point from 100
12.07 12:27:21 Going to coordinates X=-11.893, Y=-39.182
12.07 12:27:22 Moving is finished
12.07 12:28:25 Scanning 95 point from 100
12.07 12:28:25 Going to coordinates X=-11.793, Y=-39.182
12.07 12:28:26 Moving is finished
12.07 12:29:29 Scanning 96 point from 100
12.07 12:29:29 Going to coordinates X=-11.693, Y=-39.182
12.07 12:29:30 Moving is finished
12.07 12:30:34 Scanning 97 point from 100
12.07 12:30:34 Going to coordinates X=-11.593, Y=-39.182
12.07 12:30:34 Moving is finished
12.07 12:31:38 Scanning 98 point from 100
12.07 12:31:38 Going to coordinates X=-11.493, Y=-39.182
12.07 12:31:38 Moving is finished
12.07 12:32:43 Scanning 99 point from 100
12.07 12:32:43 Going to coordinates X=-11.393, Y=-39.182
12.07 12:32:43 Moving is finished
