03.07 18:43:54 Initializing grbl...
03.07 18:43:55 Got the response: b''
03.07 18:46:14 Can't send the command to GRBL
03.07 18:46:14 Write timeout03.07 18:46:14 Write timeout
03.07 18:46:23 Can't send the command to GRBL
03.07 18:46:23 Write timeout03.07 18:46:23 Write timeout
03.07 18:48:57 Row 0: 03.07 18:48:57 Map: x1: -30.4, y1: -36.701, x2: -29.683, y2: -36.897, xres: 0.010, yres: 0.010, fname: hfpcooh
03.07 18:48:57 Scanning 0 point from 1533
03.07 18:48:57 Going to coordinates X=-30.400, Y=-36.897
03.07 18:48:57 Moving is finished
03.07 18:50:34 Scanning 1 point from 1533
03.07 18:50:34 Going to coordinates X=-30.390, Y=-36.897
03.07 18:50:35 Moving is finished
03.07 18:52:11 Scanning 2 point from 1533
03.07 18:52:11 Going to coordinates X=-30.380, Y=-36.897
03.07 18:52:11 Moving is finished
03.07 18:53:48 Scanning 3 point from 1533
03.07 18:53:48 Going to coordinates X=-30.370, Y=-36.897
03.07 18:53:48 Moving is finished
03.07 18:55:24 Scanning 4 point from 1533
03.07 18:55:24 Going to coordinates X=-30.360, Y=-36.897
03.07 18:55:24 Moving is finished
03.07 18:57:01 Scanning 5 point from 1533
03.07 18:57:01 Going to coordinates X=-30.350, Y=-36.897
03.07 18:57:01 Moving is finished
03.07 18:58:37 Scanning 6 point from 1533
03.07 18:58:37 Going to coordinates X=-30.340, Y=-36.897
03.07 18:58:37 Moving is finished
03.07 19:00:14 Scanning 7 point from 1533
03.07 19:00:14 Going to coordinates X=-30.330, Y=-36.897
03.07 19:00:14 Moving is finished
03.07 19:01:50 Scanning 8 point from 1533
03.07 19:01:50 Going to coordinates X=-30.320, Y=-36.897
03.07 19:01:50 Moving is finished
03.07 19:03:26 Scanning 9 point from 1533
03.07 19:03:26 Going to coordinates X=-30.310, Y=-36.897
03.07 19:03:27 Moving is finished
03.07 19:05:03 Scanning 10 point from 1533
03.07 19:05:03 Going to coordinates X=-30.300, Y=-36.897
03.07 19:05:03 Moving is finished
03.07 19:06:40 Scanning 11 point from 1533
03.07 19:06:40 Going to coordinates X=-30.290, Y=-36.897
03.07 19:06:40 Moving is finished
03.07 19:08:17 Scanning 12 point from 1533
03.07 19:08:17 Going to coordinates X=-30.280, Y=-36.897
03.07 19:08:17 Moving is finished
03.07 19:09:53 Scanning 13 point from 1533
03.07 19:09:53 Going to coordinates X=-30.270, Y=-36.897
03.07 19:09:53 Moving is finished
03.07 19:11:30 Scanning 14 point from 1533
03.07 19:11:30 Going to coordinates X=-30.260, Y=-36.897
03.07 19:11:30 Moving is finished
03.07 19:13:06 Scanning 15 point from 1533
03.07 19:13:06 Going to coordinates X=-30.250, Y=-36.897
03.07 19:13:06 Moving is finished
03.07 19:14:43 Scanning 16 point from 1533
03.07 19:14:43 Going to coordinates X=-30.240, Y=-36.897
03.07 19:14:43 Moving is finished
03.07 19:16:20 Scanning 17 point from 1533
03.07 19:16:20 Going to coordinates X=-30.230, Y=-36.897
03.07 19:16:20 Moving is finished
03.07 19:17:57 Scanning 18 point from 1533
03.07 19:17:57 Going to coordinates X=-30.220, Y=-36.897
03.07 19:17:57 Moving is finished
03.07 19:19:34 Scanning 19 point from 1533
03.07 19:19:34 Going to coordinates X=-30.210, Y=-36.897
03.07 19:19:34 Moving is finished
03.07 19:21:11 Scanning 20 point from 1533
03.07 19:21:11 Going to coordinates X=-30.200, Y=-36.897
03.07 19:21:11 Moving is finished
03.07 19:22:47 Scanning 21 point from 1533
03.07 19:22:47 Going to coordinates X=-30.190, Y=-36.897
03.07 19:22:47 Moving is finished
03.07 19:24:24 Scanning 22 point from 1533
03.07 19:24:24 Going to coordinates X=-30.180, Y=-36.897
03.07 19:24:24 Moving is finished
03.07 19:26:01 Scanning 23 point from 1533
03.07 19:26:01 Going to coordinates X=-30.170, Y=-36.897
03.07 19:26:01 Moving is finished
03.07 19:27:38 Scanning 24 point from 1533
03.07 19:27:38 Going to coordinates X=-30.160, Y=-36.897
03.07 19:27:38 Moving is finished
03.07 19:29:14 Scanning 25 point from 1533
03.07 19:29:14 Going to coordinates X=-30.150, Y=-36.897
03.07 19:29:14 Moving is finished
03.07 19:30:51 Scanning 26 point from 1533
03.07 19:30:51 Going to coordinates X=-30.140, Y=-36.897
03.07 19:30:51 Moving is finished
03.07 19:32:28 Scanning 27 point from 1533
03.07 19:32:28 Going to coordinates X=-30.130, Y=-36.897
03.07 19:32:28 Moving is finished
03.07 19:34:04 Scanning 28 point from 1533
03.07 19:34:04 Going to coordinates X=-30.120, Y=-36.897
03.07 19:34:04 Moving is finished
03.07 19:35:41 Scanning 29 point from 1533
03.07 19:35:41 Going to coordinates X=-30.110, Y=-36.897
03.07 19:35:41 Moving is finished
03.07 19:37:17 Scanning 30 point from 1533
03.07 19:37:17 Going to coordinates X=-30.100, Y=-36.897
03.07 19:37:17 Moving is finished
03.07 19:38:54 Scanning 31 point from 1533
03.07 19:38:54 Going to coordinates X=-30.090, Y=-36.897
03.07 19:38:54 Moving is finished
03.07 19:40:30 Scanning 32 point from 1533
03.07 19:40:30 Going to coordinates X=-30.080, Y=-36.897
03.07 19:40:31 Moving is finished
03.07 19:42:07 Scanning 33 point from 1533
03.07 19:42:07 Going to coordinates X=-30.070, Y=-36.897
03.07 19:42:07 Moving is finished
03.07 19:43:44 Scanning 34 point from 1533
03.07 19:43:44 Going to coordinates X=-30.060, Y=-36.897
03.07 19:43:44 Moving is finished
03.07 19:45:21 Scanning 35 point from 1533
03.07 19:45:21 Going to coordinates X=-30.050, Y=-36.897
03.07 19:45:21 Moving is finished
03.07 19:46:58 Scanning 36 point from 1533
03.07 19:46:58 Going to coordinates X=-30.040, Y=-36.897
03.07 19:46:58 Moving is finished
03.07 19:48:34 Scanning 37 point from 1533
03.07 19:48:34 Going to coordinates X=-30.030, Y=-36.897
03.07 19:48:34 Moving is finished
03.07 19:50:11 Scanning 38 point from 1533
03.07 19:50:11 Going to coordinates X=-30.020, Y=-36.897
03.07 19:50:11 Moving is finished
03.07 19:51:48 Scanning 39 point from 1533
03.07 19:51:48 Going to coordinates X=-30.010, Y=-36.897
03.07 19:51:48 Moving is finished
03.07 19:53:25 Scanning 40 point from 1533
03.07 19:53:25 Going to coordinates X=-30.000, Y=-36.897
03.07 19:53:25 Moving is finished
03.07 19:55:02 Scanning 41 point from 1533
03.07 19:55:02 Going to coordinates X=-29.990, Y=-36.897
03.07 19:55:02 Moving is finished
03.07 19:56:38 Scanning 42 point from 1533
03.07 19:56:38 Going to coordinates X=-29.980, Y=-36.897
03.07 19:56:38 Moving is finished
03.07 19:58:16 Scanning 43 point from 1533
03.07 19:58:16 Going to coordinates X=-29.970, Y=-36.897
03.07 19:58:16 Moving is finished
03.07 19:59:52 Scanning 44 point from 1533
03.07 19:59:52 Going to coordinates X=-29.960, Y=-36.897
03.07 19:59:53 Moving is finished
03.07 20:01:29 Scanning 45 point from 1533
03.07 20:01:29 Going to coordinates X=-29.950, Y=-36.897
03.07 20:01:29 Moving is finished
03.07 20:03:06 Scanning 46 point from 1533
03.07 20:03:06 Going to coordinates X=-29.940, Y=-36.897
03.07 20:03:06 Moving is finished
03.07 20:04:43 Scanning 47 point from 1533
03.07 20:04:43 Going to coordinates X=-29.930, Y=-36.897
03.07 20:04:43 Moving is finished
03.07 20:06:19 Scanning 48 point from 1533
03.07 20:06:19 Going to coordinates X=-29.920, Y=-36.897
03.07 20:06:20 Moving is finished
03.07 20:07:56 Scanning 49 point from 1533
03.07 20:07:56 Going to coordinates X=-29.910, Y=-36.897
03.07 20:07:56 Moving is finished
03.07 20:09:33 Scanning 50 point from 1533
03.07 20:09:33 Going to coordinates X=-29.900, Y=-36.897
03.07 20:09:33 Moving is finished
03.07 20:11:10 Scanning 51 point from 1533
03.07 20:11:10 Going to coordinates X=-29.890, Y=-36.897
03.07 20:11:10 Moving is finished
03.07 20:12:47 Scanning 52 point from 1533
03.07 20:12:47 Going to coordinates X=-29.880, Y=-36.897
03.07 20:12:47 Moving is finished
03.07 20:14:24 Scanning 53 point from 1533
03.07 20:14:24 Going to coordinates X=-29.870, Y=-36.897
03.07 20:14:24 Moving is finished
03.07 20:16:01 Scanning 54 point from 1533
03.07 20:16:01 Going to coordinates X=-29.860, Y=-36.897
03.07 20:16:01 Moving is finished
03.07 20:17:37 Scanning 55 point from 1533
03.07 20:17:37 Going to coordinates X=-29.850, Y=-36.897
03.07 20:17:37 Moving is finished
03.07 20:19:13 Scanning 56 point from 1533
03.07 20:19:13 Going to coordinates X=-29.840, Y=-36.897
03.07 20:19:14 Moving is finished
03.07 20:20:51 Scanning 57 point from 1533
03.07 20:20:51 Going to coordinates X=-29.830, Y=-36.897
03.07 20:20:51 Moving is finished
03.07 20:22:28 Scanning 58 point from 1533
03.07 20:22:28 Going to coordinates X=-29.820, Y=-36.897
03.07 20:22:28 Moving is finished
03.07 20:24:05 Scanning 59 point from 1533
03.07 20:24:05 Going to coordinates X=-29.810, Y=-36.897
03.07 20:24:05 Moving is finished
03.07 20:25:41 Scanning 60 point from 1533
03.07 20:25:41 Going to coordinates X=-29.800, Y=-36.897
03.07 20:25:41 Moving is finished
03.07 20:27:18 Scanning 61 point from 1533
03.07 20:27:18 Going to coordinates X=-29.790, Y=-36.897
03.07 20:27:18 Moving is finished
03.07 20:28:54 Scanning 62 point from 1533
03.07 20:28:54 Going to coordinates X=-29.780, Y=-36.897
03.07 20:28:54 Moving is finished
03.07 20:30:31 Scanning 63 point from 1533
03.07 20:30:31 Going to coordinates X=-29.770, Y=-36.897
03.07 20:30:31 Moving is finished
03.07 20:32:08 Scanning 64 point from 1533
03.07 20:32:08 Going to coordinates X=-29.760, Y=-36.897
03.07 20:32:08 Moving is finished
03.07 20:33:45 Scanning 65 point from 1533
03.07 20:33:45 Going to coordinates X=-29.750, Y=-36.897
03.07 20:33:45 Moving is finished
03.07 20:35:22 Scanning 66 point from 1533
03.07 20:35:22 Going to coordinates X=-29.740, Y=-36.897
03.07 20:35:22 Moving is finished
03.07 20:36:59 Scanning 67 point from 1533
03.07 20:36:59 Going to coordinates X=-29.730, Y=-36.897
03.07 20:36:59 Moving is finished
03.07 20:38:36 Scanning 68 point from 1533
03.07 20:38:36 Going to coordinates X=-29.720, Y=-36.897
03.07 20:38:36 Moving is finished
03.07 20:40:13 Scanning 69 point from 1533
03.07 20:40:13 Going to coordinates X=-29.710, Y=-36.897
03.07 20:40:13 Moving is finished
03.07 20:41:50 Scanning 70 point from 1533
03.07 20:41:50 Going to coordinates X=-29.700, Y=-36.897
03.07 20:41:50 Moving is finished
03.07 20:43:26 Scanning 71 point from 1533
03.07 20:43:26 Going to coordinates X=-29.690, Y=-36.897
03.07 20:43:27 Moving is finished
03.07 20:45:03 Scanning 72 point from 1533
03.07 20:45:03 Going to coordinates X=-29.680, Y=-36.897
03.07 20:45:03 Moving is finished
03.07 20:46:40 Scanning 73 point from 1533
03.07 20:46:40 Going to coordinates X=-30.400, Y=-36.887
03.07 20:46:40 Moving is finished
03.07 20:48:17 Scanning 74 point from 1533
03.07 20:48:17 Going to coordinates X=-30.390, Y=-36.887
03.07 20:48:17 Moving is finished
03.07 20:49:54 Scanning 75 point from 1533
03.07 20:49:54 Going to coordinates X=-30.380, Y=-36.887
03.07 20:49:54 Moving is finished
03.07 20:51:30 Scanning 76 point from 1533
03.07 20:51:30 Going to coordinates X=-30.370, Y=-36.887
03.07 20:51:30 Moving is finished
03.07 20:53:08 Scanning 77 point from 1533
03.07 20:53:08 Going to coordinates X=-30.360, Y=-36.887
03.07 20:53:08 Moving is finished
03.07 20:54:44 Scanning 78 point from 1533
03.07 20:54:44 Going to coordinates X=-30.350, Y=-36.887
03.07 20:54:44 Moving is finished
03.07 20:56:21 Scanning 79 point from 1533
03.07 20:56:21 Going to coordinates X=-30.340, Y=-36.887
03.07 20:56:21 Moving is finished
03.07 20:57:58 Scanning 80 point from 1533
03.07 20:57:58 Going to coordinates X=-30.330, Y=-36.887
03.07 20:57:58 Moving is finished
03.07 20:59:34 Scanning 81 point from 1533
03.07 20:59:34 Going to coordinates X=-30.320, Y=-36.887
03.07 20:59:35 Moving is finished
03.07 21:01:11 Scanning 82 point from 1533
03.07 21:01:11 Going to coordinates X=-30.310, Y=-36.887
03.07 21:01:11 Moving is finished
03.07 21:02:48 Scanning 83 point from 1533
03.07 21:02:48 Going to coordinates X=-30.300, Y=-36.887
03.07 21:02:48 Moving is finished
03.07 21:04:25 Scanning 84 point from 1533
03.07 21:04:25 Going to coordinates X=-30.290, Y=-36.887
03.07 21:04:25 Moving is finished
03.07 21:06:01 Scanning 85 point from 1533
03.07 21:06:01 Going to coordinates X=-30.280, Y=-36.887
03.07 21:06:01 Moving is finished
03.07 21:07:38 Scanning 86 point from 1533
03.07 21:07:38 Going to coordinates X=-30.270, Y=-36.887
03.07 21:07:38 Moving is finished
03.07 21:09:15 Scanning 87 point from 1533
03.07 21:09:15 Going to coordinates X=-30.260, Y=-36.887
03.07 21:09:15 Moving is finished
03.07 21:10:51 Scanning 88 point from 1533
03.07 21:10:51 Going to coordinates X=-30.250, Y=-36.887
03.07 21:10:52 Moving is finished
03.07 21:12:28 Scanning 89 point from 1533
03.07 21:12:28 Going to coordinates X=-30.240, Y=-36.887
03.07 21:12:28 Moving is finished
03.07 21:14:05 Scanning 90 point from 1533
03.07 21:14:05 Going to coordinates X=-30.230, Y=-36.887
03.07 21:14:05 Moving is finished
03.07 21:15:41 Scanning 91 point from 1533
03.07 21:15:41 Going to coordinates X=-30.220, Y=-36.887
03.07 21:15:41 Moving is finished
03.07 21:17:19 Scanning 92 point from 1533
03.07 21:17:19 Going to coordinates X=-30.210, Y=-36.887
03.07 21:17:19 Moving is finished
03.07 21:18:55 Scanning 93 point from 1533
03.07 21:18:55 Going to coordinates X=-30.200, Y=-36.887
03.07 21:18:56 Moving is finished
03.07 21:20:32 Scanning 94 point from 1533
03.07 21:20:32 Going to coordinates X=-30.190, Y=-36.887
03.07 21:20:32 Moving is finished
03.07 21:22:08 Scanning 95 point from 1533
03.07 21:22:08 Going to coordinates X=-30.180, Y=-36.887
03.07 21:22:09 Moving is finished
03.07 21:23:45 Scanning 96 point from 1533
03.07 21:23:45 Going to coordinates X=-30.170, Y=-36.887
03.07 21:23:45 Moving is finished
03.07 21:25:22 Scanning 97 point from 1533
03.07 21:25:22 Going to coordinates X=-30.160, Y=-36.887
03.07 21:25:22 Moving is finished
03.07 21:26:58 Scanning 98 point from 1533
03.07 21:26:58 Going to coordinates X=-30.150, Y=-36.887
03.07 21:26:58 Moving is finished
03.07 21:28:34 Scanning 99 point from 1533
03.07 21:28:34 Going to coordinates X=-30.140, Y=-36.887
03.07 21:28:35 Moving is finished
03.07 21:30:11 Scanning 100 point from 1533
03.07 21:30:11 Going to coordinates X=-30.130, Y=-36.887
03.07 21:30:11 Moving is finished
03.07 21:31:48 Scanning 101 point from 1533
03.07 21:31:48 Going to coordinates X=-30.120, Y=-36.887
03.07 21:31:48 Moving is finished
03.07 21:33:24 Scanning 102 point from 1533
03.07 21:33:24 Going to coordinates X=-30.110, Y=-36.887
03.07 21:33:24 Moving is finished
03.07 21:35:01 Scanning 103 point from 1533
03.07 21:35:01 Going to coordinates X=-30.100, Y=-36.887
03.07 21:35:01 Moving is finished
03.07 21:36:37 Scanning 104 point from 1533
03.07 21:36:37 Going to coordinates X=-30.090, Y=-36.887
03.07 21:36:37 Moving is finished
03.07 21:38:14 Scanning 105 point from 1533
03.07 21:38:14 Going to coordinates X=-30.080, Y=-36.887
03.07 21:38:14 Moving is finished
03.07 21:39:51 Scanning 106 point from 1533
03.07 21:39:51 Going to coordinates X=-30.070, Y=-36.887
03.07 21:39:51 Moving is finished
03.07 21:41:28 Scanning 107 point from 1533
03.07 21:41:28 Going to coordinates X=-30.060, Y=-36.887
03.07 21:41:28 Moving is finished
03.07 21:43:04 Scanning 108 point from 1533
03.07 21:43:04 Going to coordinates X=-30.050, Y=-36.887
03.07 21:43:05 Moving is finished
03.07 21:44:41 Scanning 109 point from 1533
03.07 21:44:41 Going to coordinates X=-30.040, Y=-36.887
03.07 21:44:41 Moving is finished
03.07 21:46:18 Scanning 110 point from 1533
03.07 21:46:18 Going to coordinates X=-30.030, Y=-36.887
03.07 21:46:18 Moving is finished
03.07 21:47:54 Scanning 111 point from 1533
03.07 21:47:54 Going to coordinates X=-30.020, Y=-36.887
03.07 21:47:54 Moving is finished
03.07 21:49:31 Scanning 112 point from 1533
03.07 21:49:31 Going to coordinates X=-30.010, Y=-36.887
03.07 21:49:31 Moving is finished
03.07 21:51:07 Scanning 113 point from 1533
03.07 21:51:07 Going to coordinates X=-30.000, Y=-36.887
03.07 21:51:07 Moving is finished
03.07 21:52:44 Scanning 114 point from 1533
03.07 21:52:44 Going to coordinates X=-29.990, Y=-36.887
03.07 21:52:44 Moving is finished
03.07 21:54:21 Scanning 115 point from 1533
03.07 21:54:21 Going to coordinates X=-29.980, Y=-36.887
03.07 21:54:21 Moving is finished
03.07 21:55:57 Scanning 116 point from 1533
03.07 21:55:57 Going to coordinates X=-29.970, Y=-36.887
03.07 21:55:58 Moving is finished
03.07 21:57:34 Scanning 117 point from 1533
03.07 21:57:34 Going to coordinates X=-29.960, Y=-36.887
03.07 21:57:34 Moving is finished
03.07 21:59:11 Scanning 118 point from 1533
03.07 21:59:11 Going to coordinates X=-29.950, Y=-36.887
03.07 21:59:11 Moving is finished
03.07 22:00:48 Scanning 119 point from 1533
03.07 22:00:48 Going to coordinates X=-29.940, Y=-36.887
03.07 22:00:48 Moving is finished
03.07 22:02:25 Scanning 120 point from 1533
03.07 22:02:25 Going to coordinates X=-29.930, Y=-36.887
03.07 22:02:25 Moving is finished
03.07 22:04:01 Scanning 121 point from 1533
03.07 22:04:01 Going to coordinates X=-29.920, Y=-36.887
03.07 22:04:01 Moving is finished
03.07 22:05:38 Scanning 122 point from 1533
03.07 22:05:38 Going to coordinates X=-29.910, Y=-36.887
03.07 22:05:38 Moving is finished
03.07 22:07:16 Scanning 123 point from 1533
03.07 22:07:16 Going to coordinates X=-29.900, Y=-36.887
03.07 22:07:16 Moving is finished
03.07 22:08:52 Scanning 124 point from 1533
03.07 22:08:52 Going to coordinates X=-29.890, Y=-36.887
03.07 22:08:52 Moving is finished
03.07 22:10:29 Scanning 125 point from 1533
03.07 22:10:29 Going to coordinates X=-29.880, Y=-36.887
03.07 22:10:29 Moving is finished
03.07 22:12:06 Scanning 126 point from 1533
03.07 22:12:06 Going to coordinates X=-29.870, Y=-36.887
03.07 22:12:06 Moving is finished
03.07 22:13:43 Scanning 127 point from 1533
03.07 22:13:43 Going to coordinates X=-29.860, Y=-36.887
03.07 22:13:43 Moving is finished
03.07 22:15:20 Scanning 128 point from 1533
03.07 22:15:20 Going to coordinates X=-29.850, Y=-36.887
03.07 22:15:20 Moving is finished
03.07 22:16:57 Scanning 129 point from 1533
03.07 22:16:57 Going to coordinates X=-29.840, Y=-36.887
03.07 22:16:57 Moving is finished
03.07 22:18:34 Scanning 130 point from 1533
03.07 22:18:34 Going to coordinates X=-29.830, Y=-36.887
03.07 22:18:34 Moving is finished
03.07 22:20:11 Scanning 131 point from 1533
03.07 22:20:11 Going to coordinates X=-29.820, Y=-36.887
03.07 22:20:11 Moving is finished
03.07 22:21:48 Scanning 132 point from 1533
03.07 22:21:48 Going to coordinates X=-29.810, Y=-36.887
03.07 22:21:48 Moving is finished
03.07 22:23:24 Scanning 133 point from 1533
03.07 22:23:24 Going to coordinates X=-29.800, Y=-36.887
03.07 22:23:24 Moving is finished
03.07 22:25:01 Scanning 134 point from 1533
03.07 22:25:01 Going to coordinates X=-29.790, Y=-36.887
03.07 22:25:01 Moving is finished
03.07 22:26:37 Scanning 135 point from 1533
03.07 22:26:37 Going to coordinates X=-29.780, Y=-36.887
03.07 22:26:38 Moving is finished
03.07 22:28:14 Scanning 136 point from 1533
03.07 22:28:14 Going to coordinates X=-29.770, Y=-36.887
03.07 22:28:15 Moving is finished
03.07 22:29:51 Scanning 137 point from 1533
03.07 22:29:51 Going to coordinates X=-29.760, Y=-36.887
03.07 22:29:51 Moving is finished
03.07 22:31:28 Scanning 138 point from 1533
03.07 22:31:28 Going to coordinates X=-29.750, Y=-36.887
03.07 22:31:28 Moving is finished
03.07 22:33:04 Scanning 139 point from 1533
03.07 22:33:04 Going to coordinates X=-29.740, Y=-36.887
03.07 22:33:04 Moving is finished
03.07 22:34:41 Scanning 140 point from 1533
03.07 22:34:41 Going to coordinates X=-29.730, Y=-36.887
03.07 22:34:41 Moving is finished
03.07 22:36:17 Scanning 141 point from 1533
03.07 22:36:17 Going to coordinates X=-29.720, Y=-36.887
03.07 22:36:18 Moving is finished
03.07 22:37:54 Scanning 142 point from 1533
03.07 22:37:54 Going to coordinates X=-29.710, Y=-36.887
03.07 22:37:54 Moving is finished
03.07 22:39:31 Scanning 143 point from 1533
03.07 22:39:31 Going to coordinates X=-29.700, Y=-36.887
03.07 22:39:31 Moving is finished
03.07 22:41:07 Scanning 144 point from 1533
03.07 22:41:07 Going to coordinates X=-29.690, Y=-36.887
03.07 22:41:08 Moving is finished
03.07 22:42:44 Scanning 145 point from 1533
03.07 22:42:44 Going to coordinates X=-29.680, Y=-36.887
03.07 22:42:44 Moving is finished
03.07 22:44:21 Scanning 146 point from 1533
03.07 22:44:21 Going to coordinates X=-30.400, Y=-36.877
03.07 22:44:22 Moving is finished
03.07 22:45:59 Scanning 147 point from 1533
03.07 22:45:59 Going to coordinates X=-30.390, Y=-36.877
03.07 22:45:59 Moving is finished
03.07 22:47:35 Scanning 148 point from 1533
03.07 22:47:35 Going to coordinates X=-30.380, Y=-36.877
03.07 22:47:36 Moving is finished
03.07 22:49:12 Scanning 149 point from 1533
03.07 22:49:12 Going to coordinates X=-30.370, Y=-36.877
03.07 22:49:12 Moving is finished
03.07 22:50:49 Scanning 150 point from 1533
03.07 22:50:49 Going to coordinates X=-30.360, Y=-36.877
03.07 22:50:49 Moving is finished
03.07 22:52:25 Scanning 151 point from 1533
03.07 22:52:25 Going to coordinates X=-30.350, Y=-36.877
03.07 22:52:26 Moving is finished
03.07 22:54:02 Scanning 152 point from 1533
03.07 22:54:02 Going to coordinates X=-30.340, Y=-36.877
03.07 22:54:02 Moving is finished
03.07 22:55:39 Scanning 153 point from 1533
03.07 22:55:39 Going to coordinates X=-30.330, Y=-36.877
03.07 22:55:39 Moving is finished
03.07 22:57:15 Scanning 154 point from 1533
03.07 22:57:15 Going to coordinates X=-30.320, Y=-36.877
03.07 22:57:16 Moving is finished
03.07 22:58:52 Scanning 155 point from 1533
03.07 22:58:52 Going to coordinates X=-30.310, Y=-36.877
03.07 22:58:52 Moving is finished
03.07 23:00:29 Scanning 156 point from 1533
03.07 23:00:29 Going to coordinates X=-30.300, Y=-36.877
03.07 23:00:29 Moving is finished
03.07 23:02:05 Scanning 157 point from 1533
03.07 23:02:05 Going to coordinates X=-30.290, Y=-36.877
03.07 23:02:06 Moving is finished
03.07 23:03:42 Scanning 158 point from 1533
03.07 23:03:42 Going to coordinates X=-30.280, Y=-36.877
03.07 23:03:42 Moving is finished
03.07 23:05:19 Scanning 159 point from 1533
03.07 23:05:19 Going to coordinates X=-30.270, Y=-36.877
03.07 23:05:19 Moving is finished
03.07 23:06:55 Scanning 160 point from 1533
03.07 23:06:55 Going to coordinates X=-30.260, Y=-36.877
03.07 23:06:55 Moving is finished
03.07 23:08:32 Scanning 161 point from 1533
03.07 23:08:32 Going to coordinates X=-30.250, Y=-36.877
03.07 23:08:32 Moving is finished
03.07 23:10:09 Scanning 162 point from 1533
03.07 23:10:09 Going to coordinates X=-30.240, Y=-36.877
03.07 23:10:09 Moving is finished
03.07 23:11:46 Scanning 163 point from 1533
03.07 23:11:46 Going to coordinates X=-30.230, Y=-36.877
03.07 23:11:46 Moving is finished
03.07 23:13:23 Scanning 164 point from 1533
03.07 23:13:23 Going to coordinates X=-30.220, Y=-36.877
03.07 23:13:23 Moving is finished
03.07 23:15:00 Scanning 165 point from 1533
03.07 23:15:00 Going to coordinates X=-30.210, Y=-36.877
03.07 23:15:00 Moving is finished
03.07 23:16:37 Scanning 166 point from 1533
03.07 23:16:37 Going to coordinates X=-30.200, Y=-36.877
03.07 23:16:37 Moving is finished
03.07 23:18:14 Scanning 167 point from 1533
03.07 23:18:14 Going to coordinates X=-30.190, Y=-36.877
03.07 23:18:14 Moving is finished
03.07 23:19:50 Scanning 168 point from 1533
03.07 23:19:50 Going to coordinates X=-30.180, Y=-36.877
03.07 23:19:51 Moving is finished
03.07 23:21:27 Scanning 169 point from 1533
03.07 23:21:27 Going to coordinates X=-30.170, Y=-36.877
03.07 23:21:27 Moving is finished
03.07 23:23:04 Scanning 170 point from 1533
03.07 23:23:04 Going to coordinates X=-30.160, Y=-36.877
03.07 23:23:04 Moving is finished
03.07 23:24:40 Scanning 171 point from 1533
03.07 23:24:40 Going to coordinates X=-30.150, Y=-36.877
03.07 23:24:41 Moving is finished
03.07 23:26:17 Scanning 172 point from 1533
03.07 23:26:17 Going to coordinates X=-30.140, Y=-36.877
03.07 23:26:17 Moving is finished
03.07 23:27:54 Scanning 173 point from 1533
03.07 23:27:54 Going to coordinates X=-30.130, Y=-36.877
03.07 23:27:54 Moving is finished
03.07 23:29:31 Scanning 174 point from 1533
03.07 23:29:31 Going to coordinates X=-30.120, Y=-36.877
03.07 23:29:31 Moving is finished
03.07 23:31:08 Scanning 175 point from 1533
03.07 23:31:08 Going to coordinates X=-30.110, Y=-36.877
03.07 23:31:08 Moving is finished
03.07 23:32:44 Scanning 176 point from 1533
03.07 23:32:44 Going to coordinates X=-30.100, Y=-36.877
03.07 23:32:44 Moving is finished
03.07 23:34:21 Scanning 177 point from 1533
03.07 23:34:21 Going to coordinates X=-30.090, Y=-36.877
03.07 23:34:21 Moving is finished
03.07 23:35:57 Scanning 178 point from 1533
03.07 23:35:57 Going to coordinates X=-30.080, Y=-36.877
03.07 23:35:57 Moving is finished
03.07 23:37:34 Scanning 179 point from 1533
03.07 23:37:34 Going to coordinates X=-30.070, Y=-36.877
03.07 23:37:34 Moving is finished
03.07 23:39:10 Scanning 180 point from 1533
03.07 23:39:10 Going to coordinates X=-30.060, Y=-36.877
03.07 23:39:10 Moving is finished
03.07 23:40:47 Scanning 181 point from 1533
03.07 23:40:47 Going to coordinates X=-30.050, Y=-36.877
03.07 23:40:48 Moving is finished
03.07 23:42:24 Scanning 182 point from 1533
03.07 23:42:24 Going to coordinates X=-30.040, Y=-36.877
03.07 23:42:24 Moving is finished
03.07 23:44:01 Scanning 183 point from 1533
03.07 23:44:01 Going to coordinates X=-30.030, Y=-36.877
03.07 23:44:01 Moving is finished
03.07 23:45:37 Scanning 184 point from 1533
03.07 23:45:37 Going to coordinates X=-30.020, Y=-36.877
03.07 23:45:37 Moving is finished
03.07 23:47:14 Scanning 185 point from 1533
03.07 23:47:14 Going to coordinates X=-30.010, Y=-36.877
03.07 23:47:14 Moving is finished
03.07 23:48:51 Scanning 186 point from 1533
03.07 23:48:51 Going to coordinates X=-30.000, Y=-36.877
03.07 23:48:51 Moving is finished
03.07 23:50:27 Scanning 187 point from 1533
03.07 23:50:27 Going to coordinates X=-29.990, Y=-36.877
03.07 23:50:28 Moving is finished
03.07 23:52:04 Scanning 188 point from 1533
03.07 23:52:04 Going to coordinates X=-29.980, Y=-36.877
03.07 23:52:04 Moving is finished
03.07 23:53:40 Scanning 189 point from 1533
03.07 23:53:40 Going to coordinates X=-29.970, Y=-36.877
03.07 23:53:41 Moving is finished
03.07 23:55:18 Scanning 190 point from 1533
03.07 23:55:18 Going to coordinates X=-29.960, Y=-36.877
03.07 23:55:18 Moving is finished
03.07 23:56:55 Scanning 191 point from 1533
03.07 23:56:55 Going to coordinates X=-29.950, Y=-36.877
03.07 23:56:55 Moving is finished
03.07 23:58:31 Scanning 192 point from 1533
03.07 23:58:31 Going to coordinates X=-29.940, Y=-36.877
03.07 23:58:32 Moving is finished
04.07 00:00:08 Scanning 193 point from 1533
04.07 00:00:08 Going to coordinates X=-29.930, Y=-36.877
04.07 00:00:08 Moving is finished
04.07 00:01:45 Scanning 194 point from 1533
04.07 00:01:45 Going to coordinates X=-29.920, Y=-36.877
04.07 00:01:45 Moving is finished
04.07 00:03:21 Scanning 195 point from 1533
04.07 00:03:21 Going to coordinates X=-29.910, Y=-36.877
04.07 00:03:21 Moving is finished
04.07 00:04:58 Scanning 196 point from 1533
04.07 00:04:58 Going to coordinates X=-29.900, Y=-36.877
04.07 00:04:58 Moving is finished
04.07 00:06:34 Scanning 197 point from 1533
04.07 00:06:34 Going to coordinates X=-29.890, Y=-36.877
04.07 00:06:35 Moving is finished
04.07 00:08:11 Scanning 198 point from 1533
04.07 00:08:11 Going to coordinates X=-29.880, Y=-36.877
04.07 00:08:11 Moving is finished
04.07 00:09:48 Scanning 199 point from 1533
04.07 00:09:48 Going to coordinates X=-29.870, Y=-36.877
04.07 00:09:48 Moving is finished
04.07 00:11:25 Scanning 200 point from 1533
04.07 00:11:25 Going to coordinates X=-29.860, Y=-36.877
04.07 00:11:25 Moving is finished
04.07 00:13:01 Scanning 201 point from 1533
04.07 00:13:01 Going to coordinates X=-29.850, Y=-36.877
04.07 00:13:01 Moving is finished
04.07 00:14:38 Scanning 202 point from 1533
04.07 00:14:38 Going to coordinates X=-29.840, Y=-36.877
04.07 00:14:38 Moving is finished
04.07 00:16:15 Scanning 203 point from 1533
04.07 00:16:15 Going to coordinates X=-29.830, Y=-36.877
04.07 00:16:15 Moving is finished
04.07 00:17:51 Scanning 204 point from 1533
04.07 00:17:51 Going to coordinates X=-29.820, Y=-36.877
04.07 00:17:51 Moving is finished
04.07 00:19:28 Scanning 205 point from 1533
04.07 00:19:28 Going to coordinates X=-29.810, Y=-36.877
04.07 00:19:28 Moving is finished
04.07 00:21:05 Scanning 206 point from 1533
04.07 00:21:05 Going to coordinates X=-29.800, Y=-36.877
04.07 00:21:05 Moving is finished
04.07 00:22:41 Scanning 207 point from 1533
04.07 00:22:41 Going to coordinates X=-29.790, Y=-36.877
04.07 00:22:42 Moving is finished
04.07 00:24:18 Scanning 208 point from 1533
04.07 00:24:18 Going to coordinates X=-29.780, Y=-36.877
04.07 00:24:18 Moving is finished
04.07 00:25:55 Scanning 209 point from 1533
04.07 00:25:55 Going to coordinates X=-29.770, Y=-36.877
04.07 00:25:55 Moving is finished
04.07 00:27:31 Scanning 210 point from 1533
04.07 00:27:31 Going to coordinates X=-29.760, Y=-36.877
04.07 00:27:31 Moving is finished
04.07 00:29:08 Scanning 211 point from 1533
04.07 00:29:08 Going to coordinates X=-29.750, Y=-36.877
04.07 00:29:09 Moving is finished
04.07 00:30:45 Scanning 212 point from 1533
04.07 00:30:45 Going to coordinates X=-29.740, Y=-36.877
04.07 00:30:45 Moving is finished
04.07 00:32:22 Scanning 213 point from 1533
04.07 00:32:22 Going to coordinates X=-29.730, Y=-36.877
04.07 00:32:22 Moving is finished
04.07 00:33:58 Scanning 214 point from 1533
04.07 00:33:58 Going to coordinates X=-29.720, Y=-36.877
04.07 00:33:58 Moving is finished
04.07 00:35:35 Scanning 215 point from 1533
04.07 00:35:35 Going to coordinates X=-29.710, Y=-36.877
04.07 00:35:35 Moving is finished
04.07 00:37:12 Scanning 216 point from 1533
04.07 00:37:12 Going to coordinates X=-29.700, Y=-36.877
04.07 00:37:12 Moving is finished
04.07 00:38:48 Scanning 217 point from 1533
04.07 00:38:48 Going to coordinates X=-29.690, Y=-36.877
04.07 00:38:48 Moving is finished
04.07 00:40:25 Scanning 218 point from 1533
04.07 00:40:25 Going to coordinates X=-29.680, Y=-36.877
04.07 00:40:25 Moving is finished
04.07 00:42:02 Scanning 219 point from 1533
04.07 00:42:02 Going to coordinates X=-30.400, Y=-36.867
04.07 00:42:03 Moving is finished
04.07 00:43:39 Scanning 220 point from 1533
04.07 00:43:39 Going to coordinates X=-30.390, Y=-36.867
04.07 00:43:39 Moving is finished
04.07 00:45:16 Scanning 221 point from 1533
04.07 00:45:16 Going to coordinates X=-30.380, Y=-36.867
04.07 00:45:16 Moving is finished
04.07 00:46:52 Scanning 222 point from 1533
04.07 00:46:52 Going to coordinates X=-30.370, Y=-36.867
04.07 00:46:52 Moving is finished
04.07 00:48:29 Scanning 223 point from 1533
04.07 00:48:29 Going to coordinates X=-30.360, Y=-36.867
04.07 00:48:29 Moving is finished
04.07 00:50:05 Scanning 224 point from 1533
04.07 00:50:05 Going to coordinates X=-30.350, Y=-36.867
04.07 00:50:05 Moving is finished
04.07 00:51:42 Scanning 225 point from 1533
04.07 00:51:42 Going to coordinates X=-30.340, Y=-36.867
04.07 00:51:42 Moving is finished
04.07 00:53:19 Scanning 226 point from 1533
04.07 00:53:19 Going to coordinates X=-30.330, Y=-36.867
04.07 00:53:19 Moving is finished
04.07 00:54:55 Scanning 227 point from 1533
04.07 00:54:55 Going to coordinates X=-30.320, Y=-36.867
04.07 00:54:56 Moving is finished
04.07 00:56:32 Scanning 228 point from 1533
04.07 00:56:32 Going to coordinates X=-30.310, Y=-36.867
04.07 00:56:32 Moving is finished
04.07 00:58:09 Scanning 229 point from 1533
04.07 00:58:09 Going to coordinates X=-30.300, Y=-36.867
04.07 00:58:09 Moving is finished
04.07 00:59:45 Scanning 230 point from 1533
04.07 00:59:45 Going to coordinates X=-30.290, Y=-36.867
04.07 00:59:45 Moving is finished
04.07 01:01:22 Scanning 231 point from 1533
04.07 01:01:22 Going to coordinates X=-30.280, Y=-36.867
04.07 01:01:22 Moving is finished
04.07 01:02:59 Scanning 232 point from 1533
04.07 01:02:59 Going to coordinates X=-30.270, Y=-36.867
04.07 01:02:59 Moving is finished
04.07 01:04:36 Scanning 233 point from 1533
04.07 01:04:36 Going to coordinates X=-30.260, Y=-36.867
04.07 01:04:36 Moving is finished
04.07 01:06:13 Scanning 234 point from 1533
04.07 01:06:13 Going to coordinates X=-30.250, Y=-36.867
04.07 01:06:13 Moving is finished
04.07 01:07:50 Scanning 235 point from 1533
04.07 01:07:50 Going to coordinates X=-30.240, Y=-36.867
04.07 01:07:51 Moving is finished
04.07 01:09:27 Scanning 236 point from 1533
04.07 01:09:27 Going to coordinates X=-30.230, Y=-36.867
04.07 01:09:27 Moving is finished
04.07 01:11:04 Scanning 237 point from 1533
04.07 01:11:04 Going to coordinates X=-30.220, Y=-36.867
04.07 01:11:04 Moving is finished
04.07 01:12:41 Scanning 238 point from 1533
04.07 01:12:41 Going to coordinates X=-30.210, Y=-36.867
04.07 01:12:41 Moving is finished
04.07 01:14:18 Scanning 239 point from 1533
04.07 01:14:18 Going to coordinates X=-30.200, Y=-36.867
04.07 01:14:18 Moving is finished
04.07 01:15:55 Scanning 240 point from 1533
04.07 01:15:55 Going to coordinates X=-30.190, Y=-36.867
04.07 01:15:55 Moving is finished
04.07 01:17:31 Scanning 241 point from 1533
04.07 01:17:31 Going to coordinates X=-30.180, Y=-36.867
04.07 01:17:31 Moving is finished
04.07 01:19:08 Scanning 242 point from 1533
04.07 01:19:08 Going to coordinates X=-30.170, Y=-36.867
04.07 01:19:08 Moving is finished
04.07 01:20:45 Scanning 243 point from 1533
04.07 01:20:45 Going to coordinates X=-30.160, Y=-36.867
04.07 01:20:45 Moving is finished
04.07 01:22:22 Scanning 244 point from 1533
04.07 01:22:22 Going to coordinates X=-30.150, Y=-36.867
04.07 01:22:22 Moving is finished
04.07 01:23:59 Scanning 245 point from 1533
04.07 01:23:59 Going to coordinates X=-30.140, Y=-36.867
04.07 01:23:59 Moving is finished
04.07 01:25:36 Scanning 246 point from 1533
04.07 01:25:36 Going to coordinates X=-30.130, Y=-36.867
04.07 01:25:36 Moving is finished
04.07 01:27:13 Scanning 247 point from 1533
04.07 01:27:13 Going to coordinates X=-30.120, Y=-36.867
04.07 01:27:13 Moving is finished
04.07 01:28:50 Scanning 248 point from 1533
04.07 01:28:50 Going to coordinates X=-30.110, Y=-36.867
04.07 01:28:50 Moving is finished
04.07 01:30:27 Scanning 249 point from 1533
04.07 01:30:27 Going to coordinates X=-30.100, Y=-36.867
04.07 01:30:27 Moving is finished
04.07 01:32:04 Scanning 250 point from 1533
04.07 01:32:04 Going to coordinates X=-30.090, Y=-36.867
04.07 01:32:04 Moving is finished
04.07 01:33:41 Scanning 251 point from 1533
04.07 01:33:41 Going to coordinates X=-30.080, Y=-36.867
04.07 01:33:41 Moving is finished
04.07 01:35:18 Scanning 252 point from 1533
04.07 01:35:18 Going to coordinates X=-30.070, Y=-36.867
04.07 01:35:18 Moving is finished
04.07 01:36:54 Scanning 253 point from 1533
04.07 01:36:54 Going to coordinates X=-30.060, Y=-36.867
04.07 01:36:54 Moving is finished
04.07 01:38:31 Scanning 254 point from 1533
04.07 01:38:31 Going to coordinates X=-30.050, Y=-36.867
04.07 01:38:31 Moving is finished
04.07 01:40:08 Scanning 255 point from 1533
04.07 01:40:08 Going to coordinates X=-30.040, Y=-36.867
04.07 01:40:08 Moving is finished
04.07 01:41:45 Scanning 256 point from 1533
04.07 01:41:45 Going to coordinates X=-30.030, Y=-36.867
04.07 01:41:45 Moving is finished
04.07 01:43:21 Scanning 257 point from 1533
04.07 01:43:21 Going to coordinates X=-30.020, Y=-36.867
04.07 01:43:21 Moving is finished
04.07 01:44:58 Scanning 258 point from 1533
04.07 01:44:58 Going to coordinates X=-30.010, Y=-36.867
04.07 01:44:58 Moving is finished
04.07 01:46:35 Scanning 259 point from 1533
04.07 01:46:35 Going to coordinates X=-30.000, Y=-36.867
04.07 01:46:35 Moving is finished
04.07 01:48:12 Scanning 260 point from 1533
04.07 01:48:12 Going to coordinates X=-29.990, Y=-36.867
04.07 01:48:13 Moving is finished
04.07 01:49:49 Scanning 261 point from 1533
04.07 01:49:49 Going to coordinates X=-29.980, Y=-36.867
04.07 01:49:49 Moving is finished
04.07 01:51:26 Scanning 262 point from 1533
04.07 01:51:26 Going to coordinates X=-29.970, Y=-36.867
04.07 01:51:26 Moving is finished
04.07 01:53:02 Scanning 263 point from 1533
04.07 01:53:02 Going to coordinates X=-29.960, Y=-36.867
04.07 01:53:02 Moving is finished
04.07 01:54:39 Scanning 264 point from 1533
04.07 01:54:39 Going to coordinates X=-29.950, Y=-36.867
04.07 01:54:39 Moving is finished
04.07 01:56:16 Scanning 265 point from 1533
04.07 01:56:16 Going to coordinates X=-29.940, Y=-36.867
04.07 01:56:17 Moving is finished
04.07 01:57:53 Scanning 266 point from 1533
04.07 01:57:53 Going to coordinates X=-29.930, Y=-36.867
04.07 01:57:53 Moving is finished
04.07 01:59:30 Scanning 267 point from 1533
04.07 01:59:30 Going to coordinates X=-29.920, Y=-36.867
04.07 01:59:30 Moving is finished
04.07 02:01:06 Scanning 268 point from 1533
04.07 02:01:06 Going to coordinates X=-29.910, Y=-36.867
04.07 02:01:06 Moving is finished
04.07 02:02:43 Scanning 269 point from 1533
04.07 02:02:43 Going to coordinates X=-29.900, Y=-36.867
04.07 02:02:43 Moving is finished
04.07 02:04:20 Scanning 270 point from 1533
04.07 02:04:20 Going to coordinates X=-29.890, Y=-36.867
04.07 02:04:20 Moving is finished
04.07 02:05:57 Scanning 271 point from 1533
04.07 02:05:57 Going to coordinates X=-29.880, Y=-36.867
04.07 02:05:57 Moving is finished
04.07 02:07:34 Scanning 272 point from 1533
04.07 02:07:34 Going to coordinates X=-29.870, Y=-36.867
04.07 02:07:34 Moving is finished
04.07 02:09:11 Scanning 273 point from 1533
04.07 02:09:11 Going to coordinates X=-29.860, Y=-36.867
04.07 02:09:11 Moving is finished
04.07 02:10:47 Scanning 274 point from 1533
04.07 02:10:47 Going to coordinates X=-29.850, Y=-36.867
04.07 02:10:48 Moving is finished
04.07 02:12:24 Scanning 275 point from 1533
04.07 02:12:24 Going to coordinates X=-29.840, Y=-36.867
04.07 02:12:24 Moving is finished
04.07 02:14:01 Scanning 276 point from 1533
04.07 02:14:01 Going to coordinates X=-29.830, Y=-36.867
04.07 02:14:01 Moving is finished
04.07 02:15:37 Scanning 277 point from 1533
04.07 02:15:37 Going to coordinates X=-29.820, Y=-36.867
04.07 02:15:37 Moving is finished
04.07 02:17:14 Scanning 278 point from 1533
04.07 02:17:14 Going to coordinates X=-29.810, Y=-36.867
04.07 02:17:14 Moving is finished
04.07 02:18:51 Scanning 279 point from 1533
04.07 02:18:51 Going to coordinates X=-29.800, Y=-36.867
04.07 02:18:51 Moving is finished
04.07 02:20:27 Scanning 280 point from 1533
04.07 02:20:27 Going to coordinates X=-29.790, Y=-36.867
04.07 02:20:27 Moving is finished
04.07 02:22:04 Scanning 281 point from 1533
04.07 02:22:04 Going to coordinates X=-29.780, Y=-36.867
04.07 02:22:04 Moving is finished
04.07 02:23:40 Scanning 282 point from 1533
04.07 02:23:40 Going to coordinates X=-29.770, Y=-36.867
04.07 02:23:41 Moving is finished
04.07 02:25:17 Scanning 283 point from 1533
04.07 02:25:17 Going to coordinates X=-29.760, Y=-36.867
04.07 02:25:17 Moving is finished
04.07 02:26:54 Scanning 284 point from 1533
04.07 02:26:54 Going to coordinates X=-29.750, Y=-36.867
04.07 02:26:54 Moving is finished
04.07 02:28:31 Scanning 285 point from 1533
04.07 02:28:31 Going to coordinates X=-29.740, Y=-36.867
04.07 02:28:31 Moving is finished
04.07 02:30:07 Scanning 286 point from 1533
04.07 02:30:07 Going to coordinates X=-29.730, Y=-36.867
04.07 02:30:07 Moving is finished
04.07 02:31:44 Scanning 287 point from 1533
04.07 02:31:44 Going to coordinates X=-29.720, Y=-36.867
04.07 02:31:44 Moving is finished
04.07 02:33:20 Scanning 288 point from 1533
04.07 02:33:20 Going to coordinates X=-29.710, Y=-36.867
04.07 02:33:20 Moving is finished
04.07 02:34:57 Scanning 289 point from 1533
04.07 02:34:57 Going to coordinates X=-29.700, Y=-36.867
04.07 02:34:57 Moving is finished
04.07 02:36:34 Scanning 290 point from 1533
04.07 02:36:34 Going to coordinates X=-29.690, Y=-36.867
04.07 02:36:34 Moving is finished
04.07 02:38:11 Scanning 291 point from 1533
04.07 02:38:11 Going to coordinates X=-29.680, Y=-36.867
04.07 02:38:11 Moving is finished
04.07 02:39:48 Scanning 292 point from 1533
04.07 02:39:48 Going to coordinates X=-30.400, Y=-36.857
04.07 02:39:48 Moving is finished
04.07 02:41:25 Scanning 293 point from 1533
04.07 02:41:25 Going to coordinates X=-30.390, Y=-36.857
04.07 02:41:25 Moving is finished
04.07 02:43:02 Scanning 294 point from 1533
04.07 02:43:02 Going to coordinates X=-30.380, Y=-36.857
04.07 02:43:02 Moving is finished
04.07 02:44:38 Scanning 295 point from 1533
04.07 02:44:38 Going to coordinates X=-30.370, Y=-36.857
04.07 02:44:38 Moving is finished
04.07 02:46:15 Scanning 296 point from 1533
04.07 02:46:15 Going to coordinates X=-30.360, Y=-36.857
04.07 02:46:15 Moving is finished
04.07 02:47:52 Scanning 297 point from 1533
04.07 02:47:52 Going to coordinates X=-30.350, Y=-36.857
04.07 02:47:52 Moving is finished
04.07 02:49:29 Scanning 298 point from 1533
04.07 02:49:29 Going to coordinates X=-30.340, Y=-36.857
04.07 02:49:29 Moving is finished
04.07 02:51:06 Scanning 299 point from 1533
04.07 02:51:06 Going to coordinates X=-30.330, Y=-36.857
04.07 02:51:06 Moving is finished
04.07 02:52:43 Scanning 300 point from 1533
04.07 02:52:43 Going to coordinates X=-30.320, Y=-36.857
04.07 02:52:43 Moving is finished
04.07 02:54:20 Scanning 301 point from 1533
04.07 02:54:20 Going to coordinates X=-30.310, Y=-36.857
04.07 02:54:21 Moving is finished
04.07 02:55:57 Scanning 302 point from 1533
04.07 02:55:57 Going to coordinates X=-30.300, Y=-36.857
04.07 02:55:57 Moving is finished
04.07 02:57:34 Scanning 303 point from 1533
04.07 02:57:34 Going to coordinates X=-30.290, Y=-36.857
04.07 02:57:34 Moving is finished
04.07 02:59:11 Scanning 304 point from 1533
04.07 02:59:11 Going to coordinates X=-30.280, Y=-36.857
04.07 02:59:11 Moving is finished
04.07 03:00:47 Scanning 305 point from 1533
04.07 03:00:47 Going to coordinates X=-30.270, Y=-36.857
04.07 03:00:47 Moving is finished
04.07 03:02:23 Scanning 306 point from 1533
04.07 03:02:23 Going to coordinates X=-30.260, Y=-36.857
04.07 03:02:24 Moving is finished
04.07 03:04:00 Scanning 307 point from 1533
04.07 03:04:00 Going to coordinates X=-30.250, Y=-36.857
04.07 03:04:00 Moving is finished
04.07 03:05:36 Scanning 308 point from 1533
04.07 03:05:36 Going to coordinates X=-30.240, Y=-36.857
04.07 03:05:36 Moving is finished
04.07 03:07:13 Scanning 309 point from 1533
04.07 03:07:13 Going to coordinates X=-30.230, Y=-36.857
04.07 03:07:13 Moving is finished
04.07 03:08:49 Scanning 310 point from 1533
04.07 03:08:49 Going to coordinates X=-30.220, Y=-36.857
04.07 03:08:50 Moving is finished
04.07 03:10:26 Scanning 311 point from 1533
04.07 03:10:26 Going to coordinates X=-30.210, Y=-36.857
04.07 03:10:26 Moving is finished
04.07 03:12:02 Scanning 312 point from 1533
04.07 03:12:02 Going to coordinates X=-30.200, Y=-36.857
04.07 03:12:03 Moving is finished
04.07 03:13:40 Scanning 313 point from 1533
04.07 03:13:40 Going to coordinates X=-30.190, Y=-36.857
04.07 03:13:40 Moving is finished
04.07 03:15:16 Scanning 314 point from 1533
04.07 03:15:16 Going to coordinates X=-30.180, Y=-36.857
04.07 03:15:17 Moving is finished
04.07 03:16:54 Scanning 315 point from 1533
04.07 03:16:54 Going to coordinates X=-30.170, Y=-36.857
04.07 03:16:54 Moving is finished
04.07 03:18:30 Scanning 316 point from 1533
04.07 03:18:30 Going to coordinates X=-30.160, Y=-36.857
04.07 03:18:30 Moving is finished
04.07 03:20:07 Scanning 317 point from 1533
04.07 03:20:07 Going to coordinates X=-30.150, Y=-36.857
04.07 03:20:07 Moving is finished
04.07 03:21:44 Scanning 318 point from 1533
04.07 03:21:44 Going to coordinates X=-30.140, Y=-36.857
04.07 03:21:44 Moving is finished
04.07 03:23:21 Scanning 319 point from 1533
04.07 03:23:21 Going to coordinates X=-30.130, Y=-36.857
04.07 03:23:21 Moving is finished
04.07 03:24:57 Scanning 320 point from 1533
04.07 03:24:57 Going to coordinates X=-30.120, Y=-36.857
04.07 03:24:58 Moving is finished
04.07 03:26:34 Scanning 321 point from 1533
04.07 03:26:34 Going to coordinates X=-30.110, Y=-36.857
04.07 03:26:34 Moving is finished
04.07 03:28:11 Scanning 322 point from 1533
04.07 03:28:11 Going to coordinates X=-30.100, Y=-36.857
04.07 03:28:11 Moving is finished
04.07 03:29:48 Scanning 323 point from 1533
04.07 03:29:48 Going to coordinates X=-30.090, Y=-36.857
04.07 03:29:48 Moving is finished
04.07 03:31:25 Scanning 324 point from 1533
04.07 03:31:25 Going to coordinates X=-30.080, Y=-36.857
04.07 03:31:25 Moving is finished
04.07 03:33:02 Scanning 325 point from 1533
04.07 03:33:02 Going to coordinates X=-30.070, Y=-36.857
04.07 03:33:02 Moving is finished
04.07 03:34:39 Scanning 326 point from 1533
04.07 03:34:39 Going to coordinates X=-30.060, Y=-36.857
04.07 03:34:39 Moving is finished
04.07 03:36:15 Scanning 327 point from 1533
04.07 03:36:15 Going to coordinates X=-30.050, Y=-36.857
04.07 03:36:15 Moving is finished
04.07 03:37:53 Scanning 328 point from 1533
04.07 03:37:53 Going to coordinates X=-30.040, Y=-36.857
04.07 03:37:53 Moving is finished
04.07 03:39:29 Scanning 329 point from 1533
04.07 03:39:29 Going to coordinates X=-30.030, Y=-36.857
04.07 03:39:29 Moving is finished
04.07 03:41:06 Scanning 330 point from 1533
04.07 03:41:06 Going to coordinates X=-30.020, Y=-36.857
04.07 03:41:06 Moving is finished
04.07 03:42:42 Scanning 331 point from 1533
04.07 03:42:42 Going to coordinates X=-30.010, Y=-36.857
04.07 03:42:42 Moving is finished
04.07 03:44:19 Scanning 332 point from 1533
04.07 03:44:19 Going to coordinates X=-30.000, Y=-36.857
04.07 03:44:19 Moving is finished
04.07 03:45:56 Scanning 333 point from 1533
04.07 03:45:56 Going to coordinates X=-29.990, Y=-36.857
04.07 03:45:56 Moving is finished
04.07 03:47:32 Scanning 334 point from 1533
04.07 03:47:32 Going to coordinates X=-29.980, Y=-36.857
04.07 03:47:33 Moving is finished
04.07 03:49:10 Scanning 335 point from 1533
04.07 03:49:10 Going to coordinates X=-29.970, Y=-36.857
04.07 03:49:10 Moving is finished
04.07 03:50:46 Scanning 336 point from 1533
04.07 03:50:46 Going to coordinates X=-29.960, Y=-36.857
04.07 03:50:46 Moving is finished
04.07 03:52:23 Scanning 337 point from 1533
04.07 03:52:23 Going to coordinates X=-29.950, Y=-36.857
04.07 03:52:23 Moving is finished
04.07 03:53:59 Scanning 338 point from 1533
04.07 03:53:59 Going to coordinates X=-29.940, Y=-36.857
04.07 03:54:00 Moving is finished
04.07 03:55:36 Scanning 339 point from 1533
04.07 03:55:36 Going to coordinates X=-29.930, Y=-36.857
04.07 03:55:36 Moving is finished
04.07 03:57:13 Scanning 340 point from 1533
04.07 03:57:13 Going to coordinates X=-29.920, Y=-36.857
04.07 03:57:14 Moving is finished
04.07 03:58:51 Scanning 341 point from 1533
04.07 03:58:51 Going to coordinates X=-29.910, Y=-36.857
04.07 03:58:51 Moving is finished
04.07 04:00:27 Scanning 342 point from 1533
04.07 04:00:27 Going to coordinates X=-29.900, Y=-36.857
04.07 04:00:28 Moving is finished
04.07 04:02:04 Scanning 343 point from 1533
04.07 04:02:04 Going to coordinates X=-29.890, Y=-36.857
04.07 04:02:04 Moving is finished
04.07 04:03:41 Scanning 344 point from 1533
04.07 04:03:41 Going to coordinates X=-29.880, Y=-36.857
04.07 04:03:41 Moving is finished
04.07 04:05:17 Scanning 345 point from 1533
04.07 04:05:17 Going to coordinates X=-29.870, Y=-36.857
04.07 04:05:17 Moving is finished
04.07 04:06:54 Scanning 346 point from 1533
04.07 04:06:54 Going to coordinates X=-29.860, Y=-36.857
04.07 04:06:54 Moving is finished
04.07 04:08:31 Scanning 347 point from 1533
04.07 04:08:31 Going to coordinates X=-29.850, Y=-36.857
04.07 04:08:31 Moving is finished
04.07 04:10:07 Scanning 348 point from 1533
04.07 04:10:07 Going to coordinates X=-29.840, Y=-36.857
04.07 04:10:07 Moving is finished
04.07 04:11:44 Scanning 349 point from 1533
04.07 04:11:44 Going to coordinates X=-29.830, Y=-36.857
04.07 04:11:44 Moving is finished
04.07 04:13:20 Scanning 350 point from 1533
04.07 04:13:20 Going to coordinates X=-29.820, Y=-36.857
04.07 04:13:20 Moving is finished
04.07 04:14:57 Scanning 351 point from 1533
04.07 04:14:57 Going to coordinates X=-29.810, Y=-36.857
04.07 04:14:57 Moving is finished
04.07 04:16:34 Scanning 352 point from 1533
04.07 04:16:34 Going to coordinates X=-29.800, Y=-36.857
04.07 04:16:34 Moving is finished
04.07 04:18:11 Scanning 353 point from 1533
04.07 04:18:11 Going to coordinates X=-29.790, Y=-36.857
04.07 04:18:11 Moving is finished
04.07 04:19:47 Scanning 354 point from 1533
04.07 04:19:47 Going to coordinates X=-29.780, Y=-36.857
04.07 04:19:47 Moving is finished
04.07 04:21:24 Scanning 355 point from 1533
04.07 04:21:24 Going to coordinates X=-29.770, Y=-36.857
04.07 04:21:25 Moving is finished
04.07 04:23:01 Scanning 356 point from 1533
04.07 04:23:01 Going to coordinates X=-29.760, Y=-36.857
04.07 04:23:01 Moving is finished
04.07 04:24:38 Scanning 357 point from 1533
04.07 04:24:38 Going to coordinates X=-29.750, Y=-36.857
04.07 04:24:38 Moving is finished
04.07 04:26:16 Scanning 358 point from 1533
04.07 04:26:16 Going to coordinates X=-29.740, Y=-36.857
04.07 04:26:16 Moving is finished
04.07 04:27:53 Scanning 359 point from 1533
04.07 04:27:53 Going to coordinates X=-29.730, Y=-36.857
04.07 04:27:53 Moving is finished
04.07 04:29:30 Scanning 360 point from 1533
04.07 04:29:30 Going to coordinates X=-29.720, Y=-36.857
04.07 04:29:30 Moving is finished
04.07 04:31:06 Scanning 361 point from 1533
04.07 04:31:06 Going to coordinates X=-29.710, Y=-36.857
04.07 04:31:07 Moving is finished
04.07 04:32:43 Scanning 362 point from 1533
04.07 04:32:43 Going to coordinates X=-29.700, Y=-36.857
04.07 04:32:43 Moving is finished
04.07 04:34:19 Scanning 363 point from 1533
04.07 04:34:19 Going to coordinates X=-29.690, Y=-36.857
04.07 04:34:20 Moving is finished
04.07 04:35:56 Scanning 364 point from 1533
04.07 04:35:56 Going to coordinates X=-29.680, Y=-36.857
04.07 04:35:56 Moving is finished
04.07 04:37:33 Scanning 365 point from 1533
04.07 04:37:33 Going to coordinates X=-30.400, Y=-36.847
04.07 04:37:33 Moving is finished
04.07 04:39:10 Scanning 366 point from 1533
04.07 04:39:10 Going to coordinates X=-30.390, Y=-36.847
04.07 04:39:10 Moving is finished
04.07 04:40:46 Scanning 367 point from 1533
04.07 04:40:46 Going to coordinates X=-30.380, Y=-36.847
04.07 04:40:47 Moving is finished
04.07 04:42:23 Scanning 368 point from 1533
04.07 04:42:23 Going to coordinates X=-30.370, Y=-36.847
04.07 04:42:23 Moving is finished
04.07 04:44:00 Scanning 369 point from 1533
04.07 04:44:00 Going to coordinates X=-30.360, Y=-36.847
04.07 04:44:00 Moving is finished
04.07 04:45:36 Scanning 370 point from 1533
04.07 04:45:36 Going to coordinates X=-30.350, Y=-36.847
04.07 04:45:36 Moving is finished
04.07 04:47:13 Scanning 371 point from 1533
04.07 04:47:13 Going to coordinates X=-30.340, Y=-36.847
04.07 04:47:13 Moving is finished
04.07 04:48:49 Scanning 372 point from 1533
04.07 04:48:49 Going to coordinates X=-30.330, Y=-36.847
04.07 04:48:50 Moving is finished
04.07 04:50:27 Scanning 373 point from 1533
04.07 04:50:27 Going to coordinates X=-30.320, Y=-36.847
04.07 04:50:27 Moving is finished
04.07 04:52:03 Scanning 374 point from 1533
04.07 04:52:03 Going to coordinates X=-30.310, Y=-36.847
04.07 04:52:03 Moving is finished
04.07 04:53:40 Scanning 375 point from 1533
04.07 04:53:40 Going to coordinates X=-30.300, Y=-36.847
04.07 04:53:40 Moving is finished
04.07 04:55:17 Scanning 376 point from 1533
04.07 04:55:17 Going to coordinates X=-30.290, Y=-36.847
04.07 04:55:17 Moving is finished
04.07 04:56:54 Scanning 377 point from 1533
04.07 04:56:54 Going to coordinates X=-30.280, Y=-36.847
04.07 04:56:54 Moving is finished
04.07 04:58:30 Scanning 378 point from 1533
04.07 04:58:30 Going to coordinates X=-30.270, Y=-36.847
04.07 04:58:30 Moving is finished
04.07 05:00:07 Scanning 379 point from 1533
04.07 05:00:07 Going to coordinates X=-30.260, Y=-36.847
04.07 05:00:07 Moving is finished
04.07 05:01:43 Scanning 380 point from 1533
04.07 05:01:43 Going to coordinates X=-30.250, Y=-36.847
04.07 05:01:43 Moving is finished
04.07 05:03:20 Scanning 381 point from 1533
04.07 05:03:20 Going to coordinates X=-30.240, Y=-36.847
04.07 05:03:20 Moving is finished
04.07 05:04:56 Scanning 382 point from 1533
04.07 05:04:56 Going to coordinates X=-30.230, Y=-36.847
04.07 05:04:56 Moving is finished
04.07 05:06:33 Scanning 383 point from 1533
04.07 05:06:33 Going to coordinates X=-30.220, Y=-36.847
04.07 05:06:33 Moving is finished
04.07 05:08:09 Scanning 384 point from 1533
04.07 05:08:09 Going to coordinates X=-30.210, Y=-36.847
04.07 05:08:10 Moving is finished
04.07 05:09:46 Scanning 385 point from 1533
04.07 05:09:46 Going to coordinates X=-30.200, Y=-36.847
04.07 05:09:46 Moving is finished
04.07 05:11:22 Scanning 386 point from 1533
04.07 05:11:22 Going to coordinates X=-30.190, Y=-36.847
04.07 05:11:22 Moving is finished
04.07 05:12:59 Scanning 387 point from 1533
04.07 05:12:59 Going to coordinates X=-30.180, Y=-36.847
04.07 05:12:59 Moving is finished
04.07 05:14:36 Scanning 388 point from 1533
04.07 05:14:36 Going to coordinates X=-30.170, Y=-36.847
04.07 05:14:36 Moving is finished
04.07 05:16:12 Scanning 389 point from 1533
04.07 05:16:12 Going to coordinates X=-30.160, Y=-36.847
04.07 05:16:12 Moving is finished
04.07 05:17:49 Scanning 390 point from 1533
04.07 05:17:49 Going to coordinates X=-30.150, Y=-36.847
04.07 05:17:49 Moving is finished
04.07 05:19:26 Scanning 391 point from 1533
04.07 05:19:26 Going to coordinates X=-30.140, Y=-36.847
04.07 05:19:26 Moving is finished
04.07 05:21:03 Scanning 392 point from 1533
04.07 05:21:03 Going to coordinates X=-30.130, Y=-36.847
04.07 05:21:03 Moving is finished
04.07 05:22:40 Scanning 393 point from 1533
04.07 05:22:40 Going to coordinates X=-30.120, Y=-36.847
04.07 05:22:40 Moving is finished
04.07 05:24:17 Scanning 394 point from 1533
04.07 05:24:17 Going to coordinates X=-30.110, Y=-36.847
04.07 05:24:17 Moving is finished
04.07 05:25:54 Scanning 395 point from 1533
04.07 05:25:54 Going to coordinates X=-30.100, Y=-36.847
04.07 05:25:54 Moving is finished
04.07 05:27:30 Scanning 396 point from 1533
04.07 05:27:30 Going to coordinates X=-30.090, Y=-36.847
04.07 05:27:31 Moving is finished
04.07 05:29:07 Scanning 397 point from 1533
04.07 05:29:07 Going to coordinates X=-30.080, Y=-36.847
04.07 05:29:07 Moving is finished
04.07 05:30:44 Scanning 398 point from 1533
04.07 05:30:44 Going to coordinates X=-30.070, Y=-36.847
04.07 05:30:44 Moving is finished
04.07 05:32:21 Scanning 399 point from 1533
04.07 05:32:21 Going to coordinates X=-30.060, Y=-36.847
04.07 05:32:21 Moving is finished
04.07 05:33:58 Scanning 400 point from 1533
04.07 05:33:58 Going to coordinates X=-30.050, Y=-36.847
04.07 05:33:58 Moving is finished
04.07 05:35:35 Scanning 401 point from 1533
04.07 05:35:35 Going to coordinates X=-30.040, Y=-36.847
04.07 05:35:35 Moving is finished
04.07 05:37:12 Scanning 402 point from 1533
04.07 05:37:12 Going to coordinates X=-30.030, Y=-36.847
04.07 05:37:12 Moving is finished
04.07 05:38:49 Scanning 403 point from 1533
04.07 05:38:49 Going to coordinates X=-30.020, Y=-36.847
04.07 05:38:49 Moving is finished
04.07 05:40:25 Scanning 404 point from 1533
04.07 05:40:25 Going to coordinates X=-30.010, Y=-36.847
04.07 05:40:26 Moving is finished
04.07 05:42:02 Scanning 405 point from 1533
04.07 05:42:02 Going to coordinates X=-30.000, Y=-36.847
04.07 05:42:02 Moving is finished
04.07 05:43:39 Scanning 406 point from 1533
04.07 05:43:39 Going to coordinates X=-29.990, Y=-36.847
04.07 05:43:39 Moving is finished
04.07 05:45:16 Scanning 407 point from 1533
04.07 05:45:16 Going to coordinates X=-29.980, Y=-36.847
04.07 05:45:16 Moving is finished
04.07 05:46:53 Scanning 408 point from 1533
04.07 05:46:53 Going to coordinates X=-29.970, Y=-36.847
04.07 05:46:53 Moving is finished
04.07 05:48:30 Scanning 409 point from 1533
04.07 05:48:30 Going to coordinates X=-29.960, Y=-36.847
04.07 05:48:30 Moving is finished
04.07 05:50:06 Scanning 410 point from 1533
04.07 05:50:06 Going to coordinates X=-29.950, Y=-36.847
04.07 05:50:07 Moving is finished
04.07 05:51:43 Scanning 411 point from 1533
04.07 05:51:43 Going to coordinates X=-29.940, Y=-36.847
04.07 05:51:43 Moving is finished
04.07 05:53:20 Scanning 412 point from 1533
04.07 05:53:20 Going to coordinates X=-29.930, Y=-36.847
04.07 05:53:20 Moving is finished
04.07 05:54:57 Scanning 413 point from 1533
04.07 05:54:57 Going to coordinates X=-29.920, Y=-36.847
04.07 05:54:57 Moving is finished
04.07 05:56:34 Scanning 414 point from 1533
04.07 05:56:34 Going to coordinates X=-29.910, Y=-36.847
04.07 05:56:34 Moving is finished
04.07 05:58:11 Scanning 415 point from 1533
04.07 05:58:11 Going to coordinates X=-29.900, Y=-36.847
04.07 05:58:11 Moving is finished
04.07 05:59:48 Scanning 416 point from 1533
04.07 05:59:48 Going to coordinates X=-29.890, Y=-36.847
04.07 05:59:48 Moving is finished
04.07 06:01:24 Scanning 417 point from 1533
04.07 06:01:24 Going to coordinates X=-29.880, Y=-36.847
04.07 06:01:24 Moving is finished
04.07 06:03:01 Scanning 418 point from 1533
04.07 06:03:01 Going to coordinates X=-29.870, Y=-36.847
04.07 06:03:01 Moving is finished
04.07 06:04:38 Scanning 419 point from 1533
04.07 06:04:38 Going to coordinates X=-29.860, Y=-36.847
04.07 06:04:38 Moving is finished
04.07 06:06:15 Scanning 420 point from 1533
04.07 06:06:15 Going to coordinates X=-29.850, Y=-36.847
04.07 06:06:15 Moving is finished
04.07 06:07:51 Scanning 421 point from 1533
04.07 06:07:51 Going to coordinates X=-29.840, Y=-36.847
04.07 06:07:51 Moving is finished
04.07 06:09:28 Scanning 422 point from 1533
04.07 06:09:28 Going to coordinates X=-29.830, Y=-36.847
04.07 06:09:28 Moving is finished
04.07 06:11:05 Scanning 423 point from 1533
04.07 06:11:05 Going to coordinates X=-29.820, Y=-36.847
04.07 06:11:05 Moving is finished
04.07 06:12:41 Scanning 424 point from 1533
04.07 06:12:41 Going to coordinates X=-29.810, Y=-36.847
04.07 06:12:41 Moving is finished
04.07 06:14:18 Scanning 425 point from 1533
04.07 06:14:18 Going to coordinates X=-29.800, Y=-36.847
04.07 06:14:18 Moving is finished
04.07 06:15:55 Scanning 426 point from 1533
04.07 06:15:55 Going to coordinates X=-29.790, Y=-36.847
04.07 06:15:55 Moving is finished
04.07 06:17:31 Scanning 427 point from 1533
04.07 06:17:31 Going to coordinates X=-29.780, Y=-36.847
04.07 06:17:31 Moving is finished
04.07 06:19:08 Scanning 428 point from 1533
04.07 06:19:08 Going to coordinates X=-29.770, Y=-36.847
04.07 06:19:08 Moving is finished
04.07 06:20:44 Scanning 429 point from 1533
04.07 06:20:44 Going to coordinates X=-29.760, Y=-36.847
04.07 06:20:44 Moving is finished
04.07 06:22:21 Scanning 430 point from 1533
04.07 06:22:21 Going to coordinates X=-29.750, Y=-36.847
04.07 06:22:21 Moving is finished
04.07 06:23:57 Scanning 431 point from 1533
04.07 06:23:57 Going to coordinates X=-29.740, Y=-36.847
04.07 06:23:57 Moving is finished
04.07 06:25:34 Scanning 432 point from 1533
04.07 06:25:34 Going to coordinates X=-29.730, Y=-36.847
04.07 06:25:34 Moving is finished
04.07 06:27:10 Scanning 433 point from 1533
04.07 06:27:10 Going to coordinates X=-29.720, Y=-36.847
04.07 06:27:10 Moving is finished
04.07 06:28:47 Scanning 434 point from 1533
04.07 06:28:47 Going to coordinates X=-29.710, Y=-36.847
04.07 06:28:47 Moving is finished
04.07 06:30:24 Scanning 435 point from 1533
04.07 06:30:24 Going to coordinates X=-29.700, Y=-36.847
04.07 06:30:24 Moving is finished
04.07 06:32:00 Scanning 436 point from 1533
04.07 06:32:00 Going to coordinates X=-29.690, Y=-36.847
04.07 06:32:00 Moving is finished
04.07 06:33:37 Scanning 437 point from 1533
04.07 06:33:37 Going to coordinates X=-29.680, Y=-36.847
04.07 06:33:37 Moving is finished
04.07 06:35:13 Scanning 438 point from 1533
04.07 06:35:13 Going to coordinates X=-30.400, Y=-36.837
04.07 06:35:14 Moving is finished
04.07 06:36:50 Scanning 439 point from 1533
04.07 06:36:50 Going to coordinates X=-30.390, Y=-36.837
04.07 06:36:50 Moving is finished
04.07 06:38:27 Scanning 440 point from 1533
04.07 06:38:27 Going to coordinates X=-30.380, Y=-36.837
04.07 06:38:27 Moving is finished
04.07 06:40:03 Scanning 441 point from 1533
04.07 06:40:03 Going to coordinates X=-30.370, Y=-36.837
04.07 06:40:03 Moving is finished
04.07 06:41:40 Scanning 442 point from 1533
04.07 06:41:40 Going to coordinates X=-30.360, Y=-36.837
04.07 06:41:40 Moving is finished
04.07 06:43:17 Scanning 443 point from 1533
04.07 06:43:17 Going to coordinates X=-30.350, Y=-36.837
04.07 06:43:17 Moving is finished
04.07 06:44:54 Scanning 444 point from 1533
04.07 06:44:54 Going to coordinates X=-30.340, Y=-36.837
04.07 06:44:54 Moving is finished
04.07 06:46:31 Scanning 445 point from 1533
04.07 06:46:31 Going to coordinates X=-30.330, Y=-36.837
04.07 06:46:31 Moving is finished
04.07 06:48:09 Scanning 446 point from 1533
04.07 06:48:09 Going to coordinates X=-30.320, Y=-36.837
04.07 06:48:09 Moving is finished
04.07 06:49:45 Scanning 447 point from 1533
04.07 06:49:45 Going to coordinates X=-30.310, Y=-36.837
04.07 06:49:45 Moving is finished
04.07 06:51:22 Scanning 448 point from 1533
04.07 06:51:22 Going to coordinates X=-30.300, Y=-36.837
04.07 06:51:23 Moving is finished
04.07 06:52:59 Scanning 449 point from 1533
04.07 06:52:59 Going to coordinates X=-30.290, Y=-36.837
04.07 06:52:59 Moving is finished
04.07 06:54:36 Scanning 450 point from 1533
04.07 06:54:36 Going to coordinates X=-30.280, Y=-36.837
04.07 06:54:36 Moving is finished
04.07 06:56:13 Scanning 451 point from 1533
04.07 06:56:13 Going to coordinates X=-30.270, Y=-36.837
04.07 06:56:13 Moving is finished
04.07 06:57:49 Scanning 452 point from 1533
04.07 06:57:49 Going to coordinates X=-30.260, Y=-36.837
04.07 06:57:50 Moving is finished
04.07 06:59:26 Scanning 453 point from 1533
04.07 06:59:26 Going to coordinates X=-30.250, Y=-36.837
04.07 06:59:26 Moving is finished
04.07 07:01:03 Scanning 454 point from 1533
04.07 07:01:03 Going to coordinates X=-30.240, Y=-36.837
04.07 07:01:03 Moving is finished
04.07 07:02:41 Scanning 455 point from 1533
04.07 07:02:41 Going to coordinates X=-30.230, Y=-36.837
04.07 07:02:41 Moving is finished
04.07 07:04:18 Scanning 456 point from 1533
04.07 07:04:18 Going to coordinates X=-30.220, Y=-36.837
04.07 07:04:18 Moving is finished
04.07 07:05:54 Scanning 457 point from 1533
04.07 07:05:54 Going to coordinates X=-30.210, Y=-36.837
04.07 07:05:55 Moving is finished
04.07 07:07:31 Scanning 458 point from 1533
04.07 07:07:31 Going to coordinates X=-30.200, Y=-36.837
04.07 07:07:31 Moving is finished
04.07 07:09:08 Scanning 459 point from 1533
04.07 07:09:08 Going to coordinates X=-30.190, Y=-36.837
04.07 07:09:08 Moving is finished
04.07 07:10:45 Scanning 460 point from 1533
04.07 07:10:45 Going to coordinates X=-30.180, Y=-36.837
04.07 07:10:45 Moving is finished
04.07 07:12:22 Scanning 461 point from 1533
04.07 07:12:22 Going to coordinates X=-30.170, Y=-36.837
04.07 07:12:22 Moving is finished
04.07 07:13:59 Scanning 462 point from 1533
04.07 07:13:59 Going to coordinates X=-30.160, Y=-36.837
04.07 07:13:59 Moving is finished
04.07 07:15:36 Scanning 463 point from 1533
04.07 07:15:36 Going to coordinates X=-30.150, Y=-36.837
04.07 07:15:36 Moving is finished
04.07 07:17:12 Scanning 464 point from 1533
04.07 07:17:12 Going to coordinates X=-30.140, Y=-36.837
04.07 07:17:12 Moving is finished
04.07 07:18:48 Scanning 465 point from 1533
04.07 07:18:48 Going to coordinates X=-30.130, Y=-36.837
04.07 07:18:49 Moving is finished
04.07 07:20:25 Scanning 466 point from 1533
04.07 07:20:25 Going to coordinates X=-30.120, Y=-36.837
04.07 07:20:25 Moving is finished
04.07 07:22:02 Scanning 467 point from 1533
04.07 07:22:02 Going to coordinates X=-30.110, Y=-36.837
04.07 07:22:02 Moving is finished
04.07 07:23:39 Scanning 468 point from 1533
04.07 07:23:39 Going to coordinates X=-30.100, Y=-36.837
04.07 07:23:39 Moving is finished
04.07 07:25:16 Scanning 469 point from 1533
04.07 07:25:16 Going to coordinates X=-30.090, Y=-36.837
04.07 07:25:16 Moving is finished
04.07 07:26:52 Scanning 470 point from 1533
04.07 07:26:52 Going to coordinates X=-30.080, Y=-36.837
04.07 07:26:52 Moving is finished
04.07 07:28:29 Scanning 471 point from 1533
04.07 07:28:29 Going to coordinates X=-30.070, Y=-36.837
04.07 07:28:29 Moving is finished
04.07 07:30:05 Scanning 472 point from 1533
04.07 07:30:05 Going to coordinates X=-30.060, Y=-36.837
04.07 07:30:06 Moving is finished
04.07 07:31:42 Scanning 473 point from 1533
04.07 07:31:42 Going to coordinates X=-30.050, Y=-36.837
04.07 07:31:42 Moving is finished
04.07 07:33:19 Scanning 474 point from 1533
04.07 07:33:19 Going to coordinates X=-30.040, Y=-36.837
04.07 07:33:19 Moving is finished
04.07 07:34:55 Scanning 475 point from 1533
04.07 07:34:55 Going to coordinates X=-30.030, Y=-36.837
04.07 07:34:56 Moving is finished
04.07 07:36:32 Scanning 476 point from 1533
04.07 07:36:32 Going to coordinates X=-30.020, Y=-36.837
04.07 07:36:32 Moving is finished
04.07 07:38:09 Scanning 477 point from 1533
04.07 07:38:09 Going to coordinates X=-30.010, Y=-36.837
04.07 07:38:09 Moving is finished
04.07 07:39:45 Scanning 478 point from 1533
04.07 07:39:45 Going to coordinates X=-30.000, Y=-36.837
04.07 07:39:46 Moving is finished
04.07 07:41:22 Scanning 479 point from 1533
04.07 07:41:22 Going to coordinates X=-29.990, Y=-36.837
04.07 07:41:22 Moving is finished
04.07 07:42:59 Scanning 480 point from 1533
04.07 07:42:59 Going to coordinates X=-29.980, Y=-36.837
04.07 07:42:59 Moving is finished
04.07 07:44:36 Scanning 481 point from 1533
04.07 07:44:36 Going to coordinates X=-29.970, Y=-36.837
04.07 07:44:36 Status responce is malformed
04.07 07:44:36 list index out of range
04.07 07:44:36 Moving is finished
04.07 07:46:12 Scanning 482 point from 1533
04.07 07:46:12 Going to coordinates X=-29.960, Y=-36.837
04.07 07:46:13 Moving is finished
04.07 07:47:49 Scanning 483 point from 1533
04.07 07:47:49 Going to coordinates X=-29.950, Y=-36.837
04.07 07:47:49 Moving is finished
04.07 07:49:26 Scanning 484 point from 1533
04.07 07:49:26 Going to coordinates X=-29.940, Y=-36.837
04.07 07:49:26 Moving is finished
04.07 07:51:02 Scanning 485 point from 1533
04.07 07:51:02 Going to coordinates X=-29.930, Y=-36.837
04.07 07:51:03 Moving is finished
04.07 07:52:39 Scanning 486 point from 1533
04.07 07:52:39 Going to coordinates X=-29.920, Y=-36.837
04.07 07:52:39 Moving is finished
04.07 07:54:15 Scanning 487 point from 1533
04.07 07:54:15 Going to coordinates X=-29.910, Y=-36.837
04.07 07:54:16 Moving is finished
04.07 07:55:52 Scanning 488 point from 1533
04.07 07:55:52 Going to coordinates X=-29.900, Y=-36.837
04.07 07:55:53 Moving is finished
04.07 07:57:29 Scanning 489 point from 1533
04.07 07:57:29 Going to coordinates X=-29.890, Y=-36.837
04.07 07:57:29 Moving is finished
04.07 07:59:06 Scanning 490 point from 1533
04.07 07:59:06 Going to coordinates X=-29.880, Y=-36.837
04.07 07:59:06 Moving is finished
04.07 08:00:43 Scanning 491 point from 1533
04.07 08:00:43 Going to coordinates X=-29.870, Y=-36.837
04.07 08:00:43 Moving is finished
04.07 08:02:19 Scanning 492 point from 1533
04.07 08:02:19 Going to coordinates X=-29.860, Y=-36.837
04.07 08:02:19 Moving is finished
04.07 08:03:56 Scanning 493 point from 1533
04.07 08:03:56 Going to coordinates X=-29.850, Y=-36.837
04.07 08:03:56 Moving is finished
04.07 08:05:32 Scanning 494 point from 1533
04.07 08:05:32 Going to coordinates X=-29.840, Y=-36.837
04.07 08:05:33 Moving is finished
04.07 08:07:09 Scanning 495 point from 1533
04.07 08:07:09 Going to coordinates X=-29.830, Y=-36.837
04.07 08:07:09 Moving is finished
04.07 08:08:46 Scanning 496 point from 1533
04.07 08:08:46 Going to coordinates X=-29.820, Y=-36.837
04.07 08:08:47 Moving is finished
04.07 08:10:23 Scanning 497 point from 1533
04.07 08:10:23 Going to coordinates X=-29.810, Y=-36.837
04.07 08:10:23 Moving is finished
04.07 08:12:00 Scanning 498 point from 1533
04.07 08:12:00 Going to coordinates X=-29.800, Y=-36.837
04.07 08:12:00 Moving is finished
04.07 08:13:37 Scanning 499 point from 1533
04.07 08:13:37 Going to coordinates X=-29.790, Y=-36.837
04.07 08:13:37 Moving is finished
04.07 08:15:13 Scanning 500 point from 1533
04.07 08:15:13 Going to coordinates X=-29.780, Y=-36.837
04.07 08:15:14 Moving is finished
04.07 08:16:50 Scanning 501 point from 1533
04.07 08:16:50 Going to coordinates X=-29.770, Y=-36.837
04.07 08:16:50 Moving is finished
04.07 08:18:27 Scanning 502 point from 1533
04.07 08:18:27 Going to coordinates X=-29.760, Y=-36.837
04.07 08:18:27 Moving is finished
04.07 08:20:03 Scanning 503 point from 1533
04.07 08:20:03 Going to coordinates X=-29.750, Y=-36.837
04.07 08:20:03 Moving is finished
04.07 08:21:40 Scanning 504 point from 1533
04.07 08:21:40 Going to coordinates X=-29.740, Y=-36.837
04.07 08:21:40 Moving is finished
04.07 08:23:17 Scanning 505 point from 1533
04.07 08:23:17 Going to coordinates X=-29.730, Y=-36.837
04.07 08:23:17 Moving is finished
04.07 08:24:54 Scanning 506 point from 1533
04.07 08:24:54 Going to coordinates X=-29.720, Y=-36.837
04.07 08:24:54 Moving is finished
04.07 08:26:31 Scanning 507 point from 1533
04.07 08:26:31 Going to coordinates X=-29.710, Y=-36.837
04.07 08:26:31 Moving is finished
04.07 08:28:08 Scanning 508 point from 1533
04.07 08:28:08 Going to coordinates X=-29.700, Y=-36.837
04.07 08:28:08 Moving is finished
04.07 08:29:45 Scanning 509 point from 1533
04.07 08:29:45 Going to coordinates X=-29.690, Y=-36.837
04.07 08:29:45 Moving is finished
04.07 08:31:22 Scanning 510 point from 1533
04.07 08:31:22 Going to coordinates X=-29.680, Y=-36.837
04.07 08:31:22 Moving is finished
04.07 08:32:58 Scanning 511 point from 1533
04.07 08:32:58 Going to coordinates X=-30.400, Y=-36.827
04.07 08:32:59 Moving is finished
04.07 08:34:35 Scanning 512 point from 1533
04.07 08:34:35 Going to coordinates X=-30.390, Y=-36.827
04.07 08:34:35 Moving is finished
04.07 08:36:12 Scanning 513 point from 1533
04.07 08:36:12 Going to coordinates X=-30.380, Y=-36.827
04.07 08:36:12 Moving is finished
04.07 08:37:49 Scanning 514 point from 1533
04.07 08:37:49 Going to coordinates X=-30.370, Y=-36.827
04.07 08:37:49 Moving is finished
04.07 08:39:26 Scanning 515 point from 1533
04.07 08:39:26 Going to coordinates X=-30.360, Y=-36.827
04.07 08:39:26 Moving is finished
04.07 08:41:02 Scanning 516 point from 1533
04.07 08:41:02 Going to coordinates X=-30.350, Y=-36.827
04.07 08:41:02 Moving is finished
04.07 08:42:39 Scanning 517 point from 1533
04.07 08:42:39 Going to coordinates X=-30.340, Y=-36.827
04.07 08:42:39 Moving is finished
04.07 08:44:15 Scanning 518 point from 1533
04.07 08:44:15 Going to coordinates X=-30.330, Y=-36.827
04.07 08:44:16 Moving is finished
04.07 08:45:52 Scanning 519 point from 1533
04.07 08:45:52 Going to coordinates X=-30.320, Y=-36.827
04.07 08:45:53 Moving is finished
04.07 08:47:30 Scanning 520 point from 1533
04.07 08:47:30 Going to coordinates X=-30.310, Y=-36.827
04.07 08:47:30 Moving is finished
04.07 08:49:07 Scanning 521 point from 1533
04.07 08:49:07 Going to coordinates X=-30.300, Y=-36.827
04.07 08:49:07 Moving is finished
04.07 08:50:43 Scanning 522 point from 1533
04.07 08:50:43 Going to coordinates X=-30.290, Y=-36.827
04.07 08:50:44 Moving is finished
04.07 08:52:20 Scanning 523 point from 1533
04.07 08:52:20 Going to coordinates X=-30.280, Y=-36.827
04.07 08:52:20 Moving is finished
04.07 08:53:57 Scanning 524 point from 1533
04.07 08:53:57 Going to coordinates X=-30.270, Y=-36.827
04.07 08:53:57 Moving is finished
04.07 08:55:34 Scanning 525 point from 1533
04.07 08:55:34 Going to coordinates X=-30.260, Y=-36.827
04.07 08:55:34 Moving is finished
04.07 08:57:11 Scanning 526 point from 1533
04.07 08:57:11 Going to coordinates X=-30.250, Y=-36.827
04.07 08:57:11 Moving is finished
04.07 08:58:47 Scanning 527 point from 1533
04.07 08:58:47 Going to coordinates X=-30.240, Y=-36.827
04.07 08:58:47 Moving is finished
04.07 09:00:24 Scanning 528 point from 1533
04.07 09:00:24 Going to coordinates X=-30.230, Y=-36.827
04.07 09:00:24 Moving is finished
04.07 09:02:00 Scanning 529 point from 1533
04.07 09:02:00 Going to coordinates X=-30.220, Y=-36.827
04.07 09:02:01 Moving is finished
04.07 09:03:38 Scanning 530 point from 1533
04.07 09:03:38 Going to coordinates X=-30.210, Y=-36.827
04.07 09:03:38 Moving is finished
04.07 09:05:15 Scanning 531 point from 1533
04.07 09:05:15 Going to coordinates X=-30.200, Y=-36.827
04.07 09:05:15 Moving is finished
04.07 09:06:52 Scanning 532 point from 1533
04.07 09:06:52 Going to coordinates X=-30.190, Y=-36.827
04.07 09:06:52 Moving is finished
04.07 09:08:28 Scanning 533 point from 1533
04.07 09:08:28 Going to coordinates X=-30.180, Y=-36.827
04.07 09:08:28 Moving is finished
04.07 09:10:05 Scanning 534 point from 1533
04.07 09:10:05 Going to coordinates X=-30.170, Y=-36.827
04.07 09:10:05 Moving is finished
04.07 09:11:42 Scanning 535 point from 1533
04.07 09:11:42 Going to coordinates X=-30.160, Y=-36.827
04.07 09:11:42 Moving is finished
04.07 09:13:19 Scanning 536 point from 1533
04.07 09:13:19 Going to coordinates X=-30.150, Y=-36.827
04.07 09:13:19 Moving is finished
04.07 09:14:56 Scanning 537 point from 1533
04.07 09:14:56 Going to coordinates X=-30.140, Y=-36.827
04.07 09:14:56 Moving is finished
04.07 09:16:32 Scanning 538 point from 1533
04.07 09:16:32 Going to coordinates X=-30.130, Y=-36.827
04.07 09:16:32 Moving is finished
04.07 09:18:09 Scanning 539 point from 1533
04.07 09:18:09 Going to coordinates X=-30.120, Y=-36.827
04.07 09:18:09 Moving is finished
04.07 09:19:46 Scanning 540 point from 1533
04.07 09:19:46 Going to coordinates X=-30.110, Y=-36.827
04.07 09:19:46 Moving is finished
04.07 09:21:22 Scanning 541 point from 1533
04.07 09:21:22 Going to coordinates X=-30.100, Y=-36.827
04.07 09:21:22 Moving is finished
04.07 09:22:59 Scanning 542 point from 1533
04.07 09:22:59 Going to coordinates X=-30.090, Y=-36.827
04.07 09:22:59 Moving is finished
04.07 09:24:36 Scanning 543 point from 1533
04.07 09:24:36 Going to coordinates X=-30.080, Y=-36.827
04.07 09:24:36 Moving is finished
04.07 09:26:12 Scanning 544 point from 1533
04.07 09:26:12 Going to coordinates X=-30.070, Y=-36.827
04.07 09:26:13 Moving is finished
04.07 09:27:49 Scanning 545 point from 1533
04.07 09:27:49 Going to coordinates X=-30.060, Y=-36.827
04.07 09:27:50 Moving is finished
04.07 09:29:26 Scanning 546 point from 1533
04.07 09:29:26 Going to coordinates X=-30.050, Y=-36.827
04.07 09:29:26 Moving is finished
04.07 09:31:03 Scanning 547 point from 1533
04.07 09:31:03 Going to coordinates X=-30.040, Y=-36.827
04.07 09:31:03 Moving is finished
04.07 09:32:40 Scanning 548 point from 1533
04.07 09:32:40 Going to coordinates X=-30.030, Y=-36.827
04.07 09:32:40 Moving is finished
04.07 09:34:16 Scanning 549 point from 1533
04.07 09:34:16 Going to coordinates X=-30.020, Y=-36.827
04.07 09:34:16 Moving is finished
04.07 09:35:53 Scanning 550 point from 1533
04.07 09:35:53 Going to coordinates X=-30.010, Y=-36.827
04.07 09:35:53 Moving is finished
04.07 09:37:29 Scanning 551 point from 1533
04.07 09:37:29 Going to coordinates X=-30.000, Y=-36.827
04.07 09:37:29 Moving is finished
04.07 09:39:06 Scanning 552 point from 1533
04.07 09:39:06 Going to coordinates X=-29.990, Y=-36.827
04.07 09:39:06 Moving is finished
04.07 09:40:42 Scanning 553 point from 1533
04.07 09:40:42 Going to coordinates X=-29.980, Y=-36.827
04.07 09:40:43 Moving is finished
04.07 09:42:19 Scanning 554 point from 1533
04.07 09:42:19 Going to coordinates X=-29.970, Y=-36.827
04.07 09:42:19 Moving is finished
04.07 09:43:55 Scanning 555 point from 1533
04.07 09:43:55 Going to coordinates X=-29.960, Y=-36.827
04.07 09:43:55 Moving is finished
04.07 09:45:32 Scanning 556 point from 1533
04.07 09:45:32 Going to coordinates X=-29.950, Y=-36.827
04.07 09:45:32 Moving is finished
04.07 09:47:09 Scanning 557 point from 1533
04.07 09:47:09 Going to coordinates X=-29.940, Y=-36.827
04.07 09:47:09 Moving is finished
04.07 09:48:45 Scanning 558 point from 1533
04.07 09:48:45 Going to coordinates X=-29.930, Y=-36.827
04.07 09:48:45 Moving is finished
04.07 09:50:22 Scanning 559 point from 1533
04.07 09:50:22 Going to coordinates X=-29.920, Y=-36.827
04.07 09:50:22 Moving is finished
04.07 09:51:59 Scanning 560 point from 1533
04.07 09:51:59 Going to coordinates X=-29.910, Y=-36.827
04.07 09:51:59 Moving is finished
04.07 09:53:35 Scanning 561 point from 1533
04.07 09:53:35 Going to coordinates X=-29.900, Y=-36.827
04.07 09:53:36 Moving is finished
04.07 09:55:12 Scanning 562 point from 1533
04.07 09:55:12 Going to coordinates X=-29.890, Y=-36.827
04.07 09:55:13 Moving is finished
04.07 09:56:49 Scanning 563 point from 1533
04.07 09:56:49 Going to coordinates X=-29.880, Y=-36.827
04.07 09:56:49 Moving is finished
04.07 09:58:26 Scanning 564 point from 1533
04.07 09:58:26 Going to coordinates X=-29.870, Y=-36.827
04.07 09:58:26 Moving is finished
04.07 10:00:02 Scanning 565 point from 1533
04.07 10:00:02 Going to coordinates X=-29.860, Y=-36.827
04.07 10:00:02 Moving is finished
04.07 10:00:53 Stopped!
