28.02 07:18:53 Initializing grbl...
28.02 07:18:53 Got the response: b''
28.02 07:20:54 Row 0: 28.02 07:20:54 Map: x1: -14.0, y1: -37.785, x2: -13.841, y2: -37.549, xres: 0.020, yres: 0.020, fname: Gluc-0.00005-1
28.02 07:20:54 Scanning 0 point from 117
28.02 07:20:54 Going to coordinates X=-14.000, Y=-37.785
28.02 07:20:55 Moving is finished
28.02 07:23:03 Scanning 1 point from 117
28.02 07:23:03 Going to coordinates X=-13.980, Y=-37.785
28.02 07:23:03 Moving is finished
28.02 07:25:12 Scanning 2 point from 117
28.02 07:25:12 Going to coordinates X=-13.960, Y=-37.785
28.02 07:25:12 Moving is finished
28.02 07:27:20 Scanning 3 point from 117
28.02 07:27:20 Going to coordinates X=-13.940, Y=-37.785
28.02 07:27:20 Moving is finished
28.02 07:29:29 Scanning 4 point from 117
28.02 07:29:29 Going to coordinates X=-13.920, Y=-37.785
28.02 07:29:29 Moving is finished
28.02 07:31:37 Scanning 5 point from 117
28.02 07:31:37 Going to coordinates X=-13.900, Y=-37.785
28.02 07:31:37 Moving is finished
28.02 07:33:45 Scanning 6 point from 117
28.02 07:33:45 Going to coordinates X=-13.880, Y=-37.785
28.02 07:33:46 Moving is finished
28.02 07:35:54 Scanning 7 point from 117
28.02 07:35:54 Going to coordinates X=-13.860, Y=-37.785
28.02 07:35:54 Moving is finished
28.02 07:38:03 Scanning 8 point from 117
28.02 07:38:03 Going to coordinates X=-13.840, Y=-37.785
28.02 07:38:03 Moving is finished
28.02 07:40:11 Scanning 9 point from 117
28.02 07:40:11 Going to coordinates X=-14.000, Y=-37.765
28.02 07:40:12 Moving is finished
28.02 07:42:19 Scanning 10 point from 117
28.02 07:42:19 Going to coordinates X=-13.980, Y=-37.765
28.02 07:42:19 Moving is finished
28.02 07:44:27 Scanning 11 point from 117
28.02 07:44:27 Going to coordinates X=-13.960, Y=-37.765
28.02 07:44:28 Moving is finished
28.02 07:46:35 Scanning 12 point from 117
28.02 07:46:35 Going to coordinates X=-13.940, Y=-37.765
28.02 07:46:36 Moving is finished
28.02 07:48:44 Scanning 13 point from 117
28.02 07:48:44 Going to coordinates X=-13.920, Y=-37.765
28.02 07:48:44 Moving is finished
28.02 07:50:52 Scanning 14 point from 117
28.02 07:50:52 Going to coordinates X=-13.900, Y=-37.765
28.02 07:50:52 Moving is finished
28.02 07:53:00 Scanning 15 point from 117
28.02 07:53:00 Going to coordinates X=-13.880, Y=-37.765
28.02 07:53:00 Moving is finished
28.02 07:55:09 Scanning 16 point from 117
28.02 07:55:09 Going to coordinates X=-13.860, Y=-37.765
28.02 07:55:09 Moving is finished
28.02 07:57:17 Scanning 17 point from 117
28.02 07:57:17 Going to coordinates X=-13.840, Y=-37.765
28.02 07:57:17 Moving is finished
28.02 07:59:26 Scanning 18 point from 117
28.02 07:59:26 Going to coordinates X=-14.000, Y=-37.745
28.02 07:59:26 Moving is finished
28.02 08:01:34 Scanning 19 point from 117
28.02 08:01:34 Going to coordinates X=-13.980, Y=-37.745
28.02 08:01:34 Moving is finished
28.02 08:03:43 Scanning 20 point from 117
28.02 08:03:43 Going to coordinates X=-13.960, Y=-37.745
28.02 08:03:43 Moving is finished
28.02 08:05:51 Scanning 21 point from 117
28.02 08:05:51 Going to coordinates X=-13.940, Y=-37.745
28.02 08:05:51 Moving is finished
28.02 08:08:00 Scanning 22 point from 117
28.02 08:08:00 Going to coordinates X=-13.920, Y=-37.745
28.02 08:08:00 Moving is finished
28.02 08:10:08 Scanning 23 point from 117
28.02 08:10:08 Going to coordinates X=-13.900, Y=-37.745
28.02 08:10:08 Moving is finished
28.02 08:12:16 Scanning 24 point from 117
28.02 08:12:16 Going to coordinates X=-13.880, Y=-37.745
28.02 08:12:16 Moving is finished
28.02 08:14:25 Scanning 25 point from 117
28.02 08:14:25 Going to coordinates X=-13.860, Y=-37.745
28.02 08:14:25 Moving is finished
28.02 08:16:33 Scanning 26 point from 117
28.02 08:16:33 Going to coordinates X=-13.840, Y=-37.745
28.02 08:16:33 Moving is finished
28.02 08:18:41 Scanning 27 point from 117
28.02 08:18:41 Going to coordinates X=-14.000, Y=-37.725
28.02 08:18:42 Moving is finished
28.02 08:20:50 Scanning 28 point from 117
28.02 08:20:50 Going to coordinates X=-13.980, Y=-37.725
28.02 08:20:50 Moving is finished
28.02 08:22:58 Scanning 29 point from 117
28.02 08:22:58 Going to coordinates X=-13.960, Y=-37.725
28.02 08:22:59 Moving is finished
28.02 08:25:07 Scanning 30 point from 117
28.02 08:25:07 Going to coordinates X=-13.940, Y=-37.725
28.02 08:25:07 Moving is finished
28.02 08:27:15 Scanning 31 point from 117
28.02 08:27:15 Going to coordinates X=-13.920, Y=-37.725
28.02 08:27:15 Moving is finished
28.02 08:29:23 Scanning 32 point from 117
28.02 08:29:23 Going to coordinates X=-13.900, Y=-37.725
28.02 08:29:23 Moving is finished
28.02 08:31:31 Scanning 33 point from 117
28.02 08:31:31 Going to coordinates X=-13.880, Y=-37.725
28.02 08:31:31 Moving is finished
28.02 08:33:39 Scanning 34 point from 117
28.02 08:33:39 Going to coordinates X=-13.860, Y=-37.725
28.02 08:33:39 Moving is finished
28.02 08:35:47 Scanning 35 point from 117
28.02 08:35:47 Going to coordinates X=-13.840, Y=-37.725
28.02 08:35:48 Moving is finished
28.02 08:37:55 Scanning 36 point from 117
28.02 08:37:55 Going to coordinates X=-14.000, Y=-37.705
28.02 08:37:56 Moving is finished
28.02 08:40:04 Scanning 37 point from 117
28.02 08:40:04 Going to coordinates X=-13.980, Y=-37.705
28.02 08:40:04 Moving is finished
28.02 08:42:12 Scanning 38 point from 117
28.02 08:42:12 Going to coordinates X=-13.960, Y=-37.705
28.02 08:42:12 Moving is finished
28.02 08:44:20 Scanning 39 point from 117
28.02 08:44:20 Going to coordinates X=-13.940, Y=-37.705
28.02 08:44:21 Moving is finished
28.02 08:46:29 Scanning 40 point from 117
28.02 08:46:29 Going to coordinates X=-13.920, Y=-37.705
28.02 08:46:29 Moving is finished
28.02 08:48:37 Scanning 41 point from 117
28.02 08:48:37 Going to coordinates X=-13.900, Y=-37.705
28.02 08:48:37 Moving is finished
28.02 08:50:45 Scanning 42 point from 117
28.02 08:50:45 Going to coordinates X=-13.880, Y=-37.705
28.02 08:50:45 Moving is finished
28.02 08:52:54 Scanning 43 point from 117
28.02 08:52:54 Going to coordinates X=-13.860, Y=-37.705
28.02 08:52:54 Moving is finished
28.02 08:55:02 Scanning 44 point from 117
28.02 08:55:02 Going to coordinates X=-13.840, Y=-37.705
28.02 08:55:02 Moving is finished
28.02 08:57:11 Scanning 45 point from 117
28.02 08:57:11 Going to coordinates X=-14.000, Y=-37.685
28.02 08:57:11 Moving is finished
28.02 08:59:20 Scanning 46 point from 117
28.02 08:59:20 Going to coordinates X=-13.980, Y=-37.685
28.02 08:59:20 Moving is finished
28.02 09:01:27 Scanning 47 point from 117
28.02 09:01:27 Going to coordinates X=-13.960, Y=-37.685
28.02 09:01:28 Moving is finished
28.02 09:03:36 Scanning 48 point from 117
28.02 09:03:36 Going to coordinates X=-13.940, Y=-37.685
28.02 09:03:36 Moving is finished
28.02 09:05:44 Scanning 49 point from 117
28.02 09:05:44 Going to coordinates X=-13.920, Y=-37.685
28.02 09:05:45 Moving is finished
28.02 09:07:53 Scanning 50 point from 117
28.02 09:07:53 Going to coordinates X=-13.900, Y=-37.685
28.02 09:07:53 Moving is finished
28.02 09:10:01 Scanning 51 point from 117
28.02 09:10:01 Going to coordinates X=-13.880, Y=-37.685
28.02 09:10:01 Moving is finished
28.02 09:12:09 Scanning 52 point from 117
28.02 09:12:09 Going to coordinates X=-13.860, Y=-37.685
28.02 09:12:09 Moving is finished
28.02 09:14:17 Scanning 53 point from 117
28.02 09:14:17 Going to coordinates X=-13.840, Y=-37.685
28.02 09:14:17 Moving is finished
28.02 09:16:26 Scanning 54 point from 117
28.02 09:16:26 Going to coordinates X=-14.000, Y=-37.665
28.02 09:16:26 Moving is finished
28.02 09:18:34 Scanning 55 point from 117
28.02 09:18:34 Going to coordinates X=-13.980, Y=-37.665
28.02 09:18:35 Moving is finished
28.02 09:20:42 Scanning 56 point from 117
28.02 09:20:42 Going to coordinates X=-13.960, Y=-37.665
28.02 09:20:43 Moving is finished
28.02 09:22:51 Scanning 57 point from 117
28.02 09:22:51 Going to coordinates X=-13.940, Y=-37.665
28.02 09:22:51 Moving is finished
28.02 09:25:00 Scanning 58 point from 117
28.02 09:25:00 Going to coordinates X=-13.920, Y=-37.665
28.02 09:25:00 Moving is finished
28.02 09:27:08 Scanning 59 point from 117
28.02 09:27:08 Going to coordinates X=-13.900, Y=-37.665
28.02 09:27:08 Moving is finished
28.02 09:29:16 Scanning 60 point from 117
28.02 09:29:16 Going to coordinates X=-13.880, Y=-37.665
28.02 09:29:16 Moving is finished
28.02 09:31:24 Scanning 61 point from 117
28.02 09:31:24 Going to coordinates X=-13.860, Y=-37.665
28.02 09:31:25 Moving is finished
28.02 09:33:32 Scanning 62 point from 117
28.02 09:33:32 Going to coordinates X=-13.840, Y=-37.665
28.02 09:33:33 Moving is finished
28.02 09:35:41 Scanning 63 point from 117
28.02 09:35:41 Going to coordinates X=-14.000, Y=-37.645
28.02 09:35:41 Moving is finished
28.02 09:37:49 Scanning 64 point from 117
28.02 09:37:49 Going to coordinates X=-13.980, Y=-37.645
28.02 09:37:49 Moving is finished
28.02 09:39:58 Scanning 65 point from 117
28.02 09:39:58 Going to coordinates X=-13.960, Y=-37.645
28.02 09:39:58 Moving is finished
28.02 09:42:05 Scanning 66 point from 117
28.02 09:42:05 Going to coordinates X=-13.940, Y=-37.645
28.02 09:42:06 Moving is finished
28.02 09:44:14 Scanning 67 point from 117
28.02 09:44:14 Going to coordinates X=-13.920, Y=-37.645
28.02 09:44:14 Moving is finished
28.02 09:46:22 Scanning 68 point from 117
28.02 09:46:22 Going to coordinates X=-13.900, Y=-37.645
28.02 09:46:22 Moving is finished
28.02 09:48:30 Scanning 69 point from 117
28.02 09:48:30 Going to coordinates X=-13.880, Y=-37.645
28.02 09:48:31 Moving is finished
28.02 09:50:39 Scanning 70 point from 117
28.02 09:50:39 Going to coordinates X=-13.860, Y=-37.645
28.02 09:50:39 Moving is finished
28.02 09:52:47 Scanning 71 point from 117
28.02 09:52:47 Going to coordinates X=-13.840, Y=-37.645
28.02 09:52:47 Moving is finished
28.02 09:54:55 Scanning 72 point from 117
28.02 09:54:55 Going to coordinates X=-14.000, Y=-37.625
28.02 09:54:55 Moving is finished
28.02 09:57:03 Scanning 73 point from 117
28.02 09:57:03 Going to coordinates X=-13.980, Y=-37.625
28.02 09:57:03 Moving is finished
28.02 09:59:11 Scanning 74 point from 117
28.02 09:59:11 Going to coordinates X=-13.960, Y=-37.625
28.02 09:59:11 Moving is finished
28.02 10:01:20 Scanning 75 point from 117
28.02 10:01:20 Going to coordinates X=-13.940, Y=-37.625
28.02 10:01:20 Moving is finished
28.02 10:03:28 Scanning 76 point from 117
28.02 10:03:28 Going to coordinates X=-13.920, Y=-37.625
28.02 10:03:28 Moving is finished
28.02 10:05:37 Scanning 77 point from 117
28.02 10:05:37 Going to coordinates X=-13.900, Y=-37.625
28.02 10:05:37 Moving is finished
28.02 10:07:45 Scanning 78 point from 117
28.02 10:07:45 Going to coordinates X=-13.880, Y=-37.625
28.02 10:07:46 Moving is finished
28.02 10:09:54 Scanning 79 point from 117
28.02 10:09:54 Going to coordinates X=-13.860, Y=-37.625
28.02 10:09:54 Moving is finished
28.02 10:12:01 Scanning 80 point from 117
28.02 10:12:01 Going to coordinates X=-13.840, Y=-37.625
28.02 10:12:02 Moving is finished
28.02 10:14:10 Scanning 81 point from 117
28.02 10:14:10 Going to coordinates X=-14.000, Y=-37.605
28.02 10:14:11 Moving is finished
28.02 10:16:18 Scanning 82 point from 117
28.02 10:16:18 Going to coordinates X=-13.980, Y=-37.605
28.02 10:16:19 Moving is finished
28.02 10:18:26 Scanning 83 point from 117
28.02 10:18:26 Going to coordinates X=-13.960, Y=-37.605
28.02 10:18:27 Moving is finished
28.02 10:20:35 Scanning 84 point from 117
28.02 10:20:35 Going to coordinates X=-13.940, Y=-37.605
28.02 10:20:35 Moving is finished
28.02 10:22:44 Scanning 85 point from 117
28.02 10:22:44 Going to coordinates X=-13.920, Y=-37.605
28.02 10:22:44 Moving is finished
28.02 10:24:53 Scanning 86 point from 117
28.02 10:24:53 Going to coordinates X=-13.900, Y=-37.605
28.02 10:24:53 Moving is finished
28.02 10:27:01 Scanning 87 point from 117
28.02 10:27:01 Going to coordinates X=-13.880, Y=-37.605
28.02 10:27:01 Moving is finished
28.02 10:29:09 Scanning 88 point from 117
28.02 10:29:09 Going to coordinates X=-13.860, Y=-37.605
28.02 10:29:10 Moving is finished
28.02 10:31:18 Scanning 89 point from 117
28.02 10:31:18 Going to coordinates X=-13.840, Y=-37.605
28.02 10:31:18 Moving is finished
28.02 10:33:26 Scanning 90 point from 117
28.02 10:33:26 Going to coordinates X=-14.000, Y=-37.585
28.02 10:33:27 Moving is finished
28.02 10:35:35 Scanning 91 point from 117
28.02 10:35:35 Going to coordinates X=-13.980, Y=-37.585
28.02 10:35:35 Moving is finished
28.02 10:37:43 Scanning 92 point from 117
28.02 10:37:43 Going to coordinates X=-13.960, Y=-37.585
28.02 10:37:43 Moving is finished
28.02 10:39:51 Scanning 93 point from 117
28.02 10:39:51 Going to coordinates X=-13.940, Y=-37.585
28.02 10:39:52 Moving is finished
28.02 10:42:00 Scanning 94 point from 117
28.02 10:42:00 Going to coordinates X=-13.920, Y=-37.585
28.02 10:42:00 Moving is finished
28.02 10:44:08 Scanning 95 point from 117
28.02 10:44:08 Going to coordinates X=-13.900, Y=-37.585
28.02 10:44:08 Moving is finished
28.02 10:46:16 Scanning 96 point from 117
28.02 10:46:16 Going to coordinates X=-13.880, Y=-37.585
28.02 10:46:16 Moving is finished
28.02 10:48:24 Scanning 97 point from 117
28.02 10:48:24 Going to coordinates X=-13.860, Y=-37.585
28.02 10:48:25 Moving is finished
28.02 10:50:33 Scanning 98 point from 117
28.02 10:50:33 Going to coordinates X=-13.840, Y=-37.585
28.02 10:50:33 Moving is finished
28.02 10:52:41 Scanning 99 point from 117
28.02 10:52:41 Going to coordinates X=-14.000, Y=-37.565
28.02 10:52:41 Moving is finished
28.02 10:53:45 Stopped!
28.02 11:06:22 Can't send the command to GRBL28.02 11:06:22 Write timeout

28.02 11:08:40 Can't send the command to GRBL
28.02 11:08:40 Write timeout28.02 11:08:40 Write timeout

28.02 11:09:02 Row 0: 28.02 11:09:02 Map: x1: -14.0, y1: -37.785, x2: -13.841, y2: -37.549, xres: 0.020, yres: 0.020, fname: Gluc-0.00005-1
28.02 11:09:02 Scanning 0 point from 117
28.02 11:09:02 Going to coordinates X=-14.000, Y=-37.785
28.02 11:09:02 Moving is finished
28.02 11:09:18 Scanning 1 point from 117
28.02 11:09:18 Paused
28.02 11:09:19 Going to coordinates X=-13.980, Y=-37.785
28.02 11:09:19 Moving is finished
28.02 11:11:04 Scanning 2 point from 117
28.02 11:11:04 Going to coordinates X=-13.960, Y=-37.785
28.02 11:11:04 Moving is finished
28.02 11:12:49 Scanning 3 point from 117
28.02 11:12:49 Going to coordinates X=-13.940, Y=-37.785
28.02 11:12:49 Moving is finished
28.02 11:14:33 Scanning 4 point from 117
28.02 11:14:33 Going to coordinates X=-13.920, Y=-37.785
28.02 11:14:33 Moving is finished
28.02 11:16:18 Scanning 5 point from 117
28.02 11:16:18 Going to coordinates X=-13.900, Y=-37.785
28.02 11:16:19 Moving is finished
28.02 11:18:03 Scanning 6 point from 117
28.02 11:18:03 Going to coordinates X=-13.880, Y=-37.785
28.02 11:18:03 Moving is finished
28.02 11:19:04 Could not find 'EZRaman Reader  V8.2.0 MV' in 'dict_keys([])'
28.02 11:19:09 Could not find 'EZRaman Reader  V8.2.0 MV' in 'dict_keys([])'
28.02 11:19:10 Scanning 7 point from 117
28.02 11:19:10 Going to coordinates X=-13.860, Y=-37.785
28.02 11:19:10 Moving is finished
28.02 11:19:17 Could not find 'EZRaman Reader  V8.2.0 MV' in 'dict_keys([])'
28.02 11:19:22 Could not find 'EZRaman Reader  V8.2.0 MV' in 'dict_keys([])'
28.02 11:19:23 Scanning 8 point from 117
28.02 11:19:23 Going to coordinates X=-13.840, Y=-37.785
28.02 11:19:23 Moving is finished
28.02 11:19:29 Could not find 'EZRaman Reader  V8.2.0 MV' in 'dict_keys([])'
28.02 11:19:35 Could not find 'EZRaman Reader  V8.2.0 MV' in 'dict_keys([])'
28.02 11:19:35 Scanning 9 point from 117
28.02 11:19:35 Going to coordinates X=-14.000, Y=-37.765
28.02 11:19:36 Moving is finished
28.02 11:19:42 Could not find 'EZRaman Reader  V8.2.0 MV' in 'dict_keys([])'
28.02 11:19:47 Could not find 'EZRaman Reader  V8.2.0 MV' in 'dict_keys([])'
28.02 11:19:48 Scanning 10 point from 117
28.02 11:19:48 Going to coordinates X=-13.980, Y=-37.765
28.02 11:19:48 Moving is finished
28.02 11:19:54 Could not find 'EZRaman Reader  V8.2.0 MV' in 'dict_keys([])'
28.02 11:19:59 Could not find 'EZRaman Reader  V8.2.0 MV' in 'dict_keys([])'
28.02 11:20:00 Scanning 11 point from 117
28.02 11:20:00 Going to coordinates X=-13.960, Y=-37.765
28.02 11:20:00 Moving is finished
28.02 11:21:49 timed out
28.02 11:21:50 Scanning 12 point from 117
28.02 11:21:50 Going to coordinates X=-13.940, Y=-37.765
28.02 11:21:50 Moving is finished
28.02 11:23:35 Scanning 13 point from 117
28.02 11:23:35 Going to coordinates X=-13.920, Y=-37.765
28.02 11:23:35 Moving is finished
28.02 11:25:19 Scanning 14 point from 117
28.02 11:25:19 Going to coordinates X=-13.900, Y=-37.765
28.02 11:25:19 Moving is finished
28.02 11:27:05 Scanning 15 point from 117
28.02 11:27:05 Going to coordinates X=-13.880, Y=-37.765
28.02 11:27:05 Moving is finished
28.02 11:28:49 Scanning 16 point from 117
28.02 11:28:49 Going to coordinates X=-13.860, Y=-37.765
28.02 11:28:49 Moving is finished
28.02 11:30:35 Scanning 17 point from 117
28.02 11:30:35 Going to coordinates X=-13.840, Y=-37.765
28.02 11:30:35 Moving is finished
28.02 11:32:19 Scanning 18 point from 117
28.02 11:32:19 Going to coordinates X=-14.000, Y=-37.745
28.02 11:32:20 Moving is finished
28.02 11:34:05 Scanning 19 point from 117
28.02 11:34:05 Going to coordinates X=-13.980, Y=-37.745
28.02 11:34:05 Moving is finished
28.02 11:35:49 Scanning 20 point from 117
28.02 11:35:49 Going to coordinates X=-13.960, Y=-37.745
28.02 11:35:49 Moving is finished
28.02 11:37:34 Scanning 21 point from 117
28.02 11:37:34 Going to coordinates X=-13.940, Y=-37.745
28.02 11:37:34 Moving is finished
28.02 11:39:19 Scanning 22 point from 117
28.02 11:39:19 Going to coordinates X=-13.920, Y=-37.745
28.02 11:39:19 Moving is finished
28.02 11:41:03 Scanning 23 point from 117
28.02 11:41:03 Going to coordinates X=-13.900, Y=-37.745
28.02 11:41:03 Moving is finished
28.02 11:42:48 Scanning 24 point from 117
28.02 11:42:48 Going to coordinates X=-13.880, Y=-37.745
28.02 11:42:48 Moving is finished
28.02 11:44:33 Scanning 25 point from 117
28.02 11:44:33 Going to coordinates X=-13.860, Y=-37.745
28.02 11:44:33 Moving is finished
28.02 11:46:18 Scanning 26 point from 117
28.02 11:46:18 Going to coordinates X=-13.840, Y=-37.745
28.02 11:46:18 Moving is finished
28.02 11:48:03 Scanning 27 point from 117
28.02 11:48:03 Going to coordinates X=-14.000, Y=-37.725
28.02 11:48:04 Moving is finished
28.02 11:49:49 Scanning 28 point from 117
28.02 11:49:49 Going to coordinates X=-13.980, Y=-37.725
28.02 11:49:49 Moving is finished
28.02 11:51:33 Scanning 29 point from 117
28.02 11:51:33 Going to coordinates X=-13.960, Y=-37.725
28.02 11:51:33 Moving is finished
28.02 11:53:19 Scanning 30 point from 117
28.02 11:53:19 Going to coordinates X=-13.940, Y=-37.725
28.02 11:53:19 Moving is finished
28.02 11:55:04 Scanning 31 point from 117
28.02 11:55:04 Going to coordinates X=-13.920, Y=-37.725
28.02 11:55:04 Moving is finished
28.02 11:56:49 Scanning 32 point from 117
28.02 11:56:49 Going to coordinates X=-13.900, Y=-37.725
28.02 11:56:49 Moving is finished
28.02 11:58:33 Scanning 33 point from 117
28.02 11:58:33 Going to coordinates X=-13.880, Y=-37.725
28.02 11:58:33 Moving is finished
28.02 12:00:19 Scanning 34 point from 117
28.02 12:00:19 Going to coordinates X=-13.860, Y=-37.725
28.02 12:00:19 Moving is finished
28.02 12:02:04 Scanning 35 point from 117
28.02 12:02:04 Going to coordinates X=-13.840, Y=-37.725
28.02 12:02:04 Moving is finished
28.02 12:03:49 Scanning 36 point from 117
28.02 12:03:49 Going to coordinates X=-14.000, Y=-37.705
28.02 12:03:49 Moving is finished
28.02 12:05:34 Scanning 37 point from 117
28.02 12:05:34 Going to coordinates X=-13.980, Y=-37.705
28.02 12:05:34 Moving is finished
28.02 12:07:20 Scanning 38 point from 117
28.02 12:07:20 Going to coordinates X=-13.960, Y=-37.705
28.02 12:07:20 Moving is finished
28.02 12:09:05 Scanning 39 point from 117
28.02 12:09:05 Going to coordinates X=-13.940, Y=-37.705
28.02 12:09:05 Moving is finished
28.02 12:10:51 Scanning 40 point from 117
28.02 12:10:51 Going to coordinates X=-13.920, Y=-37.705
28.02 12:10:51 Moving is finished
28.02 12:12:36 Scanning 41 point from 117
28.02 12:12:36 Going to coordinates X=-13.900, Y=-37.705
28.02 12:12:36 Moving is finished
28.02 12:14:20 Scanning 42 point from 117
28.02 12:14:20 Going to coordinates X=-13.880, Y=-37.705
28.02 12:14:21 Moving is finished
28.02 12:16:05 Scanning 43 point from 117
28.02 12:16:05 Going to coordinates X=-13.860, Y=-37.705
28.02 12:16:05 Moving is finished
28.02 12:17:50 Scanning 44 point from 117
28.02 12:17:50 Going to coordinates X=-13.840, Y=-37.705
28.02 12:17:50 Moving is finished
28.02 12:19:35 Scanning 45 point from 117
28.02 12:19:35 Going to coordinates X=-14.000, Y=-37.685
28.02 12:19:36 Moving is finished
28.02 12:21:21 Scanning 46 point from 117
28.02 12:21:21 Going to coordinates X=-13.980, Y=-37.685
28.02 12:21:21 Moving is finished
28.02 12:23:06 Scanning 47 point from 117
28.02 12:23:06 Going to coordinates X=-13.960, Y=-37.685
28.02 12:23:06 Moving is finished
28.02 12:24:50 Scanning 48 point from 117
28.02 12:24:50 Going to coordinates X=-13.940, Y=-37.685
28.02 12:24:50 Moving is finished
28.02 12:26:36 Scanning 49 point from 117
28.02 12:26:36 Going to coordinates X=-13.920, Y=-37.685
28.02 12:26:36 Moving is finished
28.02 12:28:21 Scanning 50 point from 117
28.02 12:28:21 Going to coordinates X=-13.900, Y=-37.685
28.02 12:28:21 Moving is finished
28.02 12:30:06 Scanning 51 point from 117
28.02 12:30:06 Going to coordinates X=-13.880, Y=-37.685
28.02 12:30:06 Moving is finished
28.02 12:31:51 Scanning 52 point from 117
28.02 12:31:51 Going to coordinates X=-13.860, Y=-37.685
28.02 12:31:51 Moving is finished
28.02 12:33:36 Scanning 53 point from 117
28.02 12:33:36 Going to coordinates X=-13.840, Y=-37.685
28.02 12:33:36 Moving is finished
28.02 12:35:21 Scanning 54 point from 117
28.02 12:35:21 Going to coordinates X=-14.000, Y=-37.665
28.02 12:35:21 Moving is finished
28.02 12:37:05 Scanning 55 point from 117
28.02 12:37:05 Going to coordinates X=-13.980, Y=-37.665
28.02 12:37:06 Moving is finished
28.02 12:38:51 Scanning 56 point from 117
28.02 12:38:51 Going to coordinates X=-13.960, Y=-37.665
28.02 12:38:51 Moving is finished
28.02 12:40:36 Scanning 57 point from 117
28.02 12:40:36 Going to coordinates X=-13.940, Y=-37.665
28.02 12:40:36 Moving is finished
28.02 12:42:21 Scanning 58 point from 117
28.02 12:42:21 Going to coordinates X=-13.920, Y=-37.665
28.02 12:42:21 Moving is finished
28.02 12:44:06 Scanning 59 point from 117
28.02 12:44:06 Going to coordinates X=-13.900, Y=-37.665
28.02 12:44:06 Moving is finished
28.02 12:45:50 Scanning 60 point from 117
28.02 12:45:50 Going to coordinates X=-13.880, Y=-37.665
28.02 12:45:50 Moving is finished
28.02 12:47:36 Scanning 61 point from 117
28.02 12:47:36 Going to coordinates X=-13.860, Y=-37.665
28.02 12:47:36 Moving is finished
28.02 12:49:21 Scanning 62 point from 117
28.02 12:49:21 Going to coordinates X=-13.840, Y=-37.665
28.02 12:49:21 Moving is finished
28.02 12:51:06 Scanning 63 point from 117
28.02 12:51:06 Going to coordinates X=-14.000, Y=-37.645
28.02 12:51:06 Moving is finished
28.02 12:52:51 Scanning 64 point from 117
28.02 12:52:51 Going to coordinates X=-13.980, Y=-37.645
28.02 12:52:51 Moving is finished
28.02 12:54:36 Scanning 65 point from 117
28.02 12:54:36 Going to coordinates X=-13.960, Y=-37.645
28.02 12:54:36 Moving is finished
28.02 12:56:21 Scanning 66 point from 117
28.02 12:56:21 Going to coordinates X=-13.940, Y=-37.645
28.02 12:56:21 Moving is finished
28.02 12:58:05 Scanning 67 point from 117
28.02 12:58:05 Going to coordinates X=-13.920, Y=-37.645
28.02 12:58:06 Moving is finished
28.02 12:59:50 Scanning 68 point from 117
28.02 12:59:50 Going to coordinates X=-13.900, Y=-37.645
28.02 12:59:50 Moving is finished
28.02 13:01:36 Scanning 69 point from 117
28.02 13:01:36 Going to coordinates X=-13.880, Y=-37.645
28.02 13:01:36 Moving is finished
28.02 13:03:21 Scanning 70 point from 117
28.02 13:03:21 Going to coordinates X=-13.860, Y=-37.645
28.02 13:03:21 Moving is finished
28.02 13:05:06 Scanning 71 point from 117
28.02 13:05:06 Going to coordinates X=-13.840, Y=-37.645
28.02 13:05:06 Moving is finished
28.02 13:06:51 Scanning 72 point from 117
28.02 13:06:51 Going to coordinates X=-14.000, Y=-37.625
28.02 13:06:51 Moving is finished
28.02 13:08:36 Scanning 73 point from 117
28.02 13:08:36 Going to coordinates X=-13.980, Y=-37.625
28.02 13:08:36 Moving is finished
28.02 13:10:21 Scanning 74 point from 117
28.02 13:10:21 Going to coordinates X=-13.960, Y=-37.625
28.02 13:10:21 Moving is finished
28.02 13:12:06 Scanning 75 point from 117
28.02 13:12:06 Going to coordinates X=-13.940, Y=-37.625
28.02 13:12:06 Moving is finished
28.02 13:13:51 Scanning 76 point from 117
28.02 13:13:51 Going to coordinates X=-13.920, Y=-37.625
28.02 13:13:51 Moving is finished
28.02 13:15:36 Scanning 77 point from 117
28.02 13:15:36 Going to coordinates X=-13.900, Y=-37.625
28.02 13:15:36 Moving is finished
28.02 13:16:06 (-2147467259, 'Nespecifikovaná chyba', (None, None, None, 0, None))
28.02 13:16:07 Scanning 78 point from 117
28.02 13:16:07 Going to coordinates X=-13.880, Y=-37.625
28.02 13:16:07 Moving is finished
28.02 13:16:53 Scanning 79 point from 117
28.02 13:16:53 Going to coordinates X=-13.860, Y=-37.625
28.02 13:16:54 Moving is finished
