08.07 09:33:52 Initializing grbl...
08.07 09:33:52 Got the response: b''
08.07 09:35:57 Row 0: 08.07 09:35:57 Map: x1: -14.0, y1: -38.0, x2: -14.822, y2: -40.851, xres: 0.100, yres: 0.100, fname: NH2term1
08.07 09:35:57 Scanning 0 point from 300
08.07 09:35:57 Going to coordinates X=-14.822, Y=-40.851
08.07 09:35:57 Moving is finished
08.07 09:37:01 Scanning 1 point from 300
08.07 09:37:01 Going to coordinates X=-14.722, Y=-40.851
08.07 09:37:02 Moving is finished
08.07 09:38:05 Scanning 2 point from 300
08.07 09:38:05 Going to coordinates X=-14.622, Y=-40.851
08.07 09:38:06 Moving is finished
08.07 09:38:20 Could not find 'EZRaman Reader  V8.2.0 MV' in 'dict_keys([])'
08.07 09:38:25 Could not find 'EZRaman Reader  V8.2.0 MV' in 'dict_keys([])'
08.07 09:38:25 Scanning 3 point from 300
08.07 09:38:25 Going to coordinates X=-14.522, Y=-40.851
08.07 09:38:25 Moving is finished
08.07 09:38:31 Could not find 'EZRaman Reader  V8.2.0 MV' in 'dict_keys([])'
08.07 09:38:37 Could not find 'EZRaman Reader  V8.2.0 MV' in 'dict_keys([])'
08.07 09:38:37 Scanning 4 point from 300
08.07 09:38:37 Going to coordinates X=-14.422, Y=-40.851
08.07 09:38:37 Moving is finished
08.07 09:38:43 Could not find 'EZRaman Reader  V8.2.0 MV' in 'dict_keys([])'
08.07 09:38:49 Could not find 'EZRaman Reader  V8.2.0 MV' in 'dict_keys([])'
08.07 09:38:49 Scanning 5 point from 300
08.07 09:38:49 Going to coordinates X=-14.322, Y=-40.851
08.07 09:38:49 Moving is finished
08.07 09:39:07 Could not find 'EZRaman Reader  V8.2.0 MV' in 'dict_keys([])'
08.07 09:39:10 Scanning 6 point from 300
08.07 09:39:10 Going to coordinates X=-14.222, Y=-40.851
08.07 09:39:10 Moving is finished
08.07 09:40:14 Scanning 7 point from 300
08.07 09:40:14 Going to coordinates X=-14.122, Y=-40.851
08.07 09:40:14 Moving is finished
08.07 09:41:18 Scanning 8 point from 300
08.07 09:41:18 Going to coordinates X=-14.022, Y=-40.851
08.07 09:41:18 Moving is finished
08.07 09:41:29 (-2147467259, 'Nespecifikovaná chyba', (None, None, None, 0, None))
08.07 09:41:29 Scanning 9 point from 300
08.07 09:41:29 Going to coordinates X=-13.922, Y=-40.851
08.07 09:41:30 Moving is finished
08.07 09:41:33 Scanning 10 point from 300
08.07 09:41:33 Going to coordinates X=-14.822, Y=-40.751
08.07 09:41:34 Moving is finished
08.07 09:42:23 Scanning 11 point from 300
08.07 09:42:23 Going to coordinates X=-14.722, Y=-40.751
08.07 09:42:23 Moving is finished

08.07 09:42:25 Scanning 12 point from 300
08.07 09:42:25 Going to coordinates X=-14.622, Y=-40.751
08.07 09:42:25 Moving is finished

08.07 09:42:27 Scanning 13 point from 300
08.07 09:42:27 Going to coordinates X=-14.522, Y=-40.751
08.07 09:42:27 Moving is finished

08.07 09:42:29 Scanning 14 point from 300
08.07 09:42:29 Going to coordinates X=-14.422, Y=-40.751
08.07 09:42:29 Moving is finished

08.07 09:42:31 Scanning 15 point from 300
08.07 09:42:31 Going to coordinates X=-14.322, Y=-40.751
08.07 09:42:31 Moving is finished

08.07 09:42:33 Scanning 16 point from 300
08.07 09:42:33 Going to coordinates X=-14.222, Y=-40.751
08.07 09:42:34 Moving is finished

08.07 09:42:35 Scanning 17 point from 300
08.07 09:42:35 Going to coordinates X=-14.122, Y=-40.751
08.07 09:42:36 Moving is finished

08.07 09:42:38 Scanning 18 point from 300
08.07 09:42:38 Going to coordinates X=-14.022, Y=-40.751
08.07 09:42:38 Moving is finished

08.07 09:42:40 Scanning 19 point from 300
08.07 09:42:40 Paused
08.07 09:42:59 Going to coordinates X=-13.922, Y=-40.751
08.07 09:42:59 Moving is finished
08.07 09:44:03 Scanning 20 point from 300
08.07 09:44:03 Going to coordinates X=-14.822, Y=-40.651
08.07 09:44:04 Moving is finished
08.07 09:45:08 Scanning 21 point from 300
08.07 09:45:08 Going to coordinates X=-14.722, Y=-40.651
08.07 09:45:08 Moving is finished
08.07 09:46:12 Scanning 22 point from 300
08.07 09:46:12 Going to coordinates X=-14.622, Y=-40.651
08.07 09:46:12 Moving is finished
08.07 09:47:16 Scanning 23 point from 300
08.07 09:47:16 Going to coordinates X=-14.522, Y=-40.651
08.07 09:47:16 Moving is finished
08.07 09:47:32 Could not find 'EZRaman Reader  V8.2.0 MV' in 'dict_keys([])'
08.07 09:47:38 Could not find 'EZRaman Reader  V8.2.0 MV' in 'dict_keys([])'
08.07 09:47:38 Scanning 24 point from 300
08.07 09:47:38 Going to coordinates X=-14.422, Y=-40.651
08.07 09:47:38 Moving is finished
08.07 09:47:44 Could not find 'EZRaman Reader  V8.2.0 MV' in 'dict_keys([])'
08.07 09:47:49 Could not find 'EZRaman Reader  V8.2.0 MV' in 'dict_keys([])'
08.07 09:47:49 Scanning 25 point from 300
08.07 09:47:49 Going to coordinates X=-14.322, Y=-40.651
08.07 09:47:50 Moving is finished
08.07 09:47:56 Could not find 'EZRaman Reader  V8.2.0 MV' in 'dict_keys([])'
08.07 09:48:02 Could not find 'EZRaman Reader  V8.2.0 MV' in 'dict_keys([])'
08.07 09:48:02 Scanning 26 point from 300
08.07 09:48:02 Going to coordinates X=-14.222, Y=-40.651
08.07 09:48:02 Moving is finished
08.07 09:48:08 Could not find 'EZRaman Reader  V8.2.0 MV' in 'dict_keys([])'
08.07 09:48:14 Could not find 'EZRaman Reader  V8.2.0 MV' in 'dict_keys([])'
08.07 09:48:14 Scanning 27 point from 300
08.07 09:48:14 Going to coordinates X=-14.122, Y=-40.651
08.07 09:48:14 Moving is finished
08.07 09:48:21 Could not find 'EZRaman Reader  V8.2.0 MV' in 'dict_keys([])'
08.07 09:48:26 Could not find 'EZRaman Reader  V8.2.0 MV' in 'dict_keys([])'
08.07 09:48:26 Scanning 28 point from 300
08.07 09:48:26 Going to coordinates X=-14.022, Y=-40.651
08.07 09:48:26 Moving is finished
08.07 09:48:32 Could not find 'EZRaman Reader  V8.2.0 MV' in 'dict_keys([])'
08.07 09:48:39 Scanning 29 point from 300
08.07 09:48:39 Going to coordinates X=-13.922, Y=-40.651
08.07 09:48:39 Moving is finished
08.07 09:49:43 Scanning 30 point from 300
08.07 09:49:43 Going to coordinates X=-14.822, Y=-40.551
08.07 09:49:44 Moving is finished
08.07 09:50:47 Scanning 31 point from 300
08.07 09:50:47 Going to coordinates X=-14.722, Y=-40.551
08.07 09:50:48 Moving is finished
08.07 09:51:52 Scanning 32 point from 300
08.07 09:51:52 Going to coordinates X=-14.622, Y=-40.551
08.07 09:51:52 Moving is finished
08.07 09:52:56 Scanning 33 point from 300
08.07 09:52:56 Going to coordinates X=-14.522, Y=-40.551
08.07 09:52:56 Moving is finished
08.07 09:54:00 Scanning 34 point from 300
08.07 09:54:00 Going to coordinates X=-14.422, Y=-40.551
08.07 09:54:00 Moving is finished
08.07 09:55:04 Scanning 35 point from 300
08.07 09:55:04 Going to coordinates X=-14.322, Y=-40.551
08.07 09:55:05 Moving is finished
08.07 09:56:08 Scanning 36 point from 300
08.07 09:56:08 Going to coordinates X=-14.222, Y=-40.551
08.07 09:56:09 Moving is finished
08.07 09:57:13 Scanning 37 point from 300
08.07 09:57:13 Going to coordinates X=-14.122, Y=-40.551
08.07 09:57:13 Moving is finished
08.07 09:58:17 Scanning 38 point from 300
08.07 09:58:17 Going to coordinates X=-14.022, Y=-40.551
08.07 09:58:17 Moving is finished
08.07 09:59:21 Scanning 39 point from 300
08.07 09:59:21 Going to coordinates X=-13.922, Y=-40.551
08.07 09:59:21 Moving is finished
08.07 10:00:25 Scanning 40 point from 300
08.07 10:00:25 Going to coordinates X=-14.822, Y=-40.451
08.07 10:00:25 Moving is finished
08.07 10:01:29 Scanning 41 point from 300
08.07 10:01:29 Going to coordinates X=-14.722, Y=-40.451
08.07 10:01:30 Moving is finished
08.07 10:02:33 Scanning 42 point from 300
08.07 10:02:33 Going to coordinates X=-14.622, Y=-40.451
08.07 10:02:34 Moving is finished
08.07 10:03:37 Scanning 43 point from 300
08.07 10:03:37 Going to coordinates X=-14.522, Y=-40.451
08.07 10:03:38 Moving is finished
08.07 10:04:41 Scanning 44 point from 300
08.07 10:04:41 Going to coordinates X=-14.422, Y=-40.451
08.07 10:04:42 Moving is finished
08.07 10:05:45 Scanning 45 point from 300
08.07 10:05:45 Going to coordinates X=-14.322, Y=-40.451
08.07 10:05:46 Moving is finished
08.07 10:06:50 Scanning 46 point from 300
08.07 10:06:50 Going to coordinates X=-14.222, Y=-40.451
08.07 10:06:50 Moving is finished
08.07 10:07:54 Scanning 47 point from 300
08.07 10:07:54 Going to coordinates X=-14.122, Y=-40.451
08.07 10:07:54 Moving is finished
08.07 10:08:58 Scanning 48 point from 300
08.07 10:08:58 Going to coordinates X=-14.022, Y=-40.451
08.07 10:08:59 Moving is finished
08.07 10:10:02 Scanning 49 point from 300
08.07 10:10:02 Going to coordinates X=-13.922, Y=-40.451
08.07 10:10:03 Moving is finished
08.07 10:11:07 Scanning 50 point from 300
08.07 10:11:07 Going to coordinates X=-14.822, Y=-40.351
08.07 10:11:07 Moving is finished
08.07 10:12:11 Scanning 51 point from 300
08.07 10:12:11 Going to coordinates X=-14.722, Y=-40.351
08.07 10:12:11 Moving is finished
08.07 10:13:16 Scanning 52 point from 300
08.07 10:13:16 Going to coordinates X=-14.622, Y=-40.351
08.07 10:13:16 Moving is finished
08.07 10:14:20 Scanning 53 point from 300
08.07 10:14:20 Going to coordinates X=-14.522, Y=-40.351
08.07 10:14:20 Moving is finished
08.07 10:15:24 Scanning 54 point from 300
08.07 10:15:24 Going to coordinates X=-14.422, Y=-40.351
08.07 10:15:24 Moving is finished
08.07 10:16:28 Scanning 55 point from 300
08.07 10:16:28 Going to coordinates X=-14.322, Y=-40.351
08.07 10:16:28 Moving is finished
08.07 10:17:32 Scanning 56 point from 300
08.07 10:17:32 Going to coordinates X=-14.222, Y=-40.351
08.07 10:17:33 Moving is finished
08.07 10:18:36 Scanning 57 point from 300
08.07 10:18:36 Going to coordinates X=-14.122, Y=-40.351
08.07 10:18:37 Moving is finished
08.07 10:19:41 Scanning 58 point from 300
08.07 10:19:41 Going to coordinates X=-14.022, Y=-40.351
08.07 10:19:41 Moving is finished
08.07 10:20:44 Scanning 59 point from 300
08.07 10:20:44 Going to coordinates X=-13.922, Y=-40.351
08.07 10:20:45 Moving is finished
08.07 10:21:49 Scanning 60 point from 300
08.07 10:21:49 Going to coordinates X=-14.822, Y=-40.251
08.07 10:21:49 Moving is finished
08.07 10:22:53 Scanning 61 point from 300
08.07 10:22:53 Going to coordinates X=-14.722, Y=-40.251
08.07 10:22:54 Moving is finished
08.07 10:23:58 Scanning 62 point from 300
08.07 10:23:58 Going to coordinates X=-14.622, Y=-40.251
08.07 10:23:58 Moving is finished
08.07 10:25:02 Scanning 63 point from 300
08.07 10:25:02 Going to coordinates X=-14.522, Y=-40.251
08.07 10:25:02 Moving is finished
08.07 10:26:06 Scanning 64 point from 300
08.07 10:26:06 Going to coordinates X=-14.422, Y=-40.251
08.07 10:26:06 Moving is finished
08.07 10:27:10 Scanning 65 point from 300
08.07 10:27:10 Going to coordinates X=-14.322, Y=-40.251
08.07 10:27:10 Moving is finished
08.07 10:28:14 Scanning 66 point from 300
08.07 10:28:14 Going to coordinates X=-14.222, Y=-40.251
08.07 10:28:15 Moving is finished
08.07 10:28:28 Could not find 'EZRaman Reader  V8.2.0 MV' in 'dict_keys([])'
08.07 10:28:33 Could not find 'EZRaman Reader  V8.2.0 MV' in 'dict_keys([])'
08.07 10:28:33 Scanning 67 point from 300
08.07 10:28:33 Going to coordinates X=-14.122, Y=-40.251
08.07 10:28:33 Moving is finished
08.07 10:28:40 Could not find 'EZRaman Reader  V8.2.0 MV' in 'dict_keys([])'
08.07 10:28:45 Could not find 'EZRaman Reader  V8.2.0 MV' in 'dict_keys([])'
08.07 10:28:45 Scanning 68 point from 300
08.07 10:28:45 Going to coordinates X=-14.022, Y=-40.251
08.07 10:28:45 Moving is finished
08.07 10:28:52 Could not find 'EZRaman Reader  V8.2.0 MV' in 'dict_keys([])'
08.07 10:28:57 Could not find 'EZRaman Reader  V8.2.0 MV' in 'dict_keys([])'
08.07 10:28:57 Scanning 69 point from 300
08.07 10:28:57 Going to coordinates X=-13.922, Y=-40.251
08.07 10:28:57 Moving is finished
08.07 10:29:04 Could not find 'EZRaman Reader  V8.2.0 MV' in 'dict_keys([])'
08.07 10:29:09 Could not find 'EZRaman Reader  V8.2.0 MV' in 'dict_keys([])'
08.07 10:29:09 Scanning 70 point from 300
08.07 10:29:09 Going to coordinates X=-14.822, Y=-40.151
08.07 10:29:10 Moving is finished
08.07 10:29:16 Could not find 'EZRaman Reader  V8.2.0 MV' in 'dict_keys([])'
08.07 10:29:21 Could not find 'EZRaman Reader  V8.2.0 MV' in 'dict_keys([])'
08.07 10:29:21 Scanning 71 point from 300
08.07 10:29:21 Going to coordinates X=-14.722, Y=-40.151
08.07 10:29:22 Moving is finished
08.07 10:29:28 Could not find 'EZRaman Reader  V8.2.0 MV' in 'dict_keys([])'
08.07 10:29:33 Could not find 'EZRaman Reader  V8.2.0 MV' in 'dict_keys([])'
08.07 10:29:33 Scanning 72 point from 300
08.07 10:29:33 Going to coordinates X=-14.622, Y=-40.151
08.07 10:29:33 Moving is finished
08.07 10:29:50 Could not find 'EZRaman Reader  V8.2.0 MV' in 'dict_keys([])'
08.07 10:29:55 Could not find 'EZRaman Reader  V8.2.0 MV' in 'dict_keys([])'
08.07 10:29:56 Scanning 73 point from 300
08.07 10:29:56 Going to coordinates X=-14.522, Y=-40.151
08.07 10:29:56 Moving is finished
08.07 10:30:02 Could not find 'EZRaman Reader  V8.2.0 MV' in 'dict_keys([])'
08.07 10:30:08 Could not find 'EZRaman Reader  V8.2.0 MV' in 'dict_keys([])'
08.07 10:30:08 Scanning 74 point from 300
08.07 10:30:08 Going to coordinates X=-14.422, Y=-40.151
08.07 10:30:08 Moving is finished
08.07 10:30:15 Could not find 'EZRaman Reader  V8.2.0 MV' in 'dict_keys([])'
08.07 10:30:20 Could not find 'EZRaman Reader  V8.2.0 MV' in 'dict_keys([])'
08.07 10:30:21 Scanning 75 point from 300
08.07 10:30:21 Going to coordinates X=-14.322, Y=-40.151
08.07 10:30:21 Moving is finished
08.07 10:30:27 Could not find 'EZRaman Reader  V8.2.0 MV' in 'dict_keys([])'
08.07 10:30:37 Scanning 76 point from 300
08.07 10:30:37 Going to coordinates X=-14.222, Y=-40.151
08.07 10:30:37 Moving is finished
08.07 10:31:34 Stopped!
08.07 10:36:04 Row 0: 08.07 10:36:04 Map: x1: -14.0, y1: -38.0, x2: -14.822, y2: -40.851, xres: 0.100, yres: 0.100, fname: NH2term1
08.07 10:36:04 Scanning 0 point from 300
08.07 10:36:04 Going to coordinates X=-14.822, Y=-40.851
08.07 10:36:05 Moving is finished
08.07 10:37:09 Scanning 1 point from 300
08.07 10:37:09 Going to coordinates X=-14.722, Y=-40.851
08.07 10:37:09 Moving is finished
08.07 10:38:13 Scanning 2 point from 300
08.07 10:38:13 Going to coordinates X=-14.622, Y=-40.851
08.07 10:38:13 Moving is finished
08.07 10:39:18 Scanning 3 point from 300
08.07 10:39:18 Going to coordinates X=-14.522, Y=-40.851
08.07 10:39:18 Moving is finished
08.07 10:40:22 Scanning 4 point from 300
08.07 10:40:22 Going to coordinates X=-14.422, Y=-40.851
08.07 10:40:23 Moving is finished
08.07 10:41:27 Scanning 5 point from 300
08.07 10:41:27 Going to coordinates X=-14.322, Y=-40.851
08.07 10:41:27 Moving is finished
08.07 10:42:31 Scanning 6 point from 300
08.07 10:42:31 Paused
08.07 10:43:09 Going to coordinates X=-14.222, Y=-40.851
08.07 10:43:10 Moving is finished
08.07 10:44:13 Scanning 7 point from 300
08.07 10:44:13 Going to coordinates X=-14.122, Y=-40.851
08.07 10:44:14 Moving is finished
08.07 10:45:17 Scanning 8 point from 300
08.07 10:45:17 Going to coordinates X=-14.022, Y=-40.851
08.07 10:45:18 Moving is finished
08.07 10:46:22 Scanning 9 point from 300
08.07 10:46:22 Going to coordinates X=-13.922, Y=-40.851
08.07 10:46:22 Moving is finished
08.07 10:46:39 Could not find 'EZRaman Reader  V8.2.0 MV' in 'dict_keys([])'
08.07 10:46:44 Could not find 'EZRaman Reader  V8.2.0 MV' in 'dict_keys([])'
08.07 10:46:44 Scanning 10 point from 300
08.07 10:46:44 Going to coordinates X=-14.822, Y=-40.751
08.07 10:46:45 Moving is finished
08.07 10:46:51 Could not find 'EZRaman Reader  V8.2.0 MV' in 'dict_keys([])'
08.07 10:46:56 Could not find 'EZRaman Reader  V8.2.0 MV' in 'dict_keys([])'
08.07 10:46:57 Scanning 11 point from 300
08.07 10:46:57 Going to coordinates X=-14.722, Y=-40.751
08.07 10:46:57 Moving is finished
08.07 10:47:04 Could not find 'EZRaman Reader  V8.2.0 MV' in 'dict_keys([])'
08.07 10:47:10 Could not find 'EZRaman Reader  V8.2.0 MV' in 'dict_keys([])'
08.07 10:47:10 Scanning 12 point from 300
08.07 10:47:10 Going to coordinates X=-14.622, Y=-40.751
08.07 10:47:10 Moving is finished
08.07 10:47:16 Could not find 'EZRaman Reader  V8.2.0 MV' in 'dict_keys([])'
08.07 10:47:22 Could not find 'EZRaman Reader  V8.2.0 MV' in 'dict_keys([])'
08.07 10:47:22 Scanning 13 point from 300
08.07 10:47:22 Going to coordinates X=-14.522, Y=-40.751
08.07 10:47:22 Moving is finished
08.07 10:47:28 Could not find 'EZRaman Reader  V8.2.0 MV' in 'dict_keys([])'
08.07 10:47:33 Could not find 'EZRaman Reader  V8.2.0 MV' in 'dict_keys([])'
08.07 10:47:33 Scanning 14 point from 300
08.07 10:47:33 Going to coordinates X=-14.422, Y=-40.751
08.07 10:47:34 Moving is finished
08.07 10:47:40 Could not find 'EZRaman Reader  V8.2.0 MV' in 'dict_keys([])'
08.07 10:47:45 Scanning 15 point from 300
08.07 10:47:45 Going to coordinates X=-14.322, Y=-40.751
08.07 10:47:45 Moving is finished
08.07 10:48:21 Could not find 'EZRaman Reader  V8.2.0 MV' in 'dict_keys([])'
08.07 10:48:28 Scanning 16 point from 300
08.07 10:48:28 Going to coordinates X=-14.222, Y=-40.751
08.07 10:48:28 Moving is finished
08.07 10:48:49 Scanning 17 point from 300
08.07 10:48:49 Going to coordinates X=-14.122, Y=-40.751
08.07 10:48:50 Moving is finished
08.07 10:49:53 Scanning 18 point from 300
08.07 10:49:53 Going to coordinates X=-14.022, Y=-40.751
08.07 10:49:54 Moving is finished
08.07 10:50:57 Scanning 19 point from 300
08.07 10:50:57 Going to coordinates X=-13.922, Y=-40.751
08.07 10:50:58 Moving is finished
08.07 10:52:01 Scanning 20 point from 300
08.07 10:52:01 Going to coordinates X=-14.822, Y=-40.651
08.07 10:52:02 Moving is finished
08.07 10:53:06 Scanning 21 point from 300
08.07 10:53:06 Going to coordinates X=-14.722, Y=-40.651
08.07 10:53:06 Moving is finished
08.07 10:54:11 Scanning 22 point from 300
08.07 10:54:11 Going to coordinates X=-14.622, Y=-40.651
08.07 10:54:11 Moving is finished
08.07 10:55:15 Scanning 23 point from 300
08.07 10:55:15 Going to coordinates X=-14.522, Y=-40.651
08.07 10:55:15 Moving is finished
08.07 10:56:19 Scanning 24 point from 300
08.07 10:56:19 Going to coordinates X=-14.422, Y=-40.651
08.07 10:56:19 Moving is finished
08.07 10:57:24 Scanning 25 point from 300
08.07 10:57:24 Going to coordinates X=-14.322, Y=-40.651
08.07 10:57:24 Moving is finished
08.07 10:58:28 Scanning 26 point from 300
08.07 10:58:28 Going to coordinates X=-14.222, Y=-40.651
08.07 10:58:28 Moving is finished
08.07 10:58:59 Stopped!
08.07 11:01:09 Row 0: 08.07 11:01:09 Map: x1: -14.0, y1: -38.0, x2: -14.822, y2: -40.851, xres: 0.100, yres: 0.100, fname: NH2term1
08.07 11:01:09 Scanning 0 point from 300
08.07 11:01:09 Going to coordinates X=-14.822, Y=-40.851
08.07 11:01:10 Moving is finished
08.07 11:02:14 Scanning 1 point from 300
08.07 11:02:14 Going to coordinates X=-14.722, Y=-40.851
08.07 11:02:14 Moving is finished
