27.06 16:55:47 Initializing grbl...
27.06 16:55:48 Got the response: b''
27.06 17:14:48 Can't send the command to GRBL
27.06 17:14:48 Write timeout27.06 17:14:48 Write timeout

27.06 17:16:10 Row 0: 27.06 17:16:10 Map: x1: -28.01, y1: -39.134, x2: -26.263, y2: -37.289, xres: 0.050, yres: 0.050, fname: CDNH2t4
27.06 17:16:10 Scanning 0 point from 1368
27.06 17:16:10 Going to coordinates X=-28.010, Y=-39.134
27.06 17:16:11 Moving is finished
27.06 17:17:48 Scanning 1 point from 1368
27.06 17:17:48 Going to coordinates X=-27.960, Y=-39.134
27.06 17:17:48 Moving is finished
27.06 17:19:28 timed out
27.06 17:19:28 Scanning 2 point from 1368
27.06 17:19:28 Going to coordinates X=-27.910, Y=-39.134
27.06 17:19:28 Moving is finished
27.06 17:19:43 Could not find 'EZRaman Reader  V8.2.0 MV' in 'dict_keys([])'
27.06 17:19:48 Could not find 'EZRaman Reader  V8.2.0 MV' in 'dict_keys([])'
27.06 17:19:48 Scanning 3 point from 1368
27.06 17:19:48 Going to coordinates X=-27.860, Y=-39.134
27.06 17:19:49 Moving is finished
27.06 17:19:55 Could not find 'EZRaman Reader  V8.2.0 MV' in 'dict_keys([])'
27.06 17:20:01 Scanning 4 point from 1368
27.06 17:20:01 Going to coordinates X=-27.810, Y=-39.134
27.06 17:20:01 Moving is finished
27.06 17:21:05 Scanning 5 point from 1368
27.06 17:21:05 Going to coordinates X=-27.760, Y=-39.134
27.06 17:21:05 Moving is finished
27.06 17:22:42 Scanning 6 point from 1368
27.06 17:22:42 Going to coordinates X=-27.710, Y=-39.134
27.06 17:22:42 Moving is finished
27.06 17:24:18 Scanning 7 point from 1368
27.06 17:24:18 Going to coordinates X=-27.660, Y=-39.134
27.06 17:24:18 Moving is finished
27.06 17:25:55 Scanning 8 point from 1368
27.06 17:25:55 Going to coordinates X=-27.610, Y=-39.134
27.06 17:25:55 Moving is finished
27.06 17:27:07 Could not find 'EZRaman Reader  V8.2.0 MV' in 'dict_keys([])'
27.06 17:27:12 Could not find 'EZRaman Reader  V8.2.0 MV' in 'dict_keys([])'
27.06 17:27:13 Scanning 9 point from 1368
27.06 17:27:13 Going to coordinates X=-27.560, Y=-39.134
27.06 17:27:13 Moving is finished
27.06 17:27:20 Could not find 'EZRaman Reader  V8.2.0 MV' in 'dict_keys([])'
27.06 17:27:26 Could not find 'EZRaman Reader  V8.2.0 MV' in 'dict_keys([])'
27.06 17:27:26 Scanning 10 point from 1368
27.06 17:27:26 Going to coordinates X=-27.510, Y=-39.134
27.06 17:27:26 Moving is finished
27.06 17:27:32 Could not find 'EZRaman Reader  V8.2.0 MV' in 'dict_keys([])'
27.06 17:27:37 Could not find 'EZRaman Reader  V8.2.0 MV' in 'dict_keys([])'
27.06 17:27:37 Scanning 11 point from 1368
27.06 17:27:37 Going to coordinates X=-27.460, Y=-39.134
27.06 17:27:37 Moving is finished
27.06 17:29:16 Scanning 12 point from 1368
27.06 17:29:16 Going to coordinates X=-27.410, Y=-39.134
27.06 17:29:17 Moving is finished
27.06 17:30:53 Scanning 13 point from 1368
27.06 17:30:53 Going to coordinates X=-27.360, Y=-39.134
27.06 17:30:53 Moving is finished
27.06 17:32:30 Scanning 14 point from 1368
27.06 17:32:30 Going to coordinates X=-27.310, Y=-39.134
27.06 17:32:30 Moving is finished
27.06 17:34:06 Scanning 15 point from 1368
27.06 17:34:06 Going to coordinates X=-27.260, Y=-39.134
27.06 17:34:07 Moving is finished
27.06 17:35:43 Scanning 16 point from 1368
27.06 17:35:43 Going to coordinates X=-27.210, Y=-39.134
27.06 17:35:43 Moving is finished
27.06 17:37:20 Scanning 17 point from 1368
27.06 17:37:20 Going to coordinates X=-27.160, Y=-39.134
27.06 17:37:20 Moving is finished
27.06 17:38:57 Scanning 18 point from 1368
27.06 17:38:57 Going to coordinates X=-27.110, Y=-39.134
27.06 17:38:57 Moving is finished
27.06 17:40:33 Scanning 19 point from 1368
27.06 17:40:33 Going to coordinates X=-27.060, Y=-39.134
27.06 17:40:34 Moving is finished
27.06 17:42:10 Scanning 20 point from 1368
27.06 17:42:10 Going to coordinates X=-27.010, Y=-39.134
27.06 17:42:10 Moving is finished
27.06 17:43:47 Scanning 21 point from 1368
27.06 17:43:47 Going to coordinates X=-26.960, Y=-39.134
27.06 17:43:48 Moving is finished
27.06 17:45:24 Scanning 22 point from 1368
27.06 17:45:24 Going to coordinates X=-26.910, Y=-39.134
27.06 17:45:24 Moving is finished
27.06 17:47:01 Scanning 23 point from 1368
27.06 17:47:01 Going to coordinates X=-26.860, Y=-39.134
27.06 17:47:01 Moving is finished
27.06 17:48:38 Scanning 24 point from 1368
27.06 17:48:38 Going to coordinates X=-26.810, Y=-39.134
27.06 17:48:38 Moving is finished
27.06 17:50:14 Scanning 25 point from 1368
27.06 17:50:14 Going to coordinates X=-26.760, Y=-39.134
27.06 17:50:15 Moving is finished
27.06 17:51:51 Scanning 26 point from 1368
27.06 17:51:51 Going to coordinates X=-26.710, Y=-39.134
27.06 17:51:51 Moving is finished
27.06 17:53:28 Scanning 27 point from 1368
27.06 17:53:28 Going to coordinates X=-26.660, Y=-39.134
27.06 17:53:28 Moving is finished
27.06 17:55:05 Scanning 28 point from 1368
27.06 17:55:05 Going to coordinates X=-26.610, Y=-39.134
27.06 17:55:05 Moving is finished
27.06 17:56:42 Scanning 29 point from 1368
27.06 17:56:42 Going to coordinates X=-26.560, Y=-39.134
27.06 17:56:42 Moving is finished
27.06 17:58:19 Scanning 30 point from 1368
27.06 17:58:19 Going to coordinates X=-26.510, Y=-39.134
27.06 17:58:19 Moving is finished
27.06 17:59:56 Scanning 31 point from 1368
27.06 17:59:56 Going to coordinates X=-26.460, Y=-39.134
27.06 17:59:56 Moving is finished
27.06 18:01:33 Scanning 32 point from 1368
27.06 18:01:33 Going to coordinates X=-26.410, Y=-39.134
27.06 18:01:33 Moving is finished
27.06 18:03:10 Scanning 33 point from 1368
27.06 18:03:10 Going to coordinates X=-26.360, Y=-39.134
27.06 18:03:10 Moving is finished
27.06 18:04:47 Scanning 34 point from 1368
27.06 18:04:47 Going to coordinates X=-26.310, Y=-39.134
27.06 18:04:47 Moving is finished
27.06 18:06:23 Scanning 35 point from 1368
27.06 18:06:23 Going to coordinates X=-26.260, Y=-39.134
27.06 18:06:24 Moving is finished
27.06 18:08:00 Scanning 36 point from 1368
27.06 18:08:00 Going to coordinates X=-28.010, Y=-39.084
27.06 18:08:01 Moving is finished
27.06 18:09:38 Scanning 37 point from 1368
27.06 18:09:38 Going to coordinates X=-27.960, Y=-39.084
27.06 18:09:38 Moving is finished
27.06 18:11:15 Scanning 38 point from 1368
27.06 18:11:15 Going to coordinates X=-27.910, Y=-39.084
27.06 18:11:16 Moving is finished
27.06 18:12:52 Scanning 39 point from 1368
27.06 18:12:52 Going to coordinates X=-27.860, Y=-39.084
27.06 18:12:52 Moving is finished
27.06 18:14:29 Scanning 40 point from 1368
27.06 18:14:29 Going to coordinates X=-27.810, Y=-39.084
27.06 18:14:29 Moving is finished
27.06 18:16:06 Scanning 41 point from 1368
27.06 18:16:06 Going to coordinates X=-27.760, Y=-39.084
27.06 18:16:06 Moving is finished
27.06 18:17:43 Scanning 42 point from 1368
27.06 18:17:43 Going to coordinates X=-27.710, Y=-39.084
27.06 18:17:43 Moving is finished
27.06 18:19:20 Scanning 43 point from 1368
27.06 18:19:20 Going to coordinates X=-27.660, Y=-39.084
27.06 18:19:20 Moving is finished
27.06 18:20:57 Scanning 44 point from 1368
27.06 18:20:57 Going to coordinates X=-27.610, Y=-39.084
27.06 18:20:57 Moving is finished
27.06 18:22:35 Scanning 45 point from 1368
27.06 18:22:35 Going to coordinates X=-27.560, Y=-39.084
27.06 18:22:35 Moving is finished
27.06 18:24:12 Scanning 46 point from 1368
27.06 18:24:12 Going to coordinates X=-27.510, Y=-39.084
27.06 18:24:12 Moving is finished
27.06 18:25:49 Scanning 47 point from 1368
27.06 18:25:49 Going to coordinates X=-27.460, Y=-39.084
27.06 18:25:49 Moving is finished
27.06 18:27:26 Scanning 48 point from 1368
27.06 18:27:26 Going to coordinates X=-27.410, Y=-39.084
27.06 18:27:26 Moving is finished
27.06 18:29:03 Scanning 49 point from 1368
27.06 18:29:03 Going to coordinates X=-27.360, Y=-39.084
27.06 18:29:03 Moving is finished
27.06 18:30:39 Scanning 50 point from 1368
27.06 18:30:39 Going to coordinates X=-27.310, Y=-39.084
27.06 18:30:40 Moving is finished
27.06 18:32:17 Scanning 51 point from 1368
27.06 18:32:17 Going to coordinates X=-27.260, Y=-39.084
27.06 18:32:17 Moving is finished
27.06 18:33:54 Scanning 52 point from 1368
27.06 18:33:54 Going to coordinates X=-27.210, Y=-39.084
27.06 18:33:54 Moving is finished
27.06 18:35:30 Scanning 53 point from 1368
27.06 18:35:30 Going to coordinates X=-27.160, Y=-39.084
27.06 18:35:30 Moving is finished
27.06 18:37:08 Scanning 54 point from 1368
27.06 18:37:08 Going to coordinates X=-27.110, Y=-39.084
27.06 18:37:08 Moving is finished
27.06 18:38:44 Scanning 55 point from 1368
27.06 18:38:44 Going to coordinates X=-27.060, Y=-39.084
27.06 18:38:45 Moving is finished
27.06 18:40:22 Scanning 56 point from 1368
27.06 18:40:22 Going to coordinates X=-27.010, Y=-39.084
27.06 18:40:22 Moving is finished
27.06 18:41:59 Scanning 57 point from 1368
27.06 18:41:59 Going to coordinates X=-26.960, Y=-39.084
27.06 18:41:59 Moving is finished
27.06 18:43:36 Scanning 58 point from 1368
27.06 18:43:36 Going to coordinates X=-26.910, Y=-39.084
27.06 18:43:36 Moving is finished
27.06 18:45:12 Scanning 59 point from 1368
27.06 18:45:12 Going to coordinates X=-26.860, Y=-39.084
27.06 18:45:13 Moving is finished
27.06 18:46:49 Scanning 60 point from 1368
27.06 18:46:49 Going to coordinates X=-26.810, Y=-39.084
27.06 18:46:49 Moving is finished
27.06 18:48:26 Scanning 61 point from 1368
27.06 18:48:26 Going to coordinates X=-26.760, Y=-39.084
27.06 18:48:26 Moving is finished
27.06 18:50:03 Scanning 62 point from 1368
27.06 18:50:03 Going to coordinates X=-26.710, Y=-39.084
27.06 18:50:03 Moving is finished
27.06 18:51:40 Scanning 63 point from 1368
27.06 18:51:40 Going to coordinates X=-26.660, Y=-39.084
27.06 18:51:40 Moving is finished
27.06 18:53:17 Scanning 64 point from 1368
27.06 18:53:17 Going to coordinates X=-26.610, Y=-39.084
27.06 18:53:17 Moving is finished
27.06 18:54:53 Scanning 65 point from 1368
27.06 18:54:53 Going to coordinates X=-26.560, Y=-39.084
27.06 18:54:53 Moving is finished
27.06 18:56:30 Scanning 66 point from 1368
27.06 18:56:30 Going to coordinates X=-26.510, Y=-39.084
27.06 18:56:30 Moving is finished
27.06 18:58:07 Scanning 67 point from 1368
27.06 18:58:07 Going to coordinates X=-26.460, Y=-39.084
27.06 18:58:07 Moving is finished
27.06 18:59:44 Scanning 68 point from 1368
27.06 18:59:44 Going to coordinates X=-26.410, Y=-39.084
27.06 18:59:44 Moving is finished
27.06 19:01:21 Scanning 69 point from 1368
27.06 19:01:21 Going to coordinates X=-26.360, Y=-39.084
27.06 19:01:21 Moving is finished
27.06 19:02:58 Scanning 70 point from 1368
27.06 19:02:58 Going to coordinates X=-26.310, Y=-39.084
27.06 19:02:58 Moving is finished
27.06 19:04:35 Scanning 71 point from 1368
27.06 19:04:35 Going to coordinates X=-26.260, Y=-39.084
27.06 19:04:35 Moving is finished
27.06 19:06:11 Scanning 72 point from 1368
27.06 19:06:11 Going to coordinates X=-28.010, Y=-39.034
27.06 19:06:12 Moving is finished
27.06 19:07:49 Scanning 73 point from 1368
27.06 19:07:49 Going to coordinates X=-27.960, Y=-39.034
27.06 19:07:49 Moving is finished
27.06 19:09:25 Scanning 74 point from 1368
27.06 19:09:25 Going to coordinates X=-27.910, Y=-39.034
27.06 19:09:26 Moving is finished
27.06 19:11:03 Scanning 75 point from 1368
27.06 19:11:03 Going to coordinates X=-27.860, Y=-39.034
27.06 19:11:03 Moving is finished
27.06 19:12:40 Scanning 76 point from 1368
27.06 19:12:40 Going to coordinates X=-27.810, Y=-39.034
27.06 19:12:40 Moving is finished
27.06 19:14:17 Scanning 77 point from 1368
27.06 19:14:17 Going to coordinates X=-27.760, Y=-39.034
27.06 19:14:18 Moving is finished
27.06 19:15:54 Scanning 78 point from 1368
27.06 19:15:54 Going to coordinates X=-27.710, Y=-39.034
27.06 19:15:54 Moving is finished
27.06 19:17:31 Scanning 79 point from 1368
27.06 19:17:31 Going to coordinates X=-27.660, Y=-39.034
27.06 19:17:32 Moving is finished
27.06 19:19:09 Scanning 80 point from 1368
27.06 19:19:09 Going to coordinates X=-27.610, Y=-39.034
27.06 19:19:09 Moving is finished
27.06 19:20:46 Scanning 81 point from 1368
27.06 19:20:46 Going to coordinates X=-27.560, Y=-39.034
27.06 19:20:46 Moving is finished
27.06 19:22:22 Scanning 82 point from 1368
27.06 19:22:22 Going to coordinates X=-27.510, Y=-39.034
27.06 19:22:23 Moving is finished
27.06 19:23:59 Scanning 83 point from 1368
27.06 19:23:59 Going to coordinates X=-27.460, Y=-39.034
27.06 19:23:59 Moving is finished
27.06 19:25:36 Scanning 84 point from 1368
27.06 19:25:36 Going to coordinates X=-27.410, Y=-39.034
27.06 19:25:36 Moving is finished
27.06 19:27:14 Scanning 85 point from 1368
27.06 19:27:14 Going to coordinates X=-27.360, Y=-39.034
27.06 19:27:14 Moving is finished
27.06 19:28:50 Scanning 86 point from 1368
27.06 19:28:50 Going to coordinates X=-27.310, Y=-39.034
27.06 19:28:51 Moving is finished
27.06 19:30:27 Scanning 87 point from 1368
27.06 19:30:27 Going to coordinates X=-27.260, Y=-39.034
27.06 19:30:28 Moving is finished
27.06 19:32:04 Scanning 88 point from 1368
27.06 19:32:04 Going to coordinates X=-27.210, Y=-39.034
27.06 19:32:05 Moving is finished
27.06 19:33:41 Scanning 89 point from 1368
27.06 19:33:41 Going to coordinates X=-27.160, Y=-39.034
27.06 19:33:41 Moving is finished
27.06 19:35:18 Scanning 90 point from 1368
27.06 19:35:18 Going to coordinates X=-27.110, Y=-39.034
27.06 19:35:18 Moving is finished
27.06 19:36:55 Scanning 91 point from 1368
27.06 19:36:55 Going to coordinates X=-27.060, Y=-39.034
27.06 19:36:55 Moving is finished
27.06 19:38:32 Scanning 92 point from 1368
27.06 19:38:32 Going to coordinates X=-27.010, Y=-39.034
27.06 19:38:32 Moving is finished
27.06 19:40:09 Scanning 93 point from 1368
27.06 19:40:09 Going to coordinates X=-26.960, Y=-39.034
27.06 19:40:09 Moving is finished
27.06 19:41:46 Scanning 94 point from 1368
27.06 19:41:46 Going to coordinates X=-26.910, Y=-39.034
27.06 19:41:46 Moving is finished
27.06 19:43:23 Scanning 95 point from 1368
27.06 19:43:23 Going to coordinates X=-26.860, Y=-39.034
27.06 19:43:23 Moving is finished
27.06 19:45:00 Scanning 96 point from 1368
27.06 19:45:00 Going to coordinates X=-26.810, Y=-39.034
27.06 19:45:00 Moving is finished
27.06 19:46:37 Scanning 97 point from 1368
27.06 19:46:37 Going to coordinates X=-26.760, Y=-39.034
27.06 19:46:37 Moving is finished
27.06 19:48:13 Scanning 98 point from 1368
27.06 19:48:13 Going to coordinates X=-26.710, Y=-39.034
27.06 19:48:14 Moving is finished
27.06 19:49:50 Scanning 99 point from 1368
27.06 19:49:50 Going to coordinates X=-26.660, Y=-39.034
27.06 19:49:51 Moving is finished
27.06 19:51:27 Scanning 100 point from 1368
27.06 19:51:27 Going to coordinates X=-26.610, Y=-39.034
27.06 19:51:27 Moving is finished
27.06 19:53:04 Scanning 101 point from 1368
27.06 19:53:04 Going to coordinates X=-26.560, Y=-39.034
27.06 19:53:04 Moving is finished
27.06 19:54:41 Scanning 102 point from 1368
27.06 19:54:41 Going to coordinates X=-26.510, Y=-39.034
27.06 19:54:41 Moving is finished
27.06 19:56:18 Scanning 103 point from 1368
27.06 19:56:18 Going to coordinates X=-26.460, Y=-39.034
27.06 19:56:18 Moving is finished
27.06 19:57:55 Scanning 104 point from 1368
27.06 19:57:55 Going to coordinates X=-26.410, Y=-39.034
27.06 19:57:55 Moving is finished
27.06 19:59:31 Scanning 105 point from 1368
27.06 19:59:31 Going to coordinates X=-26.360, Y=-39.034
27.06 19:59:31 Moving is finished
27.06 20:01:08 Scanning 106 point from 1368
27.06 20:01:08 Going to coordinates X=-26.310, Y=-39.034
27.06 20:01:08 Moving is finished
27.06 20:02:44 Scanning 107 point from 1368
27.06 20:02:44 Going to coordinates X=-26.260, Y=-39.034
27.06 20:02:45 Moving is finished
27.06 20:04:21 Scanning 108 point from 1368
27.06 20:04:21 Going to coordinates X=-28.010, Y=-38.984
27.06 20:04:22 Moving is finished
27.06 20:05:59 Scanning 109 point from 1368
27.06 20:05:59 Going to coordinates X=-27.960, Y=-38.984
27.06 20:05:59 Moving is finished
27.06 20:07:36 Scanning 110 point from 1368
27.06 20:07:36 Going to coordinates X=-27.910, Y=-38.984
27.06 20:07:36 Moving is finished
27.06 20:09:13 Scanning 111 point from 1368
27.06 20:09:13 Going to coordinates X=-27.860, Y=-38.984
27.06 20:09:13 Moving is finished
27.06 20:10:50 Scanning 112 point from 1368
27.06 20:10:50 Going to coordinates X=-27.810, Y=-38.984
27.06 20:10:50 Moving is finished
27.06 20:12:26 Scanning 113 point from 1368
27.06 20:12:26 Going to coordinates X=-27.760, Y=-38.984
27.06 20:12:26 Moving is finished
27.06 20:14:03 Scanning 114 point from 1368
27.06 20:14:03 Going to coordinates X=-27.710, Y=-38.984
27.06 20:14:03 Moving is finished
27.06 20:15:39 Scanning 115 point from 1368
27.06 20:15:39 Going to coordinates X=-27.660, Y=-38.984
27.06 20:15:40 Moving is finished
27.06 20:17:17 Scanning 116 point from 1368
27.06 20:17:17 Going to coordinates X=-27.610, Y=-38.984
27.06 20:17:17 Moving is finished
27.06 20:18:53 Scanning 117 point from 1368
27.06 20:18:53 Going to coordinates X=-27.560, Y=-38.984
27.06 20:18:54 Moving is finished
27.06 20:20:30 Scanning 118 point from 1368
27.06 20:20:30 Going to coordinates X=-27.510, Y=-38.984
27.06 20:20:30 Moving is finished
27.06 20:22:07 Scanning 119 point from 1368
27.06 20:22:07 Going to coordinates X=-27.460, Y=-38.984
27.06 20:22:07 Moving is finished
27.06 20:23:44 Scanning 120 point from 1368
27.06 20:23:44 Going to coordinates X=-27.410, Y=-38.984
27.06 20:23:44 Moving is finished
27.06 20:25:20 Scanning 121 point from 1368
27.06 20:25:20 Going to coordinates X=-27.360, Y=-38.984
27.06 20:25:20 Moving is finished
27.06 20:26:58 Scanning 122 point from 1368
27.06 20:26:58 Going to coordinates X=-27.310, Y=-38.984
27.06 20:26:58 Moving is finished
27.06 20:28:34 Scanning 123 point from 1368
27.06 20:28:34 Going to coordinates X=-27.260, Y=-38.984
27.06 20:28:34 Moving is finished
27.06 20:30:11 Scanning 124 point from 1368
27.06 20:30:11 Going to coordinates X=-27.210, Y=-38.984
27.06 20:30:11 Moving is finished
27.06 20:31:48 Scanning 125 point from 1368
27.06 20:31:48 Going to coordinates X=-27.160, Y=-38.984
27.06 20:31:48 Moving is finished
27.06 20:33:25 Scanning 126 point from 1368
27.06 20:33:25 Going to coordinates X=-27.110, Y=-38.984
27.06 20:33:25 Moving is finished
27.06 20:35:02 Scanning 127 point from 1368
27.06 20:35:02 Going to coordinates X=-27.060, Y=-38.984
27.06 20:35:02 Moving is finished
27.06 20:36:39 Scanning 128 point from 1368
27.06 20:36:39 Going to coordinates X=-27.010, Y=-38.984
27.06 20:36:39 Moving is finished
27.06 20:38:15 Scanning 129 point from 1368
27.06 20:38:15 Going to coordinates X=-26.960, Y=-38.984
27.06 20:38:16 Moving is finished
27.06 20:39:52 Scanning 130 point from 1368
27.06 20:39:52 Going to coordinates X=-26.910, Y=-38.984
27.06 20:39:53 Moving is finished
27.06 20:41:29 Scanning 131 point from 1368
27.06 20:41:29 Going to coordinates X=-26.860, Y=-38.984
27.06 20:41:29 Moving is finished
27.06 20:43:06 Scanning 132 point from 1368
27.06 20:43:06 Going to coordinates X=-26.810, Y=-38.984
27.06 20:43:06 Moving is finished
27.06 20:44:43 Scanning 133 point from 1368
27.06 20:44:43 Going to coordinates X=-26.760, Y=-38.984
27.06 20:44:43 Moving is finished
27.06 20:46:19 Scanning 134 point from 1368
27.06 20:46:19 Going to coordinates X=-26.710, Y=-38.984
27.06 20:46:20 Moving is finished
27.06 20:47:56 Scanning 135 point from 1368
27.06 20:47:56 Going to coordinates X=-26.660, Y=-38.984
27.06 20:47:57 Moving is finished
27.06 20:49:33 Scanning 136 point from 1368
27.06 20:49:33 Going to coordinates X=-26.610, Y=-38.984
27.06 20:49:33 Moving is finished
27.06 20:51:10 Scanning 137 point from 1368
27.06 20:51:10 Going to coordinates X=-26.560, Y=-38.984
27.06 20:51:11 Moving is finished
27.06 20:52:47 Scanning 138 point from 1368
27.06 20:52:47 Going to coordinates X=-26.510, Y=-38.984
27.06 20:52:48 Moving is finished
27.06 20:54:25 Scanning 139 point from 1368
27.06 20:54:25 Going to coordinates X=-26.460, Y=-38.984
27.06 20:54:25 Moving is finished
27.06 20:56:02 Scanning 140 point from 1368
27.06 20:56:02 Going to coordinates X=-26.410, Y=-38.984
27.06 20:56:02 Moving is finished
27.06 20:57:38 Scanning 141 point from 1368
27.06 20:57:38 Going to coordinates X=-26.360, Y=-38.984
27.06 20:57:38 Moving is finished
27.06 20:59:15 Scanning 142 point from 1368
27.06 20:59:15 Going to coordinates X=-26.310, Y=-38.984
27.06 20:59:15 Moving is finished
27.06 21:00:52 Scanning 143 point from 1368
27.06 21:00:52 Going to coordinates X=-26.260, Y=-38.984
27.06 21:00:52 Moving is finished
27.06 21:02:29 Scanning 144 point from 1368
27.06 21:02:29 Going to coordinates X=-28.010, Y=-38.934
27.06 21:02:30 Moving is finished
27.06 21:04:06 Scanning 145 point from 1368
27.06 21:04:06 Going to coordinates X=-27.960, Y=-38.934
27.06 21:04:06 Moving is finished
27.06 21:05:43 Scanning 146 point from 1368
27.06 21:05:43 Going to coordinates X=-27.910, Y=-38.934
27.06 21:05:43 Moving is finished
27.06 21:07:20 Scanning 147 point from 1368
27.06 21:07:20 Going to coordinates X=-27.860, Y=-38.934
27.06 21:07:20 Moving is finished
27.06 21:08:57 Scanning 148 point from 1368
27.06 21:08:57 Going to coordinates X=-27.810, Y=-38.934
27.06 21:08:57 Moving is finished
27.06 21:10:33 Scanning 149 point from 1368
27.06 21:10:33 Going to coordinates X=-27.760, Y=-38.934
27.06 21:10:33 Moving is finished
27.06 21:12:10 Scanning 150 point from 1368
27.06 21:12:10 Going to coordinates X=-27.710, Y=-38.934
27.06 21:12:10 Moving is finished
27.06 21:13:47 Scanning 151 point from 1368
27.06 21:13:47 Going to coordinates X=-27.660, Y=-38.934
27.06 21:13:47 Moving is finished
27.06 21:15:23 Scanning 152 point from 1368
27.06 21:15:23 Going to coordinates X=-27.610, Y=-38.934
27.06 21:15:24 Moving is finished
27.06 21:17:00 Scanning 153 point from 1368
27.06 21:17:00 Going to coordinates X=-27.560, Y=-38.934
27.06 21:17:00 Moving is finished
27.06 21:18:37 Scanning 154 point from 1368
27.06 21:18:37 Going to coordinates X=-27.510, Y=-38.934
27.06 21:18:37 Moving is finished
27.06 21:20:14 Scanning 155 point from 1368
27.06 21:20:14 Going to coordinates X=-27.460, Y=-38.934
27.06 21:20:14 Moving is finished
27.06 21:21:50 Scanning 156 point from 1368
27.06 21:21:50 Going to coordinates X=-27.410, Y=-38.934
27.06 21:21:51 Moving is finished
27.06 21:23:27 Scanning 157 point from 1368
27.06 21:23:27 Going to coordinates X=-27.360, Y=-38.934
27.06 21:23:28 Moving is finished
27.06 21:25:05 Scanning 158 point from 1368
27.06 21:25:05 Going to coordinates X=-27.310, Y=-38.934
27.06 21:25:05 Moving is finished
27.06 21:26:42 Scanning 159 point from 1368
27.06 21:26:42 Going to coordinates X=-27.260, Y=-38.934
27.06 21:26:42 Moving is finished
27.06 21:28:18 Scanning 160 point from 1368
27.06 21:28:18 Going to coordinates X=-27.210, Y=-38.934
27.06 21:28:19 Moving is finished
27.06 21:29:55 Scanning 161 point from 1368
27.06 21:29:55 Going to coordinates X=-27.160, Y=-38.934
27.06 21:29:55 Moving is finished
27.06 21:31:32 Scanning 162 point from 1368
27.06 21:31:32 Going to coordinates X=-27.110, Y=-38.934
27.06 21:31:32 Moving is finished
27.06 21:33:09 Scanning 163 point from 1368
27.06 21:33:09 Going to coordinates X=-27.060, Y=-38.934
27.06 21:33:09 Moving is finished
27.06 21:34:45 Scanning 164 point from 1368
27.06 21:34:45 Going to coordinates X=-27.010, Y=-38.934
27.06 21:34:45 Moving is finished
27.06 21:36:22 Scanning 165 point from 1368
27.06 21:36:22 Going to coordinates X=-26.960, Y=-38.934
27.06 21:36:22 Moving is finished
27.06 21:37:59 Scanning 166 point from 1368
27.06 21:37:59 Going to coordinates X=-26.910, Y=-38.934
27.06 21:37:59 Moving is finished
27.06 21:39:36 Scanning 167 point from 1368
27.06 21:39:36 Going to coordinates X=-26.860, Y=-38.934
27.06 21:39:36 Moving is finished
27.06 21:41:12 Scanning 168 point from 1368
27.06 21:41:12 Going to coordinates X=-26.810, Y=-38.934
27.06 21:41:12 Moving is finished
27.06 21:42:49 Scanning 169 point from 1368
27.06 21:42:49 Going to coordinates X=-26.760, Y=-38.934
27.06 21:42:49 Moving is finished
27.06 21:44:26 Scanning 170 point from 1368
27.06 21:44:26 Going to coordinates X=-26.710, Y=-38.934
27.06 21:44:26 Moving is finished
27.06 21:46:02 Scanning 171 point from 1368
27.06 21:46:02 Going to coordinates X=-26.660, Y=-38.934
27.06 21:46:03 Moving is finished
27.06 21:47:39 Scanning 172 point from 1368
27.06 21:47:39 Going to coordinates X=-26.610, Y=-38.934
27.06 21:47:39 Moving is finished
27.06 21:49:16 Scanning 173 point from 1368
27.06 21:49:16 Going to coordinates X=-26.560, Y=-38.934
27.06 21:49:16 Moving is finished
27.06 21:50:53 Scanning 174 point from 1368
27.06 21:50:53 Going to coordinates X=-26.510, Y=-38.934
27.06 21:50:53 Moving is finished
27.06 21:52:30 Scanning 175 point from 1368
27.06 21:52:30 Going to coordinates X=-26.460, Y=-38.934
27.06 21:52:30 Moving is finished
27.06 21:54:07 Scanning 176 point from 1368
27.06 21:54:07 Going to coordinates X=-26.410, Y=-38.934
27.06 21:54:07 Moving is finished
27.06 21:55:44 Scanning 177 point from 1368
27.06 21:55:44 Going to coordinates X=-26.360, Y=-38.934
27.06 21:55:44 Moving is finished
27.06 21:57:21 Scanning 178 point from 1368
27.06 21:57:21 Going to coordinates X=-26.310, Y=-38.934
27.06 21:57:21 Moving is finished
27.06 21:58:57 Scanning 179 point from 1368
27.06 21:58:57 Going to coordinates X=-26.260, Y=-38.934
27.06 21:58:58 Moving is finished
27.06 22:00:34 Scanning 180 point from 1368
27.06 22:00:34 Going to coordinates X=-28.010, Y=-38.884
27.06 22:00:35 Moving is finished
27.06 22:02:11 Scanning 181 point from 1368
27.06 22:02:11 Going to coordinates X=-27.960, Y=-38.884
27.06 22:02:11 Moving is finished
27.06 22:03:48 Scanning 182 point from 1368
27.06 22:03:48 Going to coordinates X=-27.910, Y=-38.884
27.06 22:03:49 Moving is finished
27.06 22:05:25 Scanning 183 point from 1368
27.06 22:05:25 Going to coordinates X=-27.860, Y=-38.884
27.06 22:05:25 Moving is finished
27.06 22:07:02 Scanning 184 point from 1368
27.06 22:07:02 Going to coordinates X=-27.810, Y=-38.884
27.06 22:07:03 Moving is finished
27.06 22:08:40 Scanning 185 point from 1368
27.06 22:08:40 Going to coordinates X=-27.760, Y=-38.884
27.06 22:08:40 Moving is finished
27.06 22:10:16 Scanning 186 point from 1368
27.06 22:10:16 Going to coordinates X=-27.710, Y=-38.884
27.06 22:10:16 Moving is finished
27.06 22:11:53 Scanning 187 point from 1368
27.06 22:11:53 Going to coordinates X=-27.660, Y=-38.884
27.06 22:11:53 Moving is finished
27.06 22:13:30 Scanning 188 point from 1368
27.06 22:13:30 Going to coordinates X=-27.610, Y=-38.884
27.06 22:13:31 Moving is finished
27.06 22:15:07 Scanning 189 point from 1368
27.06 22:15:07 Going to coordinates X=-27.560, Y=-38.884
27.06 22:15:07 Moving is finished
27.06 22:16:44 Scanning 190 point from 1368
27.06 22:16:44 Going to coordinates X=-27.510, Y=-38.884
27.06 22:16:45 Moving is finished
27.06 22:18:21 Scanning 191 point from 1368
27.06 22:18:21 Going to coordinates X=-27.460, Y=-38.884
27.06 22:18:22 Moving is finished
27.06 22:19:58 Scanning 192 point from 1368
27.06 22:19:58 Going to coordinates X=-27.410, Y=-38.884
27.06 22:19:58 Moving is finished
27.06 22:21:35 Scanning 193 point from 1368
27.06 22:21:35 Going to coordinates X=-27.360, Y=-38.884
27.06 22:21:35 Moving is finished
27.06 22:23:12 Scanning 194 point from 1368
27.06 22:23:12 Going to coordinates X=-27.310, Y=-38.884
27.06 22:23:13 Moving is finished
27.06 22:24:49 Scanning 195 point from 1368
27.06 22:24:49 Going to coordinates X=-27.260, Y=-38.884
27.06 22:24:49 Moving is finished
27.06 22:26:26 Scanning 196 point from 1368
27.06 22:26:26 Going to coordinates X=-27.210, Y=-38.884
27.06 22:26:26 Moving is finished
27.06 22:28:03 Scanning 197 point from 1368
27.06 22:28:03 Going to coordinates X=-27.160, Y=-38.884
27.06 22:28:03 Moving is finished
27.06 22:29:40 Scanning 198 point from 1368
27.06 22:29:40 Going to coordinates X=-27.110, Y=-38.884
27.06 22:29:40 Moving is finished
27.06 22:31:17 Scanning 199 point from 1368
27.06 22:31:17 Going to coordinates X=-27.060, Y=-38.884
27.06 22:31:17 Moving is finished
27.06 22:32:54 Scanning 200 point from 1368
27.06 22:32:54 Going to coordinates X=-27.010, Y=-38.884
27.06 22:32:54 Moving is finished
27.06 22:34:31 Scanning 201 point from 1368
27.06 22:34:31 Going to coordinates X=-26.960, Y=-38.884
27.06 22:34:31 Moving is finished
27.06 22:36:08 Scanning 202 point from 1368
27.06 22:36:08 Going to coordinates X=-26.910, Y=-38.884
27.06 22:36:08 Moving is finished
27.06 22:37:44 Scanning 203 point from 1368
27.06 22:37:44 Going to coordinates X=-26.860, Y=-38.884
27.06 22:37:45 Moving is finished
27.06 22:39:22 Scanning 204 point from 1368
27.06 22:39:22 Going to coordinates X=-26.810, Y=-38.884
27.06 22:39:22 Moving is finished
27.06 22:40:59 Scanning 205 point from 1368
27.06 22:40:59 Going to coordinates X=-26.760, Y=-38.884
27.06 22:40:59 Moving is finished
27.06 22:42:36 Scanning 206 point from 1368
27.06 22:42:36 Going to coordinates X=-26.710, Y=-38.884
27.06 22:42:36 Moving is finished
27.06 22:44:12 Scanning 207 point from 1368
27.06 22:44:12 Going to coordinates X=-26.660, Y=-38.884
27.06 22:44:13 Moving is finished
27.06 22:45:49 Scanning 208 point from 1368
27.06 22:45:49 Going to coordinates X=-26.610, Y=-38.884
27.06 22:45:49 Moving is finished
27.06 22:47:26 Scanning 209 point from 1368
27.06 22:47:26 Going to coordinates X=-26.560, Y=-38.884
27.06 22:47:26 Moving is finished
27.06 22:49:03 Scanning 210 point from 1368
27.06 22:49:03 Going to coordinates X=-26.510, Y=-38.884
27.06 22:49:03 Moving is finished
27.06 22:50:40 Scanning 211 point from 1368
27.06 22:50:40 Going to coordinates X=-26.460, Y=-38.884
27.06 22:50:40 Moving is finished
27.06 22:52:16 Scanning 212 point from 1368
27.06 22:52:16 Going to coordinates X=-26.410, Y=-38.884
27.06 22:52:17 Moving is finished
27.06 22:53:53 Scanning 213 point from 1368
27.06 22:53:53 Going to coordinates X=-26.360, Y=-38.884
27.06 22:53:53 Moving is finished
27.06 22:55:30 Scanning 214 point from 1368
27.06 22:55:30 Going to coordinates X=-26.310, Y=-38.884
27.06 22:55:30 Moving is finished
27.06 22:57:07 Scanning 215 point from 1368
27.06 22:57:07 Going to coordinates X=-26.260, Y=-38.884
27.06 22:57:07 Moving is finished
27.06 22:58:44 Scanning 216 point from 1368
27.06 22:58:44 Going to coordinates X=-28.010, Y=-38.834
27.06 22:58:45 Moving is finished
27.06 23:00:22 Scanning 217 point from 1368
27.06 23:00:22 Going to coordinates X=-27.960, Y=-38.834
27.06 23:00:22 Moving is finished
27.06 23:01:59 Scanning 218 point from 1368
27.06 23:01:59 Going to coordinates X=-27.910, Y=-38.834
27.06 23:02:00 Moving is finished
27.06 23:03:36 Scanning 219 point from 1368
27.06 23:03:36 Going to coordinates X=-27.860, Y=-38.834
27.06 23:03:36 Moving is finished
27.06 23:05:13 Scanning 220 point from 1368
27.06 23:05:13 Going to coordinates X=-27.810, Y=-38.834
27.06 23:05:13 Moving is finished
27.06 23:06:49 Scanning 221 point from 1368
27.06 23:06:49 Going to coordinates X=-27.760, Y=-38.834
27.06 23:06:49 Moving is finished
27.06 23:08:26 Scanning 222 point from 1368
27.06 23:08:26 Going to coordinates X=-27.710, Y=-38.834
27.06 23:08:26 Moving is finished
27.06 23:10:03 Scanning 223 point from 1368
27.06 23:10:03 Going to coordinates X=-27.660, Y=-38.834
27.06 23:10:03 Moving is finished
27.06 23:11:39 Scanning 224 point from 1368
27.06 23:11:39 Going to coordinates X=-27.610, Y=-38.834
27.06 23:11:40 Moving is finished
27.06 23:13:16 Scanning 225 point from 1368
27.06 23:13:16 Going to coordinates X=-27.560, Y=-38.834
27.06 23:13:16 Moving is finished
27.06 23:14:53 Scanning 226 point from 1368
27.06 23:14:53 Going to coordinates X=-27.510, Y=-38.834
27.06 23:14:53 Moving is finished
27.06 23:16:30 Scanning 227 point from 1368
27.06 23:16:30 Going to coordinates X=-27.460, Y=-38.834
27.06 23:16:30 Moving is finished
27.06 23:18:07 Scanning 228 point from 1368
27.06 23:18:07 Going to coordinates X=-27.410, Y=-38.834
27.06 23:18:07 Moving is finished
27.06 23:19:44 Scanning 229 point from 1368
27.06 23:19:44 Going to coordinates X=-27.360, Y=-38.834
27.06 23:19:44 Moving is finished
27.06 23:21:20 Scanning 230 point from 1368
27.06 23:21:20 Going to coordinates X=-27.310, Y=-38.834
27.06 23:21:21 Moving is finished
27.06 23:22:57 Scanning 231 point from 1368
27.06 23:22:57 Going to coordinates X=-27.260, Y=-38.834
27.06 23:22:58 Moving is finished
27.06 23:24:34 Scanning 232 point from 1368
27.06 23:24:34 Going to coordinates X=-27.210, Y=-38.834
27.06 23:24:34 Moving is finished
27.06 23:26:12 Scanning 233 point from 1368
27.06 23:26:12 Going to coordinates X=-27.160, Y=-38.834
27.06 23:26:12 Moving is finished
27.06 23:27:48 Scanning 234 point from 1368
27.06 23:27:48 Going to coordinates X=-27.110, Y=-38.834
27.06 23:27:48 Moving is finished
27.06 23:29:25 Scanning 235 point from 1368
27.06 23:29:25 Going to coordinates X=-27.060, Y=-38.834
27.06 23:29:25 Moving is finished
27.06 23:31:02 Scanning 236 point from 1368
27.06 23:31:02 Going to coordinates X=-27.010, Y=-38.834
27.06 23:31:02 Moving is finished
27.06 23:32:38 Scanning 237 point from 1368
27.06 23:32:38 Going to coordinates X=-26.960, Y=-38.834
27.06 23:32:39 Moving is finished
27.06 23:34:15 Scanning 238 point from 1368
27.06 23:34:15 Going to coordinates X=-26.910, Y=-38.834
27.06 23:34:15 Moving is finished
27.06 23:35:52 Scanning 239 point from 1368
27.06 23:35:52 Going to coordinates X=-26.860, Y=-38.834
27.06 23:35:52 Moving is finished
27.06 23:37:29 Scanning 240 point from 1368
27.06 23:37:29 Going to coordinates X=-26.810, Y=-38.834
27.06 23:37:30 Moving is finished
27.06 23:39:07 Scanning 241 point from 1368
27.06 23:39:07 Going to coordinates X=-26.760, Y=-38.834
27.06 23:39:07 Moving is finished
27.06 23:40:43 Scanning 242 point from 1368
27.06 23:40:43 Going to coordinates X=-26.710, Y=-38.834
27.06 23:40:44 Moving is finished
27.06 23:42:20 Scanning 243 point from 1368
27.06 23:42:20 Going to coordinates X=-26.660, Y=-38.834
27.06 23:42:20 Moving is finished
27.06 23:43:57 Scanning 244 point from 1368
27.06 23:43:57 Going to coordinates X=-26.610, Y=-38.834
27.06 23:43:57 Moving is finished
27.06 23:45:33 Scanning 245 point from 1368
27.06 23:45:33 Going to coordinates X=-26.560, Y=-38.834
27.06 23:45:33 Moving is finished
27.06 23:47:10 Scanning 246 point from 1368
27.06 23:47:10 Going to coordinates X=-26.510, Y=-38.834
27.06 23:47:10 Moving is finished
27.06 23:48:46 Scanning 247 point from 1368
27.06 23:48:46 Going to coordinates X=-26.460, Y=-38.834
27.06 23:48:47 Moving is finished
27.06 23:50:24 Scanning 248 point from 1368
27.06 23:50:24 Going to coordinates X=-26.410, Y=-38.834
27.06 23:50:24 Moving is finished
27.06 23:52:00 Scanning 249 point from 1368
27.06 23:52:00 Going to coordinates X=-26.360, Y=-38.834
27.06 23:52:00 Moving is finished
27.06 23:53:37 Scanning 250 point from 1368
27.06 23:53:37 Going to coordinates X=-26.310, Y=-38.834
27.06 23:53:37 Moving is finished
27.06 23:55:14 Scanning 251 point from 1368
27.06 23:55:14 Going to coordinates X=-26.260, Y=-38.834
27.06 23:55:15 Moving is finished
27.06 23:56:51 Scanning 252 point from 1368
27.06 23:56:51 Going to coordinates X=-28.010, Y=-38.784
27.06 23:56:52 Moving is finished
27.06 23:58:28 Scanning 253 point from 1368
27.06 23:58:28 Going to coordinates X=-27.960, Y=-38.784
27.06 23:58:28 Moving is finished
28.06 00:00:06 Scanning 254 point from 1368
28.06 00:00:06 Going to coordinates X=-27.910, Y=-38.784
28.06 00:00:06 Moving is finished
28.06 00:01:43 Scanning 255 point from 1368
28.06 00:01:43 Going to coordinates X=-27.860, Y=-38.784
28.06 00:01:43 Moving is finished
28.06 00:03:20 Scanning 256 point from 1368
28.06 00:03:20 Going to coordinates X=-27.810, Y=-38.784
28.06 00:03:20 Moving is finished
28.06 00:04:57 Scanning 257 point from 1368
28.06 00:04:57 Going to coordinates X=-27.760, Y=-38.784
28.06 00:04:57 Moving is finished
28.06 00:06:34 Scanning 258 point from 1368
28.06 00:06:34 Going to coordinates X=-27.710, Y=-38.784
28.06 00:06:34 Moving is finished
28.06 00:08:10 Scanning 259 point from 1368
28.06 00:08:10 Going to coordinates X=-27.660, Y=-38.784
28.06 00:08:11 Moving is finished
28.06 00:09:47 Scanning 260 point from 1368
28.06 00:09:47 Going to coordinates X=-27.610, Y=-38.784
28.06 00:09:47 Moving is finished
28.06 00:11:24 Scanning 261 point from 1368
28.06 00:11:24 Going to coordinates X=-27.560, Y=-38.784
28.06 00:11:24 Moving is finished
28.06 00:13:00 Scanning 262 point from 1368
28.06 00:13:00 Going to coordinates X=-27.510, Y=-38.784
28.06 00:13:01 Moving is finished
28.06 00:14:38 Scanning 263 point from 1368
28.06 00:14:38 Going to coordinates X=-27.460, Y=-38.784
28.06 00:14:38 Moving is finished
28.06 00:16:14 Scanning 264 point from 1368
28.06 00:16:14 Going to coordinates X=-27.410, Y=-38.784
28.06 00:16:14 Moving is finished
28.06 00:17:51 Scanning 265 point from 1368
28.06 00:17:51 Going to coordinates X=-27.360, Y=-38.784
28.06 00:17:52 Moving is finished
28.06 00:19:28 Scanning 266 point from 1368
28.06 00:19:28 Going to coordinates X=-27.310, Y=-38.784
28.06 00:19:29 Moving is finished
28.06 00:21:06 Scanning 267 point from 1368
28.06 00:21:06 Going to coordinates X=-27.260, Y=-38.784
28.06 00:21:06 Moving is finished
28.06 00:22:43 Scanning 268 point from 1368
28.06 00:22:43 Going to coordinates X=-27.210, Y=-38.784
28.06 00:22:43 Moving is finished
28.06 00:24:20 Scanning 269 point from 1368
28.06 00:24:20 Going to coordinates X=-27.160, Y=-38.784
28.06 00:24:20 Moving is finished
28.06 00:25:57 Scanning 270 point from 1368
28.06 00:25:57 Going to coordinates X=-27.110, Y=-38.784
28.06 00:25:57 Moving is finished
28.06 00:27:33 Scanning 271 point from 1368
28.06 00:27:33 Going to coordinates X=-27.060, Y=-38.784
28.06 00:27:34 Moving is finished
28.06 00:29:10 Scanning 272 point from 1368
28.06 00:29:10 Going to coordinates X=-27.010, Y=-38.784
28.06 00:29:10 Moving is finished
28.06 00:30:47 Scanning 273 point from 1368
28.06 00:30:47 Going to coordinates X=-26.960, Y=-38.784
28.06 00:30:47 Moving is finished
28.06 00:32:24 Scanning 274 point from 1368
28.06 00:32:24 Going to coordinates X=-26.910, Y=-38.784
28.06 00:32:24 Moving is finished
28.06 00:34:01 Scanning 275 point from 1368
28.06 00:34:01 Going to coordinates X=-26.860, Y=-38.784
28.06 00:34:01 Moving is finished
28.06 00:35:37 Scanning 276 point from 1368
28.06 00:35:37 Going to coordinates X=-26.810, Y=-38.784
28.06 00:35:38 Moving is finished
28.06 00:37:14 Scanning 277 point from 1368
28.06 00:37:14 Going to coordinates X=-26.760, Y=-38.784
28.06 00:37:14 Moving is finished
28.06 00:38:51 Scanning 278 point from 1368
28.06 00:38:51 Going to coordinates X=-26.710, Y=-38.784
28.06 00:38:51 Moving is finished
28.06 00:40:28 Scanning 279 point from 1368
28.06 00:40:28 Going to coordinates X=-26.660, Y=-38.784
28.06 00:40:28 Moving is finished
28.06 00:42:04 Scanning 280 point from 1368
28.06 00:42:04 Going to coordinates X=-26.610, Y=-38.784
28.06 00:42:04 Moving is finished
28.06 00:43:41 Scanning 281 point from 1368
28.06 00:43:41 Going to coordinates X=-26.560, Y=-38.784
28.06 00:43:41 Moving is finished
28.06 00:45:18 Scanning 282 point from 1368
28.06 00:45:18 Going to coordinates X=-26.510, Y=-38.784
28.06 00:45:18 Moving is finished
28.06 00:46:54 Scanning 283 point from 1368
28.06 00:46:54 Going to coordinates X=-26.460, Y=-38.784
28.06 00:46:55 Moving is finished
28.06 00:48:31 Scanning 284 point from 1368
28.06 00:48:31 Going to coordinates X=-26.410, Y=-38.784
28.06 00:48:31 Moving is finished
28.06 00:50:08 Scanning 285 point from 1368
28.06 00:50:08 Going to coordinates X=-26.360, Y=-38.784
28.06 00:50:08 Moving is finished
28.06 00:51:45 Scanning 286 point from 1368
28.06 00:51:45 Going to coordinates X=-26.310, Y=-38.784
28.06 00:51:45 Moving is finished
28.06 00:53:21 Scanning 287 point from 1368
28.06 00:53:21 Going to coordinates X=-26.260, Y=-38.784
28.06 00:53:22 Moving is finished
28.06 00:54:58 Scanning 288 point from 1368
28.06 00:54:58 Going to coordinates X=-28.010, Y=-38.734
28.06 00:54:59 Moving is finished
28.06 00:56:36 Scanning 289 point from 1368
28.06 00:56:36 Going to coordinates X=-27.960, Y=-38.734
28.06 00:56:36 Moving is finished
28.06 00:58:12 Scanning 290 point from 1368
28.06 00:58:12 Going to coordinates X=-27.910, Y=-38.734
28.06 00:58:13 Moving is finished
28.06 00:59:50 Scanning 291 point from 1368
28.06 00:59:50 Going to coordinates X=-27.860, Y=-38.734
28.06 00:59:50 Moving is finished
28.06 01:01:27 Scanning 292 point from 1368
28.06 01:01:27 Going to coordinates X=-27.810, Y=-38.734
28.06 01:01:27 Moving is finished
28.06 01:03:04 Scanning 293 point from 1368
28.06 01:03:04 Going to coordinates X=-27.760, Y=-38.734
28.06 01:03:04 Moving is finished
28.06 01:04:41 Scanning 294 point from 1368
28.06 01:04:41 Going to coordinates X=-27.710, Y=-38.734
28.06 01:04:41 Moving is finished
28.06 01:06:18 Scanning 295 point from 1368
28.06 01:06:18 Going to coordinates X=-27.660, Y=-38.734
28.06 01:06:18 Moving is finished
28.06 01:07:54 Scanning 296 point from 1368
28.06 01:07:54 Going to coordinates X=-27.610, Y=-38.734
28.06 01:07:54 Moving is finished
28.06 01:09:31 Scanning 297 point from 1368
28.06 01:09:31 Going to coordinates X=-27.560, Y=-38.734
28.06 01:09:32 Moving is finished
28.06 01:11:08 Scanning 298 point from 1368
28.06 01:11:08 Going to coordinates X=-27.510, Y=-38.734
28.06 01:11:08 Moving is finished
28.06 01:12:45 Scanning 299 point from 1368
28.06 01:12:45 Going to coordinates X=-27.460, Y=-38.734
28.06 01:12:45 Moving is finished
28.06 01:14:22 Scanning 300 point from 1368
28.06 01:14:22 Going to coordinates X=-27.410, Y=-38.734
28.06 01:14:22 Moving is finished
28.06 01:15:58 Scanning 301 point from 1368
28.06 01:15:58 Going to coordinates X=-27.360, Y=-38.734
28.06 01:15:59 Moving is finished
28.06 01:17:35 Scanning 302 point from 1368
28.06 01:17:35 Going to coordinates X=-27.310, Y=-38.734
28.06 01:17:35 Moving is finished
28.06 01:19:12 Scanning 303 point from 1368
28.06 01:19:12 Going to coordinates X=-27.260, Y=-38.734
28.06 01:19:12 Moving is finished
28.06 01:20:49 Scanning 304 point from 1368
28.06 01:20:49 Going to coordinates X=-27.210, Y=-38.734
28.06 01:20:49 Moving is finished
28.06 01:22:26 Scanning 305 point from 1368
28.06 01:22:26 Going to coordinates X=-27.160, Y=-38.734
28.06 01:22:26 Moving is finished
28.06 01:24:03 Scanning 306 point from 1368
28.06 01:24:03 Going to coordinates X=-27.110, Y=-38.734
28.06 01:24:03 Moving is finished
28.06 01:25:39 Scanning 307 point from 1368
28.06 01:25:39 Going to coordinates X=-27.060, Y=-38.734
28.06 01:25:40 Moving is finished
28.06 01:27:16 Scanning 308 point from 1368
28.06 01:27:16 Going to coordinates X=-27.010, Y=-38.734
28.06 01:27:16 Moving is finished
28.06 01:28:53 Scanning 309 point from 1368
28.06 01:28:53 Going to coordinates X=-26.960, Y=-38.734
28.06 01:28:53 Moving is finished
28.06 01:30:30 Scanning 310 point from 1368
28.06 01:30:30 Going to coordinates X=-26.910, Y=-38.734
28.06 01:30:30 Moving is finished
28.06 01:32:08 Scanning 311 point from 1368
28.06 01:32:08 Going to coordinates X=-26.860, Y=-38.734
28.06 01:32:08 Moving is finished
28.06 01:33:44 Scanning 312 point from 1368
28.06 01:33:44 Going to coordinates X=-26.810, Y=-38.734
28.06 01:33:45 Moving is finished
28.06 01:35:21 Scanning 313 point from 1368
28.06 01:35:21 Going to coordinates X=-26.760, Y=-38.734
28.06 01:35:21 Moving is finished
28.06 01:36:58 Scanning 314 point from 1368
28.06 01:36:58 Going to coordinates X=-26.710, Y=-38.734
28.06 01:36:58 Moving is finished
28.06 01:38:34 Scanning 315 point from 1368
28.06 01:38:34 Going to coordinates X=-26.660, Y=-38.734
28.06 01:38:35 Moving is finished
28.06 01:40:11 Scanning 316 point from 1368
28.06 01:40:11 Going to coordinates X=-26.610, Y=-38.734
28.06 01:40:11 Moving is finished
28.06 01:41:48 Scanning 317 point from 1368
28.06 01:41:48 Going to coordinates X=-26.560, Y=-38.734
28.06 01:41:48 Moving is finished
28.06 01:43:25 Scanning 318 point from 1368
28.06 01:43:25 Going to coordinates X=-26.510, Y=-38.734
28.06 01:43:25 Moving is finished
28.06 01:45:01 Scanning 319 point from 1368
28.06 01:45:01 Going to coordinates X=-26.460, Y=-38.734
28.06 01:45:02 Moving is finished
28.06 01:46:38 Scanning 320 point from 1368
28.06 01:46:38 Going to coordinates X=-26.410, Y=-38.734
28.06 01:46:38 Moving is finished
28.06 01:48:15 Scanning 321 point from 1368
28.06 01:48:15 Going to coordinates X=-26.360, Y=-38.734
28.06 01:48:15 Moving is finished
28.06 01:49:51 Scanning 322 point from 1368
28.06 01:49:51 Going to coordinates X=-26.310, Y=-38.734
28.06 01:49:51 Moving is finished
28.06 01:51:28 Scanning 323 point from 1368
28.06 01:51:28 Going to coordinates X=-26.260, Y=-38.734
28.06 01:51:28 Moving is finished
28.06 01:53:05 Scanning 324 point from 1368
28.06 01:53:05 Going to coordinates X=-28.010, Y=-38.684
28.06 01:53:06 Moving is finished
28.06 01:54:42 Scanning 325 point from 1368
28.06 01:54:42 Going to coordinates X=-27.960, Y=-38.684
28.06 01:54:42 Moving is finished
28.06 01:56:19 Scanning 326 point from 1368
28.06 01:56:19 Going to coordinates X=-27.910, Y=-38.684
28.06 01:56:19 Moving is finished
28.06 01:57:56 Scanning 327 point from 1368
28.06 01:57:56 Going to coordinates X=-27.860, Y=-38.684
28.06 01:57:56 Moving is finished
28.06 01:59:34 Scanning 328 point from 1368
28.06 01:59:34 Going to coordinates X=-27.810, Y=-38.684
28.06 01:59:34 Moving is finished
28.06 02:01:11 Scanning 329 point from 1368
28.06 02:01:11 Going to coordinates X=-27.760, Y=-38.684
28.06 02:01:11 Moving is finished
28.06 02:02:47 Scanning 330 point from 1368
28.06 02:02:47 Going to coordinates X=-27.710, Y=-38.684
28.06 02:02:48 Moving is finished
28.06 02:04:24 Scanning 331 point from 1368
28.06 02:04:24 Going to coordinates X=-27.660, Y=-38.684
28.06 02:04:24 Moving is finished
28.06 02:06:01 Scanning 332 point from 1368
28.06 02:06:01 Going to coordinates X=-27.610, Y=-38.684
28.06 02:06:01 Moving is finished
28.06 02:07:38 Scanning 333 point from 1368
28.06 02:07:38 Going to coordinates X=-27.560, Y=-38.684
28.06 02:07:38 Moving is finished
28.06 02:09:14 Scanning 334 point from 1368
28.06 02:09:14 Going to coordinates X=-27.510, Y=-38.684
28.06 02:09:15 Moving is finished
28.06 02:10:51 Scanning 335 point from 1368
28.06 02:10:51 Going to coordinates X=-27.460, Y=-38.684
28.06 02:10:51 Moving is finished
28.06 02:12:28 Scanning 336 point from 1368
28.06 02:12:28 Going to coordinates X=-27.410, Y=-38.684
28.06 02:12:28 Moving is finished
28.06 02:14:05 Scanning 337 point from 1368
28.06 02:14:05 Going to coordinates X=-27.360, Y=-38.684
28.06 02:14:05 Moving is finished
28.06 02:15:42 Scanning 338 point from 1368
28.06 02:15:42 Going to coordinates X=-27.310, Y=-38.684
28.06 02:15:42 Moving is finished
28.06 02:17:19 Scanning 339 point from 1368
28.06 02:17:19 Going to coordinates X=-27.260, Y=-38.684
28.06 02:17:19 Moving is finished
28.06 02:18:55 Scanning 340 point from 1368
28.06 02:18:55 Going to coordinates X=-27.210, Y=-38.684
28.06 02:18:56 Moving is finished
28.06 02:20:32 Scanning 341 point from 1368
28.06 02:20:32 Going to coordinates X=-27.160, Y=-38.684
28.06 02:20:32 Moving is finished
28.06 02:22:09 Scanning 342 point from 1368
28.06 02:22:09 Going to coordinates X=-27.110, Y=-38.684
28.06 02:22:09 Moving is finished
28.06 02:23:45 Scanning 343 point from 1368
28.06 02:23:45 Going to coordinates X=-27.060, Y=-38.684
28.06 02:23:46 Moving is finished
28.06 02:25:22 Scanning 344 point from 1368
28.06 02:25:22 Going to coordinates X=-27.010, Y=-38.684
28.06 02:25:22 Moving is finished
28.06 02:26:59 Scanning 345 point from 1368
28.06 02:26:59 Going to coordinates X=-26.960, Y=-38.684
28.06 02:26:59 Moving is finished
28.06 02:28:36 Scanning 346 point from 1368
28.06 02:28:36 Going to coordinates X=-26.910, Y=-38.684
28.06 02:28:36 Moving is finished
28.06 02:30:12 Scanning 347 point from 1368
28.06 02:30:12 Going to coordinates X=-26.860, Y=-38.684
28.06 02:30:13 Moving is finished
28.06 02:31:50 Scanning 348 point from 1368
28.06 02:31:50 Going to coordinates X=-26.810, Y=-38.684
28.06 02:31:50 Moving is finished
28.06 02:33:26 Scanning 349 point from 1368
28.06 02:33:26 Going to coordinates X=-26.760, Y=-38.684
28.06 02:33:27 Moving is finished
28.06 02:35:03 Scanning 350 point from 1368
28.06 02:35:03 Going to coordinates X=-26.710, Y=-38.684
28.06 02:35:04 Moving is finished
28.06 02:36:40 Scanning 351 point from 1368
28.06 02:36:40 Going to coordinates X=-26.660, Y=-38.684
28.06 02:36:40 Moving is finished
28.06 02:38:17 Scanning 352 point from 1368
28.06 02:38:17 Going to coordinates X=-26.610, Y=-38.684
28.06 02:38:17 Moving is finished
28.06 02:39:54 Scanning 353 point from 1368
28.06 02:39:54 Going to coordinates X=-26.560, Y=-38.684
28.06 02:39:54 Moving is finished
28.06 02:41:31 Scanning 354 point from 1368
28.06 02:41:31 Going to coordinates X=-26.510, Y=-38.684
28.06 02:41:32 Moving is finished
28.06 02:43:08 Scanning 355 point from 1368
28.06 02:43:08 Going to coordinates X=-26.460, Y=-38.684
28.06 02:43:08 Moving is finished
28.06 02:44:45 Scanning 356 point from 1368
28.06 02:44:45 Going to coordinates X=-26.410, Y=-38.684
28.06 02:44:45 Moving is finished
28.06 02:46:22 Scanning 357 point from 1368
28.06 02:46:22 Going to coordinates X=-26.360, Y=-38.684
28.06 02:46:22 Moving is finished
28.06 02:47:58 Scanning 358 point from 1368
28.06 02:47:58 Going to coordinates X=-26.310, Y=-38.684
28.06 02:47:59 Moving is finished
28.06 02:49:35 Scanning 359 point from 1368
28.06 02:49:35 Going to coordinates X=-26.260, Y=-38.684
28.06 02:49:35 Moving is finished
28.06 02:51:12 Scanning 360 point from 1368
28.06 02:51:12 Going to coordinates X=-28.010, Y=-38.634
28.06 02:51:13 Moving is finished
28.06 02:52:50 Scanning 361 point from 1368
28.06 02:52:50 Going to coordinates X=-27.960, Y=-38.634
28.06 02:52:50 Moving is finished
28.06 02:54:26 Scanning 362 point from 1368
28.06 02:54:26 Going to coordinates X=-27.910, Y=-38.634
28.06 02:54:26 Moving is finished
28.06 02:56:03 Scanning 363 point from 1368
28.06 02:56:03 Going to coordinates X=-27.860, Y=-38.634
28.06 02:56:03 Moving is finished
28.06 02:57:40 Scanning 364 point from 1368
28.06 02:57:40 Going to coordinates X=-27.810, Y=-38.634
28.06 02:57:40 Moving is finished
28.06 02:59:17 Scanning 365 point from 1368
28.06 02:59:17 Going to coordinates X=-27.760, Y=-38.634
28.06 02:59:17 Moving is finished
28.06 03:00:54 Scanning 366 point from 1368
28.06 03:00:54 Going to coordinates X=-27.710, Y=-38.634
28.06 03:00:54 Moving is finished
28.06 03:02:31 Scanning 367 point from 1368
28.06 03:02:31 Going to coordinates X=-27.660, Y=-38.634
28.06 03:02:32 Moving is finished
28.06 03:04:09 Scanning 368 point from 1368
28.06 03:04:09 Going to coordinates X=-27.610, Y=-38.634
28.06 03:04:09 Moving is finished
28.06 03:05:45 Scanning 369 point from 1368
28.06 03:05:45 Going to coordinates X=-27.560, Y=-38.634
28.06 03:05:46 Moving is finished
28.06 03:07:22 Scanning 370 point from 1368
28.06 03:07:22 Going to coordinates X=-27.510, Y=-38.634
28.06 03:07:22 Moving is finished
28.06 03:08:59 Scanning 371 point from 1368
28.06 03:08:59 Going to coordinates X=-27.460, Y=-38.634
28.06 03:08:59 Moving is finished
28.06 03:10:35 Scanning 372 point from 1368
28.06 03:10:35 Going to coordinates X=-27.410, Y=-38.634
28.06 03:10:36 Moving is finished
28.06 03:12:12 Scanning 373 point from 1368
28.06 03:12:12 Going to coordinates X=-27.360, Y=-38.634
28.06 03:12:12 Moving is finished
28.06 03:13:49 Scanning 374 point from 1368
28.06 03:13:49 Going to coordinates X=-27.310, Y=-38.634
28.06 03:13:49 Moving is finished
28.06 03:15:27 Scanning 375 point from 1368
28.06 03:15:27 Going to coordinates X=-27.260, Y=-38.634
28.06 03:15:27 Moving is finished
28.06 03:17:04 Scanning 376 point from 1368
28.06 03:17:04 Going to coordinates X=-27.210, Y=-38.634
28.06 03:17:04 Moving is finished
28.06 03:18:40 Scanning 377 point from 1368
28.06 03:18:40 Going to coordinates X=-27.160, Y=-38.634
28.06 03:18:41 Moving is finished
28.06 03:20:17 Scanning 378 point from 1368
28.06 03:20:17 Going to coordinates X=-27.110, Y=-38.634
28.06 03:20:18 Moving is finished
28.06 03:21:55 Scanning 379 point from 1368
28.06 03:21:55 Going to coordinates X=-27.060, Y=-38.634
28.06 03:21:55 Moving is finished
28.06 03:23:31 Scanning 380 point from 1368
28.06 03:23:31 Going to coordinates X=-27.010, Y=-38.634
28.06 03:23:31 Moving is finished
28.06 03:25:08 Scanning 381 point from 1368
28.06 03:25:08 Going to coordinates X=-26.960, Y=-38.634
28.06 03:25:09 Moving is finished
28.06 03:26:46 Scanning 382 point from 1368
28.06 03:26:46 Going to coordinates X=-26.910, Y=-38.634
28.06 03:26:46 Moving is finished
28.06 03:28:23 Scanning 383 point from 1368
28.06 03:28:23 Going to coordinates X=-26.860, Y=-38.634
28.06 03:28:24 Moving is finished
28.06 03:30:00 Scanning 384 point from 1368
28.06 03:30:00 Going to coordinates X=-26.810, Y=-38.634
28.06 03:30:00 Moving is finished
28.06 03:31:37 Scanning 385 point from 1368
28.06 03:31:37 Going to coordinates X=-26.760, Y=-38.634
28.06 03:31:37 Moving is finished
28.06 03:33:13 Scanning 386 point from 1368
28.06 03:33:13 Going to coordinates X=-26.710, Y=-38.634
28.06 03:33:14 Moving is finished
28.06 03:34:50 Scanning 387 point from 1368
28.06 03:34:50 Going to coordinates X=-26.660, Y=-38.634
28.06 03:34:50 Moving is finished
28.06 03:36:27 Scanning 388 point from 1368
28.06 03:36:27 Going to coordinates X=-26.610, Y=-38.634
28.06 03:36:27 Moving is finished
28.06 03:38:04 Scanning 389 point from 1368
28.06 03:38:04 Going to coordinates X=-26.560, Y=-38.634
28.06 03:38:04 Moving is finished
28.06 03:39:40 Scanning 390 point from 1368
28.06 03:39:40 Going to coordinates X=-26.510, Y=-38.634
28.06 03:39:40 Moving is finished
28.06 03:41:18 Scanning 391 point from 1368
28.06 03:41:18 Going to coordinates X=-26.460, Y=-38.634
28.06 03:41:18 Moving is finished
28.06 03:42:55 Scanning 392 point from 1368
28.06 03:42:55 Going to coordinates X=-26.410, Y=-38.634
28.06 03:42:55 Moving is finished
28.06 03:44:32 Scanning 393 point from 1368
28.06 03:44:32 Going to coordinates X=-26.360, Y=-38.634
28.06 03:44:32 Moving is finished
28.06 03:46:08 Scanning 394 point from 1368
28.06 03:46:08 Going to coordinates X=-26.310, Y=-38.634
28.06 03:46:09 Moving is finished
28.06 03:47:45 Scanning 395 point from 1368
28.06 03:47:45 Going to coordinates X=-26.260, Y=-38.634
28.06 03:47:45 Moving is finished
28.06 03:49:22 Scanning 396 point from 1368
28.06 03:49:22 Going to coordinates X=-28.010, Y=-38.584
28.06 03:49:23 Moving is finished
28.06 03:51:00 Scanning 397 point from 1368
28.06 03:51:00 Going to coordinates X=-27.960, Y=-38.584
28.06 03:51:00 Moving is finished
28.06 03:52:37 Scanning 398 point from 1368
28.06 03:52:37 Going to coordinates X=-27.910, Y=-38.584
28.06 03:52:37 Moving is finished
28.06 03:54:14 Scanning 399 point from 1368
28.06 03:54:14 Going to coordinates X=-27.860, Y=-38.584
28.06 03:54:14 Moving is finished
28.06 03:55:50 Scanning 400 point from 1368
28.06 03:55:50 Going to coordinates X=-27.810, Y=-38.584
28.06 03:55:51 Moving is finished
28.06 03:57:27 Scanning 401 point from 1368
28.06 03:57:27 Going to coordinates X=-27.760, Y=-38.584
28.06 03:57:28 Moving is finished
28.06 03:59:04 Scanning 402 point from 1368
28.06 03:59:04 Going to coordinates X=-27.710, Y=-38.584
28.06 03:59:04 Moving is finished
28.06 04:00:41 Scanning 403 point from 1368
28.06 04:00:41 Going to coordinates X=-27.660, Y=-38.584
28.06 04:00:41 Moving is finished
28.06 04:02:18 Scanning 404 point from 1368
28.06 04:02:18 Going to coordinates X=-27.610, Y=-38.584
28.06 04:02:18 Moving is finished
28.06 04:03:55 Scanning 405 point from 1368
28.06 04:03:55 Going to coordinates X=-27.560, Y=-38.584
28.06 04:03:55 Moving is finished
28.06 04:05:32 Scanning 406 point from 1368
28.06 04:05:32 Going to coordinates X=-27.510, Y=-38.584
28.06 04:05:32 Moving is finished
28.06 04:07:09 Scanning 407 point from 1368
28.06 04:07:09 Going to coordinates X=-27.460, Y=-38.584
28.06 04:07:10 Moving is finished
28.06 04:08:46 Scanning 408 point from 1368
28.06 04:08:46 Going to coordinates X=-27.410, Y=-38.584
28.06 04:08:46 Moving is finished
28.06 04:10:23 Scanning 409 point from 1368
28.06 04:10:23 Going to coordinates X=-27.360, Y=-38.584
28.06 04:10:23 Moving is finished
28.06 04:12:01 Scanning 410 point from 1368
28.06 04:12:01 Going to coordinates X=-27.310, Y=-38.584
28.06 04:12:01 Moving is finished
28.06 04:13:38 Scanning 411 point from 1368
28.06 04:13:38 Going to coordinates X=-27.260, Y=-38.584
28.06 04:13:39 Moving is finished
28.06 04:15:15 Scanning 412 point from 1368
28.06 04:15:15 Going to coordinates X=-27.210, Y=-38.584
28.06 04:15:15 Moving is finished
28.06 04:16:52 Scanning 413 point from 1368
28.06 04:16:52 Going to coordinates X=-27.160, Y=-38.584
28.06 04:16:52 Moving is finished
28.06 04:18:29 Scanning 414 point from 1368
28.06 04:18:29 Going to coordinates X=-27.110, Y=-38.584
28.06 04:18:29 Moving is finished
28.06 04:20:05 Scanning 415 point from 1368
28.06 04:20:05 Going to coordinates X=-27.060, Y=-38.584
28.06 04:20:05 Moving is finished
28.06 04:21:42 Scanning 416 point from 1368
28.06 04:21:42 Going to coordinates X=-27.010, Y=-38.584
28.06 04:21:42 Moving is finished
28.06 04:23:18 Scanning 417 point from 1368
28.06 04:23:18 Going to coordinates X=-26.960, Y=-38.584
28.06 04:23:19 Moving is finished
28.06 04:24:55 Scanning 418 point from 1368
28.06 04:24:55 Going to coordinates X=-26.910, Y=-38.584
28.06 04:24:55 Moving is finished
28.06 04:26:32 Scanning 419 point from 1368
28.06 04:26:32 Going to coordinates X=-26.860, Y=-38.584
28.06 04:26:32 Moving is finished
28.06 04:28:08 Scanning 420 point from 1368
28.06 04:28:08 Going to coordinates X=-26.810, Y=-38.584
28.06 04:28:08 Moving is finished
28.06 04:29:45 Scanning 421 point from 1368
28.06 04:29:45 Going to coordinates X=-26.760, Y=-38.584
28.06 04:29:45 Moving is finished
28.06 04:31:22 Scanning 422 point from 1368
28.06 04:31:22 Going to coordinates X=-26.710, Y=-38.584
28.06 04:31:23 Moving is finished
28.06 04:32:59 Scanning 423 point from 1368
28.06 04:32:59 Going to coordinates X=-26.660, Y=-38.584
28.06 04:32:59 Moving is finished
28.06 04:34:36 Scanning 424 point from 1368
28.06 04:34:36 Going to coordinates X=-26.610, Y=-38.584
28.06 04:34:36 Moving is finished
28.06 04:36:13 Scanning 425 point from 1368
28.06 04:36:13 Going to coordinates X=-26.560, Y=-38.584
28.06 04:36:13 Moving is finished
28.06 04:37:50 Scanning 426 point from 1368
28.06 04:37:50 Going to coordinates X=-26.510, Y=-38.584
28.06 04:37:50 Moving is finished
28.06 04:39:27 Scanning 427 point from 1368
28.06 04:39:27 Going to coordinates X=-26.460, Y=-38.584
28.06 04:39:27 Moving is finished
28.06 04:41:04 Scanning 428 point from 1368
28.06 04:41:04 Going to coordinates X=-26.410, Y=-38.584
28.06 04:41:04 Moving is finished
28.06 04:42:41 Scanning 429 point from 1368
28.06 04:42:41 Going to coordinates X=-26.360, Y=-38.584
28.06 04:42:41 Moving is finished
28.06 04:44:17 Scanning 430 point from 1368
28.06 04:44:17 Going to coordinates X=-26.310, Y=-38.584
28.06 04:44:18 Moving is finished
28.06 04:45:54 Scanning 431 point from 1368
28.06 04:45:54 Going to coordinates X=-26.260, Y=-38.584
28.06 04:45:55 Moving is finished
28.06 04:47:31 Scanning 432 point from 1368
28.06 04:47:31 Going to coordinates X=-28.010, Y=-38.534
28.06 04:47:32 Moving is finished
28.06 04:49:08 Scanning 433 point from 1368
28.06 04:49:08 Going to coordinates X=-27.960, Y=-38.534
28.06 04:49:09 Moving is finished
28.06 04:50:45 Scanning 434 point from 1368
28.06 04:50:45 Going to coordinates X=-27.910, Y=-38.534
28.06 04:50:45 Moving is finished
28.06 04:52:22 Scanning 435 point from 1368
28.06 04:52:22 Going to coordinates X=-27.860, Y=-38.534
28.06 04:52:22 Moving is finished
28.06 04:53:59 Scanning 436 point from 1368
28.06 04:53:59 Going to coordinates X=-27.810, Y=-38.534
28.06 04:53:59 Moving is finished
28.06 04:55:35 Scanning 437 point from 1368
28.06 04:55:35 Going to coordinates X=-27.760, Y=-38.534
28.06 04:55:36 Moving is finished
28.06 04:57:12 Scanning 438 point from 1368
28.06 04:57:12 Going to coordinates X=-27.710, Y=-38.534
28.06 04:57:12 Moving is finished
28.06 04:58:49 Scanning 439 point from 1368
28.06 04:58:49 Going to coordinates X=-27.660, Y=-38.534
28.06 04:58:49 Moving is finished
28.06 05:00:25 Scanning 440 point from 1368
28.06 05:00:25 Going to coordinates X=-27.610, Y=-38.534
28.06 05:00:26 Moving is finished
28.06 05:02:02 Scanning 441 point from 1368
28.06 05:02:02 Going to coordinates X=-27.560, Y=-38.534
28.06 05:02:02 Moving is finished
28.06 05:03:39 Scanning 442 point from 1368
28.06 05:03:39 Going to coordinates X=-27.510, Y=-38.534
28.06 05:03:39 Moving is finished
28.06 05:05:16 Scanning 443 point from 1368
28.06 05:05:16 Going to coordinates X=-27.460, Y=-38.534
28.06 05:05:16 Moving is finished
28.06 05:06:53 Scanning 444 point from 1368
28.06 05:06:53 Going to coordinates X=-27.410, Y=-38.534
28.06 05:06:53 Moving is finished
28.06 05:08:30 Scanning 445 point from 1368
28.06 05:08:30 Going to coordinates X=-27.360, Y=-38.534
28.06 05:08:30 Moving is finished
28.06 05:10:07 Scanning 446 point from 1368
28.06 05:10:07 Going to coordinates X=-27.310, Y=-38.534
28.06 05:10:07 Moving is finished
28.06 05:11:44 Scanning 447 point from 1368
28.06 05:11:44 Going to coordinates X=-27.260, Y=-38.534
28.06 05:11:44 Moving is finished
28.06 05:13:20 Scanning 448 point from 1368
28.06 05:13:20 Going to coordinates X=-27.210, Y=-38.534
28.06 05:13:21 Moving is finished
28.06 05:14:58 Scanning 449 point from 1368
28.06 05:14:58 Going to coordinates X=-27.160, Y=-38.534
28.06 05:14:58 Moving is finished
28.06 05:16:34 Scanning 450 point from 1368
28.06 05:16:34 Going to coordinates X=-27.110, Y=-38.534
28.06 05:16:35 Moving is finished
28.06 05:18:11 Scanning 451 point from 1368
28.06 05:18:11 Going to coordinates X=-27.060, Y=-38.534
28.06 05:18:12 Moving is finished
28.06 05:19:48 Scanning 452 point from 1368
28.06 05:19:48 Going to coordinates X=-27.010, Y=-38.534
28.06 05:19:49 Moving is finished
28.06 05:21:25 Scanning 453 point from 1368
28.06 05:21:25 Going to coordinates X=-26.960, Y=-38.534
28.06 05:21:26 Moving is finished
28.06 05:23:02 Scanning 454 point from 1368
28.06 05:23:02 Going to coordinates X=-26.910, Y=-38.534
28.06 05:23:03 Moving is finished
28.06 05:24:39 Scanning 455 point from 1368
28.06 05:24:39 Going to coordinates X=-26.860, Y=-38.534
28.06 05:24:39 Moving is finished
28.06 05:26:16 Scanning 456 point from 1368
28.06 05:26:16 Going to coordinates X=-26.810, Y=-38.534
28.06 05:26:16 Moving is finished
28.06 05:27:53 Scanning 457 point from 1368
28.06 05:27:53 Going to coordinates X=-26.760, Y=-38.534
28.06 05:27:53 Moving is finished
28.06 05:29:29 Scanning 458 point from 1368
28.06 05:29:29 Going to coordinates X=-26.710, Y=-38.534
28.06 05:29:29 Moving is finished
28.06 05:31:06 Scanning 459 point from 1368
28.06 05:31:06 Going to coordinates X=-26.660, Y=-38.534
28.06 05:31:06 Moving is finished
28.06 05:32:43 Scanning 460 point from 1368
28.06 05:32:43 Going to coordinates X=-26.610, Y=-38.534
28.06 05:32:43 Moving is finished
28.06 05:34:19 Scanning 461 point from 1368
28.06 05:34:19 Going to coordinates X=-26.560, Y=-38.534
28.06 05:34:20 Moving is finished
28.06 05:35:56 Scanning 462 point from 1368
28.06 05:35:56 Going to coordinates X=-26.510, Y=-38.534
28.06 05:35:56 Moving is finished
28.06 05:37:33 Scanning 463 point from 1368
28.06 05:37:33 Going to coordinates X=-26.460, Y=-38.534
28.06 05:37:33 Moving is finished
28.06 05:39:09 Scanning 464 point from 1368
28.06 05:39:09 Going to coordinates X=-26.410, Y=-38.534
28.06 05:39:10 Moving is finished
28.06 05:40:46 Scanning 465 point from 1368
28.06 05:40:46 Going to coordinates X=-26.360, Y=-38.534
28.06 05:40:47 Moving is finished
28.06 05:42:23 Scanning 466 point from 1368
28.06 05:42:23 Going to coordinates X=-26.310, Y=-38.534
28.06 05:42:23 Moving is finished
28.06 05:44:00 Scanning 467 point from 1368
28.06 05:44:00 Going to coordinates X=-26.260, Y=-38.534
28.06 05:44:00 Moving is finished
28.06 05:45:37 Scanning 468 point from 1368
28.06 05:45:37 Going to coordinates X=-28.010, Y=-38.484
28.06 05:45:38 Moving is finished
28.06 05:47:14 Scanning 469 point from 1368
28.06 05:47:14 Going to coordinates X=-27.960, Y=-38.484
28.06 05:47:14 Moving is finished
28.06 05:48:51 Scanning 470 point from 1368
28.06 05:48:51 Going to coordinates X=-27.910, Y=-38.484
28.06 05:48:51 Moving is finished
28.06 05:50:28 Scanning 471 point from 1368
28.06 05:50:28 Going to coordinates X=-27.860, Y=-38.484
28.06 05:50:28 Moving is finished
28.06 05:52:05 Scanning 472 point from 1368
28.06 05:52:05 Going to coordinates X=-27.810, Y=-38.484
28.06 05:52:05 Moving is finished
28.06 05:53:42 Scanning 473 point from 1368
28.06 05:53:42 Going to coordinates X=-27.760, Y=-38.484
28.06 05:53:42 Moving is finished
28.06 05:55:19 Scanning 474 point from 1368
28.06 05:55:19 Going to coordinates X=-27.710, Y=-38.484
28.06 05:55:19 Moving is finished
28.06 05:56:56 Scanning 475 point from 1368
28.06 05:56:56 Going to coordinates X=-27.660, Y=-38.484
28.06 05:56:56 Moving is finished
28.06 05:58:33 Scanning 476 point from 1368
28.06 05:58:33 Going to coordinates X=-27.610, Y=-38.484
28.06 05:58:33 Moving is finished
28.06 06:00:09 Scanning 477 point from 1368
28.06 06:00:09 Going to coordinates X=-27.560, Y=-38.484
28.06 06:00:09 Moving is finished
28.06 06:01:46 Scanning 478 point from 1368
28.06 06:01:46 Going to coordinates X=-27.510, Y=-38.484
28.06 06:01:46 Moving is finished
28.06 06:03:23 Scanning 479 point from 1368
28.06 06:03:23 Going to coordinates X=-27.460, Y=-38.484
28.06 06:03:23 Moving is finished
28.06 06:05:00 Scanning 480 point from 1368
28.06 06:05:00 Going to coordinates X=-27.410, Y=-38.484
28.06 06:05:00 Moving is finished
28.06 06:06:37 Scanning 481 point from 1368
28.06 06:06:37 Going to coordinates X=-27.360, Y=-38.484
28.06 06:06:38 Moving is finished
28.06 06:08:14 Scanning 482 point from 1368
28.06 06:08:14 Going to coordinates X=-27.310, Y=-38.484
28.06 06:08:15 Moving is finished
28.06 06:09:51 Scanning 483 point from 1368
28.06 06:09:51 Going to coordinates X=-27.260, Y=-38.484
28.06 06:09:51 Moving is finished
28.06 06:11:28 Scanning 484 point from 1368
28.06 06:11:28 Going to coordinates X=-27.210, Y=-38.484
28.06 06:11:28 Moving is finished
28.06 06:13:04 Scanning 485 point from 1368
28.06 06:13:04 Going to coordinates X=-27.160, Y=-38.484
28.06 06:13:05 Moving is finished
28.06 06:14:41 Scanning 486 point from 1368
28.06 06:14:41 Going to coordinates X=-27.110, Y=-38.484
28.06 06:14:41 Moving is finished
28.06 06:16:18 Scanning 487 point from 1368
28.06 06:16:18 Going to coordinates X=-27.060, Y=-38.484
28.06 06:16:18 Moving is finished
28.06 06:17:55 Scanning 488 point from 1368
28.06 06:17:55 Going to coordinates X=-27.010, Y=-38.484
28.06 06:17:55 Moving is finished
28.06 06:19:32 Scanning 489 point from 1368
28.06 06:19:32 Going to coordinates X=-26.960, Y=-38.484
28.06 06:19:32 Moving is finished
28.06 06:21:08 Scanning 490 point from 1368
28.06 06:21:08 Going to coordinates X=-26.910, Y=-38.484
28.06 06:21:09 Moving is finished
28.06 06:22:45 Scanning 491 point from 1368
28.06 06:22:45 Going to coordinates X=-26.860, Y=-38.484
28.06 06:22:45 Moving is finished
28.06 06:24:22 Scanning 492 point from 1368
28.06 06:24:22 Going to coordinates X=-26.810, Y=-38.484
28.06 06:24:23 Moving is finished
28.06 06:25:59 Scanning 493 point from 1368
28.06 06:25:59 Going to coordinates X=-26.760, Y=-38.484
28.06 06:25:59 Moving is finished
28.06 06:27:36 Scanning 494 point from 1368
28.06 06:27:36 Going to coordinates X=-26.710, Y=-38.484
28.06 06:27:36 Moving is finished
28.06 06:29:13 Scanning 495 point from 1368
28.06 06:29:13 Going to coordinates X=-26.660, Y=-38.484
28.06 06:29:13 Moving is finished
28.06 06:30:50 Scanning 496 point from 1368
28.06 06:30:50 Going to coordinates X=-26.610, Y=-38.484
28.06 06:30:50 Moving is finished
28.06 06:32:27 Scanning 497 point from 1368
28.06 06:32:27 Going to coordinates X=-26.560, Y=-38.484
28.06 06:32:27 Moving is finished
28.06 06:34:04 Scanning 498 point from 1368
28.06 06:34:04 Going to coordinates X=-26.510, Y=-38.484
28.06 06:34:04 Moving is finished
28.06 06:35:41 Scanning 499 point from 1368
28.06 06:35:41 Going to coordinates X=-26.460, Y=-38.484
28.06 06:35:41 Moving is finished
28.06 06:37:18 Scanning 500 point from 1368
28.06 06:37:18 Going to coordinates X=-26.410, Y=-38.484
28.06 06:37:18 Moving is finished
28.06 06:38:54 Scanning 501 point from 1368
28.06 06:38:54 Going to coordinates X=-26.360, Y=-38.484
28.06 06:38:55 Moving is finished
28.06 06:40:32 Scanning 502 point from 1368
28.06 06:40:32 Going to coordinates X=-26.310, Y=-38.484
28.06 06:40:32 Moving is finished
28.06 06:42:08 Scanning 503 point from 1368
28.06 06:42:08 Going to coordinates X=-26.260, Y=-38.484
28.06 06:42:08 Moving is finished
28.06 06:43:45 Scanning 504 point from 1368
28.06 06:43:45 Going to coordinates X=-28.010, Y=-38.434
28.06 06:43:46 Moving is finished
28.06 06:45:23 Scanning 505 point from 1368
28.06 06:45:23 Going to coordinates X=-27.960, Y=-38.434
28.06 06:45:23 Moving is finished
28.06 06:47:00 Scanning 506 point from 1368
28.06 06:47:00 Going to coordinates X=-27.910, Y=-38.434
28.06 06:47:01 Moving is finished
28.06 06:48:37 Scanning 507 point from 1368
28.06 06:48:37 Going to coordinates X=-27.860, Y=-38.434
28.06 06:48:37 Moving is finished
28.06 06:50:14 Scanning 508 point from 1368
28.06 06:50:14 Going to coordinates X=-27.810, Y=-38.434
28.06 06:50:14 Moving is finished
28.06 06:51:51 Scanning 509 point from 1368
28.06 06:51:51 Going to coordinates X=-27.760, Y=-38.434
28.06 06:51:51 Moving is finished
28.06 06:53:28 Scanning 510 point from 1368
28.06 06:53:28 Going to coordinates X=-27.710, Y=-38.434
28.06 06:53:28 Moving is finished
28.06 06:55:04 Scanning 511 point from 1368
28.06 06:55:04 Going to coordinates X=-27.660, Y=-38.434
28.06 06:55:05 Moving is finished
28.06 06:56:41 Scanning 512 point from 1368
28.06 06:56:41 Going to coordinates X=-27.610, Y=-38.434
28.06 06:56:42 Moving is finished
28.06 06:58:18 Scanning 513 point from 1368
28.06 06:58:18 Going to coordinates X=-27.560, Y=-38.434
28.06 06:58:18 Moving is finished
28.06 06:59:55 Scanning 514 point from 1368
28.06 06:59:55 Going to coordinates X=-27.510, Y=-38.434
28.06 06:59:55 Moving is finished
28.06 07:01:32 Scanning 515 point from 1368
28.06 07:01:32 Going to coordinates X=-27.460, Y=-38.434
28.06 07:01:33 Moving is finished
28.06 07:03:09 Scanning 516 point from 1368
28.06 07:03:09 Going to coordinates X=-27.410, Y=-38.434
28.06 07:03:09 Moving is finished
28.06 07:04:46 Scanning 517 point from 1368
28.06 07:04:46 Going to coordinates X=-27.360, Y=-38.434
28.06 07:04:46 Moving is finished
28.06 07:06:23 Scanning 518 point from 1368
28.06 07:06:23 Going to coordinates X=-27.310, Y=-38.434
28.06 07:06:23 Moving is finished
28.06 07:07:59 Scanning 519 point from 1368
28.06 07:07:59 Going to coordinates X=-27.260, Y=-38.434
28.06 07:08:00 Moving is finished
28.06 07:09:36 Scanning 520 point from 1368
28.06 07:09:36 Going to coordinates X=-27.210, Y=-38.434
28.06 07:09:37 Moving is finished
28.06 07:11:13 Scanning 521 point from 1368
28.06 07:11:13 Going to coordinates X=-27.160, Y=-38.434
28.06 07:11:13 Moving is finished
28.06 07:12:50 Scanning 522 point from 1368
28.06 07:12:50 Going to coordinates X=-27.110, Y=-38.434
28.06 07:12:50 Moving is finished
28.06 07:14:27 Scanning 523 point from 1368
28.06 07:14:27 Going to coordinates X=-27.060, Y=-38.434
28.06 07:14:28 Moving is finished
28.06 07:16:04 Scanning 524 point from 1368
28.06 07:16:04 Going to coordinates X=-27.010, Y=-38.434
28.06 07:16:04 Moving is finished
28.06 07:17:41 Scanning 525 point from 1368
28.06 07:17:41 Going to coordinates X=-26.960, Y=-38.434
28.06 07:17:41 Moving is finished
28.06 07:19:18 Scanning 526 point from 1368
28.06 07:19:18 Going to coordinates X=-26.910, Y=-38.434
28.06 07:19:18 Moving is finished
28.06 07:20:55 Scanning 527 point from 1368
28.06 07:20:55 Going to coordinates X=-26.860, Y=-38.434
28.06 07:20:56 Moving is finished
28.06 07:22:33 Scanning 528 point from 1368
28.06 07:22:33 Going to coordinates X=-26.810, Y=-38.434
28.06 07:22:33 Moving is finished
28.06 07:24:09 Scanning 529 point from 1368
28.06 07:24:09 Going to coordinates X=-26.760, Y=-38.434
28.06 07:24:09 Moving is finished
28.06 07:25:46 Scanning 530 point from 1368
28.06 07:25:46 Going to coordinates X=-26.710, Y=-38.434
28.06 07:25:47 Moving is finished
28.06 07:27:23 Scanning 531 point from 1368
28.06 07:27:23 Going to coordinates X=-26.660, Y=-38.434
28.06 07:27:24 Moving is finished
28.06 07:29:00 Scanning 532 point from 1368
28.06 07:29:00 Going to coordinates X=-26.610, Y=-38.434
28.06 07:29:01 Moving is finished
28.06 07:30:37 Scanning 533 point from 1368
28.06 07:30:37 Going to coordinates X=-26.560, Y=-38.434
28.06 07:30:38 Moving is finished
28.06 07:32:14 Scanning 534 point from 1368
28.06 07:32:14 Going to coordinates X=-26.510, Y=-38.434
28.06 07:32:14 Moving is finished
28.06 07:33:51 Scanning 535 point from 1368
28.06 07:33:51 Going to coordinates X=-26.460, Y=-38.434
28.06 07:33:52 Moving is finished
28.06 07:35:28 Scanning 536 point from 1368
28.06 07:35:28 Going to coordinates X=-26.410, Y=-38.434
28.06 07:35:28 Moving is finished
28.06 07:37:05 Scanning 537 point from 1368
28.06 07:37:05 Going to coordinates X=-26.360, Y=-38.434
28.06 07:37:05 Moving is finished
28.06 07:38:42 Scanning 538 point from 1368
28.06 07:38:42 Going to coordinates X=-26.310, Y=-38.434
28.06 07:38:42 Moving is finished
28.06 07:40:19 Scanning 539 point from 1368
28.06 07:40:19 Going to coordinates X=-26.260, Y=-38.434
28.06 07:40:19 Moving is finished
28.06 07:41:56 Scanning 540 point from 1368
28.06 07:41:56 Going to coordinates X=-28.010, Y=-38.384
28.06 07:41:57 Moving is finished
28.06 07:43:33 Scanning 541 point from 1368
28.06 07:43:33 Going to coordinates X=-27.960, Y=-38.384
28.06 07:43:33 Moving is finished
28.06 07:45:10 Scanning 542 point from 1368
28.06 07:45:10 Going to coordinates X=-27.910, Y=-38.384
28.06 07:45:10 Moving is finished
28.06 07:46:46 Scanning 543 point from 1368
28.06 07:46:46 Going to coordinates X=-27.860, Y=-38.384
28.06 07:46:47 Moving is finished
28.06 07:48:23 Scanning 544 point from 1368
28.06 07:48:23 Going to coordinates X=-27.810, Y=-38.384
28.06 07:48:23 Moving is finished
28.06 07:50:01 Scanning 545 point from 1368
28.06 07:50:01 Going to coordinates X=-27.760, Y=-38.384
28.06 07:50:01 Moving is finished
28.06 07:51:37 Scanning 546 point from 1368
28.06 07:51:37 Going to coordinates X=-27.710, Y=-38.384
28.06 07:51:38 Moving is finished
28.06 07:53:14 Scanning 547 point from 1368
28.06 07:53:14 Going to coordinates X=-27.660, Y=-38.384
28.06 07:53:14 Moving is finished
28.06 07:54:51 Scanning 548 point from 1368
28.06 07:54:51 Going to coordinates X=-27.610, Y=-38.384
28.06 07:54:51 Moving is finished
28.06 07:56:28 Scanning 549 point from 1368
28.06 07:56:28 Going to coordinates X=-27.560, Y=-38.384
28.06 07:56:28 Moving is finished
28.06 07:58:05 Scanning 550 point from 1368
28.06 07:58:05 Going to coordinates X=-27.510, Y=-38.384
28.06 07:58:05 Moving is finished
28.06 07:59:42 Scanning 551 point from 1368
28.06 07:59:42 Going to coordinates X=-27.460, Y=-38.384
28.06 07:59:42 Moving is finished
28.06 08:01:18 Scanning 552 point from 1368
28.06 08:01:18 Going to coordinates X=-27.410, Y=-38.384
28.06 08:01:19 Moving is finished
28.06 08:02:55 Scanning 553 point from 1368
28.06 08:02:55 Going to coordinates X=-27.360, Y=-38.384
28.06 08:02:55 Moving is finished
28.06 08:04:32 Scanning 554 point from 1368
28.06 08:04:32 Going to coordinates X=-27.310, Y=-38.384
28.06 08:04:32 Moving is finished
28.06 08:06:09 Scanning 555 point from 1368
28.06 08:06:09 Going to coordinates X=-27.260, Y=-38.384
28.06 08:06:09 Moving is finished
28.06 08:07:45 Scanning 556 point from 1368
28.06 08:07:45 Going to coordinates X=-27.210, Y=-38.384
28.06 08:07:46 Moving is finished
28.06 08:09:22 Scanning 557 point from 1368
28.06 08:09:22 Going to coordinates X=-27.160, Y=-38.384
28.06 08:09:22 Moving is finished
28.06 08:10:59 Scanning 558 point from 1368
28.06 08:10:59 Going to coordinates X=-27.110, Y=-38.384
28.06 08:10:59 Moving is finished
28.06 08:12:35 Scanning 559 point from 1368
28.06 08:12:35 Going to coordinates X=-27.060, Y=-38.384
28.06 08:12:36 Moving is finished
28.06 08:14:13 Scanning 560 point from 1368
28.06 08:14:13 Going to coordinates X=-27.010, Y=-38.384
28.06 08:14:13 Moving is finished
28.06 08:15:50 Scanning 561 point from 1368
28.06 08:15:50 Going to coordinates X=-26.960, Y=-38.384
28.06 08:15:50 Moving is finished
28.06 08:17:26 Scanning 562 point from 1368
28.06 08:17:26 Going to coordinates X=-26.910, Y=-38.384
28.06 08:17:27 Moving is finished
28.06 08:19:03 Scanning 563 point from 1368
28.06 08:19:03 Going to coordinates X=-26.860, Y=-38.384
28.06 08:19:03 Moving is finished
28.06 08:20:40 Scanning 564 point from 1368
28.06 08:20:40 Going to coordinates X=-26.810, Y=-38.384
28.06 08:20:40 Moving is finished
28.06 08:22:16 Scanning 565 point from 1368
28.06 08:22:16 Going to coordinates X=-26.760, Y=-38.384
28.06 08:22:17 Moving is finished
28.06 08:23:53 Scanning 566 point from 1368
28.06 08:23:53 Going to coordinates X=-26.710, Y=-38.384
28.06 08:23:54 Moving is finished
28.06 08:25:30 Scanning 567 point from 1368
28.06 08:25:30 Going to coordinates X=-26.660, Y=-38.384
28.06 08:25:31 Moving is finished
28.06 08:27:08 Scanning 568 point from 1368
28.06 08:27:08 Going to coordinates X=-26.610, Y=-38.384
28.06 08:27:08 Moving is finished
28.06 08:28:45 Scanning 569 point from 1368
28.06 08:28:45 Going to coordinates X=-26.560, Y=-38.384
28.06 08:28:45 Moving is finished
28.06 08:30:22 Scanning 570 point from 1368
28.06 08:30:22 Going to coordinates X=-26.510, Y=-38.384
28.06 08:30:22 Moving is finished
28.06 08:31:59 Scanning 571 point from 1368
28.06 08:31:59 Going to coordinates X=-26.460, Y=-38.384
28.06 08:31:59 Moving is finished
28.06 08:33:36 Scanning 572 point from 1368
28.06 08:33:36 Going to coordinates X=-26.410, Y=-38.384
28.06 08:33:36 Moving is finished
28.06 08:35:13 Scanning 573 point from 1368
28.06 08:35:13 Going to coordinates X=-26.360, Y=-38.384
28.06 08:35:13 Moving is finished
28.06 08:36:49 Scanning 574 point from 1368
28.06 08:36:49 Going to coordinates X=-26.310, Y=-38.384
28.06 08:36:50 Moving is finished
28.06 08:38:26 Scanning 575 point from 1368
28.06 08:38:26 Going to coordinates X=-26.260, Y=-38.384
28.06 08:38:26 Moving is finished
28.06 08:40:03 Scanning 576 point from 1368
28.06 08:40:03 Going to coordinates X=-28.010, Y=-38.334
28.06 08:40:04 Moving is finished
28.06 08:41:40 Scanning 577 point from 1368
28.06 08:41:40 Going to coordinates X=-27.960, Y=-38.334
28.06 08:41:40 Moving is finished
28.06 08:43:17 Scanning 578 point from 1368
28.06 08:43:17 Going to coordinates X=-27.910, Y=-38.334
28.06 08:43:17 Moving is finished
28.06 08:44:54 Scanning 579 point from 1368
28.06 08:44:54 Going to coordinates X=-27.860, Y=-38.334
28.06 08:44:54 Moving is finished
28.06 08:46:31 Scanning 580 point from 1368
28.06 08:46:31 Going to coordinates X=-27.810, Y=-38.334
28.06 08:46:32 Moving is finished
28.06 08:48:08 Scanning 581 point from 1368
28.06 08:48:08 Going to coordinates X=-27.760, Y=-38.334
28.06 08:48:08 Moving is finished
28.06 08:49:45 Scanning 582 point from 1368
28.06 08:49:45 Going to coordinates X=-27.710, Y=-38.334
28.06 08:49:46 Moving is finished
28.06 08:51:22 Scanning 583 point from 1368
28.06 08:51:22 Going to coordinates X=-27.660, Y=-38.334
28.06 08:51:22 Moving is finished
28.06 08:53:00 Scanning 584 point from 1368
28.06 08:53:00 Going to coordinates X=-27.610, Y=-38.334
28.06 08:53:00 Moving is finished
28.06 08:54:37 Scanning 585 point from 1368
28.06 08:54:37 Going to coordinates X=-27.560, Y=-38.334
28.06 08:54:37 Moving is finished
28.06 08:56:14 Scanning 586 point from 1368
28.06 08:56:14 Going to coordinates X=-27.510, Y=-38.334
28.06 08:56:14 Moving is finished
28.06 08:57:51 Scanning 587 point from 1368
28.06 08:57:51 Going to coordinates X=-27.460, Y=-38.334
28.06 08:57:51 Moving is finished
28.06 08:59:28 Scanning 588 point from 1368
28.06 08:59:28 Going to coordinates X=-27.410, Y=-38.334
28.06 08:59:28 Moving is finished
28.06 09:01:05 Scanning 589 point from 1368
28.06 09:01:05 Going to coordinates X=-27.360, Y=-38.334
28.06 09:01:05 Moving is finished
28.06 09:02:42 Scanning 590 point from 1368
28.06 09:02:42 Going to coordinates X=-27.310, Y=-38.334
28.06 09:02:42 Moving is finished
28.06 09:04:19 Scanning 591 point from 1368
28.06 09:04:19 Going to coordinates X=-27.260, Y=-38.334
28.06 09:04:19 Moving is finished
28.06 09:05:56 Scanning 592 point from 1368
28.06 09:05:56 Going to coordinates X=-27.210, Y=-38.334
28.06 09:05:56 Moving is finished
28.06 09:07:33 Scanning 593 point from 1368
28.06 09:07:33 Going to coordinates X=-27.160, Y=-38.334
28.06 09:07:33 Moving is finished
28.06 09:09:10 Scanning 594 point from 1368
28.06 09:09:10 Going to coordinates X=-27.110, Y=-38.334
28.06 09:09:10 Moving is finished
28.06 09:10:46 Scanning 595 point from 1368
28.06 09:10:46 Going to coordinates X=-27.060, Y=-38.334
28.06 09:10:47 Moving is finished
28.06 09:12:23 Scanning 596 point from 1368
28.06 09:12:23 Going to coordinates X=-27.010, Y=-38.334
28.06 09:12:23 Moving is finished
28.06 09:14:00 Scanning 597 point from 1368
28.06 09:14:00 Going to coordinates X=-26.960, Y=-38.334
28.06 09:14:00 Moving is finished
28.06 09:15:37 Scanning 598 point from 1368
28.06 09:15:37 Going to coordinates X=-26.910, Y=-38.334
28.06 09:15:37 Moving is finished
28.06 09:17:14 Scanning 599 point from 1368
28.06 09:17:14 Going to coordinates X=-26.860, Y=-38.334
28.06 09:17:14 Moving is finished
28.06 09:18:51 Scanning 600 point from 1368
28.06 09:18:51 Going to coordinates X=-26.810, Y=-38.334
28.06 09:18:51 Moving is finished
28.06 09:20:27 Scanning 601 point from 1368
28.06 09:20:27 Going to coordinates X=-26.760, Y=-38.334
28.06 09:20:28 Moving is finished
28.06 09:22:04 Scanning 602 point from 1368
28.06 09:22:04 Going to coordinates X=-26.710, Y=-38.334
28.06 09:22:04 Moving is finished
28.06 09:23:41 Scanning 603 point from 1368
28.06 09:23:41 Going to coordinates X=-26.660, Y=-38.334
28.06 09:23:41 Moving is finished
28.06 09:25:17 Scanning 604 point from 1368
28.06 09:25:17 Going to coordinates X=-26.610, Y=-38.334
28.06 09:25:18 Moving is finished
28.06 09:26:54 Scanning 605 point from 1368
28.06 09:26:54 Going to coordinates X=-26.560, Y=-38.334
28.06 09:26:55 Moving is finished
28.06 09:28:31 Scanning 606 point from 1368
28.06 09:28:31 Going to coordinates X=-26.510, Y=-38.334
28.06 09:28:31 Moving is finished
28.06 09:30:08 Scanning 607 point from 1368
28.06 09:30:08 Going to coordinates X=-26.460, Y=-38.334
28.06 09:30:08 Moving is finished
28.06 09:31:44 Scanning 608 point from 1368
28.06 09:31:44 Going to coordinates X=-26.410, Y=-38.334
28.06 09:31:45 Moving is finished
28.06 09:33:21 Scanning 609 point from 1368
28.06 09:33:21 Going to coordinates X=-26.360, Y=-38.334
28.06 09:33:21 Moving is finished
28.06 09:34:58 Scanning 610 point from 1368
28.06 09:34:58 Going to coordinates X=-26.310, Y=-38.334
28.06 09:34:58 Moving is finished
28.06 09:36:35 Scanning 611 point from 1368
28.06 09:36:35 Going to coordinates X=-26.260, Y=-38.334
28.06 09:36:35 Moving is finished
28.06 09:37:34 Stopped!
