03.01 08:15:26 Initializing grbl...
03.01 08:15:27 Got the response: b''
03.01 08:18:17 Focused at  1
03.01 08:18:45 Row 0: 03.01 08:18:45 Map: x1: -10.788, y1: -36.769, x2: -12.341, y2: -36.072, xres: 0.100, yres: 0.100, fname: Mart- Gluc-Sol4 C
03.01 08:18:45 Scanning 0 point from 136
03.01 08:18:49 Going to coordinates X=-12.341, Y=-36.769
03.01 08:18:50 Moving is finished
03.01 08:20:58 Scanning 1 point from 136
03.01 08:20:58 Going to coordinates X=-12.241, Y=-36.769
03.01 08:20:59 Moving is finished
03.01 08:23:07 Scanning 2 point from 136
03.01 08:23:07 Going to coordinates X=-12.141, Y=-36.769
03.01 08:23:07 Moving is finished
03.01 08:25:16 Scanning 3 point from 136
03.01 08:25:16 Going to coordinates X=-12.041, Y=-36.769
03.01 08:25:16 Moving is finished
03.01 08:27:24 Scanning 4 point from 136
03.01 08:27:24 Going to coordinates X=-11.941, Y=-36.769
03.01 08:27:24 Moving is finished
03.01 08:29:33 Scanning 5 point from 136
03.01 08:29:33 Going to coordinates X=-11.841, Y=-36.769
03.01 08:29:33 Moving is finished
03.01 08:31:41 Scanning 6 point from 136
03.01 08:31:41 Going to coordinates X=-11.741, Y=-36.769
03.01 08:31:42 Moving is finished
03.01 08:33:50 Scanning 7 point from 136
03.01 08:33:50 Going to coordinates X=-11.641, Y=-36.769
03.01 08:33:50 Moving is finished
03.01 08:35:58 Scanning 8 point from 136
03.01 08:35:58 Going to coordinates X=-11.541, Y=-36.769
03.01 08:35:58 Moving is finished
03.01 08:38:06 Scanning 9 point from 136
03.01 08:38:06 Going to coordinates X=-11.441, Y=-36.769
03.01 08:38:06 Moving is finished
03.01 08:40:14 Scanning 10 point from 136
03.01 08:40:19 Going to coordinates X=-11.341, Y=-36.769
03.01 08:40:19 Moving is finished
03.01 08:42:27 Scanning 11 point from 136
03.01 08:42:27 Going to coordinates X=-11.241, Y=-36.769
03.01 08:42:27 Moving is finished
03.01 08:44:35 Scanning 12 point from 136
03.01 08:44:35 Going to coordinates X=-11.141, Y=-36.769
03.01 08:44:36 Moving is finished
03.01 08:46:44 Scanning 13 point from 136
03.01 08:46:44 Going to coordinates X=-11.041, Y=-36.769
03.01 08:46:44 Moving is finished
03.01 08:48:52 Scanning 14 point from 136
03.01 08:48:52 Going to coordinates X=-10.941, Y=-36.769
03.01 08:48:53 Moving is finished
03.01 08:51:01 Scanning 15 point from 136
03.01 08:51:01 Going to coordinates X=-10.841, Y=-36.769
03.01 08:51:01 Moving is finished
03.01 08:53:09 Scanning 16 point from 136
03.01 08:53:09 Going to coordinates X=-10.741, Y=-36.769
03.01 08:53:09 Moving is finished
03.01 08:55:17 Scanning 17 point from 136
03.01 08:55:17 Going to coordinates X=-12.341, Y=-36.669
03.01 08:55:18 Moving is finished
03.01 08:57:26 Scanning 18 point from 136
03.01 08:57:26 Going to coordinates X=-12.241, Y=-36.669
03.01 08:57:27 Moving is finished
03.01 08:59:35 Scanning 19 point from 136
03.01 08:59:35 Going to coordinates X=-12.141, Y=-36.669
03.01 08:59:35 Moving is finished
03.01 09:01:43 Scanning 20 point from 136
03.01 09:01:47 Going to coordinates X=-12.041, Y=-36.669
03.01 09:01:47 Moving is finished
03.01 09:03:56 Scanning 21 point from 136
03.01 09:03:56 Going to coordinates X=-11.941, Y=-36.669
03.01 09:03:56 Moving is finished
03.01 09:06:04 Scanning 22 point from 136
03.01 09:06:04 Going to coordinates X=-11.841, Y=-36.669
03.01 09:06:05 Moving is finished
03.01 09:08:13 Scanning 23 point from 136
03.01 09:08:13 Going to coordinates X=-11.741, Y=-36.669
03.01 09:08:14 Moving is finished
03.01 09:10:22 Scanning 24 point from 136
03.01 09:10:22 Going to coordinates X=-11.641, Y=-36.669
03.01 09:10:22 Moving is finished
03.01 09:12:30 Scanning 25 point from 136
03.01 09:12:30 Going to coordinates X=-11.541, Y=-36.669
03.01 09:12:30 Moving is finished
03.01 09:14:38 Scanning 26 point from 136
03.01 09:14:38 Going to coordinates X=-11.441, Y=-36.669
03.01 09:14:38 Moving is finished
03.01 09:16:47 Scanning 27 point from 136
03.01 09:16:47 Going to coordinates X=-11.341, Y=-36.669
03.01 09:16:47 Moving is finished
03.01 09:18:55 Scanning 28 point from 136
03.01 09:18:55 Going to coordinates X=-11.241, Y=-36.669
03.01 09:18:55 Moving is finished
03.01 09:21:03 Scanning 29 point from 136
03.01 09:21:03 Going to coordinates X=-11.141, Y=-36.669
03.01 09:21:03 Moving is finished
03.01 09:23:11 Scanning 30 point from 136
03.01 09:23:15 Going to coordinates X=-11.041, Y=-36.669
03.01 09:23:16 Moving is finished
03.01 09:25:24 Scanning 31 point from 136
03.01 09:25:24 Going to coordinates X=-10.941, Y=-36.669
03.01 09:25:24 Moving is finished
03.01 09:27:32 Scanning 32 point from 136
03.01 09:27:32 Going to coordinates X=-10.841, Y=-36.669
03.01 09:27:32 Moving is finished
03.01 09:29:40 Scanning 33 point from 136
03.01 09:29:40 Going to coordinates X=-10.741, Y=-36.669
03.01 09:29:40 Moving is finished
03.01 09:31:49 Scanning 34 point from 136
03.01 09:31:49 Going to coordinates X=-12.341, Y=-36.569
03.01 09:31:50 Moving is finished
03.01 09:33:58 Scanning 35 point from 136
03.01 09:33:58 Going to coordinates X=-12.241, Y=-36.569
03.01 09:33:59 Moving is finished
03.01 09:36:07 Scanning 36 point from 136
03.01 09:36:07 Going to coordinates X=-12.141, Y=-36.569
03.01 09:36:07 Moving is finished
03.01 09:38:16 Scanning 37 point from 136
03.01 09:38:16 Going to coordinates X=-12.041, Y=-36.569
03.01 09:38:16 Moving is finished
03.01 09:40:24 Scanning 38 point from 136
03.01 09:40:24 Going to coordinates X=-11.941, Y=-36.569
03.01 09:40:24 Moving is finished
03.01 09:42:33 Scanning 39 point from 136
03.01 09:42:33 Going to coordinates X=-11.841, Y=-36.569
03.01 09:42:33 Moving is finished
03.01 09:44:42 Scanning 40 point from 136
03.01 09:44:46 Going to coordinates X=-11.741, Y=-36.569
03.01 09:44:46 Moving is finished
03.01 09:46:55 Scanning 41 point from 136
03.01 09:46:55 Going to coordinates X=-11.641, Y=-36.569
03.01 09:46:55 Moving is finished
03.01 09:49:03 Scanning 42 point from 136
03.01 09:49:03 Going to coordinates X=-11.541, Y=-36.569
03.01 09:49:03 Moving is finished
03.01 09:51:11 Scanning 43 point from 136
03.01 09:51:11 Going to coordinates X=-11.441, Y=-36.569
03.01 09:51:12 Moving is finished
03.01 09:53:19 Scanning 44 point from 136
03.01 09:53:19 Going to coordinates X=-11.341, Y=-36.569
03.01 09:53:20 Moving is finished
03.01 09:55:28 Scanning 45 point from 136
03.01 09:55:28 Going to coordinates X=-11.241, Y=-36.569
03.01 09:55:28 Moving is finished
03.01 09:57:36 Scanning 46 point from 136
03.01 09:57:36 Going to coordinates X=-11.141, Y=-36.569
03.01 09:57:36 Moving is finished
03.01 09:59:44 Scanning 47 point from 136
03.01 09:59:44 Going to coordinates X=-11.041, Y=-36.569
03.01 09:59:45 Moving is finished
03.01 10:01:53 Scanning 48 point from 136
03.01 10:01:53 Going to coordinates X=-10.941, Y=-36.569
03.01 10:01:53 Moving is finished
03.01 10:04:01 Scanning 49 point from 136
03.01 10:04:01 Going to coordinates X=-10.841, Y=-36.569
03.01 10:04:01 Moving is finished
03.01 10:06:09 Scanning 50 point from 136
03.01 10:06:13 Going to coordinates X=-10.741, Y=-36.569
03.01 10:06:14 Moving is finished
03.01 10:08:22 Scanning 51 point from 136
03.01 10:08:22 Going to coordinates X=-12.341, Y=-36.469
03.01 10:08:22 Moving is finished
03.01 10:10:31 Scanning 52 point from 136
03.01 10:10:31 Going to coordinates X=-12.241, Y=-36.469
03.01 10:10:31 Moving is finished
03.01 10:12:39 Scanning 53 point from 136
03.01 10:12:39 Going to coordinates X=-12.141, Y=-36.469
03.01 10:12:39 Moving is finished
03.01 10:14:47 Scanning 54 point from 136
03.01 10:14:47 Going to coordinates X=-12.041, Y=-36.469
03.01 10:14:47 Moving is finished
03.01 10:16:56 Scanning 55 point from 136
03.01 10:16:56 Going to coordinates X=-11.941, Y=-36.469
03.01 10:16:56 Moving is finished
03.01 10:19:04 Scanning 56 point from 136
03.01 10:19:04 Going to coordinates X=-11.841, Y=-36.469
03.01 10:19:04 Moving is finished
03.01 10:21:13 Scanning 57 point from 136
03.01 10:21:13 Going to coordinates X=-11.741, Y=-36.469
03.01 10:21:13 Moving is finished
03.01 10:23:21 Scanning 58 point from 136
03.01 10:23:21 Going to coordinates X=-11.641, Y=-36.469
03.01 10:23:21 Moving is finished
03.01 10:25:30 Scanning 59 point from 136
03.01 10:25:30 Going to coordinates X=-11.541, Y=-36.469
03.01 10:25:30 Moving is finished
03.01 10:27:39 Scanning 60 point from 136
03.01 10:27:43 Going to coordinates X=-11.441, Y=-36.469
03.01 10:27:43 Moving is finished
03.01 10:29:52 Scanning 61 point from 136
03.01 10:29:52 Going to coordinates X=-11.341, Y=-36.469
03.01 10:29:52 Moving is finished
03.01 10:32:00 Scanning 62 point from 136
03.01 10:32:00 Going to coordinates X=-11.241, Y=-36.469
03.01 10:32:00 Moving is finished
03.01 10:34:08 Scanning 63 point from 136
03.01 10:34:08 Going to coordinates X=-11.141, Y=-36.469
03.01 10:34:08 Moving is finished
03.01 10:36:16 Scanning 64 point from 136
03.01 10:36:16 Going to coordinates X=-11.041, Y=-36.469
03.01 10:36:16 Moving is finished
03.01 10:38:24 Scanning 65 point from 136
03.01 10:38:24 Going to coordinates X=-10.941, Y=-36.469
03.01 10:38:25 Moving is finished
03.01 10:40:32 Scanning 66 point from 136
03.01 10:40:32 Going to coordinates X=-10.841, Y=-36.469
03.01 10:40:33 Moving is finished
03.01 10:42:40 Scanning 67 point from 136
03.01 10:42:40 Going to coordinates X=-10.741, Y=-36.469
03.01 10:42:41 Moving is finished
03.01 10:44:48 Scanning 68 point from 136
03.01 10:44:48 Going to coordinates X=-12.341, Y=-36.369
03.01 10:44:49 Moving is finished
03.01 10:46:57 Scanning 69 point from 136
03.01 10:46:57 Going to coordinates X=-12.241, Y=-36.369
03.01 10:46:58 Moving is finished
03.01 10:49:06 Scanning 70 point from 136
03.01 10:49:10 Going to coordinates X=-12.141, Y=-36.369
03.01 10:49:10 Moving is finished
03.01 10:51:19 Scanning 71 point from 136
03.01 10:51:19 Going to coordinates X=-12.041, Y=-36.369
03.01 10:51:19 Moving is finished
03.01 10:53:27 Scanning 72 point from 136
03.01 10:53:27 Going to coordinates X=-11.941, Y=-36.369
03.01 10:53:28 Moving is finished
03.01 10:55:36 Scanning 73 point from 136
03.01 10:55:36 Going to coordinates X=-11.841, Y=-36.369
03.01 10:55:36 Moving is finished
03.01 10:57:44 Scanning 74 point from 136
03.01 10:57:44 Going to coordinates X=-11.741, Y=-36.369
03.01 10:57:45 Moving is finished
03.01 10:59:52 Scanning 75 point from 136
03.01 10:59:52 Going to coordinates X=-11.641, Y=-36.369
03.01 10:59:53 Moving is finished
03.01 11:02:01 Scanning 76 point from 136
03.01 11:02:01 Going to coordinates X=-11.541, Y=-36.369
03.01 11:02:01 Moving is finished
03.01 11:04:10 Scanning 77 point from 136
03.01 11:04:10 Going to coordinates X=-11.441, Y=-36.369
03.01 11:04:10 Moving is finished
03.01 11:06:18 Scanning 78 point from 136
03.01 11:06:18 Going to coordinates X=-11.341, Y=-36.369
03.01 11:06:18 Moving is finished
03.01 11:08:26 Scanning 79 point from 136
03.01 11:08:26 Going to coordinates X=-11.241, Y=-36.369
03.01 11:08:26 Moving is finished
03.01 11:10:34 Scanning 80 point from 136
03.01 11:10:38 Going to coordinates X=-11.141, Y=-36.369
03.01 11:10:39 Moving is finished
03.01 11:12:47 Scanning 81 point from 136
03.01 11:12:47 Going to coordinates X=-11.041, Y=-36.369
03.01 11:12:47 Moving is finished
03.01 11:14:55 Scanning 82 point from 136
03.01 11:14:55 Going to coordinates X=-10.941, Y=-36.369
03.01 11:14:56 Moving is finished
03.01 11:17:04 Scanning 83 point from 136
03.01 11:17:04 Going to coordinates X=-10.841, Y=-36.369
03.01 11:17:04 Moving is finished
03.01 11:19:12 Scanning 84 point from 136
03.01 11:19:12 Going to coordinates X=-10.741, Y=-36.369
03.01 11:19:13 Moving is finished
03.01 11:21:21 Scanning 85 point from 136
03.01 11:21:21 Going to coordinates X=-12.341, Y=-36.269
03.01 11:21:22 Moving is finished
03.01 11:23:30 Scanning 86 point from 136
03.01 11:23:30 Going to coordinates X=-12.241, Y=-36.269
03.01 11:23:30 Moving is finished
03.01 11:25:38 Scanning 87 point from 136
03.01 11:25:38 Going to coordinates X=-12.141, Y=-36.269
03.01 11:25:38 Moving is finished
03.01 11:27:46 Scanning 88 point from 136
03.01 11:27:46 Going to coordinates X=-12.041, Y=-36.269
03.01 11:27:46 Moving is finished
03.01 11:29:54 Scanning 89 point from 136
03.01 11:29:54 Going to coordinates X=-11.941, Y=-36.269
03.01 11:29:54 Moving is finished
03.01 11:32:03 Scanning 90 point from 136
03.01 11:32:07 Going to coordinates X=-11.841, Y=-36.269
03.01 11:32:08 Moving is finished
03.01 11:34:16 Scanning 91 point from 136
03.01 11:34:16 Going to coordinates X=-11.741, Y=-36.269
03.01 11:34:16 Moving is finished
03.01 11:36:24 Scanning 92 point from 136
03.01 11:36:24 Going to coordinates X=-11.641, Y=-36.269
03.01 11:36:24 Moving is finished
03.01 11:38:32 Scanning 93 point from 136
03.01 11:38:32 Going to coordinates X=-11.541, Y=-36.269
03.01 11:38:32 Moving is finished
03.01 11:40:41 Scanning 94 point from 136
03.01 11:40:41 Going to coordinates X=-11.441, Y=-36.269
03.01 11:40:41 Moving is finished
03.01 11:42:49 Scanning 95 point from 136
03.01 11:42:49 Going to coordinates X=-11.341, Y=-36.269
03.01 11:42:49 Moving is finished
03.01 11:44:58 Scanning 96 point from 136
03.01 11:44:58 Going to coordinates X=-11.241, Y=-36.269
03.01 11:44:58 Moving is finished
03.01 11:47:07 Scanning 97 point from 136
03.01 11:47:07 Going to coordinates X=-11.141, Y=-36.269
03.01 11:47:07 Moving is finished
03.01 11:49:15 Scanning 98 point from 136
03.01 11:49:15 Going to coordinates X=-11.041, Y=-36.269
03.01 11:49:15 Moving is finished
03.01 11:51:23 Scanning 99 point from 136
03.01 11:51:23 Going to coordinates X=-10.941, Y=-36.269
03.01 11:51:24 Moving is finished
03.01 11:53:31 Scanning 100 point from 136
03.01 11:53:36 Going to coordinates X=-10.841, Y=-36.269
03.01 11:53:36 Moving is finished
03.01 11:55:45 Scanning 101 point from 136
03.01 11:55:45 Going to coordinates X=-10.741, Y=-36.269
03.01 11:55:45 Moving is finished
03.01 11:57:53 Scanning 102 point from 136
03.01 11:57:53 Going to coordinates X=-12.341, Y=-36.169
03.01 11:57:54 Moving is finished
03.01 12:00:02 Scanning 103 point from 136
03.01 12:00:02 Going to coordinates X=-12.241, Y=-36.169
03.01 12:00:03 Moving is finished
03.01 12:02:10 Scanning 104 point from 136
03.01 12:02:10 Going to coordinates X=-12.141, Y=-36.169
03.01 12:02:11 Moving is finished
03.01 12:04:19 Scanning 105 point from 136
03.01 12:04:19 Going to coordinates X=-12.041, Y=-36.169
03.01 12:04:19 Moving is finished
03.01 12:06:28 Scanning 106 point from 136
03.01 12:06:28 Going to coordinates X=-11.941, Y=-36.169
03.01 12:06:28 Moving is finished
03.01 12:08:36 Scanning 107 point from 136
03.01 12:08:36 Going to coordinates X=-11.841, Y=-36.169
03.01 12:08:37 Moving is finished
03.01 12:10:44 Scanning 108 point from 136
03.01 12:10:44 Going to coordinates X=-11.741, Y=-36.169
03.01 12:10:45 Moving is finished
03.01 12:12:53 Scanning 109 point from 136
03.01 12:12:53 Going to coordinates X=-11.641, Y=-36.169
03.01 12:12:53 Moving is finished
03.01 12:15:01 Scanning 110 point from 136
03.01 12:15:05 Going to coordinates X=-11.541, Y=-36.169
03.01 12:15:05 Moving is finished
03.01 12:17:14 Scanning 111 point from 136
03.01 12:17:14 Going to coordinates X=-11.441, Y=-36.169
03.01 12:17:14 Moving is finished
03.01 12:19:22 Scanning 112 point from 136
03.01 12:19:22 Going to coordinates X=-11.341, Y=-36.169
03.01 12:19:22 Moving is finished
03.01 12:21:30 Scanning 113 point from 136
03.01 12:21:30 Going to coordinates X=-11.241, Y=-36.169
03.01 12:21:31 Moving is finished
03.01 12:23:39 Scanning 114 point from 136
03.01 12:23:39 Going to coordinates X=-11.141, Y=-36.169
03.01 12:23:39 Moving is finished
03.01 12:25:47 Scanning 115 point from 136
03.01 12:25:47 Going to coordinates X=-11.041, Y=-36.169
03.01 12:25:47 Moving is finished
03.01 12:27:56 Scanning 116 point from 136
03.01 12:27:56 Going to coordinates X=-10.941, Y=-36.169
03.01 12:27:56 Moving is finished
03.01 12:30:04 Scanning 117 point from 136
03.01 12:30:04 Going to coordinates X=-10.841, Y=-36.169
03.01 12:30:04 Moving is finished
03.01 12:32:12 Scanning 118 point from 136
03.01 12:32:12 Going to coordinates X=-10.741, Y=-36.169
03.01 12:32:13 Moving is finished
03.01 12:34:20 Scanning 119 point from 136
03.01 12:34:20 Going to coordinates X=-12.341, Y=-36.069
03.01 12:34:21 Moving is finished
03.01 12:36:30 Scanning 120 point from 136
03.01 12:36:34 Going to coordinates X=-12.241, Y=-36.069
03.01 12:36:34 Moving is finished
03.01 12:38:42 Scanning 121 point from 136
03.01 12:38:42 Going to coordinates X=-12.141, Y=-36.069
03.01 12:38:43 Moving is finished
03.01 12:40:50 Scanning 122 point from 136
03.01 12:40:50 Going to coordinates X=-12.041, Y=-36.069
03.01 12:40:51 Moving is finished
03.01 12:42:59 Scanning 123 point from 136
03.01 12:42:59 Going to coordinates X=-11.941, Y=-36.069
03.01 12:42:59 Moving is finished
03.01 12:45:07 Scanning 124 point from 136
03.01 12:45:07 Going to coordinates X=-11.841, Y=-36.069
03.01 12:45:07 Moving is finished
03.01 12:47:15 Scanning 125 point from 136
03.01 12:47:15 Going to coordinates X=-11.741, Y=-36.069
03.01 12:47:15 Moving is finished
03.01 12:49:24 Scanning 126 point from 136
03.01 12:49:24 Going to coordinates X=-11.641, Y=-36.069
03.01 12:49:24 Moving is finished
03.01 12:51:32 Scanning 127 point from 136
03.01 12:51:32 Going to coordinates X=-11.541, Y=-36.069
03.01 12:51:32 Moving is finished
03.01 12:53:40 Scanning 128 point from 136
03.01 12:53:40 Going to coordinates X=-11.441, Y=-36.069
03.01 12:53:40 Moving is finished
03.01 12:55:49 Scanning 129 point from 136
03.01 12:55:49 Going to coordinates X=-11.341, Y=-36.069
03.01 12:55:49 Moving is finished
03.01 12:57:57 Scanning 130 point from 136
03.01 12:58:01 Going to coordinates X=-11.241, Y=-36.069
03.01 12:58:01 Moving is finished
03.01 13:00:10 Scanning 131 point from 136
03.01 13:00:10 Going to coordinates X=-11.141, Y=-36.069
03.01 13:00:10 Moving is finished
03.01 13:02:18 Scanning 132 point from 136
03.01 13:02:18 Going to coordinates X=-11.041, Y=-36.069
03.01 13:02:18 Moving is finished
03.01 13:04:26 Scanning 133 point from 136
03.01 13:04:26 Going to coordinates X=-10.941, Y=-36.069
03.01 13:04:26 Moving is finished
03.01 13:06:34 Scanning 134 point from 136
03.01 13:06:34 Going to coordinates X=-10.841, Y=-36.069
03.01 13:06:35 Moving is finished
03.01 13:08:43 Scanning 135 point from 136
03.01 13:08:43 Going to coordinates X=-10.741, Y=-36.069
03.01 13:08:43 Moving is finished
