27.02 09:51:26 Initializing grbl...
27.02 09:51:26 Got the response: b''
27.02 10:09:08 Can't send the command to GRBL
27.02 10:09:08 Write timeout27.02 10:09:08 Write timeout
27.02 10:26:11 Can't send the command to GRBL27.02 10:26:11 Write timeout
27.02 10:26:11 Write timeout
27.02 10:30:52 Focused at  1
27.02 10:30:52 Row 0: 27.02 10:30:52 Map: x1: -12.01, y1: -39.436, x2: -12.928, y2: -37.979, xres: 0.100, yres: 0.100, fname: Gluc-0.007
27.02 10:30:52 Scanning 0 point from 176
27.02 10:30:52 Going to coordinates X=-12.928, Y=-39.436
27.02 10:30:53 Moving is finished
27.02 10:33:02 Scanning 1 point from 176
27.02 10:33:02 Going to coordinates X=-12.828, Y=-39.436
27.02 10:33:02 Moving is finished
27.02 10:35:11 Scanning 2 point from 176
27.02 10:35:11 Going to coordinates X=-12.728, Y=-39.436
27.02 10:35:11 Moving is finished
27.02 10:37:19 Scanning 3 point from 176
27.02 10:37:19 Going to coordinates X=-12.628, Y=-39.436
27.02 10:37:20 Moving is finished
27.02 10:39:28 Scanning 4 point from 176
27.02 10:39:28 Going to coordinates X=-12.528, Y=-39.436
27.02 10:39:28 Moving is finished
27.02 10:41:36 Scanning 5 point from 176
27.02 10:41:36 Going to coordinates X=-12.428, Y=-39.436
27.02 10:41:37 Moving is finished
27.02 10:43:45 Scanning 6 point from 176
27.02 10:43:45 Going to coordinates X=-12.328, Y=-39.436
27.02 10:43:46 Moving is finished
27.02 10:45:54 Scanning 7 point from 176
27.02 10:45:54 Going to coordinates X=-12.228, Y=-39.436
27.02 10:45:54 Moving is finished
27.02 10:48:02 Scanning 8 point from 176
27.02 10:48:02 Going to coordinates X=-12.128, Y=-39.436
27.02 10:48:03 Moving is finished
27.02 10:50:11 Scanning 9 point from 176
27.02 10:50:11 Going to coordinates X=-12.028, Y=-39.436
27.02 10:50:11 Moving is finished
27.02 10:52:19 Scanning 10 point from 176
27.02 10:52:19 Going to coordinates X=-11.928, Y=-39.436
27.02 10:52:19 Moving is finished
27.02 10:54:28 Scanning 11 point from 176
27.02 10:54:28 Going to coordinates X=-12.928, Y=-39.336
27.02 10:54:29 Moving is finished
27.02 10:56:37 Scanning 12 point from 176
27.02 10:56:37 Going to coordinates X=-12.828, Y=-39.336
27.02 10:56:38 Moving is finished
27.02 10:58:47 Scanning 13 point from 176
27.02 10:58:47 Going to coordinates X=-12.728, Y=-39.336
27.02 10:58:47 Moving is finished
27.02 11:00:55 Scanning 14 point from 176
27.02 11:00:55 Going to coordinates X=-12.628, Y=-39.336
27.02 11:00:55 Moving is finished
27.02 11:03:04 Scanning 15 point from 176
27.02 11:03:04 Going to coordinates X=-12.528, Y=-39.336
27.02 11:03:04 Moving is finished
27.02 11:05:13 Scanning 16 point from 176
27.02 11:05:13 Going to coordinates X=-12.428, Y=-39.336
27.02 11:05:13 Moving is finished
27.02 11:07:21 Scanning 17 point from 176
27.02 11:07:21 Going to coordinates X=-12.328, Y=-39.336
27.02 11:07:22 Moving is finished
27.02 11:09:30 Scanning 18 point from 176
27.02 11:09:30 Going to coordinates X=-12.228, Y=-39.336
27.02 11:09:30 Moving is finished
27.02 11:11:39 Scanning 19 point from 176
27.02 11:11:39 Going to coordinates X=-12.128, Y=-39.336
27.02 11:11:39 Moving is finished
27.02 11:13:47 Scanning 20 point from 176
27.02 11:13:47 Going to coordinates X=-12.028, Y=-39.336
27.02 11:13:47 Moving is finished
27.02 11:15:55 Scanning 21 point from 176
27.02 11:15:55 Going to coordinates X=-11.928, Y=-39.336
27.02 11:15:56 Moving is finished
27.02 11:18:04 Scanning 22 point from 176
27.02 11:18:04 Going to coordinates X=-12.928, Y=-39.236
27.02 11:18:04 Moving is finished
27.02 11:20:13 Scanning 23 point from 176
27.02 11:20:13 Going to coordinates X=-12.828, Y=-39.236
27.02 11:20:13 Moving is finished
27.02 11:22:22 Scanning 24 point from 176
27.02 11:22:22 Going to coordinates X=-12.728, Y=-39.236
27.02 11:22:22 Moving is finished
27.02 11:24:30 Scanning 25 point from 176
27.02 11:24:30 Going to coordinates X=-12.628, Y=-39.236
27.02 11:24:31 Moving is finished
27.02 11:26:39 Scanning 26 point from 176
27.02 11:26:39 Going to coordinates X=-12.528, Y=-39.236
27.02 11:26:39 Moving is finished
27.02 11:28:47 Scanning 27 point from 176
27.02 11:28:47 Going to coordinates X=-12.428, Y=-39.236
27.02 11:28:47 Moving is finished
27.02 11:30:56 Scanning 28 point from 176
27.02 11:30:56 Going to coordinates X=-12.328, Y=-39.236
27.02 11:30:57 Moving is finished
27.02 11:33:05 Scanning 29 point from 176
27.02 11:33:05 Going to coordinates X=-12.228, Y=-39.236
27.02 11:33:05 Moving is finished
27.02 11:35:13 Scanning 30 point from 176
27.02 11:35:13 Going to coordinates X=-12.128, Y=-39.236
27.02 11:35:14 Moving is finished
27.02 11:37:22 Scanning 31 point from 176
27.02 11:37:22 Going to coordinates X=-12.028, Y=-39.236
27.02 11:37:22 Moving is finished
27.02 11:39:30 Scanning 32 point from 176
27.02 11:39:30 Going to coordinates X=-11.928, Y=-39.236
27.02 11:39:31 Moving is finished
27.02 11:41:39 Scanning 33 point from 176
27.02 11:41:39 Going to coordinates X=-12.928, Y=-39.136
27.02 11:41:39 Moving is finished
27.02 11:43:48 Scanning 34 point from 176
27.02 11:43:48 Going to coordinates X=-12.828, Y=-39.136
27.02 11:43:48 Moving is finished
27.02 11:45:56 Scanning 35 point from 176
27.02 11:45:56 Going to coordinates X=-12.728, Y=-39.136
27.02 11:45:56 Moving is finished
27.02 11:48:05 Scanning 36 point from 176
27.02 11:48:05 Going to coordinates X=-12.628, Y=-39.136
27.02 11:48:05 Moving is finished
27.02 11:50:13 Scanning 37 point from 176
27.02 11:50:13 Going to coordinates X=-12.528, Y=-39.136
27.02 11:50:14 Moving is finished
27.02 11:52:22 Scanning 38 point from 176
27.02 11:52:22 Going to coordinates X=-12.428, Y=-39.136
27.02 11:52:22 Moving is finished
27.02 11:54:30 Scanning 39 point from 176
27.02 11:54:30 Going to coordinates X=-12.328, Y=-39.136
27.02 11:54:30 Moving is finished
27.02 11:56:38 Scanning 40 point from 176
27.02 11:56:38 Going to coordinates X=-12.228, Y=-39.136
27.02 11:56:39 Moving is finished
27.02 11:58:47 Scanning 41 point from 176
27.02 11:58:47 Going to coordinates X=-12.128, Y=-39.136
27.02 11:58:47 Moving is finished
27.02 12:00:56 Scanning 42 point from 176
27.02 12:00:56 Going to coordinates X=-12.028, Y=-39.136
27.02 12:00:56 Moving is finished
27.02 12:03:05 Scanning 43 point from 176
27.02 12:03:05 Going to coordinates X=-11.928, Y=-39.136
27.02 12:03:05 Moving is finished
27.02 12:05:13 Scanning 44 point from 176
27.02 12:05:13 Going to coordinates X=-12.928, Y=-39.036
27.02 12:05:14 Moving is finished
27.02 12:07:22 Scanning 45 point from 176
27.02 12:07:22 Going to coordinates X=-12.828, Y=-39.036
27.02 12:07:22 Moving is finished
27.02 12:09:31 Scanning 46 point from 176
27.02 12:09:31 Going to coordinates X=-12.728, Y=-39.036
27.02 12:09:31 Moving is finished
27.02 12:11:39 Scanning 47 point from 176
27.02 12:11:39 Going to coordinates X=-12.628, Y=-39.036
27.02 12:11:40 Moving is finished
27.02 12:13:48 Scanning 48 point from 176
27.02 12:13:48 Going to coordinates X=-12.528, Y=-39.036
27.02 12:13:48 Moving is finished
27.02 12:15:56 Scanning 49 point from 176
27.02 12:15:56 Going to coordinates X=-12.428, Y=-39.036
27.02 12:15:56 Moving is finished
27.02 12:18:04 Scanning 50 point from 176
27.02 12:18:04 Going to coordinates X=-12.328, Y=-39.036
27.02 12:18:05 Moving is finished
27.02 12:20:13 Scanning 51 point from 176
27.02 12:20:13 Going to coordinates X=-12.228, Y=-39.036
27.02 12:20:14 Moving is finished
27.02 12:22:22 Scanning 52 point from 176
27.02 12:22:22 Going to coordinates X=-12.128, Y=-39.036
27.02 12:22:22 Moving is finished
27.02 12:24:30 Scanning 53 point from 176
27.02 12:24:30 Going to coordinates X=-12.028, Y=-39.036
27.02 12:24:30 Moving is finished
27.02 12:26:39 Scanning 54 point from 176
27.02 12:26:39 Going to coordinates X=-11.928, Y=-39.036
27.02 12:26:39 Moving is finished
27.02 12:28:48 Scanning 55 point from 176
27.02 12:28:48 Going to coordinates X=-12.928, Y=-38.936
27.02 12:28:48 Moving is finished
27.02 12:30:57 Scanning 56 point from 176
27.02 12:30:57 Going to coordinates X=-12.828, Y=-38.936
27.02 12:30:57 Moving is finished
27.02 12:33:05 Scanning 57 point from 176
27.02 12:33:05 Going to coordinates X=-12.728, Y=-38.936
27.02 12:33:06 Moving is finished
27.02 12:35:14 Scanning 58 point from 176
27.02 12:35:14 Going to coordinates X=-12.628, Y=-38.936
27.02 12:35:14 Moving is finished
27.02 12:37:22 Scanning 59 point from 176
27.02 12:37:22 Going to coordinates X=-12.528, Y=-38.936
27.02 12:37:22 Moving is finished
27.02 12:39:31 Scanning 60 point from 176
27.02 12:39:31 Going to coordinates X=-12.428, Y=-38.936
27.02 12:39:32 Moving is finished
27.02 12:41:40 Scanning 61 point from 176
27.02 12:41:40 Going to coordinates X=-12.328, Y=-38.936
27.02 12:41:40 Moving is finished
27.02 12:43:48 Scanning 62 point from 176
27.02 12:43:48 Going to coordinates X=-12.228, Y=-38.936
27.02 12:43:49 Moving is finished
27.02 12:45:57 Scanning 63 point from 176
27.02 12:45:57 Going to coordinates X=-12.128, Y=-38.936
27.02 12:45:57 Moving is finished
27.02 12:48:07 Scanning 64 point from 176
27.02 12:48:07 Going to coordinates X=-12.028, Y=-38.936
27.02 12:48:07 Moving is finished
27.02 12:50:15 Scanning 65 point from 176
27.02 12:50:15 Going to coordinates X=-11.928, Y=-38.936
27.02 12:50:15 Moving is finished
27.02 12:52:23 Scanning 66 point from 176
27.02 12:52:23 Going to coordinates X=-12.928, Y=-38.836
27.02 12:52:24 Moving is finished
27.02 12:54:32 Scanning 67 point from 176
27.02 12:54:32 Going to coordinates X=-12.828, Y=-38.836
27.02 12:54:32 Moving is finished
27.02 12:56:40 Scanning 68 point from 176
27.02 12:56:40 Going to coordinates X=-12.728, Y=-38.836
27.02 12:56:41 Moving is finished
27.02 12:57:02 Stopped!
27.02 13:21:37 Can't send the command to GRBL
27.02 13:21:37 Write timeout27.02 13:21:37 Write timeout

