14.02 17:07:27 Initializing grbl...
14.02 17:07:27 Got the response: b''
14.02 18:56:05 Focused at  101
14.02 18:58:00 Row 0: 14.02 18:58:00 Map: x1: -10.337, y1: -41.138, x2: -10.808, y2: -39.456, xres: 0.080, yres: 0.100, fname: M2-3
14.02 18:58:00 Scanning 0 point from 126
14.02 18:58:00 Going to coordinates X=-10.808, Y=-41.138
14.02 18:58:02 Moving is finished
14.02 18:59:47 Scanning 1 point from 126
14.02 18:59:47 Going to coordinates X=-10.728, Y=-41.138
14.02 18:59:47 Moving is finished
14.02 19:00:26 Stopped!
14.02 19:00:56 Row 0: 14.02 19:00:56 Map: x1: -10.337, y1: -41.138, x2: -10.808, y2: -39.456, xres: 0.080, yres: 0.100, fname: M2-3
14.02 19:00:56 Scanning 0 point from 126
14.02 19:00:56 Going to coordinates X=-10.808, Y=-41.138
14.02 19:00:57 Moving is finished
14.02 19:02:42 Scanning 1 point from 126
14.02 19:02:42 Going to coordinates X=-10.728, Y=-41.138
14.02 19:02:42 Moving is finished
14.02 19:04:27 Scanning 2 point from 126
14.02 19:04:27 Going to coordinates X=-10.648, Y=-41.138
14.02 19:04:27 Moving is finished
14.02 19:06:13 Scanning 3 point from 126
14.02 19:06:13 Going to coordinates X=-10.568, Y=-41.138
14.02 19:06:13 Moving is finished
14.02 19:07:58 Scanning 4 point from 126
14.02 19:07:58 Going to coordinates X=-10.488, Y=-41.138
14.02 19:07:58 Moving is finished
14.02 19:09:43 Scanning 5 point from 126
14.02 19:09:43 Going to coordinates X=-10.408, Y=-41.138
14.02 19:09:43 Moving is finished
14.02 19:11:28 Scanning 6 point from 126
14.02 19:11:28 Going to coordinates X=-10.328, Y=-41.138
14.02 19:11:28 Moving is finished
14.02 19:13:13 Scanning 7 point from 126
14.02 19:13:13 Going to coordinates X=-10.808, Y=-41.038
14.02 19:13:14 Moving is finished
14.02 19:14:59 Scanning 8 point from 126
14.02 19:14:59 Going to coordinates X=-10.728, Y=-41.038
14.02 19:14:59 Moving is finished
14.02 19:16:44 Scanning 9 point from 126
14.02 19:16:44 Going to coordinates X=-10.648, Y=-41.038
14.02 19:16:44 Moving is finished
14.02 19:18:29 Scanning 10 point from 126
14.02 19:18:29 Going to coordinates X=-10.568, Y=-41.038
14.02 19:18:29 Moving is finished
14.02 19:20:14 Scanning 11 point from 126
14.02 19:20:14 Going to coordinates X=-10.488, Y=-41.038
14.02 19:20:15 Moving is finished
14.02 19:22:00 Scanning 12 point from 126
14.02 19:22:00 Going to coordinates X=-10.408, Y=-41.038
14.02 19:22:00 Moving is finished
14.02 19:23:45 Scanning 13 point from 126
14.02 19:23:45 Going to coordinates X=-10.328, Y=-41.038
14.02 19:23:46 Moving is finished
14.02 19:25:30 Scanning 14 point from 126
14.02 19:25:30 Going to coordinates X=-10.808, Y=-40.938
14.02 19:25:31 Moving is finished
14.02 19:27:16 Scanning 15 point from 126
14.02 19:27:16 Going to coordinates X=-10.728, Y=-40.938
14.02 19:27:16 Moving is finished
14.02 19:29:01 Scanning 16 point from 126
14.02 19:29:01 Going to coordinates X=-10.648, Y=-40.938
14.02 19:29:01 Moving is finished
14.02 19:30:46 Scanning 17 point from 126
14.02 19:30:46 Going to coordinates X=-10.568, Y=-40.938
14.02 19:30:46 Moving is finished
14.02 19:32:31 Scanning 18 point from 126
14.02 19:32:31 Going to coordinates X=-10.488, Y=-40.938
14.02 19:32:31 Moving is finished
14.02 19:34:16 Scanning 19 point from 126
14.02 19:34:16 Going to coordinates X=-10.408, Y=-40.938
14.02 19:34:16 Moving is finished
14.02 19:36:01 Scanning 20 point from 126
14.02 19:36:01 Going to coordinates X=-10.328, Y=-40.938
14.02 19:36:01 Moving is finished
14.02 19:37:46 Scanning 21 point from 126
14.02 19:37:46 Going to coordinates X=-10.808, Y=-40.838
14.02 19:37:46 Moving is finished
14.02 19:39:31 Scanning 22 point from 126
14.02 19:39:31 Going to coordinates X=-10.728, Y=-40.838
14.02 19:39:31 Moving is finished
14.02 19:41:17 Scanning 23 point from 126
14.02 19:41:17 Going to coordinates X=-10.648, Y=-40.838
14.02 19:41:17 Moving is finished
14.02 19:43:01 Scanning 24 point from 126
14.02 19:43:01 Going to coordinates X=-10.568, Y=-40.838
14.02 19:43:01 Moving is finished
14.02 19:44:46 Scanning 25 point from 126
14.02 19:44:46 Going to coordinates X=-10.488, Y=-40.838
14.02 19:44:46 Moving is finished
14.02 19:46:31 Scanning 26 point from 126
14.02 19:46:31 Going to coordinates X=-10.408, Y=-40.838
14.02 19:46:31 Moving is finished
14.02 19:48:16 Scanning 27 point from 126
14.02 19:48:16 Going to coordinates X=-10.328, Y=-40.838
14.02 19:48:16 Moving is finished
14.02 19:50:01 Scanning 28 point from 126
14.02 19:50:01 Going to coordinates X=-10.808, Y=-40.738
14.02 19:50:02 Moving is finished
14.02 19:51:47 Scanning 29 point from 126
14.02 19:51:47 Going to coordinates X=-10.728, Y=-40.738
14.02 19:51:47 Moving is finished
14.02 19:53:32 Scanning 30 point from 126
14.02 19:53:32 Going to coordinates X=-10.648, Y=-40.738
14.02 19:53:32 Moving is finished
14.02 19:55:17 Scanning 31 point from 126
14.02 19:55:17 Going to coordinates X=-10.568, Y=-40.738
14.02 19:55:17 Moving is finished
14.02 19:57:02 Scanning 32 point from 126
14.02 19:57:02 Going to coordinates X=-10.488, Y=-40.738
14.02 19:57:02 Moving is finished
14.02 19:58:47 Scanning 33 point from 126
14.02 19:58:47 Going to coordinates X=-10.408, Y=-40.738
14.02 19:58:47 Moving is finished
14.02 20:00:32 Scanning 34 point from 126
14.02 20:00:32 Going to coordinates X=-10.328, Y=-40.738
14.02 20:00:32 Moving is finished
14.02 20:02:17 Scanning 35 point from 126
14.02 20:02:17 Going to coordinates X=-10.808, Y=-40.638
14.02 20:02:17 Moving is finished
14.02 20:04:02 Scanning 36 point from 126
14.02 20:04:02 Going to coordinates X=-10.728, Y=-40.638
14.02 20:04:02 Moving is finished
14.02 20:05:47 Scanning 37 point from 126
14.02 20:05:47 Going to coordinates X=-10.648, Y=-40.638
14.02 20:05:47 Moving is finished
14.02 20:07:32 Scanning 38 point from 126
14.02 20:07:32 Going to coordinates X=-10.568, Y=-40.638
14.02 20:07:32 Moving is finished
14.02 20:09:17 Scanning 39 point from 126
14.02 20:09:17 Going to coordinates X=-10.488, Y=-40.638
14.02 20:09:17 Moving is finished
14.02 20:11:02 Scanning 40 point from 126
14.02 20:11:02 Going to coordinates X=-10.408, Y=-40.638
14.02 20:11:02 Moving is finished
14.02 20:12:47 Scanning 41 point from 126
14.02 20:12:47 Going to coordinates X=-10.328, Y=-40.638
14.02 20:12:47 Moving is finished
14.02 20:14:32 Scanning 42 point from 126
14.02 20:14:32 Going to coordinates X=-10.808, Y=-40.538
14.02 20:14:33 Moving is finished
14.02 20:16:18 Scanning 43 point from 126
14.02 20:16:18 Going to coordinates X=-10.728, Y=-40.538
14.02 20:16:18 Moving is finished
14.02 20:18:03 Scanning 44 point from 126
14.02 20:18:03 Going to coordinates X=-10.648, Y=-40.538
14.02 20:18:04 Moving is finished
14.02 20:19:48 Scanning 45 point from 126
14.02 20:19:48 Going to coordinates X=-10.568, Y=-40.538
14.02 20:19:48 Moving is finished
14.02 20:21:33 Scanning 46 point from 126
14.02 20:21:33 Going to coordinates X=-10.488, Y=-40.538
14.02 20:21:33 Moving is finished
14.02 20:23:18 Scanning 47 point from 126
14.02 20:23:18 Going to coordinates X=-10.408, Y=-40.538
14.02 20:23:18 Moving is finished
14.02 20:25:03 Scanning 48 point from 126
14.02 20:25:03 Going to coordinates X=-10.328, Y=-40.538
14.02 20:25:03 Moving is finished
14.02 20:26:47 Scanning 49 point from 126
14.02 20:26:47 Going to coordinates X=-10.808, Y=-40.438
14.02 20:26:48 Moving is finished
14.02 20:28:33 Scanning 50 point from 126
14.02 20:28:33 Going to coordinates X=-10.728, Y=-40.438
14.02 20:28:33 Moving is finished
14.02 20:30:18 Scanning 51 point from 126
14.02 20:30:18 Going to coordinates X=-10.648, Y=-40.438
14.02 20:30:18 Moving is finished
14.02 20:32:03 Scanning 52 point from 126
14.02 20:32:03 Going to coordinates X=-10.568, Y=-40.438
14.02 20:32:03 Moving is finished
14.02 20:33:47 Scanning 53 point from 126
14.02 20:33:47 Going to coordinates X=-10.488, Y=-40.438
14.02 20:33:48 Moving is finished
14.02 20:35:32 Scanning 54 point from 126
14.02 20:35:32 Going to coordinates X=-10.408, Y=-40.438
14.02 20:35:32 Moving is finished
14.02 20:37:17 Scanning 55 point from 126
14.02 20:37:17 Going to coordinates X=-10.328, Y=-40.438
14.02 20:37:18 Moving is finished
14.02 20:39:02 Scanning 56 point from 126
14.02 20:39:02 Going to coordinates X=-10.808, Y=-40.338
14.02 20:39:03 Moving is finished
14.02 20:40:48 Scanning 57 point from 126
14.02 20:40:48 Going to coordinates X=-10.728, Y=-40.338
14.02 20:40:48 Moving is finished
14.02 20:42:32 Scanning 58 point from 126
14.02 20:42:32 Going to coordinates X=-10.648, Y=-40.338
14.02 20:42:33 Moving is finished
14.02 20:44:17 Scanning 59 point from 126
14.02 20:44:17 Going to coordinates X=-10.568, Y=-40.338
14.02 20:44:18 Moving is finished
14.02 20:46:02 Scanning 60 point from 126
14.02 20:46:02 Going to coordinates X=-10.488, Y=-40.338
14.02 20:46:03 Moving is finished
14.02 20:47:47 Scanning 61 point from 126
14.02 20:47:47 Going to coordinates X=-10.408, Y=-40.338
14.02 20:47:48 Moving is finished
14.02 20:49:32 Scanning 62 point from 126
14.02 20:49:32 Going to coordinates X=-10.328, Y=-40.338
14.02 20:49:33 Moving is finished
14.02 20:51:17 Scanning 63 point from 126
14.02 20:51:17 Going to coordinates X=-10.808, Y=-40.238
14.02 20:51:18 Moving is finished
14.02 20:53:03 Scanning 64 point from 126
14.02 20:53:03 Going to coordinates X=-10.728, Y=-40.238
14.02 20:53:03 Moving is finished
14.02 20:54:47 Scanning 65 point from 126
14.02 20:54:47 Going to coordinates X=-10.648, Y=-40.238
14.02 20:54:48 Moving is finished
14.02 20:56:32 Scanning 66 point from 126
14.02 20:56:32 Going to coordinates X=-10.568, Y=-40.238
14.02 20:56:32 Moving is finished
14.02 20:58:17 Scanning 67 point from 126
14.02 20:58:17 Going to coordinates X=-10.488, Y=-40.238
14.02 20:58:17 Moving is finished
14.02 21:00:02 Scanning 68 point from 126
14.02 21:00:02 Going to coordinates X=-10.408, Y=-40.238
14.02 21:00:02 Moving is finished
14.02 21:01:47 Scanning 69 point from 126
14.02 21:01:47 Going to coordinates X=-10.328, Y=-40.238
14.02 21:01:47 Moving is finished
14.02 21:03:32 Scanning 70 point from 126
14.02 21:03:32 Going to coordinates X=-10.808, Y=-40.138
14.02 21:03:32 Moving is finished
14.02 21:05:17 Scanning 71 point from 126
14.02 21:05:17 Going to coordinates X=-10.728, Y=-40.138
14.02 21:05:17 Moving is finished
14.02 21:07:02 Scanning 72 point from 126
14.02 21:07:02 Going to coordinates X=-10.648, Y=-40.138
14.02 21:07:02 Moving is finished
14.02 21:08:47 Scanning 73 point from 126
14.02 21:08:47 Going to coordinates X=-10.568, Y=-40.138
14.02 21:08:47 Moving is finished
14.02 21:10:32 Scanning 74 point from 126
14.02 21:10:32 Going to coordinates X=-10.488, Y=-40.138
14.02 21:10:32 Moving is finished
14.02 21:12:17 Scanning 75 point from 126
14.02 21:12:17 Going to coordinates X=-10.408, Y=-40.138
14.02 21:12:17 Moving is finished
14.02 21:14:03 Scanning 76 point from 126
14.02 21:14:03 Going to coordinates X=-10.328, Y=-40.138
14.02 21:14:03 Moving is finished
14.02 21:15:47 Scanning 77 point from 126
14.02 21:15:47 Going to coordinates X=-10.808, Y=-40.038
14.02 21:15:48 Moving is finished
14.02 21:17:33 Scanning 78 point from 126
14.02 21:17:33 Going to coordinates X=-10.728, Y=-40.038
14.02 21:17:33 Moving is finished
14.02 21:19:18 Scanning 79 point from 126
14.02 21:19:18 Going to coordinates X=-10.648, Y=-40.038
14.02 21:19:18 Moving is finished
14.02 21:21:03 Scanning 80 point from 126
14.02 21:21:03 Going to coordinates X=-10.568, Y=-40.038
14.02 21:21:04 Moving is finished
14.02 21:22:49 Scanning 81 point from 126
14.02 21:22:49 Going to coordinates X=-10.488, Y=-40.038
14.02 21:22:49 Moving is finished
14.02 21:24:34 Scanning 82 point from 126
14.02 21:24:34 Going to coordinates X=-10.408, Y=-40.038
14.02 21:24:34 Moving is finished
14.02 21:26:18 Scanning 83 point from 126
14.02 21:26:18 Going to coordinates X=-10.328, Y=-40.038
14.02 21:26:19 Moving is finished
14.02 21:28:04 Scanning 84 point from 126
14.02 21:28:04 Going to coordinates X=-10.808, Y=-39.938
14.02 21:28:04 Moving is finished
14.02 21:29:49 Scanning 85 point from 126
14.02 21:29:49 Going to coordinates X=-10.728, Y=-39.938
14.02 21:29:49 Moving is finished
14.02 21:31:34 Scanning 86 point from 126
14.02 21:31:34 Going to coordinates X=-10.648, Y=-39.938
14.02 21:31:34 Moving is finished
14.02 21:33:19 Scanning 87 point from 126
14.02 21:33:19 Going to coordinates X=-10.568, Y=-39.938
14.02 21:33:19 Moving is finished
14.02 21:35:04 Scanning 88 point from 126
14.02 21:35:04 Going to coordinates X=-10.488, Y=-39.938
14.02 21:35:04 Moving is finished
14.02 21:36:49 Scanning 89 point from 126
14.02 21:36:49 Going to coordinates X=-10.408, Y=-39.938
14.02 21:36:49 Moving is finished
14.02 21:38:34 Scanning 90 point from 126
14.02 21:38:34 Going to coordinates X=-10.328, Y=-39.938
14.02 21:38:34 Moving is finished
14.02 21:40:19 Scanning 91 point from 126
14.02 21:40:19 Going to coordinates X=-10.808, Y=-39.838
14.02 21:40:19 Moving is finished
14.02 21:42:04 Scanning 92 point from 126
14.02 21:42:04 Going to coordinates X=-10.728, Y=-39.838
14.02 21:42:04 Moving is finished
14.02 21:43:49 Scanning 93 point from 126
14.02 21:43:49 Going to coordinates X=-10.648, Y=-39.838
14.02 21:43:49 Moving is finished
14.02 21:45:33 Scanning 94 point from 126
14.02 21:45:33 Going to coordinates X=-10.568, Y=-39.838
14.02 21:45:34 Moving is finished
14.02 21:47:19 Scanning 95 point from 126
14.02 21:47:19 Going to coordinates X=-10.488, Y=-39.838
14.02 21:47:19 Moving is finished
14.02 21:49:04 Scanning 96 point from 126
14.02 21:49:04 Going to coordinates X=-10.408, Y=-39.838
14.02 21:49:04 Moving is finished
14.02 21:50:49 Scanning 97 point from 126
14.02 21:50:49 Going to coordinates X=-10.328, Y=-39.838
14.02 21:50:49 Moving is finished
14.02 21:52:34 Scanning 98 point from 126
14.02 21:52:34 Going to coordinates X=-10.808, Y=-39.738
14.02 21:52:34 Moving is finished
14.02 21:54:19 Scanning 99 point from 126
14.02 21:54:19 Going to coordinates X=-10.728, Y=-39.738
14.02 21:54:19 Moving is finished
14.02 21:56:04 Scanning 100 point from 126
14.02 21:56:04 Going to coordinates X=-10.648, Y=-39.738
14.02 21:56:04 Moving is finished
14.02 21:57:50 Scanning 101 point from 126
14.02 21:57:50 Going to coordinates X=-10.568, Y=-39.738
14.02 21:57:50 Moving is finished
14.02 21:59:34 Scanning 102 point from 126
14.02 21:59:34 Going to coordinates X=-10.488, Y=-39.738
14.02 21:59:35 Moving is finished
14.02 22:01:20 Scanning 103 point from 126
14.02 22:01:20 Going to coordinates X=-10.408, Y=-39.738
14.02 22:01:20 Moving is finished
14.02 22:03:05 Scanning 104 point from 126
14.02 22:03:05 Going to coordinates X=-10.328, Y=-39.738
14.02 22:03:05 Moving is finished
14.02 22:04:50 Scanning 105 point from 126
14.02 22:04:50 Going to coordinates X=-10.808, Y=-39.638
14.02 22:04:50 Moving is finished
14.02 22:06:35 Scanning 106 point from 126
14.02 22:06:35 Going to coordinates X=-10.728, Y=-39.638
14.02 22:06:35 Moving is finished
14.02 22:08:20 Scanning 107 point from 126
14.02 22:08:20 Going to coordinates X=-10.648, Y=-39.638
14.02 22:08:20 Moving is finished
14.02 22:10:05 Scanning 108 point from 126
14.02 22:10:05 Going to coordinates X=-10.568, Y=-39.638
14.02 22:10:05 Moving is finished
14.02 22:11:51 Scanning 109 point from 126
14.02 22:11:51 Going to coordinates X=-10.488, Y=-39.638
14.02 22:11:51 Moving is finished
14.02 22:13:35 Scanning 110 point from 126
14.02 22:13:35 Going to coordinates X=-10.408, Y=-39.638
14.02 22:13:36 Moving is finished
14.02 22:15:20 Scanning 111 point from 126
14.02 22:15:20 Going to coordinates X=-10.328, Y=-39.638
14.02 22:15:20 Moving is finished
14.02 22:17:05 Scanning 112 point from 126
14.02 22:17:05 Going to coordinates X=-10.808, Y=-39.538
14.02 22:17:06 Moving is finished
14.02 22:18:50 Scanning 113 point from 126
14.02 22:18:50 Going to coordinates X=-10.728, Y=-39.538
14.02 22:18:50 Moving is finished
14.02 22:20:35 Scanning 114 point from 126
14.02 22:20:35 Going to coordinates X=-10.648, Y=-39.538
14.02 22:20:35 Moving is finished
14.02 22:22:20 Scanning 115 point from 126
14.02 22:22:20 Going to coordinates X=-10.568, Y=-39.538
14.02 22:22:20 Moving is finished
14.02 22:24:05 Scanning 116 point from 126
14.02 22:24:05 Going to coordinates X=-10.488, Y=-39.538
14.02 22:24:05 Moving is finished
14.02 22:25:50 Scanning 117 point from 126
14.02 22:25:50 Going to coordinates X=-10.408, Y=-39.538
14.02 22:25:51 Moving is finished
14.02 22:27:35 Scanning 118 point from 126
14.02 22:27:35 Going to coordinates X=-10.328, Y=-39.538
14.02 22:27:35 Moving is finished
14.02 22:29:20 Scanning 119 point from 126
14.02 22:29:20 Going to coordinates X=-10.808, Y=-39.438
14.02 22:29:20 Moving is finished
14.02 22:31:05 Scanning 120 point from 126
14.02 22:31:05 Going to coordinates X=-10.728, Y=-39.438
14.02 22:31:05 Moving is finished
14.02 22:32:50 Scanning 121 point from 126
14.02 22:32:50 Going to coordinates X=-10.648, Y=-39.438
14.02 22:32:50 Moving is finished
14.02 22:34:35 Scanning 122 point from 126
14.02 22:34:35 Going to coordinates X=-10.568, Y=-39.438
14.02 22:34:35 Moving is finished
14.02 22:36:20 Scanning 123 point from 126
14.02 22:36:20 Going to coordinates X=-10.488, Y=-39.438
14.02 22:36:20 Moving is finished
14.02 22:38:05 Scanning 124 point from 126
14.02 22:38:05 Going to coordinates X=-10.408, Y=-39.438
14.02 22:38:05 Moving is finished
14.02 22:39:51 Scanning 125 point from 126
14.02 22:39:51 Going to coordinates X=-10.328, Y=-39.438
14.02 22:39:51 Moving is finished
14.02 22:41:37 Row 1: 14.02 22:41:37 Map: x1: -19.168, y1: -39.456, x2: -20.736, y2: -38.974, xres: 0.080, yres: 0.100, fname: M2-3
14.02 22:41:37 Scanning 0 point from 126
14.02 22:41:37 Going to coordinates X=-20.736, Y=-39.456
14.02 22:41:39 Moving is finished
14.02 22:43:25 Scanning 1 point from 126
14.02 22:43:25 Going to coordinates X=-20.656, Y=-39.456
14.02 22:43:25 Moving is finished
14.02 22:45:10 Scanning 2 point from 126
14.02 22:45:10 Going to coordinates X=-20.576, Y=-39.456
14.02 22:45:10 Moving is finished
14.02 22:46:55 Scanning 3 point from 126
14.02 22:46:55 Going to coordinates X=-20.496, Y=-39.456
14.02 22:46:55 Moving is finished
14.02 22:48:40 Scanning 4 point from 126
14.02 22:48:40 Going to coordinates X=-20.416, Y=-39.456
14.02 22:48:40 Moving is finished
14.02 22:50:26 Scanning 5 point from 126
14.02 22:50:26 Going to coordinates X=-20.336, Y=-39.456
14.02 22:50:26 Moving is finished
14.02 22:52:11 Scanning 6 point from 126
14.02 22:52:11 Going to coordinates X=-20.256, Y=-39.456
14.02 22:52:11 Moving is finished
14.02 22:53:56 Scanning 7 point from 126
14.02 22:53:56 Going to coordinates X=-20.176, Y=-39.456
14.02 22:53:56 Moving is finished
14.02 22:55:41 Scanning 8 point from 126
14.02 22:55:41 Going to coordinates X=-20.096, Y=-39.456
14.02 22:55:41 Moving is finished
14.02 22:57:26 Scanning 9 point from 126
14.02 22:57:26 Going to coordinates X=-20.016, Y=-39.456
14.02 22:57:26 Moving is finished
14.02 22:59:11 Scanning 10 point from 126
14.02 22:59:11 Going to coordinates X=-19.936, Y=-39.456
14.02 22:59:11 Moving is finished
14.02 23:00:56 Scanning 11 point from 126
14.02 23:00:56 Going to coordinates X=-19.856, Y=-39.456
14.02 23:00:56 Moving is finished
14.02 23:02:41 Scanning 12 point from 126
14.02 23:02:41 Going to coordinates X=-19.776, Y=-39.456
14.02 23:02:41 Moving is finished
14.02 23:04:26 Scanning 13 point from 126
14.02 23:04:26 Going to coordinates X=-19.696, Y=-39.456
14.02 23:04:27 Moving is finished
14.02 23:06:12 Scanning 14 point from 126
14.02 23:06:12 Going to coordinates X=-19.616, Y=-39.456
14.02 23:06:12 Moving is finished
14.02 23:07:58 Scanning 15 point from 126
14.02 23:07:58 Going to coordinates X=-19.536, Y=-39.456
14.02 23:07:58 Moving is finished
14.02 23:09:43 Scanning 16 point from 126
14.02 23:09:43 Going to coordinates X=-19.456, Y=-39.456
14.02 23:09:43 Moving is finished
14.02 23:11:28 Scanning 17 point from 126
14.02 23:11:28 Going to coordinates X=-19.376, Y=-39.456
14.02 23:11:28 Moving is finished
14.02 23:13:13 Scanning 18 point from 126
14.02 23:13:13 Going to coordinates X=-19.296, Y=-39.456
14.02 23:13:13 Moving is finished
14.02 23:14:58 Scanning 19 point from 126
14.02 23:14:58 Going to coordinates X=-19.216, Y=-39.456
14.02 23:14:58 Moving is finished
14.02 23:16:43 Scanning 20 point from 126
14.02 23:16:43 Going to coordinates X=-19.136, Y=-39.456
14.02 23:16:44 Moving is finished
14.02 23:18:28 Scanning 21 point from 126
14.02 23:18:28 Going to coordinates X=-20.736, Y=-39.356
14.02 23:18:29 Moving is finished
14.02 23:20:15 Scanning 22 point from 126
14.02 23:20:15 Going to coordinates X=-20.656, Y=-39.356
14.02 23:20:15 Moving is finished
14.02 23:22:00 Scanning 23 point from 126
14.02 23:22:00 Going to coordinates X=-20.576, Y=-39.356
14.02 23:22:00 Moving is finished
14.02 23:23:45 Scanning 24 point from 126
14.02 23:23:45 Going to coordinates X=-20.496, Y=-39.356
14.02 23:23:45 Moving is finished
14.02 23:25:31 Scanning 25 point from 126
14.02 23:25:31 Going to coordinates X=-20.416, Y=-39.356
14.02 23:25:31 Moving is finished
14.02 23:27:16 Scanning 26 point from 126
14.02 23:27:16 Going to coordinates X=-20.336, Y=-39.356
14.02 23:27:16 Moving is finished
14.02 23:29:01 Scanning 27 point from 126
14.02 23:29:01 Going to coordinates X=-20.256, Y=-39.356
14.02 23:29:01 Moving is finished
14.02 23:30:46 Scanning 28 point from 126
14.02 23:30:46 Going to coordinates X=-20.176, Y=-39.356
14.02 23:30:46 Moving is finished
14.02 23:32:32 Scanning 29 point from 126
14.02 23:32:32 Going to coordinates X=-20.096, Y=-39.356
14.02 23:32:32 Moving is finished
14.02 23:34:17 Scanning 30 point from 126
14.02 23:34:17 Going to coordinates X=-20.016, Y=-39.356
14.02 23:34:17 Moving is finished
14.02 23:36:02 Scanning 31 point from 126
14.02 23:36:02 Going to coordinates X=-19.936, Y=-39.356
14.02 23:36:02 Moving is finished
14.02 23:37:47 Scanning 32 point from 126
14.02 23:37:47 Going to coordinates X=-19.856, Y=-39.356
14.02 23:37:47 Moving is finished
14.02 23:39:32 Scanning 33 point from 126
14.02 23:39:32 Going to coordinates X=-19.776, Y=-39.356
14.02 23:39:32 Moving is finished
14.02 23:41:17 Scanning 34 point from 126
14.02 23:41:17 Going to coordinates X=-19.696, Y=-39.356
14.02 23:41:17 Moving is finished
14.02 23:43:02 Scanning 35 point from 126
14.02 23:43:02 Going to coordinates X=-19.616, Y=-39.356
14.02 23:43:02 Moving is finished
14.02 23:44:47 Scanning 36 point from 126
14.02 23:44:47 Going to coordinates X=-19.536, Y=-39.356
14.02 23:44:47 Moving is finished
14.02 23:46:32 Scanning 37 point from 126
14.02 23:46:32 Going to coordinates X=-19.456, Y=-39.356
14.02 23:46:32 Moving is finished
14.02 23:48:17 Scanning 38 point from 126
14.02 23:48:17 Going to coordinates X=-19.376, Y=-39.356
14.02 23:48:17 Moving is finished
14.02 23:50:01 Scanning 39 point from 126
14.02 23:50:01 Going to coordinates X=-19.296, Y=-39.356
14.02 23:50:02 Moving is finished
14.02 23:51:47 Scanning 40 point from 126
14.02 23:51:47 Going to coordinates X=-19.216, Y=-39.356
14.02 23:51:47 Moving is finished
14.02 23:53:32 Scanning 41 point from 126
14.02 23:53:32 Going to coordinates X=-19.136, Y=-39.356
14.02 23:53:32 Moving is finished
14.02 23:55:18 Scanning 42 point from 126
14.02 23:55:18 Going to coordinates X=-20.736, Y=-39.256
14.02 23:55:19 Moving is finished
14.02 23:57:03 Scanning 43 point from 126
14.02 23:57:03 Going to coordinates X=-20.656, Y=-39.256
14.02 23:57:03 Moving is finished
14.02 23:58:48 Scanning 44 point from 126
14.02 23:58:48 Going to coordinates X=-20.576, Y=-39.256
14.02 23:58:48 Moving is finished
15.02 00:00:33 Scanning 45 point from 126
15.02 00:00:33 Going to coordinates X=-20.496, Y=-39.256
15.02 00:00:33 Moving is finished
15.02 00:02:18 Scanning 46 point from 126
15.02 00:02:18 Going to coordinates X=-20.416, Y=-39.256
15.02 00:02:18 Moving is finished
15.02 00:04:03 Scanning 47 point from 126
15.02 00:04:03 Going to coordinates X=-20.336, Y=-39.256
15.02 00:04:03 Moving is finished
15.02 00:05:48 Scanning 48 point from 126
15.02 00:05:48 Going to coordinates X=-20.256, Y=-39.256
15.02 00:05:48 Moving is finished
15.02 00:07:33 Scanning 49 point from 126
15.02 00:07:33 Going to coordinates X=-20.176, Y=-39.256
15.02 00:07:33 Moving is finished
15.02 00:09:18 Scanning 50 point from 126
15.02 00:09:18 Going to coordinates X=-20.096, Y=-39.256
15.02 00:09:18 Moving is finished
15.02 00:11:03 Scanning 51 point from 126
15.02 00:11:03 Going to coordinates X=-20.016, Y=-39.256
15.02 00:11:03 Moving is finished
15.02 00:12:48 Scanning 52 point from 126
15.02 00:12:48 Going to coordinates X=-19.936, Y=-39.256
15.02 00:12:48 Moving is finished
15.02 00:14:33 Scanning 53 point from 126
15.02 00:14:33 Going to coordinates X=-19.856, Y=-39.256
15.02 00:14:33 Moving is finished
15.02 00:16:18 Scanning 54 point from 126
15.02 00:16:18 Going to coordinates X=-19.776, Y=-39.256
15.02 00:16:18 Moving is finished
15.02 00:18:03 Scanning 55 point from 126
15.02 00:18:03 Going to coordinates X=-19.696, Y=-39.256
15.02 00:18:03 Moving is finished
15.02 00:19:48 Scanning 56 point from 126
15.02 00:19:48 Going to coordinates X=-19.616, Y=-39.256
15.02 00:19:48 Moving is finished
15.02 00:21:34 Scanning 57 point from 126
15.02 00:21:34 Going to coordinates X=-19.536, Y=-39.256
15.02 00:21:34 Moving is finished
15.02 00:23:19 Scanning 58 point from 126
15.02 00:23:19 Going to coordinates X=-19.456, Y=-39.256
15.02 00:23:19 Moving is finished
15.02 00:25:04 Scanning 59 point from 126
15.02 00:25:04 Going to coordinates X=-19.376, Y=-39.256
15.02 00:25:04 Moving is finished
15.02 00:26:49 Scanning 60 point from 126
15.02 00:26:49 Going to coordinates X=-19.296, Y=-39.256
15.02 00:26:50 Moving is finished
15.02 00:28:35 Scanning 61 point from 126
15.02 00:28:35 Going to coordinates X=-19.216, Y=-39.256
15.02 00:28:35 Moving is finished
15.02 00:30:19 Scanning 62 point from 126
15.02 00:30:19 Going to coordinates X=-19.136, Y=-39.256
15.02 00:30:20 Moving is finished
15.02 00:32:05 Scanning 63 point from 126
15.02 00:32:05 Going to coordinates X=-20.736, Y=-39.156
15.02 00:32:06 Moving is finished
15.02 00:33:51 Scanning 64 point from 126
15.02 00:33:51 Going to coordinates X=-20.656, Y=-39.156
15.02 00:33:51 Moving is finished
15.02 00:35:36 Scanning 65 point from 126
15.02 00:35:36 Going to coordinates X=-20.576, Y=-39.156
15.02 00:35:36 Moving is finished
15.02 00:37:21 Scanning 66 point from 126
15.02 00:37:21 Going to coordinates X=-20.496, Y=-39.156
15.02 00:37:21 Moving is finished
15.02 00:39:07 Scanning 67 point from 126
15.02 00:39:07 Going to coordinates X=-20.416, Y=-39.156
15.02 00:39:07 Moving is finished
15.02 00:40:52 Scanning 68 point from 126
15.02 00:40:52 Going to coordinates X=-20.336, Y=-39.156
15.02 00:40:52 Moving is finished
15.02 00:42:37 Scanning 69 point from 126
15.02 00:42:37 Going to coordinates X=-20.256, Y=-39.156
15.02 00:42:37 Moving is finished
15.02 00:44:22 Scanning 70 point from 126
15.02 00:44:22 Going to coordinates X=-20.176, Y=-39.156
15.02 00:44:23 Moving is finished
15.02 00:46:08 Scanning 71 point from 126
15.02 00:46:08 Going to coordinates X=-20.096, Y=-39.156
15.02 00:46:08 Moving is finished
15.02 00:47:53 Scanning 72 point from 126
15.02 00:47:53 Going to coordinates X=-20.016, Y=-39.156
15.02 00:47:53 Moving is finished
15.02 00:49:38 Scanning 73 point from 126
15.02 00:49:38 Going to coordinates X=-19.936, Y=-39.156
15.02 00:49:38 Moving is finished
15.02 00:51:23 Scanning 74 point from 126
15.02 00:51:23 Going to coordinates X=-19.856, Y=-39.156
15.02 00:51:23 Moving is finished
15.02 00:53:08 Scanning 75 point from 126
15.02 00:53:08 Going to coordinates X=-19.776, Y=-39.156
15.02 00:53:08 Moving is finished
15.02 00:54:54 Scanning 76 point from 126
15.02 00:54:54 Going to coordinates X=-19.696, Y=-39.156
15.02 00:54:54 Moving is finished
15.02 00:56:38 Scanning 77 point from 126
15.02 00:56:38 Going to coordinates X=-19.616, Y=-39.156
15.02 00:56:39 Moving is finished
15.02 00:58:23 Scanning 78 point from 126
15.02 00:58:23 Going to coordinates X=-19.536, Y=-39.156
15.02 00:58:23 Moving is finished
15.02 01:00:08 Scanning 79 point from 126
15.02 01:00:08 Going to coordinates X=-19.456, Y=-39.156
15.02 01:00:08 Moving is finished
15.02 01:01:52 Scanning 80 point from 126
15.02 01:01:52 Going to coordinates X=-19.376, Y=-39.156
15.02 01:01:53 Moving is finished
15.02 01:03:38 Scanning 81 point from 126
15.02 01:03:38 Going to coordinates X=-19.296, Y=-39.156
15.02 01:03:38 Moving is finished
15.02 01:05:23 Scanning 82 point from 126
15.02 01:05:23 Going to coordinates X=-19.216, Y=-39.156
15.02 01:05:23 Moving is finished
15.02 01:07:09 Scanning 83 point from 126
15.02 01:07:09 Going to coordinates X=-19.136, Y=-39.156
15.02 01:07:09 Moving is finished
15.02 01:08:54 Scanning 84 point from 126
15.02 01:08:54 Going to coordinates X=-20.736, Y=-39.056
15.02 01:08:55 Moving is finished
15.02 01:10:40 Scanning 85 point from 126
15.02 01:10:40 Going to coordinates X=-20.656, Y=-39.056
15.02 01:10:40 Moving is finished
15.02 01:12:25 Scanning 86 point from 126
15.02 01:12:25 Going to coordinates X=-20.576, Y=-39.056
15.02 01:12:25 Moving is finished
15.02 01:14:10 Scanning 87 point from 126
15.02 01:14:10 Going to coordinates X=-20.496, Y=-39.056
15.02 01:14:11 Moving is finished
15.02 01:15:56 Scanning 88 point from 126
15.02 01:15:56 Going to coordinates X=-20.416, Y=-39.056
15.02 01:15:56 Moving is finished
15.02 01:17:41 Scanning 89 point from 126
15.02 01:17:41 Going to coordinates X=-20.336, Y=-39.056
15.02 01:17:41 Moving is finished
15.02 01:19:26 Scanning 90 point from 126
15.02 01:19:26 Going to coordinates X=-20.256, Y=-39.056
15.02 01:19:26 Moving is finished
15.02 01:21:11 Scanning 91 point from 126
15.02 01:21:11 Going to coordinates X=-20.176, Y=-39.056
15.02 01:21:11 Moving is finished
15.02 01:22:56 Scanning 92 point from 126
15.02 01:22:56 Going to coordinates X=-20.096, Y=-39.056
15.02 01:22:56 Moving is finished
15.02 01:24:41 Scanning 93 point from 126
15.02 01:24:41 Going to coordinates X=-20.016, Y=-39.056
15.02 01:24:41 Moving is finished
15.02 01:26:26 Scanning 94 point from 126
15.02 01:26:26 Going to coordinates X=-19.936, Y=-39.056
15.02 01:26:26 Moving is finished
15.02 01:28:12 Scanning 95 point from 126
15.02 01:28:12 Going to coordinates X=-19.856, Y=-39.056
15.02 01:28:12 Moving is finished
15.02 01:29:56 Scanning 96 point from 126
15.02 01:29:56 Going to coordinates X=-19.776, Y=-39.056
15.02 01:29:57 Moving is finished
15.02 01:31:41 Scanning 97 point from 126
15.02 01:31:41 Going to coordinates X=-19.696, Y=-39.056
15.02 01:31:42 Moving is finished
15.02 01:33:26 Scanning 98 point from 126
15.02 01:33:26 Going to coordinates X=-19.616, Y=-39.056
15.02 01:33:27 Moving is finished
15.02 01:35:11 Scanning 99 point from 126
15.02 01:35:11 Going to coordinates X=-19.536, Y=-39.056
15.02 01:35:11 Moving is finished
15.02 01:36:56 Scanning 100 point from 126
15.02 01:36:56 Going to coordinates X=-19.456, Y=-39.056
15.02 01:36:56 Moving is finished
15.02 01:38:41 Scanning 101 point from 126
15.02 01:38:41 Going to coordinates X=-19.376, Y=-39.056
15.02 01:38:41 Moving is finished
15.02 01:40:26 Scanning 102 point from 126
15.02 01:40:26 Going to coordinates X=-19.296, Y=-39.056
15.02 01:40:27 Moving is finished
15.02 01:42:12 Scanning 103 point from 126
15.02 01:42:12 Going to coordinates X=-19.216, Y=-39.056
15.02 01:42:12 Moving is finished
15.02 01:43:56 Scanning 104 point from 126
15.02 01:43:56 Going to coordinates X=-19.136, Y=-39.056
15.02 01:43:57 Moving is finished
15.02 01:45:41 Scanning 105 point from 126
15.02 01:45:41 Going to coordinates X=-20.736, Y=-38.956
15.02 01:45:42 Moving is finished
15.02 01:47:26 Scanning 106 point from 126
15.02 01:47:26 Going to coordinates X=-20.656, Y=-38.956
15.02 01:47:27 Moving is finished
15.02 01:49:11 Scanning 107 point from 126
15.02 01:49:11 Going to coordinates X=-20.576, Y=-38.956
15.02 01:49:11 Moving is finished
15.02 01:50:56 Scanning 108 point from 126
15.02 01:50:56 Going to coordinates X=-20.496, Y=-38.956
15.02 01:50:57 Moving is finished
15.02 01:52:41 Scanning 109 point from 126
15.02 01:52:41 Going to coordinates X=-20.416, Y=-38.956
15.02 01:52:42 Moving is finished
15.02 01:54:27 Scanning 110 point from 126
15.02 01:54:27 Going to coordinates X=-20.336, Y=-38.956
15.02 01:54:27 Moving is finished
15.02 01:56:11 Scanning 111 point from 126
15.02 01:56:11 Going to coordinates X=-20.256, Y=-38.956
15.02 01:56:12 Moving is finished
15.02 01:57:57 Scanning 112 point from 126
15.02 01:57:57 Going to coordinates X=-20.176, Y=-38.956
15.02 01:57:57 Moving is finished
15.02 01:59:42 Scanning 113 point from 126
15.02 01:59:42 Going to coordinates X=-20.096, Y=-38.956
15.02 01:59:42 Moving is finished
15.02 02:01:27 Scanning 114 point from 126
15.02 02:01:27 Going to coordinates X=-20.016, Y=-38.956
15.02 02:01:27 Moving is finished
15.02 02:03:12 Scanning 115 point from 126
15.02 02:03:12 Going to coordinates X=-19.936, Y=-38.956
15.02 02:03:13 Moving is finished
15.02 02:04:58 Scanning 116 point from 126
15.02 02:04:58 Going to coordinates X=-19.856, Y=-38.956
15.02 02:04:58 Moving is finished
15.02 02:06:43 Scanning 117 point from 126
15.02 02:06:43 Going to coordinates X=-19.776, Y=-38.956
15.02 02:06:43 Moving is finished
15.02 02:08:28 Scanning 118 point from 126
15.02 02:08:28 Going to coordinates X=-19.696, Y=-38.956
15.02 02:08:28 Moving is finished
15.02 02:10:13 Scanning 119 point from 126
15.02 02:10:13 Going to coordinates X=-19.616, Y=-38.956
15.02 02:10:13 Moving is finished
15.02 02:11:58 Scanning 120 point from 126
15.02 02:11:58 Going to coordinates X=-19.536, Y=-38.956
15.02 02:11:58 Moving is finished
15.02 02:13:43 Scanning 121 point from 126
15.02 02:13:43 Going to coordinates X=-19.456, Y=-38.956
15.02 02:13:43 Moving is finished
15.02 02:15:28 Scanning 122 point from 126
15.02 02:15:28 Going to coordinates X=-19.376, Y=-38.956
15.02 02:15:28 Moving is finished
15.02 02:17:13 Scanning 123 point from 126
15.02 02:17:13 Going to coordinates X=-19.296, Y=-38.956
15.02 02:17:13 Moving is finished
15.02 02:18:58 Scanning 124 point from 126
15.02 02:18:58 Going to coordinates X=-19.216, Y=-38.956
15.02 02:18:58 Moving is finished
15.02 02:20:43 Scanning 125 point from 126
15.02 02:20:43 Going to coordinates X=-19.136, Y=-38.956
15.02 02:20:44 Moving is finished
15.02 10:11:43 Row 0: 15.02 10:11:43 Map: x1: -10.337, y1: -41.138, x2: -10.808, y2: -39.456, xres: 0.080, yres: 0.100, fname: M2-3
15.02 10:11:43 Scanning 0 point from 126
15.02 10:11:43 Going to coordinates X=-10.808, Y=-41.138
15.02 10:11:45 Moving is finished
15.02 10:11:48 Stopped!
