29.05 11:22:25 Initializing grbl...
29.05 11:22:25 Got the response: b''
29.05 11:25:39 Row 0: 29.05 11:25:39 Map: x1: -22.863, y1: -44.289, x2: -22.298, y2: -42.742, xres: 0.100, yres: 0.100, fname: hfp2coohsera
29.05 11:25:39 Scanning 0 point from 119
29.05 11:25:39 Going to coordinates X=-22.863, Y=-44.289
29.05 11:25:40 Moving is finished
29.05 11:25:45 Scanning 1 point from 119
29.05 11:25:45 Paused
29.05 11:25:58 Going to coordinates X=-22.763, Y=-44.289
29.05 11:25:58 Moving is finished
29.05 11:27:35 Scanning 2 point from 119
29.05 11:27:35 Going to coordinates X=-22.663, Y=-44.289
29.05 11:27:35 Moving is finished
29.05 11:27:47 Scanning 3 point from 119
29.05 11:27:47 Going to coordinates X=-22.563, Y=-44.289
29.05 11:27:48 Moving is finished
29.05 11:27:52 Scanning 4 point from 119
29.05 11:28:42 Status responce is malformed
29.05 11:28:42 list index out of range
29.05 11:29:12 Going to coordinates X=-22.463, Y=-44.289
29.05 11:29:12 Moving is finished
29.05 11:29:15 Stopped!
29.05 11:29:20 Can't send the command to GRBL
29.05 11:29:20 Write timeout29.05 11:29:20 Write timeout

29.05 11:29:39 Row 0: 29.05 11:29:39 Map: x1: -22.561, y1: -44.289, x2: -22.317, y2: -43.66, xres: 0.100, yres: 0.100, fname: hfp2coohsera
29.05 11:29:39 Scanning 0 point from 32
29.05 11:29:39 Going to coordinates X=-22.561, Y=-44.289
29.05 11:29:40 Moving is finished
29.05 11:31:17 Scanning 1 point from 32
29.05 11:31:17 Going to coordinates X=-22.461, Y=-44.289
29.05 11:31:17 Moving is finished
29.05 11:32:54 Scanning 2 point from 32
29.05 11:32:54 Going to coordinates X=-22.361, Y=-44.289
29.05 11:32:54 Moving is finished
29.05 11:34:30 Scanning 3 point from 32
29.05 11:34:30 Going to coordinates X=-22.261, Y=-44.289
29.05 11:34:31 Moving is finished
29.05 11:36:07 Scanning 4 point from 32
29.05 11:36:07 Going to coordinates X=-22.561, Y=-44.189
29.05 11:36:07 Moving is finished
29.05 11:37:44 Scanning 5 point from 32
29.05 11:37:44 Going to coordinates X=-22.461, Y=-44.189
29.05 11:37:45 Moving is finished
29.05 11:39:21 Scanning 6 point from 32
29.05 11:39:21 Going to coordinates X=-22.361, Y=-44.189
29.05 11:39:21 Moving is finished
29.05 11:40:59 Scanning 7 point from 32
29.05 11:40:59 Going to coordinates X=-22.261, Y=-44.189
29.05 11:40:59 Moving is finished
29.05 11:42:36 Scanning 8 point from 32
29.05 11:42:36 Going to coordinates X=-22.561, Y=-44.089
29.05 11:42:37 Moving is finished
29.05 11:43:20 Could not find 'EZRaman Reader  V8.2.0 MV' in 'dict_keys([])'
29.05 11:43:25 Could not find 'EZRaman Reader  V8.2.0 MV' in 'dict_keys([])'
29.05 11:43:26 Scanning 9 point from 32
29.05 11:43:26 Going to coordinates X=-22.461, Y=-44.089
29.05 11:43:26 Moving is finished
29.05 11:43:32 Could not find 'EZRaman Reader  V8.2.0 MV' in 'dict_keys([])'
29.05 11:43:38 Could not find 'EZRaman Reader  V8.2.0 MV' in 'dict_keys([])'
29.05 11:43:38 Scanning 10 point from 32
29.05 11:43:38 Going to coordinates X=-22.361, Y=-44.089
29.05 11:43:38 Moving is finished
29.05 11:43:45 Could not find 'EZRaman Reader  V8.2.0 MV' in 'dict_keys([])'
29.05 11:43:50 Could not find 'EZRaman Reader  V8.2.0 MV' in 'dict_keys([])'
29.05 11:43:50 Scanning 11 point from 32
29.05 11:43:50 Going to coordinates X=-22.261, Y=-44.089
29.05 11:43:51 Moving is finished
29.05 11:43:57 Could not find 'EZRaman Reader  V8.2.0 MV' in 'dict_keys([])'
29.05 11:44:02 Could not find 'EZRaman Reader  V8.2.0 MV' in 'dict_keys([])'
29.05 11:44:02 Scanning 12 point from 32
29.05 11:44:02 Going to coordinates X=-22.561, Y=-43.989
29.05 11:44:03 Moving is finished
29.05 11:44:09 Could not find 'EZRaman Reader  V8.2.0 MV' in 'dict_keys([])'
29.05 11:44:14 Could not find 'EZRaman Reader  V8.2.0 MV' in 'dict_keys([])'
29.05 11:44:14 Scanning 13 point from 32
29.05 11:44:14 Going to coordinates X=-22.461, Y=-43.989
29.05 11:44:14 Moving is finished
29.05 11:44:20 Could not find 'EZRaman Reader  V8.2.0 MV' in 'dict_keys([])'
29.05 11:44:25 Could not find 'EZRaman Reader  V8.2.0 MV' in 'dict_keys([])'
29.05 11:44:25 Scanning 14 point from 32
29.05 11:44:25 Going to coordinates X=-22.361, Y=-43.989
29.05 11:44:26 Moving is finished
29.05 11:44:32 Could not find 'EZRaman Reader  V8.2.0 MV' in 'dict_keys([])'
29.05 11:44:37 Could not find 'EZRaman Reader  V8.2.0 MV' in 'dict_keys([])'
29.05 11:44:37 Scanning 15 point from 32
29.05 11:44:37 Going to coordinates X=-22.261, Y=-43.989
29.05 11:44:37 Moving is finished
29.05 11:44:43 Could not find 'EZRaman Reader  V8.2.0 MV' in 'dict_keys([])'
29.05 11:44:48 Could not find 'EZRaman Reader  V8.2.0 MV' in 'dict_keys([])'
29.05 11:44:49 Scanning 16 point from 32
29.05 11:44:49 Going to coordinates X=-22.561, Y=-43.889
29.05 11:44:49 Moving is finished
29.05 11:44:55 Could not find 'EZRaman Reader  V8.2.0 MV' in 'dict_keys([])'
29.05 11:45:00 Could not find 'EZRaman Reader  V8.2.0 MV' in 'dict_keys([])'
29.05 11:45:00 Scanning 17 point from 32
29.05 11:45:00 Going to coordinates X=-22.461, Y=-43.889
29.05 11:45:00 Moving is finished
29.05 11:45:07 Could not find 'EZRaman Reader  V8.2.0 MV' in 'dict_keys([])'
29.05 11:45:12 Could not find 'EZRaman Reader  V8.2.0 MV' in 'dict_keys([])'
29.05 11:45:12 Scanning 18 point from 32
29.05 11:45:12 Going to coordinates X=-22.361, Y=-43.889
29.05 11:45:12 Moving is finished
29.05 11:45:18 Could not find 'EZRaman Reader  V8.2.0 MV' in 'dict_keys([])'
29.05 11:45:23 Could not find 'EZRaman Reader  V8.2.0 MV' in 'dict_keys([])'
29.05 11:45:23 Scanning 19 point from 32
29.05 11:45:23 Going to coordinates X=-22.261, Y=-43.889
29.05 11:45:23 Moving is finished
29.05 11:45:30 Could not find 'EZRaman Reader  V8.2.0 MV' in 'dict_keys([])'
29.05 11:45:35 Could not find 'EZRaman Reader  V8.2.0 MV' in 'dict_keys([])'
29.05 11:45:35 Scanning 20 point from 32
29.05 11:45:35 Going to coordinates X=-22.561, Y=-43.789
29.05 11:45:35 Moving is finished
29.05 11:45:41 Could not find 'EZRaman Reader  V8.2.0 MV' in 'dict_keys([])'
29.05 11:45:46 Could not find 'EZRaman Reader  V8.2.0 MV' in 'dict_keys([])'
29.05 11:45:46 Scanning 21 point from 32
29.05 11:45:46 Going to coordinates X=-22.461, Y=-43.789
29.05 11:45:47 Moving is finished
29.05 11:45:53 Could not find 'EZRaman Reader  V8.2.0 MV' in 'dict_keys([])'
29.05 11:45:58 Could not find 'EZRaman Reader  V8.2.0 MV' in 'dict_keys([])'
29.05 11:45:58 Scanning 22 point from 32
29.05 11:45:58 Going to coordinates X=-22.361, Y=-43.789
29.05 11:45:58 Moving is finished
29.05 11:46:04 Could not find 'EZRaman Reader  V8.2.0 MV' in 'dict_keys([])'
29.05 11:46:08 Scanning 23 point from 32
29.05 11:46:08 Going to coordinates X=-22.261, Y=-43.789
29.05 11:46:08 Moving is finished
29.05 11:46:20 Could not find 'EZRaman Reader  V8.2.0 MV' in 'dict_keys([])'
29.05 11:46:26 Could not find 'EZRaman Reader  V8.2.0 MV' in 'dict_keys([])'
29.05 11:46:26 Scanning 24 point from 32
29.05 11:46:26 Going to coordinates X=-22.561, Y=-43.689
29.05 11:46:27 Moving is finished
29.05 11:46:33 Could not find 'EZRaman Reader  V8.2.0 MV' in 'dict_keys([])'
29.05 11:46:39 Could not find 'EZRaman Reader  V8.2.0 MV' in 'dict_keys([])'
29.05 11:46:39 Scanning 25 point from 32
29.05 11:46:39 Going to coordinates X=-22.461, Y=-43.689
29.05 11:46:39 Moving is finished
29.05 11:46:45 Could not find 'EZRaman Reader  V8.2.0 MV' in 'dict_keys([])'
29.05 11:46:51 Could not find 'EZRaman Reader  V8.2.0 MV' in 'dict_keys([])'
29.05 11:46:51 Scanning 26 point from 32
29.05 11:46:51 Going to coordinates X=-22.361, Y=-43.689
29.05 11:46:51 Moving is finished
29.05 11:46:58 Could not find 'EZRaman Reader  V8.2.0 MV' in 'dict_keys([])'
29.05 11:47:03 Could not find 'EZRaman Reader  V8.2.0 MV' in 'dict_keys([])'
29.05 11:47:03 Scanning 27 point from 32
29.05 11:47:03 Going to coordinates X=-22.261, Y=-43.689
29.05 11:47:04 Moving is finished
29.05 11:47:10 Could not find 'EZRaman Reader  V8.2.0 MV' in 'dict_keys([])'
29.05 11:47:16 Could not find 'EZRaman Reader  V8.2.0 MV' in 'dict_keys([])'
29.05 11:47:16 Scanning 28 point from 32
29.05 11:47:16 Going to coordinates X=-22.561, Y=-43.589
29.05 11:47:16 Moving is finished
29.05 11:47:23 Could not find 'EZRaman Reader  V8.2.0 MV' in 'dict_keys([])'
29.05 11:47:29 Could not find 'EZRaman Reader  V8.2.0 MV' in 'dict_keys([])'
29.05 11:47:29 Scanning 29 point from 32
29.05 11:47:29 Going to coordinates X=-22.461, Y=-43.589
29.05 11:47:29 Moving is finished
29.05 11:47:35 Could not find 'EZRaman Reader  V8.2.0 MV' in 'dict_keys([])'
29.05 11:47:41 Could not find 'EZRaman Reader  V8.2.0 MV' in 'dict_keys([])'
29.05 11:47:41 Scanning 30 point from 32
29.05 11:47:41 Going to coordinates X=-22.361, Y=-43.589
29.05 11:47:41 Moving is finished
29.05 11:47:47 Could not find 'EZRaman Reader  V8.2.0 MV' in 'dict_keys([])'
29.05 11:47:53 Could not find 'EZRaman Reader  V8.2.0 MV' in 'dict_keys([])'
29.05 11:47:53 Scanning 31 point from 32
29.05 11:47:53 Going to coordinates X=-22.261, Y=-43.589
29.05 11:47:53 Moving is finished
29.05 11:47:59 Could not find 'EZRaman Reader  V8.2.0 MV' in 'dict_keys([])'
29.05 11:48:04 Could not find 'EZRaman Reader  V8.2.0 MV' in 'dict_keys([])'
29.05 12:56:44 Row 0: 29.05 12:56:44 Map: x1: -22.263, y1: -43.588, x2: -22.317, y2: -43.66, xres: 0.010, yres: 0.010, fname: hfp2coohsera
29.05 12:56:44 Scanning 0 point from 63
29.05 12:56:44 Going to coordinates X=-22.317, Y=-43.660
29.05 12:56:45 Moving is finished
29.05 12:58:21 Scanning 1 point from 63
29.05 12:58:21 Going to coordinates X=-22.307, Y=-43.660
29.05 12:58:21 Moving is finished
29.05 12:59:58 Scanning 2 point from 63
29.05 12:59:58 Going to coordinates X=-22.297, Y=-43.660
29.05 12:59:59 Moving is finished
29.05 13:01:35 Scanning 3 point from 63
29.05 13:01:35 Going to coordinates X=-22.287, Y=-43.660
29.05 13:01:35 Moving is finished
29.05 13:03:12 Scanning 4 point from 63
29.05 13:03:12 Going to coordinates X=-22.277, Y=-43.660
29.05 13:03:12 Moving is finished
29.05 13:04:49 Scanning 5 point from 63
29.05 13:04:49 Going to coordinates X=-22.267, Y=-43.660
29.05 13:04:49 Moving is finished
29.05 13:06:26 Scanning 6 point from 63
29.05 13:06:26 Going to coordinates X=-22.257, Y=-43.660
29.05 13:06:26 Moving is finished
29.05 13:08:03 Scanning 7 point from 63
29.05 13:08:03 Going to coordinates X=-22.317, Y=-43.650
29.05 13:08:03 Moving is finished
29.05 13:09:39 Scanning 8 point from 63
29.05 13:09:39 Going to coordinates X=-22.307, Y=-43.650
29.05 13:09:39 Moving is finished
29.05 13:11:16 Scanning 9 point from 63
29.05 13:11:16 Going to coordinates X=-22.297, Y=-43.650
29.05 13:11:16 Moving is finished
29.05 13:12:53 Scanning 10 point from 63
29.05 13:12:53 Going to coordinates X=-22.287, Y=-43.650
29.05 13:12:53 Moving is finished
29.05 13:14:30 Scanning 11 point from 63
29.05 13:14:30 Going to coordinates X=-22.277, Y=-43.650
29.05 13:14:30 Moving is finished
29.05 13:16:07 Scanning 12 point from 63
29.05 13:16:07 Going to coordinates X=-22.267, Y=-43.650
29.05 13:16:07 Moving is finished
29.05 13:17:43 Scanning 13 point from 63
29.05 13:17:43 Going to coordinates X=-22.257, Y=-43.650
29.05 13:17:44 Moving is finished
29.05 13:19:20 Scanning 14 point from 63
29.05 13:19:20 Going to coordinates X=-22.317, Y=-43.640
29.05 13:19:20 Moving is finished
29.05 13:20:57 Scanning 15 point from 63
29.05 13:20:57 Going to coordinates X=-22.307, Y=-43.640
29.05 13:20:57 Moving is finished
29.05 13:22:34 Scanning 16 point from 63
29.05 13:22:34 Going to coordinates X=-22.297, Y=-43.640
29.05 13:22:34 Moving is finished
29.05 13:24:11 Scanning 17 point from 63
29.05 13:24:11 Going to coordinates X=-22.287, Y=-43.640
29.05 13:24:11 Moving is finished
29.05 13:25:48 Scanning 18 point from 63
29.05 13:25:48 Going to coordinates X=-22.277, Y=-43.640
29.05 13:25:48 Moving is finished
29.05 13:27:25 Scanning 19 point from 63
29.05 13:27:25 Going to coordinates X=-22.267, Y=-43.640
29.05 13:27:25 Moving is finished
29.05 13:29:02 Scanning 20 point from 63
29.05 13:29:02 Going to coordinates X=-22.257, Y=-43.640
29.05 13:29:02 Moving is finished
29.05 13:30:38 Scanning 21 point from 63
29.05 13:30:38 Going to coordinates X=-22.317, Y=-43.630
29.05 13:30:39 Moving is finished
29.05 13:32:15 Scanning 22 point from 63
29.05 13:32:15 Going to coordinates X=-22.307, Y=-43.630
29.05 13:32:15 Moving is finished
29.05 13:33:52 Scanning 23 point from 63
29.05 13:33:52 Going to coordinates X=-22.297, Y=-43.630
29.05 13:33:52 Moving is finished
29.05 13:35:28 Scanning 24 point from 63
29.05 13:35:28 Going to coordinates X=-22.287, Y=-43.630
29.05 13:35:29 Moving is finished
29.05 13:37:05 Scanning 25 point from 63
29.05 13:37:05 Going to coordinates X=-22.277, Y=-43.630
29.05 13:37:05 Moving is finished
29.05 13:38:42 Scanning 26 point from 63
29.05 13:38:42 Going to coordinates X=-22.267, Y=-43.630
29.05 13:38:43 Moving is finished
29.05 13:40:19 Scanning 27 point from 63
29.05 13:40:19 Going to coordinates X=-22.257, Y=-43.630
29.05 13:40:19 Moving is finished
29.05 13:41:56 Scanning 28 point from 63
29.05 13:41:56 Going to coordinates X=-22.317, Y=-43.620
29.05 13:41:56 Moving is finished
29.05 13:43:33 Scanning 29 point from 63
29.05 13:43:33 Going to coordinates X=-22.307, Y=-43.620
29.05 13:43:33 Moving is finished
29.05 13:45:10 Scanning 30 point from 63
29.05 13:45:10 Going to coordinates X=-22.297, Y=-43.620
29.05 13:45:10 Moving is finished
29.05 13:46:47 Scanning 31 point from 63
29.05 13:46:47 Going to coordinates X=-22.287, Y=-43.620
29.05 13:46:48 Moving is finished
29.05 13:48:24 Scanning 32 point from 63
29.05 13:48:24 Going to coordinates X=-22.277, Y=-43.620
29.05 13:48:24 Moving is finished
29.05 13:50:01 Scanning 33 point from 63
29.05 13:50:01 Going to coordinates X=-22.267, Y=-43.620
29.05 13:50:01 Moving is finished
29.05 13:51:38 Scanning 34 point from 63
29.05 13:51:38 Going to coordinates X=-22.257, Y=-43.620
29.05 13:51:38 Moving is finished
29.05 13:53:15 Scanning 35 point from 63
29.05 13:53:15 Going to coordinates X=-22.317, Y=-43.610
29.05 13:53:15 Moving is finished
29.05 13:54:52 Scanning 36 point from 63
29.05 13:54:52 Going to coordinates X=-22.307, Y=-43.610
29.05 13:54:52 Moving is finished
29.05 13:56:28 Scanning 37 point from 63
29.05 13:56:28 Going to coordinates X=-22.297, Y=-43.610
29.05 13:56:28 Moving is finished
29.05 13:58:05 Scanning 38 point from 63
29.05 13:58:05 Going to coordinates X=-22.287, Y=-43.610
29.05 13:58:05 Moving is finished
29.05 13:59:41 Scanning 39 point from 63
29.05 13:59:41 Going to coordinates X=-22.277, Y=-43.610
29.05 13:59:42 Moving is finished
29.05 14:01:18 Scanning 40 point from 63
29.05 14:01:18 Going to coordinates X=-22.267, Y=-43.610
29.05 14:01:18 Moving is finished
29.05 14:02:56 Scanning 41 point from 63
29.05 14:02:56 Going to coordinates X=-22.257, Y=-43.610
29.05 14:02:56 Moving is finished
29.05 14:04:33 Scanning 42 point from 63
29.05 14:04:33 Going to coordinates X=-22.317, Y=-43.600
29.05 14:04:33 Moving is finished
29.05 14:06:10 Scanning 43 point from 63
29.05 14:06:10 Going to coordinates X=-22.307, Y=-43.600
29.05 14:06:10 Moving is finished
29.05 14:07:47 Scanning 44 point from 63
29.05 14:07:47 Going to coordinates X=-22.297, Y=-43.600
29.05 14:07:47 Moving is finished
29.05 14:09:24 Scanning 45 point from 63
29.05 14:09:24 Going to coordinates X=-22.287, Y=-43.600
29.05 14:09:24 Moving is finished
29.05 14:11:01 Scanning 46 point from 63
29.05 14:11:01 Going to coordinates X=-22.277, Y=-43.600
29.05 14:11:01 Moving is finished
29.05 14:12:38 Scanning 47 point from 63
29.05 14:12:38 Going to coordinates X=-22.267, Y=-43.600
29.05 14:12:38 Moving is finished
29.05 14:14:15 Scanning 48 point from 63
29.05 14:14:15 Going to coordinates X=-22.257, Y=-43.600
29.05 14:14:15 Moving is finished
29.05 14:15:52 Scanning 49 point from 63
29.05 14:15:52 Going to coordinates X=-22.317, Y=-43.590
29.05 14:15:52 Moving is finished
29.05 14:17:30 Scanning 50 point from 63
29.05 14:17:30 Going to coordinates X=-22.307, Y=-43.590
29.05 14:17:30 Moving is finished
29.05 14:19:07 Scanning 51 point from 63
29.05 14:19:07 Going to coordinates X=-22.297, Y=-43.590
29.05 14:19:07 Moving is finished
29.05 14:20:44 Scanning 52 point from 63
29.05 14:20:44 Going to coordinates X=-22.287, Y=-43.590
29.05 14:20:44 Moving is finished
29.05 14:22:21 Scanning 53 point from 63
29.05 14:22:21 Going to coordinates X=-22.277, Y=-43.590
29.05 14:22:21 Moving is finished
29.05 14:23:58 Scanning 54 point from 63
29.05 14:23:58 Going to coordinates X=-22.267, Y=-43.590
29.05 14:23:58 Moving is finished
29.05 14:25:35 Scanning 55 point from 63
29.05 14:25:35 Going to coordinates X=-22.257, Y=-43.590
29.05 14:25:35 Moving is finished
29.05 14:25:58 Stopped!
29.05 14:31:17 Row 0: 29.05 14:31:17 Map: x1: -23.951, y1: -43.32, x2: -22.61, y2: -44.557, xres: 0.100, yres: 0.100, fname: l-cysen
29.05 14:31:17 Scanning 0 point from 210
29.05 14:31:17 Going to coordinates X=-23.951, Y=-44.557
29.05 14:31:17 Moving is finished
29.05 14:32:54 Scanning 1 point from 210
29.05 14:32:54 Going to coordinates X=-23.851, Y=-44.557
29.05 14:32:54 Moving is finished
29.05 14:34:31 Scanning 2 point from 210
29.05 14:34:31 Going to coordinates X=-23.751, Y=-44.557
29.05 14:34:31 Moving is finished
29.05 14:36:09 Scanning 3 point from 210
29.05 14:36:09 Going to coordinates X=-23.651, Y=-44.557
29.05 14:36:09 Moving is finished
29.05 14:37:46 Scanning 4 point from 210
29.05 14:37:46 Going to coordinates X=-23.551, Y=-44.557
29.05 14:37:47 Moving is finished
29.05 14:39:23 Scanning 5 point from 210
29.05 14:39:23 Going to coordinates X=-23.451, Y=-44.557
29.05 14:39:23 Moving is finished
29.05 14:41:00 Scanning 6 point from 210
29.05 14:41:00 Going to coordinates X=-23.351, Y=-44.557
29.05 14:41:00 Moving is finished
29.05 14:42:37 Scanning 7 point from 210
29.05 14:42:37 Going to coordinates X=-23.251, Y=-44.557
29.05 14:42:37 Moving is finished
29.05 14:44:14 Scanning 8 point from 210
29.05 14:44:14 Going to coordinates X=-23.151, Y=-44.557
29.05 14:44:14 Moving is finished
29.05 14:45:51 Scanning 9 point from 210
29.05 14:45:51 Going to coordinates X=-23.051, Y=-44.557
29.05 14:45:51 Moving is finished
29.05 14:47:28 Scanning 10 point from 210
29.05 14:47:28 Going to coordinates X=-22.951, Y=-44.557
29.05 14:47:29 Moving is finished
29.05 14:49:05 Scanning 11 point from 210
29.05 14:49:05 Going to coordinates X=-22.851, Y=-44.557
29.05 14:49:05 Moving is finished
29.05 14:50:42 Scanning 12 point from 210
29.05 14:50:42 Going to coordinates X=-22.751, Y=-44.557
29.05 14:50:42 Moving is finished
29.05 14:52:19 Scanning 13 point from 210
29.05 14:52:19 Going to coordinates X=-22.651, Y=-44.557
29.05 14:52:19 Moving is finished
29.05 14:53:56 Scanning 14 point from 210
29.05 14:53:56 Going to coordinates X=-22.551, Y=-44.557
29.05 14:53:56 Moving is finished
29.05 14:55:32 Scanning 15 point from 210
29.05 14:55:32 Going to coordinates X=-23.951, Y=-44.457
29.05 14:55:33 Moving is finished
29.05 14:57:10 Scanning 16 point from 210
29.05 14:57:10 Going to coordinates X=-23.851, Y=-44.457
29.05 14:57:10 Moving is finished
29.05 14:57:50 Could not find 'EZRaman Reader  V8.2.0 MV' in 'dict_keys([])'
29.05 14:57:56 Could not find 'EZRaman Reader  V8.2.0 MV' in 'dict_keys([])'
29.05 14:57:56 Scanning 17 point from 210
29.05 14:57:56 Going to coordinates X=-23.751, Y=-44.457
29.05 14:57:56 Moving is finished
29.05 14:58:03 Could not find 'EZRaman Reader  V8.2.0 MV' in 'dict_keys([])'
29.05 14:58:08 Could not find 'EZRaman Reader  V8.2.0 MV' in 'dict_keys([])'
29.05 14:58:09 Scanning 18 point from 210
29.05 14:58:09 Going to coordinates X=-23.651, Y=-44.457
29.05 14:58:09 Moving is finished
29.05 14:58:15 Could not find 'EZRaman Reader  V8.2.0 MV' in 'dict_keys([])'
29.05 14:58:20 Could not find 'EZRaman Reader  V8.2.0 MV' in 'dict_keys([])'
29.05 14:58:20 Scanning 19 point from 210
29.05 14:58:20 Going to coordinates X=-23.551, Y=-44.457
29.05 14:58:21 Moving is finished
29.05 14:58:31 Could not find 'EZRaman Reader  V8.2.0 MV' in 'dict_keys([])'
29.05 14:58:36 Could not find 'EZRaman Reader  V8.2.0 MV' in 'dict_keys([])'
29.05 14:58:36 Scanning 20 point from 210
29.05 14:58:36 Going to coordinates X=-23.451, Y=-44.457
29.05 14:58:37 Moving is finished
29.05 14:58:43 Could not find 'EZRaman Reader  V8.2.0 MV' in 'dict_keys([])'
29.05 14:58:48 Could not find 'EZRaman Reader  V8.2.0 MV' in 'dict_keys([])'
29.05 14:58:48 Scanning 21 point from 210
29.05 14:58:48 Going to coordinates X=-23.351, Y=-44.457
29.05 14:58:48 Moving is finished
29.05 14:58:55 Could not find 'EZRaman Reader  V8.2.0 MV' in 'dict_keys([])'
29.05 14:59:00 Could not find 'EZRaman Reader  V8.2.0 MV' in 'dict_keys([])'
29.05 14:59:00 Scanning 22 point from 210
29.05 14:59:00 Going to coordinates X=-23.251, Y=-44.457
29.05 14:59:00 Moving is finished
29.05 14:59:06 Could not find 'EZRaman Reader  V8.2.0 MV' in 'dict_keys([])'
29.05 14:59:11 Could not find 'EZRaman Reader  V8.2.0 MV' in 'dict_keys([])'
29.05 14:59:11 Scanning 23 point from 210
29.05 14:59:11 Going to coordinates X=-23.151, Y=-44.457
29.05 14:59:12 Moving is finished
29.05 14:59:18 Could not find 'EZRaman Reader  V8.2.0 MV' in 'dict_keys([])'
29.05 14:59:23 Could not find 'EZRaman Reader  V8.2.0 MV' in 'dict_keys([])'
29.05 14:59:23 Scanning 24 point from 210
29.05 14:59:23 Going to coordinates X=-23.051, Y=-44.457
29.05 14:59:23 Moving is finished
29.05 14:59:29 Could not find 'EZRaman Reader  V8.2.0 MV' in 'dict_keys([])'
29.05 14:59:34 Could not find 'EZRaman Reader  V8.2.0 MV' in 'dict_keys([])'
29.05 14:59:34 Scanning 25 point from 210
29.05 14:59:34 Going to coordinates X=-22.951, Y=-44.457
29.05 14:59:35 Moving is finished
29.05 14:59:41 Could not find 'EZRaman Reader  V8.2.0 MV' in 'dict_keys([])'
29.05 14:59:46 Could not find 'EZRaman Reader  V8.2.0 MV' in 'dict_keys([])'
29.05 14:59:46 Scanning 26 point from 210
29.05 14:59:46 Going to coordinates X=-22.851, Y=-44.457
29.05 14:59:46 Moving is finished
29.05 14:59:52 Could not find 'EZRaman Reader  V8.2.0 MV' in 'dict_keys([])'
29.05 14:59:57 Could not find 'EZRaman Reader  V8.2.0 MV' in 'dict_keys([])'
29.05 14:59:57 Scanning 27 point from 210
29.05 14:59:57 Going to coordinates X=-22.751, Y=-44.457
29.05 14:59:58 Moving is finished
29.05 15:00:04 Could not find 'EZRaman Reader  V8.2.0 MV' in 'dict_keys([])'
29.05 15:00:09 Could not find 'EZRaman Reader  V8.2.0 MV' in 'dict_keys([])'
29.05 15:00:09 Scanning 28 point from 210
29.05 15:00:09 Going to coordinates X=-22.651, Y=-44.457
29.05 15:00:09 Moving is finished
29.05 15:00:15 Could not find 'EZRaman Reader  V8.2.0 MV' in 'dict_keys([])'
29.05 15:00:20 Could not find 'EZRaman Reader  V8.2.0 MV' in 'dict_keys([])'
29.05 15:00:21 Scanning 29 point from 210
29.05 15:00:21 Going to coordinates X=-22.551, Y=-44.457
29.05 15:00:21 Moving is finished
29.05 15:00:27 Could not find 'EZRaman Reader  V8.2.0 MV' in 'dict_keys([])'
29.05 15:00:32 Could not find 'EZRaman Reader  V8.2.0 MV' in 'dict_keys([])'
29.05 15:00:32 Scanning 30 point from 210
29.05 15:00:32 Going to coordinates X=-23.951, Y=-44.357
29.05 15:00:33 Moving is finished
29.05 15:00:39 Could not find 'EZRaman Reader  V8.2.0 MV' in 'dict_keys([])'
29.05 15:00:44 Could not find 'EZRaman Reader  V8.2.0 MV' in 'dict_keys([])'
29.05 15:00:44 Scanning 31 point from 210
29.05 15:00:44 Going to coordinates X=-23.851, Y=-44.357
29.05 15:00:44 Moving is finished
29.05 15:00:51 Could not find 'EZRaman Reader  V8.2.0 MV' in 'dict_keys([])'
29.05 15:00:56 Could not find 'EZRaman Reader  V8.2.0 MV' in 'dict_keys([])'
29.05 15:00:56 Scanning 32 point from 210
29.05 15:00:56 Going to coordinates X=-23.751, Y=-44.357
29.05 15:00:56 Moving is finished
29.05 15:01:02 Could not find 'EZRaman Reader  V8.2.0 MV' in 'dict_keys([])'
29.05 15:01:07 Could not find 'EZRaman Reader  V8.2.0 MV' in 'dict_keys([])'
29.05 15:01:07 Scanning 33 point from 210
29.05 15:01:07 Going to coordinates X=-23.651, Y=-44.357
29.05 15:01:08 Moving is finished
29.05 15:01:14 Could not find 'EZRaman Reader  V8.2.0 MV' in 'dict_keys([])'
29.05 15:01:19 Could not find 'EZRaman Reader  V8.2.0 MV' in 'dict_keys([])'
29.05 15:01:19 Scanning 34 point from 210
29.05 15:01:19 Going to coordinates X=-23.551, Y=-44.357
29.05 15:01:19 Moving is finished
29.05 15:01:25 Could not find 'EZRaman Reader  V8.2.0 MV' in 'dict_keys([])'
29.05 15:01:30 Could not find 'EZRaman Reader  V8.2.0 MV' in 'dict_keys([])'
29.05 15:01:30 Scanning 35 point from 210
29.05 15:01:30 Going to coordinates X=-23.451, Y=-44.357
29.05 15:01:31 Moving is finished
29.05 15:01:37 Could not find 'EZRaman Reader  V8.2.0 MV' in 'dict_keys([])'
29.05 15:01:42 Could not find 'EZRaman Reader  V8.2.0 MV' in 'dict_keys([])'
29.05 15:01:42 Scanning 36 point from 210
29.05 15:01:42 Going to coordinates X=-23.351, Y=-44.357
29.05 15:01:42 Moving is finished
29.05 15:01:48 Could not find 'EZRaman Reader  V8.2.0 MV' in 'dict_keys([])'
29.05 15:01:53 Could not find 'EZRaman Reader  V8.2.0 MV' in 'dict_keys([])'
29.05 15:01:54 Scanning 37 point from 210
29.05 15:01:54 Going to coordinates X=-23.251, Y=-44.357
29.05 15:01:54 Moving is finished
29.05 15:02:00 Could not find 'EZRaman Reader  V8.2.0 MV' in 'dict_keys([])'
29.05 15:02:05 Could not find 'EZRaman Reader  V8.2.0 MV' in 'dict_keys([])'
29.05 15:02:05 Scanning 38 point from 210
29.05 15:02:05 Going to coordinates X=-23.151, Y=-44.357
29.05 15:02:05 Moving is finished
29.05 15:02:11 Could not find 'EZRaman Reader  V8.2.0 MV' in 'dict_keys([])'
29.05 15:02:17 Could not find 'EZRaman Reader  V8.2.0 MV' in 'dict_keys([])'
29.05 15:02:17 Scanning 39 point from 210
29.05 15:02:17 Going to coordinates X=-23.051, Y=-44.357
29.05 15:02:17 Moving is finished
29.05 15:02:23 Could not find 'EZRaman Reader  V8.2.0 MV' in 'dict_keys([])'
29.05 15:02:28 Could not find 'EZRaman Reader  V8.2.0 MV' in 'dict_keys([])'
29.05 15:02:28 Scanning 40 point from 210
29.05 15:02:28 Going to coordinates X=-22.951, Y=-44.357
29.05 15:02:28 Moving is finished
29.05 15:02:35 Could not find 'EZRaman Reader  V8.2.0 MV' in 'dict_keys([])'
29.05 15:02:40 Could not find 'EZRaman Reader  V8.2.0 MV' in 'dict_keys([])'
29.05 15:02:40 Scanning 41 point from 210
29.05 15:02:40 Going to coordinates X=-22.851, Y=-44.357
29.05 15:02:40 Moving is finished
29.05 15:02:46 Could not find 'EZRaman Reader  V8.2.0 MV' in 'dict_keys([])'
29.05 15:02:51 Could not find 'EZRaman Reader  V8.2.0 MV' in 'dict_keys([])'
29.05 15:02:51 Scanning 42 point from 210
29.05 15:02:51 Going to coordinates X=-22.751, Y=-44.357
29.05 15:02:51 Moving is finished
29.05 15:02:58 Could not find 'EZRaman Reader  V8.2.0 MV' in 'dict_keys([])'
29.05 15:03:03 Could not find 'EZRaman Reader  V8.2.0 MV' in 'dict_keys([])'
29.05 15:03:03 Scanning 43 point from 210
29.05 15:03:03 Going to coordinates X=-22.651, Y=-44.357
29.05 15:03:03 Moving is finished
29.05 15:03:09 Could not find 'EZRaman Reader  V8.2.0 MV' in 'dict_keys([])'
29.05 15:03:14 Could not find 'EZRaman Reader  V8.2.0 MV' in 'dict_keys([])'
29.05 15:03:14 Scanning 44 point from 210
29.05 15:03:14 Going to coordinates X=-22.551, Y=-44.357
29.05 15:03:15 Moving is finished
29.05 15:03:21 Could not find 'EZRaman Reader  V8.2.0 MV' in 'dict_keys([])'
29.05 15:03:26 Could not find 'EZRaman Reader  V8.2.0 MV' in 'dict_keys([])'
29.05 15:03:26 Scanning 45 point from 210
29.05 15:03:26 Going to coordinates X=-23.951, Y=-44.257
29.05 15:03:27 Moving is finished
29.05 15:03:33 Could not find 'EZRaman Reader  V8.2.0 MV' in 'dict_keys([])'
29.05 15:03:38 Could not find 'EZRaman Reader  V8.2.0 MV' in 'dict_keys([])'
29.05 15:03:38 Scanning 46 point from 210
29.05 15:03:38 Going to coordinates X=-23.851, Y=-44.257
29.05 15:03:38 Moving is finished
29.05 15:03:44 Could not find 'EZRaman Reader  V8.2.0 MV' in 'dict_keys([])'
29.05 15:03:49 Could not find 'EZRaman Reader  V8.2.0 MV' in 'dict_keys([])'
29.05 15:03:50 Scanning 47 point from 210
29.05 15:03:50 Going to coordinates X=-23.751, Y=-44.257
29.05 15:03:50 Moving is finished
29.05 15:03:56 Could not find 'EZRaman Reader  V8.2.0 MV' in 'dict_keys([])'
29.05 15:04:01 Could not find 'EZRaman Reader  V8.2.0 MV' in 'dict_keys([])'
29.05 15:04:01 Scanning 48 point from 210
29.05 15:04:01 Going to coordinates X=-23.651, Y=-44.257
29.05 15:04:01 Moving is finished
29.05 15:04:08 Could not find 'EZRaman Reader  V8.2.0 MV' in 'dict_keys([])'
29.05 15:04:13 Could not find 'EZRaman Reader  V8.2.0 MV' in 'dict_keys([])'
29.05 15:04:13 Scanning 49 point from 210
29.05 15:04:13 Going to coordinates X=-23.551, Y=-44.257
29.05 15:04:13 Moving is finished
29.05 15:04:19 Could not find 'EZRaman Reader  V8.2.0 MV' in 'dict_keys([])'
29.05 15:04:24 Could not find 'EZRaman Reader  V8.2.0 MV' in 'dict_keys([])'
29.05 15:04:24 Scanning 50 point from 210
29.05 15:04:24 Going to coordinates X=-23.451, Y=-44.257
29.05 15:04:25 Moving is finished
29.05 15:04:31 Could not find 'EZRaman Reader  V8.2.0 MV' in 'dict_keys([])'
29.05 15:04:36 Could not find 'EZRaman Reader  V8.2.0 MV' in 'dict_keys([])'
29.05 15:04:36 Scanning 51 point from 210
29.05 15:04:36 Going to coordinates X=-23.351, Y=-44.257
29.05 15:04:36 Moving is finished
29.05 15:04:42 Could not find 'EZRaman Reader  V8.2.0 MV' in 'dict_keys([])'
29.05 15:04:47 Could not find 'EZRaman Reader  V8.2.0 MV' in 'dict_keys([])'
29.05 15:04:47 Scanning 52 point from 210
29.05 15:04:47 Going to coordinates X=-23.251, Y=-44.257
29.05 15:04:48 Moving is finished
29.05 15:04:54 Could not find 'EZRaman Reader  V8.2.0 MV' in 'dict_keys([])'
29.05 15:04:59 Could not find 'EZRaman Reader  V8.2.0 MV' in 'dict_keys([])'
29.05 15:04:59 Scanning 53 point from 210
29.05 15:04:59 Going to coordinates X=-23.151, Y=-44.257
29.05 15:04:59 Moving is finished
29.05 15:05:05 Could not find 'EZRaman Reader  V8.2.0 MV' in 'dict_keys([])'
29.05 15:05:10 Could not find 'EZRaman Reader  V8.2.0 MV' in 'dict_keys([])'
29.05 15:05:10 Scanning 54 point from 210
29.05 15:05:10 Going to coordinates X=-23.051, Y=-44.257
29.05 15:05:11 Moving is finished
29.05 15:05:17 Could not find 'EZRaman Reader  V8.2.0 MV' in 'dict_keys([])'
29.05 15:05:22 Could not find 'EZRaman Reader  V8.2.0 MV' in 'dict_keys([])'
29.05 15:05:22 Scanning 55 point from 210
29.05 15:05:22 Going to coordinates X=-22.951, Y=-44.257
29.05 15:05:22 Moving is finished
29.05 15:05:28 Could not find 'EZRaman Reader  V8.2.0 MV' in 'dict_keys([])'
29.05 15:05:33 Could not find 'EZRaman Reader  V8.2.0 MV' in 'dict_keys([])'
29.05 15:05:33 Scanning 56 point from 210
29.05 15:05:33 Going to coordinates X=-22.851, Y=-44.257
29.05 15:05:34 Moving is finished
29.05 15:05:40 Could not find 'EZRaman Reader  V8.2.0 MV' in 'dict_keys([])'
29.05 15:05:45 Could not find 'EZRaman Reader  V8.2.0 MV' in 'dict_keys([])'
29.05 15:05:45 Scanning 57 point from 210
29.05 15:05:45 Going to coordinates X=-22.751, Y=-44.257
29.05 15:05:45 Moving is finished
29.05 15:05:51 Could not find 'EZRaman Reader  V8.2.0 MV' in 'dict_keys([])'
29.05 15:05:56 Could not find 'EZRaman Reader  V8.2.0 MV' in 'dict_keys([])'
29.05 15:05:57 Scanning 58 point from 210
29.05 15:05:57 Going to coordinates X=-22.651, Y=-44.257
29.05 15:05:57 Moving is finished
29.05 15:06:03 Could not find 'EZRaman Reader  V8.2.0 MV' in 'dict_keys([])'
29.05 15:06:08 Could not find 'EZRaman Reader  V8.2.0 MV' in 'dict_keys([])'
29.05 15:06:08 Scanning 59 point from 210
29.05 15:06:08 Going to coordinates X=-22.551, Y=-44.257
29.05 15:06:08 Moving is finished
29.05 15:06:14 Could not find 'EZRaman Reader  V8.2.0 MV' in 'dict_keys([])'
29.05 15:06:20 Could not find 'EZRaman Reader  V8.2.0 MV' in 'dict_keys([])'
29.05 15:06:20 Scanning 60 point from 210
29.05 15:06:20 Going to coordinates X=-23.951, Y=-44.157
29.05 15:06:20 Moving is finished
29.05 15:06:26 Could not find 'EZRaman Reader  V8.2.0 MV' in 'dict_keys([])'
29.05 15:06:32 Could not find 'EZRaman Reader  V8.2.0 MV' in 'dict_keys([])'
29.05 15:06:32 Scanning 61 point from 210
29.05 15:06:32 Going to coordinates X=-23.851, Y=-44.157
29.05 15:06:32 Moving is finished
29.05 15:06:38 Could not find 'EZRaman Reader  V8.2.0 MV' in 'dict_keys([])'
29.05 15:06:43 Could not find 'EZRaman Reader  V8.2.0 MV' in 'dict_keys([])'
29.05 15:06:43 Scanning 62 point from 210
29.05 15:06:43 Going to coordinates X=-23.751, Y=-44.157
29.05 15:06:44 Moving is finished
29.05 15:06:50 Could not find 'EZRaman Reader  V8.2.0 MV' in 'dict_keys([])'
29.05 15:06:55 Could not find 'EZRaman Reader  V8.2.0 MV' in 'dict_keys([])'
29.05 15:06:55 Scanning 63 point from 210
29.05 15:06:55 Going to coordinates X=-23.651, Y=-44.157
29.05 15:06:55 Moving is finished
29.05 15:07:01 Could not find 'EZRaman Reader  V8.2.0 MV' in 'dict_keys([])'
29.05 15:07:06 Could not find 'EZRaman Reader  V8.2.0 MV' in 'dict_keys([])'
29.05 15:07:06 Scanning 64 point from 210
29.05 15:07:06 Going to coordinates X=-23.551, Y=-44.157
29.05 15:07:07 Moving is finished
29.05 15:07:13 Could not find 'EZRaman Reader  V8.2.0 MV' in 'dict_keys([])'
29.05 15:07:18 Could not find 'EZRaman Reader  V8.2.0 MV' in 'dict_keys([])'
29.05 15:07:18 Scanning 65 point from 210
29.05 15:07:18 Going to coordinates X=-23.451, Y=-44.157
29.05 15:07:18 Moving is finished
29.05 15:07:43 Scanning 66 point from 210
29.05 15:07:43 Going to coordinates X=-23.351, Y=-44.157
29.05 15:07:43 Moving is finished
29.05 15:07:49 Scanning 67 point from 210
29.05 15:07:49 Going to coordinates X=-23.251, Y=-44.157
29.05 15:07:49 Moving is finished
29.05 15:07:52 Stopped!
29.05 15:08:12 Can't send the command to GRBL
29.05 15:08:12 Write timeout29.05 15:08:12 Write timeout

29.05 15:08:51 Can't send the command to GRBL
29.05 15:08:51 Write timeout29.05 15:08:51 Write timeout

29.05 15:09:17 Row 0: 29.05 15:09:17 Goto: -21.610; -42.546; 0.000
29.05 15:09:17 Going to coordinates X=-21.610, Y=-42.546
29.05 15:09:18 Moving is finished
29.05 15:09:19 Row 1: 29.05 15:09:19 Raman: l-cysen
29.05 15:09:19 Starting signal collection to the file l-cysen
29.05 15:10:57 Data is collected!
29.05 15:11:49 Row 0: 29.05 15:11:49 Goto: -21.746; -42.629; 0.000
29.05 15:11:49 Going to coordinates X=-21.746, Y=-42.629
29.05 15:11:49 Moving is finished
29.05 15:11:50 Row 1: 29.05 15:11:50 Raman: l-cysen
29.05 15:11:50 Starting signal collection to the file l-cysen
29.05 15:13:25 list index out of range
29.05 15:13:26 Data is collected!
29.05 15:13:26 Row 2: 29.05 15:13:26 Goto: -21.820; -42.588; 0.000
29.05 15:13:26 Going to coordinates X=-21.820, Y=-42.588
29.05 15:13:26 Moving is finished
29.05 15:13:27 Row 3: 29.05 15:13:27 Raman: l-cysen
29.05 15:13:27 Starting signal collection to the file l-cysen
29.05 15:13:49 Could not find 'EZRaman Reader  V8.2.0 MV' in 'dict_keys([])'
29.05 15:13:54 Could not find 'EZRaman Reader  V8.2.0 MV' in 'dict_keys([])'
29.05 15:13:55 Data is collected!
29.05 15:13:55 Row 4: 29.05 15:13:55 Map: x1: -21.82, y1: -42.608, x2: -21.937, y2: -42.412, xres: 0.010, yres: 0.010, fname: l-cysen
29.05 15:13:56 Scanning 0 point from 273
29.05 15:13:56 Going to coordinates X=-21.937, Y=-42.608
29.05 15:13:56 Moving is finished
29.05 15:14:02 Could not find 'EZRaman Reader  V8.2.0 MV' in 'dict_keys([])'
29.05 15:14:08 Could not find 'EZRaman Reader  V8.2.0 MV' in 'dict_keys([])'
29.05 15:14:08 Scanning 1 point from 273
29.05 15:14:08 Going to coordinates X=-21.927, Y=-42.608
29.05 15:14:08 Moving is finished
29.05 15:14:15 Could not find 'EZRaman Reader  V8.2.0 MV' in 'dict_keys([])'
29.05 15:14:20 Could not find 'EZRaman Reader  V8.2.0 MV' in 'dict_keys([])'
29.05 15:14:20 Scanning 2 point from 273
29.05 15:14:20 Going to coordinates X=-21.917, Y=-42.608
29.05 15:14:20 Moving is finished
29.05 15:14:27 Could not find 'EZRaman Reader  V8.2.0 MV' in 'dict_keys([])'
29.05 15:14:33 Could not find 'EZRaman Reader  V8.2.0 MV' in 'dict_keys([])'
29.05 15:14:33 Scanning 3 point from 273
29.05 15:14:33 Going to coordinates X=-21.907, Y=-42.608
29.05 15:14:33 Moving is finished
29.05 15:14:39 Could not find 'EZRaman Reader  V8.2.0 MV' in 'dict_keys([])'
29.05 15:14:45 Could not find 'EZRaman Reader  V8.2.0 MV' in 'dict_keys([])'
29.05 15:14:45 Scanning 4 point from 273
29.05 15:14:45 Going to coordinates X=-21.897, Y=-42.608
29.05 15:14:45 Moving is finished
29.05 15:14:52 Could not find 'EZRaman Reader  V8.2.0 MV' in 'dict_keys([])'
29.05 15:14:57 Could not find 'EZRaman Reader  V8.2.0 MV' in 'dict_keys([])'
29.05 15:14:57 Scanning 5 point from 273
29.05 15:14:57 Going to coordinates X=-21.887, Y=-42.608
29.05 15:14:57 Moving is finished
29.05 15:15:03 Could not find 'EZRaman Reader  V8.2.0 MV' in 'dict_keys([])'
29.05 15:15:08 Could not find 'EZRaman Reader  V8.2.0 MV' in 'dict_keys([])'
29.05 15:15:08 Scanning 6 point from 273
29.05 15:15:08 Going to coordinates X=-21.877, Y=-42.608
29.05 15:15:08 Moving is finished
