12.11 19:34:59 Initializing grbl...
12.11 19:34:59 Got the response: b''
12.11 19:36:38 Row 0: 12.11 19:36:38 Map: x1: -21.356, y1: -38.256, x2: -24.553, y2: -34.646, xres: 0.200, yres: 0.150, fname: Mart Sol2 B
12.11 19:36:38 Scanning 0 point from 442
12.11 19:36:38 Going to coordinates X=-24.553, Y=-38.256
12.11 19:36:40 Moving is finished
12.11 19:38:48 Scanning 1 point from 442
12.11 19:38:48 Going to coordinates X=-24.353, Y=-38.256
12.11 19:38:48 Moving is finished
12.11 19:40:57 Scanning 2 point from 442
12.11 19:40:57 Going to coordinates X=-24.153, Y=-38.256
12.11 19:40:58 Moving is finished
12.11 19:43:06 Scanning 3 point from 442
12.11 19:43:06 Going to coordinates X=-23.953, Y=-38.256
12.11 19:43:06 Moving is finished
12.11 19:45:14 Scanning 4 point from 442
12.11 19:45:14 Going to coordinates X=-23.753, Y=-38.256
12.11 19:45:15 Moving is finished
12.11 19:47:23 Scanning 5 point from 442
12.11 19:47:23 Going to coordinates X=-23.553, Y=-38.256
12.11 19:47:23 Moving is finished
12.11 19:49:31 Scanning 6 point from 442
12.11 19:49:31 Going to coordinates X=-23.353, Y=-38.256
12.11 19:49:32 Moving is finished
12.11 19:51:40 Scanning 7 point from 442
12.11 19:51:40 Going to coordinates X=-23.153, Y=-38.256
12.11 19:51:40 Moving is finished
12.11 19:53:48 Scanning 8 point from 442
12.11 19:53:48 Going to coordinates X=-22.953, Y=-38.256
12.11 19:53:48 Moving is finished
12.11 19:55:57 Scanning 9 point from 442
12.11 19:55:57 Going to coordinates X=-22.753, Y=-38.256
12.11 19:55:57 Moving is finished
12.11 19:58:05 Scanning 10 point from 442
12.11 19:58:05 Going to coordinates X=-22.553, Y=-38.256
12.11 19:58:06 Moving is finished
12.11 20:00:14 Scanning 11 point from 442
12.11 20:00:14 Going to coordinates X=-22.353, Y=-38.256
12.11 20:00:14 Moving is finished
12.11 20:02:22 Scanning 12 point from 442
12.11 20:02:22 Going to coordinates X=-22.153, Y=-38.256
12.11 20:02:23 Moving is finished
12.11 20:04:31 Scanning 13 point from 442
12.11 20:04:31 Going to coordinates X=-21.953, Y=-38.256
12.11 20:04:32 Moving is finished
12.11 20:06:40 Scanning 14 point from 442
12.11 20:06:40 Going to coordinates X=-21.753, Y=-38.256
12.11 20:06:41 Moving is finished
12.11 20:08:48 Scanning 15 point from 442
12.11 20:08:48 Going to coordinates X=-21.553, Y=-38.256
12.11 20:08:49 Moving is finished
12.11 20:10:57 Scanning 16 point from 442
12.11 20:10:57 Going to coordinates X=-21.353, Y=-38.256
12.11 20:10:57 Moving is finished
12.11 20:13:05 Scanning 17 point from 442
12.11 20:13:05 Going to coordinates X=-24.553, Y=-38.106
12.11 20:13:06 Moving is finished
12.11 20:15:15 Scanning 18 point from 442
12.11 20:15:15 Going to coordinates X=-24.353, Y=-38.106
12.11 20:15:15 Moving is finished
12.11 20:17:23 Scanning 19 point from 442
12.11 20:17:23 Going to coordinates X=-24.153, Y=-38.106
12.11 20:17:23 Moving is finished
12.11 20:19:32 Scanning 20 point from 442
12.11 20:19:32 Going to coordinates X=-23.953, Y=-38.106
12.11 20:19:32 Moving is finished
12.11 20:21:41 Scanning 21 point from 442
12.11 20:21:41 Going to coordinates X=-23.753, Y=-38.106
12.11 20:21:41 Moving is finished
12.11 20:23:50 Scanning 22 point from 442
12.11 20:23:50 Going to coordinates X=-23.553, Y=-38.106
12.11 20:23:50 Moving is finished
12.11 20:25:58 Scanning 23 point from 442
12.11 20:25:58 Going to coordinates X=-23.353, Y=-38.106
12.11 20:25:58 Moving is finished
12.11 20:28:07 Scanning 24 point from 442
12.11 20:28:07 Going to coordinates X=-23.153, Y=-38.106
12.11 20:28:07 Moving is finished
12.11 20:30:15 Scanning 25 point from 442
12.11 20:30:15 Going to coordinates X=-22.953, Y=-38.106
12.11 20:30:16 Moving is finished
12.11 20:32:24 Scanning 26 point from 442
12.11 20:32:24 Going to coordinates X=-22.753, Y=-38.106
12.11 20:32:24 Moving is finished
12.11 20:34:32 Scanning 27 point from 442
12.11 20:34:32 Going to coordinates X=-22.553, Y=-38.106
12.11 20:34:32 Moving is finished
12.11 20:36:41 Scanning 28 point from 442
12.11 20:36:41 Going to coordinates X=-22.353, Y=-38.106
12.11 20:36:41 Moving is finished
12.11 20:38:49 Scanning 29 point from 442
12.11 20:38:49 Going to coordinates X=-22.153, Y=-38.106
12.11 20:38:49 Moving is finished
12.11 20:40:58 Scanning 30 point from 442
12.11 20:40:58 Going to coordinates X=-21.953, Y=-38.106
12.11 20:40:58 Moving is finished
12.11 20:43:07 Scanning 31 point from 442
12.11 20:43:07 Going to coordinates X=-21.753, Y=-38.106
12.11 20:43:07 Moving is finished
12.11 20:45:15 Scanning 32 point from 442
12.11 20:45:15 Going to coordinates X=-21.553, Y=-38.106
12.11 20:45:15 Moving is finished
12.11 20:47:24 Scanning 33 point from 442
12.11 20:47:24 Going to coordinates X=-21.353, Y=-38.106
12.11 20:47:24 Moving is finished
12.11 20:49:32 Scanning 34 point from 442
12.11 20:49:32 Going to coordinates X=-24.553, Y=-37.956
12.11 20:49:34 Moving is finished
12.11 20:51:42 Scanning 35 point from 442
12.11 20:51:42 Going to coordinates X=-24.353, Y=-37.956
12.11 20:51:42 Moving is finished
12.11 20:53:50 Scanning 36 point from 442
12.11 20:53:50 Going to coordinates X=-24.153, Y=-37.956
12.11 20:53:51 Moving is finished
12.11 20:55:59 Scanning 37 point from 442
12.11 20:55:59 Going to coordinates X=-23.953, Y=-37.956
12.11 20:55:59 Moving is finished
12.11 20:58:07 Scanning 38 point from 442
12.11 20:58:07 Going to coordinates X=-23.753, Y=-37.956
12.11 20:58:08 Moving is finished
12.11 21:00:16 Scanning 39 point from 442
12.11 21:01:06 Going to coordinates X=-23.553, Y=-37.956
12.11 21:02:06 Moving is finished
12.11 21:04:14 Scanning 40 point from 442
12.11 21:05:04 Going to coordinates X=-23.353, Y=-37.956
12.11 21:06:04 Moving is finished
12.11 21:08:12 Scanning 41 point from 442
12.11 21:09:02 Going to coordinates X=-23.153, Y=-37.956
12.11 21:10:02 Moving is finished
12.11 21:12:10 Scanning 42 point from 442
12.11 21:13:00 Going to coordinates X=-22.953, Y=-37.956
12.11 21:14:00 Moving is finished
12.11 21:16:08 Scanning 43 point from 442
12.11 21:16:58 Going to coordinates X=-22.753, Y=-37.956
12.11 21:17:59 Moving is finished
12.11 21:20:06 Scanning 44 point from 442
12.11 21:20:56 Going to coordinates X=-22.553, Y=-37.956
12.11 21:21:57 Moving is finished
12.11 21:24:05 Scanning 45 point from 442
12.11 21:24:55 Going to coordinates X=-22.353, Y=-37.956
12.11 21:25:55 Moving is finished
12.11 21:28:03 Scanning 46 point from 442
12.11 21:28:53 Going to coordinates X=-22.153, Y=-37.956
12.11 21:29:53 Moving is finished
12.11 21:32:01 Scanning 47 point from 442
12.11 21:32:51 Going to coordinates X=-21.953, Y=-37.956
12.11 21:33:51 Moving is finished
12.11 21:35:59 Scanning 48 point from 442
12.11 21:36:49 Going to coordinates X=-21.753, Y=-37.956
12.11 21:37:49 Moving is finished
12.11 21:39:58 Scanning 49 point from 442
12.11 21:40:48 Going to coordinates X=-21.553, Y=-37.956
12.11 21:41:48 Moving is finished
12.11 21:43:56 Scanning 50 point from 442
12.11 21:44:46 Going to coordinates X=-21.353, Y=-37.956
12.11 21:45:46 Moving is finished
12.11 21:47:54 Scanning 51 point from 442
12.11 21:48:44 Going to coordinates X=-24.553, Y=-37.806
12.11 21:49:44 Moving is finished
12.11 21:51:52 Scanning 52 point from 442
12.11 21:52:42 Going to coordinates X=-24.353, Y=-37.806
12.11 21:53:42 Moving is finished
12.11 21:55:51 Scanning 53 point from 442
12.11 21:56:41 Going to coordinates X=-24.153, Y=-37.806
12.11 21:57:41 Moving is finished
12.11 21:59:49 Scanning 54 point from 442
12.11 22:00:39 Going to coordinates X=-23.953, Y=-37.806
12.11 22:01:39 Moving is finished
12.11 22:03:47 Scanning 55 point from 442
12.11 22:04:37 Going to coordinates X=-23.753, Y=-37.806
12.11 22:05:37 Moving is finished
12.11 22:07:45 Scanning 56 point from 442
12.11 22:08:35 Going to coordinates X=-23.553, Y=-37.806
12.11 22:09:35 Moving is finished
12.11 22:11:43 Scanning 57 point from 442
12.11 22:12:33 Going to coordinates X=-23.353, Y=-37.806
12.11 22:13:33 Moving is finished
12.11 22:15:41 Scanning 58 point from 442
12.11 22:16:31 Going to coordinates X=-23.153, Y=-37.806
12.11 22:17:31 Moving is finished
12.11 22:19:39 Scanning 59 point from 442
12.11 22:20:29 Going to coordinates X=-22.953, Y=-37.806
12.11 22:21:29 Moving is finished
12.11 22:23:37 Scanning 60 point from 442
12.11 22:24:27 Going to coordinates X=-22.753, Y=-37.806
12.11 22:25:28 Moving is finished
12.11 22:27:35 Scanning 61 point from 442
12.11 22:28:25 Going to coordinates X=-22.553, Y=-37.806
12.11 22:29:26 Moving is finished
12.11 22:31:34 Scanning 62 point from 442
12.11 22:32:24 Going to coordinates X=-22.353, Y=-37.806
12.11 22:33:24 Moving is finished
12.11 22:35:32 Scanning 63 point from 442
12.11 22:36:22 Going to coordinates X=-22.153, Y=-37.806
12.11 22:37:23 Moving is finished
12.11 22:39:31 Scanning 64 point from 442
12.11 22:40:21 Going to coordinates X=-21.953, Y=-37.806
12.11 22:41:21 Moving is finished
12.11 22:43:29 Scanning 65 point from 442
12.11 22:44:19 Going to coordinates X=-21.753, Y=-37.806
12.11 22:45:19 Moving is finished
12.11 22:47:27 Scanning 66 point from 442
12.11 22:48:17 Going to coordinates X=-21.553, Y=-37.806
12.11 22:49:17 Moving is finished
12.11 22:51:25 Scanning 67 point from 442
12.11 22:52:15 Going to coordinates X=-21.353, Y=-37.806
12.11 22:53:16 Moving is finished
12.11 22:55:24 Scanning 68 point from 442
12.11 22:56:14 Going to coordinates X=-24.553, Y=-37.656
12.11 22:57:14 Moving is finished
12.11 22:59:22 Scanning 69 point from 442
12.11 23:00:12 Going to coordinates X=-24.353, Y=-37.656
12.11 23:01:12 Moving is finished
12.11 23:03:20 Scanning 70 point from 442
12.11 23:04:10 Going to coordinates X=-24.153, Y=-37.656
12.11 23:05:10 Moving is finished
12.11 23:07:18 Scanning 71 point from 442
12.11 23:08:08 Going to coordinates X=-23.953, Y=-37.656
12.11 23:09:08 Moving is finished
12.11 23:11:16 Scanning 72 point from 442
12.11 23:12:06 Going to coordinates X=-23.753, Y=-37.656
12.11 23:13:07 Moving is finished
12.11 23:15:14 Scanning 73 point from 442
12.11 23:16:04 Going to coordinates X=-23.553, Y=-37.656
12.11 23:17:05 Moving is finished
12.11 23:19:13 Scanning 74 point from 442
12.11 23:20:03 Going to coordinates X=-23.353, Y=-37.656
12.11 23:21:03 Moving is finished
12.11 23:23:11 Scanning 75 point from 442
12.11 23:24:01 Going to coordinates X=-23.153, Y=-37.656
12.11 23:25:01 Moving is finished
12.11 23:27:09 Scanning 76 point from 442
12.11 23:27:59 Going to coordinates X=-22.953, Y=-37.656
12.11 23:28:59 Moving is finished
12.11 23:31:07 Scanning 77 point from 442
12.11 23:31:57 Going to coordinates X=-22.753, Y=-37.656
12.11 23:32:57 Moving is finished
12.11 23:35:06 Scanning 78 point from 442
12.11 23:35:56 Going to coordinates X=-22.553, Y=-37.656
12.11 23:36:56 Moving is finished
12.11 23:39:04 Scanning 79 point from 442
12.11 23:39:54 Going to coordinates X=-22.353, Y=-37.656
12.11 23:40:54 Moving is finished
12.11 23:43:02 Scanning 80 point from 442
12.11 23:43:52 Going to coordinates X=-22.153, Y=-37.656
12.11 23:44:52 Moving is finished
12.11 23:47:00 Scanning 81 point from 442
12.11 23:47:50 Going to coordinates X=-21.953, Y=-37.656
12.11 23:48:50 Moving is finished
12.11 23:50:58 Scanning 82 point from 442
12.11 23:51:48 Going to coordinates X=-21.753, Y=-37.656
12.11 23:52:48 Moving is finished
12.11 23:54:56 Scanning 83 point from 442
12.11 23:55:46 Going to coordinates X=-21.553, Y=-37.656
12.11 23:56:46 Moving is finished
12.11 23:58:54 Scanning 84 point from 442
12.11 23:59:44 Going to coordinates X=-21.353, Y=-37.656
13.11 00:00:44 Moving is finished
13.11 00:02:52 Scanning 85 point from 442
13.11 00:03:42 Going to coordinates X=-24.553, Y=-37.506
13.11 00:04:42 Moving is finished
13.11 00:06:50 Scanning 86 point from 442
13.11 00:07:40 Going to coordinates X=-24.353, Y=-37.506
13.11 00:08:40 Moving is finished
13.11 00:10:49 Scanning 87 point from 442
13.11 00:11:39 Going to coordinates X=-24.153, Y=-37.506
13.11 00:12:39 Moving is finished
13.11 00:14:47 Scanning 88 point from 442
13.11 00:15:37 Going to coordinates X=-23.953, Y=-37.506
13.11 00:16:37 Moving is finished
13.11 00:18:45 Scanning 89 point from 442
13.11 00:19:35 Going to coordinates X=-23.753, Y=-37.506
13.11 00:20:35 Moving is finished
13.11 00:22:43 Scanning 90 point from 442
13.11 00:23:33 Going to coordinates X=-23.553, Y=-37.506
13.11 00:24:34 Moving is finished
13.11 00:26:42 Scanning 91 point from 442
13.11 00:27:32 Going to coordinates X=-23.353, Y=-37.506
13.11 00:28:32 Moving is finished
13.11 00:30:40 Scanning 92 point from 442
13.11 00:31:30 Going to coordinates X=-23.153, Y=-37.506
13.11 00:32:30 Moving is finished
13.11 00:34:38 Scanning 93 point from 442
13.11 00:35:28 Going to coordinates X=-22.953, Y=-37.506
13.11 00:36:28 Moving is finished
13.11 00:38:36 Scanning 94 point from 442
13.11 00:39:26 Going to coordinates X=-22.753, Y=-37.506
13.11 00:40:26 Moving is finished
13.11 00:42:34 Scanning 95 point from 442
13.11 00:43:24 Going to coordinates X=-22.553, Y=-37.506
13.11 00:44:24 Moving is finished
13.11 00:46:32 Scanning 96 point from 442
13.11 00:47:22 Going to coordinates X=-22.353, Y=-37.506
13.11 00:48:22 Moving is finished
13.11 00:50:31 Scanning 97 point from 442
13.11 00:51:21 Going to coordinates X=-22.153, Y=-37.506
13.11 00:52:21 Moving is finished
13.11 00:54:29 Scanning 98 point from 442
13.11 00:55:19 Going to coordinates X=-21.953, Y=-37.506
13.11 00:56:19 Moving is finished
13.11 00:58:27 Scanning 99 point from 442
13.11 00:59:17 Going to coordinates X=-21.753, Y=-37.506
13.11 01:00:17 Moving is finished
13.11 01:02:25 Scanning 100 point from 442
13.11 01:03:15 Going to coordinates X=-21.553, Y=-37.506
13.11 01:04:15 Moving is finished
13.11 01:06:23 Scanning 101 point from 442
13.11 01:07:13 Going to coordinates X=-21.353, Y=-37.506
13.11 01:08:13 Moving is finished
13.11 01:10:21 Scanning 102 point from 442
13.11 01:11:11 Going to coordinates X=-24.553, Y=-37.356
13.11 01:12:11 Moving is finished
13.11 01:14:19 Scanning 103 point from 442
13.11 01:15:09 Going to coordinates X=-24.353, Y=-37.356
13.11 01:16:09 Moving is finished
13.11 01:18:17 Scanning 104 point from 442
13.11 01:19:07 Going to coordinates X=-24.153, Y=-37.356
13.11 01:20:07 Moving is finished
13.11 01:22:15 Scanning 105 point from 442
13.11 01:23:05 Going to coordinates X=-23.953, Y=-37.356
13.11 01:24:05 Moving is finished
13.11 01:26:13 Scanning 106 point from 442
13.11 01:27:03 Going to coordinates X=-23.753, Y=-37.356
13.11 01:28:03 Moving is finished
13.11 01:30:12 Scanning 107 point from 442
13.11 01:31:02 Going to coordinates X=-23.553, Y=-37.356
13.11 01:32:02 Moving is finished
13.11 01:34:10 Scanning 108 point from 442
13.11 01:35:00 Going to coordinates X=-23.353, Y=-37.356
13.11 01:36:00 Moving is finished
13.11 01:38:08 Scanning 109 point from 442
13.11 01:38:58 Going to coordinates X=-23.153, Y=-37.356
13.11 01:39:58 Moving is finished
13.11 01:42:06 Scanning 110 point from 442
13.11 01:42:56 Going to coordinates X=-22.953, Y=-37.356
13.11 01:43:57 Moving is finished
13.11 01:46:05 Scanning 111 point from 442
13.11 01:46:55 Going to coordinates X=-22.753, Y=-37.356
13.11 01:47:55 Moving is finished
13.11 01:50:03 Scanning 112 point from 442
13.11 01:50:53 Going to coordinates X=-22.553, Y=-37.356
13.11 01:51:53 Moving is finished
13.11 01:54:02 Scanning 113 point from 442
13.11 01:54:52 Going to coordinates X=-22.353, Y=-37.356
13.11 01:55:52 Moving is finished
13.11 01:58:00 Scanning 114 point from 442
13.11 01:58:50 Going to coordinates X=-22.153, Y=-37.356
13.11 01:59:50 Moving is finished
13.11 02:01:58 Scanning 115 point from 442
13.11 02:02:48 Going to coordinates X=-21.953, Y=-37.356
13.11 02:03:48 Moving is finished
13.11 02:05:56 Scanning 116 point from 442
13.11 02:06:46 Going to coordinates X=-21.753, Y=-37.356
13.11 02:07:46 Moving is finished
13.11 02:09:54 Scanning 117 point from 442
13.11 02:10:44 Going to coordinates X=-21.553, Y=-37.356
13.11 02:11:44 Moving is finished
13.11 02:13:52 Scanning 118 point from 442
13.11 02:14:42 Going to coordinates X=-21.353, Y=-37.356
13.11 02:15:42 Moving is finished
13.11 02:17:50 Scanning 119 point from 442
13.11 02:18:40 Going to coordinates X=-24.553, Y=-37.206
13.11 02:19:40 Moving is finished
13.11 02:21:48 Scanning 120 point from 442
13.11 02:22:38 Going to coordinates X=-24.353, Y=-37.206
13.11 02:23:38 Moving is finished
13.11 02:25:46 Scanning 121 point from 442
13.11 02:26:36 Going to coordinates X=-24.153, Y=-37.206
13.11 02:27:36 Moving is finished
13.11 02:29:44 Scanning 122 point from 442
13.11 02:30:34 Going to coordinates X=-23.953, Y=-37.206
13.11 02:31:34 Moving is finished
13.11 02:33:42 Scanning 123 point from 442
13.11 02:34:32 Going to coordinates X=-23.753, Y=-37.206
13.11 02:35:32 Moving is finished
13.11 02:37:40 Scanning 124 point from 442
13.11 02:38:30 Going to coordinates X=-23.553, Y=-37.206
13.11 02:39:30 Moving is finished
13.11 02:41:38 Scanning 125 point from 442
13.11 02:42:28 Going to coordinates X=-23.353, Y=-37.206
13.11 02:43:28 Moving is finished
13.11 02:45:36 Scanning 126 point from 442
13.11 02:46:26 Going to coordinates X=-23.153, Y=-37.206
13.11 02:47:26 Moving is finished
13.11 02:49:34 Scanning 127 point from 442
13.11 02:50:24 Going to coordinates X=-22.953, Y=-37.206
13.11 02:51:24 Moving is finished
13.11 02:53:32 Scanning 128 point from 442
13.11 02:54:22 Going to coordinates X=-22.753, Y=-37.206
13.11 02:55:22 Moving is finished
13.11 02:57:30 Scanning 129 point from 442
13.11 02:58:20 Going to coordinates X=-22.553, Y=-37.206
13.11 02:59:20 Moving is finished
13.11 03:01:28 Scanning 130 point from 442
13.11 03:02:18 Going to coordinates X=-22.353, Y=-37.206
13.11 03:03:19 Moving is finished
13.11 03:05:26 Scanning 131 point from 442
13.11 03:06:16 Going to coordinates X=-22.153, Y=-37.206
13.11 03:07:17 Moving is finished
13.11 03:09:25 Scanning 132 point from 442
13.11 03:10:15 Going to coordinates X=-21.953, Y=-37.206
13.11 03:11:15 Moving is finished
13.11 03:13:23 Scanning 133 point from 442
13.11 03:14:13 Going to coordinates X=-21.753, Y=-37.206
13.11 03:15:13 Moving is finished
13.11 03:17:21 Scanning 134 point from 442
13.11 03:18:11 Going to coordinates X=-21.553, Y=-37.206
13.11 03:19:11 Moving is finished
13.11 03:21:19 Scanning 135 point from 442
13.11 03:22:09 Going to coordinates X=-21.353, Y=-37.206
13.11 03:23:09 Moving is finished
13.11 03:25:17 Scanning 136 point from 442
13.11 03:26:07 Going to coordinates X=-24.553, Y=-37.056
13.11 03:27:07 Moving is finished
13.11 03:29:15 Scanning 137 point from 442
13.11 03:30:05 Going to coordinates X=-24.353, Y=-37.056
13.11 03:31:05 Moving is finished
13.11 03:33:13 Scanning 138 point from 442
13.11 03:34:03 Going to coordinates X=-24.153, Y=-37.056
13.11 03:35:04 Moving is finished
13.11 03:37:11 Scanning 139 point from 442
13.11 03:38:01 Going to coordinates X=-23.953, Y=-37.056
13.11 03:39:01 Moving is finished
13.11 03:41:10 Scanning 140 point from 442
13.11 03:42:00 Going to coordinates X=-23.753, Y=-37.056
13.11 03:43:00 Moving is finished
13.11 03:45:08 Scanning 141 point from 442
13.11 03:45:58 Going to coordinates X=-23.553, Y=-37.056
13.11 03:46:58 Moving is finished
13.11 03:49:07 Scanning 142 point from 442
13.11 03:49:57 Going to coordinates X=-23.353, Y=-37.056
13.11 03:50:57 Moving is finished
13.11 03:53:05 Scanning 143 point from 442
13.11 03:53:55 Going to coordinates X=-23.153, Y=-37.056
13.11 03:54:56 Moving is finished
13.11 03:57:04 Scanning 144 point from 442
13.11 03:57:54 Going to coordinates X=-22.953, Y=-37.056
13.11 03:58:54 Moving is finished
13.11 04:01:02 Scanning 145 point from 442
13.11 04:01:52 Going to coordinates X=-22.753, Y=-37.056
13.11 04:02:52 Moving is finished
13.11 04:05:00 Scanning 146 point from 442
13.11 04:05:50 Going to coordinates X=-22.553, Y=-37.056
13.11 04:06:50 Moving is finished
13.11 04:08:58 Scanning 147 point from 442
13.11 04:09:48 Going to coordinates X=-22.353, Y=-37.056
13.11 04:10:48 Moving is finished
13.11 04:12:56 Scanning 148 point from 442
13.11 04:13:46 Going to coordinates X=-22.153, Y=-37.056
13.11 04:14:47 Moving is finished
13.11 04:16:55 Scanning 149 point from 442
13.11 04:17:45 Going to coordinates X=-21.953, Y=-37.056
13.11 04:18:45 Moving is finished
13.11 04:20:53 Scanning 150 point from 442
13.11 04:21:43 Going to coordinates X=-21.753, Y=-37.056
13.11 04:22:43 Moving is finished
13.11 04:24:51 Scanning 151 point from 442
13.11 04:25:41 Going to coordinates X=-21.553, Y=-37.056
13.11 04:26:41 Moving is finished
13.11 04:28:49 Scanning 152 point from 442
13.11 04:29:39 Going to coordinates X=-21.353, Y=-37.056
13.11 04:30:39 Moving is finished
13.11 04:32:47 Scanning 153 point from 442
13.11 04:33:37 Going to coordinates X=-24.553, Y=-36.906
13.11 04:34:37 Moving is finished
13.11 04:36:46 Scanning 154 point from 442
13.11 04:37:36 Going to coordinates X=-24.353, Y=-36.906
13.11 04:38:36 Moving is finished
13.11 04:40:44 Scanning 155 point from 442
13.11 04:41:34 Going to coordinates X=-24.153, Y=-36.906
13.11 04:42:35 Moving is finished
13.11 04:44:43 Scanning 156 point from 442
13.11 04:45:33 Going to coordinates X=-23.953, Y=-36.906
13.11 04:46:33 Moving is finished
13.11 04:48:41 Scanning 157 point from 442
13.11 04:49:31 Going to coordinates X=-23.753, Y=-36.906
13.11 04:50:31 Moving is finished
13.11 04:52:39 Scanning 158 point from 442
13.11 04:53:29 Going to coordinates X=-23.553, Y=-36.906
13.11 04:54:29 Moving is finished
13.11 04:56:37 Scanning 159 point from 442
13.11 04:57:27 Going to coordinates X=-23.353, Y=-36.906
13.11 04:58:27 Moving is finished
13.11 05:00:35 Scanning 160 point from 442
13.11 05:01:25 Going to coordinates X=-23.153, Y=-36.906
13.11 05:02:25 Moving is finished
13.11 05:04:33 Scanning 161 point from 442
13.11 05:05:23 Going to coordinates X=-22.953, Y=-36.906
13.11 05:06:24 Moving is finished
13.11 05:08:32 Scanning 162 point from 442
13.11 05:09:22 Going to coordinates X=-22.753, Y=-36.906
13.11 05:10:22 Moving is finished
13.11 05:12:30 Scanning 163 point from 442
13.11 05:13:20 Going to coordinates X=-22.553, Y=-36.906
13.11 05:14:20 Moving is finished
13.11 05:16:28 Scanning 164 point from 442
13.11 05:17:18 Going to coordinates X=-22.353, Y=-36.906
13.11 05:18:18 Moving is finished
13.11 05:20:26 Scanning 165 point from 442
13.11 05:21:16 Going to coordinates X=-22.153, Y=-36.906
13.11 05:22:16 Moving is finished
13.11 05:24:24 Scanning 166 point from 442
13.11 05:25:14 Going to coordinates X=-21.953, Y=-36.906
13.11 05:26:14 Moving is finished
13.11 05:28:22 Scanning 167 point from 442
13.11 05:29:12 Going to coordinates X=-21.753, Y=-36.906
13.11 05:30:13 Moving is finished
13.11 05:32:21 Scanning 168 point from 442
13.11 05:33:11 Going to coordinates X=-21.553, Y=-36.906
13.11 05:34:11 Moving is finished
13.11 05:36:19 Scanning 169 point from 442
13.11 05:37:09 Going to coordinates X=-21.353, Y=-36.906
13.11 05:38:09 Moving is finished
13.11 05:40:17 Scanning 170 point from 442
13.11 05:41:07 Going to coordinates X=-24.553, Y=-36.756
13.11 05:42:07 Moving is finished
13.11 05:44:16 Scanning 171 point from 442
13.11 05:45:06 Going to coordinates X=-24.353, Y=-36.756
13.11 05:46:06 Moving is finished
13.11 05:48:14 Scanning 172 point from 442
13.11 05:49:04 Going to coordinates X=-24.153, Y=-36.756
13.11 05:50:05 Moving is finished
13.11 05:52:13 Scanning 173 point from 442
13.11 05:53:03 Going to coordinates X=-23.953, Y=-36.756
13.11 05:54:03 Moving is finished
13.11 05:56:11 Scanning 174 point from 442
13.11 05:57:01 Going to coordinates X=-23.753, Y=-36.756
13.11 05:58:01 Moving is finished
13.11 06:00:09 Scanning 175 point from 442
13.11 06:00:59 Going to coordinates X=-23.553, Y=-36.756
13.11 06:01:59 Moving is finished
13.11 06:04:07 Scanning 176 point from 442
13.11 06:04:57 Going to coordinates X=-23.353, Y=-36.756
13.11 06:05:57 Moving is finished
13.11 06:08:05 Scanning 177 point from 442
13.11 06:08:55 Going to coordinates X=-23.153, Y=-36.756
13.11 06:09:55 Moving is finished
13.11 06:12:04 Scanning 178 point from 442
13.11 06:12:54 Going to coordinates X=-22.953, Y=-36.756
13.11 06:13:54 Moving is finished
13.11 06:16:02 Scanning 179 point from 442
13.11 06:16:52 Going to coordinates X=-22.753, Y=-36.756
13.11 06:17:52 Moving is finished
13.11 06:20:00 Scanning 180 point from 442
13.11 06:20:50 Going to coordinates X=-22.553, Y=-36.756
13.11 06:21:50 Moving is finished
13.11 06:23:58 Scanning 181 point from 442
13.11 06:24:48 Going to coordinates X=-22.353, Y=-36.756
13.11 06:25:48 Moving is finished
13.11 06:27:56 Scanning 182 point from 442
13.11 06:28:46 Going to coordinates X=-22.153, Y=-36.756
13.11 06:29:46 Moving is finished
13.11 06:31:54 Scanning 183 point from 442
13.11 06:32:44 Going to coordinates X=-21.953, Y=-36.756
13.11 06:33:44 Moving is finished
13.11 06:35:52 Scanning 184 point from 442
13.11 06:36:42 Going to coordinates X=-21.753, Y=-36.756
13.11 06:37:42 Moving is finished
13.11 06:39:50 Scanning 185 point from 442
13.11 06:40:40 Going to coordinates X=-21.553, Y=-36.756
13.11 06:41:41 Moving is finished
13.11 06:43:48 Scanning 186 point from 442
13.11 06:44:38 Going to coordinates X=-21.353, Y=-36.756
13.11 06:45:38 Moving is finished
13.11 06:47:46 Scanning 187 point from 442
13.11 06:48:36 Going to coordinates X=-24.553, Y=-36.606
13.11 06:49:36 Moving is finished
13.11 06:51:44 Scanning 188 point from 442
13.11 06:52:34 Going to coordinates X=-24.353, Y=-36.606
13.11 06:53:35 Moving is finished
13.11 06:55:42 Scanning 189 point from 442
13.11 06:56:32 Going to coordinates X=-24.153, Y=-36.606
13.11 06:57:32 Moving is finished
13.11 06:59:41 Scanning 190 point from 442
13.11 07:00:31 Going to coordinates X=-23.953, Y=-36.606
13.11 07:01:31 Moving is finished
13.11 07:03:39 Scanning 191 point from 442
13.11 07:04:29 Going to coordinates X=-23.753, Y=-36.606
13.11 07:05:29 Moving is finished
13.11 07:07:37 Scanning 192 point from 442
13.11 07:08:27 Going to coordinates X=-23.553, Y=-36.606
13.11 07:09:27 Moving is finished
13.11 07:11:35 Scanning 193 point from 442
13.11 07:12:25 Going to coordinates X=-23.353, Y=-36.606
13.11 07:13:25 Moving is finished
13.11 07:15:33 Scanning 194 point from 442
13.11 07:16:23 Going to coordinates X=-23.153, Y=-36.606
13.11 07:17:23 Moving is finished
13.11 07:19:32 Scanning 195 point from 442
13.11 07:20:22 Going to coordinates X=-22.953, Y=-36.606
13.11 07:21:22 Moving is finished
13.11 07:23:30 Scanning 196 point from 442
13.11 07:24:20 Going to coordinates X=-22.753, Y=-36.606
13.11 07:25:20 Moving is finished
13.11 07:27:28 Scanning 197 point from 442
13.11 07:28:18 Going to coordinates X=-22.553, Y=-36.606
13.11 07:29:18 Moving is finished
13.11 07:31:26 Scanning 198 point from 442
13.11 07:32:16 Going to coordinates X=-22.353, Y=-36.606
13.11 07:33:16 Moving is finished
13.11 07:35:24 Scanning 199 point from 442
13.11 07:36:14 Going to coordinates X=-22.153, Y=-36.606
13.11 07:37:14 Moving is finished
13.11 07:39:23 Scanning 200 point from 442
13.11 07:40:13 Going to coordinates X=-21.953, Y=-36.606
13.11 07:41:13 Moving is finished
13.11 07:43:21 Scanning 201 point from 442
13.11 07:44:11 Going to coordinates X=-21.753, Y=-36.606
13.11 07:45:11 Moving is finished
13.11 07:47:19 Scanning 202 point from 442
13.11 07:48:09 Going to coordinates X=-21.553, Y=-36.606
13.11 07:49:09 Moving is finished
13.11 07:51:17 Scanning 203 point from 442
13.11 07:52:07 Going to coordinates X=-21.353, Y=-36.606
13.11 07:53:07 Moving is finished
13.11 07:55:15 Scanning 204 point from 442
13.11 07:56:05 Going to coordinates X=-24.553, Y=-36.456
13.11 07:57:05 Moving is finished
13.11 07:59:13 Scanning 205 point from 442
13.11 08:00:03 Going to coordinates X=-24.353, Y=-36.456
13.11 08:01:03 Moving is finished
13.11 08:03:12 Scanning 206 point from 442
13.11 08:04:02 Going to coordinates X=-24.153, Y=-36.456
13.11 08:05:02 Moving is finished
13.11 08:07:10 Scanning 207 point from 442
13.11 08:08:00 Going to coordinates X=-23.953, Y=-36.456
13.11 08:09:00 Moving is finished
13.11 08:11:08 Scanning 208 point from 442
13.11 08:11:58 Going to coordinates X=-23.753, Y=-36.456
13.11 08:12:58 Moving is finished
13.11 08:15:06 Scanning 209 point from 442
13.11 08:15:56 Going to coordinates X=-23.553, Y=-36.456
13.11 08:16:56 Moving is finished
13.11 08:19:04 Scanning 210 point from 442
13.11 08:19:54 Going to coordinates X=-23.353, Y=-36.456
13.11 08:20:54 Moving is finished
13.11 08:23:02 Scanning 211 point from 442
13.11 08:23:52 Going to coordinates X=-23.153, Y=-36.456
13.11 08:24:52 Moving is finished
13.11 08:27:00 Scanning 212 point from 442
13.11 08:27:50 Going to coordinates X=-22.953, Y=-36.456
13.11 08:28:50 Moving is finished
13.11 08:30:58 Scanning 213 point from 442
13.11 08:31:48 Going to coordinates X=-22.753, Y=-36.456
13.11 08:32:49 Moving is finished
13.11 08:34:56 Scanning 214 point from 442
13.11 08:35:46 Going to coordinates X=-22.553, Y=-36.456
13.11 08:36:47 Moving is finished
13.11 08:38:55 Scanning 215 point from 442
13.11 08:39:45 Going to coordinates X=-22.353, Y=-36.456
13.11 08:40:45 Moving is finished
13.11 08:42:53 Scanning 216 point from 442
13.11 08:43:43 Going to coordinates X=-22.153, Y=-36.456
13.11 08:44:43 Moving is finished
13.11 08:46:51 Scanning 217 point from 442
13.11 08:47:41 Going to coordinates X=-21.953, Y=-36.456
13.11 08:48:41 Moving is finished
13.11 08:50:49 Scanning 218 point from 442
13.11 08:51:39 Going to coordinates X=-21.753, Y=-36.456
13.11 08:52:39 Moving is finished
13.11 08:54:47 Scanning 219 point from 442
13.11 08:55:37 Going to coordinates X=-21.553, Y=-36.456
13.11 08:56:37 Moving is finished
13.11 08:58:45 Scanning 220 point from 442
13.11 08:59:35 Going to coordinates X=-21.353, Y=-36.456
13.11 09:00:35 Moving is finished
13.11 09:02:43 Scanning 221 point from 442
13.11 09:03:33 Going to coordinates X=-24.553, Y=-36.306
13.11 09:04:33 Moving is finished
13.11 09:06:41 Scanning 222 point from 442
13.11 09:07:31 Going to coordinates X=-24.353, Y=-36.306
13.11 09:08:31 Moving is finished
13.11 09:10:39 Scanning 223 point from 442
13.11 09:11:29 Going to coordinates X=-24.153, Y=-36.306
13.11 09:12:29 Moving is finished
13.11 09:14:37 Scanning 224 point from 442
13.11 09:15:27 Going to coordinates X=-23.953, Y=-36.306
13.11 09:16:28 Moving is finished
13.11 09:18:36 Scanning 225 point from 442
13.11 09:19:26 Going to coordinates X=-23.753, Y=-36.306
13.11 09:20:26 Moving is finished
13.11 09:22:34 Scanning 226 point from 442
13.11 09:23:24 Going to coordinates X=-23.553, Y=-36.306
13.11 09:24:24 Moving is finished
13.11 09:26:32 Scanning 227 point from 442
13.11 09:27:22 Going to coordinates X=-23.353, Y=-36.306
13.11 09:28:22 Moving is finished
13.11 09:30:30 Scanning 228 point from 442
13.11 09:31:20 Going to coordinates X=-23.153, Y=-36.306
13.11 09:32:20 Moving is finished
13.11 09:34:28 Scanning 229 point from 442
13.11 09:35:18 Going to coordinates X=-22.953, Y=-36.306
13.11 09:36:18 Moving is finished
13.11 09:38:27 Scanning 230 point from 442
13.11 09:39:17 Going to coordinates X=-22.753, Y=-36.306
13.11 09:40:17 Moving is finished
13.11 09:42:25 Scanning 231 point from 442
13.11 09:43:15 Going to coordinates X=-22.553, Y=-36.306
13.11 09:44:15 Moving is finished
13.11 09:46:24 Scanning 232 point from 442
13.11 09:47:14 Going to coordinates X=-22.353, Y=-36.306
13.11 09:48:14 Moving is finished
13.11 09:50:22 Scanning 233 point from 442
13.11 09:51:12 Going to coordinates X=-22.153, Y=-36.306
13.11 09:52:12 Moving is finished
13.11 09:54:20 Scanning 234 point from 442
13.11 09:55:10 Going to coordinates X=-21.953, Y=-36.306
13.11 09:56:10 Moving is finished
13.11 09:58:18 Scanning 235 point from 442
13.11 09:59:08 Going to coordinates X=-21.753, Y=-36.306
13.11 10:00:08 Moving is finished
13.11 10:02:16 Scanning 236 point from 442
13.11 10:03:06 Going to coordinates X=-21.553, Y=-36.306
13.11 10:04:06 Moving is finished
13.11 10:06:14 Scanning 237 point from 442
13.11 10:07:04 Going to coordinates X=-21.353, Y=-36.306
13.11 10:08:04 Moving is finished
13.11 10:10:12 Scanning 238 point from 442
13.11 10:11:02 Going to coordinates X=-24.553, Y=-36.156
13.11 10:12:02 Moving is finished
13.11 10:14:10 Scanning 239 point from 442
13.11 10:15:00 Going to coordinates X=-24.353, Y=-36.156
13.11 10:16:00 Moving is finished
13.11 10:18:08 Scanning 240 point from 442
13.11 10:18:58 Going to coordinates X=-24.153, Y=-36.156
13.11 10:19:58 Moving is finished
13.11 10:20:04 Could not find 'EZRaman Reader  V8.2.0 MV' in 'dict_keys([])'
13.11 10:20:09 Could not find 'EZRaman Reader  V8.2.0 MV' in 'dict_keys([])'
13.11 10:20:10 Scanning 241 point from 442
13.11 10:21:00 Going to coordinates X=-23.953, Y=-36.156
13.11 10:22:00 Moving is finished
13.11 10:22:06 Could not find 'EZRaman Reader  V8.2.0 MV' in 'dict_keys([])'
13.11 10:22:11 Could not find 'EZRaman Reader  V8.2.0 MV' in 'dict_keys([])'
13.11 10:22:12 Scanning 242 point from 442
13.11 10:23:02 Going to coordinates X=-23.753, Y=-36.156
13.11 10:24:02 Moving is finished
13.11 10:24:08 Could not find 'EZRaman Reader  V8.2.0 MV' in 'dict_keys([])'
13.11 10:24:13 Could not find 'EZRaman Reader  V8.2.0 MV' in 'dict_keys([])'
13.11 10:24:14 Scanning 243 point from 442
13.11 10:25:04 Going to coordinates X=-23.553, Y=-36.156
13.11 10:26:04 Moving is finished
13.11 10:26:10 Could not find 'EZRaman Reader  V8.2.0 MV' in 'dict_keys([])'
13.11 10:26:15 Could not find 'EZRaman Reader  V8.2.0 MV' in 'dict_keys([])'
13.11 10:26:16 Scanning 244 point from 442
13.11 10:27:06 Going to coordinates X=-23.353, Y=-36.156
13.11 10:28:06 Moving is finished
13.11 10:28:12 Could not find 'EZRaman Reader  V8.2.0 MV' in 'dict_keys([])'
13.11 10:28:17 Could not find 'EZRaman Reader  V8.2.0 MV' in 'dict_keys([])'
13.11 10:28:18 Scanning 245 point from 442
13.11 10:29:08 Going to coordinates X=-23.153, Y=-36.156
13.11 10:30:08 Moving is finished
13.11 10:30:14 Could not find 'EZRaman Reader  V8.2.0 MV' in 'dict_keys([])'
13.11 10:30:19 Could not find 'EZRaman Reader  V8.2.0 MV' in 'dict_keys([])'
13.11 10:30:20 Scanning 246 point from 442
13.11 10:31:10 Going to coordinates X=-22.953, Y=-36.156
13.11 10:32:10 Moving is finished
13.11 10:32:16 Could not find 'EZRaman Reader  V8.2.0 MV' in 'dict_keys([])'
13.11 10:32:21 Could not find 'EZRaman Reader  V8.2.0 MV' in 'dict_keys([])'
13.11 10:32:22 Scanning 247 point from 442
13.11 10:33:12 Going to coordinates X=-22.753, Y=-36.156
13.11 10:34:12 Moving is finished
13.11 10:34:18 Could not find 'EZRaman Reader  V8.2.0 MV' in 'dict_keys([])'
13.11 10:34:23 Could not find 'EZRaman Reader  V8.2.0 MV' in 'dict_keys([])'
13.11 10:34:24 Scanning 248 point from 442
13.11 10:35:14 Going to coordinates X=-22.553, Y=-36.156
13.11 10:36:14 Moving is finished
13.11 10:38:23 Scanning 249 point from 442
13.11 10:39:13 Going to coordinates X=-22.353, Y=-36.156
13.11 10:40:13 Moving is finished
13.11 10:42:21 Scanning 250 point from 442
13.11 10:43:11 Going to coordinates X=-22.153, Y=-36.156
13.11 10:44:11 Moving is finished
13.11 10:44:17 Could not find 'EZRaman Reader  V8.2.0 MV' in 'dict_keys([])'
13.11 10:44:22 Could not find 'EZRaman Reader  V8.2.0 MV' in 'dict_keys([])'
13.11 10:44:23 Scanning 251 point from 442
13.11 10:45:13 Going to coordinates X=-21.953, Y=-36.156
13.11 10:46:13 Moving is finished
13.11 10:46:19 Could not find 'EZRaman Reader  V8.2.0 MV' in 'dict_keys([])'
13.11 10:46:24 Could not find 'EZRaman Reader  V8.2.0 MV' in 'dict_keys([])'
13.11 10:46:25 Scanning 252 point from 442
13.11 10:47:15 Going to coordinates X=-21.753, Y=-36.156
13.11 10:48:15 Moving is finished
13.11 10:48:21 Could not find 'EZRaman Reader  V8.2.0 MV' in 'dict_keys([])'
13.11 10:48:26 Could not find 'EZRaman Reader  V8.2.0 MV' in 'dict_keys([])'
13.11 10:48:27 Scanning 253 point from 442
13.11 10:49:17 Going to coordinates X=-21.553, Y=-36.156
13.11 10:50:17 Moving is finished
13.11 10:50:23 Could not find 'EZRaman Reader  V8.2.0 MV' in 'dict_keys([])'
13.11 10:50:28 Could not find 'EZRaman Reader  V8.2.0 MV' in 'dict_keys([])'
13.11 10:50:29 Scanning 254 point from 442
13.11 10:51:19 Going to coordinates X=-21.353, Y=-36.156
13.11 10:52:19 Moving is finished
13.11 10:52:25 Could not find 'EZRaman Reader  V8.2.0 MV' in 'dict_keys([])'
13.11 10:52:30 Could not find 'EZRaman Reader  V8.2.0 MV' in 'dict_keys([])'
13.11 10:52:31 Scanning 255 point from 442
13.11 10:53:21 Going to coordinates X=-24.553, Y=-36.006
13.11 10:54:21 Moving is finished
13.11 10:54:27 Could not find 'EZRaman Reader  V8.2.0 MV' in 'dict_keys([])'
13.11 10:54:32 Could not find 'EZRaman Reader  V8.2.0 MV' in 'dict_keys([])'
13.11 10:54:33 Scanning 256 point from 442
13.11 10:55:23 Going to coordinates X=-24.353, Y=-36.006
13.11 10:56:23 Moving is finished
13.11 10:56:29 Could not find 'EZRaman Reader  V8.2.0 MV' in 'dict_keys([])'
13.11 10:56:34 Could not find 'EZRaman Reader  V8.2.0 MV' in 'dict_keys([])'
13.11 10:56:35 Scanning 257 point from 442
13.11 10:57:25 Going to coordinates X=-24.153, Y=-36.006
13.11 10:58:25 Moving is finished
13.11 10:58:31 Could not find 'EZRaman Reader  V8.2.0 MV' in 'dict_keys([])'
13.11 10:58:36 Could not find 'EZRaman Reader  V8.2.0 MV' in 'dict_keys([])'
13.11 10:58:37 Scanning 258 point from 442
13.11 10:59:27 Going to coordinates X=-23.953, Y=-36.006
13.11 11:00:27 Moving is finished
13.11 11:00:33 Could not find 'EZRaman Reader  V8.2.0 MV' in 'dict_keys([])'
13.11 11:00:38 Could not find 'EZRaman Reader  V8.2.0 MV' in 'dict_keys([])'
13.11 11:00:39 Scanning 259 point from 442
13.11 11:01:29 Going to coordinates X=-23.753, Y=-36.006
13.11 11:02:29 Moving is finished
13.11 11:02:35 Could not find 'EZRaman Reader  V8.2.0 MV' in 'dict_keys([])'
13.11 11:02:40 Could not find 'EZRaman Reader  V8.2.0 MV' in 'dict_keys([])'
13.11 11:02:41 Scanning 260 point from 442
13.11 11:03:31 Going to coordinates X=-23.553, Y=-36.006
13.11 11:04:31 Moving is finished
13.11 11:04:37 Could not find 'EZRaman Reader  V8.2.0 MV' in 'dict_keys([])'
13.11 11:04:42 Could not find 'EZRaman Reader  V8.2.0 MV' in 'dict_keys([])'
13.11 11:04:43 Scanning 261 point from 442
13.11 11:05:33 Going to coordinates X=-23.353, Y=-36.006
13.11 11:06:33 Moving is finished
13.11 11:06:39 Could not find 'EZRaman Reader  V8.2.0 MV' in 'dict_keys([])'
13.11 11:06:44 Could not find 'EZRaman Reader  V8.2.0 MV' in 'dict_keys([])'
13.11 11:06:45 Scanning 262 point from 442
13.11 11:07:35 Going to coordinates X=-23.153, Y=-36.006
13.11 11:08:35 Moving is finished
13.11 11:08:41 Could not find 'EZRaman Reader  V8.2.0 MV' in 'dict_keys([])'
13.11 11:08:46 Could not find 'EZRaman Reader  V8.2.0 MV' in 'dict_keys([])'
13.11 11:08:47 Scanning 263 point from 442
13.11 11:09:37 Going to coordinates X=-22.953, Y=-36.006
13.11 11:10:37 Moving is finished
13.11 11:10:43 Could not find 'EZRaman Reader  V8.2.0 MV' in 'dict_keys([])'
13.11 11:10:48 Could not find 'EZRaman Reader  V8.2.0 MV' in 'dict_keys([])'
13.11 11:10:49 Scanning 264 point from 442
13.11 11:11:39 Going to coordinates X=-22.753, Y=-36.006
13.11 11:12:10 Stopped!
