31.10 17:39:31 Initializing grbl...
31.10 17:39:32 Got the response: b''
31.10 17:45:35 Row 0: 31.10 17:45:35 Map: x1: -14.043, y1: -39.241, x2: -13.192, y2: -40.031, xres: 0.060, yres: 0.060, fname: M3-A2
31.10 17:45:35 Scanning 0 point from 240
31.10 17:45:35 Going to coordinates X=-14.043, Y=-40.031
31.10 17:45:35 Moving is finished
31.10 17:49:01 Scanning 1 point from 240
31.10 17:49:01 Going to coordinates X=-13.983, Y=-40.031
31.10 17:49:01 Moving is finished
31.10 17:52:25 Scanning 2 point from 240
31.10 17:52:25 Going to coordinates X=-13.923, Y=-40.031
31.10 17:52:25 Moving is finished
31.10 17:55:50 Scanning 3 point from 240
31.10 17:55:50 Going to coordinates X=-13.863, Y=-40.031
31.10 17:55:50 Moving is finished
31.10 17:59:15 Scanning 4 point from 240
31.10 17:59:15 Going to coordinates X=-13.803, Y=-40.031
31.10 17:59:16 Moving is finished
31.10 18:02:41 Scanning 5 point from 240
31.10 18:02:41 Going to coordinates X=-13.743, Y=-40.031
31.10 18:02:41 Moving is finished
31.10 18:06:06 Scanning 6 point from 240
31.10 18:06:06 Going to coordinates X=-13.683, Y=-40.031
31.10 18:06:07 Moving is finished
31.10 18:09:32 Scanning 7 point from 240
31.10 18:09:32 Going to coordinates X=-13.623, Y=-40.031
31.10 18:09:32 Moving is finished
31.10 18:12:56 Scanning 8 point from 240
31.10 18:12:56 Going to coordinates X=-13.563, Y=-40.031
31.10 18:12:57 Moving is finished
31.10 18:16:22 Scanning 9 point from 240
31.10 18:16:22 Going to coordinates X=-13.503, Y=-40.031
31.10 18:16:22 Moving is finished
31.10 18:19:47 Scanning 10 point from 240
31.10 18:19:47 Going to coordinates X=-13.443, Y=-40.031
31.10 18:19:47 Moving is finished
31.10 18:23:12 Scanning 11 point from 240
31.10 18:23:12 Going to coordinates X=-13.383, Y=-40.031
31.10 18:23:12 Moving is finished
31.10 18:26:37 Scanning 12 point from 240
31.10 18:26:37 Going to coordinates X=-13.323, Y=-40.031
31.10 18:26:37 Moving is finished
31.10 18:30:02 Scanning 13 point from 240
31.10 18:30:02 Going to coordinates X=-13.263, Y=-40.031
31.10 18:30:02 Moving is finished
31.10 18:33:27 Scanning 14 point from 240
31.10 18:33:27 Going to coordinates X=-13.203, Y=-40.031
31.10 18:33:27 Moving is finished
31.10 18:36:52 Scanning 15 point from 240
31.10 18:36:52 Going to coordinates X=-13.143, Y=-40.031
31.10 18:36:53 Moving is finished
31.10 18:40:17 Scanning 16 point from 240
31.10 18:40:17 Going to coordinates X=-14.043, Y=-39.971
31.10 18:40:18 Moving is finished
31.10 18:43:43 Scanning 17 point from 240
31.10 18:43:43 Going to coordinates X=-13.983, Y=-39.971
31.10 18:43:44 Moving is finished
31.10 18:47:10 Scanning 18 point from 240
31.10 18:47:10 Going to coordinates X=-13.923, Y=-39.971
31.10 18:47:10 Moving is finished
31.10 18:50:35 Scanning 19 point from 240
31.10 18:50:35 Going to coordinates X=-13.863, Y=-39.971
31.10 18:50:35 Moving is finished
31.10 18:54:00 Scanning 20 point from 240
31.10 18:54:00 Going to coordinates X=-13.803, Y=-39.971
31.10 18:54:00 Moving is finished
31.10 18:57:25 Scanning 21 point from 240
31.10 18:57:25 Going to coordinates X=-13.743, Y=-39.971
31.10 18:57:26 Moving is finished
31.10 19:00:51 Scanning 22 point from 240
31.10 19:00:51 Going to coordinates X=-13.683, Y=-39.971
31.10 19:00:51 Moving is finished
31.10 19:04:16 Scanning 23 point from 240
31.10 19:04:16 Going to coordinates X=-13.623, Y=-39.971
31.10 19:04:16 Moving is finished
31.10 19:07:40 Scanning 24 point from 240
31.10 19:07:40 Going to coordinates X=-13.563, Y=-39.971
31.10 19:07:41 Moving is finished
31.10 19:11:06 Scanning 25 point from 240
31.10 19:11:06 Going to coordinates X=-13.503, Y=-39.971
31.10 19:11:06 Moving is finished
31.10 19:14:31 Scanning 26 point from 240
31.10 19:14:31 Going to coordinates X=-13.443, Y=-39.971
31.10 19:14:31 Moving is finished
31.10 19:17:56 Scanning 27 point from 240
31.10 19:17:56 Going to coordinates X=-13.383, Y=-39.971
31.10 19:17:56 Moving is finished
31.10 19:21:20 Scanning 28 point from 240
31.10 19:21:20 Going to coordinates X=-13.323, Y=-39.971
31.10 19:21:21 Moving is finished
31.10 19:24:45 Scanning 29 point from 240
31.10 19:24:45 Going to coordinates X=-13.263, Y=-39.971
31.10 19:24:46 Moving is finished
31.10 19:28:10 Scanning 30 point from 240
31.10 19:28:10 Going to coordinates X=-13.203, Y=-39.971
31.10 19:28:10 Moving is finished
31.10 19:31:36 Scanning 31 point from 240
31.10 19:31:36 Going to coordinates X=-13.143, Y=-39.971
31.10 19:31:36 Moving is finished
31.10 19:35:01 Scanning 32 point from 240
31.10 19:35:01 Going to coordinates X=-14.043, Y=-39.911
31.10 19:35:02 Moving is finished
31.10 19:38:27 Scanning 33 point from 240
31.10 19:38:27 Going to coordinates X=-13.983, Y=-39.911
31.10 19:38:27 Moving is finished
31.10 19:41:52 Scanning 34 point from 240
31.10 19:41:52 Going to coordinates X=-13.923, Y=-39.911
31.10 19:41:52 Moving is finished
31.10 19:45:17 Scanning 35 point from 240
31.10 19:45:17 Going to coordinates X=-13.863, Y=-39.911
31.10 19:45:17 Moving is finished
31.10 19:48:42 Scanning 36 point from 240
31.10 19:48:42 Going to coordinates X=-13.803, Y=-39.911
31.10 19:48:42 Moving is finished
31.10 19:52:07 Scanning 37 point from 240
31.10 19:52:07 Going to coordinates X=-13.743, Y=-39.911
31.10 19:52:07 Moving is finished
31.10 19:55:32 Scanning 38 point from 240
31.10 19:55:32 Going to coordinates X=-13.683, Y=-39.911
31.10 19:55:32 Moving is finished
31.10 19:58:57 Scanning 39 point from 240
31.10 19:58:57 Going to coordinates X=-13.623, Y=-39.911
31.10 19:58:57 Moving is finished
31.10 20:02:22 Scanning 40 point from 240
31.10 20:02:22 Going to coordinates X=-13.563, Y=-39.911
31.10 20:02:22 Moving is finished
31.10 20:05:47 Scanning 41 point from 240
31.10 20:05:47 Going to coordinates X=-13.503, Y=-39.911
31.10 20:05:47 Moving is finished
31.10 20:09:12 Scanning 42 point from 240
31.10 20:09:12 Going to coordinates X=-13.443, Y=-39.911
31.10 20:09:12 Moving is finished
31.10 20:12:38 Scanning 43 point from 240
31.10 20:12:38 Going to coordinates X=-13.383, Y=-39.911
31.10 20:12:38 Moving is finished
31.10 20:16:03 Scanning 44 point from 240
31.10 20:16:03 Going to coordinates X=-13.323, Y=-39.911
31.10 20:16:03 Moving is finished
31.10 20:19:29 Scanning 45 point from 240
31.10 20:19:29 Going to coordinates X=-13.263, Y=-39.911
31.10 20:19:29 Moving is finished
31.10 20:22:53 Scanning 46 point from 240
31.10 20:22:53 Going to coordinates X=-13.203, Y=-39.911
31.10 20:22:54 Moving is finished
31.10 20:26:19 Scanning 47 point from 240
31.10 20:26:19 Going to coordinates X=-13.143, Y=-39.911
31.10 20:26:19 Moving is finished
31.10 20:29:44 Scanning 48 point from 240
31.10 20:29:44 Going to coordinates X=-14.043, Y=-39.851
31.10 20:29:44 Moving is finished
31.10 20:33:09 Scanning 49 point from 240
31.10 20:33:09 Going to coordinates X=-13.983, Y=-39.851
31.10 20:33:09 Moving is finished
31.10 20:36:34 Scanning 50 point from 240
31.10 20:36:34 Going to coordinates X=-13.923, Y=-39.851
31.10 20:36:34 Moving is finished
31.10 20:40:00 Scanning 51 point from 240
31.10 20:40:00 Going to coordinates X=-13.863, Y=-39.851
31.10 20:40:00 Moving is finished
31.10 20:43:25 Scanning 52 point from 240
31.10 20:43:25 Going to coordinates X=-13.803, Y=-39.851
31.10 20:43:25 Moving is finished
31.10 20:46:50 Scanning 53 point from 240
31.10 20:46:50 Going to coordinates X=-13.743, Y=-39.851
31.10 20:46:50 Moving is finished
31.10 20:50:15 Scanning 54 point from 240
31.10 20:50:15 Going to coordinates X=-13.683, Y=-39.851
31.10 20:50:15 Moving is finished
31.10 20:53:40 Scanning 55 point from 240
31.10 20:53:40 Going to coordinates X=-13.623, Y=-39.851
31.10 20:53:40 Moving is finished
31.10 20:57:05 Scanning 56 point from 240
31.10 20:57:05 Going to coordinates X=-13.563, Y=-39.851
31.10 20:57:05 Moving is finished
31.10 21:00:29 Scanning 57 point from 240
31.10 21:00:29 Going to coordinates X=-13.503, Y=-39.851
31.10 21:00:30 Moving is finished
31.10 21:03:54 Scanning 58 point from 240
31.10 21:03:54 Going to coordinates X=-13.443, Y=-39.851
31.10 21:03:54 Moving is finished
31.10 21:07:19 Scanning 59 point from 240
31.10 21:07:19 Going to coordinates X=-13.383, Y=-39.851
31.10 21:07:19 Moving is finished
31.10 21:10:44 Scanning 60 point from 240
31.10 21:10:44 Going to coordinates X=-13.323, Y=-39.851
31.10 21:10:44 Moving is finished
31.10 21:14:10 Scanning 61 point from 240
31.10 21:14:10 Going to coordinates X=-13.263, Y=-39.851
31.10 21:14:10 Moving is finished
31.10 21:17:35 Scanning 62 point from 240
31.10 21:17:35 Going to coordinates X=-13.203, Y=-39.851
31.10 21:17:35 Moving is finished
31.10 21:21:00 Scanning 63 point from 240
31.10 21:21:00 Going to coordinates X=-13.143, Y=-39.851
31.10 21:21:00 Moving is finished
31.10 21:24:25 Scanning 64 point from 240
31.10 21:24:25 Going to coordinates X=-14.043, Y=-39.791
31.10 21:24:26 Moving is finished
31.10 21:27:51 Scanning 65 point from 240
31.10 21:27:51 Going to coordinates X=-13.983, Y=-39.791
31.10 21:27:51 Moving is finished
31.10 21:31:16 Scanning 66 point from 240
31.10 21:31:16 Going to coordinates X=-13.923, Y=-39.791
31.10 21:31:17 Moving is finished
31.10 21:34:42 Scanning 67 point from 240
31.10 21:34:42 Going to coordinates X=-13.863, Y=-39.791
31.10 21:34:42 Moving is finished
31.10 21:38:06 Scanning 68 point from 240
31.10 21:38:06 Going to coordinates X=-13.803, Y=-39.791
31.10 21:38:06 Moving is finished
31.10 21:41:31 Scanning 69 point from 240
31.10 21:41:31 Going to coordinates X=-13.743, Y=-39.791
31.10 21:41:31 Moving is finished
31.10 21:44:56 Scanning 70 point from 240
31.10 21:44:56 Going to coordinates X=-13.683, Y=-39.791
31.10 21:44:56 Moving is finished
31.10 21:48:21 Scanning 71 point from 240
31.10 21:48:21 Going to coordinates X=-13.623, Y=-39.791
31.10 21:48:21 Moving is finished
31.10 21:51:46 Scanning 72 point from 240
31.10 21:51:46 Going to coordinates X=-13.563, Y=-39.791
31.10 21:51:46 Moving is finished
31.10 21:55:11 Scanning 73 point from 240
31.10 21:55:11 Going to coordinates X=-13.503, Y=-39.791
31.10 21:55:12 Moving is finished
31.10 21:58:36 Scanning 74 point from 240
31.10 21:58:36 Going to coordinates X=-13.443, Y=-39.791
31.10 21:58:36 Moving is finished
31.10 22:02:01 Scanning 75 point from 240
31.10 22:02:01 Going to coordinates X=-13.383, Y=-39.791
31.10 22:02:02 Moving is finished
31.10 22:05:26 Scanning 76 point from 240
31.10 22:05:26 Going to coordinates X=-13.323, Y=-39.791
31.10 22:05:26 Moving is finished
31.10 22:08:51 Scanning 77 point from 240
31.10 22:08:51 Going to coordinates X=-13.263, Y=-39.791
31.10 22:08:51 Moving is finished
31.10 22:12:16 Scanning 78 point from 240
31.10 22:12:16 Going to coordinates X=-13.203, Y=-39.791
31.10 22:12:17 Moving is finished
31.10 22:15:41 Scanning 79 point from 240
31.10 22:15:41 Going to coordinates X=-13.143, Y=-39.791
31.10 22:15:42 Moving is finished
31.10 22:19:08 Scanning 80 point from 240
31.10 22:19:08 Going to coordinates X=-14.043, Y=-39.731
31.10 22:19:08 Moving is finished
31.10 22:22:33 Scanning 81 point from 240
31.10 22:22:33 Going to coordinates X=-13.983, Y=-39.731
31.10 22:22:33 Moving is finished
31.10 22:25:58 Scanning 82 point from 240
31.10 22:25:58 Going to coordinates X=-13.923, Y=-39.731
31.10 22:25:58 Moving is finished
31.10 22:29:23 Scanning 83 point from 240
31.10 22:29:23 Going to coordinates X=-13.863, Y=-39.731
31.10 22:29:23 Moving is finished
31.10 22:32:48 Scanning 84 point from 240
31.10 22:32:48 Going to coordinates X=-13.803, Y=-39.731
31.10 22:32:48 Moving is finished
31.10 22:36:13 Scanning 85 point from 240
31.10 22:36:13 Going to coordinates X=-13.743, Y=-39.731
31.10 22:36:13 Moving is finished
31.10 22:39:38 Scanning 86 point from 240
31.10 22:39:38 Going to coordinates X=-13.683, Y=-39.731
31.10 22:39:38 Moving is finished
31.10 22:43:04 Scanning 87 point from 240
31.10 22:43:04 Going to coordinates X=-13.623, Y=-39.731
31.10 22:43:04 Moving is finished
31.10 22:46:28 Scanning 88 point from 240
31.10 22:46:28 Going to coordinates X=-13.563, Y=-39.731
31.10 22:46:29 Moving is finished
31.10 22:49:53 Scanning 89 point from 240
31.10 22:49:53 Going to coordinates X=-13.503, Y=-39.731
31.10 22:49:53 Moving is finished
31.10 22:53:18 Scanning 90 point from 240
31.10 22:53:18 Going to coordinates X=-13.443, Y=-39.731
31.10 22:53:18 Moving is finished
31.10 22:56:43 Scanning 91 point from 240
31.10 22:56:43 Going to coordinates X=-13.383, Y=-39.731
31.10 22:56:43 Moving is finished
31.10 23:00:08 Scanning 92 point from 240
31.10 23:00:08 Going to coordinates X=-13.323, Y=-39.731
31.10 23:00:08 Moving is finished
31.10 23:03:33 Scanning 93 point from 240
31.10 23:03:33 Going to coordinates X=-13.263, Y=-39.731
31.10 23:03:33 Moving is finished
31.10 23:06:58 Scanning 94 point from 240
31.10 23:06:58 Going to coordinates X=-13.203, Y=-39.731
31.10 23:06:58 Moving is finished
31.10 23:10:24 Scanning 95 point from 240
31.10 23:10:24 Going to coordinates X=-13.143, Y=-39.731
31.10 23:10:24 Moving is finished
31.10 23:13:48 Scanning 96 point from 240
31.10 23:13:48 Going to coordinates X=-14.043, Y=-39.671
31.10 23:13:49 Moving is finished
31.10 23:17:14 Scanning 97 point from 240
31.10 23:17:14 Going to coordinates X=-13.983, Y=-39.671
31.10 23:17:14 Moving is finished
31.10 23:20:39 Scanning 98 point from 240
31.10 23:20:39 Going to coordinates X=-13.923, Y=-39.671
31.10 23:20:39 Moving is finished
31.10 23:24:04 Scanning 99 point from 240
31.10 23:24:04 Going to coordinates X=-13.863, Y=-39.671
31.10 23:24:05 Moving is finished
31.10 23:27:29 Scanning 100 point from 240
31.10 23:27:29 Going to coordinates X=-13.803, Y=-39.671
31.10 23:27:29 Moving is finished
31.10 23:30:54 Scanning 101 point from 240
31.10 23:30:54 Going to coordinates X=-13.743, Y=-39.671
31.10 23:30:54 Moving is finished
31.10 23:34:19 Scanning 102 point from 240
31.10 23:34:19 Going to coordinates X=-13.683, Y=-39.671
31.10 23:34:19 Moving is finished
31.10 23:37:44 Scanning 103 point from 240
31.10 23:37:44 Going to coordinates X=-13.623, Y=-39.671
31.10 23:37:44 Moving is finished
31.10 23:41:09 Scanning 104 point from 240
31.10 23:41:09 Going to coordinates X=-13.563, Y=-39.671
31.10 23:41:09 Moving is finished
31.10 23:44:34 Scanning 105 point from 240
31.10 23:44:34 Going to coordinates X=-13.503, Y=-39.671
31.10 23:44:34 Moving is finished
31.10 23:47:59 Scanning 106 point from 240
31.10 23:47:59 Going to coordinates X=-13.443, Y=-39.671
31.10 23:47:59 Moving is finished
31.10 23:51:23 Scanning 107 point from 240
31.10 23:51:23 Going to coordinates X=-13.383, Y=-39.671
31.10 23:51:24 Moving is finished
31.10 23:54:49 Scanning 108 point from 240
31.10 23:54:49 Going to coordinates X=-13.323, Y=-39.671
31.10 23:54:49 Moving is finished
31.10 23:58:14 Scanning 109 point from 240
31.10 23:58:14 Going to coordinates X=-13.263, Y=-39.671
31.10 23:58:14 Moving is finished
01.11 00:01:39 Scanning 110 point from 240
01.11 00:01:39 Going to coordinates X=-13.203, Y=-39.671
01.11 00:01:40 Moving is finished
01.11 00:05:05 Scanning 111 point from 240
01.11 00:05:05 Going to coordinates X=-13.143, Y=-39.671
01.11 00:05:05 Moving is finished
01.11 00:08:30 Scanning 112 point from 240
01.11 00:08:30 Going to coordinates X=-14.043, Y=-39.611
01.11 00:08:30 Moving is finished
01.11 00:11:55 Scanning 113 point from 240
01.11 00:11:55 Going to coordinates X=-13.983, Y=-39.611
01.11 00:11:55 Moving is finished
01.11 00:15:20 Scanning 114 point from 240
01.11 00:15:20 Going to coordinates X=-13.923, Y=-39.611
01.11 00:15:20 Moving is finished
01.11 00:18:45 Scanning 115 point from 240
01.11 00:18:45 Going to coordinates X=-13.863, Y=-39.611
01.11 00:18:45 Moving is finished
01.11 00:22:10 Scanning 116 point from 240
01.11 00:22:10 Going to coordinates X=-13.803, Y=-39.611
01.11 00:22:10 Moving is finished
01.11 00:25:35 Scanning 117 point from 240
01.11 00:25:35 Going to coordinates X=-13.743, Y=-39.611
01.11 00:25:35 Moving is finished
01.11 00:29:00 Scanning 118 point from 240
01.11 00:29:00 Going to coordinates X=-13.683, Y=-39.611
01.11 00:29:00 Moving is finished
01.11 00:32:26 Scanning 119 point from 240
01.11 00:32:26 Going to coordinates X=-13.623, Y=-39.611
01.11 00:32:26 Moving is finished
01.11 00:35:51 Scanning 120 point from 240
01.11 00:35:51 Going to coordinates X=-13.563, Y=-39.611
01.11 00:35:52 Moving is finished
01.11 00:39:17 Scanning 121 point from 240
01.11 00:39:17 Going to coordinates X=-13.503, Y=-39.611
01.11 00:39:17 Moving is finished
01.11 00:42:42 Scanning 122 point from 240
01.11 00:42:42 Going to coordinates X=-13.443, Y=-39.611
01.11 00:42:42 Moving is finished
01.11 00:46:06 Scanning 123 point from 240
01.11 00:46:06 Going to coordinates X=-13.383, Y=-39.611
01.11 00:46:07 Moving is finished
01.11 00:49:31 Scanning 124 point from 240
01.11 00:49:31 Going to coordinates X=-13.323, Y=-39.611
01.11 00:49:31 Moving is finished
01.11 00:52:56 Scanning 125 point from 240
01.11 00:52:56 Going to coordinates X=-13.263, Y=-39.611
01.11 00:52:56 Moving is finished
01.11 00:56:21 Scanning 126 point from 240
01.11 00:56:21 Going to coordinates X=-13.203, Y=-39.611
01.11 00:56:21 Moving is finished
01.11 00:59:46 Scanning 127 point from 240
01.11 00:59:46 Going to coordinates X=-13.143, Y=-39.611
01.11 00:59:47 Moving is finished
01.11 01:03:11 Scanning 128 point from 240
01.11 01:03:11 Going to coordinates X=-14.043, Y=-39.551
01.11 01:03:12 Moving is finished
01.11 01:06:37 Scanning 129 point from 240
01.11 01:06:37 Going to coordinates X=-13.983, Y=-39.551
01.11 01:06:38 Moving is finished
01.11 01:10:03 Scanning 130 point from 240
01.11 01:10:03 Going to coordinates X=-13.923, Y=-39.551
01.11 01:10:03 Moving is finished
01.11 01:13:28 Scanning 131 point from 240
01.11 01:13:28 Going to coordinates X=-13.863, Y=-39.551
01.11 01:13:28 Moving is finished
01.11 01:16:53 Scanning 132 point from 240
01.11 01:16:53 Going to coordinates X=-13.803, Y=-39.551
01.11 01:16:53 Moving is finished
01.11 01:20:18 Scanning 133 point from 240
01.11 01:20:18 Going to coordinates X=-13.743, Y=-39.551
01.11 01:20:18 Moving is finished
01.11 01:23:43 Scanning 134 point from 240
01.11 01:23:43 Going to coordinates X=-13.683, Y=-39.551
01.11 01:23:43 Moving is finished
01.11 01:27:09 Scanning 135 point from 240
01.11 01:27:09 Going to coordinates X=-13.623, Y=-39.551
01.11 01:27:09 Moving is finished
01.11 01:30:34 Scanning 136 point from 240
01.11 01:30:34 Going to coordinates X=-13.563, Y=-39.551
01.11 01:30:34 Moving is finished
01.11 01:33:59 Scanning 137 point from 240
01.11 01:33:59 Going to coordinates X=-13.503, Y=-39.551
01.11 01:33:59 Moving is finished
01.11 01:37:24 Scanning 138 point from 240
01.11 01:37:24 Going to coordinates X=-13.443, Y=-39.551
01.11 01:37:24 Moving is finished
01.11 01:40:49 Scanning 139 point from 240
01.11 01:40:49 Going to coordinates X=-13.383, Y=-39.551
01.11 01:40:49 Moving is finished
01.11 01:44:14 Scanning 140 point from 240
01.11 01:44:14 Going to coordinates X=-13.323, Y=-39.551
01.11 01:44:14 Moving is finished
01.11 01:47:40 Scanning 141 point from 240
01.11 01:47:40 Going to coordinates X=-13.263, Y=-39.551
01.11 01:47:40 Moving is finished
01.11 01:51:05 Scanning 142 point from 240
01.11 01:51:05 Going to coordinates X=-13.203, Y=-39.551
01.11 01:51:05 Moving is finished
01.11 01:54:29 Scanning 143 point from 240
01.11 01:54:29 Going to coordinates X=-13.143, Y=-39.551
01.11 01:54:30 Moving is finished
01.11 01:57:54 Scanning 144 point from 240
01.11 01:57:54 Going to coordinates X=-14.043, Y=-39.491
01.11 01:57:55 Moving is finished
01.11 02:01:19 Scanning 145 point from 240
01.11 02:01:19 Going to coordinates X=-13.983, Y=-39.491
01.11 02:01:20 Moving is finished
01.11 02:04:44 Scanning 146 point from 240
01.11 02:04:44 Going to coordinates X=-13.923, Y=-39.491
01.11 02:04:45 Moving is finished
01.11 02:08:09 Scanning 147 point from 240
01.11 02:08:09 Going to coordinates X=-13.863, Y=-39.491
01.11 02:08:09 Moving is finished
01.11 02:11:34 Scanning 148 point from 240
01.11 02:11:34 Going to coordinates X=-13.803, Y=-39.491
01.11 02:11:34 Moving is finished
01.11 02:14:59 Scanning 149 point from 240
01.11 02:14:59 Going to coordinates X=-13.743, Y=-39.491
01.11 02:14:59 Moving is finished
01.11 02:18:24 Scanning 150 point from 240
01.11 02:18:24 Going to coordinates X=-13.683, Y=-39.491
01.11 02:18:24 Moving is finished
01.11 02:21:49 Scanning 151 point from 240
01.11 02:21:49 Going to coordinates X=-13.623, Y=-39.491
01.11 02:21:49 Moving is finished
01.11 02:25:14 Scanning 152 point from 240
01.11 02:25:14 Going to coordinates X=-13.563, Y=-39.491
01.11 02:25:14 Moving is finished
01.11 02:28:40 Scanning 153 point from 240
01.11 02:28:40 Going to coordinates X=-13.503, Y=-39.491
01.11 02:28:40 Moving is finished
01.11 02:32:06 Scanning 154 point from 240
01.11 02:32:06 Going to coordinates X=-13.443, Y=-39.491
01.11 02:32:06 Moving is finished
01.11 02:35:31 Scanning 155 point from 240
01.11 02:35:31 Going to coordinates X=-13.383, Y=-39.491
01.11 02:35:31 Moving is finished
01.11 02:38:56 Scanning 156 point from 240
01.11 02:38:56 Going to coordinates X=-13.323, Y=-39.491
01.11 02:38:56 Moving is finished
01.11 02:42:21 Scanning 157 point from 240
01.11 02:42:21 Going to coordinates X=-13.263, Y=-39.491
01.11 02:42:21 Moving is finished
01.11 02:45:46 Scanning 158 point from 240
01.11 02:45:46 Going to coordinates X=-13.203, Y=-39.491
01.11 02:45:46 Moving is finished
01.11 02:49:11 Scanning 159 point from 240
01.11 02:49:11 Going to coordinates X=-13.143, Y=-39.491
01.11 02:49:11 Moving is finished
01.11 02:52:36 Scanning 160 point from 240
01.11 02:52:36 Going to coordinates X=-14.043, Y=-39.431
01.11 02:52:37 Moving is finished
01.11 02:56:02 Scanning 161 point from 240
01.11 02:56:02 Going to coordinates X=-13.983, Y=-39.431
01.11 02:56:02 Moving is finished
01.11 02:59:27 Scanning 162 point from 240
01.11 02:59:27 Going to coordinates X=-13.923, Y=-39.431
01.11 02:59:27 Moving is finished
01.11 03:02:53 Scanning 163 point from 240
01.11 03:02:53 Going to coordinates X=-13.863, Y=-39.431
01.11 03:02:53 Moving is finished
01.11 03:06:18 Scanning 164 point from 240
01.11 03:06:18 Going to coordinates X=-13.803, Y=-39.431
01.11 03:06:18 Moving is finished
01.11 03:09:43 Scanning 165 point from 240
01.11 03:09:43 Going to coordinates X=-13.743, Y=-39.431
01.11 03:09:43 Moving is finished
01.11 03:13:09 Scanning 166 point from 240
01.11 03:13:09 Going to coordinates X=-13.683, Y=-39.431
01.11 03:13:09 Moving is finished
01.11 03:16:34 Scanning 167 point from 240
01.11 03:16:34 Going to coordinates X=-13.623, Y=-39.431
01.11 03:16:34 Moving is finished
01.11 03:20:00 Scanning 168 point from 240
01.11 03:20:00 Going to coordinates X=-13.563, Y=-39.431
01.11 03:20:00 Moving is finished
01.11 03:23:24 Scanning 169 point from 240
01.11 03:23:24 Going to coordinates X=-13.503, Y=-39.431
01.11 03:23:25 Moving is finished
01.11 03:26:49 Scanning 170 point from 240
01.11 03:26:49 Going to coordinates X=-13.443, Y=-39.431
01.11 03:26:50 Moving is finished
01.11 03:30:14 Scanning 171 point from 240
01.11 03:30:14 Going to coordinates X=-13.383, Y=-39.431
01.11 03:30:14 Moving is finished
01.11 03:33:39 Scanning 172 point from 240
01.11 03:33:39 Going to coordinates X=-13.323, Y=-39.431
01.11 03:33:39 Moving is finished
01.11 03:37:03 Scanning 173 point from 240
01.11 03:37:03 Going to coordinates X=-13.263, Y=-39.431
01.11 03:37:03 Moving is finished
01.11 03:40:29 Scanning 174 point from 240
01.11 03:40:29 Going to coordinates X=-13.203, Y=-39.431
01.11 03:40:29 Moving is finished
01.11 03:43:54 Scanning 175 point from 240
01.11 03:43:54 Going to coordinates X=-13.143, Y=-39.431
01.11 03:43:54 Moving is finished
01.11 03:47:19 Scanning 176 point from 240
01.11 03:47:19 Going to coordinates X=-14.043, Y=-39.371
01.11 03:47:19 Moving is finished
01.11 03:50:44 Scanning 177 point from 240
01.11 03:50:44 Going to coordinates X=-13.983, Y=-39.371
01.11 03:50:45 Moving is finished
01.11 03:54:10 Scanning 178 point from 240
01.11 03:54:10 Going to coordinates X=-13.923, Y=-39.371
01.11 03:54:10 Moving is finished
01.11 03:57:34 Scanning 179 point from 240
01.11 03:57:34 Going to coordinates X=-13.863, Y=-39.371
01.11 03:57:35 Moving is finished
01.11 04:01:00 Scanning 180 point from 240
01.11 04:01:00 Going to coordinates X=-13.803, Y=-39.371
01.11 04:01:00 Moving is finished
01.11 04:04:25 Scanning 181 point from 240
01.11 04:04:25 Going to coordinates X=-13.743, Y=-39.371
01.11 04:04:25 Moving is finished
01.11 04:07:50 Scanning 182 point from 240
01.11 04:07:50 Going to coordinates X=-13.683, Y=-39.371
01.11 04:07:50 Moving is finished
01.11 04:11:16 Scanning 183 point from 240
01.11 04:11:16 Going to coordinates X=-13.623, Y=-39.371
01.11 04:11:16 Moving is finished
01.11 04:14:41 Scanning 184 point from 240
01.11 04:14:41 Going to coordinates X=-13.563, Y=-39.371
01.11 04:14:41 Moving is finished
01.11 04:18:05 Scanning 185 point from 240
01.11 04:18:05 Going to coordinates X=-13.503, Y=-39.371
01.11 04:18:06 Moving is finished
01.11 04:21:31 Scanning 186 point from 240
01.11 04:21:31 Going to coordinates X=-13.443, Y=-39.371
01.11 04:21:32 Moving is finished
01.11 04:24:56 Scanning 187 point from 240
01.11 04:24:56 Going to coordinates X=-13.383, Y=-39.371
01.11 04:24:57 Moving is finished
01.11 04:28:21 Scanning 188 point from 240
01.11 04:28:21 Going to coordinates X=-13.323, Y=-39.371
01.11 04:28:21 Moving is finished
01.11 04:31:46 Scanning 189 point from 240
01.11 04:31:46 Going to coordinates X=-13.263, Y=-39.371
01.11 04:31:47 Moving is finished
01.11 04:35:11 Scanning 190 point from 240
01.11 04:35:11 Going to coordinates X=-13.203, Y=-39.371
01.11 04:35:12 Moving is finished
01.11 04:38:36 Scanning 191 point from 240
01.11 04:38:36 Going to coordinates X=-13.143, Y=-39.371
01.11 04:38:36 Moving is finished
01.11 04:42:02 Scanning 192 point from 240
01.11 04:42:02 Going to coordinates X=-14.043, Y=-39.311
01.11 04:42:02 Moving is finished
01.11 04:45:28 Scanning 193 point from 240
01.11 04:46:18 Going to coordinates X=-13.983, Y=-39.311
01.11 04:47:18 Moving is finished
01.11 04:50:42 Scanning 194 point from 240
01.11 04:51:32 Going to coordinates X=-13.923, Y=-39.311
01.11 04:52:33 Moving is finished
01.11 04:55:57 Scanning 195 point from 240
01.11 04:56:47 Going to coordinates X=-13.863, Y=-39.311
01.11 04:57:47 Moving is finished
01.11 05:01:12 Scanning 196 point from 240
01.11 05:02:02 Going to coordinates X=-13.803, Y=-39.311
01.11 05:03:02 Moving is finished
01.11 05:06:28 Scanning 197 point from 240
01.11 05:07:18 Going to coordinates X=-13.743, Y=-39.311
01.11 05:08:18 Moving is finished
01.11 05:11:43 Scanning 198 point from 240
01.11 05:12:33 Going to coordinates X=-13.683, Y=-39.311
01.11 05:13:33 Moving is finished
01.11 05:16:59 Scanning 199 point from 240
01.11 05:17:49 Going to coordinates X=-13.623, Y=-39.311
01.11 05:18:49 Moving is finished
01.11 05:22:14 Scanning 200 point from 240
01.11 05:23:04 Going to coordinates X=-13.563, Y=-39.311
01.11 05:24:04 Moving is finished
01.11 05:27:29 Scanning 201 point from 240
01.11 05:28:19 Going to coordinates X=-13.503, Y=-39.311
01.11 05:29:19 Moving is finished
01.11 05:32:44 Scanning 202 point from 240
01.11 05:33:34 Going to coordinates X=-13.443, Y=-39.311
01.11 05:34:34 Moving is finished
01.11 05:37:59 Scanning 203 point from 240
01.11 05:38:49 Going to coordinates X=-13.383, Y=-39.311
01.11 05:39:49 Moving is finished
01.11 05:43:14 Scanning 204 point from 240
01.11 05:44:04 Going to coordinates X=-13.323, Y=-39.311
01.11 05:45:05 Moving is finished
01.11 05:48:30 Scanning 205 point from 240
01.11 05:49:20 Going to coordinates X=-13.263, Y=-39.311
01.11 05:50:20 Moving is finished
01.11 05:53:44 Scanning 206 point from 240
01.11 05:54:34 Going to coordinates X=-13.203, Y=-39.311
01.11 05:55:35 Moving is finished
01.11 05:58:59 Scanning 207 point from 240
01.11 05:59:49 Going to coordinates X=-13.143, Y=-39.311
01.11 06:00:50 Moving is finished
01.11 06:04:14 Scanning 208 point from 240
01.11 06:05:04 Going to coordinates X=-14.043, Y=-39.251
01.11 06:06:04 Moving is finished
01.11 06:09:30 Scanning 209 point from 240
01.11 06:10:20 Going to coordinates X=-13.983, Y=-39.251
01.11 06:11:20 Moving is finished
01.11 06:14:46 Scanning 210 point from 240
01.11 06:15:36 Going to coordinates X=-13.923, Y=-39.251
01.11 06:16:36 Moving is finished
01.11 06:20:00 Scanning 211 point from 240
01.11 06:20:50 Going to coordinates X=-13.863, Y=-39.251
01.11 06:21:50 Moving is finished
01.11 06:25:15 Scanning 212 point from 240
01.11 06:26:05 Going to coordinates X=-13.803, Y=-39.251
01.11 06:27:05 Moving is finished
01.11 06:30:30 Scanning 213 point from 240
01.11 06:31:20 Going to coordinates X=-13.743, Y=-39.251
01.11 06:32:20 Moving is finished
01.11 06:35:46 Scanning 214 point from 240
01.11 06:36:36 Going to coordinates X=-13.683, Y=-39.251
01.11 06:37:36 Moving is finished
01.11 06:41:01 Scanning 215 point from 240
01.11 06:41:51 Going to coordinates X=-13.623, Y=-39.251
01.11 06:42:51 Moving is finished
01.11 06:46:16 Scanning 216 point from 240
01.11 06:47:06 Going to coordinates X=-13.563, Y=-39.251
01.11 06:48:06 Moving is finished
01.11 06:51:31 Scanning 217 point from 240
01.11 06:52:21 Going to coordinates X=-13.503, Y=-39.251
01.11 06:53:21 Moving is finished
01.11 06:56:46 Scanning 218 point from 240
01.11 06:57:36 Going to coordinates X=-13.443, Y=-39.251
01.11 06:58:36 Moving is finished
01.11 07:02:01 Scanning 219 point from 240
01.11 07:02:51 Going to coordinates X=-13.383, Y=-39.251
01.11 07:03:51 Moving is finished
01.11 07:07:16 Scanning 220 point from 240
01.11 07:08:06 Going to coordinates X=-13.323, Y=-39.251
01.11 07:09:06 Moving is finished
01.11 07:12:31 Scanning 221 point from 240
01.11 07:13:21 Going to coordinates X=-13.263, Y=-39.251
01.11 07:14:21 Moving is finished
01.11 07:17:46 Scanning 222 point from 240
01.11 07:18:36 Going to coordinates X=-13.203, Y=-39.251
01.11 07:19:36 Moving is finished
01.11 07:23:02 Scanning 223 point from 240
01.11 07:23:52 Going to coordinates X=-13.143, Y=-39.251
01.11 07:24:52 Moving is finished
01.11 07:28:17 Scanning 224 point from 240
01.11 07:29:07 Going to coordinates X=-14.043, Y=-39.191
01.11 07:30:07 Moving is finished
01.11 07:33:31 Scanning 225 point from 240
01.11 07:34:21 Going to coordinates X=-13.983, Y=-39.191
01.11 07:35:22 Moving is finished
01.11 07:38:46 Scanning 226 point from 240
01.11 07:39:37 Going to coordinates X=-13.923, Y=-39.191
01.11 07:40:37 Moving is finished
01.11 07:44:02 Scanning 227 point from 240
01.11 07:44:52 Going to coordinates X=-13.863, Y=-39.191
01.11 07:45:52 Moving is finished
01.11 07:49:17 Scanning 228 point from 240
01.11 07:50:07 Going to coordinates X=-13.803, Y=-39.191
01.11 07:51:07 Moving is finished
01.11 07:54:31 Scanning 229 point from 240
01.11 07:55:21 Going to coordinates X=-13.743, Y=-39.191
01.11 07:56:21 Moving is finished
01.11 07:59:46 Scanning 230 point from 240
01.11 08:00:36 Going to coordinates X=-13.683, Y=-39.191
01.11 08:01:36 Moving is finished
01.11 08:05:01 Scanning 231 point from 240
01.11 08:05:51 Going to coordinates X=-13.623, Y=-39.191
01.11 08:06:51 Moving is finished
01.11 08:10:16 Scanning 232 point from 240
01.11 08:11:06 Going to coordinates X=-13.563, Y=-39.191
01.11 08:12:06 Moving is finished
01.11 08:15:32 Scanning 233 point from 240
01.11 08:16:22 Going to coordinates X=-13.503, Y=-39.191
01.11 08:17:22 Moving is finished
01.11 08:20:46 Scanning 234 point from 240
01.11 08:21:36 Going to coordinates X=-13.443, Y=-39.191
01.11 08:22:36 Moving is finished
01.11 08:26:02 Scanning 235 point from 240
01.11 08:26:52 Going to coordinates X=-13.383, Y=-39.191
01.11 08:27:52 Moving is finished
01.11 08:31:17 Scanning 236 point from 240
01.11 08:32:07 Going to coordinates X=-13.323, Y=-39.191
01.11 08:33:07 Moving is finished
01.11 08:36:32 Scanning 237 point from 240
01.11 08:37:22 Going to coordinates X=-13.263, Y=-39.191
01.11 08:38:22 Moving is finished
01.11 08:41:46 Scanning 238 point from 240
01.11 08:42:36 Going to coordinates X=-13.203, Y=-39.191
01.11 08:43:36 Moving is finished
01.11 08:47:01 Scanning 239 point from 240
01.11 08:47:51 Going to coordinates X=-13.143, Y=-39.191
01.11 08:48:51 Moving is finished
