26.12 14:41:58 Initializing grbl...
26.12 14:41:58 Got the response: b''
26.12 14:42:48 Focused at  1
26.12 14:43:03 Focused at  1
26.12 14:43:55 Row 0: 26.12 14:43:55 Map: x1: -14.0, y1: -36.759, x2: -15.572, y2: -37.979, xres: 0.100, yres: 0.100, fname: Mart gluc Solc 4 C
26.12 14:43:55 Scanning 0 point from 238
26.12 14:43:55 Going to coordinates X=-15.572, Y=-37.979
26.12 14:43:55 Moving is finished
26.12 14:46:03 Scanning 1 point from 238
26.12 14:46:03 Going to coordinates X=-15.472, Y=-37.979
26.12 14:46:04 Moving is finished
26.12 14:48:12 Scanning 2 point from 238
26.12 14:48:12 Going to coordinates X=-15.372, Y=-37.979
26.12 14:48:12 Moving is finished
26.12 14:50:21 Scanning 3 point from 238
26.12 14:50:21 Going to coordinates X=-15.272, Y=-37.979
26.12 14:50:21 Moving is finished
26.12 14:52:29 Scanning 4 point from 238
26.12 14:52:29 Going to coordinates X=-15.172, Y=-37.979
26.12 14:52:29 Moving is finished
26.12 14:54:38 Scanning 5 point from 238
26.12 14:54:38 Going to coordinates X=-15.072, Y=-37.979
26.12 14:54:38 Moving is finished
26.12 14:56:46 Scanning 6 point from 238
26.12 14:56:46 Going to coordinates X=-14.972, Y=-37.979
26.12 14:56:47 Moving is finished
26.12 14:58:55 Scanning 7 point from 238
26.12 14:58:55 Going to coordinates X=-14.872, Y=-37.979
26.12 14:58:55 Moving is finished
26.12 15:01:04 Scanning 8 point from 238
26.12 15:01:04 Going to coordinates X=-14.772, Y=-37.979
26.12 15:01:04 Moving is finished
26.12 15:03:13 Scanning 9 point from 238
26.12 15:03:13 Going to coordinates X=-14.672, Y=-37.979
26.12 15:03:13 Moving is finished
26.12 15:05:21 Scanning 10 point from 238
26.12 15:05:25 Going to coordinates X=-14.572, Y=-37.979
26.12 15:05:25 Moving is finished
26.12 15:07:33 Scanning 11 point from 238
26.12 15:07:33 Going to coordinates X=-14.472, Y=-37.979
26.12 15:07:34 Moving is finished
26.12 15:09:42 Scanning 12 point from 238
26.12 15:09:42 Going to coordinates X=-14.372, Y=-37.979
26.12 15:09:43 Moving is finished
26.12 15:11:51 Scanning 13 point from 238
26.12 15:11:51 Going to coordinates X=-14.272, Y=-37.979
26.12 15:11:51 Moving is finished
26.12 15:13:59 Scanning 14 point from 238
26.12 15:13:59 Going to coordinates X=-14.172, Y=-37.979
26.12 15:13:59 Moving is finished
26.12 15:16:07 Scanning 15 point from 238
26.12 15:16:07 Going to coordinates X=-14.072, Y=-37.979
26.12 15:16:07 Moving is finished
26.12 15:18:16 Scanning 16 point from 238
26.12 15:18:16 Going to coordinates X=-13.972, Y=-37.979
26.12 15:18:16 Moving is finished
26.12 15:20:24 Scanning 17 point from 238
26.12 15:20:24 Going to coordinates X=-15.572, Y=-37.879
26.12 15:20:25 Moving is finished
26.12 15:22:34 Scanning 18 point from 238
26.12 15:22:34 Going to coordinates X=-15.472, Y=-37.879
26.12 15:22:34 Moving is finished
26.12 15:24:43 Scanning 19 point from 238
26.12 15:24:43 Going to coordinates X=-15.372, Y=-37.879
26.12 15:24:43 Moving is finished
26.12 15:26:52 Scanning 20 point from 238
26.12 15:26:56 Going to coordinates X=-15.272, Y=-37.879
26.12 15:27:56 Moving is finished
26.12 15:30:05 Scanning 21 point from 238
26.12 15:30:05 Going to coordinates X=-15.172, Y=-37.879
26.12 15:30:05 Moving is finished
26.12 15:32:13 Scanning 22 point from 238
26.12 15:32:13 Going to coordinates X=-15.072, Y=-37.879
26.12 15:32:13 Moving is finished
26.12 15:34:22 Scanning 23 point from 238
26.12 15:34:22 Going to coordinates X=-14.972, Y=-37.879
26.12 15:34:22 Moving is finished
26.12 15:36:31 Scanning 24 point from 238
26.12 15:36:31 Going to coordinates X=-14.872, Y=-37.879
26.12 15:36:32 Moving is finished
26.12 15:38:40 Scanning 25 point from 238
26.12 15:38:40 Going to coordinates X=-14.772, Y=-37.879
26.12 15:38:40 Moving is finished
26.12 15:40:48 Scanning 26 point from 238
26.12 15:40:48 Going to coordinates X=-14.672, Y=-37.879
26.12 15:40:48 Moving is finished
26.12 15:42:56 Scanning 27 point from 238
26.12 15:42:56 Going to coordinates X=-14.572, Y=-37.879
26.12 15:42:57 Moving is finished
26.12 15:45:05 Scanning 28 point from 238
26.12 15:45:05 Going to coordinates X=-14.472, Y=-37.879
26.12 15:45:05 Moving is finished
26.12 15:47:14 Scanning 29 point from 238
26.12 15:47:14 Going to coordinates X=-14.372, Y=-37.879
26.12 15:47:15 Moving is finished
26.12 15:49:23 Scanning 30 point from 238
26.12 15:49:27 Going to coordinates X=-14.272, Y=-37.879
26.12 15:49:28 Moving is finished
26.12 15:51:36 Scanning 31 point from 238
26.12 15:51:36 Going to coordinates X=-14.172, Y=-37.879
26.12 15:51:36 Moving is finished
26.12 15:53:44 Scanning 32 point from 238
26.12 15:53:44 Going to coordinates X=-14.072, Y=-37.879
26.12 15:53:44 Moving is finished
26.12 15:55:52 Scanning 33 point from 238
26.12 15:55:52 Going to coordinates X=-13.972, Y=-37.879
26.12 15:55:53 Moving is finished
26.12 15:58:01 Scanning 34 point from 238
26.12 15:58:01 Going to coordinates X=-15.572, Y=-37.779
26.12 15:58:02 Moving is finished
26.12 16:00:10 Scanning 35 point from 238
26.12 16:00:10 Going to coordinates X=-15.472, Y=-37.779
26.12 16:00:10 Moving is finished
26.12 16:02:18 Scanning 36 point from 238
26.12 16:02:18 Going to coordinates X=-15.372, Y=-37.779
26.12 16:02:18 Moving is finished
26.12 16:04:27 Scanning 37 point from 238
26.12 16:04:27 Going to coordinates X=-15.272, Y=-37.779
26.12 16:04:27 Moving is finished
26.12 16:06:36 Scanning 38 point from 238
26.12 16:06:36 Going to coordinates X=-15.172, Y=-37.779
26.12 16:06:36 Moving is finished
26.12 16:08:44 Scanning 39 point from 238
26.12 16:08:44 Going to coordinates X=-15.072, Y=-37.779
26.12 16:08:45 Moving is finished
26.12 16:10:53 Scanning 40 point from 238
26.12 16:10:58 Going to coordinates X=-14.972, Y=-37.779
26.12 16:10:58 Moving is finished
26.12 16:13:06 Scanning 41 point from 238
26.12 16:13:06 Going to coordinates X=-14.872, Y=-37.779
26.12 16:13:07 Moving is finished
26.12 16:15:15 Scanning 42 point from 238
26.12 16:15:15 Going to coordinates X=-14.772, Y=-37.779
26.12 16:15:15 Moving is finished
26.12 16:17:24 Scanning 43 point from 238
26.12 16:17:24 Going to coordinates X=-14.672, Y=-37.779
26.12 16:17:24 Moving is finished
26.12 16:19:32 Scanning 44 point from 238
26.12 16:19:32 Going to coordinates X=-14.572, Y=-37.779
26.12 16:19:32 Moving is finished
26.12 16:21:41 Scanning 45 point from 238
26.12 16:21:41 Going to coordinates X=-14.472, Y=-37.779
26.12 16:21:41 Moving is finished
26.12 16:23:49 Scanning 46 point from 238
26.12 16:23:49 Going to coordinates X=-14.372, Y=-37.779
26.12 16:23:50 Moving is finished
26.12 16:25:58 Scanning 47 point from 238
26.12 16:25:58 Going to coordinates X=-14.272, Y=-37.779
26.12 16:25:58 Moving is finished
26.12 16:28:06 Scanning 48 point from 238
26.12 16:28:06 Going to coordinates X=-14.172, Y=-37.779
26.12 16:28:06 Moving is finished
26.12 16:30:14 Scanning 49 point from 238
26.12 16:30:14 Going to coordinates X=-14.072, Y=-37.779
26.12 16:30:15 Moving is finished
26.12 16:32:23 Scanning 50 point from 238
26.12 16:32:27 Going to coordinates X=-13.972, Y=-37.779
26.12 16:32:27 Moving is finished
26.12 16:34:35 Scanning 51 point from 238
26.12 16:34:35 Going to coordinates X=-15.572, Y=-37.679
26.12 16:34:36 Moving is finished
26.12 16:36:44 Scanning 52 point from 238
26.12 16:36:44 Going to coordinates X=-15.472, Y=-37.679
26.12 16:36:44 Moving is finished
26.12 16:38:53 Scanning 53 point from 238
26.12 16:38:53 Going to coordinates X=-15.372, Y=-37.679
26.12 16:38:54 Moving is finished
26.12 16:41:02 Scanning 54 point from 238
26.12 16:41:02 Going to coordinates X=-15.272, Y=-37.679
26.12 16:41:02 Moving is finished
26.12 16:43:10 Scanning 55 point from 238
26.12 16:43:10 Going to coordinates X=-15.172, Y=-37.679
26.12 16:43:10 Moving is finished
26.12 16:45:18 Scanning 56 point from 238
26.12 16:45:18 Going to coordinates X=-15.072, Y=-37.679
26.12 16:45:19 Moving is finished
26.12 16:47:27 Scanning 57 point from 238
26.12 16:47:27 Going to coordinates X=-14.972, Y=-37.679
26.12 16:47:27 Moving is finished
26.12 16:49:35 Scanning 58 point from 238
26.12 16:49:35 Going to coordinates X=-14.872, Y=-37.679
26.12 16:49:36 Moving is finished
26.12 16:51:44 Scanning 59 point from 238
26.12 16:51:44 Going to coordinates X=-14.772, Y=-37.679
26.12 16:51:45 Moving is finished
26.12 16:53:53 Scanning 60 point from 238
26.12 16:53:57 Going to coordinates X=-14.672, Y=-37.679
26.12 16:53:58 Moving is finished
26.12 16:56:06 Scanning 61 point from 238
26.12 16:56:06 Going to coordinates X=-14.572, Y=-37.679
26.12 16:56:06 Moving is finished
26.12 16:58:14 Scanning 62 point from 238
26.12 16:58:14 Going to coordinates X=-14.472, Y=-37.679
26.12 16:58:14 Moving is finished
26.12 17:00:22 Scanning 63 point from 238
26.12 17:00:22 Going to coordinates X=-14.372, Y=-37.679
26.12 17:00:22 Moving is finished
26.12 17:02:31 Scanning 64 point from 238
26.12 17:02:31 Going to coordinates X=-14.272, Y=-37.679
26.12 17:02:32 Moving is finished
26.12 17:04:40 Scanning 65 point from 238
26.12 17:04:40 Going to coordinates X=-14.172, Y=-37.679
26.12 17:04:40 Moving is finished
26.12 17:06:48 Scanning 66 point from 238
26.12 17:06:48 Going to coordinates X=-14.072, Y=-37.679
26.12 17:06:49 Moving is finished
26.12 17:08:58 Scanning 67 point from 238
26.12 17:08:58 Going to coordinates X=-13.972, Y=-37.679
26.12 17:08:58 Moving is finished
26.12 17:11:07 Scanning 68 point from 238
26.12 17:11:07 Going to coordinates X=-15.572, Y=-37.579
26.12 17:11:07 Moving is finished
26.12 17:13:16 Scanning 69 point from 238
26.12 17:13:16 Going to coordinates X=-15.472, Y=-37.579
26.12 17:13:16 Moving is finished
26.12 17:15:24 Scanning 70 point from 238
26.12 17:15:28 Going to coordinates X=-15.372, Y=-37.579
26.12 17:15:29 Moving is finished
26.12 17:17:37 Scanning 71 point from 238
26.12 17:17:37 Going to coordinates X=-15.272, Y=-37.579
26.12 17:17:37 Moving is finished
26.12 17:19:45 Scanning 72 point from 238
26.12 17:19:45 Going to coordinates X=-15.172, Y=-37.579
26.12 17:19:45 Moving is finished
26.12 17:21:53 Scanning 73 point from 238
26.12 17:21:53 Going to coordinates X=-15.072, Y=-37.579
26.12 17:21:53 Moving is finished
26.12 17:24:01 Scanning 74 point from 238
26.12 17:24:01 Going to coordinates X=-14.972, Y=-37.579
26.12 17:24:01 Moving is finished
26.12 17:26:10 Scanning 75 point from 238
26.12 17:26:10 Going to coordinates X=-14.872, Y=-37.579
26.12 17:26:10 Moving is finished
26.12 17:28:19 Scanning 76 point from 238
26.12 17:28:19 Going to coordinates X=-14.772, Y=-37.579
26.12 17:28:19 Moving is finished
26.12 17:30:28 Scanning 77 point from 238
26.12 17:30:28 Going to coordinates X=-14.672, Y=-37.579
26.12 17:30:28 Moving is finished
26.12 17:32:36 Scanning 78 point from 238
26.12 17:32:36 Going to coordinates X=-14.572, Y=-37.579
26.12 17:32:36 Moving is finished
26.12 17:34:44 Scanning 79 point from 238
26.12 17:34:44 Going to coordinates X=-14.472, Y=-37.579
26.12 17:34:44 Moving is finished
26.12 17:36:53 Scanning 80 point from 238
26.12 17:36:58 Going to coordinates X=-14.372, Y=-37.579
26.12 17:36:58 Moving is finished
26.12 17:39:07 Scanning 81 point from 238
26.12 17:39:07 Going to coordinates X=-14.272, Y=-37.579
26.12 17:39:07 Moving is finished
26.12 17:41:16 Scanning 82 point from 238
26.12 17:41:16 Going to coordinates X=-14.172, Y=-37.579
26.12 17:41:16 Moving is finished
26.12 17:43:24 Scanning 83 point from 238
26.12 17:43:24 Going to coordinates X=-14.072, Y=-37.579
26.12 17:43:24 Moving is finished
26.12 17:45:33 Scanning 84 point from 238
26.12 17:45:33 Going to coordinates X=-13.972, Y=-37.579
26.12 17:45:33 Moving is finished
26.12 17:47:41 Scanning 85 point from 238
26.12 17:47:41 Going to coordinates X=-15.572, Y=-37.479
26.12 17:47:42 Moving is finished
26.12 17:49:50 Scanning 86 point from 238
26.12 17:49:50 Going to coordinates X=-15.472, Y=-37.479
26.12 17:49:50 Moving is finished
26.12 17:51:58 Scanning 87 point from 238
26.12 17:51:58 Going to coordinates X=-15.372, Y=-37.479
26.12 17:51:59 Moving is finished
26.12 17:54:07 Scanning 88 point from 238
26.12 17:54:07 Going to coordinates X=-15.272, Y=-37.479
26.12 17:54:07 Moving is finished
26.12 17:56:16 Scanning 89 point from 238
26.12 17:56:16 Going to coordinates X=-15.172, Y=-37.479
26.12 17:56:16 Moving is finished
26.12 17:58:24 Scanning 90 point from 238
26.12 17:58:28 Going to coordinates X=-15.072, Y=-37.479
26.12 17:58:29 Moving is finished
26.12 18:00:36 Scanning 91 point from 238
26.12 18:00:36 Going to coordinates X=-14.972, Y=-37.479
26.12 18:00:37 Moving is finished
26.12 18:02:45 Scanning 92 point from 238
26.12 18:02:45 Going to coordinates X=-14.872, Y=-37.479
26.12 18:02:46 Moving is finished
26.12 18:04:54 Scanning 93 point from 238
26.12 18:04:54 Going to coordinates X=-14.772, Y=-37.479
26.12 18:04:54 Moving is finished
26.12 18:07:02 Scanning 94 point from 238
26.12 18:07:02 Going to coordinates X=-14.672, Y=-37.479
26.12 18:07:03 Moving is finished
26.12 18:09:11 Scanning 95 point from 238
26.12 18:09:11 Going to coordinates X=-14.572, Y=-37.479
26.12 18:09:11 Moving is finished
26.12 18:11:19 Scanning 96 point from 238
26.12 18:11:19 Going to coordinates X=-14.472, Y=-37.479
26.12 18:11:19 Moving is finished
26.12 18:13:28 Scanning 97 point from 238
26.12 18:13:28 Going to coordinates X=-14.372, Y=-37.479
26.12 18:13:28 Moving is finished
26.12 18:15:36 Scanning 98 point from 238
26.12 18:15:36 Going to coordinates X=-14.272, Y=-37.479
26.12 18:15:36 Moving is finished
26.12 18:17:45 Scanning 99 point from 238
26.12 18:17:45 Going to coordinates X=-14.172, Y=-37.479
26.12 18:17:45 Moving is finished
26.12 18:19:53 Scanning 100 point from 238
26.12 18:19:57 Going to coordinates X=-14.072, Y=-37.479
26.12 18:19:58 Moving is finished
26.12 18:22:05 Scanning 101 point from 238
26.12 18:22:05 Going to coordinates X=-13.972, Y=-37.479
26.12 18:22:06 Moving is finished
26.12 18:24:14 Scanning 102 point from 238
26.12 18:24:14 Going to coordinates X=-15.572, Y=-37.379
26.12 18:24:15 Moving is finished
26.12 18:26:23 Scanning 103 point from 238
26.12 18:26:23 Going to coordinates X=-15.472, Y=-37.379
26.12 18:26:24 Moving is finished
26.12 18:28:32 Scanning 104 point from 238
26.12 18:28:32 Going to coordinates X=-15.372, Y=-37.379
26.12 18:28:32 Moving is finished
26.12 18:30:41 Scanning 105 point from 238
26.12 18:30:41 Going to coordinates X=-15.272, Y=-37.379
26.12 18:30:41 Moving is finished
26.12 18:32:49 Scanning 106 point from 238
26.12 18:32:49 Going to coordinates X=-15.172, Y=-37.379
26.12 18:32:49 Moving is finished
26.12 18:34:57 Scanning 107 point from 238
26.12 18:34:57 Going to coordinates X=-15.072, Y=-37.379
26.12 18:34:58 Moving is finished
26.12 18:37:05 Scanning 108 point from 238
26.12 18:37:05 Going to coordinates X=-14.972, Y=-37.379
26.12 18:37:06 Moving is finished
26.12 18:39:14 Scanning 109 point from 238
26.12 18:39:14 Going to coordinates X=-14.872, Y=-37.379
26.12 18:39:14 Moving is finished
26.12 18:41:22 Scanning 110 point from 238
26.12 18:41:26 Going to coordinates X=-14.772, Y=-37.379
26.12 18:41:27 Moving is finished
26.12 18:43:35 Scanning 111 point from 238
26.12 18:43:35 Going to coordinates X=-14.672, Y=-37.379
26.12 18:43:36 Moving is finished
26.12 18:45:43 Scanning 112 point from 238
26.12 18:45:43 Going to coordinates X=-14.572, Y=-37.379
26.12 18:45:44 Moving is finished
26.12 18:47:52 Scanning 113 point from 238
26.12 18:47:52 Going to coordinates X=-14.472, Y=-37.379
26.12 18:47:53 Moving is finished
26.12 18:50:00 Scanning 114 point from 238
26.12 18:50:00 Going to coordinates X=-14.372, Y=-37.379
26.12 18:50:01 Moving is finished
26.12 18:52:09 Scanning 115 point from 238
26.12 18:52:09 Going to coordinates X=-14.272, Y=-37.379
26.12 18:52:09 Moving is finished
26.12 18:54:18 Scanning 116 point from 238
26.12 18:54:18 Going to coordinates X=-14.172, Y=-37.379
26.12 18:54:18 Moving is finished
26.12 18:56:26 Scanning 117 point from 238
26.12 18:56:26 Going to coordinates X=-14.072, Y=-37.379
26.12 18:56:26 Moving is finished
26.12 18:58:35 Scanning 118 point from 238
26.12 18:58:35 Going to coordinates X=-13.972, Y=-37.379
26.12 18:58:35 Moving is finished
26.12 19:00:43 Scanning 119 point from 238
26.12 19:00:43 Going to coordinates X=-15.572, Y=-37.279
26.12 19:00:44 Moving is finished
26.12 19:02:52 Scanning 120 point from 238
26.12 19:02:57 Going to coordinates X=-15.472, Y=-37.279
26.12 19:02:57 Moving is finished
26.12 19:05:05 Scanning 121 point from 238
26.12 19:05:05 Going to coordinates X=-15.372, Y=-37.279
26.12 19:05:06 Moving is finished
26.12 19:07:14 Scanning 122 point from 238
26.12 19:07:14 Going to coordinates X=-15.272, Y=-37.279
26.12 19:07:14 Moving is finished
26.12 19:09:23 Scanning 123 point from 238
26.12 19:09:23 Going to coordinates X=-15.172, Y=-37.279
26.12 19:09:23 Moving is finished
26.12 19:11:32 Scanning 124 point from 238
26.12 19:11:32 Going to coordinates X=-15.072, Y=-37.279
26.12 19:11:32 Moving is finished
26.12 19:13:40 Scanning 125 point from 238
26.12 19:13:40 Going to coordinates X=-14.972, Y=-37.279
26.12 19:13:40 Moving is finished
26.12 19:15:48 Scanning 126 point from 238
26.12 19:15:48 Going to coordinates X=-14.872, Y=-37.279
26.12 19:15:49 Moving is finished
26.12 19:17:57 Scanning 127 point from 238
26.12 19:17:57 Going to coordinates X=-14.772, Y=-37.279
26.12 19:17:57 Moving is finished
26.12 19:20:05 Scanning 128 point from 238
26.12 19:20:05 Going to coordinates X=-14.672, Y=-37.279
26.12 19:20:06 Moving is finished
26.12 19:22:14 Scanning 129 point from 238
26.12 19:22:14 Going to coordinates X=-14.572, Y=-37.279
26.12 19:22:14 Moving is finished
26.12 19:24:22 Scanning 130 point from 238
26.12 19:24:27 Going to coordinates X=-14.472, Y=-37.279
26.12 19:24:27 Moving is finished
26.12 19:26:35 Scanning 131 point from 238
26.12 19:26:35 Going to coordinates X=-14.372, Y=-37.279
26.12 19:26:35 Moving is finished
26.12 19:28:44 Scanning 132 point from 238
26.12 19:28:44 Going to coordinates X=-14.272, Y=-37.279
26.12 19:28:44 Moving is finished
26.12 19:30:52 Scanning 133 point from 238
26.12 19:30:52 Going to coordinates X=-14.172, Y=-37.279
26.12 19:30:52 Moving is finished
26.12 19:33:00 Scanning 134 point from 238
26.12 19:33:00 Going to coordinates X=-14.072, Y=-37.279
26.12 19:33:01 Moving is finished
26.12 19:35:09 Scanning 135 point from 238
26.12 19:35:09 Going to coordinates X=-13.972, Y=-37.279
26.12 19:35:09 Moving is finished
26.12 19:37:17 Scanning 136 point from 238
26.12 19:37:17 Going to coordinates X=-15.572, Y=-37.179
26.12 19:37:18 Moving is finished
26.12 19:39:26 Scanning 137 point from 238
26.12 19:39:26 Going to coordinates X=-15.472, Y=-37.179
26.12 19:39:27 Moving is finished
26.12 19:41:35 Scanning 138 point from 238
26.12 19:41:35 Going to coordinates X=-15.372, Y=-37.179
26.12 19:41:35 Moving is finished
26.12 19:43:43 Scanning 139 point from 238
26.12 19:43:43 Going to coordinates X=-15.272, Y=-37.179
26.12 19:43:44 Moving is finished
26.12 19:45:52 Scanning 140 point from 238
26.12 19:45:56 Going to coordinates X=-15.172, Y=-37.179
26.12 19:45:56 Moving is finished
26.12 19:48:05 Scanning 141 point from 238
26.12 19:48:05 Going to coordinates X=-15.072, Y=-37.179
26.12 19:48:06 Moving is finished
26.12 19:50:14 Scanning 142 point from 238
26.12 19:50:14 Going to coordinates X=-14.972, Y=-37.179
26.12 19:50:14 Moving is finished
26.12 19:52:22 Scanning 143 point from 238
26.12 19:52:22 Going to coordinates X=-14.872, Y=-37.179
26.12 19:52:22 Moving is finished
26.12 19:54:30 Scanning 144 point from 238
26.12 19:54:30 Going to coordinates X=-14.772, Y=-37.179
26.12 19:54:30 Moving is finished
26.12 19:56:39 Scanning 145 point from 238
26.12 19:56:39 Going to coordinates X=-14.672, Y=-37.179
26.12 19:56:39 Moving is finished
26.12 19:58:47 Scanning 146 point from 238
26.12 19:58:47 Going to coordinates X=-14.572, Y=-37.179
26.12 19:58:48 Moving is finished
26.12 20:00:56 Scanning 147 point from 238
26.12 20:00:56 Going to coordinates X=-14.472, Y=-37.179
26.12 20:00:56 Moving is finished
26.12 20:03:05 Scanning 148 point from 238
26.12 20:03:05 Going to coordinates X=-14.372, Y=-37.179
26.12 20:03:05 Moving is finished
26.12 20:05:13 Scanning 149 point from 238
26.12 20:05:13 Going to coordinates X=-14.272, Y=-37.179
26.12 20:05:14 Moving is finished
26.12 20:07:22 Scanning 150 point from 238
26.12 20:07:26 Going to coordinates X=-14.172, Y=-37.179
26.12 20:07:27 Moving is finished
26.12 20:09:35 Scanning 151 point from 238
26.12 20:09:35 Going to coordinates X=-14.072, Y=-37.179
26.12 20:09:35 Moving is finished
26.12 20:11:44 Scanning 152 point from 238
26.12 20:11:44 Going to coordinates X=-13.972, Y=-37.179
26.12 20:11:44 Moving is finished
26.12 20:13:52 Scanning 153 point from 238
26.12 20:13:52 Going to coordinates X=-15.572, Y=-37.079
26.12 20:13:53 Moving is finished
26.12 20:16:01 Scanning 154 point from 238
26.12 20:16:01 Going to coordinates X=-15.472, Y=-37.079
26.12 20:16:01 Moving is finished
26.12 20:18:10 Scanning 155 point from 238
26.12 20:18:10 Going to coordinates X=-15.372, Y=-37.079
26.12 20:18:10 Moving is finished
26.12 20:20:19 Scanning 156 point from 238
26.12 20:20:19 Going to coordinates X=-15.272, Y=-37.079
26.12 20:20:19 Moving is finished
26.12 20:22:28 Scanning 157 point from 238
26.12 20:22:28 Going to coordinates X=-15.172, Y=-37.079
26.12 20:22:28 Moving is finished
26.12 20:24:36 Scanning 158 point from 238
26.12 20:24:36 Going to coordinates X=-15.072, Y=-37.079
26.12 20:24:37 Moving is finished
26.12 20:26:44 Scanning 159 point from 238
26.12 20:26:44 Going to coordinates X=-14.972, Y=-37.079
26.12 20:26:45 Moving is finished
26.12 20:28:53 Scanning 160 point from 238
26.12 20:28:58 Going to coordinates X=-14.872, Y=-37.079
26.12 20:28:58 Moving is finished
26.12 20:31:06 Scanning 161 point from 238
26.12 20:31:06 Going to coordinates X=-14.772, Y=-37.079
26.12 20:31:06 Moving is finished
26.12 20:33:14 Scanning 162 point from 238
26.12 20:33:14 Going to coordinates X=-14.672, Y=-37.079
26.12 20:33:14 Moving is finished
26.12 20:35:23 Scanning 163 point from 238
26.12 20:35:23 Going to coordinates X=-14.572, Y=-37.079
26.12 20:35:23 Moving is finished
26.12 20:37:32 Scanning 164 point from 238
26.12 20:37:32 Going to coordinates X=-14.472, Y=-37.079
26.12 20:37:32 Moving is finished
26.12 20:39:40 Scanning 165 point from 238
26.12 20:39:40 Going to coordinates X=-14.372, Y=-37.079
26.12 20:39:41 Moving is finished
26.12 20:41:49 Scanning 166 point from 238
26.12 20:41:49 Going to coordinates X=-14.272, Y=-37.079
26.12 20:41:49 Moving is finished
26.12 20:43:57 Scanning 167 point from 238
26.12 20:43:57 Going to coordinates X=-14.172, Y=-37.079
26.12 20:43:57 Moving is finished
26.12 20:46:06 Scanning 168 point from 238
26.12 20:46:06 Going to coordinates X=-14.072, Y=-37.079
26.12 20:46:06 Moving is finished
26.12 20:48:15 Scanning 169 point from 238
26.12 20:48:15 Going to coordinates X=-13.972, Y=-37.079
26.12 20:48:15 Moving is finished
26.12 20:50:23 Scanning 170 point from 238
26.12 20:50:27 Going to coordinates X=-15.572, Y=-36.979
26.12 20:50:28 Moving is finished
26.12 20:52:36 Scanning 171 point from 238
26.12 20:52:36 Going to coordinates X=-15.472, Y=-36.979
26.12 20:52:37 Moving is finished
26.12 20:54:44 Scanning 172 point from 238
26.12 20:54:44 Going to coordinates X=-15.372, Y=-36.979
26.12 20:54:45 Moving is finished
26.12 20:56:53 Scanning 173 point from 238
26.12 20:56:53 Going to coordinates X=-15.272, Y=-36.979
26.12 20:56:53 Moving is finished
26.12 20:59:01 Scanning 174 point from 238
26.12 20:59:01 Going to coordinates X=-15.172, Y=-36.979
26.12 20:59:01 Moving is finished
26.12 21:01:10 Scanning 175 point from 238
26.12 21:01:10 Going to coordinates X=-15.072, Y=-36.979
26.12 21:01:10 Moving is finished
26.12 21:03:19 Scanning 176 point from 238
26.12 21:03:19 Going to coordinates X=-14.972, Y=-36.979
26.12 21:03:19 Moving is finished
26.12 21:05:27 Scanning 177 point from 238
26.12 21:05:27 Going to coordinates X=-14.872, Y=-36.979
26.12 21:05:28 Moving is finished
26.12 21:07:36 Scanning 178 point from 238
26.12 21:07:36 Going to coordinates X=-14.772, Y=-36.979
26.12 21:07:37 Moving is finished
26.12 21:09:44 Scanning 179 point from 238
26.12 21:09:44 Going to coordinates X=-14.672, Y=-36.979
26.12 21:09:45 Moving is finished
26.12 21:11:53 Scanning 180 point from 238
26.12 21:11:57 Going to coordinates X=-14.572, Y=-36.979
26.12 21:11:57 Moving is finished
26.12 21:14:06 Scanning 181 point from 238
26.12 21:14:06 Going to coordinates X=-14.472, Y=-36.979
26.12 21:14:06 Moving is finished
26.12 21:16:14 Scanning 182 point from 238
26.12 21:16:14 Going to coordinates X=-14.372, Y=-36.979
26.12 21:16:14 Moving is finished
26.12 21:18:23 Scanning 183 point from 238
26.12 21:18:23 Going to coordinates X=-14.272, Y=-36.979
26.12 21:18:23 Moving is finished
26.12 21:20:31 Scanning 184 point from 238
26.12 21:20:31 Going to coordinates X=-14.172, Y=-36.979
26.12 21:20:32 Moving is finished
26.12 21:22:40 Scanning 185 point from 238
26.12 21:22:40 Going to coordinates X=-14.072, Y=-36.979
26.12 21:22:41 Moving is finished
26.12 21:24:49 Scanning 186 point from 238
26.12 21:24:49 Going to coordinates X=-13.972, Y=-36.979
26.12 21:24:49 Moving is finished
26.12 21:26:58 Scanning 187 point from 238
26.12 21:26:58 Going to coordinates X=-15.572, Y=-36.879
26.12 21:26:58 Moving is finished
26.12 21:29:07 Scanning 188 point from 238
26.12 21:29:07 Going to coordinates X=-15.472, Y=-36.879
26.12 21:29:07 Moving is finished
26.12 21:31:15 Scanning 189 point from 238
26.12 21:31:15 Going to coordinates X=-15.372, Y=-36.879
26.12 21:31:15 Moving is finished
26.12 21:33:24 Scanning 190 point from 238
26.12 21:33:28 Going to coordinates X=-15.272, Y=-36.879
26.12 21:33:28 Moving is finished
26.12 21:35:36 Scanning 191 point from 238
26.12 21:35:36 Going to coordinates X=-15.172, Y=-36.879
26.12 21:35:36 Moving is finished
26.12 21:37:44 Scanning 192 point from 238
26.12 21:37:44 Going to coordinates X=-15.072, Y=-36.879
26.12 21:37:45 Moving is finished
26.12 21:39:53 Scanning 193 point from 238
26.12 21:39:53 Going to coordinates X=-14.972, Y=-36.879
26.12 21:39:53 Moving is finished
26.12 21:42:01 Scanning 194 point from 238
26.12 21:42:01 Going to coordinates X=-14.872, Y=-36.879
26.12 21:42:02 Moving is finished
26.12 21:44:10 Scanning 195 point from 238
26.12 21:44:10 Going to coordinates X=-14.772, Y=-36.879
26.12 21:44:10 Moving is finished
26.12 21:46:19 Scanning 196 point from 238
26.12 21:46:19 Going to coordinates X=-14.672, Y=-36.879
26.12 21:46:19 Moving is finished
26.12 21:48:28 Scanning 197 point from 238
26.12 21:48:28 Going to coordinates X=-14.572, Y=-36.879
26.12 21:48:28 Moving is finished
26.12 21:50:37 Scanning 198 point from 238
26.12 21:50:37 Going to coordinates X=-14.472, Y=-36.879
26.12 21:50:37 Moving is finished
26.12 21:52:45 Scanning 199 point from 238
26.12 21:52:45 Going to coordinates X=-14.372, Y=-36.879
26.12 21:52:45 Moving is finished
26.12 21:54:53 Scanning 200 point from 238
26.12 21:54:58 Going to coordinates X=-14.272, Y=-36.879
26.12 21:54:58 Moving is finished
26.12 21:57:06 Scanning 201 point from 238
26.12 21:57:06 Going to coordinates X=-14.172, Y=-36.879
26.12 21:57:07 Moving is finished
26.12 21:59:15 Scanning 202 point from 238
26.12 21:59:15 Going to coordinates X=-14.072, Y=-36.879
26.12 21:59:15 Moving is finished
26.12 22:01:23 Scanning 203 point from 238
26.12 22:01:23 Going to coordinates X=-13.972, Y=-36.879
26.12 22:01:23 Moving is finished
26.12 22:03:31 Scanning 204 point from 238
26.12 22:03:31 Going to coordinates X=-15.572, Y=-36.779
26.12 22:03:32 Moving is finished
26.12 22:05:41 Scanning 205 point from 238
26.12 22:05:41 Going to coordinates X=-15.472, Y=-36.779
26.12 22:05:41 Moving is finished
26.12 22:07:49 Scanning 206 point from 238
26.12 22:07:49 Going to coordinates X=-15.372, Y=-36.779
26.12 22:07:49 Moving is finished
26.12 22:09:57 Scanning 207 point from 238
26.12 22:09:57 Going to coordinates X=-15.272, Y=-36.779
26.12 22:09:58 Moving is finished
26.12 22:12:06 Scanning 208 point from 238
26.12 22:12:06 Going to coordinates X=-15.172, Y=-36.779
26.12 22:12:06 Moving is finished
26.12 22:14:14 Scanning 209 point from 238
26.12 22:14:14 Going to coordinates X=-15.072, Y=-36.779
26.12 22:14:14 Moving is finished
26.12 22:16:23 Scanning 210 point from 238
26.12 22:16:27 Going to coordinates X=-14.972, Y=-36.779
26.12 22:16:27 Moving is finished
26.12 22:18:35 Scanning 211 point from 238
26.12 22:18:35 Going to coordinates X=-14.872, Y=-36.779
26.12 22:18:35 Moving is finished
26.12 22:20:44 Scanning 212 point from 238
26.12 22:20:44 Going to coordinates X=-14.772, Y=-36.779
26.12 22:20:44 Moving is finished
26.12 22:22:52 Scanning 213 point from 238
26.12 22:22:52 Going to coordinates X=-14.672, Y=-36.779
26.12 22:22:52 Moving is finished
26.12 22:25:01 Scanning 214 point from 238
26.12 22:25:01 Going to coordinates X=-14.572, Y=-36.779
26.12 22:25:01 Moving is finished
26.12 22:27:10 Scanning 215 point from 238
26.12 22:27:10 Going to coordinates X=-14.472, Y=-36.779
26.12 22:27:10 Moving is finished
26.12 22:29:18 Scanning 216 point from 238
26.12 22:29:18 Going to coordinates X=-14.372, Y=-36.779
26.12 22:29:19 Moving is finished
26.12 22:31:27 Scanning 217 point from 238
26.12 22:31:27 Going to coordinates X=-14.272, Y=-36.779
26.12 22:31:27 Moving is finished
26.12 22:33:36 Scanning 218 point from 238
26.12 22:33:36 Going to coordinates X=-14.172, Y=-36.779
26.12 22:33:36 Moving is finished
26.12 22:35:44 Scanning 219 point from 238
26.12 22:35:44 Going to coordinates X=-14.072, Y=-36.779
26.12 22:35:45 Moving is finished
26.12 22:37:53 Scanning 220 point from 238
26.12 22:37:57 Going to coordinates X=-13.972, Y=-36.779
26.12 22:37:57 Moving is finished
26.12 22:40:06 Scanning 221 point from 238
26.12 22:40:06 Going to coordinates X=-15.572, Y=-36.679
26.12 22:40:07 Moving is finished
26.12 22:42:15 Scanning 222 point from 238
26.12 22:42:15 Going to coordinates X=-15.472, Y=-36.679
26.12 22:42:15 Moving is finished
26.12 22:44:24 Scanning 223 point from 238
26.12 22:44:24 Going to coordinates X=-15.372, Y=-36.679
26.12 22:44:24 Moving is finished
26.12 22:46:33 Scanning 224 point from 238
26.12 22:46:33 Going to coordinates X=-15.272, Y=-36.679
26.12 22:46:33 Moving is finished
26.12 22:48:41 Scanning 225 point from 238
26.12 22:48:41 Going to coordinates X=-15.172, Y=-36.679
26.12 22:48:41 Moving is finished
26.12 22:50:50 Scanning 226 point from 238
26.12 22:50:50 Going to coordinates X=-15.072, Y=-36.679
26.12 22:50:50 Moving is finished
26.12 22:52:58 Scanning 227 point from 238
26.12 22:52:58 Going to coordinates X=-14.972, Y=-36.679
26.12 22:52:58 Moving is finished
26.12 22:55:06 Scanning 228 point from 238
26.12 22:55:06 Going to coordinates X=-14.872, Y=-36.679
26.12 22:55:07 Moving is finished
26.12 22:57:15 Scanning 229 point from 238
26.12 22:57:15 Going to coordinates X=-14.772, Y=-36.679
26.12 22:57:16 Moving is finished
26.12 22:59:24 Scanning 230 point from 238
26.12 22:59:28 Going to coordinates X=-14.672, Y=-36.679
26.12 22:59:28 Moving is finished
26.12 23:01:36 Scanning 231 point from 238
26.12 23:01:36 Going to coordinates X=-14.572, Y=-36.679
26.12 23:01:37 Moving is finished
26.12 23:03:45 Scanning 232 point from 238
26.12 23:03:45 Going to coordinates X=-14.472, Y=-36.679
26.12 23:03:46 Moving is finished
26.12 23:05:54 Scanning 233 point from 238
26.12 23:05:54 Going to coordinates X=-14.372, Y=-36.679
26.12 23:05:54 Moving is finished
26.12 23:08:02 Scanning 234 point from 238
26.12 23:08:02 Going to coordinates X=-14.272, Y=-36.679
26.12 23:08:03 Moving is finished
26.12 23:10:11 Scanning 235 point from 238
26.12 23:10:11 Going to coordinates X=-14.172, Y=-36.679
26.12 23:10:11 Moving is finished
26.12 23:12:19 Scanning 236 point from 238
26.12 23:12:19 Going to coordinates X=-14.072, Y=-36.679
26.12 23:12:20 Moving is finished
26.12 23:14:29 Scanning 237 point from 238
26.12 23:14:29 Going to coordinates X=-13.972, Y=-36.679
26.12 23:14:29 Moving is finished
