11.07 10:30:09 Initializing grbl...
11.07 10:30:10 Got the response: b''
11.07 10:31:09 Can't send the command to GRBL
11.07 10:31:09 Write timeout11.07 10:31:09 Write timeout

11.07 10:32:18 Row 0: 11.07 10:32:18 Map: x1: -13.923, y1: -38.0, x2: -11.784, y2: -39.272, xres: 0.080, yres: 0.080, fname: M311719
11.07 10:32:18 Scanning 0 point from 476
11.07 10:32:18 Going to coordinates X=-13.923, Y=-39.272
11.07 10:32:19 Moving is finished
11.07 10:33:23 Scanning 1 point from 476
11.07 10:33:23 Going to coordinates X=-13.843, Y=-39.272
11.07 10:33:24 Moving is finished
11.07 10:34:27 Scanning 2 point from 476
11.07 10:34:27 Going to coordinates X=-13.763, Y=-39.272
11.07 10:34:28 Moving is finished
11.07 10:35:32 Scanning 3 point from 476
11.07 10:35:32 Going to coordinates X=-13.683, Y=-39.272
11.07 10:35:32 Moving is finished
11.07 10:36:35 Scanning 4 point from 476
11.07 10:36:35 Going to coordinates X=-13.603, Y=-39.272
11.07 10:36:36 Moving is finished
11.07 10:37:39 Scanning 5 point from 476
11.07 10:37:39 Going to coordinates X=-13.523, Y=-39.272
11.07 10:37:40 Moving is finished
11.07 10:38:44 Scanning 6 point from 476
11.07 10:38:44 Going to coordinates X=-13.443, Y=-39.272
11.07 10:38:44 Moving is finished
11.07 10:39:48 Scanning 7 point from 476
11.07 10:39:48 Going to coordinates X=-13.363, Y=-39.272
11.07 10:39:48 Moving is finished
11.07 10:40:52 Scanning 8 point from 476
11.07 10:40:52 Going to coordinates X=-13.283, Y=-39.272
11.07 10:40:52 Moving is finished
11.07 10:41:57 Scanning 9 point from 476
11.07 10:41:57 Going to coordinates X=-13.203, Y=-39.272
11.07 10:41:57 Moving is finished
11.07 10:43:01 Scanning 10 point from 476
11.07 10:43:01 Going to coordinates X=-13.123, Y=-39.272
11.07 10:43:02 Moving is finished
11.07 10:44:06 Scanning 11 point from 476
11.07 10:44:06 Going to coordinates X=-13.043, Y=-39.272
11.07 10:44:06 Moving is finished
11.07 10:45:10 Scanning 12 point from 476
11.07 10:45:10 Going to coordinates X=-12.963, Y=-39.272
11.07 10:45:11 Moving is finished
11.07 10:46:15 Scanning 13 point from 476
11.07 10:46:15 Going to coordinates X=-12.883, Y=-39.272
11.07 10:46:15 Moving is finished
11.07 10:47:19 Scanning 14 point from 476
11.07 10:47:19 Going to coordinates X=-12.803, Y=-39.272
11.07 10:47:19 Moving is finished
11.07 10:48:23 Scanning 15 point from 476
11.07 10:48:23 Going to coordinates X=-12.723, Y=-39.272
11.07 10:48:23 Moving is finished
11.07 10:49:27 Scanning 16 point from 476
11.07 10:49:27 Going to coordinates X=-12.643, Y=-39.272
11.07 10:49:28 Moving is finished
11.07 10:50:31 Scanning 17 point from 476
11.07 10:50:31 Going to coordinates X=-12.563, Y=-39.272
11.07 10:50:32 Moving is finished
11.07 10:51:35 Scanning 18 point from 476
11.07 10:51:35 Going to coordinates X=-12.483, Y=-39.272
11.07 10:51:36 Moving is finished
11.07 10:52:39 Scanning 19 point from 476
11.07 10:52:39 Going to coordinates X=-12.403, Y=-39.272
11.07 10:52:40 Moving is finished
11.07 10:53:44 Scanning 20 point from 476
11.07 10:53:44 Going to coordinates X=-12.323, Y=-39.272
11.07 10:53:44 Moving is finished
11.07 10:54:48 Scanning 21 point from 476
11.07 10:54:48 Going to coordinates X=-12.243, Y=-39.272
11.07 10:54:48 Moving is finished
11.07 10:55:51 Scanning 22 point from 476
11.07 10:55:51 Going to coordinates X=-12.163, Y=-39.272
11.07 10:55:52 Moving is finished
11.07 10:56:55 Scanning 23 point from 476
11.07 10:56:55 Going to coordinates X=-12.083, Y=-39.272
11.07 10:56:56 Moving is finished
11.07 10:57:59 Scanning 24 point from 476
11.07 10:57:59 Going to coordinates X=-12.003, Y=-39.272
11.07 10:58:00 Moving is finished
11.07 10:59:04 Scanning 25 point from 476
11.07 10:59:04 Going to coordinates X=-11.923, Y=-39.272
11.07 10:59:04 Moving is finished
11.07 11:00:08 Scanning 26 point from 476
11.07 11:00:08 Going to coordinates X=-11.843, Y=-39.272
11.07 11:00:08 Moving is finished
11.07 11:01:12 Scanning 27 point from 476
11.07 11:01:12 Going to coordinates X=-11.763, Y=-39.272
11.07 11:01:12 Moving is finished
11.07 11:02:16 Scanning 28 point from 476
11.07 11:02:16 Going to coordinates X=-13.923, Y=-39.192
11.07 11:02:17 Moving is finished
11.07 11:03:21 Scanning 29 point from 476
11.07 11:03:21 Going to coordinates X=-13.843, Y=-39.192
11.07 11:03:21 Moving is finished
11.07 11:04:25 Scanning 30 point from 476
11.07 11:04:25 Going to coordinates X=-13.763, Y=-39.192
11.07 11:04:25 Moving is finished
11.07 11:05:29 Scanning 31 point from 476
11.07 11:05:29 Going to coordinates X=-13.683, Y=-39.192
11.07 11:05:29 Moving is finished
11.07 11:06:33 Scanning 32 point from 476
11.07 11:06:33 Going to coordinates X=-13.603, Y=-39.192
11.07 11:06:34 Moving is finished
11.07 11:07:38 Scanning 33 point from 476
11.07 11:07:38 Going to coordinates X=-13.523, Y=-39.192
11.07 11:07:38 Moving is finished
11.07 11:08:42 Scanning 34 point from 476
11.07 11:08:42 Going to coordinates X=-13.443, Y=-39.192
11.07 11:08:42 Moving is finished
11.07 11:09:46 Scanning 35 point from 476
11.07 11:09:46 Going to coordinates X=-13.363, Y=-39.192
11.07 11:09:46 Moving is finished
11.07 11:10:50 Scanning 36 point from 476
11.07 11:10:50 Going to coordinates X=-13.283, Y=-39.192
11.07 11:10:51 Moving is finished
11.07 11:11:55 Scanning 37 point from 476
11.07 11:11:55 Going to coordinates X=-13.203, Y=-39.192
11.07 11:11:55 Moving is finished
11.07 11:12:59 Scanning 38 point from 476
11.07 11:12:59 Going to coordinates X=-13.123, Y=-39.192
11.07 11:12:59 Moving is finished
11.07 11:14:03 Scanning 39 point from 476
11.07 11:14:03 Going to coordinates X=-13.043, Y=-39.192
11.07 11:14:04 Moving is finished
11.07 11:15:08 Scanning 40 point from 476
11.07 11:15:08 Going to coordinates X=-12.963, Y=-39.192
11.07 11:15:09 Moving is finished
11.07 11:16:12 Scanning 41 point from 476
11.07 11:16:12 Going to coordinates X=-12.883, Y=-39.192
11.07 11:16:13 Moving is finished
11.07 11:17:17 Scanning 42 point from 476
11.07 11:17:17 Going to coordinates X=-12.803, Y=-39.192
11.07 11:17:17 Moving is finished
11.07 11:18:20 Scanning 43 point from 476
11.07 11:18:20 Going to coordinates X=-12.723, Y=-39.192
11.07 11:18:21 Moving is finished
11.07 11:19:24 Scanning 44 point from 476
11.07 11:19:24 Going to coordinates X=-12.643, Y=-39.192
11.07 11:19:25 Moving is finished
11.07 11:20:29 Scanning 45 point from 476
11.07 11:20:29 Going to coordinates X=-12.563, Y=-39.192
11.07 11:20:29 Moving is finished
11.07 11:21:33 Scanning 46 point from 476
11.07 11:21:33 Going to coordinates X=-12.483, Y=-39.192
11.07 11:21:33 Moving is finished
11.07 11:22:38 Scanning 47 point from 476
11.07 11:22:38 Going to coordinates X=-12.403, Y=-39.192
11.07 11:22:38 Moving is finished
11.07 11:23:42 Scanning 48 point from 476
11.07 11:23:42 Going to coordinates X=-12.323, Y=-39.192
11.07 11:23:42 Moving is finished
11.07 11:24:46 Scanning 49 point from 476
11.07 11:24:46 Going to coordinates X=-12.243, Y=-39.192
11.07 11:24:47 Moving is finished
11.07 11:25:51 Scanning 50 point from 476
11.07 11:25:51 Going to coordinates X=-12.163, Y=-39.192
11.07 11:25:51 Moving is finished
11.07 11:26:55 Scanning 51 point from 476
11.07 11:26:55 Going to coordinates X=-12.083, Y=-39.192
11.07 11:26:55 Moving is finished
11.07 11:27:59 Scanning 52 point from 476
11.07 11:27:59 Going to coordinates X=-12.003, Y=-39.192
11.07 11:27:59 Moving is finished
11.07 11:29:03 Scanning 53 point from 476
11.07 11:29:03 Going to coordinates X=-11.923, Y=-39.192
11.07 11:29:03 Moving is finished
11.07 11:30:07 Scanning 54 point from 476
11.07 11:30:07 Going to coordinates X=-11.843, Y=-39.192
11.07 11:30:07 Moving is finished
11.07 11:31:11 Scanning 55 point from 476
11.07 11:31:11 Going to coordinates X=-11.763, Y=-39.192
11.07 11:31:11 Moving is finished
11.07 11:32:15 Scanning 56 point from 476
11.07 11:32:15 Going to coordinates X=-13.923, Y=-39.112
11.07 11:32:16 Moving is finished
11.07 11:33:20 Scanning 57 point from 476
11.07 11:33:20 Going to coordinates X=-13.843, Y=-39.112
11.07 11:33:20 Moving is finished
11.07 11:34:25 Scanning 58 point from 476
11.07 11:34:25 Going to coordinates X=-13.763, Y=-39.112
11.07 11:34:25 Moving is finished
11.07 11:35:30 Scanning 59 point from 476
11.07 11:35:30 Going to coordinates X=-13.683, Y=-39.112
11.07 11:35:30 Moving is finished
11.07 11:36:35 Scanning 60 point from 476
11.07 11:36:35 Going to coordinates X=-13.603, Y=-39.112
11.07 11:36:35 Moving is finished
11.07 11:37:39 Scanning 61 point from 476
11.07 11:37:39 Going to coordinates X=-13.523, Y=-39.112
11.07 11:37:39 Moving is finished
11.07 11:38:45 Scanning 62 point from 476
11.07 11:38:45 Going to coordinates X=-13.443, Y=-39.112
11.07 11:38:45 Moving is finished
11.07 11:39:49 Scanning 63 point from 476
11.07 11:39:49 Going to coordinates X=-13.363, Y=-39.112
11.07 11:39:49 Moving is finished
11.07 11:40:53 Scanning 64 point from 476
11.07 11:40:53 Going to coordinates X=-13.283, Y=-39.112
11.07 11:40:54 Moving is finished
11.07 11:41:58 Scanning 65 point from 476
11.07 11:41:58 Going to coordinates X=-13.203, Y=-39.112
11.07 11:41:58 Moving is finished
11.07 11:43:02 Scanning 66 point from 476
11.07 11:43:02 Going to coordinates X=-13.123, Y=-39.112
11.07 11:43:02 Moving is finished
11.07 11:44:06 Scanning 67 point from 476
11.07 11:44:06 Going to coordinates X=-13.043, Y=-39.112
11.07 11:44:06 Moving is finished
11.07 11:45:10 Scanning 68 point from 476
11.07 11:45:10 Going to coordinates X=-12.963, Y=-39.112
11.07 11:45:10 Moving is finished
11.07 11:46:14 Scanning 69 point from 476
11.07 11:46:14 Going to coordinates X=-12.883, Y=-39.112
11.07 11:46:14 Moving is finished
11.07 11:47:18 Scanning 70 point from 476
11.07 11:47:18 Going to coordinates X=-12.803, Y=-39.112
11.07 11:47:18 Moving is finished
11.07 11:48:22 Scanning 71 point from 476
11.07 11:48:22 Going to coordinates X=-12.723, Y=-39.112
11.07 11:48:22 Moving is finished
11.07 11:49:26 Scanning 72 point from 476
11.07 11:49:26 Going to coordinates X=-12.643, Y=-39.112
11.07 11:49:26 Moving is finished
11.07 11:50:30 Scanning 73 point from 476
11.07 11:50:30 Going to coordinates X=-12.563, Y=-39.112
11.07 11:50:30 Moving is finished
11.07 11:51:34 Scanning 74 point from 476
11.07 11:51:34 Going to coordinates X=-12.483, Y=-39.112
11.07 11:51:34 Moving is finished
11.07 11:52:38 Scanning 75 point from 476
11.07 11:52:38 Going to coordinates X=-12.403, Y=-39.112
11.07 11:52:38 Moving is finished
11.07 11:53:42 Scanning 76 point from 476
11.07 11:53:42 Going to coordinates X=-12.323, Y=-39.112
11.07 11:53:42 Moving is finished
11.07 11:54:46 Scanning 77 point from 476
11.07 11:54:46 Going to coordinates X=-12.243, Y=-39.112
11.07 11:54:46 Moving is finished
11.07 11:55:50 Scanning 78 point from 476
11.07 11:55:50 Going to coordinates X=-12.163, Y=-39.112
11.07 11:55:50 Moving is finished
11.07 11:56:54 Scanning 79 point from 476
11.07 11:56:54 Going to coordinates X=-12.083, Y=-39.112
11.07 11:56:54 Moving is finished
11.07 11:57:58 Scanning 80 point from 476
11.07 11:57:58 Going to coordinates X=-12.003, Y=-39.112
11.07 11:57:58 Moving is finished
11.07 11:59:02 Scanning 81 point from 476
11.07 11:59:02 Going to coordinates X=-11.923, Y=-39.112
11.07 11:59:02 Moving is finished
11.07 12:00:06 Scanning 82 point from 476
11.07 12:00:06 Going to coordinates X=-11.843, Y=-39.112
11.07 12:00:06 Moving is finished
11.07 12:01:10 Scanning 83 point from 476
11.07 12:01:10 Going to coordinates X=-11.763, Y=-39.112
11.07 12:01:10 Moving is finished
11.07 12:02:14 Scanning 84 point from 476
11.07 12:02:14 Going to coordinates X=-13.923, Y=-39.032
11.07 12:02:15 Moving is finished
11.07 12:03:19 Scanning 85 point from 476
11.07 12:03:19 Going to coordinates X=-13.843, Y=-39.032
11.07 12:03:19 Moving is finished
11.07 12:04:24 Scanning 86 point from 476
11.07 12:04:24 Going to coordinates X=-13.763, Y=-39.032
11.07 12:04:24 Moving is finished
11.07 12:05:28 Scanning 87 point from 476
11.07 12:05:28 Going to coordinates X=-13.683, Y=-39.032
11.07 12:05:29 Moving is finished
11.07 12:06:33 Scanning 88 point from 476
11.07 12:06:33 Going to coordinates X=-13.603, Y=-39.032
11.07 12:06:33 Moving is finished
11.07 12:07:37 Scanning 89 point from 476
11.07 12:07:37 Going to coordinates X=-13.523, Y=-39.032
11.07 12:07:37 Moving is finished
11.07 12:08:41 Scanning 90 point from 476
11.07 12:08:41 Going to coordinates X=-13.443, Y=-39.032
11.07 12:08:41 Moving is finished
11.07 12:09:46 Scanning 91 point from 476
11.07 12:09:46 Going to coordinates X=-13.363, Y=-39.032
11.07 12:09:46 Moving is finished
11.07 12:10:50 Scanning 92 point from 476
11.07 12:10:50 Going to coordinates X=-13.283, Y=-39.032
11.07 12:10:50 Moving is finished
11.07 12:11:54 Scanning 93 point from 476
11.07 12:11:54 Going to coordinates X=-13.203, Y=-39.032
11.07 12:11:54 Moving is finished
11.07 12:12:58 Scanning 94 point from 476
11.07 12:12:58 Going to coordinates X=-13.123, Y=-39.032
11.07 12:12:58 Moving is finished
11.07 12:14:02 Scanning 95 point from 476
11.07 12:14:02 Going to coordinates X=-13.043, Y=-39.032
11.07 12:14:02 Moving is finished
11.07 12:15:06 Scanning 96 point from 476
11.07 12:15:06 Going to coordinates X=-12.963, Y=-39.032
11.07 12:15:06 Moving is finished
11.07 12:16:10 Scanning 97 point from 476
11.07 12:16:10 Going to coordinates X=-12.883, Y=-39.032
11.07 12:16:10 Moving is finished
11.07 12:17:14 Scanning 98 point from 476
11.07 12:17:14 Going to coordinates X=-12.803, Y=-39.032
11.07 12:17:14 Moving is finished
11.07 12:18:18 Scanning 99 point from 476
11.07 12:18:18 Going to coordinates X=-12.723, Y=-39.032
11.07 12:18:18 Moving is finished
11.07 12:19:22 Scanning 100 point from 476
11.07 12:19:22 Going to coordinates X=-12.643, Y=-39.032
11.07 12:19:22 Moving is finished
11.07 12:20:26 Scanning 101 point from 476
11.07 12:20:26 Going to coordinates X=-12.563, Y=-39.032
11.07 12:20:26 Moving is finished
11.07 12:21:30 Scanning 102 point from 476
11.07 12:21:30 Going to coordinates X=-12.483, Y=-39.032
11.07 12:21:30 Moving is finished
11.07 12:22:34 Scanning 103 point from 476
11.07 12:22:34 Going to coordinates X=-12.403, Y=-39.032
11.07 12:22:35 Moving is finished
11.07 12:23:39 Scanning 104 point from 476
11.07 12:23:39 Going to coordinates X=-12.323, Y=-39.032
11.07 12:23:39 Moving is finished
11.07 12:24:43 Scanning 105 point from 476
11.07 12:24:43 Going to coordinates X=-12.243, Y=-39.032
11.07 12:24:43 Moving is finished
11.07 12:25:47 Scanning 106 point from 476
11.07 12:25:47 Going to coordinates X=-12.163, Y=-39.032
11.07 12:25:47 Moving is finished
11.07 12:26:51 Scanning 107 point from 476
11.07 12:26:51 Going to coordinates X=-12.083, Y=-39.032
11.07 12:26:51 Moving is finished
11.07 12:27:54 Scanning 108 point from 476
11.07 12:27:54 Going to coordinates X=-12.003, Y=-39.032
11.07 12:27:55 Moving is finished
11.07 12:28:59 Scanning 109 point from 476
11.07 12:28:59 Going to coordinates X=-11.923, Y=-39.032
11.07 12:28:59 Moving is finished
11.07 12:30:03 Scanning 110 point from 476
11.07 12:30:03 Going to coordinates X=-11.843, Y=-39.032
11.07 12:30:03 Moving is finished
11.07 12:31:07 Scanning 111 point from 476
11.07 12:31:07 Going to coordinates X=-11.763, Y=-39.032
11.07 12:31:07 Moving is finished
11.07 12:32:11 Scanning 112 point from 476
11.07 12:32:11 Going to coordinates X=-13.923, Y=-38.952
11.07 12:32:12 Moving is finished
11.07 12:33:16 Scanning 113 point from 476
11.07 12:33:16 Going to coordinates X=-13.843, Y=-38.952
11.07 12:33:16 Moving is finished
11.07 12:34:21 Scanning 114 point from 476
11.07 12:34:21 Going to coordinates X=-13.763, Y=-38.952
11.07 12:34:21 Moving is finished
11.07 12:35:25 Scanning 115 point from 476
11.07 12:35:25 Going to coordinates X=-13.683, Y=-38.952
11.07 12:35:25 Moving is finished
11.07 12:36:29 Scanning 116 point from 476
11.07 12:36:29 Going to coordinates X=-13.603, Y=-38.952
11.07 12:36:29 Moving is finished
11.07 12:37:33 Scanning 117 point from 476
11.07 12:37:33 Going to coordinates X=-13.523, Y=-38.952
11.07 12:37:34 Moving is finished
11.07 12:38:37 Scanning 118 point from 476
11.07 12:38:37 Going to coordinates X=-13.443, Y=-38.952
11.07 12:38:38 Moving is finished
11.07 12:39:41 Scanning 119 point from 476
11.07 12:39:41 Going to coordinates X=-13.363, Y=-38.952
11.07 12:39:42 Moving is finished
11.07 12:40:45 Scanning 120 point from 476
11.07 12:40:45 Going to coordinates X=-13.283, Y=-38.952
11.07 12:40:46 Moving is finished
11.07 12:41:49 Scanning 121 point from 476
11.07 12:41:49 Going to coordinates X=-13.203, Y=-38.952
11.07 12:41:50 Moving is finished
11.07 12:42:53 Scanning 122 point from 476
11.07 12:42:53 Going to coordinates X=-13.123, Y=-38.952
11.07 12:42:54 Moving is finished
11.07 12:43:57 Scanning 123 point from 476
11.07 12:43:57 Going to coordinates X=-13.043, Y=-38.952
11.07 12:43:58 Moving is finished
11.07 12:45:01 Scanning 124 point from 476
11.07 12:45:01 Going to coordinates X=-12.963, Y=-38.952
11.07 12:45:01 Moving is finished
11.07 12:46:06 Scanning 125 point from 476
11.07 12:46:06 Going to coordinates X=-12.883, Y=-38.952
11.07 12:46:06 Moving is finished
11.07 12:47:10 Scanning 126 point from 476
11.07 12:47:10 Going to coordinates X=-12.803, Y=-38.952
11.07 12:47:10 Moving is finished
11.07 12:48:14 Scanning 127 point from 476
11.07 12:48:14 Going to coordinates X=-12.723, Y=-38.952
11.07 12:48:14 Moving is finished
11.07 12:49:18 Scanning 128 point from 476
11.07 12:49:18 Going to coordinates X=-12.643, Y=-38.952
11.07 12:49:18 Moving is finished
11.07 12:50:22 Scanning 129 point from 476
11.07 12:50:22 Going to coordinates X=-12.563, Y=-38.952
11.07 12:50:22 Moving is finished
11.07 12:51:26 Scanning 130 point from 476
11.07 12:51:26 Going to coordinates X=-12.483, Y=-38.952
11.07 12:51:26 Moving is finished
11.07 12:52:30 Scanning 131 point from 476
11.07 12:52:30 Going to coordinates X=-12.403, Y=-38.952
11.07 12:52:30 Moving is finished
11.07 12:53:34 Scanning 132 point from 476
11.07 12:53:34 Going to coordinates X=-12.323, Y=-38.952
11.07 12:53:35 Moving is finished
11.07 12:54:39 Scanning 133 point from 476
11.07 12:54:39 Going to coordinates X=-12.243, Y=-38.952
11.07 12:54:39 Moving is finished
11.07 12:55:43 Scanning 134 point from 476
11.07 12:55:43 Going to coordinates X=-12.163, Y=-38.952
11.07 12:55:43 Moving is finished
11.07 12:56:47 Scanning 135 point from 476
11.07 12:56:47 Going to coordinates X=-12.083, Y=-38.952
11.07 12:56:47 Moving is finished
11.07 12:57:51 Scanning 136 point from 476
11.07 12:57:51 Going to coordinates X=-12.003, Y=-38.952
11.07 12:57:51 Moving is finished
11.07 12:58:55 Scanning 137 point from 476
11.07 12:58:55 Going to coordinates X=-11.923, Y=-38.952
11.07 12:58:55 Moving is finished
11.07 12:59:59 Scanning 138 point from 476
11.07 12:59:59 Going to coordinates X=-11.843, Y=-38.952
11.07 12:59:59 Moving is finished
11.07 13:01:03 Scanning 139 point from 476
11.07 13:01:03 Going to coordinates X=-11.763, Y=-38.952
11.07 13:01:03 Moving is finished
11.07 13:02:08 Scanning 140 point from 476
11.07 13:02:08 Going to coordinates X=-13.923, Y=-38.872
11.07 13:02:09 Moving is finished
11.07 13:03:13 Scanning 141 point from 476
11.07 13:03:13 Going to coordinates X=-13.843, Y=-38.872
11.07 13:03:13 Moving is finished
11.07 13:04:17 Scanning 142 point from 476
11.07 13:04:17 Going to coordinates X=-13.763, Y=-38.872
11.07 13:04:17 Moving is finished
11.07 13:05:21 Scanning 143 point from 476
11.07 13:05:21 Going to coordinates X=-13.683, Y=-38.872
11.07 13:05:21 Moving is finished
11.07 13:06:25 Scanning 144 point from 476
11.07 13:06:25 Going to coordinates X=-13.603, Y=-38.872
11.07 13:06:25 Moving is finished
11.07 13:07:29 Scanning 145 point from 476
11.07 13:07:29 Going to coordinates X=-13.523, Y=-38.872
11.07 13:07:29 Moving is finished
11.07 13:08:33 Scanning 146 point from 476
11.07 13:08:33 Going to coordinates X=-13.443, Y=-38.872
11.07 13:08:33 Moving is finished
11.07 13:09:37 Scanning 147 point from 476
11.07 13:09:37 Going to coordinates X=-13.363, Y=-38.872
11.07 13:09:37 Moving is finished
11.07 13:10:41 Scanning 148 point from 476
11.07 13:10:41 Going to coordinates X=-13.283, Y=-38.872
11.07 13:10:41 Moving is finished
11.07 13:11:45 Scanning 149 point from 476
11.07 13:11:45 Going to coordinates X=-13.203, Y=-38.872
11.07 13:11:46 Moving is finished
11.07 13:12:50 Scanning 150 point from 476
11.07 13:12:50 Going to coordinates X=-13.123, Y=-38.872
11.07 13:12:50 Moving is finished
11.07 13:13:54 Scanning 151 point from 476
11.07 13:13:54 Going to coordinates X=-13.043, Y=-38.872
11.07 13:13:54 Moving is finished
11.07 13:14:58 Scanning 152 point from 476
11.07 13:14:58 Going to coordinates X=-12.963, Y=-38.872
11.07 13:14:58 Moving is finished
11.07 13:16:02 Scanning 153 point from 476
11.07 13:16:02 Going to coordinates X=-12.883, Y=-38.872
11.07 13:16:02 Moving is finished
11.07 13:17:06 Scanning 154 point from 476
11.07 13:17:06 Going to coordinates X=-12.803, Y=-38.872
11.07 13:17:06 Moving is finished
11.07 13:18:10 Scanning 155 point from 476
11.07 13:18:10 Going to coordinates X=-12.723, Y=-38.872
11.07 13:18:10 Moving is finished
11.07 13:19:14 Scanning 156 point from 476
11.07 13:19:14 Going to coordinates X=-12.643, Y=-38.872
11.07 13:19:15 Moving is finished
11.07 13:20:18 Scanning 157 point from 476
11.07 13:20:18 Going to coordinates X=-12.563, Y=-38.872
11.07 13:20:18 Moving is finished
11.07 13:21:22 Scanning 158 point from 476
11.07 13:21:22 Going to coordinates X=-12.483, Y=-38.872
11.07 13:21:22 Moving is finished
11.07 13:22:26 Scanning 159 point from 476
11.07 13:22:26 Going to coordinates X=-12.403, Y=-38.872
11.07 13:22:26 Moving is finished
11.07 13:23:30 Scanning 160 point from 476
11.07 13:23:30 Going to coordinates X=-12.323, Y=-38.872
11.07 13:23:30 Moving is finished
11.07 13:24:34 Scanning 161 point from 476
11.07 13:24:34 Going to coordinates X=-12.243, Y=-38.872
11.07 13:24:34 Moving is finished
11.07 13:25:38 Scanning 162 point from 476
11.07 13:25:38 Going to coordinates X=-12.163, Y=-38.872
11.07 13:25:38 Moving is finished
11.07 13:26:42 Scanning 163 point from 476
11.07 13:26:42 Going to coordinates X=-12.083, Y=-38.872
11.07 13:26:43 Moving is finished
11.07 13:27:47 Scanning 164 point from 476
11.07 13:27:47 Going to coordinates X=-12.003, Y=-38.872
11.07 13:27:47 Moving is finished
11.07 13:28:51 Scanning 165 point from 476
11.07 13:28:51 Going to coordinates X=-11.923, Y=-38.872
11.07 13:28:51 Moving is finished
11.07 13:29:54 Scanning 166 point from 476
11.07 13:29:54 Going to coordinates X=-11.843, Y=-38.872
11.07 13:29:55 Moving is finished
11.07 13:30:59 Scanning 167 point from 476
11.07 13:30:59 Going to coordinates X=-11.763, Y=-38.872
11.07 13:30:59 Moving is finished
11.07 13:31:25 Stopped!
