17.05 19:01:46 Initializing grbl...
17.05 19:01:46 Got the response: b''
17.05 19:04:40 Row 0: 17.05 19:04:40 Map: x1: -28.0, y1: -38.0, x2: -27.156, y2: -38.701, xres: 0.050, yres: 0.050, fname: NH2HFP2
17.05 19:04:40 Scanning 0 point from 288
17.05 19:04:40 Going to coordinates X=-28.000, Y=-38.701
17.05 19:04:41 Moving is finished
17.05 19:06:18 Scanning 1 point from 288
17.05 19:06:18 Going to coordinates X=-27.950, Y=-38.701
17.05 19:06:18 Moving is finished
17.05 19:07:54 Scanning 2 point from 288
17.05 19:07:54 Going to coordinates X=-27.900, Y=-38.701
17.05 19:07:55 Moving is finished
17.05 19:09:31 Scanning 3 point from 288
17.05 19:09:31 Going to coordinates X=-27.850, Y=-38.701
17.05 19:09:31 Moving is finished
17.05 19:11:08 Scanning 4 point from 288
17.05 19:11:08 Going to coordinates X=-27.800, Y=-38.701
17.05 19:11:08 Moving is finished
17.05 19:12:45 Scanning 5 point from 288
17.05 19:12:45 Going to coordinates X=-27.750, Y=-38.701
17.05 19:12:45 Moving is finished
17.05 19:14:22 Scanning 6 point from 288
17.05 19:14:22 Going to coordinates X=-27.700, Y=-38.701
17.05 19:14:22 Moving is finished
17.05 19:15:58 Scanning 7 point from 288
17.05 19:15:58 Going to coordinates X=-27.650, Y=-38.701
17.05 19:15:58 Moving is finished
17.05 19:17:35 Scanning 8 point from 288
17.05 19:17:35 Going to coordinates X=-27.600, Y=-38.701
17.05 19:17:35 Moving is finished
17.05 19:19:12 Scanning 9 point from 288
17.05 19:19:12 Going to coordinates X=-27.550, Y=-38.701
17.05 19:19:12 Moving is finished
17.05 19:20:48 Scanning 10 point from 288
17.05 19:20:48 Going to coordinates X=-27.500, Y=-38.701
17.05 19:20:49 Moving is finished
17.05 19:22:25 Scanning 11 point from 288
17.05 19:22:25 Going to coordinates X=-27.450, Y=-38.701
17.05 19:22:25 Moving is finished
17.05 19:24:02 Scanning 12 point from 288
17.05 19:24:02 Going to coordinates X=-27.400, Y=-38.701
17.05 19:24:02 Moving is finished
17.05 19:25:38 Scanning 13 point from 288
17.05 19:25:38 Going to coordinates X=-27.350, Y=-38.701
17.05 19:25:38 Moving is finished
17.05 19:27:15 Scanning 14 point from 288
17.05 19:27:15 Going to coordinates X=-27.300, Y=-38.701
17.05 19:27:16 Moving is finished
17.05 19:28:52 Scanning 15 point from 288
17.05 19:28:52 Going to coordinates X=-27.250, Y=-38.701
17.05 19:28:52 Moving is finished
17.05 19:30:29 Scanning 16 point from 288
17.05 19:30:29 Going to coordinates X=-27.200, Y=-38.701
17.05 19:30:29 Moving is finished
17.05 19:32:05 Scanning 17 point from 288
17.05 19:32:05 Going to coordinates X=-27.150, Y=-38.701
17.05 19:32:06 Moving is finished
17.05 19:33:42 Scanning 18 point from 288
17.05 19:33:42 Going to coordinates X=-28.000, Y=-38.651
17.05 19:33:43 Moving is finished
17.05 19:35:19 Scanning 19 point from 288
17.05 19:35:19 Going to coordinates X=-27.950, Y=-38.651
17.05 19:35:19 Moving is finished
17.05 19:36:56 Scanning 20 point from 288
17.05 19:36:56 Going to coordinates X=-27.900, Y=-38.651
17.05 19:36:56 Moving is finished
17.05 19:38:33 Scanning 21 point from 288
17.05 19:38:33 Going to coordinates X=-27.850, Y=-38.651
17.05 19:38:33 Moving is finished
17.05 19:40:10 Scanning 22 point from 288
17.05 19:40:10 Going to coordinates X=-27.800, Y=-38.651
17.05 19:40:10 Moving is finished
17.05 19:41:46 Scanning 23 point from 288
17.05 19:41:46 Going to coordinates X=-27.750, Y=-38.651
17.05 19:41:47 Moving is finished
17.05 19:43:23 Scanning 24 point from 288
17.05 19:43:23 Going to coordinates X=-27.700, Y=-38.651
17.05 19:43:23 Moving is finished
17.05 19:44:59 Scanning 25 point from 288
17.05 19:44:59 Going to coordinates X=-27.650, Y=-38.651
17.05 19:45:00 Moving is finished
17.05 19:46:36 Scanning 26 point from 288
17.05 19:46:36 Going to coordinates X=-27.600, Y=-38.651
17.05 19:46:36 Moving is finished
17.05 19:48:13 Scanning 27 point from 288
17.05 19:48:13 Going to coordinates X=-27.550, Y=-38.651
17.05 19:48:14 Moving is finished
17.05 19:49:50 Scanning 28 point from 288
17.05 19:49:50 Going to coordinates X=-27.500, Y=-38.651
17.05 19:49:51 Moving is finished
17.05 19:51:27 Scanning 29 point from 288
17.05 19:51:27 Going to coordinates X=-27.450, Y=-38.651
17.05 19:51:27 Moving is finished
17.05 19:53:04 Scanning 30 point from 288
17.05 19:53:04 Going to coordinates X=-27.400, Y=-38.651
17.05 19:53:04 Moving is finished
17.05 19:54:41 Scanning 31 point from 288
17.05 19:54:41 Going to coordinates X=-27.350, Y=-38.651
17.05 19:54:41 Moving is finished
17.05 19:56:17 Scanning 32 point from 288
17.05 19:56:17 Going to coordinates X=-27.300, Y=-38.651
17.05 19:56:17 Moving is finished
17.05 19:57:54 Scanning 33 point from 288
17.05 19:57:54 Going to coordinates X=-27.250, Y=-38.651
17.05 19:57:54 Moving is finished
17.05 19:59:31 Scanning 34 point from 288
17.05 19:59:31 Going to coordinates X=-27.200, Y=-38.651
17.05 19:59:31 Moving is finished
17.05 20:01:08 Scanning 35 point from 288
17.05 20:01:08 Going to coordinates X=-27.150, Y=-38.651
17.05 20:01:08 Moving is finished
17.05 20:02:44 Scanning 36 point from 288
17.05 20:02:44 Going to coordinates X=-28.000, Y=-38.601
17.05 20:02:45 Moving is finished
17.05 20:04:22 Scanning 37 point from 288
17.05 20:04:22 Going to coordinates X=-27.950, Y=-38.601
17.05 20:04:22 Moving is finished
17.05 20:05:59 Scanning 38 point from 288
17.05 20:05:59 Going to coordinates X=-27.900, Y=-38.601
17.05 20:05:59 Moving is finished
17.05 20:07:35 Scanning 39 point from 288
17.05 20:07:35 Going to coordinates X=-27.850, Y=-38.601
17.05 20:07:35 Moving is finished
17.05 20:09:12 Scanning 40 point from 288
17.05 20:09:12 Going to coordinates X=-27.800, Y=-38.601
17.05 20:09:13 Moving is finished
17.05 20:10:50 Scanning 41 point from 288
17.05 20:10:50 Going to coordinates X=-27.750, Y=-38.601
17.05 20:10:50 Moving is finished
17.05 20:12:27 Scanning 42 point from 288
17.05 20:12:27 Going to coordinates X=-27.700, Y=-38.601
17.05 20:12:27 Moving is finished
17.05 20:14:03 Scanning 43 point from 288
17.05 20:14:03 Going to coordinates X=-27.650, Y=-38.601
17.05 20:14:04 Moving is finished
17.05 20:15:40 Scanning 44 point from 288
17.05 20:15:40 Going to coordinates X=-27.600, Y=-38.601
17.05 20:15:40 Moving is finished
17.05 20:17:17 Scanning 45 point from 288
17.05 20:17:17 Going to coordinates X=-27.550, Y=-38.601
17.05 20:17:17 Moving is finished
17.05 20:18:54 Scanning 46 point from 288
17.05 20:18:54 Going to coordinates X=-27.500, Y=-38.601
17.05 20:18:54 Moving is finished
17.05 20:20:31 Scanning 47 point from 288
17.05 20:20:31 Going to coordinates X=-27.450, Y=-38.601
17.05 20:20:31 Moving is finished
17.05 20:22:08 Scanning 48 point from 288
17.05 20:22:08 Going to coordinates X=-27.400, Y=-38.601
17.05 20:22:08 Moving is finished
17.05 20:23:45 Scanning 49 point from 288
17.05 20:23:45 Going to coordinates X=-27.350, Y=-38.601
17.05 20:23:45 Moving is finished
17.05 20:25:21 Scanning 50 point from 288
17.05 20:25:21 Going to coordinates X=-27.300, Y=-38.601
17.05 20:25:22 Moving is finished
17.05 20:26:58 Scanning 51 point from 288
17.05 20:26:58 Going to coordinates X=-27.250, Y=-38.601
17.05 20:26:58 Moving is finished
17.05 20:28:34 Scanning 52 point from 288
17.05 20:28:34 Going to coordinates X=-27.200, Y=-38.601
17.05 20:28:35 Moving is finished
17.05 20:30:12 Scanning 53 point from 288
17.05 20:30:12 Going to coordinates X=-27.150, Y=-38.601
17.05 20:30:12 Moving is finished
17.05 20:31:49 Scanning 54 point from 288
17.05 20:31:49 Going to coordinates X=-28.000, Y=-38.551
17.05 20:31:50 Moving is finished
17.05 20:33:26 Scanning 55 point from 288
17.05 20:33:26 Going to coordinates X=-27.950, Y=-38.551
17.05 20:33:27 Moving is finished
17.05 20:35:03 Scanning 56 point from 288
17.05 20:35:03 Going to coordinates X=-27.900, Y=-38.551
17.05 20:35:04 Moving is finished
17.05 20:36:40 Scanning 57 point from 288
17.05 20:36:40 Going to coordinates X=-27.850, Y=-38.551
17.05 20:36:40 Moving is finished
17.05 20:38:17 Scanning 58 point from 288
17.05 20:38:17 Going to coordinates X=-27.800, Y=-38.551
17.05 20:38:17 Moving is finished
17.05 20:39:54 Scanning 59 point from 288
17.05 20:39:54 Going to coordinates X=-27.750, Y=-38.551
17.05 20:39:54 Moving is finished
17.05 20:41:32 Scanning 60 point from 288
17.05 20:41:32 Going to coordinates X=-27.700, Y=-38.551
17.05 20:41:32 Moving is finished
17.05 20:43:09 Scanning 61 point from 288
17.05 20:43:09 Going to coordinates X=-27.650, Y=-38.551
17.05 20:43:09 Moving is finished
17.05 20:44:46 Scanning 62 point from 288
17.05 20:44:46 Going to coordinates X=-27.600, Y=-38.551
17.05 20:44:46 Moving is finished
17.05 20:46:23 Scanning 63 point from 288
17.05 20:46:23 Going to coordinates X=-27.550, Y=-38.551
17.05 20:46:23 Moving is finished
17.05 20:48:00 Scanning 64 point from 288
17.05 20:48:00 Going to coordinates X=-27.500, Y=-38.551
17.05 20:48:00 Moving is finished
17.05 20:49:36 Scanning 65 point from 288
17.05 20:49:36 Going to coordinates X=-27.450, Y=-38.551
17.05 20:49:37 Moving is finished
17.05 20:51:13 Scanning 66 point from 288
17.05 20:51:13 Going to coordinates X=-27.400, Y=-38.551
17.05 20:51:13 Moving is finished
17.05 20:52:49 Scanning 67 point from 288
17.05 20:52:49 Going to coordinates X=-27.350, Y=-38.551
17.05 20:52:50 Moving is finished
17.05 20:54:27 Scanning 68 point from 288
17.05 20:54:27 Going to coordinates X=-27.300, Y=-38.551
17.05 20:54:27 Moving is finished
17.05 20:56:04 Scanning 69 point from 288
17.05 20:56:04 Going to coordinates X=-27.250, Y=-38.551
17.05 20:56:04 Moving is finished
17.05 20:57:41 Scanning 70 point from 288
17.05 20:57:41 Going to coordinates X=-27.200, Y=-38.551
17.05 20:57:41 Moving is finished
17.05 20:59:17 Scanning 71 point from 288
17.05 20:59:17 Going to coordinates X=-27.150, Y=-38.551
17.05 20:59:17 Moving is finished
17.05 21:00:54 Scanning 72 point from 288
17.05 21:00:54 Going to coordinates X=-28.000, Y=-38.501
17.05 21:00:55 Moving is finished
17.05 21:02:31 Scanning 73 point from 288
17.05 21:02:31 Going to coordinates X=-27.950, Y=-38.501
17.05 21:02:32 Moving is finished
17.05 21:04:08 Scanning 74 point from 288
17.05 21:04:08 Going to coordinates X=-27.900, Y=-38.501
17.05 21:04:08 Moving is finished
17.05 21:05:45 Scanning 75 point from 288
17.05 21:05:45 Going to coordinates X=-27.850, Y=-38.501
17.05 21:05:45 Moving is finished
17.05 21:07:23 Scanning 76 point from 288
17.05 21:07:23 Going to coordinates X=-27.800, Y=-38.501
17.05 21:07:23 Moving is finished
17.05 21:09:00 Scanning 77 point from 288
17.05 21:09:00 Going to coordinates X=-27.750, Y=-38.501
17.05 21:09:00 Moving is finished
17.05 21:10:36 Scanning 78 point from 288
17.05 21:10:36 Going to coordinates X=-27.700, Y=-38.501
17.05 21:10:36 Moving is finished
17.05 21:12:13 Scanning 79 point from 288
17.05 21:12:13 Going to coordinates X=-27.650, Y=-38.501
17.05 21:12:13 Moving is finished
17.05 21:13:50 Scanning 80 point from 288
17.05 21:13:50 Going to coordinates X=-27.600, Y=-38.501
17.05 21:13:51 Moving is finished
17.05 21:15:28 Scanning 81 point from 288
17.05 21:15:28 Going to coordinates X=-27.550, Y=-38.501
17.05 21:15:28 Moving is finished
17.05 21:17:05 Scanning 82 point from 288
17.05 21:17:05 Going to coordinates X=-27.500, Y=-38.501
17.05 21:17:05 Moving is finished
17.05 21:18:42 Scanning 83 point from 288
17.05 21:18:42 Going to coordinates X=-27.450, Y=-38.501
17.05 21:18:42 Moving is finished
17.05 21:20:19 Scanning 84 point from 288
17.05 21:20:19 Going to coordinates X=-27.400, Y=-38.501
17.05 21:20:19 Moving is finished
17.05 21:21:56 Scanning 85 point from 288
17.05 21:21:56 Going to coordinates X=-27.350, Y=-38.501
17.05 21:21:56 Moving is finished
17.05 21:23:33 Scanning 86 point from 288
17.05 21:23:33 Going to coordinates X=-27.300, Y=-38.501
17.05 21:23:33 Moving is finished
17.05 21:25:09 Scanning 87 point from 288
17.05 21:25:09 Going to coordinates X=-27.250, Y=-38.501
17.05 21:25:10 Moving is finished
17.05 21:26:46 Scanning 88 point from 288
17.05 21:26:46 Going to coordinates X=-27.200, Y=-38.501
17.05 21:26:46 Moving is finished
17.05 21:28:24 Scanning 89 point from 288
17.05 21:28:24 Going to coordinates X=-27.150, Y=-38.501
17.05 21:28:24 Moving is finished
17.05 21:30:01 Scanning 90 point from 288
17.05 21:30:01 Going to coordinates X=-28.000, Y=-38.451
17.05 21:30:01 Moving is finished
17.05 21:31:38 Scanning 91 point from 288
17.05 21:31:38 Going to coordinates X=-27.950, Y=-38.451
17.05 21:31:38 Moving is finished
17.05 21:33:15 Scanning 92 point from 288
17.05 21:33:15 Going to coordinates X=-27.900, Y=-38.451
17.05 21:33:15 Moving is finished
17.05 21:34:51 Scanning 93 point from 288
17.05 21:34:51 Going to coordinates X=-27.850, Y=-38.451
17.05 21:34:52 Moving is finished
17.05 21:36:29 Scanning 94 point from 288
17.05 21:36:29 Going to coordinates X=-27.800, Y=-38.451
17.05 21:36:29 Moving is finished
17.05 21:38:06 Scanning 95 point from 288
17.05 21:38:06 Going to coordinates X=-27.750, Y=-38.451
17.05 21:38:06 Moving is finished
17.05 21:39:42 Scanning 96 point from 288
17.05 21:39:42 Going to coordinates X=-27.700, Y=-38.451
17.05 21:39:43 Moving is finished
17.05 21:41:19 Scanning 97 point from 288
17.05 21:41:19 Going to coordinates X=-27.650, Y=-38.451
17.05 21:41:19 Moving is finished
17.05 21:42:56 Scanning 98 point from 288
17.05 21:42:56 Going to coordinates X=-27.600, Y=-38.451
17.05 21:42:56 Moving is finished
17.05 21:44:32 Scanning 99 point from 288
17.05 21:44:32 Going to coordinates X=-27.550, Y=-38.451
17.05 21:44:32 Moving is finished
17.05 21:46:09 Scanning 100 point from 288
17.05 21:46:09 Going to coordinates X=-27.500, Y=-38.451
17.05 21:46:09 Moving is finished
17.05 21:47:46 Scanning 101 point from 288
17.05 21:47:46 Going to coordinates X=-27.450, Y=-38.451
17.05 21:47:46 Moving is finished
17.05 21:49:22 Scanning 102 point from 288
17.05 21:49:22 Going to coordinates X=-27.400, Y=-38.451
17.05 21:49:22 Moving is finished
17.05 21:50:59 Scanning 103 point from 288
17.05 21:50:59 Going to coordinates X=-27.350, Y=-38.451
17.05 21:50:59 Moving is finished
17.05 21:52:36 Scanning 104 point from 288
17.05 21:52:36 Going to coordinates X=-27.300, Y=-38.451
17.05 21:52:36 Moving is finished
17.05 21:54:12 Scanning 105 point from 288
17.05 21:54:12 Going to coordinates X=-27.250, Y=-38.451
17.05 21:54:12 Moving is finished
17.05 21:55:49 Scanning 106 point from 288
17.05 21:55:49 Going to coordinates X=-27.200, Y=-38.451
17.05 21:55:49 Moving is finished
17.05 21:57:25 Scanning 107 point from 288
17.05 21:57:25 Going to coordinates X=-27.150, Y=-38.451
17.05 21:57:25 Moving is finished
17.05 21:59:02 Scanning 108 point from 288
17.05 21:59:02 Going to coordinates X=-28.000, Y=-38.401
17.05 21:59:02 Moving is finished
17.05 22:00:39 Scanning 109 point from 288
17.05 22:00:39 Going to coordinates X=-27.950, Y=-38.401
17.05 22:00:39 Moving is finished
17.05 22:02:16 Scanning 110 point from 288
17.05 22:02:16 Going to coordinates X=-27.900, Y=-38.401
17.05 22:02:16 Moving is finished
17.05 22:03:52 Scanning 111 point from 288
17.05 22:03:52 Going to coordinates X=-27.850, Y=-38.401
17.05 22:03:53 Moving is finished
17.05 22:05:29 Scanning 112 point from 288
17.05 22:05:29 Going to coordinates X=-27.800, Y=-38.401
17.05 22:05:29 Moving is finished
17.05 22:07:05 Scanning 113 point from 288
17.05 22:07:05 Going to coordinates X=-27.750, Y=-38.401
17.05 22:07:06 Moving is finished
17.05 22:08:42 Scanning 114 point from 288
17.05 22:08:42 Going to coordinates X=-27.700, Y=-38.401
17.05 22:08:42 Moving is finished
17.05 22:10:19 Scanning 115 point from 288
17.05 22:10:19 Going to coordinates X=-27.650, Y=-38.401
17.05 22:10:19 Moving is finished
17.05 22:11:56 Scanning 116 point from 288
17.05 22:11:56 Going to coordinates X=-27.600, Y=-38.401
17.05 22:11:56 Moving is finished
17.05 22:13:32 Scanning 117 point from 288
17.05 22:13:32 Going to coordinates X=-27.550, Y=-38.401
17.05 22:13:32 Moving is finished
17.05 22:15:09 Scanning 118 point from 288
17.05 22:15:09 Going to coordinates X=-27.500, Y=-38.401
17.05 22:15:09 Moving is finished
17.05 22:16:45 Scanning 119 point from 288
17.05 22:16:45 Going to coordinates X=-27.450, Y=-38.401
17.05 22:16:46 Moving is finished
17.05 22:18:22 Scanning 120 point from 288
17.05 22:18:22 Going to coordinates X=-27.400, Y=-38.401
17.05 22:18:23 Moving is finished
17.05 22:20:00 Scanning 121 point from 288
17.05 22:20:00 Going to coordinates X=-27.350, Y=-38.401
17.05 22:20:00 Moving is finished
17.05 22:21:37 Scanning 122 point from 288
17.05 22:21:37 Going to coordinates X=-27.300, Y=-38.401
17.05 22:21:37 Moving is finished
17.05 22:23:14 Scanning 123 point from 288
17.05 22:23:14 Going to coordinates X=-27.250, Y=-38.401
17.05 22:23:14 Moving is finished
17.05 22:24:51 Scanning 124 point from 288
17.05 22:24:51 Going to coordinates X=-27.200, Y=-38.401
17.05 22:24:51 Moving is finished
17.05 22:26:27 Scanning 125 point from 288
17.05 22:26:27 Going to coordinates X=-27.150, Y=-38.401
17.05 22:26:28 Moving is finished
17.05 22:28:05 Scanning 126 point from 288
17.05 22:28:05 Going to coordinates X=-28.000, Y=-38.351
17.05 22:28:05 Moving is finished
17.05 22:29:42 Scanning 127 point from 288
17.05 22:29:42 Going to coordinates X=-27.950, Y=-38.351
17.05 22:29:43 Moving is finished
17.05 22:31:19 Scanning 128 point from 288
17.05 22:31:19 Going to coordinates X=-27.900, Y=-38.351
17.05 22:31:19 Moving is finished
17.05 22:32:56 Scanning 129 point from 288
17.05 22:32:56 Going to coordinates X=-27.850, Y=-38.351
17.05 22:32:56 Moving is finished
17.05 22:34:33 Scanning 130 point from 288
17.05 22:34:33 Going to coordinates X=-27.800, Y=-38.351
17.05 22:34:33 Moving is finished
17.05 22:36:09 Scanning 131 point from 288
17.05 22:36:09 Going to coordinates X=-27.750, Y=-38.351
17.05 22:36:09 Moving is finished
17.05 22:37:46 Scanning 132 point from 288
17.05 22:37:46 Going to coordinates X=-27.700, Y=-38.351
17.05 22:37:46 Moving is finished
17.05 22:39:22 Scanning 133 point from 288
17.05 22:39:22 Going to coordinates X=-27.650, Y=-38.351
17.05 22:39:23 Moving is finished
17.05 22:40:59 Scanning 134 point from 288
17.05 22:40:59 Going to coordinates X=-27.600, Y=-38.351
17.05 22:40:59 Moving is finished
17.05 22:42:36 Scanning 135 point from 288
17.05 22:42:36 Going to coordinates X=-27.550, Y=-38.351
17.05 22:42:36 Moving is finished
17.05 22:44:13 Scanning 136 point from 288
17.05 22:44:13 Going to coordinates X=-27.500, Y=-38.351
17.05 22:44:13 Moving is finished
17.05 22:45:50 Scanning 137 point from 288
17.05 22:45:50 Going to coordinates X=-27.450, Y=-38.351
17.05 22:45:50 Moving is finished
17.05 22:47:27 Scanning 138 point from 288
17.05 22:47:27 Going to coordinates X=-27.400, Y=-38.351
17.05 22:47:27 Moving is finished
17.05 22:49:04 Scanning 139 point from 288
17.05 22:49:04 Going to coordinates X=-27.350, Y=-38.351
17.05 22:49:04 Moving is finished
17.05 22:50:41 Scanning 140 point from 288
17.05 22:50:41 Going to coordinates X=-27.300, Y=-38.351
17.05 22:50:41 Moving is finished
17.05 22:52:18 Scanning 141 point from 288
17.05 22:52:18 Going to coordinates X=-27.250, Y=-38.351
17.05 22:52:18 Moving is finished
17.05 22:53:54 Scanning 142 point from 288
17.05 22:53:54 Going to coordinates X=-27.200, Y=-38.351
17.05 22:53:55 Moving is finished
17.05 22:55:31 Scanning 143 point from 288
17.05 22:55:31 Going to coordinates X=-27.150, Y=-38.351
17.05 22:55:31 Moving is finished
17.05 22:57:08 Scanning 144 point from 288
17.05 22:57:08 Going to coordinates X=-28.000, Y=-38.301
17.05 22:57:09 Moving is finished
17.05 22:58:45 Scanning 145 point from 288
17.05 22:58:45 Going to coordinates X=-27.950, Y=-38.301
17.05 22:58:46 Moving is finished
17.05 23:00:22 Scanning 146 point from 288
17.05 23:00:22 Going to coordinates X=-27.900, Y=-38.301
17.05 23:00:22 Moving is finished
17.05 23:01:59 Scanning 147 point from 288
17.05 23:01:59 Going to coordinates X=-27.850, Y=-38.301
17.05 23:01:59 Moving is finished
17.05 23:03:36 Scanning 148 point from 288
17.05 23:03:36 Going to coordinates X=-27.800, Y=-38.301
17.05 23:03:36 Moving is finished
17.05 23:05:12 Scanning 149 point from 288
17.05 23:05:12 Going to coordinates X=-27.750, Y=-38.301
17.05 23:05:13 Moving is finished
17.05 23:06:50 Scanning 150 point from 288
17.05 23:06:50 Going to coordinates X=-27.700, Y=-38.301
17.05 23:06:50 Moving is finished
17.05 23:08:27 Scanning 151 point from 288
17.05 23:08:27 Going to coordinates X=-27.650, Y=-38.301
17.05 23:08:27 Moving is finished
17.05 23:10:04 Scanning 152 point from 288
17.05 23:10:04 Going to coordinates X=-27.600, Y=-38.301
17.05 23:10:04 Moving is finished
17.05 23:11:40 Scanning 153 point from 288
17.05 23:11:40 Going to coordinates X=-27.550, Y=-38.301
17.05 23:11:41 Moving is finished
17.05 23:13:18 Scanning 154 point from 288
17.05 23:13:18 Going to coordinates X=-27.500, Y=-38.301
17.05 23:13:18 Moving is finished
17.05 23:14:54 Scanning 155 point from 288
17.05 23:14:54 Going to coordinates X=-27.450, Y=-38.301
17.05 23:14:54 Moving is finished
17.05 23:16:31 Scanning 156 point from 288
17.05 23:16:31 Going to coordinates X=-27.400, Y=-38.301
17.05 23:16:31 Moving is finished
17.05 23:18:07 Scanning 157 point from 288
17.05 23:18:07 Going to coordinates X=-27.350, Y=-38.301
17.05 23:18:08 Moving is finished
17.05 23:19:44 Scanning 158 point from 288
17.05 23:19:44 Going to coordinates X=-27.300, Y=-38.301
17.05 23:19:45 Moving is finished
17.05 23:21:22 Scanning 159 point from 288
17.05 23:21:22 Going to coordinates X=-27.250, Y=-38.301
17.05 23:21:22 Moving is finished
17.05 23:22:58 Scanning 160 point from 288
17.05 23:22:58 Going to coordinates X=-27.200, Y=-38.301
17.05 23:22:59 Moving is finished
17.05 23:24:35 Scanning 161 point from 288
17.05 23:24:35 Going to coordinates X=-27.150, Y=-38.301
17.05 23:24:35 Moving is finished
17.05 23:26:12 Scanning 162 point from 288
17.05 23:26:12 Going to coordinates X=-28.000, Y=-38.251
17.05 23:26:13 Moving is finished
17.05 23:27:49 Scanning 163 point from 288
17.05 23:27:49 Going to coordinates X=-27.950, Y=-38.251
17.05 23:27:49 Moving is finished
17.05 23:29:26 Scanning 164 point from 288
17.05 23:29:26 Going to coordinates X=-27.900, Y=-38.251
17.05 23:29:27 Moving is finished
17.05 23:31:04 Scanning 165 point from 288
17.05 23:31:04 Going to coordinates X=-27.850, Y=-38.251
17.05 23:31:04 Moving is finished
17.05 23:32:40 Scanning 166 point from 288
17.05 23:32:40 Going to coordinates X=-27.800, Y=-38.251
17.05 23:32:41 Moving is finished
17.05 23:34:17 Scanning 167 point from 288
17.05 23:34:17 Going to coordinates X=-27.750, Y=-38.251
17.05 23:34:17 Moving is finished
17.05 23:35:54 Scanning 168 point from 288
17.05 23:35:54 Going to coordinates X=-27.700, Y=-38.251
17.05 23:35:54 Moving is finished
17.05 23:37:31 Scanning 169 point from 288
17.05 23:37:31 Going to coordinates X=-27.650, Y=-38.251
17.05 23:37:31 Moving is finished
17.05 23:39:07 Scanning 170 point from 288
17.05 23:39:07 Going to coordinates X=-27.600, Y=-38.251
17.05 23:39:08 Moving is finished
17.05 23:40:44 Scanning 171 point from 288
17.05 23:40:44 Going to coordinates X=-27.550, Y=-38.251
17.05 23:40:44 Moving is finished
17.05 23:42:21 Scanning 172 point from 288
17.05 23:42:21 Going to coordinates X=-27.500, Y=-38.251
17.05 23:42:21 Moving is finished
17.05 23:43:58 Scanning 173 point from 288
17.05 23:43:58 Going to coordinates X=-27.450, Y=-38.251
17.05 23:43:58 Moving is finished
17.05 23:45:34 Scanning 174 point from 288
17.05 23:45:34 Going to coordinates X=-27.400, Y=-38.251
17.05 23:45:34 Moving is finished
17.05 23:47:11 Scanning 175 point from 288
17.05 23:47:11 Going to coordinates X=-27.350, Y=-38.251
17.05 23:47:12 Moving is finished
17.05 23:48:48 Scanning 176 point from 288
17.05 23:48:48 Going to coordinates X=-27.300, Y=-38.251
17.05 23:48:48 Moving is finished
17.05 23:50:25 Scanning 177 point from 288
17.05 23:50:25 Going to coordinates X=-27.250, Y=-38.251
17.05 23:50:25 Moving is finished
17.05 23:52:02 Scanning 178 point from 288
17.05 23:52:02 Going to coordinates X=-27.200, Y=-38.251
17.05 23:52:02 Moving is finished
17.05 23:53:39 Scanning 179 point from 288
17.05 23:53:39 Going to coordinates X=-27.150, Y=-38.251
17.05 23:53:39 Moving is finished
17.05 23:55:15 Scanning 180 point from 288
17.05 23:55:15 Going to coordinates X=-28.000, Y=-38.201
17.05 23:55:16 Moving is finished
17.05 23:56:52 Scanning 181 point from 288
17.05 23:56:52 Going to coordinates X=-27.950, Y=-38.201
17.05 23:56:53 Moving is finished
17.05 23:58:29 Scanning 182 point from 288
17.05 23:58:29 Going to coordinates X=-27.900, Y=-38.201
17.05 23:58:29 Moving is finished
18.05 00:00:06 Scanning 183 point from 288
18.05 00:00:06 Going to coordinates X=-27.850, Y=-38.201
18.05 00:00:06 Moving is finished
18.05 00:01:42 Scanning 184 point from 288
18.05 00:01:42 Going to coordinates X=-27.800, Y=-38.201
18.05 00:01:43 Moving is finished
18.05 00:03:19 Scanning 185 point from 288
18.05 00:03:19 Going to coordinates X=-27.750, Y=-38.201
18.05 00:03:19 Moving is finished
18.05 00:04:56 Scanning 186 point from 288
18.05 00:04:56 Going to coordinates X=-27.700, Y=-38.201
18.05 00:04:56 Moving is finished
18.05 00:06:32 Scanning 187 point from 288
18.05 00:06:32 Going to coordinates X=-27.650, Y=-38.201
18.05 00:06:32 Moving is finished
18.05 00:08:09 Scanning 188 point from 288
18.05 00:08:09 Going to coordinates X=-27.600, Y=-38.201
18.05 00:08:09 Moving is finished
18.05 00:09:45 Scanning 189 point from 288
18.05 00:09:45 Going to coordinates X=-27.550, Y=-38.201
18.05 00:09:46 Moving is finished
18.05 00:11:22 Scanning 190 point from 288
18.05 00:11:22 Going to coordinates X=-27.500, Y=-38.201
18.05 00:11:22 Moving is finished
18.05 00:12:59 Scanning 191 point from 288
18.05 00:12:59 Going to coordinates X=-27.450, Y=-38.201
18.05 00:12:59 Moving is finished
18.05 00:14:36 Scanning 192 point from 288
18.05 00:14:36 Going to coordinates X=-27.400, Y=-38.201
18.05 00:14:36 Moving is finished
18.05 00:16:12 Scanning 193 point from 288
18.05 00:16:12 Going to coordinates X=-27.350, Y=-38.201
18.05 00:16:13 Moving is finished
18.05 00:17:49 Scanning 194 point from 288
18.05 00:17:49 Going to coordinates X=-27.300, Y=-38.201
18.05 00:17:49 Moving is finished
18.05 00:19:26 Scanning 195 point from 288
18.05 00:19:26 Going to coordinates X=-27.250, Y=-38.201
18.05 00:19:26 Moving is finished
18.05 00:21:02 Scanning 196 point from 288
18.05 00:21:02 Going to coordinates X=-27.200, Y=-38.201
18.05 00:21:03 Moving is finished
18.05 00:22:39 Scanning 197 point from 288
18.05 00:22:39 Going to coordinates X=-27.150, Y=-38.201
18.05 00:22:39 Moving is finished
18.05 00:24:16 Scanning 198 point from 288
18.05 00:24:16 Going to coordinates X=-28.000, Y=-38.151
18.05 00:24:16 Moving is finished
18.05 00:25:53 Scanning 199 point from 288
18.05 00:25:53 Going to coordinates X=-27.950, Y=-38.151
18.05 00:25:53 Moving is finished
18.05 00:27:29 Scanning 200 point from 288
18.05 00:27:29 Going to coordinates X=-27.900, Y=-38.151
18.05 00:27:29 Moving is finished
18.05 00:29:06 Scanning 201 point from 288
18.05 00:29:06 Going to coordinates X=-27.850, Y=-38.151
18.05 00:29:06 Moving is finished
18.05 00:30:43 Scanning 202 point from 288
18.05 00:30:43 Going to coordinates X=-27.800, Y=-38.151
18.05 00:30:43 Moving is finished
18.05 00:32:20 Scanning 203 point from 288
18.05 00:32:20 Going to coordinates X=-27.750, Y=-38.151
18.05 00:32:20 Moving is finished
18.05 00:33:57 Scanning 204 point from 288
18.05 00:33:57 Going to coordinates X=-27.700, Y=-38.151
18.05 00:33:57 Moving is finished
18.05 00:35:33 Scanning 205 point from 288
18.05 00:35:33 Going to coordinates X=-27.650, Y=-38.151
18.05 00:35:33 Moving is finished
18.05 00:37:10 Scanning 206 point from 288
18.05 00:37:10 Going to coordinates X=-27.600, Y=-38.151
18.05 00:37:10 Moving is finished
18.05 00:38:46 Scanning 207 point from 288
18.05 00:38:46 Going to coordinates X=-27.550, Y=-38.151
18.05 00:38:47 Moving is finished
18.05 00:40:23 Scanning 208 point from 288
18.05 00:40:23 Going to coordinates X=-27.500, Y=-38.151
18.05 00:40:23 Moving is finished
18.05 00:42:00 Scanning 209 point from 288
18.05 00:42:00 Going to coordinates X=-27.450, Y=-38.151
18.05 00:42:00 Moving is finished
18.05 00:43:37 Scanning 210 point from 288
18.05 00:43:37 Going to coordinates X=-27.400, Y=-38.151
18.05 00:43:38 Moving is finished
18.05 00:45:14 Scanning 211 point from 288
18.05 00:45:14 Going to coordinates X=-27.350, Y=-38.151
18.05 00:45:14 Moving is finished
18.05 00:46:51 Scanning 212 point from 288
18.05 00:46:51 Going to coordinates X=-27.300, Y=-38.151
18.05 00:46:51 Moving is finished
18.05 00:48:28 Scanning 213 point from 288
18.05 00:48:28 Going to coordinates X=-27.250, Y=-38.151
18.05 00:48:28 Moving is finished
18.05 00:50:05 Scanning 214 point from 288
18.05 00:50:05 Going to coordinates X=-27.200, Y=-38.151
18.05 00:50:05 Moving is finished
18.05 00:51:41 Scanning 215 point from 288
18.05 00:51:41 Going to coordinates X=-27.150, Y=-38.151
18.05 00:51:42 Moving is finished
18.05 00:53:18 Scanning 216 point from 288
18.05 00:53:18 Going to coordinates X=-28.000, Y=-38.101
18.05 00:53:19 Moving is finished
18.05 00:54:55 Scanning 217 point from 288
18.05 00:54:55 Going to coordinates X=-27.950, Y=-38.101
18.05 00:54:55 Moving is finished
18.05 00:56:32 Scanning 218 point from 288
18.05 00:56:32 Going to coordinates X=-27.900, Y=-38.101
18.05 00:56:32 Moving is finished
18.05 00:58:09 Scanning 219 point from 288
18.05 00:58:09 Going to coordinates X=-27.850, Y=-38.101
18.05 00:58:09 Moving is finished
18.05 00:59:45 Scanning 220 point from 288
18.05 00:59:45 Going to coordinates X=-27.800, Y=-38.101
18.05 00:59:46 Moving is finished
18.05 01:01:22 Scanning 221 point from 288
18.05 01:01:22 Going to coordinates X=-27.750, Y=-38.101
18.05 01:01:22 Moving is finished
18.05 01:02:59 Scanning 222 point from 288
18.05 01:02:59 Going to coordinates X=-27.700, Y=-38.101
18.05 01:02:59 Moving is finished
18.05 01:04:36 Scanning 223 point from 288
18.05 01:04:36 Going to coordinates X=-27.650, Y=-38.101
18.05 01:04:36 Moving is finished
18.05 01:06:13 Scanning 224 point from 288
18.05 01:06:13 Going to coordinates X=-27.600, Y=-38.101
18.05 01:06:13 Moving is finished18.05 01:06:13 Status responce is malformed

18.05 01:06:13 list index out of range
18.05 01:07:49 Scanning 225 point from 288
18.05 01:07:49 Going to coordinates X=-27.550, Y=-38.101
18.05 01:07:49 Moving is finished
18.05 01:09:26 Scanning 226 point from 288
18.05 01:09:26 Going to coordinates X=-27.500, Y=-38.101
18.05 01:09:26 Moving is finished
18.05 01:11:03 Scanning 227 point from 288
18.05 01:11:03 Going to coordinates X=-27.450, Y=-38.101
18.05 01:11:03 Moving is finished
18.05 01:12:40 Scanning 228 point from 288
18.05 01:12:40 Going to coordinates X=-27.400, Y=-38.101
18.05 01:12:40 Moving is finished
18.05 01:14:17 Scanning 229 point from 288
18.05 01:14:17 Going to coordinates X=-27.350, Y=-38.101
18.05 01:14:17 Moving is finished
18.05 01:15:54 Scanning 230 point from 288
18.05 01:15:54 Going to coordinates X=-27.300, Y=-38.101
18.05 01:15:54 Moving is finished
18.05 01:17:31 Scanning 231 point from 288
18.05 01:17:31 Going to coordinates X=-27.250, Y=-38.101
18.05 01:17:31 Moving is finished
18.05 01:19:08 Scanning 232 point from 288
18.05 01:19:08 Going to coordinates X=-27.200, Y=-38.101
18.05 01:19:08 Moving is finished
18.05 01:20:45 Scanning 233 point from 288
18.05 01:20:45 Going to coordinates X=-27.150, Y=-38.101
18.05 01:20:46 Moving is finished
18.05 01:22:22 Scanning 234 point from 288
18.05 01:22:22 Going to coordinates X=-28.000, Y=-38.051
18.05 01:22:23 Moving is finished
18.05 01:23:59 Scanning 235 point from 288
18.05 01:23:59 Going to coordinates X=-27.950, Y=-38.051
18.05 01:24:00 Moving is finished
18.05 01:25:36 Scanning 236 point from 288
18.05 01:25:36 Going to coordinates X=-27.900, Y=-38.051
18.05 01:25:37 Moving is finished
18.05 01:27:14 Scanning 237 point from 288
18.05 01:27:14 Going to coordinates X=-27.850, Y=-38.051
18.05 01:27:14 Moving is finished
18.05 01:28:51 Scanning 238 point from 288
18.05 01:28:51 Going to coordinates X=-27.800, Y=-38.051
18.05 01:28:51 Moving is finished
18.05 01:30:28 Scanning 239 point from 288
18.05 01:30:28 Going to coordinates X=-27.750, Y=-38.051
18.05 01:30:28 Moving is finished
18.05 01:32:05 Scanning 240 point from 288
18.05 01:32:05 Going to coordinates X=-27.700, Y=-38.051
18.05 01:32:05 Moving is finished
18.05 01:33:42 Scanning 241 point from 288
18.05 01:33:42 Going to coordinates X=-27.650, Y=-38.051
18.05 01:33:42 Moving is finished
18.05 01:35:19 Scanning 242 point from 288
18.05 01:35:19 Going to coordinates X=-27.600, Y=-38.051
18.05 01:35:19 Moving is finished
18.05 01:36:56 Scanning 243 point from 288
18.05 01:36:56 Going to coordinates X=-27.550, Y=-38.051
18.05 01:36:56 Moving is finished
18.05 01:38:32 Scanning 244 point from 288
18.05 01:38:32 Going to coordinates X=-27.500, Y=-38.051
18.05 01:38:33 Moving is finished
18.05 01:40:09 Scanning 245 point from 288
18.05 01:40:09 Going to coordinates X=-27.450, Y=-38.051
18.05 01:40:09 Moving is finished
18.05 01:41:46 Scanning 246 point from 288
18.05 01:41:46 Going to coordinates X=-27.400, Y=-38.051
18.05 01:41:46 Moving is finished
18.05 01:43:22 Scanning 247 point from 288
18.05 01:43:22 Going to coordinates X=-27.350, Y=-38.051
18.05 01:43:23 Moving is finished
18.05 01:45:00 Scanning 248 point from 288
18.05 01:45:00 Going to coordinates X=-27.300, Y=-38.051
18.05 01:45:00 Moving is finished
18.05 01:46:36 Scanning 249 point from 288
18.05 01:46:36 Going to coordinates X=-27.250, Y=-38.051
18.05 01:46:36 Moving is finished
18.05 01:48:13 Scanning 250 point from 288
18.05 01:48:13 Going to coordinates X=-27.200, Y=-38.051
18.05 01:48:13 Moving is finished
18.05 01:49:49 Scanning 251 point from 288
18.05 01:49:49 Going to coordinates X=-27.150, Y=-38.051
18.05 01:49:50 Moving is finished
18.05 01:51:26 Scanning 252 point from 288
18.05 01:51:26 Going to coordinates X=-28.000, Y=-38.001
18.05 01:51:26 Moving is finished
18.05 01:53:03 Scanning 253 point from 288
18.05 01:53:03 Going to coordinates X=-27.950, Y=-38.001
18.05 01:53:03 Moving is finished
18.05 01:54:40 Scanning 254 point from 288
18.05 01:54:40 Going to coordinates X=-27.900, Y=-38.001
18.05 01:54:40 Moving is finished
18.05 01:56:16 Scanning 255 point from 288
18.05 01:56:16 Going to coordinates X=-27.850, Y=-38.001
18.05 01:56:16 Moving is finished
18.05 01:57:53 Scanning 256 point from 288
18.05 01:57:53 Going to coordinates X=-27.800, Y=-38.001
18.05 01:57:53 Moving is finished
18.05 01:59:30 Scanning 257 point from 288
18.05 01:59:30 Going to coordinates X=-27.750, Y=-38.001
18.05 01:59:30 Moving is finished
18.05 02:01:06 Scanning 258 point from 288
18.05 02:01:06 Going to coordinates X=-27.700, Y=-38.001
18.05 02:01:07 Moving is finished
18.05 02:02:43 Scanning 259 point from 288
18.05 02:02:43 Going to coordinates X=-27.650, Y=-38.001
18.05 02:02:43 Moving is finished
18.05 02:04:20 Scanning 260 point from 288
18.05 02:04:20 Going to coordinates X=-27.600, Y=-38.001
18.05 02:04:20 Moving is finished
18.05 02:05:56 Scanning 261 point from 288
18.05 02:05:56 Going to coordinates X=-27.550, Y=-38.001
18.05 02:05:57 Moving is finished
18.05 02:07:33 Scanning 262 point from 288
18.05 02:07:33 Going to coordinates X=-27.500, Y=-38.001
18.05 02:07:33 Moving is finished
18.05 02:09:10 Scanning 263 point from 288
18.05 02:09:10 Going to coordinates X=-27.450, Y=-38.001
18.05 02:09:10 Moving is finished
18.05 02:10:46 Scanning 264 point from 288
18.05 02:10:46 Going to coordinates X=-27.400, Y=-38.001
18.05 02:10:46 Moving is finished
18.05 02:12:23 Scanning 265 point from 288
18.05 02:12:23 Going to coordinates X=-27.350, Y=-38.001
18.05 02:12:23 Moving is finished
18.05 02:13:59 Scanning 266 point from 288
18.05 02:13:59 Going to coordinates X=-27.300, Y=-38.001
18.05 02:14:00 Moving is finished
18.05 02:15:36 Scanning 267 point from 288
18.05 02:15:36 Going to coordinates X=-27.250, Y=-38.001
18.05 02:15:36 Moving is finished
18.05 02:17:13 Scanning 268 point from 288
18.05 02:17:13 Going to coordinates X=-27.200, Y=-38.001
18.05 02:17:13 Moving is finished
18.05 02:18:50 Scanning 269 point from 288
18.05 02:18:50 Going to coordinates X=-27.150, Y=-38.001
18.05 02:18:50 Moving is finished
18.05 02:20:26 Scanning 270 point from 288
18.05 02:20:26 Going to coordinates X=-28.000, Y=-37.951
18.05 02:20:27 Moving is finished
18.05 02:22:04 Scanning 271 point from 288
18.05 02:22:04 Going to coordinates X=-27.950, Y=-37.951
18.05 02:22:05 Moving is finished
18.05 02:23:41 Scanning 272 point from 288
18.05 02:23:41 Going to coordinates X=-27.900, Y=-37.951
18.05 02:23:42 Moving is finished
18.05 02:25:18 Scanning 273 point from 288
18.05 02:25:18 Going to coordinates X=-27.850, Y=-37.951
18.05 02:25:18 Moving is finished
18.05 02:26:54 Scanning 274 point from 288
18.05 02:26:54 Going to coordinates X=-27.800, Y=-37.951
18.05 02:26:55 Moving is finished
18.05 02:28:32 Scanning 275 point from 288
18.05 02:28:32 Going to coordinates X=-27.750, Y=-37.951
18.05 02:28:32 Moving is finished
18.05 02:30:08 Scanning 276 point from 288
18.05 02:30:08 Going to coordinates X=-27.700, Y=-37.951
18.05 02:30:08 Moving is finished
18.05 02:31:45 Scanning 277 point from 288
18.05 02:31:45 Going to coordinates X=-27.650, Y=-37.951
18.05 02:31:45 Moving is finished
18.05 02:33:22 Scanning 278 point from 288
18.05 02:33:22 Going to coordinates X=-27.600, Y=-37.951
18.05 02:33:22 Moving is finished
18.05 02:34:58 Scanning 279 point from 288
18.05 02:34:58 Going to coordinates X=-27.550, Y=-37.951
18.05 02:34:58 Moving is finished
18.05 02:36:35 Scanning 280 point from 288
18.05 02:36:35 Going to coordinates X=-27.500, Y=-37.951
18.05 02:36:36 Moving is finished
18.05 02:38:12 Scanning 281 point from 288
18.05 02:38:12 Going to coordinates X=-27.450, Y=-37.951
18.05 02:38:12 Moving is finished
18.05 02:39:49 Scanning 282 point from 288
18.05 02:39:49 Going to coordinates X=-27.400, Y=-37.951
18.05 02:39:49 Moving is finished
18.05 02:41:26 Scanning 283 point from 288
18.05 02:41:26 Going to coordinates X=-27.350, Y=-37.951
18.05 02:41:26 Moving is finished
18.05 02:43:02 Scanning 284 point from 288
18.05 02:43:02 Going to coordinates X=-27.300, Y=-37.951
18.05 02:43:03 Moving is finished
18.05 02:44:39 Scanning 285 point from 288
18.05 02:44:39 Going to coordinates X=-27.250, Y=-37.951
18.05 02:44:39 Moving is finished
18.05 02:46:16 Scanning 286 point from 288
18.05 02:46:16 Going to coordinates X=-27.200, Y=-37.951
18.05 02:46:16 Moving is finished
18.05 02:47:53 Scanning 287 point from 288
18.05 02:47:53 Going to coordinates X=-27.150, Y=-37.951
18.05 02:47:53 Moving is finished
18.05 02:49:29 Row 1: 18.05 02:49:29 Map: x1: -29.171, y1: -38.113, x2: -28.566, y2: -38.629, xres: 0.030, yres: 0.030, fname: NH2HFP2
18.05 02:49:29 Scanning 0 point from 418
18.05 02:49:29 Going to coordinates X=-29.171, Y=-38.629
18.05 02:49:30 Moving is finished
18.05 02:51:07 Scanning 1 point from 418
18.05 02:51:07 Going to coordinates X=-29.141, Y=-38.629
18.05 02:51:07 Moving is finished
18.05 02:52:43 Scanning 2 point from 418
18.05 02:52:43 Going to coordinates X=-29.111, Y=-38.629
18.05 02:52:43 Moving is finished
18.05 02:54:20 Scanning 3 point from 418
18.05 02:54:20 Going to coordinates X=-29.081, Y=-38.629
18.05 02:54:20 Moving is finished
18.05 02:55:57 Scanning 4 point from 418
18.05 02:55:57 Going to coordinates X=-29.051, Y=-38.629
18.05 02:55:57 Moving is finished
18.05 02:57:33 Scanning 5 point from 418
18.05 02:57:33 Going to coordinates X=-29.021, Y=-38.629
18.05 02:57:33 Moving is finished
18.05 02:59:10 Scanning 6 point from 418
18.05 02:59:10 Going to coordinates X=-28.991, Y=-38.629
18.05 02:59:10 Moving is finished
18.05 03:00:47 Scanning 7 point from 418
18.05 03:00:47 Going to coordinates X=-28.961, Y=-38.629
18.05 03:00:47 Moving is finished
18.05 03:02:23 Scanning 8 point from 418
18.05 03:02:23 Going to coordinates X=-28.931, Y=-38.629
18.05 03:02:24 Moving is finished
18.05 03:04:00 Scanning 9 point from 418
18.05 03:04:00 Going to coordinates X=-28.901, Y=-38.629
18.05 03:04:00 Moving is finished
18.05 03:05:36 Scanning 10 point from 418
18.05 03:05:36 Going to coordinates X=-28.871, Y=-38.629
18.05 03:05:37 Moving is finished
18.05 03:07:13 Scanning 11 point from 418
18.05 03:07:13 Going to coordinates X=-28.841, Y=-38.629
18.05 03:07:13 Moving is finished
18.05 03:08:50 Scanning 12 point from 418
18.05 03:08:50 Going to coordinates X=-28.811, Y=-38.629
18.05 03:08:50 Moving is finished
18.05 03:10:26 Scanning 13 point from 418
18.05 03:10:26 Going to coordinates X=-28.781, Y=-38.629
18.05 03:10:27 Moving is finished
18.05 03:12:04 Scanning 14 point from 418
18.05 03:12:04 Going to coordinates X=-28.751, Y=-38.629
18.05 03:12:04 Moving is finished
18.05 03:13:40 Scanning 15 point from 418
18.05 03:13:40 Going to coordinates X=-28.721, Y=-38.629
18.05 03:13:40 Moving is finished
18.05 03:15:17 Scanning 16 point from 418
18.05 03:15:17 Going to coordinates X=-28.691, Y=-38.629
18.05 03:15:17 Moving is finished
18.05 03:16:54 Scanning 17 point from 418
18.05 03:16:54 Going to coordinates X=-28.661, Y=-38.629
18.05 03:16:54 Moving is finished
18.05 03:18:30 Scanning 18 point from 418
18.05 03:18:30 Going to coordinates X=-28.631, Y=-38.629
18.05 03:18:30 Moving is finished
18.05 03:20:07 Scanning 19 point from 418
18.05 03:20:07 Going to coordinates X=-28.601, Y=-38.629
18.05 03:20:07 Moving is finished
18.05 03:21:43 Scanning 20 point from 418
18.05 03:21:43 Going to coordinates X=-28.571, Y=-38.629
18.05 03:21:44 Moving is finished
18.05 03:23:20 Scanning 21 point from 418
18.05 03:23:20 Going to coordinates X=-28.541, Y=-38.629
18.05 03:23:20 Moving is finished
18.05 03:24:57 Scanning 22 point from 418
18.05 03:24:57 Going to coordinates X=-29.171, Y=-38.599
18.05 03:24:57 Moving is finished
18.05 03:26:34 Scanning 23 point from 418
18.05 03:26:34 Going to coordinates X=-29.141, Y=-38.599
18.05 03:26:34 Moving is finished
18.05 03:28:11 Scanning 24 point from 418
18.05 03:28:11 Going to coordinates X=-29.111, Y=-38.599
18.05 03:28:11 Moving is finished
18.05 03:29:48 Scanning 25 point from 418
18.05 03:29:48 Going to coordinates X=-29.081, Y=-38.599
18.05 03:29:48 Moving is finished
18.05 03:31:24 Scanning 26 point from 418
18.05 03:31:24 Going to coordinates X=-29.051, Y=-38.599
18.05 03:31:24 Moving is finished
18.05 03:33:02 Scanning 27 point from 418
18.05 03:33:02 Going to coordinates X=-29.021, Y=-38.599
18.05 03:33:02 Moving is finished
18.05 03:34:39 Scanning 28 point from 418
18.05 03:34:39 Going to coordinates X=-28.991, Y=-38.599
18.05 03:34:39 Moving is finished
18.05 03:36:15 Scanning 29 point from 418
18.05 03:36:15 Going to coordinates X=-28.961, Y=-38.599
18.05 03:36:16 Moving is finished
18.05 03:37:52 Scanning 30 point from 418
18.05 03:37:52 Going to coordinates X=-28.931, Y=-38.599
18.05 03:37:53 Moving is finished
18.05 03:39:30 Scanning 31 point from 418
18.05 03:39:30 Going to coordinates X=-28.901, Y=-38.599
18.05 03:39:30 Moving is finished
18.05 03:41:06 Scanning 32 point from 418
18.05 03:41:06 Going to coordinates X=-28.871, Y=-38.599
18.05 03:41:06 Moving is finished
18.05 03:42:43 Scanning 33 point from 418
18.05 03:42:43 Going to coordinates X=-28.841, Y=-38.599
18.05 03:42:43 Moving is finished
18.05 03:44:20 Scanning 34 point from 418
18.05 03:44:20 Going to coordinates X=-28.811, Y=-38.599
18.05 03:44:20 Moving is finished
18.05 03:45:57 Scanning 35 point from 418
18.05 03:45:57 Going to coordinates X=-28.781, Y=-38.599
18.05 03:45:57 Moving is finished
18.05 03:47:34 Scanning 36 point from 418
18.05 03:47:34 Going to coordinates X=-28.751, Y=-38.599
18.05 03:47:34 Moving is finished
18.05 03:49:11 Scanning 37 point from 418
18.05 03:49:11 Going to coordinates X=-28.721, Y=-38.599
18.05 03:49:11 Moving is finished
18.05 03:50:48 Scanning 38 point from 418
18.05 03:50:48 Going to coordinates X=-28.691, Y=-38.599
18.05 03:50:48 Moving is finished
18.05 03:52:24 Scanning 39 point from 418
18.05 03:52:24 Going to coordinates X=-28.661, Y=-38.599
18.05 03:52:25 Moving is finished
18.05 03:54:01 Scanning 40 point from 418
18.05 03:54:01 Going to coordinates X=-28.631, Y=-38.599
18.05 03:54:01 Moving is finished
18.05 03:55:38 Scanning 41 point from 418
18.05 03:55:38 Going to coordinates X=-28.601, Y=-38.599
18.05 03:55:38 Moving is finished
18.05 03:57:15 Scanning 42 point from 418
18.05 03:57:15 Going to coordinates X=-28.571, Y=-38.599
18.05 03:57:15 Moving is finished
18.05 03:58:51 Scanning 43 point from 418
18.05 03:58:51 Going to coordinates X=-28.541, Y=-38.599
18.05 03:58:51 Moving is finished
18.05 04:00:28 Scanning 44 point from 418
18.05 04:00:28 Going to coordinates X=-29.171, Y=-38.569
18.05 04:00:29 Moving is finished
18.05 04:02:05 Scanning 45 point from 418
18.05 04:02:05 Going to coordinates X=-29.141, Y=-38.569
18.05 04:02:05 Moving is finished
18.05 04:03:42 Scanning 46 point from 418
18.05 04:03:42 Going to coordinates X=-29.111, Y=-38.569
18.05 04:03:42 Moving is finished
18.05 04:05:19 Scanning 47 point from 418
18.05 04:05:19 Going to coordinates X=-29.081, Y=-38.569
18.05 04:05:19 Moving is finished
18.05 04:06:55 Scanning 48 point from 418
18.05 04:06:55 Going to coordinates X=-29.051, Y=-38.569
18.05 04:06:56 Moving is finished
18.05 04:08:32 Scanning 49 point from 418
18.05 04:08:32 Going to coordinates X=-29.021, Y=-38.569
18.05 04:08:32 Moving is finished
18.05 04:10:09 Scanning 50 point from 418
18.05 04:10:09 Going to coordinates X=-28.991, Y=-38.569
18.05 04:10:09 Moving is finished
18.05 04:11:45 Scanning 51 point from 418
18.05 04:11:45 Going to coordinates X=-28.961, Y=-38.569
18.05 04:11:45 Moving is finished
18.05 04:13:22 Scanning 52 point from 418
18.05 04:13:22 Going to coordinates X=-28.931, Y=-38.569
18.05 04:13:22 Moving is finished
18.05 04:14:59 Scanning 53 point from 418
18.05 04:14:59 Going to coordinates X=-28.901, Y=-38.569
18.05 04:14:59 Moving is finished
18.05 04:16:36 Scanning 54 point from 418
18.05 04:16:36 Going to coordinates X=-28.871, Y=-38.569
18.05 04:16:36 Moving is finished
18.05 04:18:12 Scanning 55 point from 418
18.05 04:18:12 Going to coordinates X=-28.841, Y=-38.569
18.05 04:18:13 Moving is finished
18.05 04:19:49 Scanning 56 point from 418
18.05 04:19:49 Going to coordinates X=-28.811, Y=-38.569
18.05 04:19:49 Moving is finished
18.05 04:21:26 Scanning 57 point from 418
18.05 04:21:26 Going to coordinates X=-28.781, Y=-38.569
18.05 04:21:26 Moving is finished
18.05 04:23:03 Scanning 58 point from 418
18.05 04:23:03 Going to coordinates X=-28.751, Y=-38.569
18.05 04:23:03 Moving is finished
18.05 04:24:40 Scanning 59 point from 418
18.05 04:24:40 Going to coordinates X=-28.721, Y=-38.569
18.05 04:24:40 Moving is finished
18.05 04:26:16 Scanning 60 point from 418
18.05 04:26:16 Going to coordinates X=-28.691, Y=-38.569
18.05 04:26:17 Moving is finished
18.05 04:27:53 Scanning 61 point from 418
18.05 04:27:53 Going to coordinates X=-28.661, Y=-38.569
18.05 04:27:53 Moving is finished
18.05 04:29:30 Scanning 62 point from 418
18.05 04:29:30 Going to coordinates X=-28.631, Y=-38.569
18.05 04:29:30 Moving is finished
18.05 04:31:07 Scanning 63 point from 418
18.05 04:31:07 Going to coordinates X=-28.601, Y=-38.569
18.05 04:31:07 Moving is finished
18.05 04:32:44 Scanning 64 point from 418
18.05 04:32:44 Going to coordinates X=-28.571, Y=-38.569
18.05 04:32:44 Moving is finished
18.05 04:34:20 Scanning 65 point from 418
18.05 04:34:20 Going to coordinates X=-28.541, Y=-38.569
18.05 04:34:20 Moving is finished
18.05 04:35:57 Scanning 66 point from 418
18.05 04:35:57 Going to coordinates X=-29.171, Y=-38.539
18.05 04:35:57 Moving is finished
18.05 04:37:34 Scanning 67 point from 418
18.05 04:37:34 Going to coordinates X=-29.141, Y=-38.539
18.05 04:37:34 Moving is finished
18.05 04:39:10 Scanning 68 point from 418
18.05 04:39:10 Going to coordinates X=-29.111, Y=-38.539
18.05 04:39:10 Moving is finished
18.05 04:40:47 Scanning 69 point from 418
18.05 04:40:47 Going to coordinates X=-29.081, Y=-38.539
18.05 04:40:47 Moving is finished
18.05 04:42:24 Scanning 70 point from 418
18.05 04:42:24 Going to coordinates X=-29.051, Y=-38.539
18.05 04:42:24 Moving is finished
18.05 04:44:00 Scanning 71 point from 418
18.05 04:44:00 Going to coordinates X=-29.021, Y=-38.539
18.05 04:44:00 Moving is finished
18.05 04:45:37 Scanning 72 point from 418
18.05 04:45:37 Going to coordinates X=-28.991, Y=-38.539
18.05 04:45:37 Moving is finished
18.05 04:47:13 Scanning 73 point from 418
18.05 04:47:13 Going to coordinates X=-28.961, Y=-38.539
18.05 04:47:14 Moving is finished
18.05 04:48:51 Scanning 74 point from 418
18.05 04:48:51 Going to coordinates X=-28.931, Y=-38.539
18.05 04:48:51 Moving is finished
18.05 04:50:28 Scanning 75 point from 418
18.05 04:50:28 Going to coordinates X=-28.901, Y=-38.539
18.05 04:50:28 Moving is finished
18.05 04:52:05 Scanning 76 point from 418
18.05 04:52:05 Going to coordinates X=-28.871, Y=-38.539
18.05 04:52:05 Moving is finished
18.05 04:53:42 Scanning 77 point from 418
18.05 04:53:42 Going to coordinates X=-28.841, Y=-38.539
18.05 04:53:42 Moving is finished
18.05 04:55:18 Scanning 78 point from 418
18.05 04:55:18 Going to coordinates X=-28.811, Y=-38.539
18.05 04:55:18 Moving is finished
18.05 04:56:54 Scanning 79 point from 418
18.05 04:56:54 Going to coordinates X=-28.781, Y=-38.539
18.05 04:56:54 Moving is finished
18.05 04:58:32 Scanning 80 point from 418
18.05 04:58:32 Going to coordinates X=-28.751, Y=-38.539
18.05 04:58:32 Moving is finished
18.05 05:00:08 Scanning 81 point from 418
18.05 05:00:08 Going to coordinates X=-28.721, Y=-38.539
18.05 05:00:09 Moving is finished
18.05 05:01:46 Scanning 82 point from 418
18.05 05:01:46 Going to coordinates X=-28.691, Y=-38.539
18.05 05:01:46 Moving is finished
18.05 05:03:22 Scanning 83 point from 418
18.05 05:03:22 Going to coordinates X=-28.661, Y=-38.539
18.05 05:03:22 Moving is finished
18.05 05:04:59 Scanning 84 point from 418
18.05 05:04:59 Going to coordinates X=-28.631, Y=-38.539
18.05 05:04:59 Moving is finished
18.05 05:06:36 Scanning 85 point from 418
18.05 05:06:36 Going to coordinates X=-28.601, Y=-38.539
18.05 05:06:36 Moving is finished
18.05 05:08:13 Scanning 86 point from 418
18.05 05:08:13 Going to coordinates X=-28.571, Y=-38.539
18.05 05:08:13 Moving is finished
18.05 05:09:49 Scanning 87 point from 418
18.05 05:09:49 Going to coordinates X=-28.541, Y=-38.539
18.05 05:09:49 Moving is finished
18.05 05:11:26 Scanning 88 point from 418
18.05 05:11:26 Going to coordinates X=-29.171, Y=-38.509
18.05 05:11:26 Moving is finished
18.05 05:13:02 Scanning 89 point from 418
18.05 05:13:02 Going to coordinates X=-29.141, Y=-38.509
18.05 05:13:03 Moving is finished
18.05 05:14:39 Scanning 90 point from 418
18.05 05:14:39 Going to coordinates X=-29.111, Y=-38.509
18.05 05:14:39 Moving is finished
18.05 05:16:16 Scanning 91 point from 418
18.05 05:16:16 Going to coordinates X=-29.081, Y=-38.509
18.05 05:16:16 Moving is finished
18.05 05:17:53 Scanning 92 point from 418
18.05 05:17:53 Going to coordinates X=-29.051, Y=-38.509
18.05 05:17:53 Moving is finished
18.05 05:19:30 Scanning 93 point from 418
18.05 05:19:30 Going to coordinates X=-29.021, Y=-38.509
18.05 05:19:30 Moving is finished
18.05 05:21:06 Scanning 94 point from 418
18.05 05:21:06 Going to coordinates X=-28.991, Y=-38.509
18.05 05:21:06 Moving is finished
18.05 05:22:43 Scanning 95 point from 418
18.05 05:22:43 Going to coordinates X=-28.961, Y=-38.509
18.05 05:22:43 Moving is finished
18.05 05:24:19 Scanning 96 point from 418
18.05 05:24:19 Going to coordinates X=-28.931, Y=-38.509
18.05 05:24:20 Moving is finished
18.05 05:25:56 Scanning 97 point from 418
18.05 05:25:56 Going to coordinates X=-28.901, Y=-38.509
18.05 05:25:56 Moving is finished
18.05 05:27:33 Scanning 98 point from 418
18.05 05:27:33 Going to coordinates X=-28.871, Y=-38.509
18.05 05:27:33 Moving is finished
18.05 05:29:09 Scanning 99 point from 418
18.05 05:29:09 Going to coordinates X=-28.841, Y=-38.509
18.05 05:29:09 Moving is finished
18.05 05:30:46 Scanning 100 point from 418
18.05 05:30:46 Going to coordinates X=-28.811, Y=-38.509
18.05 05:30:46 Moving is finished
18.05 05:32:23 Scanning 101 point from 418
18.05 05:32:23 Going to coordinates X=-28.781, Y=-38.509
18.05 05:32:23 Moving is finished
18.05 05:34:00 Scanning 102 point from 418
18.05 05:34:00 Going to coordinates X=-28.751, Y=-38.509
18.05 05:34:00 Moving is finished
18.05 05:35:37 Scanning 103 point from 418
18.05 05:35:37 Going to coordinates X=-28.721, Y=-38.509
18.05 05:35:37 Moving is finished
18.05 05:37:13 Scanning 104 point from 418
18.05 05:37:13 Going to coordinates X=-28.691, Y=-38.509
18.05 05:37:14 Moving is finished
18.05 05:38:51 Scanning 105 point from 418
18.05 05:38:51 Going to coordinates X=-28.661, Y=-38.509
18.05 05:38:51 Moving is finished
18.05 05:40:28 Scanning 106 point from 418
18.05 05:40:28 Going to coordinates X=-28.631, Y=-38.509
18.05 05:40:28 Moving is finished
18.05 05:42:05 Scanning 107 point from 418
18.05 05:42:05 Going to coordinates X=-28.601, Y=-38.509
18.05 05:42:05 Moving is finished
18.05 05:43:42 Scanning 108 point from 418
18.05 05:43:42 Going to coordinates X=-28.571, Y=-38.509
18.05 05:43:42 Moving is finished
18.05 05:45:19 Scanning 109 point from 418
18.05 05:45:19 Going to coordinates X=-28.541, Y=-38.509
18.05 05:45:19 Moving is finished
18.05 05:46:56 Scanning 110 point from 418
18.05 05:46:56 Going to coordinates X=-29.171, Y=-38.479
18.05 05:46:56 Moving is finished
18.05 05:48:33 Scanning 111 point from 418
18.05 05:48:33 Going to coordinates X=-29.141, Y=-38.479
18.05 05:48:33 Moving is finished
18.05 05:50:10 Scanning 112 point from 418
18.05 05:50:10 Going to coordinates X=-29.111, Y=-38.479
18.05 05:50:10 Moving is finished
18.05 05:51:48 Scanning 113 point from 418
18.05 05:51:48 Going to coordinates X=-29.081, Y=-38.479
18.05 05:51:48 Moving is finished
18.05 05:53:24 Scanning 114 point from 418
18.05 05:53:24 Going to coordinates X=-29.051, Y=-38.479
18.05 05:53:24 Moving is finished
18.05 05:55:01 Scanning 115 point from 418
18.05 05:55:01 Going to coordinates X=-29.021, Y=-38.479
18.05 05:55:01 Moving is finished
18.05 05:56:37 Scanning 116 point from 418
18.05 05:56:37 Going to coordinates X=-28.991, Y=-38.479
18.05 05:56:37 Moving is finished
18.05 05:58:14 Scanning 117 point from 418
18.05 05:58:14 Going to coordinates X=-28.961, Y=-38.479
18.05 05:58:14 Moving is finished
18.05 05:59:51 Scanning 118 point from 418
18.05 05:59:51 Going to coordinates X=-28.931, Y=-38.479
18.05 05:59:51 Moving is finished
18.05 06:01:27 Scanning 119 point from 418
18.05 06:01:27 Going to coordinates X=-28.901, Y=-38.479
18.05 06:01:28 Moving is finished
18.05 06:03:05 Scanning 120 point from 418
18.05 06:03:05 Going to coordinates X=-28.871, Y=-38.479
18.05 06:03:05 Moving is finished
18.05 06:04:42 Scanning 121 point from 418
18.05 06:04:42 Going to coordinates X=-28.841, Y=-38.479
18.05 06:04:42 Moving is finished
18.05 06:06:19 Scanning 122 point from 418
18.05 06:06:19 Going to coordinates X=-28.811, Y=-38.479
18.05 06:06:19 Moving is finished
18.05 06:07:55 Scanning 123 point from 418
18.05 06:07:55 Going to coordinates X=-28.781, Y=-38.479
18.05 06:07:55 Moving is finished
18.05 06:09:32 Scanning 124 point from 418
18.05 06:09:32 Going to coordinates X=-28.751, Y=-38.479
18.05 06:09:32 Moving is finished
18.05 06:11:09 Scanning 125 point from 418
18.05 06:11:09 Going to coordinates X=-28.721, Y=-38.479
18.05 06:11:09 Moving is finished
18.05 06:12:46 Scanning 126 point from 418
18.05 06:12:46 Going to coordinates X=-28.691, Y=-38.479
18.05 06:12:46 Moving is finished
18.05 06:14:23 Scanning 127 point from 418
18.05 06:14:23 Going to coordinates X=-28.661, Y=-38.479
18.05 06:14:23 Moving is finished
18.05 06:16:00 Scanning 128 point from 418
18.05 06:16:00 Going to coordinates X=-28.631, Y=-38.479
18.05 06:16:00 Moving is finished
18.05 06:17:37 Scanning 129 point from 418
18.05 06:17:37 Going to coordinates X=-28.601, Y=-38.479
18.05 06:17:38 Moving is finished
18.05 06:19:14 Scanning 130 point from 418
18.05 06:19:14 Going to coordinates X=-28.571, Y=-38.479
18.05 06:19:14 Moving is finished
18.05 06:20:51 Scanning 131 point from 418
18.05 06:20:51 Going to coordinates X=-28.541, Y=-38.479
18.05 06:20:51 Moving is finished
18.05 06:22:28 Scanning 132 point from 418
18.05 06:22:28 Going to coordinates X=-29.171, Y=-38.449
18.05 06:22:28 Moving is finished
18.05 06:24:05 Scanning 133 point from 418
18.05 06:24:05 Going to coordinates X=-29.141, Y=-38.449
18.05 06:24:05 Moving is finished
18.05 06:25:42 Scanning 134 point from 418
18.05 06:25:42 Going to coordinates X=-29.111, Y=-38.449
18.05 06:25:42 Moving is finished
18.05 06:27:19 Scanning 135 point from 418
18.05 06:27:19 Going to coordinates X=-29.081, Y=-38.449
18.05 06:27:19 Moving is finished
18.05 06:28:56 Scanning 136 point from 418
18.05 06:28:56 Going to coordinates X=-29.051, Y=-38.449
18.05 06:28:56 Moving is finished
18.05 06:30:32 Scanning 137 point from 418
18.05 06:30:32 Going to coordinates X=-29.021, Y=-38.449
18.05 06:30:33 Moving is finished
18.05 06:32:09 Scanning 138 point from 418
18.05 06:32:09 Going to coordinates X=-28.991, Y=-38.449
18.05 06:32:09 Moving is finished
18.05 06:33:46 Scanning 139 point from 418
18.05 06:33:46 Going to coordinates X=-28.961, Y=-38.449
18.05 06:33:46 Moving is finished
18.05 06:35:23 Scanning 140 point from 418
18.05 06:35:23 Going to coordinates X=-28.931, Y=-38.449
18.05 06:35:23 Moving is finished
18.05 06:36:59 Scanning 141 point from 418
18.05 06:36:59 Going to coordinates X=-28.901, Y=-38.449
18.05 06:37:00 Moving is finished
18.05 06:38:36 Scanning 142 point from 418
18.05 06:38:36 Going to coordinates X=-28.871, Y=-38.449
18.05 06:38:36 Moving is finished
18.05 06:40:13 Scanning 143 point from 418
18.05 06:40:13 Going to coordinates X=-28.841, Y=-38.449
18.05 06:40:13 Moving is finished
18.05 06:41:49 Scanning 144 point from 418
18.05 06:41:49 Going to coordinates X=-28.811, Y=-38.449
18.05 06:41:49 Moving is finished
18.05 06:43:26 Scanning 145 point from 418
18.05 06:43:26 Going to coordinates X=-28.781, Y=-38.449
18.05 06:43:26 Moving is finished
18.05 06:45:03 Scanning 146 point from 418
18.05 06:45:03 Going to coordinates X=-28.751, Y=-38.449
18.05 06:45:03 Moving is finished
18.05 06:46:39 Scanning 147 point from 418
18.05 06:46:39 Going to coordinates X=-28.721, Y=-38.449
18.05 06:46:39 Moving is finished
18.05 06:48:16 Scanning 148 point from 418
18.05 06:48:16 Going to coordinates X=-28.691, Y=-38.449
18.05 06:48:16 Moving is finished
18.05 06:49:52 Scanning 149 point from 418
18.05 06:49:52 Going to coordinates X=-28.661, Y=-38.449
18.05 06:49:52 Moving is finished
18.05 06:51:29 Scanning 150 point from 418
18.05 06:51:29 Going to coordinates X=-28.631, Y=-38.449
18.05 06:51:29 Moving is finished
18.05 06:53:06 Scanning 151 point from 418
18.05 06:53:06 Going to coordinates X=-28.601, Y=-38.449
18.05 06:53:06 Moving is finished
18.05 06:54:43 Scanning 152 point from 418
18.05 06:54:43 Going to coordinates X=-28.571, Y=-38.449
18.05 06:54:43 Moving is finished
18.05 06:56:19 Scanning 153 point from 418
18.05 06:56:19 Going to coordinates X=-28.541, Y=-38.449
18.05 06:56:19 Moving is finished
18.05 06:57:56 Scanning 154 point from 418
18.05 06:57:56 Going to coordinates X=-29.171, Y=-38.419
18.05 06:57:56 Moving is finished
18.05 06:59:33 Scanning 155 point from 418
18.05 06:59:33 Going to coordinates X=-29.141, Y=-38.419
18.05 06:59:33 Moving is finished
18.05 07:01:10 Scanning 156 point from 418
18.05 07:01:10 Going to coordinates X=-29.111, Y=-38.419
18.05 07:01:10 Moving is finished
18.05 07:02:46 Scanning 157 point from 418
18.05 07:02:46 Going to coordinates X=-29.081, Y=-38.419
18.05 07:02:46 Moving is finished
18.05 07:04:23 Scanning 158 point from 418
18.05 07:04:23 Going to coordinates X=-29.051, Y=-38.419
18.05 07:04:23 Moving is finished
18.05 07:06:00 Scanning 159 point from 418
18.05 07:06:00 Going to coordinates X=-29.021, Y=-38.419
18.05 07:06:00 Moving is finished
18.05 07:07:36 Scanning 160 point from 418
18.05 07:07:36 Going to coordinates X=-28.991, Y=-38.419
18.05 07:07:37 Moving is finished
18.05 07:09:13 Scanning 161 point from 418
18.05 07:09:13 Going to coordinates X=-28.961, Y=-38.419
18.05 07:09:13 Moving is finished
18.05 07:10:50 Scanning 162 point from 418
18.05 07:10:50 Going to coordinates X=-28.931, Y=-38.419
18.05 07:10:50 Moving is finished
18.05 07:12:26 Scanning 163 point from 418
18.05 07:12:26 Going to coordinates X=-28.901, Y=-38.419
18.05 07:12:27 Moving is finished
18.05 07:14:03 Scanning 164 point from 418
18.05 07:14:03 Going to coordinates X=-28.871, Y=-38.419
18.05 07:14:03 Moving is finished
18.05 07:15:41 Scanning 165 point from 418
18.05 07:15:41 Going to coordinates X=-28.841, Y=-38.419
18.05 07:15:41 Moving is finished
18.05 07:17:18 Scanning 166 point from 418
18.05 07:17:18 Going to coordinates X=-28.811, Y=-38.419
18.05 07:17:18 Moving is finished
18.05 07:18:54 Scanning 167 point from 418
18.05 07:18:54 Going to coordinates X=-28.781, Y=-38.419
18.05 07:18:55 Moving is finished
18.05 07:20:32 Scanning 168 point from 418
18.05 07:20:32 Going to coordinates X=-28.751, Y=-38.419
18.05 07:20:32 Moving is finished
18.05 07:22:08 Scanning 169 point from 418
18.05 07:22:08 Going to coordinates X=-28.721, Y=-38.419
18.05 07:22:08 Moving is finished
18.05 07:23:44 Scanning 170 point from 418
18.05 07:23:44 Going to coordinates X=-28.691, Y=-38.419
18.05 07:23:45 Moving is finished
18.05 07:25:21 Scanning 171 point from 418
18.05 07:25:21 Going to coordinates X=-28.661, Y=-38.419
18.05 07:25:21 Moving is finished
18.05 07:26:58 Scanning 172 point from 418
18.05 07:26:58 Going to coordinates X=-28.631, Y=-38.419
18.05 07:26:58 Moving is finished
18.05 07:28:35 Scanning 173 point from 418
18.05 07:28:35 Going to coordinates X=-28.601, Y=-38.419
18.05 07:28:35 Moving is finished
18.05 07:30:12 Scanning 174 point from 418
18.05 07:30:12 Going to coordinates X=-28.571, Y=-38.419
18.05 07:30:12 Moving is finished
18.05 07:31:49 Scanning 175 point from 418
18.05 07:31:49 Going to coordinates X=-28.541, Y=-38.419
18.05 07:31:49 Moving is finished
18.05 07:33:26 Scanning 176 point from 418
18.05 07:33:26 Going to coordinates X=-29.171, Y=-38.389
18.05 07:33:26 Moving is finished
18.05 07:35:03 Scanning 177 point from 418
18.05 07:35:03 Going to coordinates X=-29.141, Y=-38.389
18.05 07:35:04 Moving is finished
18.05 07:36:40 Scanning 178 point from 418
18.05 07:36:40 Going to coordinates X=-29.111, Y=-38.389
18.05 07:36:40 Moving is finished
18.05 07:38:17 Scanning 179 point from 418
18.05 07:38:17 Going to coordinates X=-29.081, Y=-38.389
18.05 07:38:17 Moving is finished
18.05 07:39:54 Scanning 180 point from 418
18.05 07:39:54 Going to coordinates X=-29.051, Y=-38.389
18.05 07:39:54 Moving is finished
18.05 07:41:31 Scanning 181 point from 418
18.05 07:41:31 Going to coordinates X=-29.021, Y=-38.389
18.05 07:41:31 Moving is finished
18.05 07:43:08 Scanning 182 point from 418
18.05 07:43:08 Going to coordinates X=-28.991, Y=-38.389
18.05 07:43:08 Moving is finished
18.05 07:44:45 Scanning 183 point from 418
18.05 07:44:45 Going to coordinates X=-28.961, Y=-38.389
18.05 07:44:45 Moving is finished
18.05 07:46:22 Scanning 184 point from 418
18.05 07:46:22 Going to coordinates X=-28.931, Y=-38.389
18.05 07:46:22 Moving is finished
18.05 07:48:00 Scanning 185 point from 418
18.05 07:48:00 Going to coordinates X=-28.901, Y=-38.389
18.05 07:48:00 Moving is finished
18.05 07:49:37 Scanning 186 point from 418
18.05 07:49:37 Going to coordinates X=-28.871, Y=-38.389
18.05 07:49:37 Moving is finished
18.05 07:51:13 Scanning 187 point from 418
18.05 07:51:13 Going to coordinates X=-28.841, Y=-38.389
18.05 07:51:14 Moving is finished
18.05 07:52:50 Scanning 188 point from 418
18.05 07:52:50 Going to coordinates X=-28.811, Y=-38.389
18.05 07:52:50 Moving is finished
18.05 07:54:27 Scanning 189 point from 418
18.05 07:54:27 Going to coordinates X=-28.781, Y=-38.389
18.05 07:54:27 Moving is finished
18.05 07:56:03 Scanning 190 point from 418
18.05 07:56:03 Going to coordinates X=-28.751, Y=-38.389
18.05 07:56:04 Moving is finished
18.05 07:57:40 Scanning 191 point from 418
18.05 07:57:40 Going to coordinates X=-28.721, Y=-38.389
18.05 07:57:40 Moving is finished
18.05 07:59:17 Scanning 192 point from 418
18.05 07:59:17 Going to coordinates X=-28.691, Y=-38.389
18.05 07:59:17 Moving is finished
18.05 08:00:53 Scanning 193 point from 418
18.05 08:00:53 Going to coordinates X=-28.661, Y=-38.389
18.05 08:00:53 Moving is finished
18.05 08:02:30 Scanning 194 point from 418
18.05 08:02:30 Going to coordinates X=-28.631, Y=-38.389
18.05 08:02:30 Moving is finished
18.05 08:04:07 Scanning 195 point from 418
18.05 08:04:07 Going to coordinates X=-28.601, Y=-38.389
18.05 08:04:07 Moving is finished
18.05 08:05:44 Scanning 196 point from 418
18.05 08:05:44 Going to coordinates X=-28.571, Y=-38.389
18.05 08:05:44 Moving is finished
18.05 08:07:21 Scanning 197 point from 418
18.05 08:07:21 Going to coordinates X=-28.541, Y=-38.389
18.05 08:07:21 Moving is finished
18.05 08:08:58 Scanning 198 point from 418
18.05 08:08:58 Going to coordinates X=-29.171, Y=-38.359
18.05 08:08:58 Moving is finished
18.05 08:10:35 Scanning 199 point from 418
18.05 08:10:35 Going to coordinates X=-29.141, Y=-38.359
18.05 08:10:35 Moving is finished
18.05 08:12:12 Scanning 200 point from 418
18.05 08:12:12 Going to coordinates X=-29.111, Y=-38.359
18.05 08:12:12 Moving is finished
18.05 08:13:49 Scanning 201 point from 418
18.05 08:13:49 Going to coordinates X=-29.081, Y=-38.359
18.05 08:13:49 Moving is finished
18.05 08:15:25 Scanning 202 point from 418
18.05 08:15:25 Going to coordinates X=-29.051, Y=-38.359
18.05 08:15:25 Moving is finished
18.05 08:17:02 Scanning 203 point from 418
18.05 08:17:02 Going to coordinates X=-29.021, Y=-38.359
18.05 08:17:02 Moving is finished
18.05 08:18:39 Scanning 204 point from 418
18.05 08:18:39 Going to coordinates X=-28.991, Y=-38.359
18.05 08:18:39 Moving is finished
18.05 08:20:15 Scanning 205 point from 418
18.05 08:20:15 Going to coordinates X=-28.961, Y=-38.359
18.05 08:20:15 Moving is finished
18.05 08:21:52 Scanning 206 point from 418
18.05 08:21:52 Going to coordinates X=-28.931, Y=-38.359
18.05 08:21:52 Moving is finished
18.05 08:23:28 Scanning 207 point from 418
18.05 08:23:28 Going to coordinates X=-28.901, Y=-38.359
18.05 08:23:29 Moving is finished
18.05 08:25:05 Scanning 208 point from 418
18.05 08:25:05 Going to coordinates X=-28.871, Y=-38.359
18.05 08:25:05 Moving is finished
18.05 08:26:42 Scanning 209 point from 418
18.05 08:26:42 Going to coordinates X=-28.841, Y=-38.359
18.05 08:26:42 Moving is finished
18.05 08:28:18 Scanning 210 point from 418
18.05 08:28:18 Going to coordinates X=-28.811, Y=-38.359
18.05 08:28:19 Moving is finished
18.05 08:29:55 Scanning 211 point from 418
18.05 08:29:55 Going to coordinates X=-28.781, Y=-38.359
18.05 08:29:55 Moving is finished
18.05 08:31:32 Scanning 212 point from 418
18.05 08:31:32 Going to coordinates X=-28.751, Y=-38.359
18.05 08:31:32 Moving is finished
18.05 08:33:09 Scanning 213 point from 418
18.05 08:33:09 Going to coordinates X=-28.721, Y=-38.359
18.05 08:33:09 Moving is finished
18.05 08:34:45 Scanning 214 point from 418
18.05 08:34:45 Going to coordinates X=-28.691, Y=-38.359
18.05 08:34:46 Moving is finished
18.05 08:36:22 Scanning 215 point from 418
18.05 08:36:22 Going to coordinates X=-28.661, Y=-38.359
18.05 08:36:22 Moving is finished
18.05 08:37:59 Scanning 216 point from 418
18.05 08:37:59 Going to coordinates X=-28.631, Y=-38.359
18.05 08:38:00 Moving is finished
18.05 08:39:37 Scanning 217 point from 418
18.05 08:39:37 Going to coordinates X=-28.601, Y=-38.359
18.05 08:39:37 Moving is finished
18.05 08:41:13 Scanning 218 point from 418
18.05 08:41:13 Going to coordinates X=-28.571, Y=-38.359
18.05 08:41:13 Moving is finished
18.05 08:42:50 Scanning 219 point from 418
18.05 08:42:50 Going to coordinates X=-28.541, Y=-38.359
18.05 08:42:50 Moving is finished
18.05 08:44:27 Scanning 220 point from 418
18.05 08:44:27 Going to coordinates X=-29.171, Y=-38.329
18.05 08:44:27 Moving is finished
18.05 08:46:04 Scanning 221 point from 418
18.05 08:46:04 Going to coordinates X=-29.141, Y=-38.329
18.05 08:46:04 Moving is finished
18.05 08:47:40 Scanning 222 point from 418
18.05 08:47:40 Going to coordinates X=-29.111, Y=-38.329
18.05 08:47:41 Moving is finished
18.05 08:49:17 Scanning 223 point from 418
18.05 08:49:17 Going to coordinates X=-29.081, Y=-38.329
18.05 08:49:17 Moving is finished
18.05 08:50:55 Scanning 224 point from 418
18.05 08:50:55 Going to coordinates X=-29.051, Y=-38.329
18.05 08:50:55 Moving is finished
18.05 08:52:31 Scanning 225 point from 418
18.05 08:52:31 Going to coordinates X=-29.021, Y=-38.329
18.05 08:52:31 Moving is finished
18.05 08:54:08 Scanning 226 point from 418
18.05 08:54:08 Going to coordinates X=-28.991, Y=-38.329
18.05 08:54:08 Moving is finished
18.05 08:55:45 Scanning 227 point from 418
18.05 08:55:45 Going to coordinates X=-28.961, Y=-38.329
18.05 08:55:45 Moving is finished
18.05 08:57:21 Scanning 228 point from 418
18.05 08:57:21 Going to coordinates X=-28.931, Y=-38.329
18.05 08:57:21 Moving is finished
18.05 08:58:59 Scanning 229 point from 418
18.05 08:58:59 Going to coordinates X=-28.901, Y=-38.329
18.05 08:58:59 Moving is finished
18.05 09:00:36 Scanning 230 point from 418
18.05 09:00:36 Going to coordinates X=-28.871, Y=-38.329
18.05 09:00:36 Moving is finished
18.05 09:02:12 Scanning 231 point from 418
18.05 09:02:12 Going to coordinates X=-28.841, Y=-38.329
18.05 09:02:13 Moving is finished
18.05 09:03:49 Scanning 232 point from 418
18.05 09:03:49 Going to coordinates X=-28.811, Y=-38.329
18.05 09:03:49 Moving is finished
18.05 09:05:26 Scanning 233 point from 418
18.05 09:05:26 Going to coordinates X=-28.781, Y=-38.329
18.05 09:05:26 Moving is finished
18.05 09:07:02 Scanning 234 point from 418
18.05 09:07:02 Going to coordinates X=-28.751, Y=-38.329
18.05 09:07:03 Moving is finished
18.05 09:08:39 Scanning 235 point from 418
18.05 09:08:39 Going to coordinates X=-28.721, Y=-38.329
18.05 09:08:39 Moving is finished
18.05 09:10:16 Scanning 236 point from 418
18.05 09:10:16 Going to coordinates X=-28.691, Y=-38.329
18.05 09:10:16 Moving is finished
18.05 09:11:53 Scanning 237 point from 418
18.05 09:11:53 Going to coordinates X=-28.661, Y=-38.329
18.05 09:11:53 Moving is finished
18.05 09:13:30 Scanning 238 point from 418
18.05 09:13:30 Going to coordinates X=-28.631, Y=-38.329
18.05 09:13:30 Moving is finished
18.05 09:15:06 Scanning 239 point from 418
18.05 09:15:06 Going to coordinates X=-28.601, Y=-38.329
18.05 09:15:07 Moving is finished
18.05 09:16:43 Scanning 240 point from 418
18.05 09:16:43 Going to coordinates X=-28.571, Y=-38.329
18.05 09:16:43 Moving is finished
18.05 09:18:20 Scanning 241 point from 418
18.05 09:18:20 Going to coordinates X=-28.541, Y=-38.329
18.05 09:18:20 Moving is finished
18.05 09:19:57 Scanning 242 point from 418
18.05 09:19:57 Going to coordinates X=-29.171, Y=-38.299
18.05 09:19:57 Moving is finished
18.05 09:21:34 Scanning 243 point from 418
18.05 09:21:34 Going to coordinates X=-29.141, Y=-38.299
18.05 09:21:34 Moving is finished
18.05 09:23:11 Scanning 244 point from 418
18.05 09:23:11 Going to coordinates X=-29.111, Y=-38.299
18.05 09:23:11 Moving is finished
18.05 09:24:48 Scanning 245 point from 418
18.05 09:24:48 Going to coordinates X=-29.081, Y=-38.299
18.05 09:24:48 Moving is finished
18.05 09:26:25 Scanning 246 point from 418
18.05 09:26:25 Going to coordinates X=-29.051, Y=-38.299
18.05 09:26:25 Moving is finished
18.05 09:28:01 Scanning 247 point from 418
18.05 09:28:01 Going to coordinates X=-29.021, Y=-38.299
18.05 09:28:02 Moving is finished
18.05 09:29:38 Scanning 248 point from 418
18.05 09:29:38 Going to coordinates X=-28.991, Y=-38.299
18.05 09:29:38 Moving is finished
18.05 09:31:15 Scanning 249 point from 418
18.05 09:31:15 Going to coordinates X=-28.961, Y=-38.299
18.05 09:31:15 Moving is finished
18.05 09:32:51 Scanning 250 point from 418
18.05 09:32:51 Going to coordinates X=-28.931, Y=-38.299
18.05 09:32:52 Moving is finished
18.05 09:34:28 Scanning 251 point from 418
18.05 09:34:28 Going to coordinates X=-28.901, Y=-38.299
18.05 09:34:28 Moving is finished
18.05 09:36:05 Scanning 252 point from 418
18.05 09:36:05 Going to coordinates X=-28.871, Y=-38.299
18.05 09:36:05 Moving is finished
18.05 09:37:42 Scanning 253 point from 418
18.05 09:37:42 Going to coordinates X=-28.841, Y=-38.299
18.05 09:37:43 Moving is finished
18.05 09:39:19 Scanning 254 point from 418
18.05 09:39:19 Going to coordinates X=-28.811, Y=-38.299
18.05 09:39:19 Moving is finished
18.05 09:40:55 Scanning 255 point from 418
18.05 09:40:55 Going to coordinates X=-28.781, Y=-38.299
18.05 09:40:56 Moving is finished
18.05 09:42:33 Scanning 256 point from 418
18.05 09:42:33 Going to coordinates X=-28.751, Y=-38.299
18.05 09:42:33 Moving is finished
18.05 09:44:10 Scanning 257 point from 418
18.05 09:44:10 Going to coordinates X=-28.721, Y=-38.299
18.05 09:44:10 Moving is finished
18.05 09:45:47 Scanning 258 point from 418
18.05 09:45:47 Going to coordinates X=-28.691, Y=-38.299
18.05 09:45:47 Moving is finished
18.05 09:47:24 Scanning 259 point from 418
18.05 09:47:24 Going to coordinates X=-28.661, Y=-38.299
18.05 09:47:24 Moving is finished
18.05 09:49:01 Scanning 260 point from 418
18.05 09:49:01 Going to coordinates X=-28.631, Y=-38.299
18.05 09:49:01 Moving is finished
18.05 09:50:38 Scanning 261 point from 418
18.05 09:50:38 Going to coordinates X=-28.601, Y=-38.299
18.05 09:50:38 Moving is finished
18.05 09:52:14 Scanning 262 point from 418
18.05 09:52:14 Going to coordinates X=-28.571, Y=-38.299
18.05 09:52:15 Moving is finished
18.05 09:53:52 Scanning 263 point from 418
18.05 09:53:52 Going to coordinates X=-28.541, Y=-38.299
18.05 09:53:52 Moving is finished
18.05 09:55:28 Scanning 264 point from 418
18.05 09:55:28 Going to coordinates X=-29.171, Y=-38.269
18.05 09:55:29 Moving is finished
18.05 09:57:06 Scanning 265 point from 418
18.05 09:57:06 Going to coordinates X=-29.141, Y=-38.269
18.05 09:57:06 Moving is finished
18.05 09:58:42 Scanning 266 point from 418
18.05 09:58:42 Going to coordinates X=-29.111, Y=-38.269
18.05 09:58:42 Moving is finished
18.05 10:00:19 Scanning 267 point from 418
18.05 10:00:19 Going to coordinates X=-29.081, Y=-38.269
18.05 10:00:19 Moving is finished
18.05 10:01:56 Scanning 268 point from 418
18.05 10:01:56 Going to coordinates X=-29.051, Y=-38.269
18.05 10:01:56 Moving is finished
18.05 10:03:33 Scanning 269 point from 418
18.05 10:03:33 Going to coordinates X=-29.021, Y=-38.269
18.05 10:03:34 Moving is finished
18.05 10:05:10 Scanning 270 point from 418
18.05 10:05:10 Going to coordinates X=-28.991, Y=-38.269
18.05 10:05:10 Moving is finished
18.05 10:06:47 Scanning 271 point from 418
18.05 10:06:47 Going to coordinates X=-28.961, Y=-38.269
18.05 10:06:48 Moving is finished
18.05 10:08:24 Scanning 272 point from 418
18.05 10:08:24 Going to coordinates X=-28.931, Y=-38.269
18.05 10:08:24 Moving is finished
18.05 10:10:01 Scanning 273 point from 418
18.05 10:10:01 Going to coordinates X=-28.901, Y=-38.269
18.05 10:10:01 Moving is finished
18.05 10:11:38 Scanning 274 point from 418
18.05 10:11:38 Going to coordinates X=-28.871, Y=-38.269
18.05 10:11:38 Moving is finished
18.05 10:13:14 Scanning 275 point from 418
18.05 10:13:14 Going to coordinates X=-28.841, Y=-38.269
18.05 10:13:15 Moving is finished
18.05 10:14:51 Scanning 276 point from 418
18.05 10:14:51 Going to coordinates X=-28.811, Y=-38.269
18.05 10:14:51 Moving is finished
18.05 10:16:28 Scanning 277 point from 418
18.05 10:16:28 Going to coordinates X=-28.781, Y=-38.269
18.05 10:16:28 Moving is finished
18.05 10:18:05 Scanning 278 point from 418
18.05 10:18:05 Going to coordinates X=-28.751, Y=-38.269
18.05 10:18:05 Moving is finished
18.05 10:19:42 Scanning 279 point from 418
18.05 10:19:42 Going to coordinates X=-28.721, Y=-38.269
18.05 10:19:42 Moving is finished
18.05 10:21:18 Scanning 280 point from 418
18.05 10:21:18 Going to coordinates X=-28.691, Y=-38.269
18.05 10:21:19 Moving is finished
18.05 10:22:55 Scanning 281 point from 418
18.05 10:22:55 Going to coordinates X=-28.661, Y=-38.269
18.05 10:22:55 Moving is finished
18.05 10:24:32 Scanning 282 point from 418
18.05 10:24:32 Going to coordinates X=-28.631, Y=-38.269
18.05 10:24:32 Moving is finished
18.05 10:26:09 Scanning 283 point from 418
18.05 10:26:09 Going to coordinates X=-28.601, Y=-38.269
18.05 10:26:09 Moving is finished
18.05 10:27:45 Scanning 284 point from 418
18.05 10:27:45 Going to coordinates X=-28.571, Y=-38.269
18.05 10:27:46 Moving is finished
18.05 10:29:22 Scanning 285 point from 418
18.05 10:29:22 Going to coordinates X=-28.541, Y=-38.269
18.05 10:29:22 Moving is finished
18.05 10:30:59 Scanning 286 point from 418
18.05 10:30:59 Going to coordinates X=-29.171, Y=-38.239
18.05 10:31:00 Moving is finished
18.05 10:32:37 Scanning 287 point from 418
18.05 10:32:37 Going to coordinates X=-29.141, Y=-38.239
18.05 10:32:37 Moving is finished
18.05 10:34:14 Scanning 288 point from 418
18.05 10:34:14 Going to coordinates X=-29.111, Y=-38.239
18.05 10:34:15 Moving is finished
18.05 10:35:52 Scanning 289 point from 418
18.05 10:35:52 Going to coordinates X=-29.081, Y=-38.239
18.05 10:35:52 Moving is finished
18.05 10:37:29 Scanning 290 point from 418
18.05 10:37:29 Going to coordinates X=-29.051, Y=-38.239
18.05 10:37:29 Moving is finished
18.05 10:39:06 Scanning 291 point from 418
18.05 10:39:06 Going to coordinates X=-29.021, Y=-38.239
18.05 10:39:06 Moving is finished
18.05 10:40:43 Scanning 292 point from 418
18.05 10:40:43 Going to coordinates X=-28.991, Y=-38.239
18.05 10:40:44 Moving is finished
18.05 10:42:20 Scanning 293 point from 418
18.05 10:42:20 Going to coordinates X=-28.961, Y=-38.239
18.05 10:42:20 Moving is finished
18.05 10:43:57 Scanning 294 point from 418
18.05 10:43:57 Going to coordinates X=-28.931, Y=-38.239
18.05 10:43:57 Moving is finished
18.05 10:45:33 Scanning 295 point from 418
18.05 10:45:33 Going to coordinates X=-28.901, Y=-38.239
18.05 10:45:33 Moving is finished
18.05 10:47:10 Scanning 296 point from 418
18.05 10:47:10 Going to coordinates X=-28.871, Y=-38.239
18.05 10:47:10 Moving is finished
18.05 10:48:47 Scanning 297 point from 418
18.05 10:48:47 Going to coordinates X=-28.841, Y=-38.239
18.05 10:48:47 Moving is finished
18.05 10:50:24 Scanning 298 point from 418
18.05 10:50:24 Going to coordinates X=-28.811, Y=-38.239
18.05 10:50:24 Moving is finished
18.05 10:52:01 Scanning 299 point from 418
18.05 10:52:01 Going to coordinates X=-28.781, Y=-38.239
18.05 10:52:01 Moving is finished
18.05 10:53:38 Scanning 300 point from 418
18.05 10:53:38 Going to coordinates X=-28.751, Y=-38.239
18.05 10:53:38 Moving is finished
18.05 10:55:15 Scanning 301 point from 418
18.05 10:55:15 Going to coordinates X=-28.721, Y=-38.239
18.05 10:55:15 Moving is finished
18.05 10:56:52 Scanning 302 point from 418
18.05 10:56:52 Going to coordinates X=-28.691, Y=-38.239
18.05 10:56:52 Moving is finished
18.05 10:58:29 Scanning 303 point from 418
18.05 10:58:29 Going to coordinates X=-28.661, Y=-38.239
18.05 10:58:29 Moving is finished
18.05 11:00:06 Scanning 304 point from 418
18.05 11:00:06 Going to coordinates X=-28.631, Y=-38.239
18.05 11:00:06 Moving is finished
18.05 11:01:43 Scanning 305 point from 418
18.05 11:01:43 Going to coordinates X=-28.601, Y=-38.239
18.05 11:01:43 Moving is finished
18.05 11:03:20 Scanning 306 point from 418
18.05 11:03:20 Going to coordinates X=-28.571, Y=-38.239
18.05 11:03:20 Moving is finished
18.05 11:04:56 Scanning 307 point from 418
18.05 11:04:56 Going to coordinates X=-28.541, Y=-38.239
18.05 11:04:56 Moving is finished
18.05 11:06:33 Scanning 308 point from 418
18.05 11:06:33 Going to coordinates X=-29.171, Y=-38.209
18.05 11:06:34 Moving is finished
18.05 11:08:10 Scanning 309 point from 418
18.05 11:08:10 Going to coordinates X=-29.141, Y=-38.209
18.05 11:08:10 Moving is finished
18.05 11:09:47 Scanning 310 point from 418
18.05 11:09:47 Going to coordinates X=-29.111, Y=-38.209
18.05 11:09:47 Moving is finished
18.05 11:11:24 Scanning 311 point from 418
18.05 11:11:24 Going to coordinates X=-29.081, Y=-38.209
18.05 11:11:24 Moving is finished
18.05 11:13:00 Scanning 312 point from 418
18.05 11:13:00 Going to coordinates X=-29.051, Y=-38.209
18.05 11:13:01 Moving is finished
18.05 11:14:37 Scanning 313 point from 418
18.05 11:14:37 Going to coordinates X=-29.021, Y=-38.209
18.05 11:14:37 Moving is finished
18.05 11:16:15 Scanning 314 point from 418
18.05 11:16:15 Going to coordinates X=-28.991, Y=-38.209
18.05 11:16:15 Moving is finished
18.05 11:17:52 Scanning 315 point from 418
18.05 11:17:52 Going to coordinates X=-28.961, Y=-38.209
18.05 11:17:52 Moving is finished
18.05 11:19:28 Scanning 316 point from 418
18.05 11:19:28 Going to coordinates X=-28.931, Y=-38.209
18.05 11:19:28 Moving is finished
18.05 11:21:05 Scanning 317 point from 418
18.05 11:21:05 Going to coordinates X=-28.901, Y=-38.209
18.05 11:21:05 Moving is finished
18.05 11:22:41 Scanning 318 point from 418
18.05 11:22:41 Going to coordinates X=-28.871, Y=-38.209
18.05 11:22:42 Moving is finished
18.05 11:24:18 Scanning 319 point from 418
18.05 11:24:18 Going to coordinates X=-28.841, Y=-38.209
18.05 11:24:18 Moving is finished
18.05 11:25:55 Scanning 320 point from 418
18.05 11:25:55 Going to coordinates X=-28.811, Y=-38.209
18.05 11:25:55 Moving is finished
18.05 11:27:32 Scanning 321 point from 418
18.05 11:27:32 Going to coordinates X=-28.781, Y=-38.209
18.05 11:27:32 Moving is finished
18.05 11:29:08 Scanning 322 point from 418
18.05 11:29:08 Going to coordinates X=-28.751, Y=-38.209
18.05 11:29:08 Moving is finished
18.05 11:30:45 Scanning 323 point from 418
18.05 11:30:45 Going to coordinates X=-28.721, Y=-38.209
18.05 11:30:45 Moving is finished
18.05 11:32:21 Scanning 324 point from 418
18.05 11:32:21 Going to coordinates X=-28.691, Y=-38.209
18.05 11:32:21 Moving is finished
18.05 11:33:58 Scanning 325 point from 418
18.05 11:33:58 Going to coordinates X=-28.661, Y=-38.209
18.05 11:33:58 Moving is finished
18.05 11:35:35 Scanning 326 point from 418
18.05 11:35:35 Going to coordinates X=-28.631, Y=-38.209
18.05 11:35:35 Moving is finished
18.05 11:37:12 Scanning 327 point from 418
18.05 11:37:12 Going to coordinates X=-28.601, Y=-38.209
18.05 11:37:12 Moving is finished
18.05 11:38:48 Scanning 328 point from 418
18.05 11:38:48 Going to coordinates X=-28.571, Y=-38.209
18.05 11:38:48 Moving is finished
18.05 11:40:25 Scanning 329 point from 418
18.05 11:40:25 Going to coordinates X=-28.541, Y=-38.209
18.05 11:40:25 Moving is finished
18.05 11:42:02 Scanning 330 point from 418
18.05 11:42:02 Going to coordinates X=-29.171, Y=-38.179
18.05 11:42:02 Moving is finished
18.05 11:43:39 Scanning 331 point from 418
18.05 11:43:39 Going to coordinates X=-29.141, Y=-38.179
18.05 11:43:39 Moving is finished
18.05 11:45:15 Scanning 332 point from 418
18.05 11:45:15 Going to coordinates X=-29.111, Y=-38.179
18.05 11:45:16 Moving is finished
18.05 11:46:52 Scanning 333 point from 418
18.05 11:46:52 Going to coordinates X=-29.081, Y=-38.179
18.05 11:46:52 Moving is finished
18.05 11:48:29 Scanning 334 point from 418
18.05 11:48:29 Going to coordinates X=-29.051, Y=-38.179
18.05 11:48:29 Moving is finished
18.05 11:50:05 Scanning 335 point from 418
18.05 11:50:05 Going to coordinates X=-29.021, Y=-38.179
18.05 11:50:05 Moving is finished
18.05 11:51:42 Scanning 336 point from 418
18.05 11:51:42 Going to coordinates X=-28.991, Y=-38.179
18.05 11:51:42 Moving is finished
18.05 11:53:18 Scanning 337 point from 418
18.05 11:53:18 Going to coordinates X=-28.961, Y=-38.179
18.05 11:53:19 Moving is finished
18.05 11:54:55 Scanning 338 point from 418
18.05 11:54:55 Going to coordinates X=-28.931, Y=-38.179
18.05 11:54:55 Moving is finished
18.05 11:56:32 Scanning 339 point from 418
18.05 11:56:32 Going to coordinates X=-28.901, Y=-38.179
18.05 11:56:32 Moving is finished
18.05 11:58:08 Scanning 340 point from 418
18.05 11:58:08 Going to coordinates X=-28.871, Y=-38.179
18.05 11:58:09 Moving is finished
18.05 11:59:45 Scanning 341 point from 418
18.05 11:59:45 Going to coordinates X=-28.841, Y=-38.179
18.05 11:59:46 Moving is finished
18.05 12:01:22 Scanning 342 point from 418
18.05 12:01:22 Going to coordinates X=-28.811, Y=-38.179
18.05 12:01:22 Moving is finished
18.05 12:02:59 Scanning 343 point from 418
18.05 12:02:59 Going to coordinates X=-28.781, Y=-38.179
18.05 12:02:59 Moving is finished
18.05 12:04:35 Scanning 344 point from 418
18.05 12:04:35 Going to coordinates X=-28.751, Y=-38.179
18.05 12:04:36 Moving is finished
18.05 12:06:13 Scanning 345 point from 418
18.05 12:06:13 Going to coordinates X=-28.721, Y=-38.179
18.05 12:06:13 Moving is finished
18.05 12:07:50 Scanning 346 point from 418
18.05 12:07:50 Going to coordinates X=-28.691, Y=-38.179
18.05 12:07:50 Moving is finished
18.05 12:09:27 Scanning 347 point from 418
18.05 12:09:27 Going to coordinates X=-28.661, Y=-38.179
18.05 12:09:27 Moving is finished
18.05 12:11:04 Scanning 348 point from 418
18.05 12:11:04 Going to coordinates X=-28.631, Y=-38.179
18.05 12:11:04 Moving is finished
18.05 12:12:41 Scanning 349 point from 418
18.05 12:12:41 Going to coordinates X=-28.601, Y=-38.179
18.05 12:12:41 Moving is finished
18.05 12:14:17 Scanning 350 point from 418
18.05 12:14:17 Going to coordinates X=-28.571, Y=-38.179
18.05 12:14:18 Moving is finished
18.05 12:15:54 Scanning 351 point from 418
18.05 12:15:54 Going to coordinates X=-28.541, Y=-38.179
18.05 12:15:54 Moving is finished
18.05 12:17:31 Scanning 352 point from 418
18.05 12:17:31 Going to coordinates X=-29.171, Y=-38.149
18.05 12:17:31 Moving is finished
18.05 12:19:08 Scanning 353 point from 418
18.05 12:19:08 Going to coordinates X=-29.141, Y=-38.149
18.05 12:19:08 Moving is finished
18.05 12:20:45 Scanning 354 point from 418
18.05 12:20:45 Going to coordinates X=-29.111, Y=-38.149
18.05 12:20:45 Moving is finished
18.05 12:22:21 Scanning 355 point from 418
18.05 12:22:21 Going to coordinates X=-29.081, Y=-38.149
18.05 12:22:21 Moving is finished
18.05 12:23:58 Scanning 356 point from 418
18.05 12:23:58 Going to coordinates X=-29.051, Y=-38.149
18.05 12:23:58 Moving is finished
18.05 12:25:35 Scanning 357 point from 418
18.05 12:25:35 Going to coordinates X=-29.021, Y=-38.149
18.05 12:25:35 Moving is finished
18.05 12:27:11 Scanning 358 point from 418
18.05 12:27:11 Going to coordinates X=-28.991, Y=-38.149
18.05 12:27:12 Moving is finished
18.05 12:28:49 Scanning 359 point from 418
18.05 12:28:49 Going to coordinates X=-28.961, Y=-38.149
18.05 12:28:49 Moving is finished
18.05 12:30:26 Scanning 360 point from 418
18.05 12:30:26 Going to coordinates X=-28.931, Y=-38.149
18.05 12:30:26 Moving is finished
18.05 12:32:02 Scanning 361 point from 418
18.05 12:32:02 Going to coordinates X=-28.901, Y=-38.149
18.05 12:32:02 Moving is finished
18.05 12:33:39 Scanning 362 point from 418
18.05 12:33:39 Going to coordinates X=-28.871, Y=-38.149
18.05 12:33:39 Moving is finished
18.05 12:35:16 Scanning 363 point from 418
18.05 12:35:16 Going to coordinates X=-28.841, Y=-38.149
18.05 12:35:16 Moving is finished
18.05 12:36:52 Scanning 364 point from 418
18.05 12:36:52 Going to coordinates X=-28.811, Y=-38.149
18.05 12:36:53 Moving is finished
18.05 12:38:29 Scanning 365 point from 418
18.05 12:38:29 Going to coordinates X=-28.781, Y=-38.149
18.05 12:38:29 Moving is finished
18.05 12:40:06 Scanning 366 point from 418
18.05 12:40:06 Going to coordinates X=-28.751, Y=-38.149
18.05 12:40:06 Moving is finished
18.05 12:41:43 Scanning 367 point from 418
18.05 12:41:43 Going to coordinates X=-28.721, Y=-38.149
18.05 12:41:43 Moving is finished
18.05 12:43:19 Scanning 368 point from 418
18.05 12:43:19 Going to coordinates X=-28.691, Y=-38.149
18.05 12:43:19 Moving is finished
18.05 12:44:57 Scanning 369 point from 418
18.05 12:44:57 Going to coordinates X=-28.661, Y=-38.149
18.05 12:44:57 Moving is finished
18.05 12:46:33 Scanning 370 point from 418
18.05 12:46:33 Going to coordinates X=-28.631, Y=-38.149
18.05 12:46:34 Moving is finished
18.05 12:48:10 Scanning 371 point from 418
18.05 12:48:10 Going to coordinates X=-28.601, Y=-38.149
18.05 12:48:11 Moving is finished
18.05 12:49:47 Scanning 372 point from 418
18.05 12:49:47 Going to coordinates X=-28.571, Y=-38.149
18.05 12:49:47 Moving is finished
18.05 12:51:24 Scanning 373 point from 418
18.05 12:51:24 Going to coordinates X=-28.541, Y=-38.149
18.05 12:51:24 Moving is finished
18.05 12:53:00 Scanning 374 point from 418
18.05 12:53:00 Going to coordinates X=-29.171, Y=-38.119
18.05 12:53:01 Moving is finished
18.05 12:54:37 Scanning 375 point from 418
18.05 12:54:37 Going to coordinates X=-29.141, Y=-38.119
18.05 12:54:37 Moving is finished
18.05 12:56:14 Scanning 376 point from 418
18.05 12:56:14 Going to coordinates X=-29.111, Y=-38.119
18.05 12:56:14 Moving is finished
18.05 12:57:51 Scanning 377 point from 418
18.05 12:57:51 Going to coordinates X=-29.081, Y=-38.119
18.05 12:57:51 Moving is finished
18.05 12:59:28 Scanning 378 point from 418
18.05 12:59:28 Going to coordinates X=-29.051, Y=-38.119
18.05 12:59:28 Moving is finished
18.05 13:01:04 Scanning 379 point from 418
18.05 13:01:04 Going to coordinates X=-29.021, Y=-38.119
18.05 13:01:04 Moving is finished
18.05 13:02:41 Scanning 380 point from 418
18.05 13:02:41 Going to coordinates X=-28.991, Y=-38.119
18.05 13:02:41 Moving is finished
18.05 13:04:18 Scanning 381 point from 418
18.05 13:04:18 Going to coordinates X=-28.961, Y=-38.119
18.05 13:04:18 Moving is finished
18.05 13:05:54 Scanning 382 point from 418
18.05 13:05:54 Going to coordinates X=-28.931, Y=-38.119
18.05 13:05:54 Moving is finished
18.05 13:07:31 Scanning 383 point from 418
18.05 13:07:31 Going to coordinates X=-28.901, Y=-38.119
18.05 13:07:31 Moving is finished
18.05 13:09:08 Scanning 384 point from 418
18.05 13:09:08 Going to coordinates X=-28.871, Y=-38.119
18.05 13:09:08 Moving is finished
18.05 13:10:45 Scanning 385 point from 418
18.05 13:10:45 Going to coordinates X=-28.841, Y=-38.119
18.05 13:10:45 Moving is finished
18.05 13:12:21 Scanning 386 point from 418
18.05 13:12:21 Going to coordinates X=-28.811, Y=-38.119
18.05 13:12:21 Moving is finished
18.05 13:13:58 Scanning 387 point from 418
18.05 13:13:58 Going to coordinates X=-28.781, Y=-38.119
18.05 13:13:58 Moving is finished
18.05 13:15:34 Scanning 388 point from 418
18.05 13:15:34 Going to coordinates X=-28.751, Y=-38.119
18.05 13:15:34 Moving is finished
18.05 13:17:11 Scanning 389 point from 418
18.05 13:17:11 Going to coordinates X=-28.721, Y=-38.119
18.05 13:17:11 Moving is finished
18.05 13:18:47 Scanning 390 point from 418
18.05 13:18:47 Going to coordinates X=-28.691, Y=-38.119
18.05 13:18:48 Moving is finished
18.05 13:20:24 Scanning 391 point from 418
18.05 13:20:24 Going to coordinates X=-28.661, Y=-38.119
18.05 13:20:25 Moving is finished
18.05 13:22:01 Scanning 392 point from 418
18.05 13:22:01 Going to coordinates X=-28.631, Y=-38.119
18.05 13:22:01 Moving is finished
18.05 13:23:38 Scanning 393 point from 418
18.05 13:23:38 Going to coordinates X=-28.601, Y=-38.119
18.05 13:23:38 Moving is finished
18.05 13:25:15 Scanning 394 point from 418
18.05 13:25:15 Going to coordinates X=-28.571, Y=-38.119
18.05 13:25:15 Moving is finished
18.05 13:26:51 Scanning 395 point from 418
18.05 13:26:51 Going to coordinates X=-28.541, Y=-38.119
18.05 13:26:51 Moving is finished
18.05 13:28:28 Scanning 396 point from 418
18.05 13:28:28 Going to coordinates X=-29.171, Y=-38.089
18.05 13:28:29 Moving is finished
18.05 13:30:05 Scanning 397 point from 418
18.05 13:30:05 Going to coordinates X=-29.141, Y=-38.089
18.05 13:30:05 Moving is finished
18.05 13:31:42 Scanning 398 point from 418
18.05 13:31:42 Going to coordinates X=-29.111, Y=-38.089
18.05 13:31:42 Moving is finished
18.05 13:33:19 Scanning 399 point from 418
18.05 13:33:19 Going to coordinates X=-29.081, Y=-38.089
18.05 13:33:19 Moving is finished
18.05 13:34:56 Scanning 400 point from 418
18.05 13:34:56 Going to coordinates X=-29.051, Y=-38.089
18.05 13:34:56 Moving is finished
18.05 13:36:33 Scanning 401 point from 418
18.05 13:36:33 Going to coordinates X=-29.021, Y=-38.089
18.05 13:36:33 Moving is finished
18.05 13:38:09 Scanning 402 point from 418
18.05 13:38:09 Going to coordinates X=-28.991, Y=-38.089
18.05 13:38:10 Moving is finished
18.05 13:39:46 Scanning 403 point from 418
18.05 13:39:46 Going to coordinates X=-28.961, Y=-38.089
18.05 13:39:46 Moving is finished
18.05 13:41:23 Scanning 404 point from 418
18.05 13:41:23 Going to coordinates X=-28.931, Y=-38.089
18.05 13:41:23 Moving is finished
18.05 13:42:59 Scanning 405 point from 418
18.05 13:42:59 Going to coordinates X=-28.901, Y=-38.089
18.05 13:42:59 Moving is finished
18.05 13:44:36 Scanning 406 point from 418
18.05 13:44:36 Going to coordinates X=-28.871, Y=-38.089
18.05 13:44:36 Moving is finished
18.05 13:46:13 Scanning 407 point from 418
18.05 13:46:13 Going to coordinates X=-28.841, Y=-38.089
18.05 13:46:13 Moving is finished
18.05 13:47:49 Scanning 408 point from 418
18.05 13:47:49 Going to coordinates X=-28.811, Y=-38.089
18.05 13:47:50 Moving is finished
18.05 13:49:26 Scanning 409 point from 418
18.05 13:49:26 Going to coordinates X=-28.781, Y=-38.089
18.05 13:49:26 Moving is finished
18.05 13:51:03 Scanning 410 point from 418
18.05 13:51:03 Going to coordinates X=-28.751, Y=-38.089
18.05 13:51:03 Moving is finished
18.05 13:52:39 Scanning 411 point from 418
18.05 13:52:39 Going to coordinates X=-28.721, Y=-38.089
18.05 13:52:39 Moving is finished
18.05 13:54:17 Scanning 412 point from 418
18.05 13:54:17 Going to coordinates X=-28.691, Y=-38.089
18.05 13:54:17 Moving is finished
18.05 13:55:53 Scanning 413 point from 418
18.05 13:55:53 Going to coordinates X=-28.661, Y=-38.089
18.05 13:55:53 Moving is finished
18.05 13:57:30 Scanning 414 point from 418
18.05 13:57:30 Going to coordinates X=-28.631, Y=-38.089
18.05 13:57:30 Moving is finished
18.05 13:59:07 Scanning 415 point from 418
18.05 13:59:07 Going to coordinates X=-28.601, Y=-38.089
18.05 13:59:07 Moving is finished
18.05 14:00:43 Scanning 416 point from 418
18.05 14:00:43 Going to coordinates X=-28.571, Y=-38.089
18.05 14:00:44 Moving is finished
18.05 14:02:20 Scanning 417 point from 418
18.05 14:02:20 Going to coordinates X=-28.541, Y=-38.089
18.05 14:02:20 Moving is finished
18.05 18:29:34 Row 0: 18.05 18:29:34 Map: x1: -28.0, y1: -38.0, x2: -27.156, y2: -38.701, xres: 0.050, yres: 0.050, fname: NH2HFP2
18.05 18:29:34 Scanning 0 point from 288
18.05 18:29:34 Going to coordinates X=-28.000, Y=-38.701
18.05 18:29:35 Moving is finished
18.05 18:29:59 (-2147467259, 'Nespecifikovan chyba', (None, None, None, 0, None))
18.05 18:29:59 Scanning 1 point from 288
18.05 18:29:59 Going to coordinates X=-27.950, Y=-38.701
18.05 18:29:59 Moving is finished
18.05 18:30:01 Stopped!
