26.02 14:42:21 Initializing grbl...
26.02 14:42:21 Got the response: b''
26.02 14:45:13 Focused at  1
26.02 14:45:17 Row 0: 26.02 14:45:17 Map: x1: -13.043, y1: -39.815, x2: -14.389, y2: -38.133, xres: 0.100, yres: 0.100, fname: Sach-0.05
26.02 14:45:17 Scanning 0 point from 270
26.02 14:45:17 Going to coordinates X=-14.389, Y=-39.815
26.02 14:45:17 Moving is finished
26.02 14:47:26 Scanning 1 point from 270
26.02 14:47:26 Going to coordinates X=-14.289, Y=-39.815
26.02 14:47:26 Moving is finished
26.02 14:49:35 Scanning 2 point from 270
26.02 14:49:35 Going to coordinates X=-14.189, Y=-39.815
26.02 14:49:35 Moving is finished
26.02 14:51:43 Scanning 3 point from 270
26.02 14:51:43 Going to coordinates X=-14.089, Y=-39.815
26.02 14:51:44 Moving is finished
26.02 14:53:52 Scanning 4 point from 270
26.02 14:53:52 Going to coordinates X=-13.989, Y=-39.815
26.02 14:53:52 Moving is finished
26.02 14:56:01 Scanning 5 point from 270
26.02 14:56:01 Going to coordinates X=-13.889, Y=-39.815
26.02 14:56:01 Moving is finished
26.02 14:58:09 Scanning 6 point from 270
26.02 14:58:09 Going to coordinates X=-13.789, Y=-39.815
26.02 14:58:09 Moving is finished
26.02 15:00:17 Scanning 7 point from 270
26.02 15:00:17 Going to coordinates X=-13.689, Y=-39.815
26.02 15:00:18 Moving is finished
26.02 15:02:26 Scanning 8 point from 270
26.02 15:02:26 Going to coordinates X=-13.589, Y=-39.815
26.02 15:02:26 Moving is finished
26.02 15:04:34 Scanning 9 point from 270
26.02 15:04:34 Going to coordinates X=-13.489, Y=-39.815
26.02 15:04:35 Moving is finished
26.02 15:06:43 Scanning 10 point from 270
26.02 15:06:43 Going to coordinates X=-13.389, Y=-39.815
26.02 15:06:43 Moving is finished
26.02 15:08:51 Scanning 11 point from 270
26.02 15:08:51 Going to coordinates X=-13.289, Y=-39.815
26.02 15:08:51 Moving is finished
26.02 15:10:59 Scanning 12 point from 270
26.02 15:10:59 Going to coordinates X=-13.189, Y=-39.815
26.02 15:11:00 Moving is finished
26.02 15:13:08 Scanning 13 point from 270
26.02 15:13:08 Going to coordinates X=-13.089, Y=-39.815
26.02 15:13:08 Moving is finished
26.02 15:15:16 Scanning 14 point from 270
26.02 15:15:16 Going to coordinates X=-12.989, Y=-39.815
26.02 15:15:16 Moving is finished
26.02 15:17:25 Scanning 15 point from 270
26.02 15:17:25 Going to coordinates X=-14.389, Y=-39.715
26.02 15:17:25 Moving is finished
26.02 15:19:34 Scanning 16 point from 270
26.02 15:19:34 Going to coordinates X=-14.289, Y=-39.715
26.02 15:19:34 Moving is finished
26.02 15:21:42 Scanning 17 point from 270
26.02 15:21:42 Going to coordinates X=-14.189, Y=-39.715
26.02 15:21:42 Moving is finished
26.02 15:23:51 Scanning 18 point from 270
26.02 15:23:51 Going to coordinates X=-14.089, Y=-39.715
26.02 15:23:51 Moving is finished
26.02 15:25:59 Scanning 19 point from 270
26.02 15:25:59 Going to coordinates X=-13.989, Y=-39.715
26.02 15:25:59 Moving is finished
26.02 15:28:08 Scanning 20 point from 270
26.02 15:28:08 Going to coordinates X=-13.889, Y=-39.715
26.02 15:28:08 Moving is finished
26.02 15:30:16 Scanning 21 point from 270
26.02 15:30:16 Going to coordinates X=-13.789, Y=-39.715
26.02 15:30:16 Moving is finished
26.02 15:32:24 Scanning 22 point from 270
26.02 15:32:24 Going to coordinates X=-13.689, Y=-39.715
26.02 15:32:25 Moving is finished
26.02 15:34:33 Scanning 23 point from 270
26.02 15:34:33 Going to coordinates X=-13.589, Y=-39.715
26.02 15:34:33 Moving is finished
26.02 15:36:41 Scanning 24 point from 270
26.02 15:36:41 Going to coordinates X=-13.489, Y=-39.715
26.02 15:36:42 Moving is finished
26.02 15:38:50 Scanning 25 point from 270
26.02 15:38:50 Going to coordinates X=-13.389, Y=-39.715
26.02 15:38:50 Moving is finished
26.02 15:40:59 Scanning 26 point from 270
26.02 15:40:59 Going to coordinates X=-13.289, Y=-39.715
26.02 15:40:59 Moving is finished
26.02 15:43:07 Scanning 27 point from 270
26.02 15:43:07 Going to coordinates X=-13.189, Y=-39.715
26.02 15:43:08 Moving is finished
26.02 15:45:16 Scanning 28 point from 270
26.02 15:45:16 Going to coordinates X=-13.089, Y=-39.715
26.02 15:45:16 Moving is finished
26.02 15:47:24 Scanning 29 point from 270
26.02 15:47:24 Going to coordinates X=-12.989, Y=-39.715
26.02 15:47:25 Moving is finished
26.02 15:49:33 Scanning 30 point from 270
26.02 15:49:33 Going to coordinates X=-14.389, Y=-39.615
26.02 15:49:34 Moving is finished
26.02 15:51:42 Scanning 31 point from 270
26.02 15:51:42 Going to coordinates X=-14.289, Y=-39.615
26.02 15:51:43 Moving is finished
26.02 15:53:52 Scanning 32 point from 270
26.02 15:53:52 Going to coordinates X=-14.189, Y=-39.615
26.02 15:53:52 Moving is finished
26.02 15:56:01 Scanning 33 point from 270
26.02 15:56:01 Going to coordinates X=-14.089, Y=-39.615
26.02 15:56:01 Moving is finished
26.02 15:58:09 Scanning 34 point from 270
26.02 15:58:09 Going to coordinates X=-13.989, Y=-39.615
26.02 15:58:09 Moving is finished
26.02 16:00:17 Scanning 35 point from 270
26.02 16:00:17 Going to coordinates X=-13.889, Y=-39.615
26.02 16:00:17 Moving is finished
26.02 16:02:25 Scanning 36 point from 270
26.02 16:02:25 Going to coordinates X=-13.789, Y=-39.615
26.02 16:02:26 Moving is finished
26.02 16:04:34 Scanning 37 point from 270
26.02 16:04:34 Going to coordinates X=-13.689, Y=-39.615
26.02 16:04:34 Moving is finished
26.02 16:06:42 Scanning 38 point from 270
26.02 16:06:42 Going to coordinates X=-13.589, Y=-39.615
26.02 16:06:42 Moving is finished
26.02 16:08:51 Scanning 39 point from 270
26.02 16:08:51 Going to coordinates X=-13.489, Y=-39.615
26.02 16:08:51 Moving is finished
26.02 16:11:00 Scanning 40 point from 270
26.02 16:11:00 Going to coordinates X=-13.389, Y=-39.615
26.02 16:11:00 Moving is finished
26.02 16:13:08 Scanning 41 point from 270
26.02 16:13:08 Going to coordinates X=-13.289, Y=-39.615
26.02 16:13:08 Moving is finished
26.02 16:15:16 Scanning 42 point from 270
26.02 16:15:16 Going to coordinates X=-13.189, Y=-39.615
26.02 16:15:17 Moving is finished
26.02 16:17:25 Scanning 43 point from 270
26.02 16:17:25 Going to coordinates X=-13.089, Y=-39.615
26.02 16:17:25 Moving is finished
26.02 16:19:33 Scanning 44 point from 270
26.02 16:19:33 Going to coordinates X=-12.989, Y=-39.615
26.02 16:19:34 Moving is finished
26.02 16:21:42 Scanning 45 point from 270
26.02 16:21:42 Going to coordinates X=-14.389, Y=-39.515
26.02 16:21:43 Moving is finished
26.02 16:23:51 Scanning 46 point from 270
26.02 16:23:51 Going to coordinates X=-14.289, Y=-39.515
26.02 16:23:51 Moving is finished
26.02 16:25:59 Scanning 47 point from 270
26.02 16:25:59 Going to coordinates X=-14.189, Y=-39.515
26.02 16:25:59 Moving is finished
26.02 16:28:08 Scanning 48 point from 270
26.02 16:28:08 Going to coordinates X=-14.089, Y=-39.515
26.02 16:28:08 Moving is finished
26.02 16:30:17 Scanning 49 point from 270
26.02 16:30:17 Going to coordinates X=-13.989, Y=-39.515
26.02 16:30:17 Moving is finished
26.02 16:32:25 Scanning 50 point from 270
26.02 16:32:25 Going to coordinates X=-13.889, Y=-39.515
26.02 16:32:26 Moving is finished
26.02 16:34:34 Scanning 51 point from 270
26.02 16:34:34 Going to coordinates X=-13.789, Y=-39.515
26.02 16:34:35 Moving is finished
26.02 16:36:43 Scanning 52 point from 270
26.02 16:36:43 Going to coordinates X=-13.689, Y=-39.515
26.02 16:36:43 Moving is finished
26.02 16:38:51 Scanning 53 point from 270
26.02 16:38:51 Going to coordinates X=-13.589, Y=-39.515
26.02 16:38:52 Moving is finished
26.02 16:41:00 Scanning 54 point from 270
26.02 16:41:00 Going to coordinates X=-13.489, Y=-39.515
26.02 16:41:00 Moving is finished
26.02 16:43:08 Scanning 55 point from 270
26.02 16:43:08 Going to coordinates X=-13.389, Y=-39.515
26.02 16:43:09 Moving is finished
26.02 16:45:10 Stopped!
