03.03 11:44:43 Initializing grbl...
03.03 11:44:43 Got the response: b''
03.03 11:56:15 Can't send the command to GRBL
03.03 11:56:15 Write timeout03.03 11:56:15 Write timeout
03.03 11:58:50 Row 0: 03.03 11:58:50 Map: x1: -19.827, y1: -37.272, x2: -18.212, y2: -38.215, xres: 0.100, yres: 0.100, fname: MesAu-ZnAla (vapor)
03.03 11:58:50 Scanning 0 point from 198
03.03 11:58:50 Going to coordinates X=-19.827, Y=-38.215
03.03 11:58:51 Moving is finished
03.03 12:00:35 Scanning 1 point from 198
03.03 12:01:25 Going to coordinates X=-19.727, Y=-38.215
03.03 12:02:25 Moving is finished
03.03 12:04:10 Scanning 2 point from 198
03.03 12:05:00 Going to coordinates X=-19.627, Y=-38.215
03.03 12:06:00 Moving is finished
03.03 12:07:45 Scanning 3 point from 198
03.03 12:08:35 Going to coordinates X=-19.527, Y=-38.215
03.03 12:09:35 Moving is finished
03.03 12:11:20 Scanning 4 point from 198
03.03 12:12:10 Going to coordinates X=-19.427, Y=-38.215
03.03 12:13:10 Moving is finished
03.03 12:14:54 Scanning 5 point from 198
03.03 12:15:44 Going to coordinates X=-19.327, Y=-38.215
03.03 12:16:44 Moving is finished
03.03 12:18:29 Scanning 6 point from 198
03.03 12:19:19 Going to coordinates X=-19.227, Y=-38.215
03.03 12:20:19 Moving is finished
03.03 12:22:04 Scanning 7 point from 198
03.03 12:22:54 Going to coordinates X=-19.127, Y=-38.215
03.03 12:23:54 Moving is finished
03.03 12:25:39 Scanning 8 point from 198
03.03 12:26:29 Going to coordinates X=-19.027, Y=-38.215
03.03 12:27:29 Moving is finished
03.03 12:29:14 Scanning 9 point from 198
03.03 12:30:04 Going to coordinates X=-18.927, Y=-38.215
03.03 12:31:04 Moving is finished
03.03 12:32:48 Scanning 10 point from 198
03.03 12:33:38 Going to coordinates X=-18.827, Y=-38.215
03.03 12:34:39 Moving is finished
03.03 12:36:23 Scanning 11 point from 198
03.03 12:37:13 Going to coordinates X=-18.727, Y=-38.215
03.03 12:38:13 Moving is finished
03.03 12:39:59 Scanning 12 point from 198
03.03 12:40:49 Going to coordinates X=-18.627, Y=-38.215
03.03 12:41:49 Moving is finished
03.03 12:43:33 Scanning 13 point from 198
03.03 12:44:23 Going to coordinates X=-18.527, Y=-38.215
03.03 12:45:23 Moving is finished
03.03 12:47:08 Scanning 14 point from 198
03.03 12:47:58 Going to coordinates X=-18.427, Y=-38.215
03.03 12:48:58 Moving is finished
03.03 12:50:43 Scanning 15 point from 198
03.03 12:51:33 Going to coordinates X=-18.327, Y=-38.215
03.03 12:52:33 Moving is finished
03.03 12:54:18 Scanning 16 point from 198
03.03 12:55:08 Going to coordinates X=-18.227, Y=-38.215
03.03 12:56:08 Moving is finished
03.03 12:57:52 Scanning 17 point from 198
03.03 12:58:42 Going to coordinates X=-18.127, Y=-38.215
03.03 12:59:42 Moving is finished
03.03 13:01:28 Scanning 18 point from 198
03.03 13:02:18 Going to coordinates X=-19.827, Y=-38.115
03.03 13:03:18 Moving is finished
03.03 13:05:02 Scanning 19 point from 198
03.03 13:05:52 Going to coordinates X=-19.727, Y=-38.115
03.03 13:06:52 Moving is finished
03.03 13:08:37 Scanning 20 point from 198
03.03 13:09:27 Going to coordinates X=-19.627, Y=-38.115
03.03 13:10:27 Moving is finished
03.03 13:12:12 Scanning 21 point from 198
03.03 13:13:02 Going to coordinates X=-19.527, Y=-38.115
03.03 13:14:02 Moving is finished
03.03 13:15:46 Scanning 22 point from 198
03.03 13:16:37 Going to coordinates X=-19.427, Y=-38.115
03.03 13:17:37 Moving is finished
03.03 13:19:21 Scanning 23 point from 198
03.03 13:20:11 Going to coordinates X=-19.327, Y=-38.115
03.03 13:21:11 Moving is finished
03.03 13:22:56 Scanning 24 point from 198
03.03 13:23:46 Going to coordinates X=-19.227, Y=-38.115
03.03 13:24:46 Moving is finished
03.03 13:26:31 Scanning 25 point from 198
03.03 13:27:21 Going to coordinates X=-19.127, Y=-38.115
03.03 13:28:21 Moving is finished
03.03 13:30:05 Scanning 26 point from 198
03.03 13:30:55 Going to coordinates X=-19.027, Y=-38.115
03.03 13:31:56 Moving is finished
03.03 13:33:40 Scanning 27 point from 198
03.03 13:34:30 Going to coordinates X=-18.927, Y=-38.115
03.03 13:35:30 Moving is finished
03.03 13:37:15 Scanning 28 point from 198
03.03 13:38:05 Going to coordinates X=-18.827, Y=-38.115
03.03 13:39:05 Moving is finished
03.03 13:40:50 Scanning 29 point from 198
03.03 13:41:40 Going to coordinates X=-18.727, Y=-38.115
03.03 13:42:40 Moving is finished
03.03 13:44:25 Scanning 30 point from 198
03.03 13:45:15 Going to coordinates X=-18.627, Y=-38.115
03.03 13:46:15 Moving is finished
03.03 13:48:00 Scanning 31 point from 198
03.03 13:48:50 Going to coordinates X=-18.527, Y=-38.115
03.03 13:49:50 Moving is finished
03.03 13:51:35 Scanning 32 point from 198
03.03 13:52:25 Going to coordinates X=-18.427, Y=-38.115
03.03 13:53:25 Moving is finished
03.03 13:55:10 Scanning 33 point from 198
03.03 13:56:00 Going to coordinates X=-18.327, Y=-38.115
03.03 13:57:00 Moving is finished
03.03 13:58:44 Scanning 34 point from 198
03.03 13:59:34 Going to coordinates X=-18.227, Y=-38.115
03.03 14:00:34 Moving is finished
03.03 14:02:19 Scanning 35 point from 198
03.03 14:03:09 Going to coordinates X=-18.127, Y=-38.115
03.03 14:04:09 Moving is finished
03.03 14:05:54 Scanning 36 point from 198
03.03 14:06:44 Going to coordinates X=-19.827, Y=-38.015
03.03 14:07:44 Moving is finished
03.03 14:09:29 Scanning 37 point from 198
03.03 14:10:19 Going to coordinates X=-19.727, Y=-38.015
03.03 14:11:19 Moving is finished
03.03 14:13:03 Scanning 38 point from 198
03.03 14:13:53 Going to coordinates X=-19.627, Y=-38.015
03.03 14:14:54 Moving is finished
03.03 14:16:38 Scanning 39 point from 198
03.03 14:17:28 Going to coordinates X=-19.527, Y=-38.015
03.03 14:18:29 Moving is finished
03.03 14:20:13 Scanning 40 point from 198
03.03 14:21:03 Going to coordinates X=-19.427, Y=-38.015
03.03 14:22:03 Moving is finished
03.03 14:23:48 Scanning 41 point from 198
03.03 14:24:38 Going to coordinates X=-19.327, Y=-38.015
03.03 14:25:38 Moving is finished
03.03 14:27:23 Scanning 42 point from 198
03.03 14:28:13 Going to coordinates X=-19.227, Y=-38.015
03.03 14:29:13 Moving is finished
03.03 14:30:58 Scanning 43 point from 198
03.03 14:31:48 Going to coordinates X=-19.127, Y=-38.015
03.03 14:32:48 Moving is finished
03.03 14:34:33 Scanning 44 point from 198
03.03 14:35:23 Going to coordinates X=-19.027, Y=-38.015
03.03 14:36:23 Moving is finished
03.03 14:38:08 Scanning 45 point from 198
03.03 14:38:58 Going to coordinates X=-18.927, Y=-38.015
03.03 14:39:58 Moving is finished
03.03 14:41:43 Scanning 46 point from 198
03.03 14:42:33 Going to coordinates X=-18.827, Y=-38.015
03.03 14:43:33 Moving is finished
03.03 14:45:18 Scanning 47 point from 198
03.03 14:46:08 Going to coordinates X=-18.727, Y=-38.015
03.03 14:47:08 Moving is finished
03.03 14:48:53 Scanning 48 point from 198
03.03 14:49:43 Going to coordinates X=-18.627, Y=-38.015
03.03 14:50:43 Moving is finished
03.03 14:52:29 Scanning 49 point from 198
03.03 14:53:19 Going to coordinates X=-18.527, Y=-38.015
03.03 14:54:19 Moving is finished
03.03 14:56:04 Scanning 50 point from 198
03.03 14:56:54 Going to coordinates X=-18.427, Y=-38.015
03.03 14:57:54 Moving is finished
03.03 14:59:39 Scanning 51 point from 198
03.03 15:00:29 Going to coordinates X=-18.327, Y=-38.015
03.03 15:01:29 Moving is finished
03.03 15:03:14 Scanning 52 point from 198
03.03 15:04:04 Going to coordinates X=-18.227, Y=-38.015
03.03 15:05:04 Moving is finished
03.03 15:06:49 Scanning 53 point from 198
03.03 15:07:39 Going to coordinates X=-18.127, Y=-38.015
03.03 15:08:39 Moving is finished
03.03 15:10:24 Scanning 54 point from 198
03.03 15:11:14 Going to coordinates X=-19.827, Y=-37.915
03.03 15:12:14 Moving is finished
03.03 15:13:58 Scanning 55 point from 198
03.03 15:14:48 Going to coordinates X=-19.727, Y=-37.915
03.03 15:15:49 Moving is finished
03.03 15:17:33 Scanning 56 point from 198
03.03 15:18:23 Going to coordinates X=-19.627, Y=-37.915
03.03 15:19:23 Moving is finished
03.03 15:21:08 Scanning 57 point from 198
03.03 15:21:58 Going to coordinates X=-19.527, Y=-37.915
03.03 15:22:58 Moving is finished
03.03 15:24:43 Scanning 58 point from 198
03.03 15:25:33 Going to coordinates X=-19.427, Y=-37.915
03.03 15:26:33 Moving is finished
03.03 15:28:18 Scanning 59 point from 198
03.03 15:29:08 Going to coordinates X=-19.327, Y=-37.915
03.03 15:30:08 Moving is finished
03.03 15:31:52 Scanning 60 point from 198
03.03 15:32:42 Going to coordinates X=-19.227, Y=-37.915
03.03 15:33:43 Moving is finished
03.03 15:35:28 Scanning 61 point from 198
03.03 15:36:18 Going to coordinates X=-19.127, Y=-37.915
03.03 15:37:18 Moving is finished
03.03 15:39:03 Scanning 62 point from 198
03.03 15:39:53 Going to coordinates X=-19.027, Y=-37.915
03.03 15:40:53 Moving is finished
03.03 15:42:38 Scanning 63 point from 198
03.03 15:43:28 Going to coordinates X=-18.927, Y=-37.915
03.03 15:44:28 Moving is finished
03.03 15:46:13 Scanning 64 point from 198
03.03 15:47:03 Going to coordinates X=-18.827, Y=-37.915
03.03 15:48:03 Moving is finished
03.03 15:49:48 Scanning 65 point from 198
03.03 15:50:38 Going to coordinates X=-18.727, Y=-37.915
03.03 15:51:39 Moving is finished
03.03 15:53:23 Scanning 66 point from 198
03.03 15:54:13 Going to coordinates X=-18.627, Y=-37.915
03.03 15:55:14 Moving is finished
03.03 15:56:58 Scanning 67 point from 198
03.03 15:57:48 Going to coordinates X=-18.527, Y=-37.915
03.03 15:58:48 Moving is finished
03.03 16:00:33 Scanning 68 point from 198
03.03 16:01:23 Going to coordinates X=-18.427, Y=-37.915
03.03 16:02:23 Moving is finished
03.03 16:04:08 Scanning 69 point from 198
03.03 16:04:58 Going to coordinates X=-18.327, Y=-37.915
03.03 16:05:58 Moving is finished
03.03 16:07:43 Scanning 70 point from 198
03.03 16:08:33 Going to coordinates X=-18.227, Y=-37.915
03.03 16:09:33 Moving is finished
03.03 16:11:19 Scanning 71 point from 198
03.03 16:12:09 Going to coordinates X=-18.127, Y=-37.915
03.03 16:13:09 Moving is finished
03.03 16:14:54 Scanning 72 point from 198
03.03 16:15:44 Going to coordinates X=-19.827, Y=-37.815
03.03 16:16:44 Moving is finished
03.03 16:18:29 Scanning 73 point from 198
03.03 16:19:19 Going to coordinates X=-19.727, Y=-37.815
03.03 16:20:19 Moving is finished
03.03 16:22:04 Scanning 74 point from 198
03.03 16:22:54 Going to coordinates X=-19.627, Y=-37.815
03.03 16:23:54 Moving is finished
03.03 16:25:38 Scanning 75 point from 198
03.03 16:26:28 Going to coordinates X=-19.527, Y=-37.815
03.03 16:27:29 Moving is finished
03.03 16:29:14 Scanning 76 point from 198
03.03 16:30:04 Going to coordinates X=-19.427, Y=-37.815
03.03 16:31:04 Moving is finished
03.03 16:32:49 Scanning 77 point from 198
03.03 16:33:39 Going to coordinates X=-19.327, Y=-37.815
03.03 16:34:39 Moving is finished
03.03 16:36:23 Scanning 78 point from 198
03.03 16:37:13 Going to coordinates X=-19.227, Y=-37.815
03.03 16:38:13 Moving is finished
03.03 16:39:44 Could not find 'EZRaman Reader  V8.2.0 MV' in 'dict_keys([])'
03.03 16:39:49 Could not find 'EZRaman Reader  V8.2.0 MV' in 'dict_keys([])'
03.03 16:39:50 Scanning 79 point from 198
03.03 16:40:40 Going to coordinates X=-19.127, Y=-37.815
03.03 16:41:40 Moving is finished
03.03 16:43:25 Scanning 80 point from 198
03.03 16:44:15 Going to coordinates X=-19.027, Y=-37.815
03.03 16:45:15 Moving is finished
03.03 16:47:01 Scanning 81 point from 198
03.03 16:47:51 Going to coordinates X=-18.927, Y=-37.815
03.03 16:48:51 Moving is finished
03.03 16:50:37 Scanning 82 point from 198
03.03 16:51:27 Going to coordinates X=-18.827, Y=-37.815
03.03 16:52:27 Moving is finished
03.03 16:54:12 Scanning 83 point from 198
03.03 16:55:03 Going to coordinates X=-18.727, Y=-37.815
03.03 16:56:03 Moving is finished
03.03 16:57:47 Scanning 84 point from 198
03.03 16:58:37 Going to coordinates X=-18.627, Y=-37.815
03.03 16:59:37 Moving is finished
03.03 17:01:22 Scanning 85 point from 198
03.03 17:02:12 Going to coordinates X=-18.527, Y=-37.815
03.03 17:03:12 Moving is finished
03.03 17:04:57 Scanning 86 point from 198
03.03 17:05:47 Going to coordinates X=-18.427, Y=-37.815
03.03 17:06:48 Moving is finished
03.03 17:08:33 Scanning 87 point from 198
03.03 17:09:23 Going to coordinates X=-18.327, Y=-37.815
03.03 17:10:23 Moving is finished
03.03 17:12:08 Scanning 88 point from 198
03.03 17:12:58 Going to coordinates X=-18.227, Y=-37.815
03.03 17:13:59 Moving is finished
03.03 17:15:43 Scanning 89 point from 198
03.03 17:16:33 Going to coordinates X=-18.127, Y=-37.815
03.03 17:17:33 Moving is finished
03.03 17:19:18 Scanning 90 point from 198
03.03 17:20:08 Going to coordinates X=-19.827, Y=-37.715
03.03 17:21:09 Moving is finished
03.03 17:22:54 Scanning 91 point from 198
03.03 17:23:44 Going to coordinates X=-19.727, Y=-37.715
03.03 17:24:44 Moving is finished
03.03 17:26:29 Scanning 92 point from 198
03.03 17:27:19 Going to coordinates X=-19.627, Y=-37.715
03.03 17:28:20 Moving is finished
03.03 17:30:05 Scanning 93 point from 198
03.03 17:30:55 Going to coordinates X=-19.527, Y=-37.715
03.03 17:31:55 Moving is finished
03.03 17:33:40 Scanning 94 point from 198
03.03 17:34:30 Going to coordinates X=-19.427, Y=-37.715
03.03 17:35:31 Moving is finished
03.03 17:37:16 Scanning 95 point from 198
03.03 17:38:06 Going to coordinates X=-19.327, Y=-37.715
03.03 17:39:06 Moving is finished
03.03 17:40:51 Scanning 96 point from 198
03.03 17:41:41 Going to coordinates X=-19.227, Y=-37.715
03.03 17:42:41 Moving is finished
03.03 17:44:26 Scanning 97 point from 198
03.03 17:45:16 Going to coordinates X=-19.127, Y=-37.715
03.03 17:46:16 Moving is finished
03.03 17:48:01 Scanning 98 point from 198
03.03 17:48:52 Going to coordinates X=-19.027, Y=-37.715
03.03 17:49:52 Moving is finished
03.03 17:51:37 Scanning 99 point from 198
03.03 17:52:27 Going to coordinates X=-18.927, Y=-37.715
03.03 17:53:27 Moving is finished
03.03 17:55:12 Scanning 100 point from 198
03.03 17:56:02 Going to coordinates X=-18.827, Y=-37.715
03.03 17:57:02 Moving is finished
03.03 17:58:47 Scanning 101 point from 198
03.03 17:59:37 Going to coordinates X=-18.727, Y=-37.715
03.03 18:00:37 Moving is finished
03.03 18:02:23 Scanning 102 point from 198
03.03 18:03:13 Going to coordinates X=-18.627, Y=-37.715
03.03 18:04:13 Moving is finished
03.03 18:05:58 Scanning 103 point from 198
03.03 18:06:48 Going to coordinates X=-18.527, Y=-37.715
03.03 18:07:48 Moving is finished
03.03 18:09:33 Scanning 104 point from 198
03.03 18:10:23 Going to coordinates X=-18.427, Y=-37.715
03.03 18:11:23 Moving is finished
03.03 18:13:08 Scanning 105 point from 198
03.03 18:13:58 Going to coordinates X=-18.327, Y=-37.715
03.03 18:14:59 Moving is finished
03.03 18:16:43 Scanning 106 point from 198
03.03 18:17:33 Going to coordinates X=-18.227, Y=-37.715
03.03 18:18:33 Moving is finished
03.03 18:20:18 Scanning 107 point from 198
03.03 18:21:08 Going to coordinates X=-18.127, Y=-37.715
03.03 18:22:08 Moving is finished
03.03 18:23:53 Scanning 108 point from 198
03.03 18:24:43 Going to coordinates X=-19.827, Y=-37.615
03.03 18:25:43 Moving is finished
03.03 18:27:29 Scanning 109 point from 198
03.03 18:28:19 Going to coordinates X=-19.727, Y=-37.615
03.03 18:29:19 Moving is finished
03.03 18:31:03 Scanning 110 point from 198
03.03 18:31:53 Going to coordinates X=-19.627, Y=-37.615
03.03 18:32:53 Moving is finished
03.03 18:34:38 Scanning 111 point from 198
03.03 18:35:28 Going to coordinates X=-19.527, Y=-37.615
03.03 18:36:28 Moving is finished
03.03 18:38:13 Scanning 112 point from 198
03.03 18:39:03 Going to coordinates X=-19.427, Y=-37.615
03.03 18:40:03 Moving is finished
03.03 18:41:49 Scanning 113 point from 198
03.03 18:42:39 Going to coordinates X=-19.327, Y=-37.615
03.03 18:43:39 Moving is finished
03.03 18:45:24 Scanning 114 point from 198
03.03 18:46:14 Going to coordinates X=-19.227, Y=-37.615
03.03 18:47:14 Moving is finished
03.03 18:49:00 Scanning 115 point from 198
03.03 18:49:50 Going to coordinates X=-19.127, Y=-37.615
03.03 18:50:50 Moving is finished
03.03 18:52:35 Scanning 116 point from 198
03.03 18:53:25 Going to coordinates X=-19.027, Y=-37.615
03.03 18:54:25 Moving is finished
03.03 18:56:09 Scanning 117 point from 198
03.03 18:56:59 Going to coordinates X=-18.927, Y=-37.615
03.03 18:58:00 Moving is finished
03.03 18:59:45 Scanning 118 point from 198
03.03 19:00:35 Going to coordinates X=-18.827, Y=-37.615
03.03 19:01:35 Moving is finished
03.03 19:02:35 Stopped!
