03.12 14:43:17 Initializing grbl...
03.12 14:43:17 Got the response: b''
03.12 14:44:43 Row 0: 03.12 14:44:43 Map: x1: -13.716, y1: -37.61, x2: -14.788, y2: -36.051, xres: 0.050, yres: 0.100, fname: Mart-Sol2-A-att2
03.12 14:44:43 Scanning 0 point from 391
03.12 14:44:43 Going to coordinates X=-14.788, Y=-37.610
03.12 14:44:44 Moving is finished
03.12 14:46:21 Scanning 1 point from 391
03.12 14:46:21 Going to coordinates X=-14.738, Y=-37.610
03.12 14:46:21 Moving is finished
03.12 14:47:59 Scanning 2 point from 391
03.12 14:47:59 Going to coordinates X=-14.688, Y=-37.610
03.12 14:47:59 Moving is finished
03.12 14:49:36 Scanning 3 point from 391
03.12 14:49:36 Going to coordinates X=-14.638, Y=-37.610
03.12 14:49:36 Moving is finished
03.12 14:51:13 Scanning 4 point from 391
03.12 14:51:13 Going to coordinates X=-14.588, Y=-37.610
03.12 14:51:13 Moving is finished
03.12 14:52:50 Scanning 5 point from 391
03.12 14:52:50 Going to coordinates X=-14.538, Y=-37.610
03.12 14:52:51 Moving is finished
03.12 14:54:27 Scanning 6 point from 391
03.12 14:54:27 Going to coordinates X=-14.488, Y=-37.610
03.12 14:54:28 Moving is finished
03.12 14:56:04 Scanning 7 point from 391
03.12 14:56:04 Going to coordinates X=-14.438, Y=-37.610
03.12 14:56:05 Moving is finished
03.12 14:57:41 Scanning 8 point from 391
03.12 14:57:41 Going to coordinates X=-14.388, Y=-37.610
03.12 14:57:42 Moving is finished
03.12 14:59:19 Scanning 9 point from 391
03.12 14:59:19 Going to coordinates X=-14.338, Y=-37.610
03.12 14:59:19 Moving is finished
03.12 15:00:57 Scanning 10 point from 391
03.12 15:00:57 Going to coordinates X=-14.288, Y=-37.610
03.12 15:00:57 Moving is finished
03.12 15:02:34 Scanning 11 point from 391
03.12 15:02:34 Going to coordinates X=-14.238, Y=-37.610
03.12 15:02:35 Moving is finished
03.12 15:04:11 Scanning 12 point from 391
03.12 15:04:11 Going to coordinates X=-14.188, Y=-37.610
03.12 15:04:12 Moving is finished
03.12 15:05:49 Scanning 13 point from 391
03.12 15:05:49 Going to coordinates X=-14.138, Y=-37.610
03.12 15:05:49 Moving is finished
03.12 15:07:27 Scanning 14 point from 391
03.12 15:07:27 Going to coordinates X=-14.088, Y=-37.610
03.12 15:07:27 Moving is finished
03.12 15:09:04 Scanning 15 point from 391
03.12 15:09:04 Going to coordinates X=-14.038, Y=-37.610
03.12 15:09:04 Moving is finished
03.12 15:10:41 Scanning 16 point from 391
03.12 15:10:41 Going to coordinates X=-13.988, Y=-37.610
03.12 15:10:42 Moving is finished
03.12 15:12:19 Scanning 17 point from 391
03.12 15:12:19 Going to coordinates X=-13.938, Y=-37.610
03.12 15:12:19 Moving is finished
03.12 15:13:56 Scanning 18 point from 391
03.12 15:13:56 Going to coordinates X=-13.888, Y=-37.610
03.12 15:13:56 Moving is finished
03.12 15:15:33 Scanning 19 point from 391
03.12 15:15:33 Going to coordinates X=-13.838, Y=-37.610
03.12 15:15:33 Moving is finished
03.12 15:17:10 Scanning 20 point from 391
03.12 15:17:10 Going to coordinates X=-13.788, Y=-37.610
03.12 15:17:10 Moving is finished
03.12 15:18:47 Scanning 21 point from 391
03.12 15:18:47 Going to coordinates X=-13.738, Y=-37.610
03.12 15:18:47 Moving is finished
03.12 15:20:25 Scanning 22 point from 391
03.12 15:20:25 Going to coordinates X=-13.688, Y=-37.610
03.12 15:20:25 Moving is finished
03.12 15:22:02 Scanning 23 point from 391
03.12 15:22:02 Going to coordinates X=-14.788, Y=-37.510
03.12 15:22:03 Moving is finished
03.12 15:23:40 Scanning 24 point from 391
03.12 15:23:40 Going to coordinates X=-14.738, Y=-37.510
03.12 15:23:40 Moving is finished
03.12 15:25:17 Scanning 25 point from 391
03.12 15:25:17 Going to coordinates X=-14.688, Y=-37.510
03.12 15:25:18 Moving is finished
03.12 15:26:55 Scanning 26 point from 391
03.12 15:26:55 Going to coordinates X=-14.638, Y=-37.510
03.12 15:26:56 Moving is finished
03.12 15:28:33 Scanning 27 point from 391
03.12 15:28:33 Going to coordinates X=-14.588, Y=-37.510
03.12 15:28:33 Moving is finished
03.12 15:30:11 Scanning 28 point from 391
03.12 15:30:11 Going to coordinates X=-14.538, Y=-37.510
03.12 15:30:11 Moving is finished
03.12 15:31:48 Scanning 29 point from 391
03.12 15:31:48 Going to coordinates X=-14.488, Y=-37.510
03.12 15:31:48 Moving is finished
03.12 15:33:25 Scanning 30 point from 391
03.12 15:33:25 Going to coordinates X=-14.438, Y=-37.510
03.12 15:33:25 Moving is finished
03.12 15:35:02 Scanning 31 point from 391
03.12 15:35:02 Going to coordinates X=-14.388, Y=-37.510
03.12 15:35:02 Moving is finished
03.12 15:36:39 Scanning 32 point from 391
03.12 15:36:39 Going to coordinates X=-14.338, Y=-37.510
03.12 15:36:40 Moving is finished
03.12 15:38:17 Scanning 33 point from 391
03.12 15:38:17 Going to coordinates X=-14.288, Y=-37.510
03.12 15:38:17 Moving is finished
03.12 15:39:55 Scanning 34 point from 391
03.12 15:39:55 Going to coordinates X=-14.238, Y=-37.510
03.12 15:39:55 Moving is finished
03.12 15:41:32 Scanning 35 point from 391
03.12 15:41:32 Going to coordinates X=-14.188, Y=-37.510
03.12 15:41:32 Moving is finished
03.12 15:43:09 Scanning 36 point from 391
03.12 15:43:09 Going to coordinates X=-14.138, Y=-37.510
03.12 15:43:09 Moving is finished
03.12 15:44:47 Scanning 37 point from 391
03.12 15:44:47 Going to coordinates X=-14.088, Y=-37.510
03.12 15:44:47 Moving is finished
03.12 15:46:24 Scanning 38 point from 391
03.12 15:46:24 Going to coordinates X=-14.038, Y=-37.510
03.12 15:46:24 Moving is finished
03.12 15:48:02 Scanning 39 point from 391
03.12 15:48:02 Going to coordinates X=-13.988, Y=-37.510
03.12 15:48:02 Moving is finished
03.12 15:49:39 Scanning 40 point from 391
03.12 15:49:39 Going to coordinates X=-13.938, Y=-37.510
03.12 15:49:39 Moving is finished
03.12 15:51:17 Scanning 41 point from 391
03.12 15:51:17 Going to coordinates X=-13.888, Y=-37.510
03.12 15:51:17 Moving is finished
03.12 15:52:55 Scanning 42 point from 391
03.12 15:52:55 Going to coordinates X=-13.838, Y=-37.510
03.12 15:52:55 Moving is finished
03.12 15:54:32 Scanning 43 point from 391
03.12 15:54:32 Going to coordinates X=-13.788, Y=-37.510
03.12 15:54:32 Moving is finished
03.12 15:56:10 Scanning 44 point from 391
03.12 15:56:10 Going to coordinates X=-13.738, Y=-37.510
03.12 15:56:10 Moving is finished
03.12 15:57:47 Scanning 45 point from 391
03.12 15:57:47 Going to coordinates X=-13.688, Y=-37.510
03.12 15:57:47 Moving is finished
03.12 15:59:24 Scanning 46 point from 391
03.12 15:59:24 Going to coordinates X=-14.788, Y=-37.410
03.12 15:59:25 Moving is finished
03.12 16:01:02 Scanning 47 point from 391
03.12 16:01:02 Going to coordinates X=-14.738, Y=-37.410
03.12 16:01:02 Moving is finished
03.12 16:02:39 Scanning 48 point from 391
03.12 16:02:39 Going to coordinates X=-14.688, Y=-37.410
03.12 16:02:40 Moving is finished
03.12 16:04:17 Scanning 49 point from 391
03.12 16:04:17 Going to coordinates X=-14.638, Y=-37.410
03.12 16:04:17 Moving is finished
03.12 16:05:54 Scanning 50 point from 391
03.12 16:05:54 Going to coordinates X=-14.588, Y=-37.410
03.12 16:05:54 Moving is finished
03.12 16:07:31 Scanning 51 point from 391
03.12 16:07:31 Going to coordinates X=-14.538, Y=-37.410
03.12 16:07:32 Moving is finished
03.12 16:09:09 Scanning 52 point from 391
03.12 16:09:09 Going to coordinates X=-14.488, Y=-37.410
03.12 16:09:09 Moving is finished
03.12 16:10:46 Scanning 53 point from 391
03.12 16:10:46 Going to coordinates X=-14.438, Y=-37.410
03.12 16:10:47 Moving is finished
03.12 16:12:24 Scanning 54 point from 391
03.12 16:12:24 Going to coordinates X=-14.388, Y=-37.410
03.12 16:12:24 Moving is finished
03.12 16:14:02 Scanning 55 point from 391
03.12 16:14:02 Going to coordinates X=-14.338, Y=-37.410
03.12 16:14:02 Moving is finished
03.12 16:15:39 Scanning 56 point from 391
03.12 16:15:39 Going to coordinates X=-14.288, Y=-37.410
03.12 16:15:39 Moving is finished
03.12 16:17:16 Scanning 57 point from 391
03.12 16:17:16 Going to coordinates X=-14.238, Y=-37.410
03.12 16:17:17 Moving is finished
03.12 16:18:54 Scanning 58 point from 391
03.12 16:18:54 Going to coordinates X=-14.188, Y=-37.410
03.12 16:18:54 Moving is finished
03.12 16:20:31 Scanning 59 point from 391
03.12 16:20:31 Going to coordinates X=-14.138, Y=-37.410
03.12 16:20:31 Moving is finished
03.12 16:22:09 Scanning 60 point from 391
03.12 16:22:09 Going to coordinates X=-14.088, Y=-37.410
03.12 16:22:09 Moving is finished
03.12 16:23:46 Scanning 61 point from 391
03.12 16:23:46 Going to coordinates X=-14.038, Y=-37.410
03.12 16:23:46 Moving is finished
03.12 16:25:23 Scanning 62 point from 391
03.12 16:25:23 Going to coordinates X=-13.988, Y=-37.410
03.12 16:25:23 Moving is finished
03.12 16:27:00 Scanning 63 point from 391
03.12 16:27:00 Going to coordinates X=-13.938, Y=-37.410
03.12 16:27:00 Moving is finished
03.12 16:28:37 Scanning 64 point from 391
03.12 16:28:37 Going to coordinates X=-13.888, Y=-37.410
03.12 16:28:37 Moving is finished
03.12 16:30:15 Scanning 65 point from 391
03.12 16:30:15 Going to coordinates X=-13.838, Y=-37.410
03.12 16:30:15 Moving is finished
03.12 16:31:53 Scanning 66 point from 391
03.12 16:31:53 Going to coordinates X=-13.788, Y=-37.410
03.12 16:31:53 Moving is finished
03.12 16:33:31 Scanning 67 point from 391
03.12 16:33:31 Going to coordinates X=-13.738, Y=-37.410
03.12 16:33:31 Moving is finished
03.12 16:35:08 Scanning 68 point from 391
03.12 16:35:08 Going to coordinates X=-13.688, Y=-37.410
03.12 16:35:09 Moving is finished
03.12 16:36:46 Scanning 69 point from 391
03.12 16:36:46 Going to coordinates X=-14.788, Y=-37.310
03.12 16:36:47 Moving is finished
03.12 16:38:25 Scanning 70 point from 391
03.12 16:38:25 Going to coordinates X=-14.738, Y=-37.310
03.12 16:38:25 Moving is finished
03.12 16:40:03 Scanning 71 point from 391
03.12 16:40:03 Going to coordinates X=-14.688, Y=-37.310
03.12 16:40:03 Moving is finished
03.12 16:41:40 Scanning 72 point from 391
03.12 16:41:40 Going to coordinates X=-14.638, Y=-37.310
03.12 16:41:41 Moving is finished
03.12 16:43:18 Scanning 73 point from 391
03.12 16:43:18 Going to coordinates X=-14.588, Y=-37.310
03.12 16:43:18 Moving is finished
03.12 16:44:55 Scanning 74 point from 391
03.12 16:44:55 Going to coordinates X=-14.538, Y=-37.310
03.12 16:44:55 Moving is finished
03.12 16:46:32 Scanning 75 point from 391
03.12 16:46:32 Going to coordinates X=-14.488, Y=-37.310
03.12 16:46:33 Moving is finished
03.12 16:48:10 Scanning 76 point from 391
03.12 16:48:10 Going to coordinates X=-14.438, Y=-37.310
03.12 16:48:10 Moving is finished
03.12 16:49:47 Scanning 77 point from 391
03.12 16:49:47 Going to coordinates X=-14.388, Y=-37.310
03.12 16:49:47 Moving is finished
03.12 16:51:24 Scanning 78 point from 391
03.12 16:51:24 Going to coordinates X=-14.338, Y=-37.310
03.12 16:51:24 Moving is finished
03.12 16:53:01 Scanning 79 point from 391
03.12 16:53:01 Going to coordinates X=-14.288, Y=-37.310
03.12 16:53:01 Moving is finished
03.12 16:54:38 Scanning 80 point from 391
03.12 16:54:38 Going to coordinates X=-14.238, Y=-37.310
03.12 16:54:39 Moving is finished
03.12 16:56:16 Scanning 81 point from 391
03.12 16:56:16 Going to coordinates X=-14.188, Y=-37.310
03.12 16:56:16 Moving is finished
03.12 16:57:53 Scanning 82 point from 391
03.12 16:57:53 Going to coordinates X=-14.138, Y=-37.310
03.12 16:57:53 Moving is finished
03.12 16:59:30 Scanning 83 point from 391
03.12 16:59:30 Going to coordinates X=-14.088, Y=-37.310
03.12 16:59:30 Moving is finished
03.12 17:01:07 Scanning 84 point from 391
03.12 17:01:07 Going to coordinates X=-14.038, Y=-37.310
03.12 17:01:07 Moving is finished
03.12 17:02:44 Scanning 85 point from 391
03.12 17:02:44 Going to coordinates X=-13.988, Y=-37.310
03.12 17:02:45 Moving is finished
03.12 17:04:22 Scanning 86 point from 391
03.12 17:04:22 Going to coordinates X=-13.938, Y=-37.310
03.12 17:04:22 Moving is finished
03.12 17:05:59 Scanning 87 point from 391
03.12 17:05:59 Going to coordinates X=-13.888, Y=-37.310
03.12 17:05:59 Moving is finished
03.12 17:07:36 Scanning 88 point from 391
03.12 17:07:36 Going to coordinates X=-13.838, Y=-37.310
03.12 17:07:36 Moving is finished
03.12 17:09:14 Scanning 89 point from 391
03.12 17:09:14 Going to coordinates X=-13.788, Y=-37.310
03.12 17:09:14 Moving is finished
03.12 17:10:51 Scanning 90 point from 391
03.12 17:10:51 Going to coordinates X=-13.738, Y=-37.310
03.12 17:10:51 Moving is finished
03.12 17:12:28 Scanning 91 point from 391
03.12 17:12:28 Going to coordinates X=-13.688, Y=-37.310
03.12 17:12:28 Moving is finished
03.12 17:14:05 Scanning 92 point from 391
03.12 17:14:05 Going to coordinates X=-14.788, Y=-37.210
03.12 17:14:06 Moving is finished
03.12 17:15:44 Scanning 93 point from 391
03.12 17:15:44 Going to coordinates X=-14.738, Y=-37.210
03.12 17:15:44 Moving is finished
03.12 17:17:21 Scanning 94 point from 391
03.12 17:17:21 Going to coordinates X=-14.688, Y=-37.210
03.12 17:17:21 Moving is finished
03.12 17:18:58 Scanning 95 point from 391
03.12 17:18:58 Going to coordinates X=-14.638, Y=-37.210
03.12 17:18:58 Moving is finished
03.12 17:20:36 Scanning 96 point from 391
03.12 17:20:36 Going to coordinates X=-14.588, Y=-37.210
03.12 17:20:36 Moving is finished
03.12 17:22:13 Scanning 97 point from 391
03.12 17:22:13 Going to coordinates X=-14.538, Y=-37.210
03.12 17:22:13 Moving is finished
03.12 17:23:50 Scanning 98 point from 391
03.12 17:23:50 Going to coordinates X=-14.488, Y=-37.210
03.12 17:23:50 Moving is finished
03.12 17:25:27 Scanning 99 point from 391
03.12 17:25:27 Going to coordinates X=-14.438, Y=-37.210
03.12 17:25:27 Moving is finished
03.12 17:27:05 Scanning 100 point from 391
03.12 17:27:05 Going to coordinates X=-14.388, Y=-37.210
03.12 17:27:05 Moving is finished
03.12 17:28:42 Scanning 101 point from 391
03.12 17:28:42 Going to coordinates X=-14.338, Y=-37.210
03.12 17:28:42 Moving is finished
03.12 17:30:19 Scanning 102 point from 391
03.12 17:30:19 Going to coordinates X=-14.288, Y=-37.210
03.12 17:30:20 Moving is finished
03.12 17:31:57 Scanning 103 point from 391
03.12 17:31:57 Going to coordinates X=-14.238, Y=-37.210
03.12 17:31:57 Moving is finished
03.12 17:33:34 Scanning 104 point from 391
03.12 17:33:34 Going to coordinates X=-14.188, Y=-37.210
03.12 17:33:34 Moving is finished
03.12 17:35:11 Scanning 105 point from 391
03.12 17:35:11 Going to coordinates X=-14.138, Y=-37.210
03.12 17:35:11 Moving is finished
03.12 17:36:48 Scanning 106 point from 391
03.12 17:36:48 Going to coordinates X=-14.088, Y=-37.210
03.12 17:36:48 Moving is finished
03.12 17:38:26 Scanning 107 point from 391
03.12 17:38:26 Going to coordinates X=-14.038, Y=-37.210
03.12 17:38:26 Moving is finished
03.12 17:40:03 Scanning 108 point from 391
03.12 17:40:03 Going to coordinates X=-13.988, Y=-37.210
03.12 17:40:03 Moving is finished
03.12 17:41:40 Scanning 109 point from 391
03.12 17:41:40 Going to coordinates X=-13.938, Y=-37.210
03.12 17:41:41 Moving is finished
03.12 17:43:18 Scanning 110 point from 391
03.12 17:43:18 Going to coordinates X=-13.888, Y=-37.210
03.12 17:43:18 Moving is finished
03.12 17:44:56 Scanning 111 point from 391
03.12 17:44:56 Going to coordinates X=-13.838, Y=-37.210
03.12 17:44:56 Moving is finished
03.12 17:46:33 Scanning 112 point from 391
03.12 17:46:33 Going to coordinates X=-13.788, Y=-37.210
03.12 17:46:34 Moving is finished
03.12 17:48:11 Scanning 113 point from 391
03.12 17:48:11 Going to coordinates X=-13.738, Y=-37.210
03.12 17:48:11 Moving is finished
03.12 17:49:48 Scanning 114 point from 391
03.12 17:49:48 Going to coordinates X=-13.688, Y=-37.210
03.12 17:49:48 Moving is finished
03.12 17:51:26 Scanning 115 point from 391
03.12 17:51:26 Going to coordinates X=-14.788, Y=-37.110
03.12 17:51:27 Moving is finished
03.12 17:53:04 Scanning 116 point from 391
03.12 17:53:04 Going to coordinates X=-14.738, Y=-37.110
03.12 17:53:04 Moving is finished
03.12 17:54:42 Scanning 117 point from 391
03.12 17:54:42 Going to coordinates X=-14.688, Y=-37.110
03.12 17:54:43 Moving is finished
03.12 17:56:20 Scanning 118 point from 391
03.12 17:56:20 Going to coordinates X=-14.638, Y=-37.110
03.12 17:56:20 Moving is finished
03.12 17:57:57 Scanning 119 point from 391
03.12 17:57:57 Going to coordinates X=-14.588, Y=-37.110
03.12 17:57:57 Moving is finished
03.12 17:59:34 Scanning 120 point from 391
03.12 17:59:34 Going to coordinates X=-14.538, Y=-37.110
03.12 17:59:35 Moving is finished
03.12 18:01:12 Scanning 121 point from 391
03.12 18:01:12 Going to coordinates X=-14.488, Y=-37.110
03.12 18:01:12 Moving is finished
03.12 18:02:49 Scanning 122 point from 391
03.12 18:02:49 Going to coordinates X=-14.438, Y=-37.110
03.12 18:02:49 Moving is finished
03.12 18:04:26 Scanning 123 point from 391
03.12 18:04:26 Going to coordinates X=-14.388, Y=-37.110
03.12 18:04:26 Moving is finished
03.12 18:06:04 Scanning 124 point from 391
03.12 18:06:04 Going to coordinates X=-14.338, Y=-37.110
03.12 18:06:04 Moving is finished
03.12 18:07:41 Scanning 125 point from 391
03.12 18:07:41 Going to coordinates X=-14.288, Y=-37.110
03.12 18:07:41 Moving is finished
03.12 18:09:19 Scanning 126 point from 391
03.12 18:09:19 Going to coordinates X=-14.238, Y=-37.110
03.12 18:09:19 Moving is finished
03.12 18:10:56 Scanning 127 point from 391
03.12 18:10:56 Going to coordinates X=-14.188, Y=-37.110
03.12 18:10:56 Moving is finished
03.12 18:11:50 Could not find 'EZRaman Reader  V8.2.0 MV' in 'dict_keys([])'
03.12 18:11:56 Could not find 'EZRaman Reader  V8.2.0 MV' in 'dict_keys([])'
03.12 18:11:56 Scanning 128 point from 391
03.12 18:11:56 Going to coordinates X=-14.138, Y=-37.110
03.12 18:11:57 Moving is finished
03.12 18:12:03 Could not find 'EZRaman Reader  V8.2.0 MV' in 'dict_keys([])'
03.12 18:12:13 Could not find 'EZRaman Reader  V8.2.0 MV' in 'dict_keys([])'
03.12 18:12:14 Scanning 129 point from 391
03.12 18:12:14 Going to coordinates X=-14.088, Y=-37.110
03.12 18:12:14 Moving is finished
03.12 18:12:20 Could not find 'EZRaman Reader  V8.2.0 MV' in 'dict_keys([])'
03.12 18:12:26 Could not find 'EZRaman Reader  V8.2.0 MV' in 'dict_keys([])'
03.12 18:12:26 Scanning 130 point from 391
03.12 18:12:26 Going to coordinates X=-14.038, Y=-37.110
03.12 18:12:27 Moving is finished
03.12 18:12:33 Could not find 'EZRaman Reader  V8.2.0 MV' in 'dict_keys([])'
03.12 18:12:38 Could not find 'EZRaman Reader  V8.2.0 MV' in 'dict_keys([])'
03.12 18:12:38 Scanning 131 point from 391
03.12 18:12:38 Going to coordinates X=-13.988, Y=-37.110
03.12 18:12:39 Moving is finished
03.12 18:12:45 Could not find 'EZRaman Reader  V8.2.0 MV' in 'dict_keys([])'
03.12 18:12:50 Could not find 'EZRaman Reader  V8.2.0 MV' in 'dict_keys([])'
03.12 18:12:50 Scanning 132 point from 391
03.12 18:12:50 Going to coordinates X=-13.938, Y=-37.110
03.12 18:12:51 Moving is finished
03.12 18:12:57 Could not find 'EZRaman Reader  V8.2.0 MV' in 'dict_keys([])'
03.12 18:13:02 Could not find 'EZRaman Reader  V8.2.0 MV' in 'dict_keys([])'
03.12 18:13:03 Scanning 133 point from 391
03.12 18:13:03 Going to coordinates X=-13.888, Y=-37.110
03.12 18:13:03 Moving is finished
03.12 18:13:09 Could not find 'EZRaman Reader  V8.2.0 MV' in 'dict_keys([])'
03.12 18:13:14 Could not find 'EZRaman Reader  V8.2.0 MV' in 'dict_keys([])'
03.12 18:13:15 Scanning 134 point from 391
03.12 18:13:15 Going to coordinates X=-13.838, Y=-37.110
03.12 18:13:15 Moving is finished
03.12 18:13:21 Could not find 'EZRaman Reader  V8.2.0 MV' in 'dict_keys([])'
03.12 18:13:26 Could not find 'EZRaman Reader  V8.2.0 MV' in 'dict_keys([])'
03.12 18:13:27 Scanning 135 point from 391
03.12 18:13:27 Going to coordinates X=-13.788, Y=-37.110
03.12 18:13:27 Moving is finished
03.12 18:13:33 Could not find 'EZRaman Reader  V8.2.0 MV' in 'dict_keys([])'
03.12 18:13:38 Could not find 'EZRaman Reader  V8.2.0 MV' in 'dict_keys([])'
03.12 18:13:39 Scanning 136 point from 391
03.12 18:13:39 Going to coordinates X=-13.738, Y=-37.110
03.12 18:13:39 Moving is finished
03.12 18:13:45 Could not find 'EZRaman Reader  V8.2.0 MV' in 'dict_keys([])'
03.12 18:13:50 Could not find 'EZRaman Reader  V8.2.0 MV' in 'dict_keys([])'
03.12 18:13:51 Scanning 137 point from 391
03.12 18:13:51 Going to coordinates X=-13.688, Y=-37.110
03.12 18:13:51 Moving is finished
03.12 18:13:57 Could not find 'EZRaman Reader  V8.2.0 MV' in 'dict_keys([])'
03.12 18:14:02 Could not find 'EZRaman Reader  V8.2.0 MV' in 'dict_keys([])'
03.12 18:14:03 Scanning 138 point from 391
03.12 18:14:03 Going to coordinates X=-14.788, Y=-37.010
03.12 18:14:03 Moving is finished
03.12 18:14:09 Could not find 'EZRaman Reader  V8.2.0 MV' in 'dict_keys([])'
03.12 18:14:14 Could not find 'EZRaman Reader  V8.2.0 MV' in 'dict_keys([])'
03.12 18:14:15 Scanning 139 point from 391
03.12 18:14:15 Going to coordinates X=-14.738, Y=-37.010
03.12 18:14:15 Moving is finished
03.12 18:14:21 Could not find 'EZRaman Reader  V8.2.0 MV' in 'dict_keys([])'
03.12 18:14:26 Could not find 'EZRaman Reader  V8.2.0 MV' in 'dict_keys([])'
03.12 18:14:27 Scanning 140 point from 391
03.12 18:14:27 Going to coordinates X=-14.688, Y=-37.010
03.12 18:14:27 Moving is finished
03.12 18:14:33 Could not find 'EZRaman Reader  V8.2.0 MV' in 'dict_keys([])'
03.12 18:14:39 Could not find 'EZRaman Reader  V8.2.0 MV' in 'dict_keys([])'
03.12 18:14:39 Scanning 141 point from 391
03.12 18:14:39 Going to coordinates X=-14.638, Y=-37.010
03.12 18:14:39 Moving is finished
03.12 18:14:46 Could not find 'EZRaman Reader  V8.2.0 MV' in 'dict_keys([])'
03.12 18:14:51 Could not find 'EZRaman Reader  V8.2.0 MV' in 'dict_keys([])'
03.12 18:14:51 Scanning 142 point from 391
03.12 18:14:51 Going to coordinates X=-14.588, Y=-37.010
03.12 18:14:51 Moving is finished
03.12 18:14:58 Could not find 'EZRaman Reader  V8.2.0 MV' in 'dict_keys([])'
03.12 18:15:03 Could not find 'EZRaman Reader  V8.2.0 MV' in 'dict_keys([])'
03.12 18:15:03 Scanning 143 point from 391
03.12 18:15:03 Going to coordinates X=-14.538, Y=-37.010
03.12 18:15:04 Moving is finished
03.12 18:15:10 Could not find 'EZRaman Reader  V8.2.0 MV' in 'dict_keys([])'
03.12 18:15:15 Could not find 'EZRaman Reader  V8.2.0 MV' in 'dict_keys([])'
03.12 18:15:16 Scanning 144 point from 391
03.12 18:15:16 Going to coordinates X=-14.488, Y=-37.010
03.12 18:15:16 Moving is finished
03.12 18:15:22 Could not find 'EZRaman Reader  V8.2.0 MV' in 'dict_keys([])'
03.12 18:15:27 Could not find 'EZRaman Reader  V8.2.0 MV' in 'dict_keys([])'
03.12 18:15:28 Scanning 145 point from 391
03.12 18:15:28 Going to coordinates X=-14.438, Y=-37.010
03.12 18:15:28 Moving is finished
03.12 18:15:34 Could not find 'EZRaman Reader  V8.2.0 MV' in 'dict_keys([])'
03.12 18:15:39 Could not find 'EZRaman Reader  V8.2.0 MV' in 'dict_keys([])'
03.12 18:15:40 Scanning 146 point from 391
03.12 18:15:40 Going to coordinates X=-14.388, Y=-37.010
03.12 18:15:40 Moving is finished
03.12 18:15:46 Could not find 'EZRaman Reader  V8.2.0 MV' in 'dict_keys([])'
03.12 18:15:51 Could not find 'EZRaman Reader  V8.2.0 MV' in 'dict_keys([])'
03.12 18:15:52 Scanning 147 point from 391
03.12 18:15:52 Going to coordinates X=-14.338, Y=-37.010
03.12 18:15:52 Moving is finished
03.12 18:15:58 Could not find 'EZRaman Reader  V8.2.0 MV' in 'dict_keys([])'
03.12 18:16:03 Could not find 'EZRaman Reader  V8.2.0 MV' in 'dict_keys([])'
03.12 18:16:04 Scanning 148 point from 391
03.12 18:16:04 Going to coordinates X=-14.288, Y=-37.010
03.12 18:16:04 Moving is finished
03.12 18:16:10 Could not find 'EZRaman Reader  V8.2.0 MV' in 'dict_keys([])'
03.12 18:16:15 Could not find 'EZRaman Reader  V8.2.0 MV' in 'dict_keys([])'
03.12 18:16:16 Scanning 149 point from 391
03.12 18:16:16 Going to coordinates X=-14.238, Y=-37.010
03.12 18:16:16 Moving is finished
03.12 18:16:22 Could not find 'EZRaman Reader  V8.2.0 MV' in 'dict_keys([])'
03.12 18:16:27 Could not find 'EZRaman Reader  V8.2.0 MV' in 'dict_keys([])'
03.12 18:16:28 Scanning 150 point from 391
03.12 18:16:28 Going to coordinates X=-14.188, Y=-37.010
03.12 18:16:28 Moving is finished
03.12 18:16:34 Could not find 'EZRaman Reader  V8.2.0 MV' in 'dict_keys([])'
03.12 18:16:39 Could not find 'EZRaman Reader  V8.2.0 MV' in 'dict_keys([])'
03.12 18:16:40 Scanning 151 point from 391
03.12 18:16:40 Going to coordinates X=-14.138, Y=-37.010
03.12 18:16:40 Moving is finished
03.12 18:16:46 Could not find 'EZRaman Reader  V8.2.0 MV' in 'dict_keys([])'
03.12 18:16:51 Could not find 'EZRaman Reader  V8.2.0 MV' in 'dict_keys([])'
03.12 18:16:52 Scanning 152 point from 391
03.12 18:16:52 Going to coordinates X=-14.088, Y=-37.010
03.12 18:16:52 Moving is finished
03.12 18:16:58 Could not find 'EZRaman Reader  V8.2.0 MV' in 'dict_keys([])'
03.12 18:17:03 Could not find 'EZRaman Reader  V8.2.0 MV' in 'dict_keys([])'
03.12 18:17:04 Scanning 153 point from 391
03.12 18:17:04 Going to coordinates X=-14.038, Y=-37.010
03.12 18:17:04 Moving is finished
03.12 18:17:10 Could not find 'EZRaman Reader  V8.2.0 MV' in 'dict_keys([])'
03.12 18:17:15 Could not find 'EZRaman Reader  V8.2.0 MV' in 'dict_keys([])'
03.12 18:17:16 Scanning 154 point from 391
03.12 18:17:16 Going to coordinates X=-13.988, Y=-37.010
03.12 18:17:16 Moving is finished
03.12 18:17:22 Could not find 'EZRaman Reader  V8.2.0 MV' in 'dict_keys([])'
03.12 18:17:27 Could not find 'EZRaman Reader  V8.2.0 MV' in 'dict_keys([])'
03.12 18:17:28 Scanning 155 point from 391
03.12 18:17:28 Going to coordinates X=-13.938, Y=-37.010
03.12 18:17:28 Moving is finished
03.12 18:17:34 Could not find 'EZRaman Reader  V8.2.0 MV' in 'dict_keys([])'
03.12 18:17:39 Could not find 'EZRaman Reader  V8.2.0 MV' in 'dict_keys([])'
03.12 18:17:40 Scanning 156 point from 391
03.12 18:17:40 Going to coordinates X=-13.888, Y=-37.010
03.12 18:17:40 Moving is finished
03.12 18:17:46 Could not find 'EZRaman Reader  V8.2.0 MV' in 'dict_keys([])'
03.12 18:17:51 Could not find 'EZRaman Reader  V8.2.0 MV' in 'dict_keys([])'
03.12 18:17:52 Scanning 157 point from 391
03.12 18:17:52 Going to coordinates X=-13.838, Y=-37.010
03.12 18:17:52 Moving is finished
03.12 18:17:58 Could not find 'EZRaman Reader  V8.2.0 MV' in 'dict_keys([])'
03.12 18:18:03 Could not find 'EZRaman Reader  V8.2.0 MV' in 'dict_keys([])'
03.12 18:18:04 Scanning 158 point from 391
03.12 18:18:04 Going to coordinates X=-13.788, Y=-37.010
03.12 18:18:04 Moving is finished
03.12 18:18:10 Could not find 'EZRaman Reader  V8.2.0 MV' in 'dict_keys([])'
03.12 18:18:15 Could not find 'EZRaman Reader  V8.2.0 MV' in 'dict_keys([])'
03.12 18:18:16 Scanning 159 point from 391
03.12 18:18:16 Going to coordinates X=-13.738, Y=-37.010
03.12 18:18:16 Moving is finished
03.12 18:18:22 Could not find 'EZRaman Reader  V8.2.0 MV' in 'dict_keys([])'
03.12 18:18:27 Could not find 'EZRaman Reader  V8.2.0 MV' in 'dict_keys([])'
03.12 18:18:28 Scanning 160 point from 391
03.12 18:18:28 Going to coordinates X=-13.688, Y=-37.010
03.12 18:18:28 Moving is finished
03.12 18:18:34 Could not find 'EZRaman Reader  V8.2.0 MV' in 'dict_keys([])'
03.12 18:18:39 Could not find 'EZRaman Reader  V8.2.0 MV' in 'dict_keys([])'
03.12 18:18:40 Scanning 161 point from 391
03.12 18:18:40 Going to coordinates X=-14.788, Y=-36.910
03.12 18:18:41 Moving is finished
03.12 18:18:47 Could not find 'EZRaman Reader  V8.2.0 MV' in 'dict_keys([])'
03.12 18:18:52 Could not find 'EZRaman Reader  V8.2.0 MV' in 'dict_keys([])'
03.12 18:18:52 Scanning 162 point from 391
03.12 18:18:52 Going to coordinates X=-14.738, Y=-36.910
03.12 18:18:53 Moving is finished
03.12 18:18:59 Could not find 'EZRaman Reader  V8.2.0 MV' in 'dict_keys([])'
03.12 18:19:04 Could not find 'EZRaman Reader  V8.2.0 MV' in 'dict_keys([])'
03.12 18:19:04 Scanning 163 point from 391
03.12 18:19:04 Going to coordinates X=-14.688, Y=-36.910
03.12 18:19:04 Moving is finished
03.12 18:19:11 Could not find 'EZRaman Reader  V8.2.0 MV' in 'dict_keys([])'
03.12 18:19:16 Could not find 'EZRaman Reader  V8.2.0 MV' in 'dict_keys([])'
03.12 18:19:16 Scanning 164 point from 391
03.12 18:19:16 Going to coordinates X=-14.638, Y=-36.910
03.12 18:19:17 Moving is finished
03.12 18:19:23 Could not find 'EZRaman Reader  V8.2.0 MV' in 'dict_keys([])'
03.12 18:19:28 Could not find 'EZRaman Reader  V8.2.0 MV' in 'dict_keys([])'
03.12 18:19:28 Scanning 165 point from 391
03.12 18:19:28 Going to coordinates X=-14.588, Y=-36.910
03.12 18:19:29 Moving is finished
03.12 18:19:35 Could not find 'EZRaman Reader  V8.2.0 MV' in 'dict_keys([])'
03.12 18:19:40 Could not find 'EZRaman Reader  V8.2.0 MV' in 'dict_keys([])'
03.12 18:19:40 Scanning 166 point from 391
03.12 18:19:40 Going to coordinates X=-14.538, Y=-36.910
03.12 18:19:41 Moving is finished
03.12 18:19:47 Could not find 'EZRaman Reader  V8.2.0 MV' in 'dict_keys([])'
03.12 18:19:52 Could not find 'EZRaman Reader  V8.2.0 MV' in 'dict_keys([])'
03.12 18:19:52 Scanning 167 point from 391
03.12 18:19:52 Going to coordinates X=-14.488, Y=-36.910
03.12 18:19:53 Moving is finished
03.12 18:19:59 Could not find 'EZRaman Reader  V8.2.0 MV' in 'dict_keys([])'
03.12 18:20:04 Could not find 'EZRaman Reader  V8.2.0 MV' in 'dict_keys([])'
03.12 18:20:04 Scanning 168 point from 391
03.12 18:20:04 Going to coordinates X=-14.438, Y=-36.910
03.12 18:20:05 Moving is finished
03.12 18:20:11 Could not find 'EZRaman Reader  V8.2.0 MV' in 'dict_keys([])'
03.12 18:20:16 Could not find 'EZRaman Reader  V8.2.0 MV' in 'dict_keys([])'
03.12 18:20:16 Scanning 169 point from 391
03.12 18:20:16 Going to coordinates X=-14.388, Y=-36.910
03.12 18:20:17 Moving is finished
03.12 18:20:23 Could not find 'EZRaman Reader  V8.2.0 MV' in 'dict_keys([])'
03.12 18:20:28 Could not find 'EZRaman Reader  V8.2.0 MV' in 'dict_keys([])'
03.12 18:20:28 Scanning 170 point from 391
03.12 18:20:28 Going to coordinates X=-14.338, Y=-36.910
03.12 18:20:29 Moving is finished
03.12 18:20:35 Could not find 'EZRaman Reader  V8.2.0 MV' in 'dict_keys([])'
03.12 18:20:40 Could not find 'EZRaman Reader  V8.2.0 MV' in 'dict_keys([])'
03.12 18:20:41 Scanning 171 point from 391
03.12 18:20:41 Going to coordinates X=-14.288, Y=-36.910
03.12 18:20:41 Moving is finished
03.12 18:20:47 Could not find 'EZRaman Reader  V8.2.0 MV' in 'dict_keys([])'
03.12 18:20:52 Could not find 'EZRaman Reader  V8.2.0 MV' in 'dict_keys([])'
03.12 18:20:53 Scanning 172 point from 391
03.12 18:20:53 Going to coordinates X=-14.238, Y=-36.910
03.12 18:20:53 Moving is finished
03.12 18:20:59 Could not find 'EZRaman Reader  V8.2.0 MV' in 'dict_keys([])'
03.12 18:21:04 Could not find 'EZRaman Reader  V8.2.0 MV' in 'dict_keys([])'
03.12 18:21:05 Scanning 173 point from 391
03.12 18:21:05 Going to coordinates X=-14.188, Y=-36.910
03.12 18:21:05 Moving is finished
03.12 18:21:11 Could not find 'EZRaman Reader  V8.2.0 MV' in 'dict_keys([])'
03.12 18:21:16 Could not find 'EZRaman Reader  V8.2.0 MV' in 'dict_keys([])'
03.12 18:21:17 Scanning 174 point from 391
03.12 18:21:17 Going to coordinates X=-14.138, Y=-36.910
03.12 18:21:17 Moving is finished
03.12 18:21:23 Could not find 'EZRaman Reader  V8.2.0 MV' in 'dict_keys([])'
03.12 18:21:28 Could not find 'EZRaman Reader  V8.2.0 MV' in 'dict_keys([])'
03.12 18:21:29 Scanning 175 point from 391
03.12 18:21:29 Going to coordinates X=-14.088, Y=-36.910
03.12 18:21:29 Moving is finished
03.12 18:21:35 Could not find 'EZRaman Reader  V8.2.0 MV' in 'dict_keys([])'
03.12 18:21:40 Could not find 'EZRaman Reader  V8.2.0 MV' in 'dict_keys([])'
03.12 18:21:41 Scanning 176 point from 391
03.12 18:21:41 Going to coordinates X=-14.038, Y=-36.910
03.12 18:21:41 Moving is finished
03.12 18:21:47 Could not find 'EZRaman Reader  V8.2.0 MV' in 'dict_keys([])'
03.12 18:21:52 Could not find 'EZRaman Reader  V8.2.0 MV' in 'dict_keys([])'
03.12 18:21:53 Scanning 177 point from 391
03.12 18:21:53 Going to coordinates X=-13.988, Y=-36.910
03.12 18:21:53 Moving is finished
03.12 18:21:59 Could not find 'EZRaman Reader  V8.2.0 MV' in 'dict_keys([])'
03.12 18:22:04 Could not find 'EZRaman Reader  V8.2.0 MV' in 'dict_keys([])'
03.12 18:22:05 Scanning 178 point from 391
03.12 18:22:05 Going to coordinates X=-13.938, Y=-36.910
03.12 18:22:05 Moving is finished
03.12 18:22:11 Could not find 'EZRaman Reader  V8.2.0 MV' in 'dict_keys([])'
03.12 18:22:16 Could not find 'EZRaman Reader  V8.2.0 MV' in 'dict_keys([])'
03.12 18:22:17 Scanning 179 point from 391
03.12 18:22:17 Going to coordinates X=-13.888, Y=-36.910
03.12 18:22:17 Moving is finished
03.12 18:22:23 Could not find 'EZRaman Reader  V8.2.0 MV' in 'dict_keys([])'
03.12 18:22:28 Could not find 'EZRaman Reader  V8.2.0 MV' in 'dict_keys([])'
03.12 18:22:29 Scanning 180 point from 391
03.12 18:22:29 Going to coordinates X=-13.838, Y=-36.910
03.12 18:22:29 Moving is finished
03.12 18:22:35 Could not find 'EZRaman Reader  V8.2.0 MV' in 'dict_keys([])'
03.12 18:22:40 Could not find 'EZRaman Reader  V8.2.0 MV' in 'dict_keys([])'
03.12 18:22:41 Scanning 181 point from 391
03.12 18:22:41 Going to coordinates X=-13.788, Y=-36.910
03.12 18:22:41 Moving is finished
03.12 18:22:47 Could not find 'EZRaman Reader  V8.2.0 MV' in 'dict_keys([])'
03.12 18:22:52 Could not find 'EZRaman Reader  V8.2.0 MV' in 'dict_keys([])'
03.12 18:22:53 Scanning 182 point from 391
03.12 18:22:53 Going to coordinates X=-13.738, Y=-36.910
03.12 18:22:53 Moving is finished
03.12 18:22:59 Could not find 'EZRaman Reader  V8.2.0 MV' in 'dict_keys([])'
03.12 18:23:04 Could not find 'EZRaman Reader  V8.2.0 MV' in 'dict_keys([])'
03.12 18:23:05 Scanning 183 point from 391
03.12 18:23:05 Going to coordinates X=-13.688, Y=-36.910
03.12 18:23:05 Moving is finished
03.12 18:23:11 Could not find 'EZRaman Reader  V8.2.0 MV' in 'dict_keys([])'
03.12 18:23:16 Could not find 'EZRaman Reader  V8.2.0 MV' in 'dict_keys([])'
03.12 18:23:17 Scanning 184 point from 391
03.12 18:23:17 Going to coordinates X=-14.788, Y=-36.810
03.12 18:23:18 Moving is finished
03.12 18:23:24 Could not find 'EZRaman Reader  V8.2.0 MV' in 'dict_keys([])'
03.12 18:23:29 Could not find 'EZRaman Reader  V8.2.0 MV' in 'dict_keys([])'
03.12 18:23:30 Scanning 185 point from 391
03.12 18:23:30 Going to coordinates X=-14.738, Y=-36.810
03.12 18:23:30 Moving is finished
03.12 18:23:36 Could not find 'EZRaman Reader  V8.2.0 MV' in 'dict_keys([])'
03.12 18:23:41 Could not find 'EZRaman Reader  V8.2.0 MV' in 'dict_keys([])'
03.12 18:23:42 Scanning 186 point from 391
03.12 18:23:42 Going to coordinates X=-14.688, Y=-36.810
03.12 18:23:42 Moving is finished
03.12 18:23:48 Could not find 'EZRaman Reader  V8.2.0 MV' in 'dict_keys([])'
03.12 18:23:53 Could not find 'EZRaman Reader  V8.2.0 MV' in 'dict_keys([])'
03.12 18:23:54 Scanning 187 point from 391
03.12 18:23:54 Going to coordinates X=-14.638, Y=-36.810
03.12 18:23:54 Moving is finished
03.12 18:24:00 Could not find 'EZRaman Reader  V8.2.0 MV' in 'dict_keys([])'
03.12 18:24:05 Could not find 'EZRaman Reader  V8.2.0 MV' in 'dict_keys([])'
03.12 18:24:06 Scanning 188 point from 391
03.12 18:24:06 Going to coordinates X=-14.588, Y=-36.810
03.12 18:24:06 Moving is finished
03.12 18:24:12 Could not find 'EZRaman Reader  V8.2.0 MV' in 'dict_keys([])'
03.12 18:24:17 Could not find 'EZRaman Reader  V8.2.0 MV' in 'dict_keys([])'
03.12 18:24:18 Scanning 189 point from 391
03.12 18:24:18 Going to coordinates X=-14.538, Y=-36.810
03.12 18:24:18 Moving is finished
03.12 18:24:24 Could not find 'EZRaman Reader  V8.2.0 MV' in 'dict_keys([])'
03.12 18:24:29 Could not find 'EZRaman Reader  V8.2.0 MV' in 'dict_keys([])'
03.12 18:24:30 Scanning 190 point from 391
03.12 18:24:30 Going to coordinates X=-14.488, Y=-36.810
03.12 18:24:30 Moving is finished
03.12 18:24:36 Could not find 'EZRaman Reader  V8.2.0 MV' in 'dict_keys([])'
03.12 18:24:41 Could not find 'EZRaman Reader  V8.2.0 MV' in 'dict_keys([])'
03.12 18:24:42 Scanning 191 point from 391
03.12 18:24:42 Going to coordinates X=-14.438, Y=-36.810
03.12 18:24:42 Moving is finished
03.12 18:24:48 Could not find 'EZRaman Reader  V8.2.0 MV' in 'dict_keys([])'
03.12 18:24:53 Could not find 'EZRaman Reader  V8.2.0 MV' in 'dict_keys([])'
03.12 18:24:54 Scanning 192 point from 391
03.12 18:24:54 Going to coordinates X=-14.388, Y=-36.810
03.12 18:24:54 Moving is finished
03.12 18:25:00 Could not find 'EZRaman Reader  V8.2.0 MV' in 'dict_keys([])'
03.12 18:25:05 Could not find 'EZRaman Reader  V8.2.0 MV' in 'dict_keys([])'
03.12 18:25:06 Scanning 193 point from 391
03.12 18:25:06 Going to coordinates X=-14.338, Y=-36.810
03.12 18:25:06 Moving is finished
03.12 18:25:12 Could not find 'EZRaman Reader  V8.2.0 MV' in 'dict_keys([])'
03.12 18:25:17 Could not find 'EZRaman Reader  V8.2.0 MV' in 'dict_keys([])'
03.12 18:25:18 Scanning 194 point from 391
03.12 18:25:18 Going to coordinates X=-14.288, Y=-36.810
03.12 18:25:18 Moving is finished
03.12 18:25:24 Could not find 'EZRaman Reader  V8.2.0 MV' in 'dict_keys([])'
03.12 18:25:29 Could not find 'EZRaman Reader  V8.2.0 MV' in 'dict_keys([])'
03.12 18:25:30 Scanning 195 point from 391
03.12 18:25:30 Going to coordinates X=-14.238, Y=-36.810
03.12 18:25:30 Moving is finished
03.12 18:25:36 Could not find 'EZRaman Reader  V8.2.0 MV' in 'dict_keys([])'
03.12 18:25:41 Could not find 'EZRaman Reader  V8.2.0 MV' in 'dict_keys([])'
03.12 18:25:42 Scanning 196 point from 391
03.12 18:25:42 Going to coordinates X=-14.188, Y=-36.810
03.12 18:25:42 Moving is finished
03.12 18:25:48 Could not find 'EZRaman Reader  V8.2.0 MV' in 'dict_keys([])'
03.12 18:25:53 Could not find 'EZRaman Reader  V8.2.0 MV' in 'dict_keys([])'
03.12 18:25:54 Scanning 197 point from 391
03.12 18:25:54 Going to coordinates X=-14.138, Y=-36.810
03.12 18:25:54 Moving is finished
03.12 18:26:00 Could not find 'EZRaman Reader  V8.2.0 MV' in 'dict_keys([])'
03.12 18:26:05 Could not find 'EZRaman Reader  V8.2.0 MV' in 'dict_keys([])'
03.12 18:26:06 Scanning 198 point from 391
03.12 18:26:06 Going to coordinates X=-14.088, Y=-36.810
03.12 18:26:06 Moving is finished
03.12 18:26:12 Could not find 'EZRaman Reader  V8.2.0 MV' in 'dict_keys([])'
03.12 18:26:17 Could not find 'EZRaman Reader  V8.2.0 MV' in 'dict_keys([])'
03.12 18:26:18 Scanning 199 point from 391
03.12 18:26:18 Going to coordinates X=-14.038, Y=-36.810
03.12 18:26:18 Moving is finished
03.12 18:26:24 Could not find 'EZRaman Reader  V8.2.0 MV' in 'dict_keys([])'
03.12 18:26:29 Could not find 'EZRaman Reader  V8.2.0 MV' in 'dict_keys([])'
03.12 18:26:30 Scanning 200 point from 391
03.12 18:26:30 Going to coordinates X=-13.988, Y=-36.810
03.12 18:26:30 Moving is finished
03.12 18:26:36 Could not find 'EZRaman Reader  V8.2.0 MV' in 'dict_keys([])'
03.12 18:26:41 Could not find 'EZRaman Reader  V8.2.0 MV' in 'dict_keys([])'
03.12 18:26:42 Scanning 201 point from 391
03.12 18:26:42 Going to coordinates X=-13.938, Y=-36.810
03.12 18:26:42 Moving is finished
03.12 18:26:48 Could not find 'EZRaman Reader  V8.2.0 MV' in 'dict_keys([])'
03.12 18:26:53 Could not find 'EZRaman Reader  V8.2.0 MV' in 'dict_keys([])'
03.12 18:26:54 Scanning 202 point from 391
03.12 18:26:54 Going to coordinates X=-13.888, Y=-36.810
03.12 18:26:54 Moving is finished
03.12 18:27:00 Could not find 'EZRaman Reader  V8.2.0 MV' in 'dict_keys([])'
03.12 18:27:05 Could not find 'EZRaman Reader  V8.2.0 MV' in 'dict_keys([])'
03.12 18:27:06 Scanning 203 point from 391
03.12 18:27:06 Going to coordinates X=-13.838, Y=-36.810
03.12 18:27:06 Moving is finished
03.12 18:27:12 Could not find 'EZRaman Reader  V8.2.0 MV' in 'dict_keys([])'
03.12 18:27:17 Could not find 'EZRaman Reader  V8.2.0 MV' in 'dict_keys([])'
03.12 18:27:18 Scanning 204 point from 391
03.12 18:27:18 Going to coordinates X=-13.788, Y=-36.810
03.12 18:27:18 Moving is finished
03.12 18:27:24 Could not find 'EZRaman Reader  V8.2.0 MV' in 'dict_keys([])'
03.12 18:27:29 Could not find 'EZRaman Reader  V8.2.0 MV' in 'dict_keys([])'
03.12 18:27:30 Scanning 205 point from 391
03.12 18:27:30 Going to coordinates X=-13.738, Y=-36.810
03.12 18:27:30 Moving is finished
03.12 18:27:36 Could not find 'EZRaman Reader  V8.2.0 MV' in 'dict_keys([])'
03.12 18:27:41 Could not find 'EZRaman Reader  V8.2.0 MV' in 'dict_keys([])'
03.12 18:27:42 Scanning 206 point from 391
03.12 18:27:42 Going to coordinates X=-13.688, Y=-36.810
03.12 18:27:42 Moving is finished
03.12 18:27:48 Could not find 'EZRaman Reader  V8.2.0 MV' in 'dict_keys([])'
03.12 18:27:53 Could not find 'EZRaman Reader  V8.2.0 MV' in 'dict_keys([])'
03.12 18:27:54 Scanning 207 point from 391
03.12 18:27:54 Going to coordinates X=-14.788, Y=-36.710
03.12 18:27:55 Moving is finished
03.12 18:28:01 Could not find 'EZRaman Reader  V8.2.0 MV' in 'dict_keys([])'
03.12 18:28:06 Could not find 'EZRaman Reader  V8.2.0 MV' in 'dict_keys([])'
03.12 18:28:07 Scanning 208 point from 391
03.12 18:28:07 Going to coordinates X=-14.738, Y=-36.710
03.12 18:28:07 Moving is finished
03.12 18:28:13 Could not find 'EZRaman Reader  V8.2.0 MV' in 'dict_keys([])'
03.12 18:28:18 Could not find 'EZRaman Reader  V8.2.0 MV' in 'dict_keys([])'
03.12 18:28:19 Scanning 209 point from 391
03.12 18:28:19 Going to coordinates X=-14.688, Y=-36.710
03.12 18:28:19 Moving is finished
03.12 18:28:25 Could not find 'EZRaman Reader  V8.2.0 MV' in 'dict_keys([])'
03.12 18:28:30 Could not find 'EZRaman Reader  V8.2.0 MV' in 'dict_keys([])'
03.12 18:28:31 Scanning 210 point from 391
03.12 18:28:31 Going to coordinates X=-14.638, Y=-36.710
03.12 18:28:31 Moving is finished
03.12 18:28:37 Could not find 'EZRaman Reader  V8.2.0 MV' in 'dict_keys([])'
03.12 18:28:42 Could not find 'EZRaman Reader  V8.2.0 MV' in 'dict_keys([])'
03.12 18:28:43 Scanning 211 point from 391
03.12 18:28:43 Going to coordinates X=-14.588, Y=-36.710
03.12 18:28:43 Moving is finished
03.12 18:28:49 Could not find 'EZRaman Reader  V8.2.0 MV' in 'dict_keys([])'
03.12 18:28:54 Could not find 'EZRaman Reader  V8.2.0 MV' in 'dict_keys([])'
03.12 18:28:55 Scanning 212 point from 391
03.12 18:28:55 Going to coordinates X=-14.538, Y=-36.710
03.12 18:28:55 Moving is finished
03.12 18:29:01 Could not find 'EZRaman Reader  V8.2.0 MV' in 'dict_keys([])'
03.12 18:29:06 Could not find 'EZRaman Reader  V8.2.0 MV' in 'dict_keys([])'
03.12 18:29:07 Scanning 213 point from 391
03.12 18:29:07 Going to coordinates X=-14.488, Y=-36.710
03.12 18:29:07 Moving is finished
03.12 18:29:13 Could not find 'EZRaman Reader  V8.2.0 MV' in 'dict_keys([])'
03.12 18:29:18 Could not find 'EZRaman Reader  V8.2.0 MV' in 'dict_keys([])'
03.12 18:29:19 Scanning 214 point from 391
03.12 18:29:19 Going to coordinates X=-14.438, Y=-36.710
03.12 18:29:19 Moving is finished
03.12 18:29:25 Could not find 'EZRaman Reader  V8.2.0 MV' in 'dict_keys([])'
03.12 18:29:30 Could not find 'EZRaman Reader  V8.2.0 MV' in 'dict_keys([])'
03.12 18:29:31 Scanning 215 point from 391
03.12 18:29:31 Going to coordinates X=-14.388, Y=-36.710
03.12 18:29:31 Moving is finished
03.12 18:29:37 Could not find 'EZRaman Reader  V8.2.0 MV' in 'dict_keys([])'
03.12 18:29:42 Could not find 'EZRaman Reader  V8.2.0 MV' in 'dict_keys([])'
03.12 18:29:43 Scanning 216 point from 391
03.12 18:29:43 Going to coordinates X=-14.338, Y=-36.710
03.12 18:29:43 Moving is finished
03.12 18:29:49 Could not find 'EZRaman Reader  V8.2.0 MV' in 'dict_keys([])'
03.12 18:29:54 Could not find 'EZRaman Reader  V8.2.0 MV' in 'dict_keys([])'
03.12 18:29:55 Scanning 217 point from 391
03.12 18:29:55 Going to coordinates X=-14.288, Y=-36.710
03.12 18:29:55 Moving is finished
03.12 18:30:01 Could not find 'EZRaman Reader  V8.2.0 MV' in 'dict_keys([])'
03.12 18:30:06 Could not find 'EZRaman Reader  V8.2.0 MV' in 'dict_keys([])'
03.12 18:30:07 Scanning 218 point from 391
03.12 18:30:07 Going to coordinates X=-14.238, Y=-36.710
03.12 18:30:07 Moving is finished
03.12 18:30:13 Could not find 'EZRaman Reader  V8.2.0 MV' in 'dict_keys([])'
03.12 18:30:18 Could not find 'EZRaman Reader  V8.2.0 MV' in 'dict_keys([])'
03.12 18:30:19 Scanning 219 point from 391
03.12 18:30:19 Going to coordinates X=-14.188, Y=-36.710
03.12 18:30:19 Moving is finished
03.12 18:30:25 Could not find 'EZRaman Reader  V8.2.0 MV' in 'dict_keys([])'
03.12 18:30:30 Could not find 'EZRaman Reader  V8.2.0 MV' in 'dict_keys([])'
03.12 18:30:31 Scanning 220 point from 391
03.12 18:30:31 Going to coordinates X=-14.138, Y=-36.710
03.12 18:30:31 Moving is finished
03.12 18:30:37 Could not find 'EZRaman Reader  V8.2.0 MV' in 'dict_keys([])'
03.12 18:30:42 Could not find 'EZRaman Reader  V8.2.0 MV' in 'dict_keys([])'
03.12 18:30:43 Scanning 221 point from 391
03.12 18:30:43 Going to coordinates X=-14.088, Y=-36.710
03.12 18:30:43 Moving is finished
03.12 18:30:49 Could not find 'EZRaman Reader  V8.2.0 MV' in 'dict_keys([])'
03.12 18:30:54 Could not find 'EZRaman Reader  V8.2.0 MV' in 'dict_keys([])'
03.12 18:30:55 Scanning 222 point from 391
03.12 18:30:55 Going to coordinates X=-14.038, Y=-36.710
03.12 18:30:55 Moving is finished
03.12 18:31:01 Could not find 'EZRaman Reader  V8.2.0 MV' in 'dict_keys([])'
03.12 18:31:06 Could not find 'EZRaman Reader  V8.2.0 MV' in 'dict_keys([])'
03.12 18:31:07 Scanning 223 point from 391
03.12 18:31:07 Going to coordinates X=-13.988, Y=-36.710
03.12 18:31:07 Moving is finished
03.12 18:31:14 Could not find 'EZRaman Reader  V8.2.0 MV' in 'dict_keys([])'
03.12 18:31:19 Could not find 'EZRaman Reader  V8.2.0 MV' in 'dict_keys([])'
03.12 18:31:19 Scanning 224 point from 391
03.12 18:31:19 Going to coordinates X=-13.938, Y=-36.710
03.12 18:31:19 Moving is finished
03.12 18:31:26 Could not find 'EZRaman Reader  V8.2.0 MV' in 'dict_keys([])'
03.12 18:31:31 Could not find 'EZRaman Reader  V8.2.0 MV' in 'dict_keys([])'
03.12 18:31:31 Scanning 225 point from 391
03.12 18:31:31 Going to coordinates X=-13.888, Y=-36.710
03.12 18:31:31 Moving is finished
03.12 18:31:38 Could not find 'EZRaman Reader  V8.2.0 MV' in 'dict_keys([])'
03.12 18:31:43 Could not find 'EZRaman Reader  V8.2.0 MV' in 'dict_keys([])'
03.12 18:31:43 Scanning 226 point from 391
03.12 18:31:43 Going to coordinates X=-13.838, Y=-36.710
03.12 18:31:44 Moving is finished
03.12 18:31:50 Could not find 'EZRaman Reader  V8.2.0 MV' in 'dict_keys([])'
03.12 18:31:55 Could not find 'EZRaman Reader  V8.2.0 MV' in 'dict_keys([])'
03.12 18:31:55 Scanning 227 point from 391
03.12 18:31:55 Going to coordinates X=-13.788, Y=-36.710
03.12 18:31:56 Moving is finished
03.12 18:32:02 Could not find 'EZRaman Reader  V8.2.0 MV' in 'dict_keys([])'
03.12 18:32:07 Could not find 'EZRaman Reader  V8.2.0 MV' in 'dict_keys([])'
03.12 18:32:07 Scanning 228 point from 391
03.12 18:32:07 Going to coordinates X=-13.738, Y=-36.710
03.12 18:32:08 Moving is finished
03.12 18:32:14 Could not find 'EZRaman Reader  V8.2.0 MV' in 'dict_keys([])'
03.12 18:32:19 Could not find 'EZRaman Reader  V8.2.0 MV' in 'dict_keys([])'
03.12 18:32:19 Scanning 229 point from 391
03.12 18:32:19 Going to coordinates X=-13.688, Y=-36.710
03.12 18:32:20 Moving is finished
03.12 18:32:26 Could not find 'EZRaman Reader  V8.2.0 MV' in 'dict_keys([])'
03.12 18:32:31 Could not find 'EZRaman Reader  V8.2.0 MV' in 'dict_keys([])'
03.12 18:32:31 Scanning 230 point from 391
03.12 18:32:31 Going to coordinates X=-14.788, Y=-36.610
03.12 18:32:32 Moving is finished
03.12 18:32:38 Could not find 'EZRaman Reader  V8.2.0 MV' in 'dict_keys([])'
03.12 18:32:43 Could not find 'EZRaman Reader  V8.2.0 MV' in 'dict_keys([])'
03.12 18:32:44 Scanning 231 point from 391
03.12 18:32:44 Going to coordinates X=-14.738, Y=-36.610
03.12 18:32:44 Moving is finished
03.12 18:32:50 Could not find 'EZRaman Reader  V8.2.0 MV' in 'dict_keys([])'
03.12 18:32:55 Could not find 'EZRaman Reader  V8.2.0 MV' in 'dict_keys([])'
03.12 18:32:56 Scanning 232 point from 391
03.12 18:32:56 Going to coordinates X=-14.688, Y=-36.610
03.12 18:32:56 Moving is finished
03.12 18:33:02 Could not find 'EZRaman Reader  V8.2.0 MV' in 'dict_keys([])'
03.12 18:33:07 Could not find 'EZRaman Reader  V8.2.0 MV' in 'dict_keys([])'
03.12 18:33:08 Scanning 233 point from 391
03.12 18:33:08 Going to coordinates X=-14.638, Y=-36.610
03.12 18:33:08 Moving is finished
03.12 18:33:14 Could not find 'EZRaman Reader  V8.2.0 MV' in 'dict_keys([])'
03.12 18:33:19 Could not find 'EZRaman Reader  V8.2.0 MV' in 'dict_keys([])'
03.12 18:33:20 Scanning 234 point from 391
03.12 18:33:20 Going to coordinates X=-14.588, Y=-36.610
03.12 18:33:20 Moving is finished
03.12 18:33:26 Could not find 'EZRaman Reader  V8.2.0 MV' in 'dict_keys([])'
03.12 18:33:31 Could not find 'EZRaman Reader  V8.2.0 MV' in 'dict_keys([])'
03.12 18:33:32 Scanning 235 point from 391
03.12 18:33:32 Going to coordinates X=-14.538, Y=-36.610
03.12 18:33:32 Moving is finished
03.12 18:33:38 Could not find 'EZRaman Reader  V8.2.0 MV' in 'dict_keys([])'
03.12 18:33:43 Could not find 'EZRaman Reader  V8.2.0 MV' in 'dict_keys([])'
03.12 18:33:44 Scanning 236 point from 391
03.12 18:33:44 Going to coordinates X=-14.488, Y=-36.610
03.12 18:33:44 Moving is finished
03.12 18:33:50 Could not find 'EZRaman Reader  V8.2.0 MV' in 'dict_keys([])'
03.12 18:33:56 Could not find 'EZRaman Reader  V8.2.0 MV' in 'dict_keys([])'
03.12 18:33:56 Scanning 237 point from 391
03.12 18:33:56 Going to coordinates X=-14.438, Y=-36.610
03.12 18:33:56 Moving is finished
03.12 18:34:02 Could not find 'EZRaman Reader  V8.2.0 MV' in 'dict_keys([])'
03.12 18:34:07 Could not find 'EZRaman Reader  V8.2.0 MV' in 'dict_keys([])'
03.12 18:34:08 Scanning 238 point from 391
03.12 18:34:08 Going to coordinates X=-14.388, Y=-36.610
03.12 18:34:08 Moving is finished
03.12 18:34:15 Could not find 'EZRaman Reader  V8.2.0 MV' in 'dict_keys([])'
03.12 18:34:20 Could not find 'EZRaman Reader  V8.2.0 MV' in 'dict_keys([])'
03.12 18:34:20 Scanning 239 point from 391
03.12 18:34:20 Going to coordinates X=-14.338, Y=-36.610
03.12 18:34:20 Moving is finished
03.12 18:34:26 Could not find 'EZRaman Reader  V8.2.0 MV' in 'dict_keys([])'
03.12 18:34:32 Could not find 'EZRaman Reader  V8.2.0 MV' in 'dict_keys([])'
03.12 18:34:32 Scanning 240 point from 391
03.12 18:34:32 Going to coordinates X=-14.288, Y=-36.610
03.12 18:34:32 Moving is finished
03.12 18:34:39 Could not find 'EZRaman Reader  V8.2.0 MV' in 'dict_keys([])'
03.12 18:34:44 Could not find 'EZRaman Reader  V8.2.0 MV' in 'dict_keys([])'
03.12 18:34:44 Scanning 241 point from 391
03.12 18:34:44 Going to coordinates X=-14.238, Y=-36.610
03.12 18:34:44 Moving is finished
03.12 18:34:51 Could not find 'EZRaman Reader  V8.2.0 MV' in 'dict_keys([])'
03.12 18:34:56 Could not find 'EZRaman Reader  V8.2.0 MV' in 'dict_keys([])'
03.12 18:34:56 Scanning 242 point from 391
03.12 18:34:56 Going to coordinates X=-14.188, Y=-36.610
03.12 18:34:57 Moving is finished
03.12 18:35:03 Could not find 'EZRaman Reader  V8.2.0 MV' in 'dict_keys([])'
03.12 18:35:08 Could not find 'EZRaman Reader  V8.2.0 MV' in 'dict_keys([])'
03.12 18:35:08 Scanning 243 point from 391
03.12 18:35:08 Going to coordinates X=-14.138, Y=-36.610
03.12 18:35:09 Moving is finished
03.12 18:35:15 Could not find 'EZRaman Reader  V8.2.0 MV' in 'dict_keys([])'
03.12 18:35:20 Could not find 'EZRaman Reader  V8.2.0 MV' in 'dict_keys([])'
03.12 18:35:20 Scanning 244 point from 391
03.12 18:35:20 Going to coordinates X=-14.088, Y=-36.610
03.12 18:35:21 Moving is finished
03.12 18:35:27 Could not find 'EZRaman Reader  V8.2.0 MV' in 'dict_keys([])'
03.12 18:35:32 Could not find 'EZRaman Reader  V8.2.0 MV' in 'dict_keys([])'
03.12 18:35:32 Scanning 245 point from 391
03.12 18:35:32 Going to coordinates X=-14.038, Y=-36.610
03.12 18:35:33 Moving is finished
03.12 18:35:39 Could not find 'EZRaman Reader  V8.2.0 MV' in 'dict_keys([])'
03.12 18:35:44 Could not find 'EZRaman Reader  V8.2.0 MV' in 'dict_keys([])'
03.12 18:35:44 Scanning 246 point from 391
03.12 18:35:44 Going to coordinates X=-13.988, Y=-36.610
03.12 18:35:45 Moving is finished
03.12 18:35:51 Could not find 'EZRaman Reader  V8.2.0 MV' in 'dict_keys([])'
03.12 18:35:56 Could not find 'EZRaman Reader  V8.2.0 MV' in 'dict_keys([])'
03.12 18:35:57 Scanning 247 point from 391
03.12 18:35:57 Going to coordinates X=-13.938, Y=-36.610
03.12 18:35:57 Moving is finished
03.12 18:36:03 Could not find 'EZRaman Reader  V8.2.0 MV' in 'dict_keys([])'
03.12 18:36:08 Could not find 'EZRaman Reader  V8.2.0 MV' in 'dict_keys([])'
03.12 18:36:09 Scanning 248 point from 391
03.12 18:36:09 Going to coordinates X=-13.888, Y=-36.610
03.12 18:36:09 Moving is finished
03.12 18:36:15 Could not find 'EZRaman Reader  V8.2.0 MV' in 'dict_keys([])'
03.12 18:36:20 Could not find 'EZRaman Reader  V8.2.0 MV' in 'dict_keys([])'
03.12 18:36:21 Scanning 249 point from 391
03.12 18:36:21 Going to coordinates X=-13.838, Y=-36.610
03.12 18:36:21 Moving is finished
03.12 18:36:27 Could not find 'EZRaman Reader  V8.2.0 MV' in 'dict_keys([])'
03.12 18:36:32 Could not find 'EZRaman Reader  V8.2.0 MV' in 'dict_keys([])'
03.12 18:36:33 Scanning 250 point from 391
03.12 18:36:33 Going to coordinates X=-13.788, Y=-36.610
03.12 18:36:33 Moving is finished
03.12 18:36:39 Could not find 'EZRaman Reader  V8.2.0 MV' in 'dict_keys([])'
03.12 18:36:44 Could not find 'EZRaman Reader  V8.2.0 MV' in 'dict_keys([])'
03.12 18:36:45 Scanning 251 point from 391
03.12 18:36:45 Going to coordinates X=-13.738, Y=-36.610
03.12 18:36:45 Moving is finished
03.12 18:36:51 Could not find 'EZRaman Reader  V8.2.0 MV' in 'dict_keys([])'
03.12 18:36:56 Could not find 'EZRaman Reader  V8.2.0 MV' in 'dict_keys([])'
03.12 18:36:57 Scanning 252 point from 391
03.12 18:36:57 Going to coordinates X=-13.688, Y=-36.610
03.12 18:36:57 Moving is finished
03.12 18:37:03 Could not find 'EZRaman Reader  V8.2.0 MV' in 'dict_keys([])'
03.12 18:37:08 Could not find 'EZRaman Reader  V8.2.0 MV' in 'dict_keys([])'
03.12 18:37:09 Scanning 253 point from 391
03.12 18:37:09 Going to coordinates X=-14.788, Y=-36.510
03.12 18:37:09 Moving is finished
03.12 18:37:16 Could not find 'EZRaman Reader  V8.2.0 MV' in 'dict_keys([])'
03.12 18:37:21 Could not find 'EZRaman Reader  V8.2.0 MV' in 'dict_keys([])'
03.12 18:37:21 Scanning 254 point from 391
03.12 18:37:21 Going to coordinates X=-14.738, Y=-36.510
03.12 18:37:21 Moving is finished
03.12 18:37:28 Could not find 'EZRaman Reader  V8.2.0 MV' in 'dict_keys([])'
03.12 18:37:33 Could not find 'EZRaman Reader  V8.2.0 MV' in 'dict_keys([])'
03.12 18:37:33 Scanning 255 point from 391
03.12 18:37:33 Going to coordinates X=-14.688, Y=-36.510
03.12 18:37:34 Moving is finished
03.12 18:37:40 Could not find 'EZRaman Reader  V8.2.0 MV' in 'dict_keys([])'
03.12 18:37:45 Could not find 'EZRaman Reader  V8.2.0 MV' in 'dict_keys([])'
03.12 18:37:45 Scanning 256 point from 391
03.12 18:37:45 Going to coordinates X=-14.638, Y=-36.510
03.12 18:37:46 Moving is finished
03.12 18:37:52 Could not find 'EZRaman Reader  V8.2.0 MV' in 'dict_keys([])'
03.12 18:37:57 Could not find 'EZRaman Reader  V8.2.0 MV' in 'dict_keys([])'
03.12 18:37:57 Scanning 257 point from 391
03.12 18:37:57 Going to coordinates X=-14.588, Y=-36.510
03.12 18:37:58 Moving is finished
03.12 18:38:04 Could not find 'EZRaman Reader  V8.2.0 MV' in 'dict_keys([])'
03.12 18:38:09 Could not find 'EZRaman Reader  V8.2.0 MV' in 'dict_keys([])'
03.12 18:38:09 Scanning 258 point from 391
03.12 18:38:09 Going to coordinates X=-14.538, Y=-36.510
03.12 18:38:10 Moving is finished
03.12 18:38:16 Could not find 'EZRaman Reader  V8.2.0 MV' in 'dict_keys([])'
03.12 18:38:21 Could not find 'EZRaman Reader  V8.2.0 MV' in 'dict_keys([])'
03.12 18:38:21 Scanning 259 point from 391
03.12 18:38:21 Going to coordinates X=-14.488, Y=-36.510
03.12 18:38:22 Moving is finished
03.12 18:38:28 Could not find 'EZRaman Reader  V8.2.0 MV' in 'dict_keys([])'
03.12 18:38:33 Could not find 'EZRaman Reader  V8.2.0 MV' in 'dict_keys([])'
03.12 18:38:34 Scanning 260 point from 391
03.12 18:38:34 Going to coordinates X=-14.438, Y=-36.510
03.12 18:38:34 Moving is finished
03.12 18:38:40 Could not find 'EZRaman Reader  V8.2.0 MV' in 'dict_keys([])'
03.12 18:38:45 Could not find 'EZRaman Reader  V8.2.0 MV' in 'dict_keys([])'
03.12 18:38:46 Scanning 261 point from 391
03.12 18:38:46 Going to coordinates X=-14.388, Y=-36.510
03.12 18:38:46 Moving is finished
03.12 18:38:52 Could not find 'EZRaman Reader  V8.2.0 MV' in 'dict_keys([])'
03.12 18:38:57 Could not find 'EZRaman Reader  V8.2.0 MV' in 'dict_keys([])'
03.12 18:38:58 Scanning 262 point from 391
03.12 18:38:58 Going to coordinates X=-14.338, Y=-36.510
03.12 18:38:58 Moving is finished
03.12 18:39:04 Could not find 'EZRaman Reader  V8.2.0 MV' in 'dict_keys([])'
03.12 18:39:09 Could not find 'EZRaman Reader  V8.2.0 MV' in 'dict_keys([])'
03.12 18:39:10 Scanning 263 point from 391
03.12 18:39:10 Going to coordinates X=-14.288, Y=-36.510
03.12 18:39:10 Moving is finished
03.12 18:39:16 Could not find 'EZRaman Reader  V8.2.0 MV' in 'dict_keys([])'
03.12 18:39:21 Could not find 'EZRaman Reader  V8.2.0 MV' in 'dict_keys([])'
03.12 18:39:22 Scanning 264 point from 391
03.12 18:39:22 Going to coordinates X=-14.238, Y=-36.510
03.12 18:39:22 Moving is finished
03.12 18:39:28 Could not find 'EZRaman Reader  V8.2.0 MV' in 'dict_keys([])'
03.12 18:39:33 Could not find 'EZRaman Reader  V8.2.0 MV' in 'dict_keys([])'
03.12 18:39:34 Scanning 265 point from 391
03.12 18:39:34 Going to coordinates X=-14.188, Y=-36.510
03.12 18:39:34 Moving is finished
03.12 18:39:40 Could not find 'EZRaman Reader  V8.2.0 MV' in 'dict_keys([])'
03.12 18:39:45 Could not find 'EZRaman Reader  V8.2.0 MV' in 'dict_keys([])'
03.12 18:39:46 Scanning 266 point from 391
03.12 18:39:46 Going to coordinates X=-14.138, Y=-36.510
03.12 18:39:46 Moving is finished
03.12 18:39:52 Could not find 'EZRaman Reader  V8.2.0 MV' in 'dict_keys([])'
03.12 18:39:57 Could not find 'EZRaman Reader  V8.2.0 MV' in 'dict_keys([])'
03.12 18:39:58 Scanning 267 point from 391
03.12 18:39:58 Going to coordinates X=-14.088, Y=-36.510
03.12 18:39:58 Moving is finished
03.12 18:40:04 Could not find 'EZRaman Reader  V8.2.0 MV' in 'dict_keys([])'
03.12 18:40:09 Could not find 'EZRaman Reader  V8.2.0 MV' in 'dict_keys([])'
03.12 18:40:10 Scanning 268 point from 391
03.12 18:40:10 Going to coordinates X=-14.038, Y=-36.510
03.12 18:40:10 Moving is finished
03.12 18:40:16 Could not find 'EZRaman Reader  V8.2.0 MV' in 'dict_keys([])'
03.12 18:40:21 Could not find 'EZRaman Reader  V8.2.0 MV' in 'dict_keys([])'
03.12 18:40:22 Scanning 269 point from 391
03.12 18:40:22 Going to coordinates X=-13.988, Y=-36.510
03.12 18:40:22 Moving is finished
03.12 18:40:28 Could not find 'EZRaman Reader  V8.2.0 MV' in 'dict_keys([])'
03.12 18:40:33 Could not find 'EZRaman Reader  V8.2.0 MV' in 'dict_keys([])'
03.12 18:40:34 Scanning 270 point from 391
03.12 18:40:34 Going to coordinates X=-13.938, Y=-36.510
03.12 18:40:34 Moving is finished
03.12 18:40:40 Could not find 'EZRaman Reader  V8.2.0 MV' in 'dict_keys([])'
03.12 18:40:45 Could not find 'EZRaman Reader  V8.2.0 MV' in 'dict_keys([])'
03.12 18:40:46 Scanning 271 point from 391
03.12 18:40:46 Going to coordinates X=-13.888, Y=-36.510
03.12 18:40:46 Moving is finished
03.12 18:40:52 Could not find 'EZRaman Reader  V8.2.0 MV' in 'dict_keys([])'
03.12 18:40:57 Could not find 'EZRaman Reader  V8.2.0 MV' in 'dict_keys([])'
03.12 18:40:58 Scanning 272 point from 391
03.12 18:40:58 Going to coordinates X=-13.838, Y=-36.510
03.12 18:40:58 Moving is finished
03.12 18:41:04 Could not find 'EZRaman Reader  V8.2.0 MV' in 'dict_keys([])'
03.12 18:41:09 Could not find 'EZRaman Reader  V8.2.0 MV' in 'dict_keys([])'
03.12 18:41:10 Scanning 273 point from 391
03.12 18:41:10 Going to coordinates X=-13.788, Y=-36.510
03.12 18:41:10 Moving is finished
03.12 18:41:16 Could not find 'EZRaman Reader  V8.2.0 MV' in 'dict_keys([])'
03.12 18:41:21 Could not find 'EZRaman Reader  V8.2.0 MV' in 'dict_keys([])'
03.12 18:41:22 Scanning 274 point from 391
03.12 18:41:22 Going to coordinates X=-13.738, Y=-36.510
03.12 18:41:22 Moving is finished
03.12 18:41:28 Could not find 'EZRaman Reader  V8.2.0 MV' in 'dict_keys([])'
03.12 18:41:34 Could not find 'EZRaman Reader  V8.2.0 MV' in 'dict_keys([])'
03.12 18:41:34 Scanning 275 point from 391
03.12 18:41:34 Going to coordinates X=-13.688, Y=-36.510
03.12 18:41:34 Moving is finished
03.12 18:41:40 Could not find 'EZRaman Reader  V8.2.0 MV' in 'dict_keys([])'
03.12 18:41:46 Could not find 'EZRaman Reader  V8.2.0 MV' in 'dict_keys([])'
03.12 18:41:46 Scanning 276 point from 391
03.12 18:41:46 Going to coordinates X=-14.788, Y=-36.410
03.12 18:41:47 Moving is finished
03.12 18:41:53 Could not find 'EZRaman Reader  V8.2.0 MV' in 'dict_keys([])'
03.12 18:41:58 Could not find 'EZRaman Reader  V8.2.0 MV' in 'dict_keys([])'
03.12 18:41:59 Scanning 277 point from 391
03.12 18:41:59 Going to coordinates X=-14.738, Y=-36.410
03.12 18:41:59 Moving is finished
03.12 18:42:05 Could not find 'EZRaman Reader  V8.2.0 MV' in 'dict_keys([])'
03.12 18:42:10 Could not find 'EZRaman Reader  V8.2.0 MV' in 'dict_keys([])'
03.12 18:42:11 Scanning 278 point from 391
03.12 18:42:11 Going to coordinates X=-14.688, Y=-36.410
03.12 18:42:11 Moving is finished
03.12 18:42:17 Could not find 'EZRaman Reader  V8.2.0 MV' in 'dict_keys([])'
03.12 18:42:22 Could not find 'EZRaman Reader  V8.2.0 MV' in 'dict_keys([])'
03.12 18:42:23 Scanning 279 point from 391
03.12 18:42:23 Going to coordinates X=-14.638, Y=-36.410
03.12 18:42:23 Moving is finished
03.12 18:42:29 Could not find 'EZRaman Reader  V8.2.0 MV' in 'dict_keys([])'
03.12 18:42:34 Could not find 'EZRaman Reader  V8.2.0 MV' in 'dict_keys([])'
03.12 18:42:35 Scanning 280 point from 391
03.12 18:42:35 Going to coordinates X=-14.588, Y=-36.410
03.12 18:42:35 Moving is finished
03.12 18:42:41 Could not find 'EZRaman Reader  V8.2.0 MV' in 'dict_keys([])'
03.12 18:42:46 Could not find 'EZRaman Reader  V8.2.0 MV' in 'dict_keys([])'
03.12 18:42:47 Scanning 281 point from 391
03.12 18:42:47 Going to coordinates X=-14.538, Y=-36.410
03.12 18:42:47 Moving is finished
03.12 18:42:53 Could not find 'EZRaman Reader  V8.2.0 MV' in 'dict_keys([])'
03.12 18:42:58 Could not find 'EZRaman Reader  V8.2.0 MV' in 'dict_keys([])'
03.12 18:42:59 Scanning 282 point from 391
03.12 18:42:59 Going to coordinates X=-14.488, Y=-36.410
03.12 18:42:59 Moving is finished
03.12 18:43:05 Could not find 'EZRaman Reader  V8.2.0 MV' in 'dict_keys([])'
03.12 18:43:10 Could not find 'EZRaman Reader  V8.2.0 MV' in 'dict_keys([])'
03.12 18:43:11 Scanning 283 point from 391
03.12 18:43:11 Going to coordinates X=-14.438, Y=-36.410
03.12 18:43:11 Moving is finished
03.12 18:43:17 Could not find 'EZRaman Reader  V8.2.0 MV' in 'dict_keys([])'
03.12 18:43:22 Could not find 'EZRaman Reader  V8.2.0 MV' in 'dict_keys([])'
03.12 18:43:23 Scanning 284 point from 391
03.12 18:43:23 Going to coordinates X=-14.388, Y=-36.410
03.12 18:43:23 Moving is finished
03.12 18:43:29 Could not find 'EZRaman Reader  V8.2.0 MV' in 'dict_keys([])'
03.12 18:43:34 Could not find 'EZRaman Reader  V8.2.0 MV' in 'dict_keys([])'
03.12 18:43:35 Scanning 285 point from 391
03.12 18:43:35 Going to coordinates X=-14.338, Y=-36.410
03.12 18:43:35 Moving is finished
03.12 18:43:41 Could not find 'EZRaman Reader  V8.2.0 MV' in 'dict_keys([])'
03.12 18:43:46 Could not find 'EZRaman Reader  V8.2.0 MV' in 'dict_keys([])'
03.12 18:43:47 Scanning 286 point from 391
03.12 18:43:47 Going to coordinates X=-14.288, Y=-36.410
03.12 18:43:47 Moving is finished
03.12 18:43:53 Could not find 'EZRaman Reader  V8.2.0 MV' in 'dict_keys([])'
03.12 18:43:58 Could not find 'EZRaman Reader  V8.2.0 MV' in 'dict_keys([])'
03.12 18:43:59 Scanning 287 point from 391
03.12 18:43:59 Going to coordinates X=-14.238, Y=-36.410
03.12 18:43:59 Moving is finished
03.12 18:44:05 Could not find 'EZRaman Reader  V8.2.0 MV' in 'dict_keys([])'
03.12 18:44:10 Could not find 'EZRaman Reader  V8.2.0 MV' in 'dict_keys([])'
03.12 18:44:11 Scanning 288 point from 391
03.12 18:44:11 Going to coordinates X=-14.188, Y=-36.410
03.12 18:44:11 Moving is finished
03.12 18:44:17 Could not find 'EZRaman Reader  V8.2.0 MV' in 'dict_keys([])'
03.12 18:44:22 Could not find 'EZRaman Reader  V8.2.0 MV' in 'dict_keys([])'
03.12 18:44:23 Scanning 289 point from 391
03.12 18:44:23 Going to coordinates X=-14.138, Y=-36.410
03.12 18:44:23 Moving is finished
03.12 18:44:29 Could not find 'EZRaman Reader  V8.2.0 MV' in 'dict_keys([])'
03.12 18:44:34 Could not find 'EZRaman Reader  V8.2.0 MV' in 'dict_keys([])'
03.12 18:44:35 Scanning 290 point from 391
03.12 18:44:35 Going to coordinates X=-14.088, Y=-36.410
03.12 18:44:35 Moving is finished
03.12 18:44:41 Could not find 'EZRaman Reader  V8.2.0 MV' in 'dict_keys([])'
03.12 18:44:46 Could not find 'EZRaman Reader  V8.2.0 MV' in 'dict_keys([])'
03.12 18:44:47 Scanning 291 point from 391
03.12 18:44:47 Going to coordinates X=-14.038, Y=-36.410
03.12 18:44:47 Moving is finished
03.12 18:44:53 Could not find 'EZRaman Reader  V8.2.0 MV' in 'dict_keys([])'
03.12 18:44:58 Could not find 'EZRaman Reader  V8.2.0 MV' in 'dict_keys([])'
03.12 18:44:59 Scanning 292 point from 391
03.12 18:44:59 Going to coordinates X=-13.988, Y=-36.410
03.12 18:44:59 Moving is finished
03.12 18:45:05 Could not find 'EZRaman Reader  V8.2.0 MV' in 'dict_keys([])'
03.12 18:45:10 Could not find 'EZRaman Reader  V8.2.0 MV' in 'dict_keys([])'
03.12 18:45:11 Scanning 293 point from 391
03.12 18:45:11 Going to coordinates X=-13.938, Y=-36.410
03.12 18:45:11 Moving is finished
03.12 18:45:17 Could not find 'EZRaman Reader  V8.2.0 MV' in 'dict_keys([])'
03.12 18:45:22 Could not find 'EZRaman Reader  V8.2.0 MV' in 'dict_keys([])'
03.12 18:45:23 Scanning 294 point from 391
03.12 18:45:23 Going to coordinates X=-13.888, Y=-36.410
03.12 18:45:23 Moving is finished
03.12 18:45:29 Could not find 'EZRaman Reader  V8.2.0 MV' in 'dict_keys([])'
03.12 18:45:34 Could not find 'EZRaman Reader  V8.2.0 MV' in 'dict_keys([])'
03.12 18:45:35 Scanning 295 point from 391
03.12 18:45:35 Going to coordinates X=-13.838, Y=-36.410
03.12 18:45:35 Moving is finished
03.12 18:45:42 Could not find 'EZRaman Reader  V8.2.0 MV' in 'dict_keys([])'
03.12 18:45:47 Could not find 'EZRaman Reader  V8.2.0 MV' in 'dict_keys([])'
03.12 18:45:47 Scanning 296 point from 391
03.12 18:45:47 Going to coordinates X=-13.788, Y=-36.410
03.12 18:45:47 Moving is finished
03.12 18:45:54 Could not find 'EZRaman Reader  V8.2.0 MV' in 'dict_keys([])'
03.12 18:45:59 Could not find 'EZRaman Reader  V8.2.0 MV' in 'dict_keys([])'
03.12 18:45:59 Scanning 297 point from 391
03.12 18:45:59 Going to coordinates X=-13.738, Y=-36.410
03.12 18:45:59 Moving is finished
03.12 18:46:06 Could not find 'EZRaman Reader  V8.2.0 MV' in 'dict_keys([])'
03.12 18:46:11 Could not find 'EZRaman Reader  V8.2.0 MV' in 'dict_keys([])'
03.12 18:46:11 Scanning 298 point from 391
03.12 18:46:11 Going to coordinates X=-13.688, Y=-36.410
03.12 18:46:11 Moving is finished
03.12 18:46:18 Could not find 'EZRaman Reader  V8.2.0 MV' in 'dict_keys([])'
03.12 18:46:23 Could not find 'EZRaman Reader  V8.2.0 MV' in 'dict_keys([])'
03.12 18:46:23 Scanning 299 point from 391
03.12 18:46:23 Going to coordinates X=-14.788, Y=-36.310
03.12 18:46:24 Moving is finished
03.12 18:46:30 Could not find 'EZRaman Reader  V8.2.0 MV' in 'dict_keys([])'
03.12 18:46:35 Could not find 'EZRaman Reader  V8.2.0 MV' in 'dict_keys([])'
03.12 18:46:36 Scanning 300 point from 391
03.12 18:46:36 Going to coordinates X=-14.738, Y=-36.310
03.12 18:46:36 Moving is finished
03.12 18:46:42 Could not find 'EZRaman Reader  V8.2.0 MV' in 'dict_keys([])'
03.12 18:46:47 Could not find 'EZRaman Reader  V8.2.0 MV' in 'dict_keys([])'
03.12 18:46:48 Scanning 301 point from 391
03.12 18:46:48 Going to coordinates X=-14.688, Y=-36.310
03.12 18:46:48 Moving is finished
03.12 18:46:54 Could not find 'EZRaman Reader  V8.2.0 MV' in 'dict_keys([])'
03.12 18:46:59 Could not find 'EZRaman Reader  V8.2.0 MV' in 'dict_keys([])'
03.12 18:47:00 Scanning 302 point from 391
03.12 18:47:00 Going to coordinates X=-14.638, Y=-36.310
03.12 18:47:00 Moving is finished
03.12 18:47:06 Could not find 'EZRaman Reader  V8.2.0 MV' in 'dict_keys([])'
03.12 18:47:11 Could not find 'EZRaman Reader  V8.2.0 MV' in 'dict_keys([])'
03.12 18:47:12 Scanning 303 point from 391
03.12 18:47:12 Going to coordinates X=-14.588, Y=-36.310
03.12 18:47:12 Moving is finished
03.12 18:47:18 Could not find 'EZRaman Reader  V8.2.0 MV' in 'dict_keys([])'
03.12 18:47:23 Could not find 'EZRaman Reader  V8.2.0 MV' in 'dict_keys([])'
03.12 18:47:24 Scanning 304 point from 391
03.12 18:47:24 Going to coordinates X=-14.538, Y=-36.310
03.12 18:47:24 Moving is finished
03.12 18:47:30 Could not find 'EZRaman Reader  V8.2.0 MV' in 'dict_keys([])'
03.12 18:47:35 Could not find 'EZRaman Reader  V8.2.0 MV' in 'dict_keys([])'
03.12 18:47:36 Scanning 305 point from 391
03.12 18:47:36 Going to coordinates X=-14.488, Y=-36.310
03.12 18:47:36 Moving is finished
03.12 18:47:42 Could not find 'EZRaman Reader  V8.2.0 MV' in 'dict_keys([])'
03.12 18:47:47 Could not find 'EZRaman Reader  V8.2.0 MV' in 'dict_keys([])'
03.12 18:47:48 Scanning 306 point from 391
03.12 18:47:48 Going to coordinates X=-14.438, Y=-36.310
03.12 18:47:48 Moving is finished
03.12 18:47:54 Could not find 'EZRaman Reader  V8.2.0 MV' in 'dict_keys([])'
03.12 18:47:59 Could not find 'EZRaman Reader  V8.2.0 MV' in 'dict_keys([])'
03.12 18:48:00 Scanning 307 point from 391
03.12 18:48:00 Going to coordinates X=-14.388, Y=-36.310
03.12 18:48:00 Moving is finished
03.12 18:48:06 Could not find 'EZRaman Reader  V8.2.0 MV' in 'dict_keys([])'
03.12 18:48:11 Could not find 'EZRaman Reader  V8.2.0 MV' in 'dict_keys([])'
03.12 18:48:12 Scanning 308 point from 391
03.12 18:48:12 Going to coordinates X=-14.338, Y=-36.310
03.12 18:48:12 Moving is finished
03.12 18:48:18 Could not find 'EZRaman Reader  V8.2.0 MV' in 'dict_keys([])'
03.12 18:48:23 Could not find 'EZRaman Reader  V8.2.0 MV' in 'dict_keys([])'
03.12 18:48:24 Scanning 309 point from 391
03.12 18:48:24 Going to coordinates X=-14.288, Y=-36.310
03.12 18:48:24 Moving is finished
03.12 18:48:30 Could not find 'EZRaman Reader  V8.2.0 MV' in 'dict_keys([])'
03.12 18:48:35 Could not find 'EZRaman Reader  V8.2.0 MV' in 'dict_keys([])'
03.12 18:48:36 Scanning 310 point from 391
03.12 18:48:36 Going to coordinates X=-14.238, Y=-36.310
03.12 18:48:36 Moving is finished
03.12 18:48:42 Could not find 'EZRaman Reader  V8.2.0 MV' in 'dict_keys([])'
03.12 18:48:47 Could not find 'EZRaman Reader  V8.2.0 MV' in 'dict_keys([])'
03.12 18:48:48 Scanning 311 point from 391
03.12 18:48:48 Going to coordinates X=-14.188, Y=-36.310
03.12 18:48:48 Moving is finished
03.12 18:48:54 Could not find 'EZRaman Reader  V8.2.0 MV' in 'dict_keys([])'
03.12 18:48:59 Could not find 'EZRaman Reader  V8.2.0 MV' in 'dict_keys([])'
03.12 18:49:00 Scanning 312 point from 391
03.12 18:49:00 Going to coordinates X=-14.138, Y=-36.310
03.12 18:49:00 Moving is finished
03.12 18:49:06 Could not find 'EZRaman Reader  V8.2.0 MV' in 'dict_keys([])'
03.12 18:49:11 Could not find 'EZRaman Reader  V8.2.0 MV' in 'dict_keys([])'
03.12 18:49:12 Scanning 313 point from 391
03.12 18:49:12 Going to coordinates X=-14.088, Y=-36.310
03.12 18:49:12 Moving is finished
03.12 18:49:18 Could not find 'EZRaman Reader  V8.2.0 MV' in 'dict_keys([])'
03.12 18:49:23 Could not find 'EZRaman Reader  V8.2.0 MV' in 'dict_keys([])'
03.12 18:49:24 Scanning 314 point from 391
03.12 18:49:24 Going to coordinates X=-14.038, Y=-36.310
03.12 18:49:24 Moving is finished
03.12 18:49:31 Could not find 'EZRaman Reader  V8.2.0 MV' in 'dict_keys([])'
03.12 18:49:36 Could not find 'EZRaman Reader  V8.2.0 MV' in 'dict_keys([])'
03.12 18:49:36 Scanning 315 point from 391
03.12 18:49:36 Going to coordinates X=-13.988, Y=-36.310
03.12 18:49:36 Moving is finished
03.12 18:49:42 Could not find 'EZRaman Reader  V8.2.0 MV' in 'dict_keys([])'
03.12 18:49:48 Could not find 'EZRaman Reader  V8.2.0 MV' in 'dict_keys([])'
03.12 18:49:48 Scanning 316 point from 391
03.12 18:49:48 Going to coordinates X=-13.938, Y=-36.310
03.12 18:49:48 Moving is finished
03.12 18:49:55 Could not find 'EZRaman Reader  V8.2.0 MV' in 'dict_keys([])'
03.12 18:50:00 Could not find 'EZRaman Reader  V8.2.0 MV' in 'dict_keys([])'
03.12 18:50:00 Scanning 317 point from 391
03.12 18:50:00 Going to coordinates X=-13.888, Y=-36.310
03.12 18:50:01 Moving is finished
03.12 18:50:07 Could not find 'EZRaman Reader  V8.2.0 MV' in 'dict_keys([])'
03.12 18:50:12 Could not find 'EZRaman Reader  V8.2.0 MV' in 'dict_keys([])'
03.12 18:50:12 Scanning 318 point from 391
03.12 18:50:12 Going to coordinates X=-13.838, Y=-36.310
03.12 18:50:12 Moving is finished
03.12 18:50:19 Could not find 'EZRaman Reader  V8.2.0 MV' in 'dict_keys([])'
03.12 18:50:24 Could not find 'EZRaman Reader  V8.2.0 MV' in 'dict_keys([])'
03.12 18:50:24 Scanning 319 point from 391
03.12 18:50:24 Going to coordinates X=-13.788, Y=-36.310
03.12 18:50:25 Moving is finished
03.12 18:50:31 Could not find 'EZRaman Reader  V8.2.0 MV' in 'dict_keys([])'
03.12 18:50:36 Could not find 'EZRaman Reader  V8.2.0 MV' in 'dict_keys([])'
03.12 18:50:36 Scanning 320 point from 391
03.12 18:50:36 Going to coordinates X=-13.738, Y=-36.310
03.12 18:50:37 Moving is finished
03.12 18:50:43 Could not find 'EZRaman Reader  V8.2.0 MV' in 'dict_keys([])'
03.12 18:50:48 Could not find 'EZRaman Reader  V8.2.0 MV' in 'dict_keys([])'
03.12 18:50:48 Scanning 321 point from 391
03.12 18:50:48 Going to coordinates X=-13.688, Y=-36.310
03.12 18:50:49 Moving is finished
03.12 18:50:55 Could not find 'EZRaman Reader  V8.2.0 MV' in 'dict_keys([])'
03.12 18:51:00 Could not find 'EZRaman Reader  V8.2.0 MV' in 'dict_keys([])'
03.12 18:51:00 Scanning 322 point from 391
03.12 18:51:00 Going to coordinates X=-14.788, Y=-36.210
03.12 18:51:01 Moving is finished
03.12 18:51:07 Could not find 'EZRaman Reader  V8.2.0 MV' in 'dict_keys([])'
03.12 18:51:12 Could not find 'EZRaman Reader  V8.2.0 MV' in 'dict_keys([])'
03.12 18:51:13 Scanning 323 point from 391
03.12 18:51:13 Going to coordinates X=-14.738, Y=-36.210
03.12 18:51:13 Moving is finished
03.12 18:51:19 Could not find 'EZRaman Reader  V8.2.0 MV' in 'dict_keys([])'
03.12 18:51:24 Could not find 'EZRaman Reader  V8.2.0 MV' in 'dict_keys([])'
03.12 18:51:25 Scanning 324 point from 391
03.12 18:51:25 Going to coordinates X=-14.688, Y=-36.210
03.12 18:51:25 Moving is finished
03.12 18:51:31 Could not find 'EZRaman Reader  V8.2.0 MV' in 'dict_keys([])'
03.12 18:51:36 Could not find 'EZRaman Reader  V8.2.0 MV' in 'dict_keys([])'
03.12 18:51:37 Scanning 325 point from 391
03.12 18:51:37 Going to coordinates X=-14.638, Y=-36.210
03.12 18:51:37 Moving is finished
03.12 18:51:43 Could not find 'EZRaman Reader  V8.2.0 MV' in 'dict_keys([])'
03.12 18:51:48 Could not find 'EZRaman Reader  V8.2.0 MV' in 'dict_keys([])'
03.12 18:51:49 Scanning 326 point from 391
03.12 18:51:49 Going to coordinates X=-14.588, Y=-36.210
03.12 18:51:49 Moving is finished
03.12 18:51:55 Could not find 'EZRaman Reader  V8.2.0 MV' in 'dict_keys([])'
03.12 18:52:00 Could not find 'EZRaman Reader  V8.2.0 MV' in 'dict_keys([])'
03.12 18:52:01 Scanning 327 point from 391
03.12 18:52:01 Going to coordinates X=-14.538, Y=-36.210
03.12 18:52:01 Moving is finished
03.12 18:52:07 Could not find 'EZRaman Reader  V8.2.0 MV' in 'dict_keys([])'
03.12 18:52:12 Could not find 'EZRaman Reader  V8.2.0 MV' in 'dict_keys([])'
03.12 18:52:13 Scanning 328 point from 391
03.12 18:52:13 Going to coordinates X=-14.488, Y=-36.210
03.12 18:52:13 Moving is finished
03.12 18:52:19 Could not find 'EZRaman Reader  V8.2.0 MV' in 'dict_keys([])'
03.12 18:52:24 Could not find 'EZRaman Reader  V8.2.0 MV' in 'dict_keys([])'
03.12 18:52:25 Scanning 329 point from 391
03.12 18:52:25 Going to coordinates X=-14.438, Y=-36.210
03.12 18:52:25 Moving is finished
03.12 18:52:31 Could not find 'EZRaman Reader  V8.2.0 MV' in 'dict_keys([])'
03.12 18:52:36 Could not find 'EZRaman Reader  V8.2.0 MV' in 'dict_keys([])'
03.12 18:52:37 Scanning 330 point from 391
03.12 18:52:37 Going to coordinates X=-14.388, Y=-36.210
03.12 18:52:37 Moving is finished
03.12 18:52:43 Could not find 'EZRaman Reader  V8.2.0 MV' in 'dict_keys([])'
03.12 18:52:48 Could not find 'EZRaman Reader  V8.2.0 MV' in 'dict_keys([])'
03.12 18:52:49 Scanning 331 point from 391
03.12 18:52:49 Going to coordinates X=-14.338, Y=-36.210
03.12 18:52:49 Moving is finished
03.12 18:52:55 Could not find 'EZRaman Reader  V8.2.0 MV' in 'dict_keys([])'
03.12 18:53:00 Could not find 'EZRaman Reader  V8.2.0 MV' in 'dict_keys([])'
03.12 18:53:01 Scanning 332 point from 391
03.12 18:53:01 Going to coordinates X=-14.288, Y=-36.210
03.12 18:53:01 Moving is finished
03.12 18:53:07 Could not find 'EZRaman Reader  V8.2.0 MV' in 'dict_keys([])'
03.12 18:53:12 Could not find 'EZRaman Reader  V8.2.0 MV' in 'dict_keys([])'
03.12 18:53:13 Scanning 333 point from 391
03.12 18:53:13 Going to coordinates X=-14.238, Y=-36.210
03.12 18:53:13 Moving is finished
03.12 18:53:19 Could not find 'EZRaman Reader  V8.2.0 MV' in 'dict_keys([])'
03.12 18:53:24 Could not find 'EZRaman Reader  V8.2.0 MV' in 'dict_keys([])'
03.12 18:53:25 Scanning 334 point from 391
03.12 18:53:25 Going to coordinates X=-14.188, Y=-36.210
03.12 18:53:25 Moving is finished
03.12 18:53:31 Could not find 'EZRaman Reader  V8.2.0 MV' in 'dict_keys([])'
03.12 18:53:36 Could not find 'EZRaman Reader  V8.2.0 MV' in 'dict_keys([])'
03.12 18:53:37 Scanning 335 point from 391
03.12 18:53:37 Going to coordinates X=-14.138, Y=-36.210
03.12 18:53:37 Moving is finished
03.12 18:53:43 Could not find 'EZRaman Reader  V8.2.0 MV' in 'dict_keys([])'
03.12 18:53:48 Could not find 'EZRaman Reader  V8.2.0 MV' in 'dict_keys([])'
03.12 18:53:49 Scanning 336 point from 391
03.12 18:53:49 Going to coordinates X=-14.088, Y=-36.210
03.12 18:53:49 Moving is finished
03.12 18:53:55 Could not find 'EZRaman Reader  V8.2.0 MV' in 'dict_keys([])'
03.12 18:54:00 Could not find 'EZRaman Reader  V8.2.0 MV' in 'dict_keys([])'
03.12 18:54:01 Scanning 337 point from 391
03.12 18:54:01 Going to coordinates X=-14.038, Y=-36.210
03.12 18:54:01 Moving is finished
03.12 18:54:07 Could not find 'EZRaman Reader  V8.2.0 MV' in 'dict_keys([])'
03.12 18:54:12 Could not find 'EZRaman Reader  V8.2.0 MV' in 'dict_keys([])'
03.12 18:54:13 Scanning 338 point from 391
03.12 18:54:13 Going to coordinates X=-13.988, Y=-36.210
03.12 18:54:13 Moving is finished
03.12 18:54:19 Could not find 'EZRaman Reader  V8.2.0 MV' in 'dict_keys([])'
03.12 18:54:24 Could not find 'EZRaman Reader  V8.2.0 MV' in 'dict_keys([])'
03.12 18:54:25 Scanning 339 point from 391
03.12 18:54:25 Going to coordinates X=-13.938, Y=-36.210
03.12 18:54:25 Moving is finished
03.12 18:54:31 Could not find 'EZRaman Reader  V8.2.0 MV' in 'dict_keys([])'
03.12 18:54:37 Could not find 'EZRaman Reader  V8.2.0 MV' in 'dict_keys([])'
03.12 18:54:37 Scanning 340 point from 391
03.12 18:54:37 Going to coordinates X=-13.888, Y=-36.210
03.12 18:54:37 Moving is finished
03.12 18:54:44 Could not find 'EZRaman Reader  V8.2.0 MV' in 'dict_keys([])'
03.12 18:54:49 Could not find 'EZRaman Reader  V8.2.0 MV' in 'dict_keys([])'
03.12 18:54:49 Scanning 341 point from 391
03.12 18:54:49 Going to coordinates X=-13.838, Y=-36.210
03.12 18:54:49 Moving is finished
03.12 18:54:56 Could not find 'EZRaman Reader  V8.2.0 MV' in 'dict_keys([])'
03.12 18:55:01 Could not find 'EZRaman Reader  V8.2.0 MV' in 'dict_keys([])'
03.12 18:55:01 Scanning 342 point from 391
03.12 18:55:01 Going to coordinates X=-13.788, Y=-36.210
03.12 18:55:02 Moving is finished
03.12 18:55:08 Could not find 'EZRaman Reader  V8.2.0 MV' in 'dict_keys([])'
03.12 18:55:13 Could not find 'EZRaman Reader  V8.2.0 MV' in 'dict_keys([])'
03.12 18:55:13 Scanning 343 point from 391
03.12 18:55:13 Going to coordinates X=-13.738, Y=-36.210
03.12 18:55:14 Moving is finished
03.12 18:55:20 Could not find 'EZRaman Reader  V8.2.0 MV' in 'dict_keys([])'
03.12 18:55:25 Could not find 'EZRaman Reader  V8.2.0 MV' in 'dict_keys([])'
03.12 18:55:25 Scanning 344 point from 391
03.12 18:55:25 Going to coordinates X=-13.688, Y=-36.210
03.12 18:55:26 Moving is finished
03.12 18:55:32 Could not find 'EZRaman Reader  V8.2.0 MV' in 'dict_keys([])'
03.12 18:55:37 Could not find 'EZRaman Reader  V8.2.0 MV' in 'dict_keys([])'
03.12 18:55:37 Scanning 345 point from 391
03.12 18:55:37 Going to coordinates X=-14.788, Y=-36.110
03.12 18:55:38 Moving is finished
03.12 18:55:44 Could not find 'EZRaman Reader  V8.2.0 MV' in 'dict_keys([])'
03.12 18:55:49 Could not find 'EZRaman Reader  V8.2.0 MV' in 'dict_keys([])'
03.12 18:55:50 Scanning 346 point from 391
03.12 18:55:50 Going to coordinates X=-14.738, Y=-36.110
03.12 18:55:50 Moving is finished
03.12 18:55:56 Could not find 'EZRaman Reader  V8.2.0 MV' in 'dict_keys([])'
03.12 18:56:01 Could not find 'EZRaman Reader  V8.2.0 MV' in 'dict_keys([])'
03.12 18:56:02 Scanning 347 point from 391
03.12 18:56:02 Going to coordinates X=-14.688, Y=-36.110
03.12 18:56:02 Moving is finished
03.12 18:56:08 Could not find 'EZRaman Reader  V8.2.0 MV' in 'dict_keys([])'
03.12 18:56:13 Could not find 'EZRaman Reader  V8.2.0 MV' in 'dict_keys([])'
03.12 18:56:14 Scanning 348 point from 391
03.12 18:56:14 Going to coordinates X=-14.638, Y=-36.110
03.12 18:56:14 Moving is finished
03.12 18:56:20 Could not find 'EZRaman Reader  V8.2.0 MV' in 'dict_keys([])'
03.12 18:56:25 Could not find 'EZRaman Reader  V8.2.0 MV' in 'dict_keys([])'
03.12 18:56:26 Scanning 349 point from 391
03.12 18:56:26 Going to coordinates X=-14.588, Y=-36.110
03.12 18:56:26 Moving is finished
03.12 18:56:32 Could not find 'EZRaman Reader  V8.2.0 MV' in 'dict_keys([])'
03.12 18:56:37 Could not find 'EZRaman Reader  V8.2.0 MV' in 'dict_keys([])'
03.12 18:56:38 Scanning 350 point from 391
03.12 18:56:38 Going to coordinates X=-14.538, Y=-36.110
03.12 18:56:38 Moving is finished
03.12 18:56:44 Could not find 'EZRaman Reader  V8.2.0 MV' in 'dict_keys([])'
03.12 18:56:49 Could not find 'EZRaman Reader  V8.2.0 MV' in 'dict_keys([])'
03.12 18:56:50 Scanning 351 point from 391
03.12 18:56:50 Going to coordinates X=-14.488, Y=-36.110
03.12 18:56:50 Moving is finished
03.12 18:56:56 Could not find 'EZRaman Reader  V8.2.0 MV' in 'dict_keys([])'
03.12 18:57:01 Could not find 'EZRaman Reader  V8.2.0 MV' in 'dict_keys([])'
03.12 18:57:02 Scanning 352 point from 391
03.12 18:57:02 Going to coordinates X=-14.438, Y=-36.110
03.12 18:57:02 Moving is finished
03.12 18:57:08 Could not find 'EZRaman Reader  V8.2.0 MV' in 'dict_keys([])'
03.12 18:57:13 Could not find 'EZRaman Reader  V8.2.0 MV' in 'dict_keys([])'
03.12 18:57:14 Scanning 353 point from 391
03.12 18:57:14 Going to coordinates X=-14.388, Y=-36.110
03.12 18:57:14 Moving is finished
03.12 18:57:20 Could not find 'EZRaman Reader  V8.2.0 MV' in 'dict_keys([])'
03.12 18:57:25 Could not find 'EZRaman Reader  V8.2.0 MV' in 'dict_keys([])'
03.12 18:57:26 Scanning 354 point from 391
03.12 18:57:26 Going to coordinates X=-14.338, Y=-36.110
03.12 18:57:26 Moving is finished
03.12 18:57:32 Could not find 'EZRaman Reader  V8.2.0 MV' in 'dict_keys([])'
03.12 18:57:37 Could not find 'EZRaman Reader  V8.2.0 MV' in 'dict_keys([])'
03.12 18:57:38 Scanning 355 point from 391
03.12 18:57:38 Going to coordinates X=-14.288, Y=-36.110
03.12 18:57:38 Moving is finished
03.12 18:57:44 Could not find 'EZRaman Reader  V8.2.0 MV' in 'dict_keys([])'
03.12 18:57:49 Could not find 'EZRaman Reader  V8.2.0 MV' in 'dict_keys([])'
03.12 18:57:50 Scanning 356 point from 391
03.12 18:57:50 Going to coordinates X=-14.238, Y=-36.110
03.12 18:57:50 Moving is finished
03.12 18:57:56 Could not find 'EZRaman Reader  V8.2.0 MV' in 'dict_keys([])'
03.12 18:58:01 Could not find 'EZRaman Reader  V8.2.0 MV' in 'dict_keys([])'
03.12 18:58:02 Scanning 357 point from 391
03.12 18:58:02 Going to coordinates X=-14.188, Y=-36.110
03.12 18:58:02 Moving is finished
03.12 18:58:08 Could not find 'EZRaman Reader  V8.2.0 MV' in 'dict_keys([])'
03.12 18:58:13 Could not find 'EZRaman Reader  V8.2.0 MV' in 'dict_keys([])'
03.12 18:58:14 Scanning 358 point from 391
03.12 18:58:14 Going to coordinates X=-14.138, Y=-36.110
03.12 18:58:14 Moving is finished
03.12 18:58:20 Could not find 'EZRaman Reader  V8.2.0 MV' in 'dict_keys([])'
03.12 18:58:25 Could not find 'EZRaman Reader  V8.2.0 MV' in 'dict_keys([])'
03.12 18:58:26 Scanning 359 point from 391
03.12 18:58:26 Going to coordinates X=-14.088, Y=-36.110
03.12 18:58:26 Moving is finished
03.12 18:58:32 Could not find 'EZRaman Reader  V8.2.0 MV' in 'dict_keys([])'
03.12 18:58:38 Could not find 'EZRaman Reader  V8.2.0 MV' in 'dict_keys([])'
03.12 18:58:38 Scanning 360 point from 391
03.12 18:58:38 Going to coordinates X=-14.038, Y=-36.110
03.12 18:58:38 Moving is finished
03.12 18:58:44 Could not find 'EZRaman Reader  V8.2.0 MV' in 'dict_keys([])'
03.12 18:58:50 Could not find 'EZRaman Reader  V8.2.0 MV' in 'dict_keys([])'
03.12 18:58:50 Scanning 361 point from 391
03.12 18:58:50 Going to coordinates X=-13.988, Y=-36.110
03.12 18:58:50 Moving is finished
03.12 18:58:57 Could not find 'EZRaman Reader  V8.2.0 MV' in 'dict_keys([])'
03.12 18:59:02 Could not find 'EZRaman Reader  V8.2.0 MV' in 'dict_keys([])'
03.12 18:59:02 Scanning 362 point from 391
03.12 18:59:02 Going to coordinates X=-13.938, Y=-36.110
03.12 18:59:02 Moving is finished
03.12 18:59:08 Could not find 'EZRaman Reader  V8.2.0 MV' in 'dict_keys([])'
03.12 18:59:14 Could not find 'EZRaman Reader  V8.2.0 MV' in 'dict_keys([])'
03.12 18:59:14 Scanning 363 point from 391
03.12 18:59:14 Going to coordinates X=-13.888, Y=-36.110
03.12 18:59:14 Moving is finished
03.12 18:59:21 Could not find 'EZRaman Reader  V8.2.0 MV' in 'dict_keys([])'
03.12 18:59:26 Could not find 'EZRaman Reader  V8.2.0 MV' in 'dict_keys([])'
03.12 18:59:26 Scanning 364 point from 391
03.12 18:59:26 Going to coordinates X=-13.838, Y=-36.110
03.12 18:59:26 Moving is finished
03.12 18:59:33 Could not find 'EZRaman Reader  V8.2.0 MV' in 'dict_keys([])'
03.12 18:59:38 Could not find 'EZRaman Reader  V8.2.0 MV' in 'dict_keys([])'
03.12 18:59:38 Scanning 365 point from 391
03.12 18:59:38 Going to coordinates X=-13.788, Y=-36.110
03.12 18:59:38 Moving is finished
03.12 18:59:45 Could not find 'EZRaman Reader  V8.2.0 MV' in 'dict_keys([])'
03.12 18:59:50 Could not find 'EZRaman Reader  V8.2.0 MV' in 'dict_keys([])'
03.12 18:59:50 Scanning 366 point from 391
03.12 18:59:50 Going to coordinates X=-13.738, Y=-36.110
03.12 18:59:50 Moving is finished
03.12 18:59:57 Could not find 'EZRaman Reader  V8.2.0 MV' in 'dict_keys([])'
03.12 19:00:02 Could not find 'EZRaman Reader  V8.2.0 MV' in 'dict_keys([])'
03.12 19:00:02 Scanning 367 point from 391
03.12 19:00:02 Going to coordinates X=-13.688, Y=-36.110
03.12 19:00:03 Moving is finished
03.12 19:00:09 Could not find 'EZRaman Reader  V8.2.0 MV' in 'dict_keys([])'
03.12 19:00:14 Could not find 'EZRaman Reader  V8.2.0 MV' in 'dict_keys([])'
03.12 19:00:14 Scanning 368 point from 391
03.12 19:00:14 Going to coordinates X=-14.788, Y=-36.010
03.12 19:00:15 Moving is finished
03.12 19:00:21 Could not find 'EZRaman Reader  V8.2.0 MV' in 'dict_keys([])'
03.12 19:00:26 Could not find 'EZRaman Reader  V8.2.0 MV' in 'dict_keys([])'
03.12 19:00:27 Scanning 369 point from 391
03.12 19:00:27 Going to coordinates X=-14.738, Y=-36.010
03.12 19:00:27 Moving is finished
03.12 19:00:33 Could not find 'EZRaman Reader  V8.2.0 MV' in 'dict_keys([])'
03.12 19:00:38 Could not find 'EZRaman Reader  V8.2.0 MV' in 'dict_keys([])'
03.12 19:00:39 Scanning 370 point from 391
03.12 19:00:39 Going to coordinates X=-14.688, Y=-36.010
03.12 19:00:39 Moving is finished
03.12 19:00:45 Could not find 'EZRaman Reader  V8.2.0 MV' in 'dict_keys([])'
03.12 19:00:50 Could not find 'EZRaman Reader  V8.2.0 MV' in 'dict_keys([])'
03.12 19:00:51 Scanning 371 point from 391
03.12 19:00:51 Going to coordinates X=-14.638, Y=-36.010
03.12 19:00:51 Moving is finished
03.12 19:00:57 Could not find 'EZRaman Reader  V8.2.0 MV' in 'dict_keys([])'
03.12 19:01:02 Could not find 'EZRaman Reader  V8.2.0 MV' in 'dict_keys([])'
03.12 19:01:03 Scanning 372 point from 391
03.12 19:01:03 Going to coordinates X=-14.588, Y=-36.010
03.12 19:01:03 Moving is finished
03.12 19:01:09 Could not find 'EZRaman Reader  V8.2.0 MV' in 'dict_keys([])'
03.12 19:01:14 Could not find 'EZRaman Reader  V8.2.0 MV' in 'dict_keys([])'
03.12 19:01:15 Scanning 373 point from 391
03.12 19:01:15 Going to coordinates X=-14.538, Y=-36.010
03.12 19:01:15 Moving is finished
03.12 19:01:21 Could not find 'EZRaman Reader  V8.2.0 MV' in 'dict_keys([])'
03.12 19:01:26 Could not find 'EZRaman Reader  V8.2.0 MV' in 'dict_keys([])'
03.12 19:01:27 Scanning 374 point from 391
03.12 19:01:27 Going to coordinates X=-14.488, Y=-36.010
03.12 19:01:27 Moving is finished
03.12 19:01:33 Could not find 'EZRaman Reader  V8.2.0 MV' in 'dict_keys([])'
03.12 19:01:38 Could not find 'EZRaman Reader  V8.2.0 MV' in 'dict_keys([])'
03.12 19:01:39 Scanning 375 point from 391
03.12 19:01:39 Going to coordinates X=-14.438, Y=-36.010
03.12 19:01:39 Moving is finished
03.12 19:01:45 Could not find 'EZRaman Reader  V8.2.0 MV' in 'dict_keys([])'
03.12 19:01:50 Could not find 'EZRaman Reader  V8.2.0 MV' in 'dict_keys([])'
03.12 19:01:51 Scanning 376 point from 391
03.12 19:01:51 Going to coordinates X=-14.388, Y=-36.010
03.12 19:01:51 Moving is finished
03.12 19:01:57 Could not find 'EZRaman Reader  V8.2.0 MV' in 'dict_keys([])'
03.12 19:02:02 Could not find 'EZRaman Reader  V8.2.0 MV' in 'dict_keys([])'
03.12 19:02:03 Scanning 377 point from 391
03.12 19:02:03 Going to coordinates X=-14.338, Y=-36.010
03.12 19:02:03 Moving is finished
03.12 19:02:09 Could not find 'EZRaman Reader  V8.2.0 MV' in 'dict_keys([])'
03.12 19:02:14 Could not find 'EZRaman Reader  V8.2.0 MV' in 'dict_keys([])'
03.12 19:02:15 Scanning 378 point from 391
03.12 19:02:15 Going to coordinates X=-14.288, Y=-36.010
03.12 19:02:15 Moving is finished
03.12 19:02:21 Could not find 'EZRaman Reader  V8.2.0 MV' in 'dict_keys([])'
03.12 19:02:26 Could not find 'EZRaman Reader  V8.2.0 MV' in 'dict_keys([])'
03.12 19:02:27 Scanning 379 point from 391
03.12 19:02:27 Going to coordinates X=-14.238, Y=-36.010
03.12 19:02:27 Moving is finished
03.12 19:02:33 Could not find 'EZRaman Reader  V8.2.0 MV' in 'dict_keys([])'
03.12 19:02:38 Could not find 'EZRaman Reader  V8.2.0 MV' in 'dict_keys([])'
03.12 19:02:39 Scanning 380 point from 391
03.12 19:02:39 Going to coordinates X=-14.188, Y=-36.010
03.12 19:02:39 Moving is finished
03.12 19:02:46 Could not find 'EZRaman Reader  V8.2.0 MV' in 'dict_keys([])'
03.12 19:02:51 Could not find 'EZRaman Reader  V8.2.0 MV' in 'dict_keys([])'
03.12 19:02:51 Scanning 381 point from 391
03.12 19:02:51 Going to coordinates X=-14.138, Y=-36.010
03.12 19:02:51 Moving is finished
03.12 19:02:58 Could not find 'EZRaman Reader  V8.2.0 MV' in 'dict_keys([])'
03.12 19:03:03 Could not find 'EZRaman Reader  V8.2.0 MV' in 'dict_keys([])'
03.12 19:03:03 Scanning 382 point from 391
03.12 19:03:03 Going to coordinates X=-14.088, Y=-36.010
03.12 19:03:04 Moving is finished
03.12 19:03:10 Could not find 'EZRaman Reader  V8.2.0 MV' in 'dict_keys([])'
03.12 19:03:15 Could not find 'EZRaman Reader  V8.2.0 MV' in 'dict_keys([])'
03.12 19:03:15 Scanning 383 point from 391
03.12 19:03:15 Going to coordinates X=-14.038, Y=-36.010
03.12 19:03:16 Moving is finished
03.12 19:03:22 Could not find 'EZRaman Reader  V8.2.0 MV' in 'dict_keys([])'
03.12 19:03:27 Could not find 'EZRaman Reader  V8.2.0 MV' in 'dict_keys([])'
03.12 19:03:27 Scanning 384 point from 391
03.12 19:03:27 Going to coordinates X=-13.988, Y=-36.010
03.12 19:03:28 Moving is finished
03.12 19:03:34 Could not find 'EZRaman Reader  V8.2.0 MV' in 'dict_keys([])'
03.12 19:03:39 Could not find 'EZRaman Reader  V8.2.0 MV' in 'dict_keys([])'
03.12 19:03:39 Scanning 385 point from 391
03.12 19:03:39 Going to coordinates X=-13.938, Y=-36.010
03.12 19:03:40 Moving is finished
03.12 19:03:46 Could not find 'EZRaman Reader  V8.2.0 MV' in 'dict_keys([])'
03.12 19:03:51 Could not find 'EZRaman Reader  V8.2.0 MV' in 'dict_keys([])'
03.12 19:03:51 Scanning 386 point from 391
03.12 19:03:51 Going to coordinates X=-13.888, Y=-36.010
03.12 19:03:52 Moving is finished
03.12 19:03:58 Could not find 'EZRaman Reader  V8.2.0 MV' in 'dict_keys([])'
03.12 19:04:03 Could not find 'EZRaman Reader  V8.2.0 MV' in 'dict_keys([])'
03.12 19:04:04 Scanning 387 point from 391
03.12 19:04:04 Going to coordinates X=-13.838, Y=-36.010
03.12 19:04:04 Moving is finished
03.12 19:04:10 Could not find 'EZRaman Reader  V8.2.0 MV' in 'dict_keys([])'
03.12 19:04:15 Could not find 'EZRaman Reader  V8.2.0 MV' in 'dict_keys([])'
03.12 19:04:16 Scanning 388 point from 391
03.12 19:04:16 Going to coordinates X=-13.788, Y=-36.010
03.12 19:04:16 Moving is finished
03.12 19:04:22 Could not find 'EZRaman Reader  V8.2.0 MV' in 'dict_keys([])'
03.12 19:04:27 Could not find 'EZRaman Reader  V8.2.0 MV' in 'dict_keys([])'
03.12 19:04:28 Scanning 389 point from 391
03.12 19:04:28 Going to coordinates X=-13.738, Y=-36.010
03.12 19:04:28 Moving is finished
03.12 19:04:34 Could not find 'EZRaman Reader  V8.2.0 MV' in 'dict_keys([])'
03.12 19:04:39 Could not find 'EZRaman Reader  V8.2.0 MV' in 'dict_keys([])'
03.12 19:04:40 Scanning 390 point from 391
03.12 19:04:40 Going to coordinates X=-13.688, Y=-36.010
03.12 19:04:40 Moving is finished
03.12 19:04:46 Could not find 'EZRaman Reader  V8.2.0 MV' in 'dict_keys([])'
03.12 19:04:51 Could not find 'EZRaman Reader  V8.2.0 MV' in 'dict_keys([])'
