15.07 09:07:57 Initializing grbl...
15.07 09:07:58 Got the response: b''
15.07 09:09:06 Can't send the command to GRBL
15.07 09:09:06 Write timeout15.07 09:09:06 Write timeout

15.07 09:13:48 Row 0: 15.07 09:13:48 Map: x1: -14.514, y1: -41.179, x2: -15.519, y2: -39.979, xres: 0.100, yres: 0.100, fname: target7
15.07 09:13:48 Scanning 0 point from 168
15.07 09:13:48 Going to coordinates X=-15.519, Y=-41.179
15.07 09:13:49 Moving is finished
15.07 09:14:53 Scanning 1 point from 168
15.07 09:14:53 Going to coordinates X=-15.419, Y=-41.179
15.07 09:14:53 Moving is finished
15.07 09:15:58 Scanning 2 point from 168
15.07 09:15:58 Going to coordinates X=-15.319, Y=-41.179
15.07 09:15:59 Moving is finished
15.07 09:17:03 Scanning 3 point from 168
15.07 09:17:03 Going to coordinates X=-15.219, Y=-41.179
15.07 09:17:03 Moving is finished
15.07 09:18:06 Scanning 4 point from 168
15.07 09:18:06 Going to coordinates X=-15.119, Y=-41.179
15.07 09:18:07 Moving is finished
15.07 09:19:11 Scanning 5 point from 168
15.07 09:19:11 Going to coordinates X=-15.019, Y=-41.179
15.07 09:19:12 Moving is finished
15.07 09:20:16 Scanning 6 point from 168
15.07 09:20:16 Going to coordinates X=-14.919, Y=-41.179
15.07 09:20:16 Moving is finished
15.07 09:21:20 Scanning 7 point from 168
15.07 09:21:20 Going to coordinates X=-14.819, Y=-41.179
15.07 09:21:21 Moving is finished
15.07 09:22:26 Scanning 8 point from 168
15.07 09:22:26 Going to coordinates X=-14.719, Y=-41.179
15.07 09:22:26 Moving is finished
15.07 09:23:30 Scanning 9 point from 168
15.07 09:23:30 Going to coordinates X=-14.619, Y=-41.179
15.07 09:23:31 Moving is finished
15.07 09:24:35 Scanning 10 point from 168
15.07 09:24:35 Going to coordinates X=-14.519, Y=-41.179
15.07 09:24:35 Moving is finished
15.07 09:25:39 Scanning 11 point from 168
15.07 09:25:39 Going to coordinates X=-14.419, Y=-41.179
15.07 09:25:39 Moving is finished
15.07 09:26:43 Scanning 12 point from 168
15.07 09:26:43 Going to coordinates X=-15.519, Y=-41.079
15.07 09:26:44 Moving is finished
15.07 09:27:48 Scanning 13 point from 168
15.07 09:27:48 Going to coordinates X=-15.419, Y=-41.079
15.07 09:27:48 Moving is finished
15.07 09:28:52 Scanning 14 point from 168
15.07 09:28:52 Going to coordinates X=-15.319, Y=-41.079
15.07 09:28:52 Moving is finished
15.07 09:29:56 Scanning 15 point from 168
15.07 09:29:56 Going to coordinates X=-15.219, Y=-41.079
15.07 09:29:56 Moving is finished
15.07 09:31:00 Scanning 16 point from 168
15.07 09:31:00 Going to coordinates X=-15.119, Y=-41.079
15.07 09:31:00 Moving is finished
15.07 09:32:04 Scanning 17 point from 168
15.07 09:32:04 Going to coordinates X=-15.019, Y=-41.079
15.07 09:32:04 Moving is finished
15.07 09:33:09 Scanning 18 point from 168
15.07 09:33:09 Going to coordinates X=-14.919, Y=-41.079
15.07 09:33:09 Moving is finished
15.07 09:34:13 Scanning 19 point from 168
15.07 09:34:13 Going to coordinates X=-14.819, Y=-41.079
15.07 09:34:13 Moving is finished
15.07 09:35:18 Scanning 20 point from 168
15.07 09:35:18 Going to coordinates X=-14.719, Y=-41.079
15.07 09:35:18 Moving is finished
15.07 09:36:23 Scanning 21 point from 168
15.07 09:36:23 Going to coordinates X=-14.619, Y=-41.079
15.07 09:36:23 Moving is finished
15.07 09:37:27 Scanning 22 point from 168
15.07 09:37:27 Going to coordinates X=-14.519, Y=-41.079
15.07 09:37:28 Moving is finished
15.07 09:38:32 Scanning 23 point from 168
15.07 09:38:32 Going to coordinates X=-14.419, Y=-41.079
15.07 09:38:32 Moving is finished
15.07 09:39:36 Scanning 24 point from 168
15.07 09:39:36 Going to coordinates X=-15.519, Y=-40.979
15.07 09:39:37 Moving is finished
15.07 09:40:41 Scanning 25 point from 168
15.07 09:40:41 Going to coordinates X=-15.419, Y=-40.979
15.07 09:40:41 Moving is finished
15.07 09:41:45 Scanning 26 point from 168
15.07 09:41:45 Going to coordinates X=-15.319, Y=-40.979
15.07 09:41:45 Moving is finished
15.07 09:42:50 Scanning 27 point from 168
15.07 09:42:50 Going to coordinates X=-15.219, Y=-40.979
15.07 09:42:50 Moving is finished
15.07 09:43:54 Scanning 28 point from 168
15.07 09:43:54 Going to coordinates X=-15.119, Y=-40.979
15.07 09:43:54 Moving is finished
15.07 09:44:58 Scanning 29 point from 168
15.07 09:44:58 Going to coordinates X=-15.019, Y=-40.979
15.07 09:44:59 Moving is finished
15.07 09:46:03 Scanning 30 point from 168
15.07 09:46:03 Going to coordinates X=-14.919, Y=-40.979
15.07 09:46:03 Moving is finished
15.07 09:47:07 Scanning 31 point from 168
15.07 09:47:07 Going to coordinates X=-14.819, Y=-40.979
15.07 09:47:08 Moving is finished
15.07 09:48:12 Scanning 32 point from 168
15.07 09:48:12 Going to coordinates X=-14.719, Y=-40.979
15.07 09:48:12 Moving is finished
15.07 09:49:16 Scanning 33 point from 168
15.07 09:49:16 Going to coordinates X=-14.619, Y=-40.979
15.07 09:49:16 Moving is finished
15.07 09:50:20 Scanning 34 point from 168
15.07 09:50:20 Going to coordinates X=-14.519, Y=-40.979
15.07 09:50:20 Moving is finished
15.07 09:51:24 Scanning 35 point from 168
15.07 09:51:24 Going to coordinates X=-14.419, Y=-40.979
15.07 09:51:24 Moving is finished
15.07 09:52:28 Scanning 36 point from 168
15.07 09:52:28 Going to coordinates X=-15.519, Y=-40.879
15.07 09:52:29 Moving is finished
15.07 09:53:33 Scanning 37 point from 168
15.07 09:53:33 Going to coordinates X=-15.419, Y=-40.879
15.07 09:53:33 Moving is finished
15.07 09:54:37 Scanning 38 point from 168
15.07 09:54:37 Going to coordinates X=-15.319, Y=-40.879
15.07 09:54:37 Moving is finished
15.07 09:55:41 Scanning 39 point from 168
15.07 09:55:41 Going to coordinates X=-15.219, Y=-40.879
15.07 09:55:41 Moving is finished
15.07 09:56:45 Scanning 40 point from 168
15.07 09:56:45 Going to coordinates X=-15.119, Y=-40.879
15.07 09:56:45 Moving is finished
15.07 09:57:49 Scanning 41 point from 168
15.07 09:57:49 Going to coordinates X=-15.019, Y=-40.879
15.07 09:57:49 Moving is finished
15.07 09:58:53 Scanning 42 point from 168
15.07 09:58:53 Going to coordinates X=-14.919, Y=-40.879
15.07 09:58:54 Moving is finished
15.07 09:59:58 Scanning 43 point from 168
15.07 09:59:58 Going to coordinates X=-14.819, Y=-40.879
15.07 09:59:58 Moving is finished
15.07 10:01:02 Scanning 44 point from 168
15.07 10:01:02 Going to coordinates X=-14.719, Y=-40.879
15.07 10:01:03 Moving is finished
15.07 10:02:07 Scanning 45 point from 168
15.07 10:02:07 Going to coordinates X=-14.619, Y=-40.879
15.07 10:02:07 Moving is finished
15.07 10:03:12 Scanning 46 point from 168
15.07 10:03:12 Going to coordinates X=-14.519, Y=-40.879
15.07 10:03:12 Moving is finished
15.07 10:04:16 Scanning 47 point from 168
15.07 10:04:16 Going to coordinates X=-14.419, Y=-40.879
15.07 10:04:16 Moving is finished
15.07 10:05:21 Scanning 48 point from 168
15.07 10:05:21 Going to coordinates X=-15.519, Y=-40.779
15.07 10:05:22 Moving is finished
15.07 10:06:26 Scanning 49 point from 168
15.07 10:06:26 Going to coordinates X=-15.419, Y=-40.779
15.07 10:06:26 Moving is finished
15.07 10:07:30 Scanning 50 point from 168
15.07 10:07:30 Going to coordinates X=-15.319, Y=-40.779
15.07 10:07:31 Moving is finished
15.07 10:08:34 Scanning 51 point from 168
15.07 10:08:34 Going to coordinates X=-15.219, Y=-40.779
15.07 10:08:35 Moving is finished
15.07 10:09:39 Scanning 52 point from 168
15.07 10:09:39 Going to coordinates X=-15.119, Y=-40.779
15.07 10:09:39 Moving is finished
15.07 10:10:43 Scanning 53 point from 168
15.07 10:10:43 Going to coordinates X=-15.019, Y=-40.779
15.07 10:10:43 Moving is finished
15.07 10:11:47 Scanning 54 point from 168
15.07 10:11:47 Going to coordinates X=-14.919, Y=-40.779
15.07 10:11:48 Moving is finished
15.07 10:12:52 Scanning 55 point from 168
15.07 10:12:52 Going to coordinates X=-14.819, Y=-40.779
15.07 10:12:53 Moving is finished
15.07 10:13:57 Scanning 56 point from 168
15.07 10:13:57 Going to coordinates X=-14.719, Y=-40.779
15.07 10:13:57 Moving is finished
15.07 10:15:01 Scanning 57 point from 168
15.07 10:15:01 Going to coordinates X=-14.619, Y=-40.779
15.07 10:15:01 Moving is finished
15.07 10:16:06 Scanning 58 point from 168
15.07 10:16:06 Going to coordinates X=-14.519, Y=-40.779
15.07 10:16:06 Moving is finished
15.07 10:17:10 Scanning 59 point from 168
15.07 10:17:10 Going to coordinates X=-14.419, Y=-40.779
15.07 10:17:10 Moving is finished
15.07 10:18:15 Scanning 60 point from 168
15.07 10:18:15 Going to coordinates X=-15.519, Y=-40.679
15.07 10:18:16 Moving is finished
15.07 10:19:20 Scanning 61 point from 168
15.07 10:19:20 Going to coordinates X=-15.419, Y=-40.679
15.07 10:19:21 Moving is finished
15.07 10:20:26 Scanning 62 point from 168
15.07 10:20:26 Going to coordinates X=-15.319, Y=-40.679
15.07 10:20:26 Moving is finished
15.07 10:21:31 Scanning 63 point from 168
15.07 10:21:31 Going to coordinates X=-15.219, Y=-40.679
15.07 10:21:31 Moving is finished
15.07 10:22:36 Scanning 64 point from 168
15.07 10:22:36 Going to coordinates X=-15.119, Y=-40.679
15.07 10:22:36 Moving is finished
15.07 10:23:40 Scanning 65 point from 168
15.07 10:23:40 Going to coordinates X=-15.019, Y=-40.679
15.07 10:23:40 Moving is finished
15.07 10:24:44 Scanning 66 point from 168
15.07 10:24:44 Going to coordinates X=-14.919, Y=-40.679
15.07 10:24:44 Moving is finished
15.07 10:25:48 Scanning 67 point from 168
15.07 10:25:48 Going to coordinates X=-14.819, Y=-40.679
15.07 10:25:49 Moving is finished
15.07 10:26:53 Scanning 68 point from 168
15.07 10:26:53 Going to coordinates X=-14.719, Y=-40.679
15.07 10:26:53 Moving is finished
15.07 10:27:57 Scanning 69 point from 168
15.07 10:27:57 Going to coordinates X=-14.619, Y=-40.679
15.07 10:27:57 Moving is finished
15.07 10:29:01 Scanning 70 point from 168
15.07 10:29:01 Going to coordinates X=-14.519, Y=-40.679
15.07 10:29:02 Moving is finished
15.07 10:30:05 Scanning 71 point from 168
15.07 10:30:05 Going to coordinates X=-14.419, Y=-40.679
15.07 10:30:06 Moving is finished
15.07 10:31:10 Scanning 72 point from 168
15.07 10:31:10 Going to coordinates X=-15.519, Y=-40.579
15.07 10:31:11 Moving is finished
15.07 10:32:15 Scanning 73 point from 168
15.07 10:32:15 Going to coordinates X=-15.419, Y=-40.579
15.07 10:32:15 Moving is finished
15.07 10:33:19 Scanning 74 point from 168
15.07 10:33:19 Going to coordinates X=-15.319, Y=-40.579
15.07 10:33:19 Moving is finished
15.07 10:34:23 Scanning 75 point from 168
15.07 10:34:23 Going to coordinates X=-15.219, Y=-40.579
15.07 10:34:23 Moving is finished
15.07 10:35:27 Scanning 76 point from 168
15.07 10:35:27 Going to coordinates X=-15.119, Y=-40.579
15.07 10:35:28 Moving is finished
15.07 10:36:31 Scanning 77 point from 168
15.07 10:36:31 Going to coordinates X=-15.019, Y=-40.579
15.07 10:36:32 Moving is finished
15.07 10:37:36 Scanning 78 point from 168
15.07 10:37:36 Going to coordinates X=-14.919, Y=-40.579
15.07 10:37:36 Moving is finished
15.07 10:38:40 Scanning 79 point from 168
15.07 10:38:40 Going to coordinates X=-14.819, Y=-40.579
15.07 10:38:40 Moving is finished
15.07 10:39:44 Scanning 80 point from 168
15.07 10:39:44 Going to coordinates X=-14.719, Y=-40.579
15.07 10:39:44 Moving is finished
15.07 10:40:48 Scanning 81 point from 168
15.07 10:40:48 Going to coordinates X=-14.619, Y=-40.579
15.07 10:40:48 Moving is finished
15.07 10:41:52 Scanning 82 point from 168
15.07 10:41:52 Going to coordinates X=-14.519, Y=-40.579
15.07 10:41:53 Moving is finished
15.07 10:42:57 Scanning 83 point from 168
15.07 10:42:57 Going to coordinates X=-14.419, Y=-40.579
15.07 10:42:57 Moving is finished
15.07 10:44:01 Scanning 84 point from 168
15.07 10:44:01 Going to coordinates X=-15.519, Y=-40.479
15.07 10:44:02 Moving is finished
15.07 10:45:07 Scanning 85 point from 168
15.07 10:45:07 Going to coordinates X=-15.419, Y=-40.479
15.07 10:45:07 Moving is finished
15.07 10:46:11 Scanning 86 point from 168
15.07 10:46:11 Going to coordinates X=-15.319, Y=-40.479
15.07 10:46:11 Moving is finished
15.07 10:47:15 Scanning 87 point from 168
15.07 10:47:15 Going to coordinates X=-15.219, Y=-40.479
15.07 10:47:15 Moving is finished
15.07 10:48:19 Scanning 88 point from 168
15.07 10:48:19 Going to coordinates X=-15.119, Y=-40.479
15.07 10:48:20 Moving is finished
15.07 10:49:24 Scanning 89 point from 168
15.07 10:49:24 Going to coordinates X=-15.019, Y=-40.479
15.07 10:49:24 Moving is finished
15.07 10:50:28 Scanning 90 point from 168
15.07 10:50:28 Going to coordinates X=-14.919, Y=-40.479
15.07 10:50:28 Moving is finished
15.07 10:51:32 Scanning 91 point from 168
15.07 10:51:32 Going to coordinates X=-14.819, Y=-40.479
15.07 10:51:32 Moving is finished
15.07 10:52:36 Scanning 92 point from 168
15.07 10:52:36 Going to coordinates X=-14.719, Y=-40.479
15.07 10:52:36 Moving is finished
15.07 10:53:41 Scanning 93 point from 168
15.07 10:53:41 Going to coordinates X=-14.619, Y=-40.479
15.07 10:53:41 Moving is finished
15.07 10:54:45 Scanning 94 point from 168
15.07 10:54:45 Going to coordinates X=-14.519, Y=-40.479
15.07 10:54:45 Moving is finished
15.07 10:55:49 Scanning 95 point from 168
15.07 10:55:49 Going to coordinates X=-14.419, Y=-40.479
15.07 10:55:49 Moving is finished
15.07 10:56:53 Scanning 96 point from 168
15.07 10:56:53 Going to coordinates X=-15.519, Y=-40.379
15.07 10:56:54 Moving is finished
15.07 10:57:58 Scanning 97 point from 168
15.07 10:57:58 Going to coordinates X=-15.419, Y=-40.379
15.07 10:57:58 Moving is finished
15.07 10:59:02 Scanning 98 point from 168
15.07 10:59:02 Going to coordinates X=-15.319, Y=-40.379
15.07 10:59:02 Moving is finished
15.07 11:00:07 Scanning 99 point from 168
15.07 11:00:07 Going to coordinates X=-15.219, Y=-40.379
15.07 11:00:07 Moving is finished
15.07 11:01:11 Scanning 100 point from 168
15.07 11:01:11 Going to coordinates X=-15.119, Y=-40.379
15.07 11:01:11 Moving is finished
15.07 11:02:15 Scanning 101 point from 168
15.07 11:02:15 Going to coordinates X=-15.019, Y=-40.379
15.07 11:02:16 Moving is finished
15.07 11:03:23 Could not find 'EZRaman Reader  V8.2.0 MV' in 'dict_keys([])'
15.07 11:03:28 Could not find 'EZRaman Reader  V8.2.0 MV' in 'dict_keys([])'
15.07 11:03:28 Scanning 102 point from 168
15.07 11:03:28 Going to coordinates X=-14.919, Y=-40.379
15.07 11:03:28 Moving is finished
15.07 11:03:34 Could not find 'EZRaman Reader  V8.2.0 MV' in 'dict_keys([])'
15.07 11:03:39 Could not find 'EZRaman Reader  V8.2.0 MV' in 'dict_keys([])'
15.07 11:03:39 Scanning 103 point from 168
15.07 11:03:39 Going to coordinates X=-14.819, Y=-40.379
15.07 11:03:39 Moving is finished
15.07 11:03:46 Could not find 'EZRaman Reader  V8.2.0 MV' in 'dict_keys([])'
15.07 11:03:51 Could not find 'EZRaman Reader  V8.2.0 MV' in 'dict_keys([])'
15.07 11:03:51 Scanning 104 point from 168
15.07 11:03:51 Going to coordinates X=-14.719, Y=-40.379
15.07 11:03:51 Moving is finished
15.07 11:03:57 Could not find 'EZRaman Reader  V8.2.0 MV' in 'dict_keys([])'
15.07 11:04:02 Could not find 'EZRaman Reader  V8.2.0 MV' in 'dict_keys([])'
15.07 11:04:02 Scanning 105 point from 168
15.07 11:04:02 Going to coordinates X=-14.619, Y=-40.379
15.07 11:04:02 Moving is finished
15.07 11:04:09 Could not find 'EZRaman Reader  V8.2.0 MV' in 'dict_keys([])'
15.07 11:04:14 Could not find 'EZRaman Reader  V8.2.0 MV' in 'dict_keys([])'
15.07 11:04:14 Scanning 106 point from 168
15.07 11:04:14 Going to coordinates X=-14.519, Y=-40.379
15.07 11:04:14 Moving is finished
15.07 11:04:20 Could not find 'EZRaman Reader  V8.2.0 MV' in 'dict_keys([])'
15.07 11:04:25 Could not find 'EZRaman Reader  V8.2.0 MV' in 'dict_keys([])'
15.07 11:04:25 Scanning 107 point from 168
15.07 11:04:25 Going to coordinates X=-14.419, Y=-40.379
15.07 11:04:26 Moving is finished
15.07 11:04:32 Could not find 'EZRaman Reader  V8.2.0 MV' in 'dict_keys([])'
15.07 11:04:37 Could not find 'EZRaman Reader  V8.2.0 MV' in 'dict_keys([])'
15.07 11:04:37 Scanning 108 point from 168
15.07 11:04:37 Going to coordinates X=-15.519, Y=-40.279
15.07 11:04:38 Moving is finished
15.07 11:04:44 Could not find 'EZRaman Reader  V8.2.0 MV' in 'dict_keys([])'
15.07 11:04:49 Could not find 'EZRaman Reader  V8.2.0 MV' in 'dict_keys([])'
15.07 11:04:49 Scanning 109 point from 168
15.07 11:04:49 Going to coordinates X=-15.419, Y=-40.279
15.07 11:04:49 Moving is finished
15.07 11:04:55 Could not find 'EZRaman Reader  V8.2.0 MV' in 'dict_keys([])'
15.07 11:05:00 Could not find 'EZRaman Reader  V8.2.0 MV' in 'dict_keys([])'
15.07 11:05:00 Scanning 110 point from 168
15.07 11:05:00 Going to coordinates X=-15.319, Y=-40.279
15.07 11:05:01 Moving is finished
15.07 11:06:08 Scanning 111 point from 168
15.07 11:06:08 Going to coordinates X=-15.219, Y=-40.279
15.07 11:06:09 Moving is finished
15.07 11:07:13 Scanning 112 point from 168
15.07 11:07:13 Going to coordinates X=-15.119, Y=-40.279
15.07 11:07:13 Moving is finished
15.07 11:08:17 Scanning 113 point from 168
15.07 11:08:17 Going to coordinates X=-15.019, Y=-40.279
15.07 11:08:17 Moving is finished
15.07 11:09:22 Scanning 114 point from 168
15.07 11:09:22 Going to coordinates X=-14.919, Y=-40.279
15.07 11:09:22 Moving is finished
15.07 11:10:27 Scanning 115 point from 168
15.07 11:10:27 Going to coordinates X=-14.819, Y=-40.279
15.07 11:10:27 Moving is finished
15.07 11:11:32 Scanning 116 point from 168
15.07 11:11:32 Going to coordinates X=-14.719, Y=-40.279
15.07 11:11:32 Moving is finished
15.07 11:12:36 Scanning 117 point from 168
15.07 11:12:36 Going to coordinates X=-14.619, Y=-40.279
15.07 11:12:37 Moving is finished
15.07 11:13:42 Scanning 118 point from 168
15.07 11:13:42 Going to coordinates X=-14.519, Y=-40.279
15.07 11:13:42 Moving is finished
15.07 11:14:47 Scanning 119 point from 168
15.07 11:14:47 Going to coordinates X=-14.419, Y=-40.279
15.07 11:14:47 Moving is finished
15.07 11:15:52 Scanning 120 point from 168
15.07 11:15:52 Going to coordinates X=-15.519, Y=-40.179
15.07 11:15:53 Moving is finished
15.07 11:16:56 Scanning 121 point from 168
15.07 11:16:56 Going to coordinates X=-15.419, Y=-40.179
15.07 11:16:57 Moving is finished
15.07 11:18:01 Scanning 122 point from 168
15.07 11:18:01 Going to coordinates X=-15.319, Y=-40.179
15.07 11:18:01 Moving is finished
15.07 11:19:05 Scanning 123 point from 168
15.07 11:19:05 Going to coordinates X=-15.219, Y=-40.179
15.07 11:19:05 Moving is finished
15.07 11:20:09 Scanning 124 point from 168
15.07 11:20:09 Going to coordinates X=-15.119, Y=-40.179
15.07 11:20:10 Moving is finished
15.07 11:21:13 Scanning 125 point from 168
15.07 11:21:13 Going to coordinates X=-15.019, Y=-40.179
15.07 11:21:14 Moving is finished
15.07 11:22:17 Scanning 126 point from 168
15.07 11:22:17 Going to coordinates X=-14.919, Y=-40.179
15.07 11:22:18 Moving is finished
15.07 11:23:22 Scanning 127 point from 168
15.07 11:23:22 Going to coordinates X=-14.819, Y=-40.179
15.07 11:23:22 Moving is finished
15.07 11:24:27 Scanning 128 point from 168
15.07 11:24:27 Going to coordinates X=-14.719, Y=-40.179
15.07 11:24:27 Moving is finished
15.07 11:25:31 Scanning 129 point from 168
15.07 11:25:31 Going to coordinates X=-14.619, Y=-40.179
15.07 11:25:31 Moving is finished
15.07 11:26:35 Scanning 130 point from 168
15.07 11:26:35 Going to coordinates X=-14.519, Y=-40.179
15.07 11:26:35 Moving is finished
15.07 11:27:39 Scanning 131 point from 168
15.07 11:27:39 Going to coordinates X=-14.419, Y=-40.179
15.07 11:27:39 Moving is finished
15.07 11:28:43 Scanning 132 point from 168
15.07 11:28:43 Going to coordinates X=-15.519, Y=-40.079
15.07 11:28:44 Moving is finished
15.07 11:29:49 Scanning 133 point from 168
15.07 11:29:49 Going to coordinates X=-15.419, Y=-40.079
15.07 11:29:49 Moving is finished
15.07 11:30:53 Scanning 134 point from 168
15.07 11:30:53 Going to coordinates X=-15.319, Y=-40.079
15.07 11:30:53 Moving is finished
15.07 11:31:57 Scanning 135 point from 168
15.07 11:31:57 Going to coordinates X=-15.219, Y=-40.079
15.07 11:31:57 Moving is finished
15.07 11:33:01 Scanning 136 point from 168
15.07 11:33:01 Going to coordinates X=-15.119, Y=-40.079
15.07 11:33:01 Moving is finished
15.07 11:34:05 Scanning 137 point from 168
15.07 11:34:05 Going to coordinates X=-15.019, Y=-40.079
15.07 11:34:06 Moving is finished
15.07 11:35:09 Scanning 138 point from 168
15.07 11:35:09 Going to coordinates X=-14.919, Y=-40.079
15.07 11:35:10 Moving is finished
15.07 11:36:13 Scanning 139 point from 168
15.07 11:36:13 Going to coordinates X=-14.819, Y=-40.079
15.07 11:36:14 Moving is finished
15.07 11:37:18 Scanning 140 point from 168
15.07 11:37:18 Going to coordinates X=-14.719, Y=-40.079
15.07 11:37:18 Moving is finished
15.07 11:38:22 Scanning 141 point from 168
15.07 11:38:22 Going to coordinates X=-14.619, Y=-40.079
15.07 11:38:22 Moving is finished
15.07 11:39:26 Scanning 142 point from 168
15.07 11:39:26 Going to coordinates X=-14.519, Y=-40.079
15.07 11:39:27 Moving is finished
15.07 11:40:30 Scanning 143 point from 168
15.07 11:40:30 Going to coordinates X=-14.419, Y=-40.079
15.07 11:40:31 Moving is finished
15.07 11:41:35 Scanning 144 point from 168
15.07 11:41:35 Going to coordinates X=-15.519, Y=-39.979
15.07 11:41:35 Moving is finished
15.07 11:42:39 Scanning 145 point from 168
15.07 11:42:39 Going to coordinates X=-15.419, Y=-39.979
15.07 11:42:40 Moving is finished
15.07 11:43:44 Scanning 146 point from 168
15.07 11:43:44 Going to coordinates X=-15.319, Y=-39.979
15.07 11:43:44 Moving is finished
15.07 11:44:48 Scanning 147 point from 168
15.07 11:44:48 Going to coordinates X=-15.219, Y=-39.979
15.07 11:44:48 Moving is finished
15.07 11:45:52 Scanning 148 point from 168
15.07 11:45:52 Going to coordinates X=-15.119, Y=-39.979
15.07 11:45:53 Moving is finished
15.07 11:46:56 Scanning 149 point from 168
15.07 11:46:56 Going to coordinates X=-15.019, Y=-39.979
15.07 11:46:57 Moving is finished
15.07 11:48:01 Scanning 150 point from 168
15.07 11:48:01 Going to coordinates X=-14.919, Y=-39.979
15.07 11:48:01 Moving is finished
15.07 11:49:05 Scanning 151 point from 168
15.07 11:49:05 Going to coordinates X=-14.819, Y=-39.979
15.07 11:49:05 Moving is finished
15.07 11:50:09 Scanning 152 point from 168
15.07 11:50:09 Going to coordinates X=-14.719, Y=-39.979
15.07 11:50:09 Moving is finished
15.07 11:51:13 Scanning 153 point from 168
15.07 11:51:13 Going to coordinates X=-14.619, Y=-39.979
15.07 11:51:13 Moving is finished
15.07 11:52:17 Scanning 154 point from 168
15.07 11:52:17 Going to coordinates X=-14.519, Y=-39.979
15.07 11:52:17 Moving is finished
15.07 11:53:21 Scanning 155 point from 168
15.07 11:53:21 Going to coordinates X=-14.419, Y=-39.979
15.07 11:53:21 Moving is finished
15.07 11:54:25 Scanning 156 point from 168
15.07 11:54:25 Going to coordinates X=-15.519, Y=-39.879
15.07 11:54:26 Moving is finished
15.07 11:55:30 Scanning 157 point from 168
15.07 11:55:30 Going to coordinates X=-15.419, Y=-39.879
15.07 11:55:30 Moving is finished
15.07 11:56:34 Scanning 158 point from 168
15.07 11:56:34 Going to coordinates X=-15.319, Y=-39.879
15.07 11:56:34 Moving is finished
15.07 11:57:39 Scanning 159 point from 168
15.07 11:57:39 Going to coordinates X=-15.219, Y=-39.879
15.07 11:57:39 Moving is finished
15.07 11:58:43 Scanning 160 point from 168
15.07 11:58:43 Going to coordinates X=-15.119, Y=-39.879
15.07 11:58:43 Moving is finished
15.07 11:59:47 Scanning 161 point from 168
15.07 11:59:47 Going to coordinates X=-15.019, Y=-39.879
15.07 11:59:48 Moving is finished
15.07 12:00:52 Scanning 162 point from 168
15.07 12:00:52 Going to coordinates X=-14.919, Y=-39.879
15.07 12:00:52 Moving is finished
15.07 12:01:56 Scanning 163 point from 168
15.07 12:01:56 Going to coordinates X=-14.819, Y=-39.879
15.07 12:01:56 Moving is finished
15.07 12:03:00 Scanning 164 point from 168
15.07 12:03:00 Going to coordinates X=-14.719, Y=-39.879
15.07 12:03:00 Moving is finished
15.07 12:04:04 Scanning 165 point from 168
15.07 12:04:04 Going to coordinates X=-14.619, Y=-39.879
15.07 12:04:04 Moving is finished
15.07 12:05:09 Scanning 166 point from 168
15.07 12:05:09 Going to coordinates X=-14.519, Y=-39.879
15.07 12:05:09 Moving is finished
15.07 12:06:13 Scanning 167 point from 168
15.07 12:06:13 Going to coordinates X=-14.419, Y=-39.879
15.07 12:06:13 Moving is finished
