14.08 10:23:03 Initializing grbl...
14.08 10:23:04 Got the response: b''
14.08 10:25:22 Can't send the command to GRBL
14.08 10:25:22 Write timeout14.08 10:25:22 Write timeout
14.08 10:26:20 Row 0: 14.08 10:26:20 Map: x1: -15.452, y1: -37.856, x2: -16.688, y2: -36.759, xres: 0.040, yres: 0.040, fname: M1-2
14.08 10:26:20 Scanning 0 point from 928
14.08 10:26:20 Going to coordinates X=-16.688, Y=-37.856
14.08 10:26:21 Moving is finished
14.08 10:27:27 Scanning 1 point from 928
14.08 10:27:27 Going to coordinates X=-16.648, Y=-37.856
14.08 10:27:27 Moving is finished
14.08 10:28:31 Scanning 2 point from 928
14.08 10:28:31 Going to coordinates X=-16.608, Y=-37.856
14.08 10:28:31 Moving is finished
14.08 10:29:36 Scanning 3 point from 928
14.08 10:29:36 Going to coordinates X=-16.568, Y=-37.856
14.08 10:29:36 Moving is finished
14.08 10:30:41 Scanning 4 point from 928
14.08 10:30:41 Going to coordinates X=-16.528, Y=-37.856
14.08 10:30:42 Moving is finished
14.08 10:31:46 Scanning 5 point from 928
14.08 10:31:46 Going to coordinates X=-16.488, Y=-37.856
14.08 10:31:46 Moving is finished
14.08 10:32:51 Scanning 6 point from 928
14.08 10:32:51 Going to coordinates X=-16.448, Y=-37.856
14.08 10:32:51 Moving is finished
14.08 10:33:55 Scanning 7 point from 928
14.08 10:33:55 Going to coordinates X=-16.408, Y=-37.856
14.08 10:33:56 Moving is finished
14.08 10:35:00 Scanning 8 point from 928
14.08 10:35:00 Going to coordinates X=-16.368, Y=-37.856
14.08 10:35:00 Moving is finished
14.08 10:36:05 Scanning 9 point from 928
14.08 10:36:05 Going to coordinates X=-16.328, Y=-37.856
14.08 10:36:05 Moving is finished
14.08 10:37:09 Scanning 10 point from 928
14.08 10:37:09 Going to coordinates X=-16.288, Y=-37.856
14.08 10:37:09 Moving is finished
14.08 10:38:14 Scanning 11 point from 928
14.08 10:38:14 Going to coordinates X=-16.248, Y=-37.856
14.08 10:38:14 Moving is finished
14.08 10:39:18 Scanning 12 point from 928
14.08 10:39:18 Going to coordinates X=-16.208, Y=-37.856
14.08 10:39:18 Moving is finished
14.08 10:40:23 Scanning 13 point from 928
14.08 10:40:23 Going to coordinates X=-16.168, Y=-37.856
14.08 10:40:23 Moving is finished
14.08 10:41:27 Scanning 14 point from 928
14.08 10:41:27 Going to coordinates X=-16.128, Y=-37.856
14.08 10:41:28 Moving is finished
14.08 10:42:32 Scanning 15 point from 928
14.08 10:42:32 Going to coordinates X=-16.088, Y=-37.856
14.08 10:42:32 Moving is finished
14.08 10:43:38 Scanning 16 point from 928
14.08 10:43:38 Going to coordinates X=-16.048, Y=-37.856
14.08 10:43:38 Moving is finished
14.08 10:44:42 Scanning 17 point from 928
14.08 10:44:42 Going to coordinates X=-16.008, Y=-37.856
14.08 10:44:42 Moving is finished
14.08 10:45:47 Scanning 18 point from 928
14.08 10:45:47 Going to coordinates X=-15.968, Y=-37.856
14.08 10:45:47 Moving is finished
14.08 10:46:51 Scanning 19 point from 928
14.08 10:46:51 Going to coordinates X=-15.928, Y=-37.856
14.08 10:46:52 Moving is finished
14.08 10:47:56 Scanning 20 point from 928
14.08 10:47:56 Going to coordinates X=-15.888, Y=-37.856
14.08 10:47:56 Moving is finished
14.08 10:49:01 Scanning 21 point from 928
14.08 10:49:01 Going to coordinates X=-15.848, Y=-37.856
14.08 10:49:01 Moving is finished
14.08 10:50:06 Scanning 22 point from 928
14.08 10:50:06 Going to coordinates X=-15.808, Y=-37.856
14.08 10:50:06 Moving is finished
14.08 10:51:11 Scanning 23 point from 928
14.08 10:51:11 Going to coordinates X=-15.768, Y=-37.856
14.08 10:51:11 Moving is finished
14.08 10:52:16 Scanning 24 point from 928
14.08 10:52:16 Going to coordinates X=-15.728, Y=-37.856
14.08 10:52:16 Moving is finished
14.08 10:53:20 Scanning 25 point from 928
14.08 10:53:20 Going to coordinates X=-15.688, Y=-37.856
14.08 10:53:20 Moving is finished
14.08 10:54:25 Scanning 26 point from 928
14.08 10:54:25 Going to coordinates X=-15.648, Y=-37.856
14.08 10:54:25 Moving is finished
14.08 10:55:30 Scanning 27 point from 928
14.08 10:55:30 Going to coordinates X=-15.608, Y=-37.856
14.08 10:55:30 Moving is finished
14.08 10:56:34 Scanning 28 point from 928
14.08 10:56:34 Going to coordinates X=-15.568, Y=-37.856
14.08 10:56:35 Moving is finished
14.08 10:57:39 Scanning 29 point from 928
14.08 10:57:39 Going to coordinates X=-15.528, Y=-37.856
14.08 10:57:40 Moving is finished
14.08 10:58:44 Scanning 30 point from 928
14.08 10:58:44 Going to coordinates X=-15.488, Y=-37.856
14.08 10:58:44 Moving is finished
14.08 10:59:49 Scanning 31 point from 928
14.08 10:59:49 Going to coordinates X=-15.448, Y=-37.856
14.08 10:59:49 Moving is finished
14.08 11:00:54 Scanning 32 point from 928
14.08 11:00:54 Going to coordinates X=-16.688, Y=-37.816
14.08 11:00:55 Moving is finished
14.08 11:01:59 Scanning 33 point from 928
14.08 11:01:59 Going to coordinates X=-16.648, Y=-37.816
14.08 11:01:59 Moving is finished
14.08 11:03:04 Scanning 34 point from 928
14.08 11:03:04 Going to coordinates X=-16.608, Y=-37.816
14.08 11:03:04 Moving is finished
14.08 11:04:08 Scanning 35 point from 928
14.08 11:04:08 Going to coordinates X=-16.568, Y=-37.816
14.08 11:04:09 Moving is finished
14.08 11:05:13 Scanning 36 point from 928
14.08 11:05:13 Going to coordinates X=-16.528, Y=-37.816
14.08 11:05:14 Moving is finished
14.08 11:06:18 Scanning 37 point from 928
14.08 11:06:18 Going to coordinates X=-16.488, Y=-37.816
14.08 11:06:18 Moving is finished
14.08 11:07:23 Scanning 38 point from 928
14.08 11:07:23 Going to coordinates X=-16.448, Y=-37.816
14.08 11:07:23 Moving is finished
14.08 11:08:27 Scanning 39 point from 928
14.08 11:08:27 Going to coordinates X=-16.408, Y=-37.816
14.08 11:08:27 Moving is finished
14.08 11:09:32 Scanning 40 point from 928
14.08 11:09:32 Going to coordinates X=-16.368, Y=-37.816
14.08 11:09:32 Moving is finished
14.08 11:10:38 Scanning 41 point from 928
14.08 11:10:38 Going to coordinates X=-16.328, Y=-37.816
14.08 11:10:38 Moving is finished
14.08 11:11:42 Scanning 42 point from 928
14.08 11:11:42 Going to coordinates X=-16.288, Y=-37.816
14.08 11:11:43 Moving is finished
14.08 11:12:47 Scanning 43 point from 928
14.08 11:12:47 Going to coordinates X=-16.248, Y=-37.816
14.08 11:12:48 Moving is finished
14.08 11:13:53 Scanning 44 point from 928
14.08 11:13:53 Going to coordinates X=-16.208, Y=-37.816
14.08 11:13:53 Moving is finished
14.08 11:14:57 Scanning 45 point from 928
14.08 11:14:57 Going to coordinates X=-16.168, Y=-37.816
14.08 11:14:57 Moving is finished
14.08 11:16:02 Scanning 46 point from 928
14.08 11:16:02 Going to coordinates X=-16.128, Y=-37.816
14.08 11:16:02 Moving is finished
14.08 11:17:06 Scanning 47 point from 928
14.08 11:17:06 Going to coordinates X=-16.088, Y=-37.816
14.08 11:17:06 Moving is finished
14.08 11:17:57 Stopped!
14.08 11:18:14 timed out
