16.07 11:21:58 Initializing grbl...
16.07 11:21:59 Got the response: b''
16.07 11:22:05 Row 0: 16.07 11:22:05 Raman: er
16.07 11:22:05 Starting signal collection to the file er
16.07 11:22:10 Could not find 'EZRaman Reader  V8.2.0 MV' in 'dict_keys([])'
16.07 11:22:15 Could not find 'EZRaman Reader  V8.2.0 MV' in 'dict_keys([])'
16.07 11:22:16 Data is collected!
16.07 11:22:22 Row 0: 16.07 11:22:22 Raman: er
16.07 11:22:22 Starting signal collection to the file er
16.07 11:22:29 Data is collected!
16.07 11:22:31 Row 0: 16.07 11:22:31 Raman: er
16.07 11:22:31 Starting signal collection to the file er
16.07 11:22:38 Data is collected!
16.07 11:23:22 Row 0: 16.07 11:23:22 Map: x1: -15.202, y1: -35.959, x2: -12.933, y2: -39.785, xres: 0.250, yres: 0.250, fname: dvd_ntp
16.07 11:23:22 Scanning 0 point from 187
16.07 11:23:22 Going to coordinates X=-15.202, Y=-39.785
16.07 11:23:23 Moving is finished
16.07 11:23:29 Scanning 1 point from 187
16.07 11:23:29 Going to coordinates X=-14.952, Y=-39.785
16.07 11:23:29 Moving is finished
16.07 11:23:34 Scanning 2 point from 187
16.07 11:23:34 Going to coordinates X=-14.702, Y=-39.785
16.07 11:23:34 Moving is finished
16.07 11:23:39 Scanning 3 point from 187
16.07 11:23:39 Going to coordinates X=-14.452, Y=-39.785
16.07 11:23:40 Moving is finished
16.07 11:23:45 Scanning 4 point from 187
16.07 11:23:45 Going to coordinates X=-14.202, Y=-39.785
16.07 11:23:45 Moving is finished
16.07 11:23:50 Scanning 5 point from 187
16.07 11:23:50 Going to coordinates X=-13.952, Y=-39.785
16.07 11:23:50 Moving is finished
16.07 11:23:55 Scanning 6 point from 187
16.07 11:23:55 Going to coordinates X=-13.702, Y=-39.785
16.07 11:23:56 Moving is finished
16.07 11:23:56 Stopped!
16.07 11:24:01 Row 0: 16.07 11:24:01 Map: x1: -15.202, y1: -35.959, x2: -12.933, y2: -39.785, xres: 0.250, yres: 0.250, fname: dvd_ntp
16.07 11:24:01 Scanning 0 point from 187
16.07 11:24:01 Going to coordinates X=-15.202, Y=-39.785
16.07 11:24:02 Moving is finished
