21.11 11:49:32 Initializing grbl...
21.11 11:49:33 Got the response: b''
21.11 12:09:09 Can't send the command to GRBL
21.11 12:09:09 Write timeout
21.11 12:09:09 Write timeout
21.11 12:10:11 Can't send the command to GRBL
21.11 12:10:11 Write timeout21.11 12:10:11 Write timeout

21.11 12:11:17 Status responce is malformed
21.11 12:11:17 list index out of range
21.11 17:31:20 Can't send the command to GRBL21.11 17:31:20 Write timeout
21.11 17:31:20 Write timeout
21.11 18:58:19 Row 0: 21.11 18:58:19 Map: x1: -11.106, y1: -40.308, x2: -13.231, y2: -39.251, xres: 0.050, yres: 0.100, fname: Mart Sol4 C
21.11 18:58:19 Scanning 0 point from 528
21.11 18:58:19 Going to coordinates X=-13.231, Y=-40.308
21.11 18:58:20 Moving is finished
21.11 19:00:29 Scanning 1 point from 528
21.11 19:00:29 Going to coordinates X=-13.181, Y=-40.308
21.11 19:00:29 Moving is finished
21.11 19:02:37 Scanning 2 point from 528
21.11 19:02:37 Going to coordinates X=-13.131, Y=-40.308
21.11 19:02:37 Moving is finished
21.11 19:04:46 Scanning 3 point from 528
21.11 19:04:46 Going to coordinates X=-13.081, Y=-40.308
21.11 19:04:46 Moving is finished
21.11 19:06:54 Scanning 4 point from 528
21.11 19:06:54 Going to coordinates X=-13.031, Y=-40.308
21.11 19:06:54 Moving is finished
21.11 19:09:03 Scanning 5 point from 528
21.11 19:09:03 Going to coordinates X=-12.981, Y=-40.308
21.11 19:09:03 Moving is finished
21.11 19:11:12 Scanning 6 point from 528
21.11 19:11:12 Going to coordinates X=-12.931, Y=-40.308
21.11 19:11:12 Moving is finished
21.11 19:13:20 Scanning 7 point from 528
21.11 19:13:20 Going to coordinates X=-12.881, Y=-40.308
21.11 19:13:21 Moving is finished
21.11 19:15:29 Scanning 8 point from 528
21.11 19:15:29 Going to coordinates X=-12.831, Y=-40.308
21.11 19:15:29 Moving is finished
21.11 19:17:37 Scanning 9 point from 528
21.11 19:17:37 Going to coordinates X=-12.781, Y=-40.308
21.11 19:17:38 Moving is finished
21.11 19:19:46 Scanning 10 point from 528
21.11 19:19:46 Going to coordinates X=-12.731, Y=-40.308
21.11 19:19:46 Moving is finished
21.11 19:21:54 Scanning 11 point from 528
21.11 19:21:54 Going to coordinates X=-12.681, Y=-40.308
21.11 19:21:54 Moving is finished
21.11 19:24:03 Scanning 12 point from 528
21.11 19:24:03 Going to coordinates X=-12.631, Y=-40.308
21.11 19:24:03 Moving is finished
21.11 19:26:11 Scanning 13 point from 528
21.11 19:26:11 Going to coordinates X=-12.581, Y=-40.308
21.11 19:26:12 Moving is finished
21.11 19:28:20 Scanning 14 point from 528
21.11 19:28:20 Going to coordinates X=-12.531, Y=-40.308
21.11 19:28:20 Moving is finished
21.11 19:30:28 Scanning 15 point from 528
21.11 19:30:28 Going to coordinates X=-12.481, Y=-40.308
21.11 19:30:28 Moving is finished
21.11 19:32:36 Scanning 16 point from 528
21.11 19:32:36 Going to coordinates X=-12.431, Y=-40.308
21.11 19:32:37 Moving is finished
21.11 19:34:45 Scanning 17 point from 528
21.11 19:34:45 Going to coordinates X=-12.381, Y=-40.308
21.11 19:34:45 Moving is finished
21.11 19:36:53 Scanning 18 point from 528
21.11 19:36:53 Going to coordinates X=-12.331, Y=-40.308
21.11 19:36:54 Moving is finished
21.11 19:39:02 Scanning 19 point from 528
21.11 19:39:02 Going to coordinates X=-12.281, Y=-40.308
21.11 19:39:02 Moving is finished
21.11 19:41:11 Scanning 20 point from 528
21.11 19:41:11 Going to coordinates X=-12.231, Y=-40.308
21.11 19:41:11 Moving is finished
21.11 19:43:19 Scanning 21 point from 528
21.11 19:43:19 Going to coordinates X=-12.181, Y=-40.308
21.11 19:43:19 Moving is finished
21.11 19:45:27 Scanning 22 point from 528
21.11 19:45:27 Going to coordinates X=-12.131, Y=-40.308
21.11 19:45:27 Moving is finished
21.11 19:47:35 Scanning 23 point from 528
21.11 19:47:35 Going to coordinates X=-12.081, Y=-40.308
21.11 19:47:35 Moving is finished
21.11 19:49:44 Scanning 24 point from 528
21.11 19:49:44 Going to coordinates X=-12.031, Y=-40.308
21.11 19:49:44 Moving is finished
21.11 19:51:53 Scanning 25 point from 528
21.11 19:51:53 Going to coordinates X=-11.981, Y=-40.308
21.11 19:51:53 Moving is finished
21.11 19:54:01 Scanning 26 point from 528
21.11 19:54:01 Going to coordinates X=-11.931, Y=-40.308
21.11 19:54:01 Moving is finished
21.11 19:56:10 Scanning 27 point from 528
21.11 19:56:10 Going to coordinates X=-11.881, Y=-40.308
21.11 19:56:10 Moving is finished
21.11 19:58:18 Scanning 28 point from 528
21.11 19:58:18 Going to coordinates X=-11.831, Y=-40.308
21.11 19:58:18 Moving is finished
21.11 20:00:27 Scanning 29 point from 528
21.11 20:00:27 Going to coordinates X=-11.781, Y=-40.308
21.11 20:00:27 Moving is finished
21.11 20:02:36 Scanning 30 point from 528
21.11 20:02:36 Going to coordinates X=-11.731, Y=-40.308
21.11 20:02:36 Moving is finished
21.11 20:04:44 Scanning 31 point from 528
21.11 20:04:44 Going to coordinates X=-11.681, Y=-40.308
21.11 20:04:45 Moving is finished
21.11 20:06:53 Scanning 32 point from 528
21.11 20:06:53 Going to coordinates X=-11.631, Y=-40.308
21.11 20:06:53 Moving is finished
21.11 20:09:01 Scanning 33 point from 528
21.11 20:09:01 Going to coordinates X=-11.581, Y=-40.308
21.11 20:09:02 Moving is finished
21.11 20:11:10 Scanning 34 point from 528
21.11 20:11:10 Going to coordinates X=-11.531, Y=-40.308
21.11 20:11:10 Moving is finished
21.11 20:13:18 Scanning 35 point from 528
21.11 20:13:18 Going to coordinates X=-11.481, Y=-40.308
21.11 20:13:18 Moving is finished
21.11 20:15:27 Scanning 36 point from 528
21.11 20:15:27 Going to coordinates X=-11.431, Y=-40.308
21.11 20:15:27 Moving is finished
21.11 20:17:36 Scanning 37 point from 528
21.11 20:17:36 Going to coordinates X=-11.381, Y=-40.308
21.11 20:17:36 Moving is finished
21.11 20:19:45 Scanning 38 point from 528
21.11 20:19:45 Going to coordinates X=-11.331, Y=-40.308
21.11 20:19:45 Moving is finished
21.11 20:21:53 Scanning 39 point from 528
21.11 20:21:53 Going to coordinates X=-11.281, Y=-40.308
21.11 20:21:53 Moving is finished
21.11 20:24:01 Scanning 40 point from 528
21.11 20:24:01 Going to coordinates X=-11.231, Y=-40.308
21.11 20:24:02 Moving is finished
21.11 20:26:10 Scanning 41 point from 528
21.11 20:26:10 Going to coordinates X=-11.181, Y=-40.308
21.11 20:26:11 Moving is finished
21.11 20:28:20 Scanning 42 point from 528
21.11 20:28:20 Going to coordinates X=-11.131, Y=-40.308
21.11 20:28:20 Moving is finished
21.11 20:30:28 Scanning 43 point from 528
21.11 20:30:28 Going to coordinates X=-11.081, Y=-40.308
21.11 20:30:28 Moving is finished
21.11 20:32:37 Scanning 44 point from 528
21.11 20:32:37 Going to coordinates X=-13.231, Y=-40.208
21.11 20:32:38 Moving is finished
21.11 20:34:46 Scanning 45 point from 528
21.11 20:34:46 Going to coordinates X=-13.181, Y=-40.208
21.11 20:34:46 Moving is finished
21.11 20:36:55 Scanning 46 point from 528
21.11 20:36:55 Going to coordinates X=-13.131, Y=-40.208
21.11 20:36:55 Moving is finished
21.11 20:39:04 Scanning 47 point from 528
21.11 20:39:04 Going to coordinates X=-13.081, Y=-40.208
21.11 20:39:04 Moving is finished
21.11 20:41:13 Scanning 48 point from 528
21.11 20:41:13 Going to coordinates X=-13.031, Y=-40.208
21.11 20:41:13 Moving is finished
21.11 20:43:22 Scanning 49 point from 528
21.11 20:43:22 Going to coordinates X=-12.981, Y=-40.208
21.11 20:43:22 Moving is finished
21.11 20:45:30 Scanning 50 point from 528
21.11 20:45:30 Going to coordinates X=-12.931, Y=-40.208
21.11 20:45:31 Moving is finished
21.11 20:47:39 Scanning 51 point from 528
21.11 20:47:39 Going to coordinates X=-12.881, Y=-40.208
21.11 20:47:39 Moving is finished
21.11 20:49:47 Scanning 52 point from 528
21.11 20:49:47 Going to coordinates X=-12.831, Y=-40.208
21.11 20:49:48 Moving is finished
21.11 20:51:56 Scanning 53 point from 528
21.11 20:51:56 Going to coordinates X=-12.781, Y=-40.208
21.11 20:51:56 Moving is finished
21.11 20:54:04 Scanning 54 point from 528
21.11 20:54:04 Going to coordinates X=-12.731, Y=-40.208
21.11 20:54:04 Moving is finished
21.11 20:56:13 Scanning 55 point from 528
21.11 20:56:13 Going to coordinates X=-12.681, Y=-40.208
21.11 20:56:13 Moving is finished
21.11 20:58:21 Scanning 56 point from 528
21.11 20:58:21 Going to coordinates X=-12.631, Y=-40.208
21.11 20:58:21 Moving is finished
21.11 21:00:29 Scanning 57 point from 528
21.11 21:00:29 Going to coordinates X=-12.581, Y=-40.208
21.11 21:00:29 Moving is finished
21.11 21:02:37 Scanning 58 point from 528
21.11 21:02:37 Going to coordinates X=-12.531, Y=-40.208
21.11 21:02:37 Moving is finished
21.11 21:04:45 Scanning 59 point from 528
21.11 21:04:45 Going to coordinates X=-12.481, Y=-40.208
21.11 21:04:46 Moving is finished
21.11 21:06:54 Scanning 60 point from 528
21.11 21:06:54 Going to coordinates X=-12.431, Y=-40.208
21.11 21:06:54 Moving is finished
21.11 21:09:02 Scanning 61 point from 528
21.11 21:09:02 Going to coordinates X=-12.381, Y=-40.208
21.11 21:09:03 Moving is finished
21.11 21:11:11 Scanning 62 point from 528
21.11 21:11:11 Going to coordinates X=-12.331, Y=-40.208
21.11 21:11:11 Moving is finished
21.11 21:13:19 Scanning 63 point from 528
21.11 21:13:19 Going to coordinates X=-12.281, Y=-40.208
21.11 21:13:20 Moving is finished
21.11 21:15:28 Scanning 64 point from 528
21.11 21:15:28 Going to coordinates X=-12.231, Y=-40.208
21.11 21:15:28 Moving is finished
21.11 21:17:36 Scanning 65 point from 528
21.11 21:17:36 Going to coordinates X=-12.181, Y=-40.208
21.11 21:17:36 Moving is finished
21.11 21:19:44 Scanning 66 point from 528
21.11 21:19:44 Going to coordinates X=-12.131, Y=-40.208
21.11 21:19:44 Moving is finished
21.11 21:21:53 Scanning 67 point from 528
21.11 21:21:53 Going to coordinates X=-12.081, Y=-40.208
21.11 21:21:53 Moving is finished
21.11 21:24:01 Scanning 68 point from 528
21.11 21:24:01 Going to coordinates X=-12.031, Y=-40.208
21.11 21:24:01 Moving is finished
21.11 21:26:10 Scanning 69 point from 528
21.11 21:26:10 Going to coordinates X=-11.981, Y=-40.208
21.11 21:26:10 Moving is finished
21.11 21:28:19 Scanning 70 point from 528
21.11 21:28:19 Going to coordinates X=-11.931, Y=-40.208
21.11 21:28:19 Moving is finished
21.11 21:30:28 Scanning 71 point from 528
21.11 21:30:28 Going to coordinates X=-11.881, Y=-40.208
21.11 21:30:28 Moving is finished
21.11 21:32:36 Scanning 72 point from 528
21.11 21:32:36 Going to coordinates X=-11.831, Y=-40.208
21.11 21:32:36 Moving is finished
21.11 21:34:45 Scanning 73 point from 528
21.11 21:34:45 Going to coordinates X=-11.781, Y=-40.208
21.11 21:34:45 Moving is finished
21.11 21:36:53 Scanning 74 point from 528
21.11 21:36:53 Going to coordinates X=-11.731, Y=-40.208
21.11 21:36:54 Moving is finished
21.11 21:39:02 Scanning 75 point from 528
21.11 21:39:02 Going to coordinates X=-11.681, Y=-40.208
21.11 21:39:02 Moving is finished
21.11 21:41:11 Scanning 76 point from 528
21.11 21:41:11 Going to coordinates X=-11.631, Y=-40.208
21.11 21:41:11 Moving is finished
21.11 21:43:19 Scanning 77 point from 528
21.11 21:43:19 Going to coordinates X=-11.581, Y=-40.208
21.11 21:43:19 Moving is finished
21.11 21:45:27 Scanning 78 point from 528
21.11 21:45:27 Going to coordinates X=-11.531, Y=-40.208
21.11 21:45:27 Moving is finished
21.11 21:47:36 Scanning 79 point from 528
21.11 21:47:36 Going to coordinates X=-11.481, Y=-40.208
21.11 21:47:36 Moving is finished
21.11 21:49:44 Scanning 80 point from 528
21.11 21:49:44 Going to coordinates X=-11.431, Y=-40.208
21.11 21:49:45 Moving is finished
21.11 21:51:53 Scanning 81 point from 528
21.11 21:51:53 Going to coordinates X=-11.381, Y=-40.208
21.11 21:51:53 Moving is finished
21.11 21:54:02 Scanning 82 point from 528
21.11 21:54:02 Going to coordinates X=-11.331, Y=-40.208
21.11 21:54:03 Moving is finished
21.11 21:56:11 Scanning 83 point from 528
21.11 21:56:11 Going to coordinates X=-11.281, Y=-40.208
21.11 21:56:11 Moving is finished
21.11 21:58:19 Scanning 84 point from 528
21.11 21:58:19 Going to coordinates X=-11.231, Y=-40.208
21.11 21:58:20 Moving is finished
21.11 22:00:28 Scanning 85 point from 528
21.11 22:00:28 Going to coordinates X=-11.181, Y=-40.208
21.11 22:00:28 Moving is finished
21.11 22:02:37 Scanning 86 point from 528
21.11 22:02:37 Going to coordinates X=-11.131, Y=-40.208
21.11 22:02:37 Moving is finished
21.11 22:04:46 Scanning 87 point from 528
21.11 22:04:46 Going to coordinates X=-11.081, Y=-40.208
21.11 22:04:46 Moving is finished
21.11 22:06:55 Scanning 88 point from 528
21.11 22:06:55 Going to coordinates X=-13.231, Y=-40.108
21.11 22:06:56 Moving is finished
21.11 22:09:05 Scanning 89 point from 528
21.11 22:09:05 Going to coordinates X=-13.181, Y=-40.108
21.11 22:09:05 Moving is finished
21.11 22:11:14 Scanning 90 point from 528
21.11 22:11:14 Going to coordinates X=-13.131, Y=-40.108
21.11 22:11:14 Moving is finished
21.11 22:13:22 Scanning 91 point from 528
21.11 22:13:22 Going to coordinates X=-13.081, Y=-40.108
21.11 22:13:22 Moving is finished
21.11 22:15:30 Scanning 92 point from 528
21.11 22:15:30 Going to coordinates X=-13.031, Y=-40.108
21.11 22:15:30 Moving is finished
21.11 22:17:39 Scanning 93 point from 528
21.11 22:17:39 Going to coordinates X=-12.981, Y=-40.108
21.11 22:17:39 Moving is finished
21.11 22:19:48 Scanning 94 point from 528
21.11 22:19:48 Going to coordinates X=-12.931, Y=-40.108
21.11 22:19:48 Moving is finished
21.11 22:21:57 Scanning 95 point from 528
21.11 22:21:57 Going to coordinates X=-12.881, Y=-40.108
21.11 22:21:57 Moving is finished
21.11 22:24:05 Scanning 96 point from 528
21.11 22:24:05 Going to coordinates X=-12.831, Y=-40.108
21.11 22:24:06 Moving is finished
21.11 22:26:14 Scanning 97 point from 528
21.11 22:26:14 Going to coordinates X=-12.781, Y=-40.108
21.11 22:26:14 Moving is finished
21.11 22:28:22 Scanning 98 point from 528
21.11 22:28:22 Going to coordinates X=-12.731, Y=-40.108
21.11 22:28:23 Moving is finished
21.11 22:30:31 Scanning 99 point from 528
21.11 22:30:31 Going to coordinates X=-12.681, Y=-40.108
21.11 22:30:31 Moving is finished
21.11 22:32:39 Scanning 100 point from 528
21.11 22:32:39 Going to coordinates X=-12.631, Y=-40.108
21.11 22:32:40 Moving is finished
21.11 22:34:48 Scanning 101 point from 528
21.11 22:34:48 Going to coordinates X=-12.581, Y=-40.108
21.11 22:34:48 Moving is finished
21.11 22:36:57 Scanning 102 point from 528
21.11 22:36:57 Going to coordinates X=-12.531, Y=-40.108
21.11 22:36:57 Moving is finished
21.11 22:39:06 Scanning 103 point from 528
21.11 22:39:06 Going to coordinates X=-12.481, Y=-40.108
21.11 22:39:07 Moving is finished
21.11 22:41:15 Scanning 104 point from 528
21.11 22:41:15 Going to coordinates X=-12.431, Y=-40.108
21.11 22:41:15 Moving is finished
21.11 22:43:23 Scanning 105 point from 528
21.11 22:43:23 Going to coordinates X=-12.381, Y=-40.108
21.11 22:43:24 Moving is finished
21.11 22:45:32 Scanning 106 point from 528
21.11 22:45:32 Going to coordinates X=-12.331, Y=-40.108
21.11 22:45:32 Moving is finished
21.11 22:47:41 Scanning 107 point from 528
21.11 22:47:41 Going to coordinates X=-12.281, Y=-40.108
21.11 22:47:41 Moving is finished
21.11 22:49:50 Scanning 108 point from 528
21.11 22:49:50 Going to coordinates X=-12.231, Y=-40.108
21.11 22:49:50 Moving is finished
21.11 22:51:58 Scanning 109 point from 528
21.11 22:51:58 Going to coordinates X=-12.181, Y=-40.108
21.11 22:51:59 Moving is finished
21.11 22:54:07 Scanning 110 point from 528
21.11 22:54:07 Going to coordinates X=-12.131, Y=-40.108
21.11 22:54:07 Moving is finished
21.11 22:56:16 Scanning 111 point from 528
21.11 22:56:16 Going to coordinates X=-12.081, Y=-40.108
21.11 22:56:16 Moving is finished
21.11 22:58:25 Scanning 112 point from 528
21.11 22:58:25 Going to coordinates X=-12.031, Y=-40.108
21.11 22:58:25 Moving is finished
21.11 23:00:34 Scanning 113 point from 528
21.11 23:00:34 Going to coordinates X=-11.981, Y=-40.108
21.11 23:00:34 Moving is finished
21.11 23:02:42 Scanning 114 point from 528
21.11 23:02:42 Going to coordinates X=-11.931, Y=-40.108
21.11 23:02:43 Moving is finished
21.11 23:04:51 Scanning 115 point from 528
21.11 23:04:51 Going to coordinates X=-11.881, Y=-40.108
21.11 23:04:51 Moving is finished
21.11 23:06:59 Scanning 116 point from 528
21.11 23:06:59 Going to coordinates X=-11.831, Y=-40.108
21.11 23:06:59 Moving is finished
21.11 23:09:08 Scanning 117 point from 528
21.11 23:09:08 Going to coordinates X=-11.781, Y=-40.108
21.11 23:09:08 Moving is finished
21.11 23:11:18 Scanning 118 point from 528
21.11 23:11:18 Going to coordinates X=-11.731, Y=-40.108
21.11 23:11:18 Moving is finished
21.11 23:13:26 Scanning 119 point from 528
21.11 23:13:26 Going to coordinates X=-11.681, Y=-40.108
21.11 23:13:27 Moving is finished
21.11 23:15:35 Scanning 120 point from 528
21.11 23:15:35 Going to coordinates X=-11.631, Y=-40.108
21.11 23:15:35 Moving is finished
21.11 23:17:43 Scanning 121 point from 528
21.11 23:17:43 Going to coordinates X=-11.581, Y=-40.108
21.11 23:17:43 Moving is finished
21.11 23:19:52 Scanning 122 point from 528
21.11 23:19:52 Going to coordinates X=-11.531, Y=-40.108
21.11 23:19:52 Moving is finished
21.11 23:22:00 Scanning 123 point from 528
21.11 23:22:00 Going to coordinates X=-11.481, Y=-40.108
21.11 23:22:01 Moving is finished
21.11 23:24:09 Scanning 124 point from 528
21.11 23:24:09 Going to coordinates X=-11.431, Y=-40.108
21.11 23:24:09 Moving is finished
21.11 23:26:18 Scanning 125 point from 528
21.11 23:26:18 Going to coordinates X=-11.381, Y=-40.108
21.11 23:26:18 Moving is finished
21.11 23:28:27 Scanning 126 point from 528
21.11 23:28:27 Going to coordinates X=-11.331, Y=-40.108
21.11 23:28:27 Moving is finished
21.11 23:30:35 Scanning 127 point from 528
21.11 23:30:35 Going to coordinates X=-11.281, Y=-40.108
21.11 23:30:36 Moving is finished
21.11 23:32:43 Scanning 128 point from 528
21.11 23:32:43 Going to coordinates X=-11.231, Y=-40.108
21.11 23:32:44 Moving is finished
21.11 23:34:52 Scanning 129 point from 528
21.11 23:34:52 Going to coordinates X=-11.181, Y=-40.108
21.11 23:34:52 Moving is finished
21.11 23:37:01 Scanning 130 point from 528
21.11 23:37:01 Going to coordinates X=-11.131, Y=-40.108
21.11 23:37:01 Moving is finished
21.11 23:39:09 Scanning 131 point from 528
21.11 23:39:09 Going to coordinates X=-11.081, Y=-40.108
21.11 23:39:10 Moving is finished
21.11 23:41:18 Scanning 132 point from 528
21.11 23:41:18 Going to coordinates X=-13.231, Y=-40.008
21.11 23:41:19 Moving is finished
21.11 23:43:27 Scanning 133 point from 528
21.11 23:43:27 Going to coordinates X=-13.181, Y=-40.008
21.11 23:43:27 Moving is finished
21.11 23:45:35 Scanning 134 point from 528
21.11 23:45:35 Going to coordinates X=-13.131, Y=-40.008
21.11 23:45:36 Moving is finished
21.11 23:47:44 Scanning 135 point from 528
21.11 23:47:44 Going to coordinates X=-13.081, Y=-40.008
21.11 23:47:44 Moving is finished
21.11 23:49:52 Scanning 136 point from 528
21.11 23:49:52 Going to coordinates X=-13.031, Y=-40.008
21.11 23:49:52 Moving is finished
21.11 23:52:00 Scanning 137 point from 528
21.11 23:52:00 Going to coordinates X=-12.981, Y=-40.008
21.11 23:52:00 Moving is finished
21.11 23:54:08 Scanning 138 point from 528
21.11 23:54:08 Going to coordinates X=-12.931, Y=-40.008
21.11 23:54:08 Moving is finished
21.11 23:56:17 Scanning 139 point from 528
21.11 23:56:17 Going to coordinates X=-12.881, Y=-40.008
21.11 23:56:17 Moving is finished
21.11 23:58:25 Scanning 140 point from 528
21.11 23:58:25 Going to coordinates X=-12.831, Y=-40.008
21.11 23:58:26 Moving is finished
22.11 00:00:34 Scanning 141 point from 528
22.11 00:00:34 Going to coordinates X=-12.781, Y=-40.008
22.11 00:00:34 Moving is finished
22.11 00:02:42 Scanning 142 point from 528
22.11 00:02:42 Going to coordinates X=-12.731, Y=-40.008
22.11 00:02:43 Moving is finished
22.11 00:04:51 Scanning 143 point from 528
22.11 00:04:51 Going to coordinates X=-12.681, Y=-40.008
22.11 00:04:51 Moving is finished
22.11 00:07:00 Scanning 144 point from 528
22.11 00:07:00 Going to coordinates X=-12.631, Y=-40.008
22.11 00:07:00 Moving is finished
22.11 00:09:08 Scanning 145 point from 528
22.11 00:09:08 Going to coordinates X=-12.581, Y=-40.008
22.11 00:09:09 Moving is finished
22.11 00:11:17 Scanning 146 point from 528
22.11 00:11:17 Going to coordinates X=-12.531, Y=-40.008
22.11 00:11:17 Moving is finished
22.11 00:13:25 Scanning 147 point from 528
22.11 00:13:25 Going to coordinates X=-12.481, Y=-40.008
22.11 00:13:25 Moving is finished
22.11 00:15:34 Scanning 148 point from 528
22.11 00:15:34 Going to coordinates X=-12.431, Y=-40.008
22.11 00:15:34 Moving is finished
22.11 00:17:42 Scanning 149 point from 528
22.11 00:17:42 Going to coordinates X=-12.381, Y=-40.008
22.11 00:17:42 Moving is finished
22.11 00:19:50 Scanning 150 point from 528
22.11 00:19:50 Going to coordinates X=-12.331, Y=-40.008
22.11 00:19:50 Moving is finished
22.11 00:21:59 Scanning 151 point from 528
22.11 00:21:59 Going to coordinates X=-12.281, Y=-40.008
22.11 00:21:59 Moving is finished
22.11 00:24:07 Scanning 152 point from 528
22.11 00:24:07 Going to coordinates X=-12.231, Y=-40.008
22.11 00:24:08 Moving is finished
22.11 00:26:16 Scanning 153 point from 528
22.11 00:26:16 Going to coordinates X=-12.181, Y=-40.008
22.11 00:26:16 Moving is finished
22.11 00:28:25 Scanning 154 point from 528
22.11 00:28:25 Going to coordinates X=-12.131, Y=-40.008
22.11 00:28:25 Moving is finished
22.11 00:30:34 Scanning 155 point from 528
22.11 00:30:34 Going to coordinates X=-12.081, Y=-40.008
22.11 00:30:34 Moving is finished
22.11 00:32:42 Scanning 156 point from 528
22.11 00:32:42 Going to coordinates X=-12.031, Y=-40.008
22.11 00:32:43 Moving is finished
22.11 00:34:51 Scanning 157 point from 528
22.11 00:34:51 Going to coordinates X=-11.981, Y=-40.008
22.11 00:34:51 Moving is finished
22.11 00:36:59 Scanning 158 point from 528
22.11 00:36:59 Going to coordinates X=-11.931, Y=-40.008
22.11 00:36:59 Moving is finished
22.11 00:39:08 Scanning 159 point from 528
22.11 00:39:08 Going to coordinates X=-11.881, Y=-40.008
22.11 00:39:08 Moving is finished
22.11 00:41:17 Scanning 160 point from 528
22.11 00:41:17 Going to coordinates X=-11.831, Y=-40.008
22.11 00:41:17 Moving is finished
22.11 00:43:25 Scanning 161 point from 528
22.11 00:43:25 Going to coordinates X=-11.781, Y=-40.008
22.11 00:43:25 Moving is finished
22.11 00:45:33 Scanning 162 point from 528
22.11 00:45:33 Going to coordinates X=-11.731, Y=-40.008
22.11 00:45:34 Moving is finished
22.11 00:47:42 Scanning 163 point from 528
22.11 00:47:42 Going to coordinates X=-11.681, Y=-40.008
22.11 00:47:42 Moving is finished
22.11 00:49:50 Scanning 164 point from 528
22.11 00:49:50 Going to coordinates X=-11.631, Y=-40.008
22.11 00:49:51 Moving is finished
22.11 00:51:59 Scanning 165 point from 528
22.11 00:51:59 Going to coordinates X=-11.581, Y=-40.008
22.11 00:51:59 Moving is finished
22.11 00:54:09 Scanning 166 point from 528
22.11 00:54:09 Going to coordinates X=-11.531, Y=-40.008
22.11 00:54:09 Moving is finished
22.11 00:56:18 Scanning 167 point from 528
22.11 00:56:18 Going to coordinates X=-11.481, Y=-40.008
22.11 00:56:18 Moving is finished
22.11 00:58:26 Scanning 168 point from 528
22.11 00:58:26 Going to coordinates X=-11.431, Y=-40.008
22.11 00:58:26 Moving is finished
22.11 01:00:35 Scanning 169 point from 528
22.11 01:00:35 Going to coordinates X=-11.381, Y=-40.008
22.11 01:00:35 Moving is finished
22.11 01:02:44 Scanning 170 point from 528
22.11 01:02:44 Going to coordinates X=-11.331, Y=-40.008
22.11 01:02:44 Moving is finished
22.11 01:04:52 Scanning 171 point from 528
22.11 01:04:52 Going to coordinates X=-11.281, Y=-40.008
22.11 01:04:52 Moving is finished
22.11 01:07:01 Scanning 172 point from 528
22.11 01:07:01 Going to coordinates X=-11.231, Y=-40.008
22.11 01:07:02 Moving is finished
22.11 01:09:10 Scanning 173 point from 528
22.11 01:09:10 Going to coordinates X=-11.181, Y=-40.008
22.11 01:09:10 Moving is finished
22.11 01:11:19 Scanning 174 point from 528
22.11 01:11:19 Going to coordinates X=-11.131, Y=-40.008
22.11 01:11:19 Moving is finished
22.11 01:13:27 Scanning 175 point from 528
22.11 01:13:27 Going to coordinates X=-11.081, Y=-40.008
22.11 01:13:27 Moving is finished
22.11 01:15:36 Scanning 176 point from 528
22.11 01:15:36 Going to coordinates X=-13.231, Y=-39.908
22.11 01:15:37 Moving is finished
22.11 01:17:45 Scanning 177 point from 528
22.11 01:17:45 Going to coordinates X=-13.181, Y=-39.908
22.11 01:17:46 Moving is finished
22.11 01:19:53 Scanning 178 point from 528
22.11 01:19:53 Going to coordinates X=-13.131, Y=-39.908
22.11 01:19:54 Moving is finished
22.11 01:22:02 Scanning 179 point from 528
22.11 01:22:02 Going to coordinates X=-13.081, Y=-39.908
22.11 01:22:02 Moving is finished
22.11 01:24:11 Scanning 180 point from 528
22.11 01:24:11 Going to coordinates X=-13.031, Y=-39.908
22.11 01:24:11 Moving is finished
22.11 01:26:19 Scanning 181 point from 528
22.11 01:26:19 Going to coordinates X=-12.981, Y=-39.908
22.11 01:26:19 Moving is finished
22.11 01:28:27 Scanning 182 point from 528
22.11 01:28:27 Going to coordinates X=-12.931, Y=-39.908
22.11 01:28:27 Moving is finished
22.11 01:30:36 Scanning 183 point from 528
22.11 01:30:36 Going to coordinates X=-12.881, Y=-39.908
22.11 01:30:36 Moving is finished
22.11 01:32:44 Scanning 184 point from 528
22.11 01:32:44 Going to coordinates X=-12.831, Y=-39.908
22.11 01:32:44 Moving is finished
22.11 01:34:53 Scanning 185 point from 528
22.11 01:34:53 Going to coordinates X=-12.781, Y=-39.908
22.11 01:34:53 Moving is finished
22.11 01:37:02 Scanning 186 point from 528
22.11 01:37:02 Going to coordinates X=-12.731, Y=-39.908
22.11 01:37:02 Moving is finished
22.11 01:39:10 Scanning 187 point from 528
22.11 01:39:10 Going to coordinates X=-12.681, Y=-39.908
22.11 01:39:11 Moving is finished
22.11 01:41:19 Scanning 188 point from 528
22.11 01:41:19 Going to coordinates X=-12.631, Y=-39.908
22.11 01:41:19 Moving is finished
22.11 01:43:27 Scanning 189 point from 528
22.11 01:43:27 Going to coordinates X=-12.581, Y=-39.908
22.11 01:43:27 Moving is finished
22.11 01:45:36 Scanning 190 point from 528
22.11 01:45:36 Going to coordinates X=-12.531, Y=-39.908
22.11 01:45:36 Moving is finished
22.11 01:47:45 Scanning 191 point from 528
22.11 01:47:45 Going to coordinates X=-12.481, Y=-39.908
22.11 01:47:45 Moving is finished
22.11 01:49:53 Scanning 192 point from 528
22.11 01:49:53 Going to coordinates X=-12.431, Y=-39.908
22.11 01:49:54 Moving is finished
22.11 01:52:02 Scanning 193 point from 528
22.11 01:52:02 Going to coordinates X=-12.381, Y=-39.908
22.11 01:52:02 Moving is finished
22.11 01:54:10 Scanning 194 point from 528
22.11 01:54:10 Going to coordinates X=-12.331, Y=-39.908
22.11 01:54:11 Moving is finished
22.11 01:56:18 Scanning 195 point from 528
22.11 01:56:18 Going to coordinates X=-12.281, Y=-39.908
22.11 01:56:19 Moving is finished
22.11 01:58:27 Scanning 196 point from 528
22.11 01:58:27 Going to coordinates X=-12.231, Y=-39.908
22.11 01:58:27 Moving is finished
22.11 02:00:35 Scanning 197 point from 528
22.11 02:00:35 Going to coordinates X=-12.181, Y=-39.908
22.11 02:00:36 Moving is finished
22.11 02:02:44 Scanning 198 point from 528
22.11 02:02:44 Going to coordinates X=-12.131, Y=-39.908
22.11 02:02:44 Moving is finished
22.11 02:04:53 Scanning 199 point from 528
22.11 02:04:53 Going to coordinates X=-12.081, Y=-39.908
22.11 02:04:53 Moving is finished
22.11 02:07:02 Scanning 200 point from 528
22.11 02:07:02 Going to coordinates X=-12.031, Y=-39.908
22.11 02:07:02 Moving is finished
22.11 02:09:10 Scanning 201 point from 528
22.11 02:09:10 Going to coordinates X=-11.981, Y=-39.908
22.11 02:09:11 Moving is finished
22.11 02:11:19 Scanning 202 point from 528
22.11 02:11:19 Going to coordinates X=-11.931, Y=-39.908
22.11 02:11:19 Moving is finished
22.11 02:13:27 Scanning 203 point from 528
22.11 02:13:27 Going to coordinates X=-11.881, Y=-39.908
22.11 02:13:27 Moving is finished
22.11 02:15:35 Scanning 204 point from 528
22.11 02:15:35 Going to coordinates X=-11.831, Y=-39.908
22.11 02:15:35 Moving is finished
22.11 02:17:44 Scanning 205 point from 528
22.11 02:17:44 Going to coordinates X=-11.781, Y=-39.908
22.11 02:17:44 Moving is finished
22.11 02:19:53 Scanning 206 point from 528
22.11 02:19:53 Going to coordinates X=-11.731, Y=-39.908
22.11 02:19:53 Moving is finished
22.11 02:22:01 Scanning 207 point from 528
22.11 02:22:01 Going to coordinates X=-11.681, Y=-39.908
22.11 02:22:02 Moving is finished
22.11 02:24:10 Scanning 208 point from 528
22.11 02:24:10 Going to coordinates X=-11.631, Y=-39.908
22.11 02:24:10 Moving is finished
22.11 02:26:19 Scanning 209 point from 528
22.11 02:26:19 Going to coordinates X=-11.581, Y=-39.908
22.11 02:26:19 Moving is finished
22.11 02:28:27 Scanning 210 point from 528
22.11 02:28:27 Going to coordinates X=-11.531, Y=-39.908
22.11 02:28:27 Moving is finished
22.11 02:30:35 Scanning 211 point from 528
22.11 02:30:35 Going to coordinates X=-11.481, Y=-39.908
22.11 02:30:35 Moving is finished
22.11 02:32:44 Scanning 212 point from 528
22.11 02:32:44 Going to coordinates X=-11.431, Y=-39.908
22.11 02:32:44 Moving is finished
22.11 02:34:52 Scanning 213 point from 528
22.11 02:34:52 Going to coordinates X=-11.381, Y=-39.908
22.11 02:34:53 Moving is finished
22.11 02:37:01 Scanning 214 point from 528
22.11 02:37:01 Going to coordinates X=-11.331, Y=-39.908
22.11 02:37:02 Moving is finished
22.11 02:39:11 Scanning 215 point from 528
22.11 02:39:11 Going to coordinates X=-11.281, Y=-39.908
22.11 02:39:11 Moving is finished
22.11 02:41:20 Scanning 216 point from 528
22.11 02:41:20 Going to coordinates X=-11.231, Y=-39.908
22.11 02:41:20 Moving is finished
22.11 02:43:28 Scanning 217 point from 528
22.11 02:43:28 Going to coordinates X=-11.181, Y=-39.908
22.11 02:43:29 Moving is finished
22.11 02:45:37 Scanning 218 point from 528
22.11 02:45:37 Going to coordinates X=-11.131, Y=-39.908
22.11 02:45:37 Moving is finished
22.11 02:47:46 Scanning 219 point from 528
22.11 02:47:46 Going to coordinates X=-11.081, Y=-39.908
22.11 02:47:46 Moving is finished
22.11 02:49:54 Scanning 220 point from 528
22.11 02:49:54 Going to coordinates X=-13.231, Y=-39.808
22.11 02:49:55 Moving is finished
22.11 02:52:03 Scanning 221 point from 528
22.11 02:52:03 Going to coordinates X=-13.181, Y=-39.808
22.11 02:52:03 Moving is finished
22.11 02:54:11 Scanning 222 point from 528
22.11 02:54:11 Going to coordinates X=-13.131, Y=-39.808
22.11 02:54:11 Moving is finished
22.11 02:56:19 Scanning 223 point from 528
22.11 02:56:19 Going to coordinates X=-13.081, Y=-39.808
22.11 02:56:19 Moving is finished
22.11 02:58:28 Scanning 224 point from 528
22.11 02:58:28 Going to coordinates X=-13.031, Y=-39.808
22.11 02:58:28 Moving is finished
22.11 03:00:36 Scanning 225 point from 528
22.11 03:00:36 Going to coordinates X=-12.981, Y=-39.808
22.11 03:00:37 Moving is finished
22.11 03:02:45 Scanning 226 point from 528
22.11 03:02:45 Going to coordinates X=-12.931, Y=-39.808
22.11 03:02:45 Moving is finished
22.11 03:04:54 Scanning 227 point from 528
22.11 03:04:54 Going to coordinates X=-12.881, Y=-39.808
22.11 03:04:54 Moving is finished
22.11 03:07:02 Scanning 228 point from 528
22.11 03:07:02 Going to coordinates X=-12.831, Y=-39.808
22.11 03:07:03 Moving is finished
22.11 03:09:11 Scanning 229 point from 528
22.11 03:09:11 Going to coordinates X=-12.781, Y=-39.808
22.11 03:09:11 Moving is finished
22.11 03:11:20 Scanning 230 point from 528
22.11 03:11:20 Going to coordinates X=-12.731, Y=-39.808
22.11 03:11:20 Moving is finished
22.11 03:13:28 Scanning 231 point from 528
22.11 03:13:28 Going to coordinates X=-12.681, Y=-39.808
22.11 03:13:28 Moving is finished
22.11 03:15:37 Scanning 232 point from 528
22.11 03:15:37 Going to coordinates X=-12.631, Y=-39.808
22.11 03:15:37 Moving is finished
22.11 03:17:46 Scanning 233 point from 528
22.11 03:17:46 Going to coordinates X=-12.581, Y=-39.808
22.11 03:17:46 Moving is finished
22.11 03:19:55 Scanning 234 point from 528
22.11 03:19:55 Going to coordinates X=-12.531, Y=-39.808
22.11 03:19:55 Moving is finished
22.11 03:22:04 Scanning 235 point from 528
22.11 03:22:04 Going to coordinates X=-12.481, Y=-39.808
22.11 03:22:04 Moving is finished
22.11 03:24:12 Scanning 236 point from 528
22.11 03:24:12 Going to coordinates X=-12.431, Y=-39.808
22.11 03:24:12 Moving is finished
22.11 03:26:20 Scanning 237 point from 528
22.11 03:26:20 Going to coordinates X=-12.381, Y=-39.808
22.11 03:26:21 Moving is finished
22.11 03:28:29 Scanning 238 point from 528
22.11 03:28:29 Going to coordinates X=-12.331, Y=-39.808
22.11 03:28:29 Moving is finished
22.11 03:30:37 Scanning 239 point from 528
22.11 03:30:37 Going to coordinates X=-12.281, Y=-39.808
22.11 03:30:37 Moving is finished
22.11 03:32:45 Scanning 240 point from 528
22.11 03:32:45 Going to coordinates X=-12.231, Y=-39.808
22.11 03:32:45 Moving is finished
22.11 03:34:53 Scanning 241 point from 528
22.11 03:34:53 Going to coordinates X=-12.181, Y=-39.808
22.11 03:34:54 Moving is finished
22.11 03:37:02 Scanning 242 point from 528
22.11 03:37:02 Going to coordinates X=-12.131, Y=-39.808
22.11 03:37:02 Moving is finished
22.11 03:39:11 Scanning 243 point from 528
22.11 03:39:11 Going to coordinates X=-12.081, Y=-39.808
22.11 03:39:11 Moving is finished
22.11 03:41:20 Scanning 244 point from 528
22.11 03:41:20 Going to coordinates X=-12.031, Y=-39.808
22.11 03:41:20 Moving is finished
22.11 03:43:28 Scanning 245 point from 528
22.11 03:43:28 Going to coordinates X=-11.981, Y=-39.808
22.11 03:43:28 Moving is finished
22.11 03:45:37 Scanning 246 point from 528
22.11 03:45:37 Going to coordinates X=-11.931, Y=-39.808
22.11 03:45:38 Moving is finished
22.11 03:47:46 Scanning 247 point from 528
22.11 03:47:46 Going to coordinates X=-11.881, Y=-39.808
22.11 03:47:46 Moving is finished
22.11 03:49:55 Scanning 248 point from 528
22.11 03:49:55 Going to coordinates X=-11.831, Y=-39.808
22.11 03:49:55 Moving is finished
22.11 03:52:03 Scanning 249 point from 528
22.11 03:52:03 Going to coordinates X=-11.781, Y=-39.808
22.11 03:52:03 Moving is finished
22.11 03:54:12 Scanning 250 point from 528
22.11 03:54:12 Going to coordinates X=-11.731, Y=-39.808
22.11 03:54:12 Moving is finished
22.11 03:56:20 Scanning 251 point from 528
22.11 03:56:20 Going to coordinates X=-11.681, Y=-39.808
22.11 03:56:21 Moving is finished
22.11 03:58:29 Scanning 252 point from 528
22.11 03:58:29 Going to coordinates X=-11.631, Y=-39.808
22.11 03:58:29 Moving is finished
22.11 04:00:37 Scanning 253 point from 528
22.11 04:00:37 Going to coordinates X=-11.581, Y=-39.808
22.11 04:00:37 Moving is finished
22.11 04:02:45 Scanning 254 point from 528
22.11 04:02:45 Going to coordinates X=-11.531, Y=-39.808
22.11 04:02:45 Moving is finished
22.11 04:04:54 Scanning 255 point from 528
22.11 04:04:54 Going to coordinates X=-11.481, Y=-39.808
22.11 04:04:54 Moving is finished
22.11 04:07:02 Scanning 256 point from 528
22.11 04:07:02 Going to coordinates X=-11.431, Y=-39.808
22.11 04:07:02 Moving is finished
22.11 04:09:10 Scanning 257 point from 528
22.11 04:09:10 Going to coordinates X=-11.381, Y=-39.808
22.11 04:09:10 Moving is finished
22.11 04:11:19 Scanning 258 point from 528
22.11 04:11:19 Going to coordinates X=-11.331, Y=-39.808
22.11 04:11:19 Moving is finished
22.11 04:13:27 Scanning 259 point from 528
22.11 04:13:27 Going to coordinates X=-11.281, Y=-39.808
22.11 04:13:27 Moving is finished
22.11 04:15:36 Scanning 260 point from 528
22.11 04:15:36 Going to coordinates X=-11.231, Y=-39.808
22.11 04:15:36 Moving is finished
22.11 04:17:44 Scanning 261 point from 528
22.11 04:17:44 Going to coordinates X=-11.181, Y=-39.808
22.11 04:17:44 Moving is finished
22.11 04:19:52 Scanning 262 point from 528
22.11 04:19:52 Going to coordinates X=-11.131, Y=-39.808
22.11 04:19:52 Moving is finished
22.11 04:22:01 Scanning 263 point from 528
22.11 04:22:01 Going to coordinates X=-11.081, Y=-39.808
22.11 04:22:01 Moving is finished
22.11 04:24:10 Scanning 264 point from 528
22.11 04:24:10 Going to coordinates X=-13.231, Y=-39.708
22.11 04:24:11 Moving is finished
22.11 04:26:19 Scanning 265 point from 528
22.11 04:26:19 Going to coordinates X=-13.181, Y=-39.708
22.11 04:26:19 Moving is finished
22.11 04:28:27 Scanning 266 point from 528
22.11 04:28:27 Going to coordinates X=-13.131, Y=-39.708
22.11 04:28:28 Moving is finished
22.11 04:30:36 Scanning 267 point from 528
22.11 04:30:36 Going to coordinates X=-13.081, Y=-39.708
22.11 04:30:36 Moving is finished
22.11 04:32:44 Scanning 268 point from 528
22.11 04:32:44 Going to coordinates X=-13.031, Y=-39.708
22.11 04:32:45 Moving is finished
22.11 04:34:53 Scanning 269 point from 528
22.11 04:34:53 Going to coordinates X=-12.981, Y=-39.708
22.11 04:34:54 Moving is finished
22.11 04:37:02 Scanning 270 point from 528
22.11 04:37:02 Going to coordinates X=-12.931, Y=-39.708
22.11 04:37:02 Moving is finished
22.11 04:39:10 Scanning 271 point from 528
22.11 04:39:10 Going to coordinates X=-12.881, Y=-39.708
22.11 04:39:10 Moving is finished
22.11 04:41:18 Scanning 272 point from 528
22.11 04:41:18 Going to coordinates X=-12.831, Y=-39.708
22.11 04:41:19 Moving is finished
22.11 04:43:27 Scanning 273 point from 528
22.11 04:43:27 Going to coordinates X=-12.781, Y=-39.708
22.11 04:43:27 Moving is finished
22.11 04:45:36 Scanning 274 point from 528
22.11 04:45:36 Going to coordinates X=-12.731, Y=-39.708
22.11 04:45:36 Moving is finished
22.11 04:47:44 Scanning 275 point from 528
22.11 04:47:44 Going to coordinates X=-12.681, Y=-39.708
22.11 04:47:45 Moving is finished
22.11 04:49:53 Scanning 276 point from 528
22.11 04:49:53 Going to coordinates X=-12.631, Y=-39.708
22.11 04:49:53 Moving is finished
22.11 04:52:01 Scanning 277 point from 528
22.11 04:52:01 Going to coordinates X=-12.581, Y=-39.708
22.11 04:52:01 Moving is finished
22.11 04:54:10 Scanning 278 point from 528
22.11 04:54:10 Going to coordinates X=-12.531, Y=-39.708
22.11 04:54:10 Moving is finished
22.11 04:56:18 Scanning 279 point from 528
22.11 04:56:18 Going to coordinates X=-12.481, Y=-39.708
22.11 04:56:18 Moving is finished
22.11 04:58:26 Scanning 280 point from 528
22.11 04:58:26 Going to coordinates X=-12.431, Y=-39.708
22.11 04:58:26 Moving is finished
22.11 05:00:35 Scanning 281 point from 528
22.11 05:00:35 Going to coordinates X=-12.381, Y=-39.708
22.11 05:00:35 Moving is finished
22.11 05:02:43 Scanning 282 point from 528
22.11 05:02:43 Going to coordinates X=-12.331, Y=-39.708
22.11 05:02:43 Moving is finished
22.11 05:04:51 Scanning 283 point from 528
22.11 05:04:51 Going to coordinates X=-12.281, Y=-39.708
22.11 05:04:52 Moving is finished
22.11 05:07:00 Scanning 284 point from 528
22.11 05:07:00 Going to coordinates X=-12.231, Y=-39.708
22.11 05:07:00 Moving is finished
22.11 05:09:09 Scanning 285 point from 528
22.11 05:09:09 Going to coordinates X=-12.181, Y=-39.708
22.11 05:09:09 Moving is finished
22.11 05:11:18 Scanning 286 point from 528
22.11 05:11:18 Going to coordinates X=-12.131, Y=-39.708
22.11 05:11:18 Moving is finished
22.11 05:13:26 Scanning 287 point from 528
22.11 05:13:26 Going to coordinates X=-12.081, Y=-39.708
22.11 05:13:26 Moving is finished
22.11 05:15:34 Scanning 288 point from 528
22.11 05:15:34 Going to coordinates X=-12.031, Y=-39.708
22.11 05:15:34 Moving is finished
22.11 05:17:42 Scanning 289 point from 528
22.11 05:17:42 Going to coordinates X=-11.981, Y=-39.708
22.11 05:17:42 Moving is finished
22.11 05:19:50 Scanning 290 point from 528
22.11 05:19:50 Going to coordinates X=-11.931, Y=-39.708
22.11 05:19:51 Moving is finished
22.11 05:21:59 Scanning 291 point from 528
22.11 05:21:59 Going to coordinates X=-11.881, Y=-39.708
22.11 05:21:59 Moving is finished
22.11 05:24:07 Scanning 292 point from 528
22.11 05:24:07 Going to coordinates X=-11.831, Y=-39.708
22.11 05:24:08 Moving is finished
22.11 05:26:16 Scanning 293 point from 528
22.11 05:26:16 Going to coordinates X=-11.781, Y=-39.708
22.11 05:26:16 Moving is finished
22.11 05:28:25 Scanning 294 point from 528
22.11 05:28:25 Going to coordinates X=-11.731, Y=-39.708
22.11 05:28:25 Moving is finished
22.11 05:30:34 Scanning 295 point from 528
22.11 05:30:34 Going to coordinates X=-11.681, Y=-39.708
22.11 05:30:34 Moving is finished
22.11 05:32:42 Scanning 296 point from 528
22.11 05:32:42 Going to coordinates X=-11.631, Y=-39.708
22.11 05:32:42 Moving is finished
22.11 05:34:51 Scanning 297 point from 528
22.11 05:34:51 Going to coordinates X=-11.581, Y=-39.708
22.11 05:34:51 Moving is finished
22.11 05:37:00 Scanning 298 point from 528
22.11 05:37:00 Going to coordinates X=-11.531, Y=-39.708
22.11 05:37:00 Moving is finished
22.11 05:39:08 Scanning 299 point from 528
22.11 05:39:08 Going to coordinates X=-11.481, Y=-39.708
22.11 05:39:08 Moving is finished
22.11 05:41:16 Scanning 300 point from 528
22.11 05:41:16 Going to coordinates X=-11.431, Y=-39.708
22.11 05:41:16 Moving is finished
22.11 05:43:24 Scanning 301 point from 528
22.11 05:43:24 Going to coordinates X=-11.381, Y=-39.708
22.11 05:43:24 Moving is finished
22.11 05:45:32 Scanning 302 point from 528
22.11 05:45:32 Going to coordinates X=-11.331, Y=-39.708
22.11 05:45:33 Moving is finished
22.11 05:47:42 Scanning 303 point from 528
22.11 05:47:42 Going to coordinates X=-11.281, Y=-39.708
22.11 05:47:42 Moving is finished
22.11 05:49:50 Scanning 304 point from 528
22.11 05:49:50 Going to coordinates X=-11.231, Y=-39.708
22.11 05:49:51 Moving is finished
22.11 05:51:59 Scanning 305 point from 528
22.11 05:51:59 Going to coordinates X=-11.181, Y=-39.708
22.11 05:51:59 Moving is finished
22.11 05:54:08 Scanning 306 point from 528
22.11 05:54:08 Going to coordinates X=-11.131, Y=-39.708
22.11 05:54:08 Moving is finished
22.11 05:56:17 Scanning 307 point from 528
22.11 05:56:17 Going to coordinates X=-11.081, Y=-39.708
22.11 05:56:17 Moving is finished
22.11 05:58:26 Scanning 308 point from 528
22.11 05:58:26 Going to coordinates X=-13.231, Y=-39.608
22.11 05:58:27 Moving is finished
22.11 06:00:35 Scanning 309 point from 528
22.11 06:00:35 Going to coordinates X=-13.181, Y=-39.608
22.11 06:00:36 Moving is finished
22.11 06:02:44 Scanning 310 point from 528
22.11 06:02:44 Going to coordinates X=-13.131, Y=-39.608
22.11 06:02:45 Moving is finished
22.11 06:04:54 Scanning 311 point from 528
22.11 06:04:54 Going to coordinates X=-13.081, Y=-39.608
22.11 06:04:54 Moving is finished
22.11 06:07:02 Scanning 312 point from 528
22.11 06:07:02 Going to coordinates X=-13.031, Y=-39.608
22.11 06:07:03 Moving is finished
22.11 06:09:11 Scanning 313 point from 528
22.11 06:09:11 Going to coordinates X=-12.981, Y=-39.608
22.11 06:09:11 Moving is finished
22.11 06:11:19 Scanning 314 point from 528
22.11 06:11:19 Going to coordinates X=-12.931, Y=-39.608
22.11 06:11:19 Moving is finished
22.11 06:13:27 Scanning 315 point from 528
22.11 06:13:27 Going to coordinates X=-12.881, Y=-39.608
22.11 06:13:27 Moving is finished
22.11 06:15:36 Scanning 316 point from 528
22.11 06:15:36 Going to coordinates X=-12.831, Y=-39.608
22.11 06:15:36 Moving is finished
22.11 06:17:44 Scanning 317 point from 528
22.11 06:17:44 Going to coordinates X=-12.781, Y=-39.608
22.11 06:17:44 Moving is finished
22.11 06:19:54 Scanning 318 point from 528
22.11 06:19:54 Going to coordinates X=-12.731, Y=-39.608
22.11 06:19:54 Moving is finished
22.11 06:22:02 Scanning 319 point from 528
22.11 06:22:02 Going to coordinates X=-12.681, Y=-39.608
22.11 06:22:03 Moving is finished
22.11 06:24:11 Scanning 320 point from 528
22.11 06:24:11 Going to coordinates X=-12.631, Y=-39.608
22.11 06:24:11 Moving is finished
22.11 06:26:19 Scanning 321 point from 528
22.11 06:26:19 Going to coordinates X=-12.581, Y=-39.608
22.11 06:26:20 Moving is finished
22.11 06:28:28 Scanning 322 point from 528
22.11 06:28:28 Going to coordinates X=-12.531, Y=-39.608
22.11 06:28:28 Moving is finished
22.11 06:30:37 Scanning 323 point from 528
22.11 06:30:37 Going to coordinates X=-12.481, Y=-39.608
22.11 06:30:37 Moving is finished
22.11 06:32:45 Scanning 324 point from 528
22.11 06:32:45 Going to coordinates X=-12.431, Y=-39.608
22.11 06:32:45 Moving is finished
22.11 06:34:53 Scanning 325 point from 528
22.11 06:34:53 Going to coordinates X=-12.381, Y=-39.608
22.11 06:34:54 Moving is finished
22.11 06:37:02 Scanning 326 point from 528
22.11 06:37:02 Going to coordinates X=-12.331, Y=-39.608
22.11 06:37:02 Moving is finished
22.11 06:39:11 Scanning 327 point from 528
22.11 06:39:11 Going to coordinates X=-12.281, Y=-39.608
22.11 06:39:11 Moving is finished
22.11 06:41:20 Scanning 328 point from 528
22.11 06:41:20 Going to coordinates X=-12.231, Y=-39.608
22.11 06:41:20 Moving is finished
22.11 06:43:28 Scanning 329 point from 528
22.11 06:43:28 Going to coordinates X=-12.181, Y=-39.608
22.11 06:43:28 Moving is finished
22.11 06:45:36 Scanning 330 point from 528
22.11 06:45:36 Going to coordinates X=-12.131, Y=-39.608
22.11 06:45:37 Moving is finished
22.11 06:47:45 Scanning 331 point from 528
22.11 06:47:45 Going to coordinates X=-12.081, Y=-39.608
22.11 06:47:45 Moving is finished
22.11 06:49:53 Scanning 332 point from 528
22.11 06:49:53 Going to coordinates X=-12.031, Y=-39.608
22.11 06:49:54 Moving is finished
22.11 06:52:02 Scanning 333 point from 528
22.11 06:52:02 Going to coordinates X=-11.981, Y=-39.608
22.11 06:52:02 Moving is finished
22.11 06:54:10 Scanning 334 point from 528
22.11 06:54:10 Going to coordinates X=-11.931, Y=-39.608
22.11 06:54:11 Moving is finished
22.11 06:56:19 Scanning 335 point from 528
22.11 06:56:19 Going to coordinates X=-11.881, Y=-39.608
22.11 06:56:19 Moving is finished
22.11 06:58:28 Scanning 336 point from 528
22.11 06:58:28 Going to coordinates X=-11.831, Y=-39.608
22.11 06:58:28 Moving is finished
22.11 07:00:36 Scanning 337 point from 528
22.11 07:00:36 Going to coordinates X=-11.781, Y=-39.608
22.11 07:00:37 Moving is finished
22.11 07:02:46 Scanning 338 point from 528
22.11 07:02:46 Going to coordinates X=-11.731, Y=-39.608
22.11 07:02:46 Moving is finished
22.11 07:04:54 Scanning 339 point from 528
22.11 07:04:54 Going to coordinates X=-11.681, Y=-39.608
22.11 07:04:54 Moving is finished
22.11 07:07:03 Scanning 340 point from 528
22.11 07:07:03 Going to coordinates X=-11.631, Y=-39.608
22.11 07:07:03 Moving is finished
22.11 07:09:11 Scanning 341 point from 528
22.11 07:09:11 Going to coordinates X=-11.581, Y=-39.608
22.11 07:09:11 Moving is finished
22.11 07:11:19 Scanning 342 point from 528
22.11 07:11:19 Going to coordinates X=-11.531, Y=-39.608
22.11 07:11:20 Moving is finished
22.11 07:13:27 Scanning 343 point from 528
22.11 07:13:27 Going to coordinates X=-11.481, Y=-39.608
22.11 07:13:28 Moving is finished
22.11 07:15:36 Scanning 344 point from 528
22.11 07:15:36 Going to coordinates X=-11.431, Y=-39.608
22.11 07:15:36 Moving is finished
22.11 07:17:45 Scanning 345 point from 528
22.11 07:17:45 Going to coordinates X=-11.381, Y=-39.608
22.11 07:17:45 Moving is finished
22.11 07:19:53 Scanning 346 point from 528
22.11 07:19:53 Going to coordinates X=-11.331, Y=-39.608
22.11 07:19:53 Moving is finished
22.11 07:22:01 Scanning 347 point from 528
22.11 07:22:01 Going to coordinates X=-11.281, Y=-39.608
22.11 07:22:02 Moving is finished
22.11 07:24:10 Scanning 348 point from 528
22.11 07:24:10 Going to coordinates X=-11.231, Y=-39.608
22.11 07:24:10 Moving is finished
22.11 07:26:19 Scanning 349 point from 528
22.11 07:26:19 Going to coordinates X=-11.181, Y=-39.608
22.11 07:26:20 Moving is finished
22.11 07:28:28 Scanning 350 point from 528
22.11 07:28:28 Going to coordinates X=-11.131, Y=-39.608
22.11 07:28:28 Moving is finished
22.11 07:30:37 Scanning 351 point from 528
22.11 07:30:37 Going to coordinates X=-11.081, Y=-39.608
22.11 07:30:37 Moving is finished
22.11 07:32:46 Scanning 352 point from 528
22.11 07:32:46 Going to coordinates X=-13.231, Y=-39.508
22.11 07:32:47 Moving is finished
22.11 07:34:56 Scanning 353 point from 528
22.11 07:34:56 Going to coordinates X=-13.181, Y=-39.508
22.11 07:34:56 Moving is finished
22.11 07:37:04 Scanning 354 point from 528
22.11 07:37:04 Going to coordinates X=-13.131, Y=-39.508
22.11 07:37:04 Moving is finished
22.11 07:39:13 Scanning 355 point from 528
22.11 07:39:13 Going to coordinates X=-13.081, Y=-39.508
22.11 07:39:13 Moving is finished
22.11 07:41:22 Scanning 356 point from 528
22.11 07:41:22 Going to coordinates X=-13.031, Y=-39.508
22.11 07:41:22 Moving is finished
22.11 07:43:31 Scanning 357 point from 528
22.11 07:43:31 Going to coordinates X=-12.981, Y=-39.508
22.11 07:43:31 Moving is finished
22.11 07:45:39 Scanning 358 point from 528
22.11 07:45:39 Going to coordinates X=-12.931, Y=-39.508
22.11 07:45:39 Moving is finished
22.11 07:47:48 Scanning 359 point from 528
22.11 07:47:48 Going to coordinates X=-12.881, Y=-39.508
22.11 07:47:48 Moving is finished
22.11 07:49:57 Scanning 360 point from 528
22.11 07:49:57 Going to coordinates X=-12.831, Y=-39.508
22.11 07:49:57 Moving is finished
22.11 07:52:07 Scanning 361 point from 528
22.11 07:52:07 Going to coordinates X=-12.781, Y=-39.508
22.11 07:52:07 Moving is finished
22.11 07:54:15 Scanning 362 point from 528
22.11 07:54:15 Going to coordinates X=-12.731, Y=-39.508
22.11 07:54:16 Moving is finished
22.11 07:56:24 Scanning 363 point from 528
22.11 07:56:24 Going to coordinates X=-12.681, Y=-39.508
22.11 07:56:24 Moving is finished
22.11 07:58:32 Scanning 364 point from 528
22.11 07:58:32 Going to coordinates X=-12.631, Y=-39.508
22.11 07:58:33 Moving is finished
22.11 08:00:41 Scanning 365 point from 528
22.11 08:00:41 Going to coordinates X=-12.581, Y=-39.508
22.11 08:00:41 Moving is finished
22.11 08:02:49 Scanning 366 point from 528
22.11 08:02:49 Going to coordinates X=-12.531, Y=-39.508
22.11 08:02:50 Moving is finished
22.11 08:04:59 Scanning 367 point from 528
22.11 08:04:59 Going to coordinates X=-12.481, Y=-39.508
22.11 08:04:59 Moving is finished
22.11 08:07:08 Scanning 368 point from 528
22.11 08:07:08 Going to coordinates X=-12.431, Y=-39.508
22.11 08:07:08 Moving is finished
22.11 08:09:16 Scanning 369 point from 528
22.11 08:09:16 Going to coordinates X=-12.381, Y=-39.508
22.11 08:09:16 Moving is finished
22.11 08:11:25 Scanning 370 point from 528
22.11 08:11:25 Going to coordinates X=-12.331, Y=-39.508
22.11 08:11:25 Moving is finished
22.11 08:13:34 Scanning 371 point from 528
22.11 08:13:34 Going to coordinates X=-12.281, Y=-39.508
22.11 08:13:34 Moving is finished
22.11 08:15:42 Scanning 372 point from 528
22.11 08:15:42 Going to coordinates X=-12.231, Y=-39.508
22.11 08:15:42 Moving is finished
22.11 08:17:50 Scanning 373 point from 528
22.11 08:17:50 Going to coordinates X=-12.181, Y=-39.508
22.11 08:17:50 Moving is finished
22.11 08:19:58 Scanning 374 point from 528
22.11 08:19:58 Going to coordinates X=-12.131, Y=-39.508
22.11 08:19:59 Moving is finished
22.11 08:22:08 Scanning 375 point from 528
22.11 08:22:08 Going to coordinates X=-12.081, Y=-39.508
22.11 08:22:08 Moving is finished
22.11 08:24:16 Scanning 376 point from 528
22.11 08:24:16 Going to coordinates X=-12.031, Y=-39.508
22.11 08:24:16 Moving is finished
22.11 08:26:24 Scanning 377 point from 528
22.11 08:26:24 Going to coordinates X=-11.981, Y=-39.508
22.11 08:26:25 Moving is finished
22.11 08:28:33 Scanning 378 point from 528
22.11 08:28:33 Going to coordinates X=-11.931, Y=-39.508
22.11 08:28:33 Moving is finished
22.11 08:30:41 Scanning 379 point from 528
22.11 08:30:41 Going to coordinates X=-11.881, Y=-39.508
22.11 08:30:42 Moving is finished
22.11 08:32:50 Scanning 380 point from 528
22.11 08:32:50 Going to coordinates X=-11.831, Y=-39.508
22.11 08:32:50 Moving is finished
22.11 08:34:59 Scanning 381 point from 528
22.11 08:34:59 Going to coordinates X=-11.781, Y=-39.508
22.11 08:34:59 Moving is finished
22.11 08:37:07 Scanning 382 point from 528
22.11 08:37:07 Going to coordinates X=-11.731, Y=-39.508
22.11 08:37:07 Moving is finished
22.11 08:39:16 Scanning 383 point from 528
22.11 08:39:16 Going to coordinates X=-11.681, Y=-39.508
22.11 08:39:16 Moving is finished
22.11 08:41:25 Scanning 384 point from 528
22.11 08:41:25 Going to coordinates X=-11.631, Y=-39.508
22.11 08:41:25 Moving is finished
22.11 08:43:33 Scanning 385 point from 528
22.11 08:43:33 Going to coordinates X=-11.581, Y=-39.508
22.11 08:43:34 Moving is finished
22.11 08:45:42 Scanning 386 point from 528
22.11 08:45:42 Going to coordinates X=-11.531, Y=-39.508
22.11 08:45:42 Moving is finished
22.11 08:47:50 Scanning 387 point from 528
22.11 08:47:50 Going to coordinates X=-11.481, Y=-39.508
22.11 08:47:50 Moving is finished
22.11 08:49:58 Scanning 388 point from 528
22.11 08:49:58 Going to coordinates X=-11.431, Y=-39.508
22.11 08:49:58 Moving is finished
22.11 08:52:06 Scanning 389 point from 528
22.11 08:52:06 Going to coordinates X=-11.381, Y=-39.508
22.11 08:52:07 Moving is finished
22.11 08:54:16 Scanning 390 point from 528
22.11 08:54:16 Going to coordinates X=-11.331, Y=-39.508
22.11 08:54:16 Moving is finished
22.11 08:56:24 Scanning 391 point from 528
22.11 08:56:24 Going to coordinates X=-11.281, Y=-39.508
22.11 08:56:25 Moving is finished
22.11 08:58:33 Scanning 392 point from 528
22.11 08:58:33 Going to coordinates X=-11.231, Y=-39.508
22.11 08:58:33 Moving is finished
22.11 09:00:42 Scanning 393 point from 528
22.11 09:00:42 Going to coordinates X=-11.181, Y=-39.508
22.11 09:00:42 Moving is finished
22.11 09:02:50 Scanning 394 point from 528
22.11 09:02:50 Going to coordinates X=-11.131, Y=-39.508
22.11 09:02:51 Moving is finished
22.11 09:05:00 Scanning 395 point from 528
22.11 09:05:00 Going to coordinates X=-11.081, Y=-39.508
22.11 09:05:00 Moving is finished
22.11 09:07:08 Scanning 396 point from 528
22.11 09:07:08 Going to coordinates X=-13.231, Y=-39.408
22.11 09:07:09 Moving is finished
22.11 09:09:17 Scanning 397 point from 528
22.11 09:09:17 Going to coordinates X=-13.181, Y=-39.408
22.11 09:09:17 Moving is finished
22.11 09:11:26 Scanning 398 point from 528
22.11 09:11:26 Going to coordinates X=-13.131, Y=-39.408
22.11 09:11:26 Moving is finished
22.11 09:13:34 Scanning 399 point from 528
22.11 09:13:34 Going to coordinates X=-13.081, Y=-39.408
22.11 09:13:34 Moving is finished
22.11 09:15:42 Scanning 400 point from 528
22.11 09:15:42 Going to coordinates X=-13.031, Y=-39.408
22.11 09:15:42 Moving is finished
22.11 09:17:51 Scanning 401 point from 528
22.11 09:17:51 Going to coordinates X=-12.981, Y=-39.408
22.11 09:17:51 Moving is finished
22.11 09:20:00 Scanning 402 point from 528
22.11 09:20:00 Going to coordinates X=-12.931, Y=-39.408
22.11 09:20:00 Moving is finished
22.11 09:22:09 Scanning 403 point from 528
22.11 09:22:09 Going to coordinates X=-12.881, Y=-39.408
22.11 09:22:09 Moving is finished
22.11 09:24:18 Scanning 404 point from 528
22.11 09:24:18 Going to coordinates X=-12.831, Y=-39.408
22.11 09:24:18 Moving is finished
22.11 09:26:27 Scanning 405 point from 528
22.11 09:26:27 Going to coordinates X=-12.781, Y=-39.408
22.11 09:26:27 Moving is finished
22.11 09:28:35 Scanning 406 point from 528
22.11 09:28:35 Going to coordinates X=-12.731, Y=-39.408
22.11 09:28:36 Moving is finished
22.11 09:30:44 Scanning 407 point from 528
22.11 09:30:44 Going to coordinates X=-12.681, Y=-39.408
22.11 09:30:44 Moving is finished
22.11 09:32:52 Scanning 408 point from 528
22.11 09:32:52 Going to coordinates X=-12.631, Y=-39.408
22.11 09:32:53 Moving is finished
22.11 09:35:01 Scanning 409 point from 528
22.11 09:35:01 Going to coordinates X=-12.581, Y=-39.408
22.11 09:35:01 Moving is finished
22.11 09:37:09 Scanning 410 point from 528
22.11 09:37:09 Going to coordinates X=-12.531, Y=-39.408
22.11 09:37:10 Moving is finished
22.11 09:39:18 Scanning 411 point from 528
22.11 09:39:18 Going to coordinates X=-12.481, Y=-39.408
22.11 09:39:18 Moving is finished
22.11 09:41:27 Scanning 412 point from 528
22.11 09:41:27 Going to coordinates X=-12.431, Y=-39.408
22.11 09:41:27 Moving is finished
22.11 09:43:35 Scanning 413 point from 528
22.11 09:43:35 Going to coordinates X=-12.381, Y=-39.408
22.11 09:43:35 Moving is finished
22.11 09:45:44 Scanning 414 point from 528
22.11 09:45:44 Going to coordinates X=-12.331, Y=-39.408
22.11 09:45:44 Moving is finished
22.11 09:47:52 Scanning 415 point from 528
22.11 09:47:52 Going to coordinates X=-12.281, Y=-39.408
22.11 09:47:52 Moving is finished
22.11 09:50:01 Scanning 416 point from 528
22.11 09:50:01 Going to coordinates X=-12.231, Y=-39.408
22.11 09:50:01 Moving is finished
22.11 09:52:09 Scanning 417 point from 528
22.11 09:52:09 Going to coordinates X=-12.181, Y=-39.408
22.11 09:52:10 Moving is finished
22.11 09:54:18 Scanning 418 point from 528
22.11 09:54:18 Going to coordinates X=-12.131, Y=-39.408
22.11 09:54:18 Moving is finished
22.11 09:56:27 Scanning 419 point from 528
22.11 09:56:27 Going to coordinates X=-12.081, Y=-39.408
22.11 09:56:27 Moving is finished
22.11 09:58:35 Scanning 420 point from 528
22.11 09:58:35 Going to coordinates X=-12.031, Y=-39.408
22.11 09:58:36 Moving is finished
22.11 10:00:44 Scanning 421 point from 528
22.11 10:00:44 Going to coordinates X=-11.981, Y=-39.408
22.11 10:00:45 Moving is finished
22.11 10:02:53 Scanning 422 point from 528
22.11 10:02:53 Going to coordinates X=-11.931, Y=-39.408
22.11 10:02:53 Moving is finished
22.11 10:05:02 Scanning 423 point from 528
22.11 10:05:02 Going to coordinates X=-11.881, Y=-39.408
22.11 10:05:02 Moving is finished
22.11 10:07:11 Scanning 424 point from 528
22.11 10:07:11 Going to coordinates X=-11.831, Y=-39.408
22.11 10:07:11 Moving is finished
22.11 10:09:19 Scanning 425 point from 528
22.11 10:09:19 Going to coordinates X=-11.781, Y=-39.408
22.11 10:09:20 Moving is finished
22.11 10:11:28 Scanning 426 point from 528
22.11 10:11:28 Going to coordinates X=-11.731, Y=-39.408
22.11 10:11:28 Moving is finished
22.11 10:13:37 Scanning 427 point from 528
22.11 10:13:37 Going to coordinates X=-11.681, Y=-39.408
22.11 10:13:38 Moving is finished
22.11 10:15:46 Scanning 428 point from 528
22.11 10:15:46 Going to coordinates X=-11.631, Y=-39.408
22.11 10:15:46 Moving is finished
22.11 10:17:55 Scanning 429 point from 528
22.11 10:17:55 Going to coordinates X=-11.581, Y=-39.408
22.11 10:17:55 Moving is finished
22.11 10:20:03 Scanning 430 point from 528
22.11 10:20:03 Going to coordinates X=-11.531, Y=-39.408
22.11 10:20:03 Moving is finished
22.11 10:22:12 Scanning 431 point from 528
22.11 10:22:12 Going to coordinates X=-11.481, Y=-39.408
22.11 10:22:12 Moving is finished
22.11 10:24:21 Scanning 432 point from 528
22.11 10:24:21 Going to coordinates X=-11.431, Y=-39.408
22.11 10:24:21 Moving is finished
22.11 10:26:30 Scanning 433 point from 528
22.11 10:26:30 Going to coordinates X=-11.381, Y=-39.408
22.11 10:26:30 Moving is finished
22.11 10:28:38 Scanning 434 point from 528
22.11 10:28:38 Going to coordinates X=-11.331, Y=-39.408
22.11 10:28:38 Moving is finished
22.11 10:30:46 Scanning 435 point from 528
22.11 10:30:46 Going to coordinates X=-11.281, Y=-39.408
22.11 10:30:47 Moving is finished
22.11 10:32:55 Scanning 436 point from 528
22.11 10:32:55 Going to coordinates X=-11.231, Y=-39.408
22.11 10:32:55 Moving is finished
22.11 10:35:04 Scanning 437 point from 528
22.11 10:35:04 Going to coordinates X=-11.181, Y=-39.408
22.11 10:35:04 Moving is finished
22.11 10:37:12 Scanning 438 point from 528
22.11 10:37:12 Going to coordinates X=-11.131, Y=-39.408
22.11 10:37:12 Moving is finished
22.11 10:39:21 Scanning 439 point from 528
22.11 10:39:21 Going to coordinates X=-11.081, Y=-39.408
22.11 10:39:21 Moving is finished
22.11 10:41:29 Scanning 440 point from 528
22.11 10:41:29 Going to coordinates X=-13.231, Y=-39.308
22.11 10:41:30 Moving is finished
22.11 10:43:40 Scanning 441 point from 528
22.11 10:43:40 Going to coordinates X=-13.181, Y=-39.308
22.11 10:43:40 Moving is finished
22.11 10:45:48 Scanning 442 point from 528
22.11 10:45:48 Going to coordinates X=-13.131, Y=-39.308
22.11 10:45:48 Moving is finished
22.11 10:47:57 Scanning 443 point from 528
22.11 10:47:57 Going to coordinates X=-13.081, Y=-39.308
22.11 10:47:57 Moving is finished
22.11 10:50:06 Scanning 444 point from 528
22.11 10:50:06 Going to coordinates X=-13.031, Y=-39.308
22.11 10:50:06 Moving is finished
22.11 10:52:14 Scanning 445 point from 528
22.11 10:52:14 Going to coordinates X=-12.981, Y=-39.308
22.11 10:52:14 Moving is finished
22.11 10:54:22 Scanning 446 point from 528
22.11 10:54:22 Going to coordinates X=-12.931, Y=-39.308
22.11 10:54:23 Moving is finished
22.11 10:56:31 Scanning 447 point from 528
22.11 10:56:31 Going to coordinates X=-12.881, Y=-39.308
22.11 10:56:31 Moving is finished
22.11 10:58:39 Scanning 448 point from 528
22.11 10:58:39 Going to coordinates X=-12.831, Y=-39.308
22.11 10:58:39 Moving is finished
22.11 11:00:47 Scanning 449 point from 528
22.11 11:00:47 Going to coordinates X=-12.781, Y=-39.308
22.11 11:00:47 Moving is finished
22.11 11:02:55 Scanning 450 point from 528
22.11 11:02:55 Going to coordinates X=-12.731, Y=-39.308
22.11 11:02:56 Moving is finished
22.11 11:05:04 Scanning 451 point from 528
22.11 11:05:04 Going to coordinates X=-12.681, Y=-39.308
22.11 11:05:04 Moving is finished
22.11 11:07:12 Scanning 452 point from 528
22.11 11:07:12 Going to coordinates X=-12.631, Y=-39.308
22.11 11:07:12 Moving is finished
22.11 11:09:21 Scanning 453 point from 528
22.11 11:09:21 Going to coordinates X=-12.581, Y=-39.308
22.11 11:09:21 Moving is finished
22.11 11:11:29 Scanning 454 point from 528
22.11 11:11:29 Going to coordinates X=-12.531, Y=-39.308
22.11 11:11:29 Moving is finished
22.11 11:13:37 Scanning 455 point from 528
22.11 11:13:37 Going to coordinates X=-12.481, Y=-39.308
22.11 11:13:38 Moving is finished
22.11 11:15:46 Scanning 456 point from 528
22.11 11:15:46 Going to coordinates X=-12.431, Y=-39.308
22.11 11:15:47 Moving is finished
22.11 11:17:55 Scanning 457 point from 528
22.11 11:17:55 Going to coordinates X=-12.381, Y=-39.308
22.11 11:17:55 Moving is finished
22.11 11:20:03 Scanning 458 point from 528
22.11 11:20:03 Going to coordinates X=-12.331, Y=-39.308
22.11 11:20:04 Moving is finished
22.11 11:22:12 Scanning 459 point from 528
22.11 11:22:12 Going to coordinates X=-12.281, Y=-39.308
22.11 11:22:12 Moving is finished
22.11 11:24:20 Scanning 460 point from 528
22.11 11:24:20 Going to coordinates X=-12.231, Y=-39.308
22.11 11:24:21 Moving is finished
22.11 11:26:29 Scanning 461 point from 528
22.11 11:26:29 Going to coordinates X=-12.181, Y=-39.308
22.11 11:26:29 Moving is finished
22.11 11:28:38 Scanning 462 point from 528
22.11 11:28:38 Going to coordinates X=-12.131, Y=-39.308
22.11 11:28:38 Moving is finished
22.11 11:30:46 Scanning 463 point from 528
22.11 11:30:46 Going to coordinates X=-12.081, Y=-39.308
22.11 11:30:46 Moving is finished
22.11 11:32:37 Stopped!

22.11 11:35:28 Row 0: 22.11 11:35:28 Map: x1: -11.106, y1: -40.308, x2: -13.231, y2: -39.251, xres: 0.050, yres: 0.100, fname: Mart Sol4 C
22.11 11:35:28 Scanning 0 point from 528
22.11 11:35:28 Going to coordinates X=-13.231, Y=-40.308
22.11 11:35:28 Moving is finished
22.11 11:38:08 Scanning 1 point from 528
22.11 11:38:08 Going to coordinates X=-13.181, Y=-40.308
22.11 11:38:08 Moving is finished
22.11 11:40:47 Scanning 2 point from 528
22.11 11:40:47 Going to coordinates X=-13.131, Y=-40.308
22.11 11:40:47 Moving is finished
22.11 11:43:27 Scanning 3 point from 528
22.11 11:43:27 Going to coordinates X=-13.081, Y=-40.308
22.11 11:43:27 Moving is finished
22.11 11:46:07 Scanning 4 point from 528
22.11 11:46:07 Going to coordinates X=-13.031, Y=-40.308
22.11 11:46:07 Moving is finished
22.11 11:48:46 Scanning 5 point from 528
22.11 11:48:46 Going to coordinates X=-12.981, Y=-40.308
22.11 11:48:46 Moving is finished
22.11 11:51:25 Scanning 6 point from 528
22.11 11:51:25 Going to coordinates X=-12.931, Y=-40.308
22.11 11:51:26 Moving is finished
22.11 11:54:05 Scanning 7 point from 528
22.11 11:54:05 Going to coordinates X=-12.881, Y=-40.308
22.11 11:54:05 Moving is finished
22.11 11:56:45 Scanning 8 point from 528
22.11 11:56:45 Going to coordinates X=-12.831, Y=-40.308
22.11 11:56:45 Moving is finished
22.11 11:59:24 Scanning 9 point from 528
22.11 11:59:24 Going to coordinates X=-12.781, Y=-40.308
22.11 11:59:25 Moving is finished
22.11 12:02:04 Scanning 10 point from 528
22.11 12:02:04 Going to coordinates X=-12.731, Y=-40.308
22.11 12:02:04 Moving is finished
22.11 12:04:44 Scanning 11 point from 528
22.11 12:04:44 Going to coordinates X=-12.681, Y=-40.308
22.11 12:04:44 Moving is finished
22.11 12:07:23 Scanning 12 point from 528
22.11 12:07:23 Going to coordinates X=-12.631, Y=-40.308
22.11 12:07:23 Moving is finished
22.11 12:10:02 Scanning 13 point from 528
22.11 12:10:02 Going to coordinates X=-12.581, Y=-40.308
22.11 12:10:03 Moving is finished
22.11 12:12:42 Scanning 14 point from 528
22.11 12:12:42 Going to coordinates X=-12.531, Y=-40.308
22.11 12:12:42 Moving is finished
22.11 12:15:22 Scanning 15 point from 528
22.11 12:15:22 Going to coordinates X=-12.481, Y=-40.308
22.11 12:15:22 Moving is finished
22.11 12:18:01 Scanning 16 point from 528
22.11 12:18:01 Going to coordinates X=-12.431, Y=-40.308
22.11 12:18:01 Moving is finished
22.11 12:20:40 Scanning 17 point from 528
22.11 12:20:40 Going to coordinates X=-12.381, Y=-40.308
22.11 12:20:41 Moving is finished
22.11 12:23:20 Scanning 18 point from 528
22.11 12:23:20 Going to coordinates X=-12.331, Y=-40.308
22.11 12:23:20 Moving is finished
22.11 12:25:59 Scanning 19 point from 528
22.11 12:25:59 Going to coordinates X=-12.281, Y=-40.308
22.11 12:25:59 Moving is finished
22.11 12:28:38 Scanning 20 point from 528
22.11 12:28:38 Going to coordinates X=-12.231, Y=-40.308
22.11 12:28:38 Moving is finished
22.11 12:31:17 Scanning 21 point from 528
22.11 12:31:17 Going to coordinates X=-12.181, Y=-40.308
22.11 12:31:17 Moving is finished
22.11 12:33:57 Scanning 22 point from 528
22.11 12:33:57 Going to coordinates X=-12.131, Y=-40.308
22.11 12:33:57 Moving is finished
22.11 12:36:37 Scanning 23 point from 528
22.11 12:36:37 Going to coordinates X=-12.081, Y=-40.308
22.11 12:36:37 Moving is finished
22.11 12:39:16 Scanning 24 point from 528
22.11 12:39:16 Going to coordinates X=-12.031, Y=-40.308
22.11 12:39:16 Moving is finished
22.11 12:41:56 Scanning 25 point from 528
22.11 12:41:56 Going to coordinates X=-11.981, Y=-40.308
22.11 12:41:56 Moving is finished
22.11 12:44:35 Scanning 26 point from 528
22.11 12:44:35 Going to coordinates X=-11.931, Y=-40.308
22.11 12:44:35 Moving is finished
22.11 12:47:15 Scanning 27 point from 528
22.11 12:47:15 Going to coordinates X=-11.881, Y=-40.308
22.11 12:47:15 Moving is finished
22.11 12:49:54 Scanning 28 point from 528
22.11 12:49:54 Going to coordinates X=-11.831, Y=-40.308
22.11 12:49:55 Moving is finished
22.11 12:52:34 Scanning 29 point from 528
22.11 12:52:34 Going to coordinates X=-11.781, Y=-40.308
22.11 12:52:34 Moving is finished
22.11 12:55:13 Scanning 30 point from 528
22.11 12:55:13 Going to coordinates X=-11.731, Y=-40.308
22.11 12:55:14 Moving is finished
22.11 12:57:53 Scanning 31 point from 528
22.11 12:57:53 Going to coordinates X=-11.681, Y=-40.308
22.11 12:57:53 Moving is finished
22.11 13:00:32 Scanning 32 point from 528
22.11 13:00:32 Going to coordinates X=-11.631, Y=-40.308
22.11 13:00:32 Moving is finished
22.11 13:03:12 Scanning 33 point from 528
22.11 13:03:12 Going to coordinates X=-11.581, Y=-40.308
22.11 13:03:12 Moving is finished
22.11 13:05:52 Scanning 34 point from 528
22.11 13:05:52 Going to coordinates X=-11.531, Y=-40.308
22.11 13:05:52 Moving is finished
22.11 13:08:32 Scanning 35 point from 528
22.11 13:08:32 Going to coordinates X=-11.481, Y=-40.308
22.11 13:08:32 Moving is finished
22.11 13:11:11 Scanning 36 point from 528
22.11 13:11:11 Going to coordinates X=-11.431, Y=-40.308
22.11 13:11:11 Moving is finished
22.11 13:13:50 Scanning 37 point from 528
22.11 13:13:50 Going to coordinates X=-11.381, Y=-40.308
22.11 13:13:50 Moving is finished
22.11 13:16:30 Scanning 38 point from 528
22.11 13:16:30 Going to coordinates X=-11.331, Y=-40.308
22.11 13:16:30 Moving is finished
22.11 13:19:09 Scanning 39 point from 528
22.11 13:19:09 Going to coordinates X=-11.281, Y=-40.308
22.11 13:19:09 Moving is finished
22.11 13:21:38 Stopped!
22.11 13:43:58 Can't send the command to GRBL
22.11 13:43:58 Write timeout22.11 13:43:58 Write timeout

