01.03 10:08:22 Initializing grbl...
01.03 10:08:23 Got the response: b''
01.03 10:08:59 Focused at  14
01.03 10:09:29 Row 0: 01.03 10:09:29 Map: x1: -13.572, y1: -40.4, x2: -15.0, y2: -42.174, xres: 0.100, yres: 0.100, fname: Such-0.0006
01.03 10:09:29 Scanning 0 point from 304
01.03 10:09:29 Going to coordinates X=-15.000, Y=-42.174
01.03 10:09:29 Moving is finished
01.03 10:11:38 Scanning 1 point from 304
01.03 10:11:38 Going to coordinates X=-14.900, Y=-42.174
01.03 10:11:38 Moving is finished
01.03 10:13:46 Scanning 2 point from 304
01.03 10:13:46 Going to coordinates X=-14.800, Y=-42.174
01.03 10:13:46 Moving is finished
01.03 10:15:55 Scanning 3 point from 304
01.03 10:15:55 Going to coordinates X=-14.700, Y=-42.174
01.03 10:15:55 Moving is finished
01.03 10:18:03 Scanning 4 point from 304
01.03 10:18:03 Going to coordinates X=-14.600, Y=-42.174
01.03 10:18:04 Moving is finished
01.03 10:20:12 Scanning 5 point from 304
01.03 10:20:12 Going to coordinates X=-14.500, Y=-42.174
01.03 10:20:12 Moving is finished
01.03 10:22:20 Scanning 6 point from 304
01.03 10:22:20 Going to coordinates X=-14.400, Y=-42.174
01.03 10:22:21 Moving is finished
01.03 10:24:29 Scanning 7 point from 304
01.03 10:24:29 Going to coordinates X=-14.300, Y=-42.174
01.03 10:24:29 Moving is finished
01.03 10:26:37 Scanning 8 point from 304
01.03 10:26:37 Going to coordinates X=-14.200, Y=-42.174
01.03 10:26:37 Moving is finished
01.03 10:28:45 Scanning 9 point from 304
01.03 10:28:45 Going to coordinates X=-14.100, Y=-42.174
01.03 10:28:45 Moving is finished
01.03 10:30:53 Scanning 10 point from 304
01.03 10:30:53 Going to coordinates X=-14.000, Y=-42.174
01.03 10:30:54 Moving is finished
01.03 10:33:02 Scanning 11 point from 304
01.03 10:33:02 Going to coordinates X=-13.900, Y=-42.174
01.03 10:33:02 Moving is finished
01.03 10:35:10 Scanning 12 point from 304
01.03 10:35:10 Going to coordinates X=-13.800, Y=-42.174
01.03 10:35:11 Moving is finished
01.03 10:37:19 Scanning 13 point from 304
01.03 10:37:19 Going to coordinates X=-13.700, Y=-42.174
01.03 10:37:19 Moving is finished
01.03 10:39:28 Scanning 14 point from 304
01.03 10:39:28 Going to coordinates X=-13.600, Y=-42.174
01.03 10:39:28 Moving is finished
01.03 10:41:36 Scanning 15 point from 304
01.03 10:41:36 Going to coordinates X=-13.500, Y=-42.174
01.03 10:41:37 Moving is finished
01.03 10:43:44 Scanning 16 point from 304
01.03 10:43:44 Going to coordinates X=-15.000, Y=-42.074
01.03 10:43:45 Moving is finished
01.03 10:45:53 Scanning 17 point from 304
01.03 10:45:53 Going to coordinates X=-14.900, Y=-42.074
01.03 10:45:54 Moving is finished
01.03 10:48:02 Scanning 18 point from 304
01.03 10:48:02 Going to coordinates X=-14.800, Y=-42.074
01.03 10:48:02 Moving is finished
01.03 10:50:11 Scanning 19 point from 304
01.03 10:50:11 Going to coordinates X=-14.700, Y=-42.074
01.03 10:50:11 Moving is finished
01.03 10:52:19 Scanning 20 point from 304
01.03 10:52:19 Going to coordinates X=-14.600, Y=-42.074
01.03 10:52:19 Moving is finished
01.03 10:54:27 Scanning 21 point from 304
01.03 10:54:27 Going to coordinates X=-14.500, Y=-42.074
01.03 10:54:28 Moving is finished
01.03 10:56:36 Scanning 22 point from 304
01.03 10:56:36 Going to coordinates X=-14.400, Y=-42.074
01.03 10:56:36 Moving is finished
01.03 10:58:44 Scanning 23 point from 304
01.03 10:58:44 Going to coordinates X=-14.300, Y=-42.074
01.03 10:58:44 Moving is finished
01.03 11:00:52 Scanning 24 point from 304
01.03 11:00:52 Going to coordinates X=-14.200, Y=-42.074
01.03 11:00:52 Moving is finished
01.03 11:03:00 Scanning 25 point from 304
01.03 11:03:00 Going to coordinates X=-14.100, Y=-42.074
01.03 11:03:01 Moving is finished
01.03 11:05:09 Scanning 26 point from 304
01.03 11:05:09 Going to coordinates X=-14.000, Y=-42.074
01.03 11:05:09 Moving is finished
01.03 11:07:17 Scanning 27 point from 304
01.03 11:07:17 Going to coordinates X=-13.900, Y=-42.074
01.03 11:07:17 Moving is finished
01.03 11:09:25 Scanning 28 point from 304
01.03 11:09:25 Going to coordinates X=-13.800, Y=-42.074
01.03 11:09:25 Moving is finished
01.03 11:11:33 Scanning 29 point from 304
01.03 11:11:33 Going to coordinates X=-13.700, Y=-42.074
01.03 11:11:34 Moving is finished
01.03 11:13:41 Scanning 30 point from 304
01.03 11:13:41 Going to coordinates X=-13.600, Y=-42.074
01.03 11:13:42 Moving is finished
01.03 11:15:50 Scanning 31 point from 304
01.03 11:15:50 Going to coordinates X=-13.500, Y=-42.074
01.03 11:15:50 Moving is finished
01.03 11:17:58 Scanning 32 point from 304
01.03 11:17:58 Going to coordinates X=-15.000, Y=-41.974
01.03 11:17:59 Moving is finished
01.03 11:20:07 Scanning 33 point from 304
01.03 11:20:07 Going to coordinates X=-14.900, Y=-41.974
01.03 11:20:07 Moving is finished
01.03 11:22:15 Scanning 34 point from 304
01.03 11:22:15 Going to coordinates X=-14.800, Y=-41.974
01.03 11:22:16 Moving is finished
01.03 11:24:24 Scanning 35 point from 304
01.03 11:24:24 Going to coordinates X=-14.700, Y=-41.974
01.03 11:24:24 Moving is finished
01.03 11:26:32 Scanning 36 point from 304
01.03 11:26:32 Going to coordinates X=-14.600, Y=-41.974
01.03 11:26:32 Moving is finished
01.03 11:28:41 Scanning 37 point from 304
01.03 11:28:41 Going to coordinates X=-14.500, Y=-41.974
01.03 11:28:41 Moving is finished
01.03 11:30:49 Scanning 38 point from 304
01.03 11:30:49 Going to coordinates X=-14.400, Y=-41.974
01.03 11:30:49 Moving is finished
01.03 11:32:58 Scanning 39 point from 304
01.03 11:32:58 Going to coordinates X=-14.300, Y=-41.974
01.03 11:32:58 Moving is finished
01.03 11:35:06 Scanning 40 point from 304
01.03 11:35:06 Going to coordinates X=-14.200, Y=-41.974
01.03 11:35:06 Moving is finished
01.03 11:37:14 Scanning 41 point from 304
01.03 11:37:14 Going to coordinates X=-14.100, Y=-41.974
01.03 11:37:14 Moving is finished
01.03 11:39:22 Scanning 42 point from 304
01.03 11:39:22 Going to coordinates X=-14.000, Y=-41.974
01.03 11:39:22 Moving is finished
01.03 11:41:30 Scanning 43 point from 304
01.03 11:41:30 Going to coordinates X=-13.900, Y=-41.974
01.03 11:41:31 Moving is finished
01.03 11:43:39 Scanning 44 point from 304
01.03 11:43:39 Going to coordinates X=-13.800, Y=-41.974
01.03 11:43:39 Moving is finished
01.03 11:45:47 Scanning 45 point from 304
01.03 11:45:47 Going to coordinates X=-13.700, Y=-41.974
01.03 11:45:48 Moving is finished
01.03 11:47:55 Scanning 46 point from 304
01.03 11:47:55 Going to coordinates X=-13.600, Y=-41.974
01.03 11:47:56 Moving is finished
01.03 11:50:04 Scanning 47 point from 304
01.03 11:50:04 Going to coordinates X=-13.500, Y=-41.974
01.03 11:50:04 Moving is finished
01.03 11:52:12 Scanning 48 point from 304
01.03 11:52:12 Going to coordinates X=-15.000, Y=-41.874
01.03 11:52:13 Moving is finished
01.03 11:54:21 Scanning 49 point from 304
01.03 11:54:21 Going to coordinates X=-14.900, Y=-41.874
01.03 11:54:21 Moving is finished
01.03 11:56:30 Scanning 50 point from 304
01.03 11:56:30 Going to coordinates X=-14.800, Y=-41.874
01.03 11:56:30 Moving is finished
01.03 11:58:39 Scanning 51 point from 304
01.03 11:58:39 Going to coordinates X=-14.700, Y=-41.874
01.03 11:58:39 Moving is finished
01.03 12:00:47 Scanning 52 point from 304
01.03 12:00:47 Going to coordinates X=-14.600, Y=-41.874
01.03 12:00:47 Moving is finished
01.03 12:02:56 Scanning 53 point from 304
01.03 12:02:56 Going to coordinates X=-14.500, Y=-41.874
01.03 12:02:56 Moving is finished
01.03 12:05:04 Scanning 54 point from 304
01.03 12:05:04 Going to coordinates X=-14.400, Y=-41.874
01.03 12:05:05 Moving is finished
01.03 12:07:13 Scanning 55 point from 304
01.03 12:07:13 Going to coordinates X=-14.300, Y=-41.874
01.03 12:07:13 Moving is finished
01.03 12:09:21 Scanning 56 point from 304
01.03 12:09:21 Going to coordinates X=-14.200, Y=-41.874
01.03 12:09:21 Moving is finished
01.03 12:11:29 Scanning 57 point from 304
01.03 12:11:29 Going to coordinates X=-14.100, Y=-41.874
01.03 12:11:30 Moving is finished
01.03 12:13:38 Scanning 58 point from 304
01.03 12:13:38 Going to coordinates X=-14.000, Y=-41.874
01.03 12:13:38 Moving is finished
01.03 12:15:46 Scanning 59 point from 304
01.03 12:15:46 Going to coordinates X=-13.900, Y=-41.874
01.03 12:15:46 Moving is finished
01.03 12:17:54 Scanning 60 point from 304
01.03 12:17:54 Going to coordinates X=-13.800, Y=-41.874
01.03 12:17:55 Moving is finished
01.03 12:20:03 Scanning 61 point from 304
01.03 12:20:03 Going to coordinates X=-13.700, Y=-41.874
01.03 12:20:04 Moving is finished
01.03 12:22:12 Scanning 62 point from 304
01.03 12:22:12 Going to coordinates X=-13.600, Y=-41.874
01.03 12:22:12 Moving is finished
01.03 12:24:20 Scanning 63 point from 304
01.03 12:24:20 Going to coordinates X=-13.500, Y=-41.874
01.03 12:24:21 Moving is finished
01.03 12:26:29 Scanning 64 point from 304
01.03 12:26:29 Going to coordinates X=-15.000, Y=-41.774
01.03 12:26:30 Moving is finished
01.03 12:28:37 Scanning 65 point from 304
01.03 12:28:37 Going to coordinates X=-14.900, Y=-41.774
01.03 12:28:38 Moving is finished
01.03 12:30:46 Scanning 66 point from 304
01.03 12:30:46 Going to coordinates X=-14.800, Y=-41.774
01.03 12:30:46 Moving is finished
01.03 12:32:54 Scanning 67 point from 304
01.03 12:32:54 Going to coordinates X=-14.700, Y=-41.774
01.03 12:32:54 Moving is finished
01.03 12:35:02 Scanning 68 point from 304
01.03 12:35:02 Going to coordinates X=-14.600, Y=-41.774
01.03 12:35:02 Moving is finished
01.03 12:37:10 Scanning 69 point from 304
01.03 12:37:10 Going to coordinates X=-14.500, Y=-41.774
01.03 12:37:11 Moving is finished
01.03 12:39:19 Scanning 70 point from 304
01.03 12:39:19 Going to coordinates X=-14.400, Y=-41.774
01.03 12:39:19 Moving is finished
01.03 12:41:27 Scanning 71 point from 304
01.03 12:41:27 Going to coordinates X=-14.300, Y=-41.774
01.03 12:41:27 Moving is finished
01.03 12:43:35 Scanning 72 point from 304
01.03 12:43:35 Going to coordinates X=-14.200, Y=-41.774
01.03 12:43:35 Moving is finished
01.03 12:45:44 Scanning 73 point from 304
01.03 12:45:44 Going to coordinates X=-14.100, Y=-41.774
01.03 12:45:44 Moving is finished
01.03 12:47:52 Scanning 74 point from 304
01.03 12:47:52 Going to coordinates X=-14.000, Y=-41.774
01.03 12:47:53 Moving is finished
01.03 12:50:01 Scanning 75 point from 304
01.03 12:50:01 Going to coordinates X=-13.900, Y=-41.774
01.03 12:50:01 Moving is finished
01.03 12:52:09 Scanning 76 point from 304
01.03 12:52:09 Going to coordinates X=-13.800, Y=-41.774
01.03 12:52:09 Moving is finished
01.03 12:54:17 Scanning 77 point from 304
01.03 12:54:17 Going to coordinates X=-13.700, Y=-41.774
01.03 12:54:17 Moving is finished
01.03 12:56:25 Scanning 78 point from 304
01.03 12:56:25 Going to coordinates X=-13.600, Y=-41.774
01.03 12:56:25 Moving is finished
01.03 12:58:33 Scanning 79 point from 304
01.03 12:58:33 Going to coordinates X=-13.500, Y=-41.774
01.03 12:58:34 Moving is finished
01.03 13:00:42 Scanning 80 point from 304
01.03 13:00:42 Going to coordinates X=-15.000, Y=-41.674
01.03 13:00:43 Moving is finished
01.03 13:02:50 Scanning 81 point from 304
01.03 13:02:50 Going to coordinates X=-14.900, Y=-41.674
01.03 13:02:51 Moving is finished
01.03 13:04:59 Scanning 82 point from 304
01.03 13:04:59 Going to coordinates X=-14.800, Y=-41.674
01.03 13:04:59 Moving is finished
01.03 13:07:08 Scanning 83 point from 304
01.03 13:07:08 Going to coordinates X=-14.700, Y=-41.674
01.03 13:07:08 Moving is finished
01.03 13:09:16 Scanning 84 point from 304
01.03 13:09:16 Going to coordinates X=-14.600, Y=-41.674
01.03 13:09:17 Moving is finished
01.03 13:11:24 Scanning 85 point from 304
01.03 13:11:24 Going to coordinates X=-14.500, Y=-41.674
01.03 13:11:25 Moving is finished
01.03 13:13:33 Scanning 86 point from 304
01.03 13:13:33 Going to coordinates X=-14.400, Y=-41.674
01.03 13:13:33 Moving is finished
01.03 13:15:41 Scanning 87 point from 304
01.03 13:15:41 Going to coordinates X=-14.300, Y=-41.674
01.03 13:15:41 Moving is finished
01.03 13:17:49 Scanning 88 point from 304
01.03 13:17:49 Going to coordinates X=-14.200, Y=-41.674
01.03 13:17:49 Moving is finished
01.03 13:19:57 Scanning 89 point from 304
01.03 13:19:57 Going to coordinates X=-14.100, Y=-41.674
01.03 13:19:58 Moving is finished
01.03 13:22:05 Scanning 90 point from 304
01.03 13:22:05 Going to coordinates X=-14.000, Y=-41.674
01.03 13:22:06 Moving is finished
01.03 13:24:14 Scanning 91 point from 304
01.03 13:24:14 Going to coordinates X=-13.900, Y=-41.674
01.03 13:24:14 Moving is finished
01.03 13:26:23 Scanning 92 point from 304
01.03 13:26:23 Going to coordinates X=-13.800, Y=-41.674
01.03 13:26:23 Moving is finished
01.03 13:28:32 Scanning 93 point from 304
01.03 13:28:32 Going to coordinates X=-13.700, Y=-41.674
01.03 13:28:32 Moving is finished
01.03 13:30:40 Scanning 94 point from 304
01.03 13:30:40 Going to coordinates X=-13.600, Y=-41.674
01.03 13:30:41 Moving is finished
01.03 13:32:49 Scanning 95 point from 304
01.03 13:32:49 Going to coordinates X=-13.500, Y=-41.674
01.03 13:32:49 Moving is finished
01.03 13:34:58 Scanning 96 point from 304
01.03 13:34:58 Going to coordinates X=-15.000, Y=-41.574
01.03 13:34:59 Moving is finished
01.03 13:37:06 Scanning 97 point from 304
01.03 13:37:06 Going to coordinates X=-14.900, Y=-41.574
01.03 13:37:07 Moving is finished
01.03 13:39:14 Scanning 98 point from 304
01.03 13:39:14 Going to coordinates X=-14.800, Y=-41.574
01.03 13:39:15 Moving is finished
01.03 13:41:23 Scanning 99 point from 304
01.03 13:41:23 Going to coordinates X=-14.700, Y=-41.574
01.03 13:41:23 Moving is finished
01.03 13:43:31 Scanning 100 point from 304
01.03 13:43:31 Going to coordinates X=-14.600, Y=-41.574
01.03 13:43:32 Moving is finished
01.03 13:45:40 Scanning 101 point from 304
01.03 13:45:40 Going to coordinates X=-14.500, Y=-41.574
01.03 13:45:40 Moving is finished
01.03 13:47:48 Scanning 102 point from 304
01.03 13:47:48 Going to coordinates X=-14.400, Y=-41.574
01.03 13:47:48 Moving is finished
01.03 13:49:56 Scanning 103 point from 304
01.03 13:49:56 Going to coordinates X=-14.300, Y=-41.574
01.03 13:49:56 Moving is finished
01.03 13:52:04 Scanning 104 point from 304
01.03 13:52:04 Going to coordinates X=-14.200, Y=-41.574
01.03 13:52:05 Moving is finished
01.03 13:54:13 Scanning 105 point from 304
01.03 13:54:13 Going to coordinates X=-14.100, Y=-41.574
01.03 13:54:13 Moving is finished
01.03 13:56:21 Scanning 106 point from 304
01.03 13:56:21 Going to coordinates X=-14.000, Y=-41.574
01.03 13:56:22 Moving is finished
01.03 13:58:30 Scanning 107 point from 304
01.03 13:58:30 Going to coordinates X=-13.900, Y=-41.574
01.03 13:58:30 Moving is finished
01.03 14:00:38 Scanning 108 point from 304
01.03 14:00:38 Going to coordinates X=-13.800, Y=-41.574
01.03 14:00:38 Moving is finished
01.03 14:02:46 Scanning 109 point from 304
01.03 14:02:46 Going to coordinates X=-13.700, Y=-41.574
01.03 14:02:46 Moving is finished
01.03 14:04:54 Scanning 110 point from 304
01.03 14:04:54 Going to coordinates X=-13.600, Y=-41.574
01.03 14:04:54 Moving is finished
01.03 14:07:02 Scanning 111 point from 304
01.03 14:07:02 Going to coordinates X=-13.500, Y=-41.574
01.03 14:07:02 Moving is finished
01.03 14:09:11 Scanning 112 point from 304
01.03 14:09:11 Going to coordinates X=-15.000, Y=-41.474
01.03 14:09:11 Moving is finished
01.03 14:11:19 Scanning 113 point from 304
01.03 14:11:19 Going to coordinates X=-14.900, Y=-41.474
01.03 14:11:20 Moving is finished
01.03 14:13:27 Scanning 114 point from 304
01.03 14:13:27 Going to coordinates X=-14.800, Y=-41.474
01.03 14:13:28 Moving is finished
01.03 14:15:36 Scanning 115 point from 304
01.03 14:15:36 Going to coordinates X=-14.700, Y=-41.474
01.03 14:15:36 Moving is finished
01.03 14:17:44 Scanning 116 point from 304
01.03 14:17:44 Going to coordinates X=-14.600, Y=-41.474
01.03 14:17:45 Moving is finished
01.03 14:19:52 Scanning 117 point from 304
01.03 14:19:52 Going to coordinates X=-14.500, Y=-41.474
01.03 14:19:53 Moving is finished
01.03 14:22:01 Scanning 118 point from 304
01.03 14:22:01 Going to coordinates X=-14.400, Y=-41.474
01.03 14:22:01 Moving is finished
01.03 14:24:09 Scanning 119 point from 304
01.03 14:24:09 Going to coordinates X=-14.300, Y=-41.474
01.03 14:24:10 Moving is finished
01.03 14:26:18 Scanning 120 point from 304
01.03 14:26:18 Going to coordinates X=-14.200, Y=-41.474
01.03 14:26:18 Moving is finished
01.03 14:28:26 Scanning 121 point from 304
01.03 14:28:26 Going to coordinates X=-14.100, Y=-41.474
01.03 14:28:27 Moving is finished
01.03 14:30:35 Scanning 122 point from 304
01.03 14:30:35 Going to coordinates X=-14.000, Y=-41.474
01.03 14:30:35 Moving is finished
01.03 14:32:43 Scanning 123 point from 304
01.03 14:32:43 Going to coordinates X=-13.900, Y=-41.474
01.03 14:32:44 Moving is finished
01.03 14:34:52 Scanning 124 point from 304
01.03 14:34:52 Going to coordinates X=-13.800, Y=-41.474
01.03 14:34:52 Moving is finished
01.03 14:37:01 Scanning 125 point from 304
01.03 14:37:01 Going to coordinates X=-13.700, Y=-41.474
01.03 14:37:01 Moving is finished
01.03 14:39:09 Scanning 126 point from 304
01.03 14:39:09 Going to coordinates X=-13.600, Y=-41.474
01.03 14:39:09 Moving is finished
01.03 14:41:17 Scanning 127 point from 304
01.03 14:41:17 Going to coordinates X=-13.500, Y=-41.474
01.03 14:41:18 Moving is finished
01.03 14:43:26 Scanning 128 point from 304
01.03 14:43:26 Going to coordinates X=-15.000, Y=-41.374
01.03 14:43:27 Moving is finished
01.03 14:45:35 Scanning 129 point from 304
01.03 14:45:35 Going to coordinates X=-14.900, Y=-41.374
01.03 14:45:35 Moving is finished
01.03 14:47:44 Scanning 130 point from 304
01.03 14:47:44 Going to coordinates X=-14.800, Y=-41.374
01.03 14:47:44 Moving is finished
01.03 14:49:52 Scanning 131 point from 304
01.03 14:49:52 Going to coordinates X=-14.700, Y=-41.374
01.03 14:49:52 Moving is finished
01.03 14:52:00 Scanning 132 point from 304
01.03 14:52:00 Going to coordinates X=-14.600, Y=-41.374
01.03 14:52:01 Moving is finished
01.03 14:54:09 Scanning 133 point from 304
01.03 14:54:09 Going to coordinates X=-14.500, Y=-41.374
01.03 14:54:10 Moving is finished
01.03 14:56:18 Scanning 134 point from 304
01.03 14:56:18 Going to coordinates X=-14.400, Y=-41.374
01.03 14:56:18 Moving is finished
01.03 14:58:26 Scanning 135 point from 304
01.03 14:58:26 Going to coordinates X=-14.300, Y=-41.374
01.03 14:58:26 Moving is finished
01.03 15:00:34 Scanning 136 point from 304
01.03 15:00:34 Going to coordinates X=-14.200, Y=-41.374
01.03 15:00:34 Moving is finished
01.03 15:02:42 Scanning 137 point from 304
01.03 15:02:42 Going to coordinates X=-14.100, Y=-41.374
01.03 15:02:43 Moving is finished
01.03 15:04:51 Scanning 138 point from 304
01.03 15:04:51 Going to coordinates X=-14.000, Y=-41.374
01.03 15:04:52 Moving is finished
01.03 15:07:00 Scanning 139 point from 304
01.03 15:07:00 Going to coordinates X=-13.900, Y=-41.374
01.03 15:07:00 Moving is finished
01.03 15:09:08 Scanning 140 point from 304
01.03 15:09:08 Going to coordinates X=-13.800, Y=-41.374
01.03 15:09:08 Moving is finished
01.03 15:11:17 Scanning 141 point from 304
01.03 15:11:17 Going to coordinates X=-13.700, Y=-41.374
01.03 15:11:17 Moving is finished
01.03 15:13:25 Scanning 142 point from 304
01.03 15:13:25 Going to coordinates X=-13.600, Y=-41.374
01.03 15:13:25 Moving is finished
01.03 15:15:34 Scanning 143 point from 304
01.03 15:15:34 Going to coordinates X=-13.500, Y=-41.374
01.03 15:15:34 Moving is finished
01.03 15:17:42 Scanning 144 point from 304
01.03 15:17:42 Going to coordinates X=-15.000, Y=-41.274
01.03 15:17:43 Moving is finished
01.03 15:19:51 Scanning 145 point from 304
01.03 15:19:51 Going to coordinates X=-14.900, Y=-41.274
01.03 15:19:51 Moving is finished
01.03 15:21:59 Scanning 146 point from 304
01.03 15:21:59 Going to coordinates X=-14.800, Y=-41.274
01.03 15:21:59 Moving is finished
01.03 15:24:08 Scanning 147 point from 304
01.03 15:24:08 Going to coordinates X=-14.700, Y=-41.274
01.03 15:24:08 Moving is finished
01.03 15:26:16 Scanning 148 point from 304
01.03 15:26:16 Going to coordinates X=-14.600, Y=-41.274
01.03 15:26:16 Moving is finished
01.03 15:28:24 Scanning 149 point from 304
01.03 15:28:24 Going to coordinates X=-14.500, Y=-41.274
01.03 15:28:25 Moving is finished
01.03 15:30:33 Scanning 150 point from 304
01.03 15:30:33 Going to coordinates X=-14.400, Y=-41.274
01.03 15:30:33 Moving is finished
01.03 15:31:33 Stopped!
