09.05 08:37:30 Initializing grbl...
09.05 08:37:31 Got the response: b''
09.05 08:40:51 Row 0: 09.05 08:40:51 Map: x1: -34.024, y1: -38.959, x2: -35.322, y2: -38.0, xres: 0.100, yres: 0.100, fname: m3
09.05 08:40:51 Scanning 0 point from 154
09.05 08:40:51 Going to coordinates X=-35.322, Y=-38.959
09.05 08:40:52 Moving is finished
09.05 08:43:00 Scanning 1 point from 154
09.05 08:43:00 Going to coordinates X=-35.222, Y=-38.959
09.05 08:43:00 Moving is finished
09.05 08:45:07 Scanning 2 point from 154
09.05 08:45:07 Going to coordinates X=-35.122, Y=-38.959
09.05 08:45:08 Moving is finished
09.05 08:47:15 Scanning 3 point from 154
09.05 08:47:15 Going to coordinates X=-35.022, Y=-38.959
09.05 08:47:15 Moving is finished
09.05 08:49:23 Scanning 4 point from 154
09.05 08:49:23 Going to coordinates X=-34.922, Y=-38.959
09.05 08:49:23 Moving is finished
09.05 08:51:31 Scanning 5 point from 154
09.05 08:51:31 Going to coordinates X=-34.822, Y=-38.959
09.05 08:51:31 Moving is finished
09.05 08:53:39 Scanning 6 point from 154
09.05 08:53:39 Going to coordinates X=-34.722, Y=-38.959
09.05 08:53:39 Moving is finished
09.05 08:55:46 Scanning 7 point from 154
09.05 08:55:46 Going to coordinates X=-34.622, Y=-38.959
09.05 08:55:47 Moving is finished
09.05 08:57:54 Scanning 8 point from 154
09.05 08:57:54 Going to coordinates X=-34.522, Y=-38.959
09.05 08:57:54 Moving is finished
09.05 09:00:01 Scanning 9 point from 154
09.05 09:00:01 Going to coordinates X=-34.422, Y=-38.959
09.05 09:00:02 Moving is finished
09.05 09:02:09 Scanning 10 point from 154
09.05 09:02:09 Going to coordinates X=-34.322, Y=-38.959
09.05 09:02:09 Moving is finished
09.05 09:04:17 Scanning 11 point from 154
09.05 09:04:17 Going to coordinates X=-34.222, Y=-38.959
09.05 09:04:17 Moving is finished
09.05 09:06:24 Scanning 12 point from 154
09.05 09:06:24 Going to coordinates X=-34.122, Y=-38.959
09.05 09:06:24 Moving is finished
09.05 09:08:32 Scanning 13 point from 154
09.05 09:08:32 Going to coordinates X=-34.022, Y=-38.959
09.05 09:08:32 Moving is finished
09.05 09:10:39 Scanning 14 point from 154
09.05 09:10:39 Going to coordinates X=-35.322, Y=-38.859
09.05 09:10:40 Moving is finished
09.05 09:12:48 Scanning 15 point from 154
09.05 09:12:48 Going to coordinates X=-35.222, Y=-38.859
09.05 09:12:48 Moving is finished
09.05 09:14:56 Scanning 16 point from 154
09.05 09:14:56 Going to coordinates X=-35.122, Y=-38.859
09.05 09:14:56 Moving is finished
09.05 09:17:03 Scanning 17 point from 154
09.05 09:17:03 Going to coordinates X=-35.022, Y=-38.859
09.05 09:17:03 Moving is finished
09.05 09:19:11 Scanning 18 point from 154
09.05 09:19:11 Going to coordinates X=-34.922, Y=-38.859
09.05 09:19:11 Moving is finished
09.05 09:21:19 Scanning 19 point from 154
09.05 09:21:19 Going to coordinates X=-34.822, Y=-38.859
09.05 09:21:19 Moving is finished
09.05 09:23:26 Scanning 20 point from 154
09.05 09:23:26 Going to coordinates X=-34.722, Y=-38.859
09.05 09:23:27 Moving is finished
09.05 09:25:34 Scanning 21 point from 154
09.05 09:25:34 Going to coordinates X=-34.622, Y=-38.859
09.05 09:25:34 Moving is finished
09.05 09:27:42 Scanning 22 point from 154
09.05 09:27:42 Going to coordinates X=-34.522, Y=-38.859
09.05 09:27:42 Moving is finished
09.05 09:29:50 Scanning 23 point from 154
09.05 09:29:50 Going to coordinates X=-34.422, Y=-38.859
09.05 09:29:50 Moving is finished
09.05 09:31:57 Scanning 24 point from 154
09.05 09:31:57 Going to coordinates X=-34.322, Y=-38.859
09.05 09:31:58 Moving is finished
09.05 09:34:05 Scanning 25 point from 154
09.05 09:34:05 Going to coordinates X=-34.222, Y=-38.859
09.05 09:34:05 Moving is finished
09.05 09:36:13 Scanning 26 point from 154
09.05 09:36:13 Going to coordinates X=-34.122, Y=-38.859
09.05 09:36:13 Moving is finished
09.05 09:38:21 Scanning 27 point from 154
09.05 09:38:21 Going to coordinates X=-34.022, Y=-38.859
09.05 09:38:21 Moving is finished
09.05 09:40:28 Scanning 28 point from 154
09.05 09:40:28 Going to coordinates X=-35.322, Y=-38.759
09.05 09:40:29 Moving is finished
09.05 09:42:36 Scanning 29 point from 154
09.05 09:42:36 Going to coordinates X=-35.222, Y=-38.759
09.05 09:42:37 Moving is finished
09.05 09:44:44 Scanning 30 point from 154
09.05 09:44:44 Going to coordinates X=-35.122, Y=-38.759
09.05 09:44:45 Moving is finished
09.05 09:46:52 Scanning 31 point from 154
09.05 09:46:52 Going to coordinates X=-35.022, Y=-38.759
09.05 09:46:52 Moving is finished
09.05 09:48:59 Scanning 32 point from 154
09.05 09:48:59 Going to coordinates X=-34.922, Y=-38.759
09.05 09:49:00 Moving is finished
09.05 09:51:07 Scanning 33 point from 154
09.05 09:51:07 Going to coordinates X=-34.822, Y=-38.759
09.05 09:51:08 Moving is finished
09.05 09:53:15 Scanning 34 point from 154
09.05 09:53:15 Going to coordinates X=-34.722, Y=-38.759
09.05 09:53:16 Moving is finished
09.05 09:55:23 Scanning 35 point from 154
09.05 09:55:23 Going to coordinates X=-34.622, Y=-38.759
09.05 09:55:23 Moving is finished
09.05 09:55:28 (-2147467263, 'Neimplementováno', (None, None, None, 0, None))
09.05 09:55:28 Scanning 36 point from 154
09.05 09:55:28 Going to coordinates X=-34.522, Y=-38.759
09.05 09:55:28 Stopped!
09.05 09:56:54 Row 0: 09.05 09:56:54 Map: x1: -34.624, y1: -38.763, x2: -34.624, y2: -38.763, xres: 0.100, yres: 0.100, fname: m3
09.05 09:56:54 Scanning 0 point from 4
09.05 09:56:54 Going to coordinates X=-34.624, Y=-38.763
09.05 09:56:54 Moving is finished
09.05 09:57:00 Stopped!
09.05 10:00:13 Row 0: 09.05 10:00:13 Paused
09.05 10:00:15 Map: x1: -34.166, y1: -39.557, x2: -34.0, y2: -39.938, xres: 0.050, yres: 0.050, fname: 3BEZCOOH2
09.05 10:00:15 Scanning 0 point from 45
09.05 10:00:15 Going to coordinates X=-34.166, Y=-39.938
09.05 10:00:15 Moving is finished
09.05 10:01:52 Scanning 1 point from 45
09.05 10:01:52 Going to coordinates X=-34.116, Y=-39.938
09.05 10:01:53 Moving is finished
09.05 10:03:29 Scanning 2 point from 45
09.05 10:03:29 Going to coordinates X=-34.066, Y=-39.938
09.05 10:03:30 Moving is finished
09.05 10:05:07 Scanning 3 point from 45
09.05 10:05:07 Going to coordinates X=-34.016, Y=-39.938
09.05 10:05:07 Moving is finished
09.05 10:06:44 Scanning 4 point from 45
09.05 10:06:44 Going to coordinates X=-33.966, Y=-39.938
09.05 10:06:44 Moving is finished
09.05 10:08:20 Scanning 5 point from 45
09.05 10:08:20 Going to coordinates X=-34.166, Y=-39.888
09.05 10:08:21 Moving is finished
09.05 10:09:57 Scanning 6 point from 45
09.05 10:09:57 Going to coordinates X=-34.116, Y=-39.888
09.05 10:09:57 Moving is finished
09.05 10:11:34 Scanning 7 point from 45
09.05 10:11:34 Going to coordinates X=-34.066, Y=-39.888
09.05 10:11:34 Moving is finished
09.05 10:13:11 Scanning 8 point from 45
09.05 10:13:11 Going to coordinates X=-34.016, Y=-39.888
09.05 10:13:11 Moving is finished
09.05 10:14:48 Scanning 9 point from 45
09.05 10:14:48 Going to coordinates X=-33.966, Y=-39.888
09.05 10:14:48 Moving is finished
09.05 10:16:24 Scanning 10 point from 45
09.05 10:16:24 Going to coordinates X=-34.166, Y=-39.838
09.05 10:16:25 Moving is finished
09.05 10:18:02 Scanning 11 point from 45
09.05 10:18:02 Going to coordinates X=-34.116, Y=-39.838
09.05 10:18:02 Moving is finished
09.05 10:19:38 Scanning 12 point from 45
09.05 10:19:38 Going to coordinates X=-34.066, Y=-39.838
09.05 10:19:39 Moving is finished
09.05 10:21:15 Scanning 13 point from 45
09.05 10:21:15 Going to coordinates X=-34.016, Y=-39.838
09.05 10:21:16 Moving is finished
09.05 10:22:52 Scanning 14 point from 45
09.05 10:22:52 Going to coordinates X=-33.966, Y=-39.838
09.05 10:22:53 Moving is finished
09.05 10:24:29 Scanning 15 point from 45
09.05 10:24:29 Going to coordinates X=-34.166, Y=-39.788
09.05 10:24:29 Moving is finished
09.05 10:26:06 Scanning 16 point from 45
09.05 10:26:06 Going to coordinates X=-34.116, Y=-39.788
09.05 10:26:06 Moving is finished
09.05 10:27:42 Scanning 17 point from 45
09.05 10:27:42 Going to coordinates X=-34.066, Y=-39.788
09.05 10:27:42 Moving is finished
09.05 10:29:19 Scanning 18 point from 45
09.05 10:29:19 Going to coordinates X=-34.016, Y=-39.788
09.05 10:29:19 Moving is finished
09.05 10:30:56 Scanning 19 point from 45
09.05 10:30:56 Going to coordinates X=-33.966, Y=-39.788
09.05 10:30:56 Moving is finished
09.05 10:32:32 Scanning 20 point from 45
09.05 10:32:32 Going to coordinates X=-34.166, Y=-39.738
09.05 10:32:33 Moving is finished
09.05 10:34:07 Stopped!
09.05 10:58:30 Can't send the command to GRBL
09.05 10:58:30 Write timeout09.05 10:58:30 Write timeout
