16.07 11:16:01 Initializing grbl...
16.07 11:16:02 Got the response: b''
16.07 11:16:27 Row 0: 16.07 11:16:27 Map: x1: -15.202, y1: -35.959, x2: -12.933, y2: -39.785, xres: 0.250, yres: 0.250, fname: dvd_ntp
16.07 11:16:27 Scanning 0 point from 187
16.07 11:16:27 Going to coordinates X=-15.202, Y=-39.785
16.07 11:16:31 Moving is finished

16.07 11:16:33 Scanning 1 point from 187
16.07 11:16:33 Going to coordinates X=-14.952, Y=-39.785
16.07 11:16:34 Moving is finished

16.07 11:16:37 Scanning 2 point from 187
16.07 11:16:37 Going to coordinates X=-14.702, Y=-39.785
16.07 11:16:37 Moving is finished

16.07 11:16:40 Scanning 3 point from 187
16.07 11:16:40 Going to coordinates X=-14.452, Y=-39.785
16.07 11:16:40 Moving is finished

16.07 11:16:43 Scanning 4 point from 187
16.07 11:16:43 Going to coordinates X=-14.202, Y=-39.785
16.07 11:16:43 Moving is finished

16.07 11:16:45 Scanning 5 point from 187
16.07 11:16:45 Going to coordinates X=-13.952, Y=-39.785
16.07 11:16:46 Moving is finished

16.07 11:16:48 Scanning 6 point from 187
16.07 11:16:48 Going to coordinates X=-13.702, Y=-39.785
16.07 11:16:49 Moving is finished

16.07 11:16:51 Scanning 7 point from 187
16.07 11:16:51 Going to coordinates X=-13.452, Y=-39.785
16.07 11:16:51 Moving is finished
16.07 11:16:52 Stopped!
16.07 11:17:08 Row 0: 16.07 11:17:08 Raman: test
16.07 11:17:08 Starting signal collection to the file test

16.07 11:17:10 Data is collected!
16.07 11:17:14 Row 0: 16.07 11:17:14 Raman: test
16.07 11:17:14 Starting signal collection to the file test

16.07 11:17:16 Data is collected!
