10.07 10:08:40 Initializing grbl...
10.07 10:08:41 Got the response: b''
10.07 10:14:22 Row 0: 10.07 10:14:22 Map: x1: -14.0, y1: -41.179, x2: -15.284, y2: -42.267, xres: 0.080, yres: 0.080, fname: M3
10.07 10:14:22 Scanning 0 point from 270
10.07 10:14:22 Going to coordinates X=-15.284, Y=-42.267
10.07 10:14:22 Moving is finished
10.07 10:15:27 Scanning 1 point from 270
10.07 10:15:27 Going to coordinates X=-15.204, Y=-42.267
10.07 10:15:27 Moving is finished
10.07 10:16:31 Scanning 2 point from 270
10.07 10:16:31 Going to coordinates X=-15.124, Y=-42.267
10.07 10:16:31 Moving is finished
10.07 10:17:35 Scanning 3 point from 270
10.07 10:17:35 Going to coordinates X=-15.044, Y=-42.267
10.07 10:17:35 Moving is finished
10.07 10:18:39 Scanning 4 point from 270
10.07 10:18:39 Going to coordinates X=-14.964, Y=-42.267
10.07 10:18:40 Moving is finished
10.07 10:19:44 Scanning 5 point from 270
10.07 10:19:44 Going to coordinates X=-14.884, Y=-42.267
10.07 10:19:44 Moving is finished
10.07 10:20:49 Scanning 6 point from 270
10.07 10:20:49 Going to coordinates X=-14.804, Y=-42.267
10.07 10:20:49 Moving is finished
10.07 10:21:53 Scanning 7 point from 270
10.07 10:21:53 Going to coordinates X=-14.724, Y=-42.267
10.07 10:21:53 Moving is finished
10.07 10:22:57 Scanning 8 point from 270
10.07 10:22:57 Going to coordinates X=-14.644, Y=-42.267
10.07 10:22:58 Moving is finished
10.07 10:24:01 Scanning 9 point from 270
10.07 10:24:01 Going to coordinates X=-14.564, Y=-42.267
10.07 10:24:02 Moving is finished
10.07 10:25:06 Scanning 10 point from 270
10.07 10:25:06 Going to coordinates X=-14.484, Y=-42.267
10.07 10:25:06 Moving is finished
10.07 10:26:10 Scanning 11 point from 270
10.07 10:26:10 Going to coordinates X=-14.404, Y=-42.267
10.07 10:26:10 Moving is finished
10.07 10:27:14 Scanning 12 point from 270
10.07 10:27:14 Going to coordinates X=-14.324, Y=-42.267
10.07 10:27:14 Moving is finished
10.07 10:28:18 Scanning 13 point from 270
10.07 10:28:18 Going to coordinates X=-14.244, Y=-42.267
10.07 10:28:19 Moving is finished
10.07 10:29:22 Scanning 14 point from 270
10.07 10:29:22 Going to coordinates X=-14.164, Y=-42.267
10.07 10:29:23 Moving is finished
10.07 10:30:26 Scanning 15 point from 270
10.07 10:30:26 Going to coordinates X=-14.084, Y=-42.267
10.07 10:30:27 Moving is finished
10.07 10:31:31 Scanning 16 point from 270
10.07 10:31:31 Going to coordinates X=-14.004, Y=-42.267
10.07 10:31:31 Moving is finished
10.07 10:32:35 Scanning 17 point from 270
10.07 10:32:35 Going to coordinates X=-13.924, Y=-42.267
10.07 10:32:36 Moving is finished
10.07 10:33:40 Scanning 18 point from 270
10.07 10:33:40 Going to coordinates X=-15.284, Y=-42.187
10.07 10:33:40 Moving is finished
10.07 10:34:44 Scanning 19 point from 270
10.07 10:34:44 Going to coordinates X=-15.204, Y=-42.187
10.07 10:34:45 Moving is finished
10.07 10:35:48 Scanning 20 point from 270
10.07 10:35:48 Going to coordinates X=-15.124, Y=-42.187
10.07 10:35:49 Moving is finished
10.07 10:36:52 Scanning 21 point from 270
10.07 10:36:52 Going to coordinates X=-15.044, Y=-42.187
10.07 10:36:53 Moving is finished
10.07 10:37:56 Scanning 22 point from 270
10.07 10:37:56 Going to coordinates X=-14.964, Y=-42.187
10.07 10:37:57 Moving is finished
10.07 10:39:00 Scanning 23 point from 270
10.07 10:39:00 Going to coordinates X=-14.884, Y=-42.187
10.07 10:39:00 Moving is finished
10.07 10:40:05 Scanning 24 point from 270
10.07 10:40:05 Going to coordinates X=-14.804, Y=-42.187
10.07 10:40:05 Moving is finished
10.07 10:41:09 Scanning 25 point from 270
10.07 10:41:09 Going to coordinates X=-14.724, Y=-42.187
10.07 10:41:09 Moving is finished
10.07 10:42:13 Scanning 26 point from 270
10.07 10:42:13 Going to coordinates X=-14.644, Y=-42.187
10.07 10:42:13 Moving is finished
10.07 10:43:17 Scanning 27 point from 270
10.07 10:43:17 Going to coordinates X=-14.564, Y=-42.187
10.07 10:43:17 Moving is finished
10.07 10:44:22 Scanning 28 point from 270
10.07 10:44:22 Going to coordinates X=-14.484, Y=-42.187
10.07 10:44:22 Moving is finished
10.07 10:45:26 Scanning 29 point from 270
10.07 10:45:26 Going to coordinates X=-14.404, Y=-42.187
10.07 10:45:26 Moving is finished
10.07 10:46:30 Scanning 30 point from 270
10.07 10:46:30 Going to coordinates X=-14.324, Y=-42.187
10.07 10:46:30 Moving is finished
10.07 10:47:34 Scanning 31 point from 270
10.07 10:47:34 Going to coordinates X=-14.244, Y=-42.187
10.07 10:47:34 Moving is finished
10.07 10:48:39 Scanning 32 point from 270
10.07 10:48:39 Going to coordinates X=-14.164, Y=-42.187
10.07 10:48:39 Moving is finished
10.07 10:49:43 Scanning 33 point from 270
10.07 10:49:43 Going to coordinates X=-14.084, Y=-42.187
10.07 10:49:43 Moving is finished
10.07 10:50:47 Scanning 34 point from 270
10.07 10:50:47 Going to coordinates X=-14.004, Y=-42.187
10.07 10:50:47 Moving is finished
10.07 10:51:51 Scanning 35 point from 270
10.07 10:51:51 Going to coordinates X=-13.924, Y=-42.187
10.07 10:51:51 Moving is finished
10.07 10:52:55 Scanning 36 point from 270
10.07 10:52:55 Going to coordinates X=-15.284, Y=-42.107
10.07 10:52:56 Moving is finished
10.07 10:53:59 Scanning 37 point from 270
10.07 10:53:59 Going to coordinates X=-15.204, Y=-42.107
10.07 10:54:00 Moving is finished
10.07 10:55:03 Scanning 38 point from 270
10.07 10:55:03 Going to coordinates X=-15.124, Y=-42.107
10.07 10:55:04 Moving is finished
10.07 10:56:07 Scanning 39 point from 270
10.07 10:56:07 Going to coordinates X=-15.044, Y=-42.107
10.07 10:56:08 Moving is finished
10.07 10:57:11 Scanning 40 point from 270
10.07 10:57:11 Going to coordinates X=-14.964, Y=-42.107
10.07 10:57:12 Moving is finished
10.07 10:58:16 Scanning 41 point from 270
10.07 10:58:16 Going to coordinates X=-14.884, Y=-42.107
10.07 10:58:16 Moving is finished
10.07 10:59:20 Scanning 42 point from 270
10.07 10:59:20 Going to coordinates X=-14.804, Y=-42.107
10.07 10:59:20 Moving is finished
10.07 11:00:24 Scanning 43 point from 270
10.07 11:00:24 Going to coordinates X=-14.724, Y=-42.107
10.07 11:00:24 Moving is finished
10.07 11:01:28 Scanning 44 point from 270
10.07 11:01:28 Going to coordinates X=-14.644, Y=-42.107
10.07 11:01:28 Moving is finished
10.07 11:02:32 Scanning 45 point from 270
10.07 11:02:32 Going to coordinates X=-14.564, Y=-42.107
10.07 11:02:33 Moving is finished
10.07 11:03:37 Scanning 46 point from 270
10.07 11:03:37 Going to coordinates X=-14.484, Y=-42.107
10.07 11:03:37 Moving is finished
10.07 11:04:44 timed out
10.07 11:04:44 Scanning 47 point from 270
10.07 11:04:44 Going to coordinates X=-14.404, Y=-42.107
10.07 11:04:44 Moving is finished
10.07 11:05:08 Could not find 'EZRaman Reader  V8.2.0 MV' in 'dict_keys([])'
10.07 11:05:13 Could not find 'EZRaman Reader  V8.2.0 MV' in 'dict_keys([])'
10.07 11:05:13 Scanning 48 point from 270
10.07 11:05:13 Going to coordinates X=-14.324, Y=-42.107
10.07 11:05:13 Moving is finished
10.07 11:05:20 Could not find 'EZRaman Reader  V8.2.0 MV' in 'dict_keys([])'
10.07 11:05:25 Could not find 'EZRaman Reader  V8.2.0 MV' in 'dict_keys([])'
10.07 11:05:25 Scanning 49 point from 270
10.07 11:05:25 Going to coordinates X=-14.244, Y=-42.107
10.07 11:05:25 Moving is finished
10.07 11:05:49 Scanning 50 point from 270
10.07 11:05:49 Going to coordinates X=-14.164, Y=-42.107
10.07 11:05:49 Moving is finished
10.07 11:06:53 Scanning 51 point from 270
10.07 11:06:53 Going to coordinates X=-14.084, Y=-42.107
10.07 11:06:53 Moving is finished
10.07 11:07:57 Scanning 52 point from 270
10.07 11:07:57 Going to coordinates X=-14.004, Y=-42.107
10.07 11:07:57 Moving is finished
10.07 11:09:01 Scanning 53 point from 270
10.07 11:09:01 Going to coordinates X=-13.924, Y=-42.107
10.07 11:09:01 Moving is finished
10.07 11:10:06 Scanning 54 point from 270
10.07 11:10:06 Going to coordinates X=-15.284, Y=-42.027
10.07 11:10:07 Moving is finished
10.07 11:11:11 Scanning 55 point from 270
10.07 11:11:11 Going to coordinates X=-15.204, Y=-42.027
10.07 11:11:11 Moving is finished
10.07 11:12:15 Scanning 56 point from 270
10.07 11:12:15 Going to coordinates X=-15.124, Y=-42.027
10.07 11:12:15 Moving is finished
10.07 11:13:19 Scanning 57 point from 270
10.07 11:13:19 Going to coordinates X=-15.044, Y=-42.027
10.07 11:13:19 Moving is finished
10.07 11:14:23 Scanning 58 point from 270
10.07 11:14:23 Going to coordinates X=-14.964, Y=-42.027
10.07 11:14:23 Moving is finished
10.07 11:15:27 Scanning 59 point from 270
10.07 11:15:27 Going to coordinates X=-14.884, Y=-42.027
10.07 11:15:27 Moving is finished
10.07 11:16:32 Scanning 60 point from 270
10.07 11:16:32 Going to coordinates X=-14.804, Y=-42.027
10.07 11:16:32 Moving is finished
10.07 11:17:36 Scanning 61 point from 270
10.07 11:17:36 Going to coordinates X=-14.724, Y=-42.027
10.07 11:17:36 Moving is finished
10.07 11:18:41 Scanning 62 point from 270
10.07 11:18:41 Going to coordinates X=-14.644, Y=-42.027
10.07 11:18:41 Moving is finished
10.07 11:19:45 Scanning 63 point from 270
10.07 11:19:45 Going to coordinates X=-14.564, Y=-42.027
10.07 11:19:45 Moving is finished
10.07 11:20:49 Scanning 64 point from 270
10.07 11:20:49 Going to coordinates X=-14.484, Y=-42.027
10.07 11:20:49 Moving is finished
10.07 11:21:53 Scanning 65 point from 270
10.07 11:21:53 Going to coordinates X=-14.404, Y=-42.027
10.07 11:21:53 Moving is finished
10.07 11:22:57 Scanning 66 point from 270
10.07 11:22:57 Going to coordinates X=-14.324, Y=-42.027
10.07 11:22:57 Moving is finished
10.07 11:24:02 Scanning 67 point from 270
10.07 11:24:02 Going to coordinates X=-14.244, Y=-42.027
10.07 11:24:02 Moving is finished
10.07 11:25:06 Scanning 68 point from 270
10.07 11:25:06 Going to coordinates X=-14.164, Y=-42.027
10.07 11:25:06 Moving is finished
10.07 11:26:10 Scanning 69 point from 270
10.07 11:26:10 Going to coordinates X=-14.084, Y=-42.027
10.07 11:26:10 Moving is finished
10.07 11:27:14 Scanning 70 point from 270
10.07 11:27:14 Going to coordinates X=-14.004, Y=-42.027
10.07 11:27:15 Moving is finished
10.07 11:28:18 Scanning 71 point from 270
10.07 11:28:18 Going to coordinates X=-13.924, Y=-42.027
10.07 11:28:19 Moving is finished
10.07 11:29:23 Scanning 72 point from 270
10.07 11:29:23 Going to coordinates X=-15.284, Y=-41.947
10.07 11:29:24 Moving is finished
10.07 11:30:28 Scanning 73 point from 270
10.07 11:30:28 Going to coordinates X=-15.204, Y=-41.947
10.07 11:30:28 Moving is finished
10.07 11:31:32 Scanning 74 point from 270
10.07 11:31:32 Going to coordinates X=-15.124, Y=-41.947
10.07 11:31:32 Moving is finished
10.07 11:32:36 Scanning 75 point from 270
10.07 11:32:36 Going to coordinates X=-15.044, Y=-41.947
10.07 11:32:36 Moving is finished
10.07 11:33:41 Scanning 76 point from 270
10.07 11:33:41 Going to coordinates X=-14.964, Y=-41.947
10.07 11:33:41 Moving is finished
10.07 11:34:45 Scanning 77 point from 270
10.07 11:34:45 Going to coordinates X=-14.884, Y=-41.947
10.07 11:34:45 Moving is finished
10.07 11:35:49 Scanning 78 point from 270
10.07 11:35:49 Going to coordinates X=-14.804, Y=-41.947
10.07 11:35:49 Moving is finished
10.07 11:36:54 Scanning 79 point from 270
10.07 11:36:54 Going to coordinates X=-14.724, Y=-41.947
10.07 11:36:54 Moving is finished
10.07 11:37:58 Scanning 80 point from 270
10.07 11:37:58 Going to coordinates X=-14.644, Y=-41.947
10.07 11:37:58 Moving is finished
10.07 11:39:02 Scanning 81 point from 270
10.07 11:39:02 Going to coordinates X=-14.564, Y=-41.947
10.07 11:39:02 Moving is finished
10.07 11:40:06 Scanning 82 point from 270
10.07 11:40:06 Going to coordinates X=-14.484, Y=-41.947
10.07 11:40:07 Moving is finished
10.07 11:41:10 Scanning 83 point from 270
10.07 11:41:10 Going to coordinates X=-14.404, Y=-41.947
10.07 11:41:10 Moving is finished
10.07 11:42:14 Scanning 84 point from 270
10.07 11:42:14 Going to coordinates X=-14.324, Y=-41.947
10.07 11:42:15 Moving is finished
10.07 11:43:19 Scanning 85 point from 270
10.07 11:43:19 Going to coordinates X=-14.244, Y=-41.947
10.07 11:43:19 Moving is finished
10.07 11:44:23 Scanning 86 point from 270
10.07 11:44:23 Going to coordinates X=-14.164, Y=-41.947
10.07 11:44:23 Moving is finished
10.07 11:45:27 Scanning 87 point from 270
10.07 11:45:27 Going to coordinates X=-14.084, Y=-41.947
10.07 11:45:27 Moving is finished
10.07 11:46:31 Scanning 88 point from 270
10.07 11:46:31 Going to coordinates X=-14.004, Y=-41.947
10.07 11:46:31 Moving is finished
10.07 11:47:35 Scanning 89 point from 270
10.07 11:47:35 Going to coordinates X=-13.924, Y=-41.947
10.07 11:47:35 Moving is finished
10.07 11:48:39 Scanning 90 point from 270
10.07 11:48:39 Going to coordinates X=-15.284, Y=-41.867
10.07 11:48:40 Moving is finished
10.07 11:49:44 Scanning 91 point from 270
10.07 11:49:44 Going to coordinates X=-15.204, Y=-41.867
10.07 11:49:44 Moving is finished
10.07 11:50:49 Scanning 92 point from 270
10.07 11:50:49 Going to coordinates X=-15.124, Y=-41.867
10.07 11:50:49 Moving is finished
10.07 11:51:53 Scanning 93 point from 270
10.07 11:51:53 Going to coordinates X=-15.044, Y=-41.867
10.07 11:51:53 Moving is finished
10.07 11:52:57 Scanning 94 point from 270
10.07 11:52:57 Going to coordinates X=-14.964, Y=-41.867
10.07 11:52:58 Moving is finished
10.07 11:54:01 Scanning 95 point from 270
10.07 11:54:01 Going to coordinates X=-14.884, Y=-41.867
10.07 11:54:02 Moving is finished
10.07 11:55:05 Scanning 96 point from 270
10.07 11:55:05 Going to coordinates X=-14.804, Y=-41.867
10.07 11:55:06 Moving is finished
10.07 11:56:10 Scanning 97 point from 270
10.07 11:56:10 Going to coordinates X=-14.724, Y=-41.867
10.07 11:56:10 Moving is finished
10.07 11:57:14 Scanning 98 point from 270
10.07 11:57:14 Going to coordinates X=-14.644, Y=-41.867
10.07 11:57:15 Moving is finished
10.07 11:58:18 Scanning 99 point from 270
10.07 11:58:18 Going to coordinates X=-14.564, Y=-41.867
10.07 11:58:18 Moving is finished
10.07 11:59:22 Scanning 100 point from 270
10.07 11:59:22 Going to coordinates X=-14.484, Y=-41.867
10.07 11:59:22 Moving is finished
10.07 12:00:27 Scanning 101 point from 270
10.07 12:00:27 Going to coordinates X=-14.404, Y=-41.867
10.07 12:00:27 Moving is finished
10.07 12:01:31 Scanning 102 point from 270
10.07 12:01:31 Going to coordinates X=-14.324, Y=-41.867
10.07 12:01:31 Moving is finished
10.07 12:02:35 Scanning 103 point from 270
10.07 12:02:35 Going to coordinates X=-14.244, Y=-41.867
10.07 12:02:36 Moving is finished
10.07 12:03:39 Scanning 104 point from 270
10.07 12:03:39 Going to coordinates X=-14.164, Y=-41.867
10.07 12:03:40 Moving is finished
10.07 12:04:43 Scanning 105 point from 270
10.07 12:04:43 Going to coordinates X=-14.084, Y=-41.867
10.07 12:04:44 Moving is finished
10.07 12:05:48 Scanning 106 point from 270
10.07 12:05:48 Going to coordinates X=-14.004, Y=-41.867
10.07 12:05:48 Moving is finished
10.07 12:06:52 Scanning 107 point from 270
10.07 12:06:52 Going to coordinates X=-13.924, Y=-41.867
10.07 12:06:52 Moving is finished
10.07 12:07:56 Scanning 108 point from 270
10.07 12:07:56 Going to coordinates X=-15.284, Y=-41.787
10.07 12:07:57 Moving is finished
10.07 12:09:01 Scanning 109 point from 270
10.07 12:09:01 Going to coordinates X=-15.204, Y=-41.787
10.07 12:09:01 Moving is finished
10.07 12:10:05 Scanning 110 point from 270
10.07 12:10:05 Going to coordinates X=-15.124, Y=-41.787
10.07 12:10:05 Moving is finished
10.07 12:11:09 Scanning 111 point from 270
10.07 12:11:09 Going to coordinates X=-15.044, Y=-41.787
10.07 12:11:10 Moving is finished
10.07 12:12:13 Scanning 112 point from 270
10.07 12:12:13 Going to coordinates X=-14.964, Y=-41.787
10.07 12:12:14 Moving is finished
10.07 12:13:18 Scanning 113 point from 270
10.07 12:13:18 Going to coordinates X=-14.884, Y=-41.787
10.07 12:13:18 Moving is finished
10.07 12:14:23 Scanning 114 point from 270
10.07 12:14:23 Going to coordinates X=-14.804, Y=-41.787
10.07 12:14:23 Moving is finished
10.07 12:15:27 Scanning 115 point from 270
10.07 12:15:27 Going to coordinates X=-14.724, Y=-41.787
10.07 12:15:27 Moving is finished
10.07 12:16:31 Scanning 116 point from 270
10.07 12:16:31 Going to coordinates X=-14.644, Y=-41.787
10.07 12:16:31 Moving is finished
10.07 12:17:35 Scanning 117 point from 270
10.07 12:17:35 Going to coordinates X=-14.564, Y=-41.787
10.07 12:17:35 Moving is finished
10.07 12:18:40 Scanning 118 point from 270
10.07 12:18:40 Going to coordinates X=-14.484, Y=-41.787
10.07 12:18:40 Moving is finished
10.07 12:19:44 Scanning 119 point from 270
10.07 12:19:44 Going to coordinates X=-14.404, Y=-41.787
10.07 12:19:44 Moving is finished
10.07 12:20:48 Scanning 120 point from 270
10.07 12:20:48 Going to coordinates X=-14.324, Y=-41.787
10.07 12:20:49 Moving is finished
10.07 12:21:53 Scanning 121 point from 270
10.07 12:21:53 Going to coordinates X=-14.244, Y=-41.787
10.07 12:21:53 Moving is finished
10.07 12:22:57 Scanning 122 point from 270
10.07 12:22:57 Going to coordinates X=-14.164, Y=-41.787
10.07 12:22:57 Moving is finished
10.07 12:23:27 Could not find 'EZRaman Reader  V8.2.0 MV' in 'dict_keys([])'
10.07 12:23:33 Could not find 'EZRaman Reader  V8.2.0 MV' in 'dict_keys([])'
10.07 12:23:33 Scanning 123 point from 270
10.07 12:23:33 Going to coordinates X=-14.084, Y=-41.787
10.07 12:23:33 Moving is finished
10.07 12:24:02 Scanning 124 point from 270
10.07 12:24:02 Going to coordinates X=-14.004, Y=-41.787
10.07 12:24:02 Moving is finished
10.07 12:25:06 Scanning 125 point from 270
10.07 12:25:06 Going to coordinates X=-13.924, Y=-41.787
10.07 12:25:06 Moving is finished
10.07 12:26:10 Scanning 126 point from 270
10.07 12:26:10 Going to coordinates X=-15.284, Y=-41.707
10.07 12:26:11 Moving is finished
10.07 12:27:15 Scanning 127 point from 270
10.07 12:27:15 Going to coordinates X=-15.204, Y=-41.707
10.07 12:27:15 Moving is finished
10.07 12:28:19 Scanning 128 point from 270
10.07 12:28:19 Going to coordinates X=-15.124, Y=-41.707
10.07 12:28:19 Moving is finished
10.07 12:29:23 Scanning 129 point from 270
10.07 12:29:23 Going to coordinates X=-15.044, Y=-41.707
10.07 12:29:23 Moving is finished

10.07 12:29:25 Scanning 130 point from 270
10.07 12:29:25 Going to coordinates X=-14.964, Y=-41.707
10.07 12:29:25 Moving is finished

10.07 12:29:27 Scanning 131 point from 270
10.07 12:29:27 Going to coordinates X=-14.884, Y=-41.707
10.07 12:29:28 Moving is finished

10.07 12:29:30 Scanning 132 point from 270
10.07 12:29:30 Going to coordinates X=-14.804, Y=-41.707
10.07 12:29:30 Moving is finished

10.07 12:29:32 Scanning 133 point from 270
10.07 12:29:32 Going to coordinates X=-14.724, Y=-41.707
10.07 12:29:32 Moving is finished

10.07 12:29:34 Scanning 134 point from 270
10.07 12:29:34 Going to coordinates X=-14.644, Y=-41.707
10.07 12:29:35 Moving is finished

10.07 12:29:37 Scanning 135 point from 270
10.07 12:29:37 Going to coordinates X=-14.564, Y=-41.707
10.07 12:29:37 Moving is finished

10.07 12:29:40 Scanning 136 point from 270
10.07 12:29:40 Paused
10.07 12:30:44 Going to coordinates X=-14.484, Y=-41.707
10.07 12:30:44 Moving is finished
10.07 12:31:49 Scanning 137 point from 270
10.07 12:31:49 Going to coordinates X=-14.404, Y=-41.707
10.07 12:31:49 Moving is finished
10.07 12:32:53 Scanning 138 point from 270
10.07 12:32:53 Going to coordinates X=-14.324, Y=-41.707
10.07 12:32:54 Moving is finished
10.07 12:33:57 Scanning 139 point from 270
10.07 12:33:57 Going to coordinates X=-14.244, Y=-41.707
10.07 12:33:58 Moving is finished
10.07 12:35:03 Scanning 140 point from 270
10.07 12:35:03 Going to coordinates X=-14.164, Y=-41.707
10.07 12:35:03 Moving is finished
10.07 12:36:07 Scanning 141 point from 270
10.07 12:36:07 Going to coordinates X=-14.084, Y=-41.707
10.07 12:36:08 Moving is finished
10.07 12:37:11 Scanning 142 point from 270
10.07 12:37:11 Going to coordinates X=-14.004, Y=-41.707
10.07 12:37:12 Moving is finished
10.07 12:38:15 Scanning 143 point from 270
10.07 12:38:15 Going to coordinates X=-13.924, Y=-41.707
10.07 12:38:16 Moving is finished
10.07 12:39:20 Scanning 144 point from 270
10.07 12:39:20 Going to coordinates X=-15.284, Y=-41.627
10.07 12:39:21 Moving is finished
10.07 12:40:24 Scanning 145 point from 270
10.07 12:40:24 Going to coordinates X=-15.204, Y=-41.627
10.07 12:40:25 Moving is finished
10.07 12:41:29 Scanning 146 point from 270
10.07 12:41:29 Going to coordinates X=-15.124, Y=-41.627
10.07 12:41:29 Moving is finished
10.07 12:42:32 Scanning 147 point from 270
10.07 12:42:32 Going to coordinates X=-15.044, Y=-41.627
10.07 12:42:33 Moving is finished
10.07 12:43:37 Scanning 148 point from 270
10.07 12:43:37 Going to coordinates X=-14.964, Y=-41.627
10.07 12:43:37 Moving is finished
10.07 12:44:41 Scanning 149 point from 270
10.07 12:44:41 Going to coordinates X=-14.884, Y=-41.627
10.07 12:44:41 Moving is finished
10.07 12:45:45 Scanning 150 point from 270
10.07 12:45:45 Going to coordinates X=-14.804, Y=-41.627
10.07 12:45:45 Moving is finished
10.07 12:46:50 Scanning 151 point from 270
10.07 12:46:50 Going to coordinates X=-14.724, Y=-41.627
10.07 12:46:50 Moving is finished
10.07 12:47:54 Scanning 152 point from 270
10.07 12:47:54 Going to coordinates X=-14.644, Y=-41.627
10.07 12:47:54 Moving is finished
10.07 12:48:58 Scanning 153 point from 270
10.07 12:48:58 Going to coordinates X=-14.564, Y=-41.627
10.07 12:48:59 Moving is finished
10.07 12:50:03 Scanning 154 point from 270
10.07 12:50:03 Going to coordinates X=-14.484, Y=-41.627
10.07 12:50:03 Moving is finished
10.07 12:51:07 Scanning 155 point from 270
10.07 12:51:07 Going to coordinates X=-14.404, Y=-41.627
10.07 12:51:07 Moving is finished
10.07 12:52:11 Scanning 156 point from 270
10.07 12:52:11 Going to coordinates X=-14.324, Y=-41.627
10.07 12:52:11 Moving is finished
10.07 12:53:15 Scanning 157 point from 270
10.07 12:53:15 Going to coordinates X=-14.244, Y=-41.627
10.07 12:53:15 Moving is finished
10.07 12:54:19 Scanning 158 point from 270
10.07 12:54:19 Going to coordinates X=-14.164, Y=-41.627
10.07 12:54:19 Moving is finished
10.07 12:55:23 Scanning 159 point from 270
10.07 12:55:23 Going to coordinates X=-14.084, Y=-41.627
10.07 12:55:23 Moving is finished
10.07 12:56:27 Scanning 160 point from 270
10.07 12:56:27 Going to coordinates X=-14.004, Y=-41.627
10.07 12:56:27 Moving is finished
10.07 12:57:32 Scanning 161 point from 270
10.07 12:57:32 Going to coordinates X=-13.924, Y=-41.627
10.07 12:57:32 Moving is finished
10.07 12:58:37 Scanning 162 point from 270
10.07 12:58:37 Going to coordinates X=-15.284, Y=-41.547
10.07 12:58:38 Moving is finished
10.07 12:59:42 Scanning 163 point from 270
10.07 12:59:42 Going to coordinates X=-15.204, Y=-41.547
10.07 12:59:43 Moving is finished
10.07 13:00:46 Scanning 164 point from 270
10.07 13:00:46 Going to coordinates X=-15.124, Y=-41.547
10.07 13:00:47 Moving is finished
10.07 13:01:51 Scanning 165 point from 270
10.07 13:01:51 Going to coordinates X=-15.044, Y=-41.547
10.07 13:01:51 Moving is finished
10.07 13:02:55 Scanning 166 point from 270
10.07 13:02:55 Going to coordinates X=-14.964, Y=-41.547
10.07 13:02:55 Moving is finished
10.07 13:03:59 Scanning 167 point from 270
10.07 13:03:59 Going to coordinates X=-14.884, Y=-41.547
10.07 13:04:00 Moving is finished
10.07 13:05:04 Scanning 168 point from 270
10.07 13:05:04 Going to coordinates X=-14.804, Y=-41.547
10.07 13:05:04 Moving is finished
10.07 13:06:08 Scanning 169 point from 270
10.07 13:06:08 Going to coordinates X=-14.724, Y=-41.547
10.07 13:06:08 Moving is finished
10.07 13:07:13 Scanning 170 point from 270
10.07 13:07:13 Going to coordinates X=-14.644, Y=-41.547
10.07 13:07:13 Moving is finished
10.07 13:08:18 Scanning 171 point from 270
10.07 13:08:18 Going to coordinates X=-14.564, Y=-41.547
10.07 13:08:18 Moving is finished
10.07 13:09:22 Scanning 172 point from 270
10.07 13:09:22 Going to coordinates X=-14.484, Y=-41.547
10.07 13:09:22 Moving is finished
10.07 13:10:26 Scanning 173 point from 270
10.07 13:10:26 Going to coordinates X=-14.404, Y=-41.547
10.07 13:10:26 Moving is finished
10.07 13:11:30 Scanning 174 point from 270
10.07 13:11:30 Going to coordinates X=-14.324, Y=-41.547
10.07 13:11:30 Moving is finished
10.07 13:12:35 Scanning 175 point from 270
10.07 13:12:35 Going to coordinates X=-14.244, Y=-41.547
10.07 13:12:35 Moving is finished
10.07 13:13:39 Scanning 176 point from 270
10.07 13:13:39 Going to coordinates X=-14.164, Y=-41.547
10.07 13:13:39 Moving is finished
10.07 13:14:43 Scanning 177 point from 270
10.07 13:14:43 Going to coordinates X=-14.084, Y=-41.547
10.07 13:14:43 Moving is finished
10.07 13:15:47 Scanning 178 point from 270
10.07 13:15:47 Going to coordinates X=-14.004, Y=-41.547
10.07 13:15:47 Moving is finished
10.07 13:16:52 Scanning 179 point from 270
10.07 13:16:52 Going to coordinates X=-13.924, Y=-41.547
10.07 13:16:52 Moving is finished
10.07 13:17:56 Scanning 180 point from 270
10.07 13:17:56 Going to coordinates X=-15.284, Y=-41.467
10.07 13:17:56 Moving is finished
10.07 13:19:00 Scanning 181 point from 270
10.07 13:19:00 Going to coordinates X=-15.204, Y=-41.467
10.07 13:19:01 Moving is finished
10.07 13:20:05 Scanning 182 point from 270
10.07 13:20:05 Going to coordinates X=-15.124, Y=-41.467
10.07 13:20:05 Moving is finished
10.07 13:21:09 Scanning 183 point from 270
10.07 13:21:09 Going to coordinates X=-15.044, Y=-41.467
10.07 13:21:09 Moving is finished
10.07 13:22:13 Scanning 184 point from 270
10.07 13:22:13 Going to coordinates X=-14.964, Y=-41.467
10.07 13:22:13 Moving is finished
10.07 13:23:17 Scanning 185 point from 270
10.07 13:23:17 Going to coordinates X=-14.884, Y=-41.467
10.07 13:23:18 Moving is finished
10.07 13:24:22 Scanning 186 point from 270
10.07 13:24:22 Going to coordinates X=-14.804, Y=-41.467
10.07 13:24:22 Moving is finished
10.07 13:25:26 Scanning 187 point from 270
10.07 13:25:26 Going to coordinates X=-14.724, Y=-41.467
10.07 13:25:26 Moving is finished
10.07 13:26:31 Scanning 188 point from 270
10.07 13:26:31 Going to coordinates X=-14.644, Y=-41.467
10.07 13:26:31 Moving is finished
10.07 13:27:35 Scanning 189 point from 270
10.07 13:27:35 Going to coordinates X=-14.564, Y=-41.467
10.07 13:27:35 Moving is finished
10.07 13:28:39 Scanning 190 point from 270
10.07 13:28:39 Going to coordinates X=-14.484, Y=-41.467
10.07 13:28:39 Moving is finished
10.07 13:29:43 Scanning 191 point from 270
10.07 13:29:43 Going to coordinates X=-14.404, Y=-41.467
10.07 13:29:43 Moving is finished
10.07 13:30:48 Scanning 192 point from 270
10.07 13:30:48 Going to coordinates X=-14.324, Y=-41.467
10.07 13:30:48 Moving is finished
10.07 13:31:52 Scanning 193 point from 270
10.07 13:31:52 Going to coordinates X=-14.244, Y=-41.467
10.07 13:31:52 Moving is finished
10.07 13:32:56 Scanning 194 point from 270
10.07 13:32:56 Going to coordinates X=-14.164, Y=-41.467
10.07 13:32:56 Moving is finished
10.07 13:34:00 Scanning 195 point from 270
10.07 13:34:00 Going to coordinates X=-14.084, Y=-41.467
10.07 13:34:00 Moving is finished
10.07 13:35:04 Scanning 196 point from 270
10.07 13:35:04 Going to coordinates X=-14.004, Y=-41.467
10.07 13:35:04 Moving is finished
10.07 13:36:08 Scanning 197 point from 270
10.07 13:36:08 Going to coordinates X=-13.924, Y=-41.467
10.07 13:36:08 Moving is finished
10.07 13:37:13 Scanning 198 point from 270
10.07 13:37:13 Going to coordinates X=-15.284, Y=-41.387
10.07 13:37:14 Moving is finished
10.07 13:38:18 Scanning 199 point from 270
10.07 13:38:18 Going to coordinates X=-15.204, Y=-41.387
10.07 13:38:18 Moving is finished
10.07 13:39:22 Scanning 200 point from 270
10.07 13:39:22 Going to coordinates X=-15.124, Y=-41.387
10.07 13:39:22 Moving is finished
10.07 13:40:26 Scanning 201 point from 270
10.07 13:40:26 Going to coordinates X=-15.044, Y=-41.387
10.07 13:40:26 Moving is finished
10.07 13:41:12 (-2147467259, 'Nespecifikovaná chyba', (None, None, None, 0, None))
10.07 13:41:12 Scanning 202 point from 270
10.07 13:41:12 Going to coordinates X=-14.964, Y=-41.387
10.07 13:41:12 Stopped!
10.07 13:49:59 Can't send the command to GRBL
10.07 13:49:59 Write timeout10.07 13:49:59 Write timeout

10.07 14:04:26 Can't send the command to GRBL
10.07 14:04:26 Write timeout10.07 14:04:26 Write timeout

10.07 14:05:08 Can't send the command to GRBL
10.07 14:05:08 Write timeout10.07 14:05:08 Write timeout

10.07 14:06:25 Can't send the command to GRBL
10.07 14:06:25 Write timeout10.07 14:06:25 Write timeout

