16.07 11:44:46 Initializing grbl...
16.07 11:44:46 Got the response: b''
16.07 11:45:15 Row 0: 16.07 11:45:15 Map: x1: -15.202, y1: -35.959, x2: -12.933, y2: -39.785, xres: 0.250, yres: 0.250, fname: dvd_ntp
16.07 11:45:15 Scanning 0 point from 187
16.07 11:45:15 Going to coordinates X=-15.202, Y=-39.785
16.07 11:45:19 Moving is finished
16.07 11:45:28 Scanning 1 point from 187
16.07 11:45:28 Going to coordinates X=-14.952, Y=-39.785
16.07 11:45:28 Moving is finished
16.07 11:45:38 Scanning 2 point from 187
16.07 11:45:38 Going to coordinates X=-14.702, Y=-39.785
16.07 11:45:38 Moving is finished
16.07 11:45:47 Scanning 3 point from 187
16.07 11:45:47 Paused
16.07 11:45:52 Going to coordinates X=-14.452, Y=-39.785
16.07 11:45:52 Moving is finished
16.07 11:45:57 Scanning 4 point from 187
16.07 11:45:57 Going to coordinates X=-14.202, Y=-39.785
16.07 11:45:58 Moving is finished

16.07 11:46:00 Scanning 5 point from 187
16.07 11:46:00 Going to coordinates X=-13.952, Y=-39.785
16.07 11:46:00 Moving is finished

16.07 11:46:02 Scanning 6 point from 187
16.07 11:46:02 Going to coordinates X=-13.702, Y=-39.785
16.07 11:46:03 Moving is finished

16.07 11:46:04 Scanning 7 point from 187
16.07 11:46:04 Going to coordinates X=-13.452, Y=-39.785
16.07 11:46:05 Moving is finished

16.07 11:46:07 Scanning 8 point from 187
16.07 11:46:07 Going to coordinates X=-13.202, Y=-39.785
16.07 11:46:07 Moving is finished

16.07 11:46:09 Scanning 9 point from 187
16.07 11:46:09 Going to coordinates X=-12.952, Y=-39.785
16.07 11:46:09 Moving is finished

16.07 11:46:11 Scanning 10 point from 187
16.07 11:46:11 Going to coordinates X=-12.702, Y=-39.785
16.07 11:46:11 Moving is finished

16.07 11:46:14 Scanning 11 point from 187
16.07 11:46:14 Paused
