04.10 15:40:44 Initializing grbl...
04.10 15:40:44 Got the response: b''
04.10 15:45:40 Can't send the command to GRBL
04.10 15:45:40 Write timeout04.10 15:45:40 Write timeout
04.10 15:46:39 Can't send the command to GRBL
04.10 15:46:39 Write timeout04.10 15:46:39 Write timeout

04.10 15:46:43 Can't send the command to GRBL
04.10 15:46:43 Write timeout04.10 15:46:43 Write timeout

04.10 15:46:51 Write timeout04.10 15:46:51 Can't send the command to GRBL
04.10 15:53:28 Can't send the command to GRBL
04.10 15:53:28 Write timeout04.10 15:53:28 Write timeout
04.10 16:00:35 Can't send the command to GRBL
04.10 16:00:35 Write timeout04.10 16:00:35 Write timeout

04.10 16:00:42 Can't send the command to GRBL
04.10 16:00:42 Write timeout04.10 16:00:42 Write timeout

04.10 16:06:40 Can't send the command to GRBL
04.10 16:06:40 Write timeout04.10 16:06:40 Write timeout

04.10 16:08:59 Can't send the command to GRBL
04.10 16:08:59 Write timeout04.10 16:08:59 Write timeout

04.10 16:09:37 Can't send the command to GRBL
04.10 16:09:37 Write timeout04.10 16:09:37 Write timeout

