29.04 16:46:30 Initializing grbl...
29.04 16:46:31 Got the response: b''
29.04 16:50:17 Write timeout29.04 16:50:17 Can't send the command to GRBL

29.04 16:52:06 Can't send the command to GRBL
29.04 16:52:06 Write timeout29.04 16:52:06 Write timeout

29.04 16:52:29 Row 0: 29.04 16:52:29 Goto: -22.317; -39.464; 0.000
29.04 16:52:29 Going to coordinates X=-22.317, Y=-39.464
29.04 16:52:30 Moving is finished
29.04 16:52:31 Row 1: 29.04 16:52:31 Raman: hfp3bezwashedCOOH
29.04 16:52:31 Starting signal collection to the file hfp3bezwashedCOOH
29.04 16:54:11 Data is collected!
29.04 16:54:11 Row 2: 29.04 16:54:11 Circle: x: -22.317, y: -39.464, rad: 0.010, n: 8, fname: hfp3bezwashedCOOH
29.04 16:54:11 Scanning point 1 of circle
29.04 16:54:11 Going to coordinates X=-22.307, Y=-39.464
29.04 16:54:11 Moving is finished
29.04 16:54:12 Starting signal collection to the file hfp3bezwashedCOOH_circle_1
29.04 16:55:52 Data is collected!
29.04 16:55:52 Scanning point 2 of circle
29.04 16:55:52 Going to coordinates X=-22.310, Y=-39.457
29.04 16:55:52 Moving is finished
29.04 16:55:53 Starting signal collection to the file hfp3bezwashedCOOH_circle_2
29.04 16:57:33 Data is collected!
29.04 16:57:33 Scanning point 3 of circle
29.04 16:57:33 Going to coordinates X=-22.317, Y=-39.454
29.04 16:57:33 Moving is finished
29.04 16:57:34 Starting signal collection to the file hfp3bezwashedCOOH_circle_3
29.04 16:59:13 Data is collected!
29.04 16:59:13 Scanning point 4 of circle
29.04 16:59:13 Going to coordinates X=-22.324, Y=-39.457
29.04 16:59:14 Moving is finished
29.04 16:59:15 Starting signal collection to the file hfp3bezwashedCOOH_circle_4
29.04 17:00:55 Data is collected!
29.04 17:00:55 Scanning point 5 of circle
29.04 17:00:55 Going to coordinates X=-22.327, Y=-39.464
29.04 17:00:55 Moving is finished
29.04 17:00:56 Starting signal collection to the file hfp3bezwashedCOOH_circle_5
29.04 17:02:36 Data is collected!
29.04 17:02:36 Scanning point 6 of circle
29.04 17:02:36 Going to coordinates X=-22.324, Y=-39.471
29.04 17:02:36 Moving is finished
29.04 17:02:37 Starting signal collection to the file hfp3bezwashedCOOH_circle_6
29.04 17:04:17 Data is collected!
29.04 17:04:17 Scanning point 7 of circle
29.04 17:04:17 Going to coordinates X=-22.317, Y=-39.474
29.04 17:04:18 Moving is finished
29.04 17:04:19 Starting signal collection to the file hfp3bezwashedCOOH_circle_7
29.04 17:05:58 Data is collected!
29.04 17:05:58 Scanning point 8 of circle
29.04 17:05:58 Going to coordinates X=-22.310, Y=-39.471
29.04 17:05:58 Moving is finished
29.04 17:05:59 Starting signal collection to the file hfp3bezwashedCOOH_circle_8
29.04 17:07:39 Data is collected!
29.04 17:07:39 Row 3: 29.04 17:07:39 Goto: -22.376; -39.577; 0.000
29.04 17:07:39 Going to coordinates X=-22.376, Y=-39.577
29.04 17:07:39 Moving is finished
29.04 17:07:40 Row 4: 29.04 17:07:40 Raman: hfp3bezwashedCOOH
29.04 17:07:40 Starting signal collection to the file hfp3bezwashedCOOH
29.04 17:09:20 Data is collected!
29.04 17:09:20 Row 5: 29.04 17:09:20 Circle: x: -22.376, y: -39.577, rad: 0.010, n: 8, fname: hfp3bezwashedCOOH
29.04 17:09:20 Scanning point 1 of circle
29.04 17:09:20 Going to coordinates X=-22.366, Y=-39.577
29.04 17:09:20 Moving is finished
29.04 17:09:21 Starting signal collection to the file hfp3bezwashedCOOH_circle_1
29.04 17:11:01 Data is collected!
29.04 17:11:01 Scanning point 2 of circle
29.04 17:11:01 Going to coordinates X=-22.369, Y=-39.570
29.04 17:11:01 Moving is finished
29.04 17:11:02 Starting signal collection to the file hfp3bezwashedCOOH_circle_2
29.04 17:12:42 Data is collected!
29.04 17:12:42 Scanning point 3 of circle
29.04 17:12:42 Going to coordinates X=-22.376, Y=-39.567
29.04 17:12:42 Moving is finished
29.04 17:12:43 Starting signal collection to the file hfp3bezwashedCOOH_circle_3
29.04 17:14:23 Data is collected!
29.04 17:14:23 Scanning point 4 of circle
29.04 17:14:23 Going to coordinates X=-22.383, Y=-39.570
29.04 17:14:23 Moving is finished
29.04 17:14:24 Starting signal collection to the file hfp3bezwashedCOOH_circle_4
29.04 17:16:04 Data is collected!
29.04 17:16:04 Scanning point 5 of circle
29.04 17:16:04 Going to coordinates X=-22.386, Y=-39.577
29.04 17:16:05 Moving is finished
29.04 17:16:06 Starting signal collection to the file hfp3bezwashedCOOH_circle_5
29.04 17:17:46 Data is collected!
29.04 17:17:46 Scanning point 6 of circle
29.04 17:17:46 Going to coordinates X=-22.383, Y=-39.584
29.04 17:17:46 Moving is finished
29.04 17:17:47 Starting signal collection to the file hfp3bezwashedCOOH_circle_6
29.04 17:19:27 Data is collected!
29.04 17:19:27 Scanning point 7 of circle
29.04 17:19:27 Going to coordinates X=-22.376, Y=-39.587
29.04 17:19:27 Moving is finished
29.04 17:19:28 Starting signal collection to the file hfp3bezwashedCOOH_circle_7
29.04 17:19:55 Stopped!
29.04 17:44:23 Can't send the command to GRBL
29.04 17:44:23 Write timeout29.04 17:44:23 Write timeout

29.04 17:56:11 Can't send the command to GRBL
29.04 17:56:11 Write timeout29.04 17:56:11 Write timeout

29.04 17:56:13 Can't send the command to GRBL
29.04 17:56:13 Write timeout29.04 17:56:13 Write timeout

29.04 17:59:12 Write timeout29.04 17:59:12 Can't send the command to GRBL

29.04 18:10:13 Can't send the command to GRBL
29.04 18:10:13 Write timeout29.04 18:10:13 Write timeout

29.04 18:22:08 Can't send the command to GRBL
29.04 18:22:08 Write timeout29.04 18:22:08 Write timeout

29.04 18:22:42 Can't send the command to GRBL
29.04 18:22:42 Write timeout29.04 18:22:42 Write timeout

