24.02 15:19:53 Initializing grbl...
24.02 15:19:54 Got the response: b''
24.02 15:21:58 Focused at  1
24.02 15:22:02 Row 0: 24.02 15:22:02 Map: x1: -12.418, y1: -38.913, x2: -13.721, y2: -37.569, xres: 0.100, yres: 0.100, fname: Gluc-0.007
24.02 15:22:02 Scanning 0 point from 225
24.02 15:22:02 Going to coordinates X=-13.721, Y=-38.913
24.02 15:22:03 Moving is finished
24.02 15:24:11 Scanning 1 point from 225
24.02 15:24:11 Going to coordinates X=-13.621, Y=-38.913
24.02 15:24:11 Moving is finished
24.02 15:26:19 Scanning 2 point from 225
24.02 15:26:19 Going to coordinates X=-13.521, Y=-38.913
24.02 15:26:20 Moving is finished
24.02 15:28:28 Scanning 3 point from 225
24.02 15:28:28 Going to coordinates X=-13.421, Y=-38.913
24.02 15:28:28 Moving is finished
24.02 15:30:36 Scanning 4 point from 225
24.02 15:30:36 Going to coordinates X=-13.321, Y=-38.913
24.02 15:30:37 Moving is finished
24.02 15:32:45 Scanning 5 point from 225
24.02 15:32:45 Going to coordinates X=-13.221, Y=-38.913
24.02 15:32:45 Moving is finished
24.02 15:33:04 Could not find 'EZRaman Reader  V8.2.0 MV' in 'dict_keys([])'
24.02 15:33:09 Could not find 'EZRaman Reader  V8.2.0 MV' in 'dict_keys([])'
24.02 15:33:10 Scanning 6 point from 225
24.02 15:33:10 Going to coordinates X=-13.121, Y=-38.913
24.02 15:33:10 Moving is finished
24.02 15:33:17 Could not find 'EZRaman Reader  V8.2.0 MV' in 'dict_keys([])'
24.02 15:33:22 Could not find 'EZRaman Reader  V8.2.0 MV' in 'dict_keys([])'
24.02 15:33:23 Scanning 7 point from 225
24.02 15:33:23 Going to coordinates X=-13.021, Y=-38.913
24.02 15:33:23 Moving is finished
24.02 15:33:30 Could not find 'EZRaman Reader  V8.2.0 MV' in 'dict_keys([])'
24.02 15:33:35 Could not find 'EZRaman Reader  V8.2.0 MV' in 'dict_keys([])'
24.02 15:33:36 Scanning 8 point from 225
24.02 15:33:36 Going to coordinates X=-12.921, Y=-38.913
24.02 15:33:36 Moving is finished
24.02 15:33:42 Could not find 'EZRaman Reader  V8.2.0 MV' in 'dict_keys([])'
24.02 15:33:47 Could not find 'EZRaman Reader  V8.2.0 MV' in 'dict_keys([])'
24.02 15:33:48 Scanning 9 point from 225
24.02 15:33:48 Going to coordinates X=-12.821, Y=-38.913
24.02 15:33:48 Moving is finished
24.02 15:33:55 Could not find 'EZRaman Reader  V8.2.0 MV' in 'dict_keys([])'
24.02 15:34:00 Could not find 'EZRaman Reader  V8.2.0 MV' in 'dict_keys([])'
24.02 15:34:01 Scanning 10 point from 225
24.02 15:34:01 Going to coordinates X=-12.721, Y=-38.913
24.02 15:34:01 Moving is finished
24.02 15:34:08 Could not find 'EZRaman Reader  V8.2.0 MV' in 'dict_keys([])'
24.02 15:34:14 Could not find 'EZRaman Reader  V8.2.0 MV' in 'dict_keys([])'
24.02 15:34:14 Scanning 11 point from 225
24.02 15:34:14 Going to coordinates X=-12.621, Y=-38.913
24.02 15:34:15 Moving is finished
24.02 15:34:21 Could not find 'EZRaman Reader  V8.2.0 MV' in 'dict_keys([])'
24.02 15:34:27 Could not find 'EZRaman Reader  V8.2.0 MV' in 'dict_keys([])'
24.02 15:34:27 Scanning 12 point from 225
24.02 15:34:27 Going to coordinates X=-12.521, Y=-38.913
24.02 15:34:28 Moving is finished
24.02 15:34:34 Could not find 'EZRaman Reader  V8.2.0 MV' in 'dict_keys([])'
24.02 15:34:39 Could not find 'EZRaman Reader  V8.2.0 MV' in 'dict_keys([])'
24.02 15:34:40 Scanning 13 point from 225
24.02 15:34:40 Going to coordinates X=-12.421, Y=-38.913
24.02 15:34:40 Moving is finished
24.02 15:34:47 Could not find 'EZRaman Reader  V8.2.0 MV' in 'dict_keys([])'
24.02 15:34:52 Could not find 'EZRaman Reader  V8.2.0 MV' in 'dict_keys([])'
24.02 15:34:52 Scanning 14 point from 225
24.02 15:34:52 Going to coordinates X=-12.321, Y=-38.913
24.02 15:34:53 Moving is finished
24.02 15:34:59 Could not find 'EZRaman Reader  V8.2.0 MV' in 'dict_keys([])'
24.02 15:35:04 Could not find 'EZRaman Reader  V8.2.0 MV' in 'dict_keys([])'
24.02 15:35:04 Scanning 15 point from 225
24.02 15:35:04 Going to coordinates X=-13.721, Y=-38.813
24.02 15:35:05 Moving is finished
24.02 15:35:11 Could not find 'EZRaman Reader  V8.2.0 MV' in 'dict_keys([])'
24.02 15:35:16 Could not find 'EZRaman Reader  V8.2.0 MV' in 'dict_keys([])'
24.02 15:35:17 Scanning 16 point from 225
24.02 15:35:17 Going to coordinates X=-13.621, Y=-38.813
24.02 15:35:17 Moving is finished
24.02 15:35:23 Could not find 'EZRaman Reader  V8.2.0 MV' in 'dict_keys([])'
24.02 15:35:28 Could not find 'EZRaman Reader  V8.2.0 MV' in 'dict_keys([])'
24.02 15:35:29 Scanning 17 point from 225
24.02 15:35:29 Going to coordinates X=-13.521, Y=-38.813
24.02 15:35:29 Moving is finished
24.02 15:35:36 Could not find 'EZRaman Reader  V8.2.0 MV' in 'dict_keys([])'
24.02 15:35:41 Could not find 'EZRaman Reader  V8.2.0 MV' in 'dict_keys([])'
24.02 15:35:41 Scanning 18 point from 225
24.02 15:35:41 Going to coordinates X=-13.421, Y=-38.813
24.02 15:35:42 Moving is finished
24.02 15:35:48 Could not find 'EZRaman Reader  V8.2.0 MV' in 'dict_keys([])'
24.02 15:35:53 Could not find 'EZRaman Reader  V8.2.0 MV' in 'dict_keys([])'
24.02 15:35:53 Scanning 19 point from 225
24.02 15:35:53 Going to coordinates X=-13.321, Y=-38.813
24.02 15:35:54 Moving is finished
24.02 15:36:00 Could not find 'EZRaman Reader  V8.2.0 MV' in 'dict_keys([])'
24.02 15:36:05 Could not find 'EZRaman Reader  V8.2.0 MV' in 'dict_keys([])'
24.02 15:36:06 Scanning 20 point from 225
24.02 15:36:06 Going to coordinates X=-13.221, Y=-38.813
24.02 15:36:06 Moving is finished
24.02 15:36:12 Could not find 'EZRaman Reader  V8.2.0 MV' in 'dict_keys([])'
24.02 15:36:17 Could not find 'EZRaman Reader  V8.2.0 MV' in 'dict_keys([])'
24.02 15:36:18 Scanning 21 point from 225
24.02 15:36:18 Going to coordinates X=-13.121, Y=-38.813
24.02 15:36:18 Moving is finished
24.02 15:36:24 Could not find 'EZRaman Reader  V8.2.0 MV' in 'dict_keys([])'
24.02 15:36:29 Could not find 'EZRaman Reader  V8.2.0 MV' in 'dict_keys([])'
24.02 15:36:30 Scanning 22 point from 225
24.02 15:36:30 Going to coordinates X=-13.021, Y=-38.813
24.02 15:36:30 Moving is finished
24.02 15:36:36 Could not find 'EZRaman Reader  V8.2.0 MV' in 'dict_keys([])'
24.02 15:36:41 Could not find 'EZRaman Reader  V8.2.0 MV' in 'dict_keys([])'
24.02 15:36:42 Scanning 23 point from 225
24.02 15:36:42 Going to coordinates X=-12.921, Y=-38.813
24.02 15:36:42 Moving is finished
24.02 15:36:48 Could not find 'EZRaman Reader  V8.2.0 MV' in 'dict_keys([])'
24.02 15:36:53 Could not find 'EZRaman Reader  V8.2.0 MV' in 'dict_keys([])'
24.02 15:36:54 Scanning 24 point from 225
24.02 15:36:54 Going to coordinates X=-12.821, Y=-38.813
24.02 15:36:54 Moving is finished
24.02 15:37:00 Could not find 'EZRaman Reader  V8.2.0 MV' in 'dict_keys([])'
24.02 15:37:05 Could not find 'EZRaman Reader  V8.2.0 MV' in 'dict_keys([])'
24.02 15:37:06 Scanning 25 point from 225
24.02 15:37:06 Going to coordinates X=-12.721, Y=-38.813
24.02 15:37:06 Moving is finished
24.02 15:37:12 Could not find 'EZRaman Reader  V8.2.0 MV' in 'dict_keys([])'
24.02 15:37:18 Could not find 'EZRaman Reader  V8.2.0 MV' in 'dict_keys([])'
24.02 15:37:18 Scanning 26 point from 225
24.02 15:37:18 Going to coordinates X=-12.621, Y=-38.813
24.02 15:37:19 Moving is finished
24.02 15:37:25 Could not find 'EZRaman Reader  V8.2.0 MV' in 'dict_keys([])'
24.02 15:37:30 Could not find 'EZRaman Reader  V8.2.0 MV' in 'dict_keys([])'
24.02 15:37:30 Scanning 27 point from 225
24.02 15:37:30 Going to coordinates X=-12.521, Y=-38.813
24.02 15:37:31 Moving is finished
24.02 15:37:37 Could not find 'EZRaman Reader  V8.2.0 MV' in 'dict_keys([])'
24.02 15:37:42 Could not find 'EZRaman Reader  V8.2.0 MV' in 'dict_keys([])'
24.02 15:37:42 Scanning 28 point from 225
24.02 15:37:42 Going to coordinates X=-12.421, Y=-38.813
24.02 15:37:43 Moving is finished
24.02 15:37:49 Could not find 'EZRaman Reader  V8.2.0 MV' in 'dict_keys([])'
24.02 15:37:54 Could not find 'EZRaman Reader  V8.2.0 MV' in 'dict_keys([])'
24.02 15:37:54 Scanning 29 point from 225
24.02 15:37:54 Going to coordinates X=-12.321, Y=-38.813
24.02 15:37:55 Moving is finished
24.02 15:38:01 Could not find 'EZRaman Reader  V8.2.0 MV' in 'dict_keys([])'
24.02 15:38:06 Could not find 'EZRaman Reader  V8.2.0 MV' in 'dict_keys([])'
24.02 15:38:07 Scanning 30 point from 225
24.02 15:38:07 Going to coordinates X=-13.721, Y=-38.713
24.02 15:38:07 Moving is finished
24.02 15:38:14 Could not find 'EZRaman Reader  V8.2.0 MV' in 'dict_keys([])'
24.02 15:38:19 Could not find 'EZRaman Reader  V8.2.0 MV' in 'dict_keys([])'
24.02 15:38:19 Scanning 31 point from 225
24.02 15:38:19 Going to coordinates X=-13.621, Y=-38.713
24.02 15:38:20 Moving is finished
24.02 15:38:26 Could not find 'EZRaman Reader  V8.2.0 MV' in 'dict_keys([])'
24.02 15:38:31 Could not find 'EZRaman Reader  V8.2.0 MV' in 'dict_keys([])'
24.02 15:38:32 Scanning 32 point from 225
24.02 15:38:32 Going to coordinates X=-13.521, Y=-38.713
24.02 15:38:32 Moving is finished
24.02 15:38:38 Could not find 'EZRaman Reader  V8.2.0 MV' in 'dict_keys([])'
24.02 15:38:43 Could not find 'EZRaman Reader  V8.2.0 MV' in 'dict_keys([])'
24.02 15:38:44 Scanning 33 point from 225
24.02 15:38:44 Going to coordinates X=-13.421, Y=-38.713
24.02 15:38:44 Moving is finished
24.02 15:38:50 Could not find 'EZRaman Reader  V8.2.0 MV' in 'dict_keys([])'
24.02 15:38:55 Could not find 'EZRaman Reader  V8.2.0 MV' in 'dict_keys([])'
24.02 15:38:56 Scanning 34 point from 225
24.02 15:38:56 Going to coordinates X=-13.321, Y=-38.713
24.02 15:38:56 Moving is finished
24.02 15:39:02 Could not find 'EZRaman Reader  V8.2.0 MV' in 'dict_keys([])'
24.02 15:39:07 Could not find 'EZRaman Reader  V8.2.0 MV' in 'dict_keys([])'
24.02 15:39:08 Scanning 35 point from 225
24.02 15:39:08 Going to coordinates X=-13.221, Y=-38.713
24.02 15:39:08 Moving is finished
24.02 15:39:14 Could not find 'EZRaman Reader  V8.2.0 MV' in 'dict_keys([])'
24.02 15:39:19 Could not find 'EZRaman Reader  V8.2.0 MV' in 'dict_keys([])'
24.02 15:39:20 Scanning 36 point from 225
24.02 15:39:20 Going to coordinates X=-13.121, Y=-38.713
24.02 15:39:20 Moving is finished
24.02 15:39:26 Could not find 'EZRaman Reader  V8.2.0 MV' in 'dict_keys([])'
24.02 15:39:31 Could not find 'EZRaman Reader  V8.2.0 MV' in 'dict_keys([])'
24.02 15:39:32 Scanning 37 point from 225
24.02 15:39:32 Going to coordinates X=-13.021, Y=-38.713
24.02 15:39:32 Moving is finished
24.02 15:39:39 Could not find 'EZRaman Reader  V8.2.0 MV' in 'dict_keys([])'
24.02 15:39:44 Could not find 'EZRaman Reader  V8.2.0 MV' in 'dict_keys([])'
24.02 15:39:44 Scanning 38 point from 225
24.02 15:39:44 Going to coordinates X=-12.921, Y=-38.713
24.02 15:39:45 Moving is finished
24.02 15:39:51 Could not find 'EZRaman Reader  V8.2.0 MV' in 'dict_keys([])'
24.02 15:39:56 Could not find 'EZRaman Reader  V8.2.0 MV' in 'dict_keys([])'
24.02 15:39:56 Scanning 39 point from 225
24.02 15:39:56 Going to coordinates X=-12.821, Y=-38.713
24.02 15:39:57 Moving is finished
24.02 15:40:03 Could not find 'EZRaman Reader  V8.2.0 MV' in 'dict_keys([])'
24.02 15:40:08 Could not find 'EZRaman Reader  V8.2.0 MV' in 'dict_keys([])'
24.02 15:40:09 Scanning 40 point from 225
24.02 15:40:09 Going to coordinates X=-12.721, Y=-38.713
24.02 15:40:09 Moving is finished
24.02 15:40:15 Could not find 'EZRaman Reader  V8.2.0 MV' in 'dict_keys([])'
24.02 15:40:20 Could not find 'EZRaman Reader  V8.2.0 MV' in 'dict_keys([])'
24.02 15:40:21 Scanning 41 point from 225
24.02 15:40:21 Going to coordinates X=-12.621, Y=-38.713
24.02 15:40:21 Moving is finished
24.02 15:40:27 Could not find 'EZRaman Reader  V8.2.0 MV' in 'dict_keys([])'
24.02 15:40:32 Could not find 'EZRaman Reader  V8.2.0 MV' in 'dict_keys([])'
24.02 15:40:33 Scanning 42 point from 225
24.02 15:40:33 Going to coordinates X=-12.521, Y=-38.713
24.02 15:40:33 Moving is finished
24.02 15:40:39 Could not find 'EZRaman Reader  V8.2.0 MV' in 'dict_keys([])'
24.02 15:40:44 Could not find 'EZRaman Reader  V8.2.0 MV' in 'dict_keys([])'
24.02 15:40:45 Scanning 43 point from 225
24.02 15:40:45 Going to coordinates X=-12.421, Y=-38.713
24.02 15:40:45 Moving is finished
24.02 15:40:52 Could not find 'EZRaman Reader  V8.2.0 MV' in 'dict_keys([])'
24.02 15:40:57 Could not find 'EZRaman Reader  V8.2.0 MV' in 'dict_keys([])'
24.02 15:40:57 Scanning 44 point from 225
24.02 15:40:57 Going to coordinates X=-12.321, Y=-38.713
24.02 15:40:58 Moving is finished
24.02 15:41:04 Could not find 'EZRaman Reader  V8.2.0 MV' in 'dict_keys([])'
24.02 15:41:09 Could not find 'EZRaman Reader  V8.2.0 MV' in 'dict_keys([])'
24.02 15:41:09 Scanning 45 point from 225
24.02 15:41:09 Going to coordinates X=-13.721, Y=-38.613
24.02 15:41:10 Moving is finished
24.02 15:41:16 Could not find 'EZRaman Reader  V8.2.0 MV' in 'dict_keys([])'
24.02 15:41:21 Could not find 'EZRaman Reader  V8.2.0 MV' in 'dict_keys([])'
24.02 15:41:22 Scanning 46 point from 225
24.02 15:41:22 Going to coordinates X=-13.621, Y=-38.613
24.02 15:41:22 Moving is finished
24.02 15:41:28 Could not find 'EZRaman Reader  V8.2.0 MV' in 'dict_keys([])'
24.02 15:41:33 Could not find 'EZRaman Reader  V8.2.0 MV' in 'dict_keys([])'
24.02 15:41:34 Scanning 47 point from 225
24.02 15:41:34 Going to coordinates X=-13.521, Y=-38.613
24.02 15:41:34 Moving is finished
24.02 15:41:41 Could not find 'EZRaman Reader  V8.2.0 MV' in 'dict_keys([])'
24.02 15:41:46 Could not find 'EZRaman Reader  V8.2.0 MV' in 'dict_keys([])'
24.02 15:41:46 Scanning 48 point from 225
24.02 15:41:46 Going to coordinates X=-13.421, Y=-38.613
24.02 15:41:47 Moving is finished
24.02 15:41:53 Could not find 'EZRaman Reader  V8.2.0 MV' in 'dict_keys([])'
24.02 15:41:58 Could not find 'EZRaman Reader  V8.2.0 MV' in 'dict_keys([])'
24.02 15:41:58 Scanning 49 point from 225
24.02 15:41:58 Going to coordinates X=-13.321, Y=-38.613
24.02 15:41:58 Moving is finished
24.02 15:42:05 Could not find 'EZRaman Reader  V8.2.0 MV' in 'dict_keys([])'
24.02 15:42:10 Could not find 'EZRaman Reader  V8.2.0 MV' in 'dict_keys([])'
24.02 15:42:10 Scanning 50 point from 225
24.02 15:42:10 Going to coordinates X=-13.221, Y=-38.613
24.02 15:42:11 Moving is finished
24.02 15:42:17 Could not find 'EZRaman Reader  V8.2.0 MV' in 'dict_keys([])'
24.02 15:42:22 Could not find 'EZRaman Reader  V8.2.0 MV' in 'dict_keys([])'
24.02 15:42:22 Scanning 51 point from 225
24.02 15:42:22 Going to coordinates X=-13.121, Y=-38.613
24.02 15:42:23 Moving is finished
24.02 15:42:29 Could not find 'EZRaman Reader  V8.2.0 MV' in 'dict_keys([])'
24.02 15:42:34 Could not find 'EZRaman Reader  V8.2.0 MV' in 'dict_keys([])'
24.02 15:42:35 Scanning 52 point from 225
24.02 15:42:35 Going to coordinates X=-13.021, Y=-38.613
24.02 15:42:35 Moving is finished
24.02 15:42:41 Could not find 'EZRaman Reader  V8.2.0 MV' in 'dict_keys([])'
24.02 15:42:46 Could not find 'EZRaman Reader  V8.2.0 MV' in 'dict_keys([])'
24.02 15:42:47 Scanning 53 point from 225
24.02 15:42:47 Going to coordinates X=-12.921, Y=-38.613
24.02 15:42:47 Moving is finished
24.02 15:42:53 Could not find 'EZRaman Reader  V8.2.0 MV' in 'dict_keys([])'
24.02 15:42:58 Could not find 'EZRaman Reader  V8.2.0 MV' in 'dict_keys([])'
24.02 15:42:59 Scanning 54 point from 225
24.02 15:42:59 Going to coordinates X=-12.821, Y=-38.613
24.02 15:42:59 Moving is finished
24.02 15:43:05 Could not find 'EZRaman Reader  V8.2.0 MV' in 'dict_keys([])'
24.02 15:43:10 Could not find 'EZRaman Reader  V8.2.0 MV' in 'dict_keys([])'
24.02 15:43:11 Scanning 55 point from 225
24.02 15:43:11 Going to coordinates X=-12.721, Y=-38.613
24.02 15:43:11 Moving is finished
24.02 15:43:17 Could not find 'EZRaman Reader  V8.2.0 MV' in 'dict_keys([])'
24.02 15:43:23 Could not find 'EZRaman Reader  V8.2.0 MV' in 'dict_keys([])'
24.02 15:43:23 Scanning 56 point from 225
24.02 15:43:23 Going to coordinates X=-12.621, Y=-38.613
24.02 15:43:24 Moving is finished
24.02 15:43:30 Could not find 'EZRaman Reader  V8.2.0 MV' in 'dict_keys([])'
24.02 15:43:35 Could not find 'EZRaman Reader  V8.2.0 MV' in 'dict_keys([])'
24.02 15:43:35 Scanning 57 point from 225
24.02 15:43:35 Going to coordinates X=-12.521, Y=-38.613
24.02 15:43:36 Moving is finished
24.02 15:43:42 Could not find 'EZRaman Reader  V8.2.0 MV' in 'dict_keys([])'
24.02 15:43:47 Could not find 'EZRaman Reader  V8.2.0 MV' in 'dict_keys([])'
24.02 15:43:47 Scanning 58 point from 225
24.02 15:43:47 Going to coordinates X=-12.421, Y=-38.613
24.02 15:43:48 Moving is finished
24.02 15:43:54 Could not find 'EZRaman Reader  V8.2.0 MV' in 'dict_keys([])'
24.02 15:43:59 Could not find 'EZRaman Reader  V8.2.0 MV' in 'dict_keys([])'
24.02 15:44:00 Scanning 59 point from 225
24.02 15:44:00 Going to coordinates X=-12.321, Y=-38.613
24.02 15:44:00 Moving is finished
24.02 15:44:06 Could not find 'EZRaman Reader  V8.2.0 MV' in 'dict_keys([])'
24.02 15:44:11 Could not find 'EZRaman Reader  V8.2.0 MV' in 'dict_keys([])'
24.02 15:44:12 Scanning 60 point from 225
24.02 15:44:12 Going to coordinates X=-13.721, Y=-38.513
24.02 15:44:13 Moving is finished
24.02 15:44:19 Could not find 'EZRaman Reader  V8.2.0 MV' in 'dict_keys([])'
24.02 15:44:24 Could not find 'EZRaman Reader  V8.2.0 MV' in 'dict_keys([])'
24.02 15:44:24 Scanning 61 point from 225
24.02 15:44:24 Going to coordinates X=-13.621, Y=-38.513
24.02 15:44:25 Moving is finished
24.02 15:44:31 Could not find 'EZRaman Reader  V8.2.0 MV' in 'dict_keys([])'
24.02 15:44:36 Could not find 'EZRaman Reader  V8.2.0 MV' in 'dict_keys([])'
24.02 15:44:37 Scanning 62 point from 225
24.02 15:44:37 Going to coordinates X=-13.521, Y=-38.513
24.02 15:44:37 Moving is finished
24.02 15:44:43 Could not find 'EZRaman Reader  V8.2.0 MV' in 'dict_keys([])'
24.02 15:44:48 Could not find 'EZRaman Reader  V8.2.0 MV' in 'dict_keys([])'
24.02 15:44:49 Scanning 63 point from 225
24.02 15:44:49 Going to coordinates X=-13.421, Y=-38.513
24.02 15:44:49 Moving is finished
24.02 15:44:55 Could not find 'EZRaman Reader  V8.2.0 MV' in 'dict_keys([])'
24.02 15:45:00 Could not find 'EZRaman Reader  V8.2.0 MV' in 'dict_keys([])'
24.02 15:45:01 Scanning 64 point from 225
24.02 15:45:01 Going to coordinates X=-13.321, Y=-38.513
24.02 15:45:01 Moving is finished
24.02 15:45:07 Could not find 'EZRaman Reader  V8.2.0 MV' in 'dict_keys([])'
24.02 15:45:12 Could not find 'EZRaman Reader  V8.2.0 MV' in 'dict_keys([])'
24.02 15:45:13 Scanning 65 point from 225
24.02 15:45:13 Going to coordinates X=-13.221, Y=-38.513
24.02 15:45:13 Moving is finished
24.02 15:45:19 Could not find 'EZRaman Reader  V8.2.0 MV' in 'dict_keys([])'
24.02 15:45:24 Could not find 'EZRaman Reader  V8.2.0 MV' in 'dict_keys([])'
24.02 15:45:25 Scanning 66 point from 225
24.02 15:45:25 Going to coordinates X=-13.121, Y=-38.513
24.02 15:45:25 Moving is finished
24.02 15:45:31 Could not find 'EZRaman Reader  V8.2.0 MV' in 'dict_keys([])'
24.02 15:45:36 Could not find 'EZRaman Reader  V8.2.0 MV' in 'dict_keys([])'
24.02 15:45:37 Scanning 67 point from 225
24.02 15:45:37 Going to coordinates X=-13.021, Y=-38.513
24.02 15:45:37 Moving is finished
24.02 15:45:44 Could not find 'EZRaman Reader  V8.2.0 MV' in 'dict_keys([])'
24.02 15:45:49 Could not find 'EZRaman Reader  V8.2.0 MV' in 'dict_keys([])'
24.02 15:45:49 Scanning 68 point from 225
24.02 15:45:49 Going to coordinates X=-12.921, Y=-38.513
24.02 15:45:50 Moving is finished
24.02 15:45:56 Could not find 'EZRaman Reader  V8.2.0 MV' in 'dict_keys([])'
24.02 15:46:01 Could not find 'EZRaman Reader  V8.2.0 MV' in 'dict_keys([])'
24.02 15:46:01 Scanning 69 point from 225
24.02 15:46:01 Going to coordinates X=-12.821, Y=-38.513
24.02 15:46:02 Moving is finished
24.02 15:46:08 Could not find 'EZRaman Reader  V8.2.0 MV' in 'dict_keys([])'
24.02 15:46:13 Could not find 'EZRaman Reader  V8.2.0 MV' in 'dict_keys([])'
24.02 15:46:14 Scanning 70 point from 225
24.02 15:46:14 Going to coordinates X=-12.721, Y=-38.513
24.02 15:46:14 Moving is finished
24.02 15:46:20 Could not find 'EZRaman Reader  V8.2.0 MV' in 'dict_keys([])'
24.02 15:46:25 Could not find 'EZRaman Reader  V8.2.0 MV' in 'dict_keys([])'
24.02 15:46:26 Scanning 71 point from 225
24.02 15:46:26 Going to coordinates X=-12.621, Y=-38.513
24.02 15:46:26 Moving is finished
24.02 15:46:32 Could not find 'EZRaman Reader  V8.2.0 MV' in 'dict_keys([])'
24.02 15:46:37 Could not find 'EZRaman Reader  V8.2.0 MV' in 'dict_keys([])'
24.02 15:46:38 Scanning 72 point from 225
24.02 15:46:38 Going to coordinates X=-12.521, Y=-38.513
24.02 15:46:38 Moving is finished
24.02 15:46:44 Could not find 'EZRaman Reader  V8.2.0 MV' in 'dict_keys([])'
24.02 15:46:49 Could not find 'EZRaman Reader  V8.2.0 MV' in 'dict_keys([])'
24.02 15:46:50 Scanning 73 point from 225
24.02 15:46:50 Going to coordinates X=-12.421, Y=-38.513
24.02 15:46:50 Moving is finished
24.02 15:46:57 Could not find 'EZRaman Reader  V8.2.0 MV' in 'dict_keys([])'
24.02 15:47:02 Could not find 'EZRaman Reader  V8.2.0 MV' in 'dict_keys([])'
24.02 15:47:02 Scanning 74 point from 225
24.02 15:47:02 Going to coordinates X=-12.321, Y=-38.513
24.02 15:47:03 Moving is finished
24.02 15:47:09 Could not find 'EZRaman Reader  V8.2.0 MV' in 'dict_keys([])'
24.02 15:47:14 Could not find 'EZRaman Reader  V8.2.0 MV' in 'dict_keys([])'
24.02 15:47:15 Scanning 75 point from 225
24.02 15:47:15 Going to coordinates X=-13.721, Y=-38.413
24.02 15:47:15 Moving is finished
24.02 15:47:21 Could not find 'EZRaman Reader  V8.2.0 MV' in 'dict_keys([])'
24.02 15:47:27 Could not find 'EZRaman Reader  V8.2.0 MV' in 'dict_keys([])'
24.02 15:47:27 Scanning 76 point from 225
24.02 15:47:27 Going to coordinates X=-13.621, Y=-38.413
24.02 15:47:28 Moving is finished
24.02 15:47:34 Could not find 'EZRaman Reader  V8.2.0 MV' in 'dict_keys([])'
24.02 15:47:39 Could not find 'EZRaman Reader  V8.2.0 MV' in 'dict_keys([])'
24.02 15:47:39 Scanning 77 point from 225
24.02 15:47:39 Going to coordinates X=-13.521, Y=-38.413
24.02 15:47:40 Moving is finished
24.02 15:47:46 Could not find 'EZRaman Reader  V8.2.0 MV' in 'dict_keys([])'
24.02 15:47:51 Could not find 'EZRaman Reader  V8.2.0 MV' in 'dict_keys([])'
24.02 15:47:51 Scanning 78 point from 225
24.02 15:47:51 Going to coordinates X=-13.421, Y=-38.413
24.02 15:47:52 Moving is finished
24.02 15:47:58 Could not find 'EZRaman Reader  V8.2.0 MV' in 'dict_keys([])'
24.02 15:48:03 Could not find 'EZRaman Reader  V8.2.0 MV' in 'dict_keys([])'
24.02 15:48:03 Scanning 79 point from 225
24.02 15:48:03 Going to coordinates X=-13.321, Y=-38.413
24.02 15:48:04 Moving is finished
24.02 15:48:10 Could not find 'EZRaman Reader  V8.2.0 MV' in 'dict_keys([])'
24.02 15:48:15 Could not find 'EZRaman Reader  V8.2.0 MV' in 'dict_keys([])'
24.02 15:48:16 Scanning 80 point from 225
24.02 15:48:16 Going to coordinates X=-13.221, Y=-38.413
24.02 15:48:16 Moving is finished
24.02 15:48:22 Could not find 'EZRaman Reader  V8.2.0 MV' in 'dict_keys([])'
24.02 15:48:27 Could not find 'EZRaman Reader  V8.2.0 MV' in 'dict_keys([])'
24.02 15:48:28 Scanning 81 point from 225
24.02 15:48:28 Going to coordinates X=-13.121, Y=-38.413
24.02 15:48:28 Moving is finished
24.02 15:48:34 Could not find 'EZRaman Reader  V8.2.0 MV' in 'dict_keys([])'
24.02 15:48:39 Could not find 'EZRaman Reader  V8.2.0 MV' in 'dict_keys([])'
24.02 15:48:40 Scanning 82 point from 225
24.02 15:48:40 Going to coordinates X=-13.021, Y=-38.413
24.02 15:48:40 Moving is finished
24.02 15:48:46 Could not find 'EZRaman Reader  V8.2.0 MV' in 'dict_keys([])'
24.02 15:48:51 Could not find 'EZRaman Reader  V8.2.0 MV' in 'dict_keys([])'
24.02 15:48:52 Scanning 83 point from 225
24.02 15:48:52 Going to coordinates X=-12.921, Y=-38.413
24.02 15:48:52 Moving is finished
24.02 15:48:58 Could not find 'EZRaman Reader  V8.2.0 MV' in 'dict_keys([])'
24.02 15:49:03 Could not find 'EZRaman Reader  V8.2.0 MV' in 'dict_keys([])'
24.02 15:49:04 Scanning 84 point from 225
24.02 15:49:04 Going to coordinates X=-12.821, Y=-38.413
24.02 15:49:04 Moving is finished
24.02 15:49:10 Could not find 'EZRaman Reader  V8.2.0 MV' in 'dict_keys([])'
24.02 15:49:15 Could not find 'EZRaman Reader  V8.2.0 MV' in 'dict_keys([])'
24.02 15:49:16 Scanning 85 point from 225
24.02 15:49:16 Going to coordinates X=-12.721, Y=-38.413
24.02 15:49:16 Moving is finished
24.02 15:49:23 Could not find 'EZRaman Reader  V8.2.0 MV' in 'dict_keys([])'
24.02 15:49:28 Could not find 'EZRaman Reader  V8.2.0 MV' in 'dict_keys([])'
24.02 15:49:28 Scanning 86 point from 225
24.02 15:49:28 Going to coordinates X=-12.621, Y=-38.413
24.02 15:49:29 Moving is finished
24.02 15:49:35 Could not find 'EZRaman Reader  V8.2.0 MV' in 'dict_keys([])'
24.02 15:49:40 Could not find 'EZRaman Reader  V8.2.0 MV' in 'dict_keys([])'
24.02 15:49:41 Scanning 87 point from 225
24.02 15:49:41 Going to coordinates X=-12.521, Y=-38.413
24.02 15:49:41 Moving is finished
24.02 15:49:47 Could not find 'EZRaman Reader  V8.2.0 MV' in 'dict_keys([])'
24.02 15:49:52 Could not find 'EZRaman Reader  V8.2.0 MV' in 'dict_keys([])'
24.02 15:49:53 Scanning 88 point from 225
24.02 15:49:53 Going to coordinates X=-12.421, Y=-38.413
24.02 15:49:53 Moving is finished
24.02 15:49:59 Could not find 'EZRaman Reader  V8.2.0 MV' in 'dict_keys([])'
24.02 15:50:04 Could not find 'EZRaman Reader  V8.2.0 MV' in 'dict_keys([])'
24.02 15:50:05 Scanning 89 point from 225
24.02 15:50:05 Going to coordinates X=-12.321, Y=-38.413
24.02 15:50:05 Moving is finished
24.02 15:50:11 Could not find 'EZRaman Reader  V8.2.0 MV' in 'dict_keys([])'
24.02 15:50:16 Could not find 'EZRaman Reader  V8.2.0 MV' in 'dict_keys([])'
24.02 15:50:17 Scanning 90 point from 225
24.02 15:50:17 Going to coordinates X=-13.721, Y=-38.313
24.02 15:50:18 Moving is finished
24.02 15:50:24 Could not find 'EZRaman Reader  V8.2.0 MV' in 'dict_keys([])'
24.02 15:50:29 Could not find 'EZRaman Reader  V8.2.0 MV' in 'dict_keys([])'
24.02 15:50:30 Scanning 91 point from 225
24.02 15:50:30 Going to coordinates X=-13.621, Y=-38.313
24.02 15:50:30 Moving is finished
24.02 15:50:36 Could not find 'EZRaman Reader  V8.2.0 MV' in 'dict_keys([])'
24.02 15:50:41 Could not find 'EZRaman Reader  V8.2.0 MV' in 'dict_keys([])'
24.02 15:50:42 Scanning 92 point from 225
24.02 15:50:42 Going to coordinates X=-13.521, Y=-38.313
24.02 15:50:42 Moving is finished
24.02 15:50:48 Could not find 'EZRaman Reader  V8.2.0 MV' in 'dict_keys([])'
24.02 15:50:53 Could not find 'EZRaman Reader  V8.2.0 MV' in 'dict_keys([])'
24.02 15:50:54 Scanning 93 point from 225
24.02 15:50:54 Going to coordinates X=-13.421, Y=-38.313
24.02 15:50:54 Moving is finished
24.02 15:51:00 Could not find 'EZRaman Reader  V8.2.0 MV' in 'dict_keys([])'
24.02 15:51:05 Could not find 'EZRaman Reader  V8.2.0 MV' in 'dict_keys([])'
24.02 15:51:06 Scanning 94 point from 225
24.02 15:51:06 Going to coordinates X=-13.321, Y=-38.313
24.02 15:51:06 Moving is finished
24.02 15:51:12 Could not find 'EZRaman Reader  V8.2.0 MV' in 'dict_keys([])'
24.02 15:51:17 Could not find 'EZRaman Reader  V8.2.0 MV' in 'dict_keys([])'
24.02 15:51:18 Scanning 95 point from 225
24.02 15:51:18 Going to coordinates X=-13.221, Y=-38.313
24.02 15:51:18 Moving is finished
24.02 15:51:25 Could not find 'EZRaman Reader  V8.2.0 MV' in 'dict_keys([])'
24.02 15:51:30 Could not find 'EZRaman Reader  V8.2.0 MV' in 'dict_keys([])'
24.02 15:51:30 Scanning 96 point from 225
24.02 15:51:30 Going to coordinates X=-13.121, Y=-38.313
24.02 15:51:31 Moving is finished
24.02 15:51:37 Could not find 'EZRaman Reader  V8.2.0 MV' in 'dict_keys([])'
24.02 15:51:42 Could not find 'EZRaman Reader  V8.2.0 MV' in 'dict_keys([])'
24.02 15:51:43 Scanning 97 point from 225
24.02 15:51:43 Going to coordinates X=-13.021, Y=-38.313
24.02 15:51:43 Moving is finished
24.02 15:51:49 Could not find 'EZRaman Reader  V8.2.0 MV' in 'dict_keys([])'
24.02 15:51:54 Could not find 'EZRaman Reader  V8.2.0 MV' in 'dict_keys([])'
24.02 15:51:55 Scanning 98 point from 225
24.02 15:51:55 Going to coordinates X=-12.921, Y=-38.313
24.02 15:51:55 Moving is finished
24.02 15:52:01 Could not find 'EZRaman Reader  V8.2.0 MV' in 'dict_keys([])'
24.02 15:52:06 Could not find 'EZRaman Reader  V8.2.0 MV' in 'dict_keys([])'
24.02 15:52:07 Scanning 99 point from 225
24.02 15:52:07 Going to coordinates X=-12.821, Y=-38.313
24.02 15:52:07 Moving is finished
24.02 15:52:13 Could not find 'EZRaman Reader  V8.2.0 MV' in 'dict_keys([])'
24.02 15:52:18 Could not find 'EZRaman Reader  V8.2.0 MV' in 'dict_keys([])'
24.02 15:52:19 Scanning 100 point from 225
24.02 15:52:19 Going to coordinates X=-12.721, Y=-38.313
24.02 15:52:19 Moving is finished
24.02 15:52:25 Could not find 'EZRaman Reader  V8.2.0 MV' in 'dict_keys([])'
24.02 15:52:31 Could not find 'EZRaman Reader  V8.2.0 MV' in 'dict_keys([])'
24.02 15:52:31 Scanning 101 point from 225
24.02 15:52:31 Going to coordinates X=-12.621, Y=-38.313
24.02 15:52:31 Moving is finished
24.02 15:52:38 Could not find 'EZRaman Reader  V8.2.0 MV' in 'dict_keys([])'
24.02 15:52:43 Could not find 'EZRaman Reader  V8.2.0 MV' in 'dict_keys([])'
24.02 15:52:43 Scanning 102 point from 225
24.02 15:52:43 Going to coordinates X=-12.521, Y=-38.313
24.02 15:52:44 Moving is finished
24.02 15:52:50 Could not find 'EZRaman Reader  V8.2.0 MV' in 'dict_keys([])'
24.02 15:52:55 Could not find 'EZRaman Reader  V8.2.0 MV' in 'dict_keys([])'
24.02 15:52:56 Scanning 103 point from 225
24.02 15:52:56 Going to coordinates X=-12.421, Y=-38.313
24.02 15:52:56 Moving is finished
24.02 15:53:02 Could not find 'EZRaman Reader  V8.2.0 MV' in 'dict_keys([])'
24.02 15:53:07 Could not find 'EZRaman Reader  V8.2.0 MV' in 'dict_keys([])'
24.02 15:53:08 Scanning 104 point from 225
24.02 15:53:08 Going to coordinates X=-12.321, Y=-38.313
24.02 15:53:08 Moving is finished
24.02 15:53:14 Could not find 'EZRaman Reader  V8.2.0 MV' in 'dict_keys([])'
24.02 15:53:19 Could not find 'EZRaman Reader  V8.2.0 MV' in 'dict_keys([])'
24.02 15:53:20 Scanning 105 point from 225
24.02 15:53:20 Going to coordinates X=-13.721, Y=-38.213
24.02 15:53:21 Moving is finished
24.02 15:53:27 Could not find 'EZRaman Reader  V8.2.0 MV' in 'dict_keys([])'
24.02 15:53:32 Could not find 'EZRaman Reader  V8.2.0 MV' in 'dict_keys([])'
24.02 15:53:33 Scanning 106 point from 225
24.02 15:53:33 Going to coordinates X=-13.621, Y=-38.213
24.02 15:53:33 Moving is finished
24.02 15:53:39 Could not find 'EZRaman Reader  V8.2.0 MV' in 'dict_keys([])'
24.02 15:53:44 Could not find 'EZRaman Reader  V8.2.0 MV' in 'dict_keys([])'
24.02 15:53:45 Scanning 107 point from 225
24.02 15:53:45 Going to coordinates X=-13.521, Y=-38.213
24.02 15:53:45 Moving is finished
24.02 15:53:51 Could not find 'EZRaman Reader  V8.2.0 MV' in 'dict_keys([])'
24.02 15:53:56 Could not find 'EZRaman Reader  V8.2.0 MV' in 'dict_keys([])'
24.02 15:53:57 Scanning 108 point from 225
24.02 15:53:57 Going to coordinates X=-13.421, Y=-38.213
24.02 15:53:57 Moving is finished
24.02 15:54:03 Could not find 'EZRaman Reader  V8.2.0 MV' in 'dict_keys([])'
24.02 15:54:08 Could not find 'EZRaman Reader  V8.2.0 MV' in 'dict_keys([])'
24.02 15:54:09 Scanning 109 point from 225
24.02 15:54:09 Going to coordinates X=-13.321, Y=-38.213
24.02 15:54:09 Moving is finished
24.02 15:54:15 Could not find 'EZRaman Reader  V8.2.0 MV' in 'dict_keys([])'
24.02 15:54:21 Could not find 'EZRaman Reader  V8.2.0 MV' in 'dict_keys([])'
24.02 15:54:21 Scanning 110 point from 225
24.02 15:54:21 Going to coordinates X=-13.221, Y=-38.213
24.02 15:54:22 Moving is finished
24.02 15:54:28 Could not find 'EZRaman Reader  V8.2.0 MV' in 'dict_keys([])'
24.02 15:54:33 Could not find 'EZRaman Reader  V8.2.0 MV' in 'dict_keys([])'
24.02 15:54:33 Scanning 111 point from 225
24.02 15:54:33 Going to coordinates X=-13.121, Y=-38.213
24.02 15:54:34 Moving is finished
24.02 15:54:40 Could not find 'EZRaman Reader  V8.2.0 MV' in 'dict_keys([])'
24.02 15:54:45 Could not find 'EZRaman Reader  V8.2.0 MV' in 'dict_keys([])'
24.02 15:54:45 Scanning 112 point from 225
24.02 15:54:45 Going to coordinates X=-13.021, Y=-38.213
24.02 15:54:46 Moving is finished
24.02 15:54:52 Could not find 'EZRaman Reader  V8.2.0 MV' in 'dict_keys([])'
24.02 15:54:57 Could not find 'EZRaman Reader  V8.2.0 MV' in 'dict_keys([])'
24.02 15:54:58 Scanning 113 point from 225
24.02 15:54:58 Going to coordinates X=-12.921, Y=-38.213
24.02 15:54:58 Moving is finished
24.02 15:55:04 Could not find 'EZRaman Reader  V8.2.0 MV' in 'dict_keys([])'
24.02 15:55:09 Could not find 'EZRaman Reader  V8.2.0 MV' in 'dict_keys([])'
24.02 15:55:10 Scanning 114 point from 225
24.02 15:55:10 Going to coordinates X=-12.821, Y=-38.213
24.02 15:55:10 Moving is finished
24.02 15:55:16 Could not find 'EZRaman Reader  V8.2.0 MV' in 'dict_keys([])'
24.02 15:55:21 Could not find 'EZRaman Reader  V8.2.0 MV' in 'dict_keys([])'
24.02 15:55:22 Scanning 115 point from 225
24.02 15:55:22 Going to coordinates X=-12.721, Y=-38.213
24.02 15:55:22 Moving is finished
24.02 15:55:28 Could not find 'EZRaman Reader  V8.2.0 MV' in 'dict_keys([])'
24.02 15:55:33 Could not find 'EZRaman Reader  V8.2.0 MV' in 'dict_keys([])'
24.02 15:55:34 Scanning 116 point from 225
24.02 15:55:34 Going to coordinates X=-12.621, Y=-38.213
24.02 15:55:34 Moving is finished
24.02 15:55:40 Could not find 'EZRaman Reader  V8.2.0 MV' in 'dict_keys([])'
24.02 15:55:46 Could not find 'EZRaman Reader  V8.2.0 MV' in 'dict_keys([])'
24.02 15:55:46 Scanning 117 point from 225
24.02 15:55:46 Going to coordinates X=-12.521, Y=-38.213
24.02 15:55:46 Moving is finished
24.02 15:55:53 Could not find 'EZRaman Reader  V8.2.0 MV' in 'dict_keys([])'
24.02 15:55:58 Could not find 'EZRaman Reader  V8.2.0 MV' in 'dict_keys([])'
24.02 15:55:58 Scanning 118 point from 225
24.02 15:55:58 Going to coordinates X=-12.421, Y=-38.213
24.02 15:55:59 Moving is finished
24.02 15:56:05 Could not find 'EZRaman Reader  V8.2.0 MV' in 'dict_keys([])'
24.02 15:56:10 Could not find 'EZRaman Reader  V8.2.0 MV' in 'dict_keys([])'
24.02 15:56:11 Scanning 119 point from 225
24.02 15:56:11 Going to coordinates X=-12.321, Y=-38.213
24.02 15:56:11 Moving is finished
24.02 15:56:17 Could not find 'EZRaman Reader  V8.2.0 MV' in 'dict_keys([])'
24.02 15:56:22 Could not find 'EZRaman Reader  V8.2.0 MV' in 'dict_keys([])'
24.02 15:56:23 Scanning 120 point from 225
24.02 15:56:23 Going to coordinates X=-13.721, Y=-38.113
24.02 15:56:24 Moving is finished
24.02 15:56:30 Could not find 'EZRaman Reader  V8.2.0 MV' in 'dict_keys([])'
24.02 15:56:35 Could not find 'EZRaman Reader  V8.2.0 MV' in 'dict_keys([])'
24.02 15:56:35 Scanning 121 point from 225
24.02 15:56:35 Going to coordinates X=-13.621, Y=-38.113
24.02 15:56:36 Moving is finished
24.02 15:56:42 Could not find 'EZRaman Reader  V8.2.0 MV' in 'dict_keys([])'
24.02 15:56:47 Could not find 'EZRaman Reader  V8.2.0 MV' in 'dict_keys([])'
24.02 15:56:47 Scanning 122 point from 225
24.02 15:56:47 Going to coordinates X=-13.521, Y=-38.113
24.02 15:56:48 Moving is finished
24.02 15:56:54 Could not find 'EZRaman Reader  V8.2.0 MV' in 'dict_keys([])'
24.02 15:56:59 Could not find 'EZRaman Reader  V8.2.0 MV' in 'dict_keys([])'
24.02 15:57:00 Scanning 123 point from 225
24.02 15:57:00 Going to coordinates X=-13.421, Y=-38.113
24.02 15:57:00 Moving is finished
24.02 15:57:06 Could not find 'EZRaman Reader  V8.2.0 MV' in 'dict_keys([])'
24.02 15:57:11 Could not find 'EZRaman Reader  V8.2.0 MV' in 'dict_keys([])'
24.02 15:57:12 Scanning 124 point from 225
24.02 15:57:12 Going to coordinates X=-13.321, Y=-38.113
24.02 15:57:12 Moving is finished
24.02 15:57:18 Could not find 'EZRaman Reader  V8.2.0 MV' in 'dict_keys([])'
24.02 15:57:23 Could not find 'EZRaman Reader  V8.2.0 MV' in 'dict_keys([])'
24.02 15:57:24 Scanning 125 point from 225
24.02 15:57:24 Going to coordinates X=-13.221, Y=-38.113
24.02 15:57:24 Moving is finished
24.02 15:57:30 Could not find 'EZRaman Reader  V8.2.0 MV' in 'dict_keys([])'
24.02 15:57:35 Could not find 'EZRaman Reader  V8.2.0 MV' in 'dict_keys([])'
24.02 15:57:36 Scanning 126 point from 225
24.02 15:57:36 Going to coordinates X=-13.121, Y=-38.113
24.02 15:57:36 Moving is finished
24.02 15:57:42 Could not find 'EZRaman Reader  V8.2.0 MV' in 'dict_keys([])'
24.02 15:57:47 Could not find 'EZRaman Reader  V8.2.0 MV' in 'dict_keys([])'
24.02 15:57:48 Scanning 127 point from 225
24.02 15:57:48 Going to coordinates X=-13.021, Y=-38.113
24.02 15:57:48 Moving is finished
24.02 15:57:54 Could not find 'EZRaman Reader  V8.2.0 MV' in 'dict_keys([])'
24.02 15:58:00 Could not find 'EZRaman Reader  V8.2.0 MV' in 'dict_keys([])'
24.02 15:58:00 Scanning 128 point from 225
24.02 15:58:00 Going to coordinates X=-12.921, Y=-38.113
24.02 15:58:01 Moving is finished
24.02 15:58:07 Could not find 'EZRaman Reader  V8.2.0 MV' in 'dict_keys([])'
24.02 15:58:12 Could not find 'EZRaman Reader  V8.2.0 MV' in 'dict_keys([])'
24.02 15:58:12 Scanning 129 point from 225
24.02 15:58:12 Going to coordinates X=-12.821, Y=-38.113
24.02 15:58:13 Moving is finished
24.02 15:58:19 Could not find 'EZRaman Reader  V8.2.0 MV' in 'dict_keys([])'
24.02 15:58:24 Could not find 'EZRaman Reader  V8.2.0 MV' in 'dict_keys([])'
24.02 15:58:25 Scanning 130 point from 225
24.02 15:58:25 Going to coordinates X=-12.721, Y=-38.113
24.02 15:58:25 Moving is finished
24.02 15:58:31 Could not find 'EZRaman Reader  V8.2.0 MV' in 'dict_keys([])'
24.02 15:58:36 Could not find 'EZRaman Reader  V8.2.0 MV' in 'dict_keys([])'
24.02 15:58:37 Scanning 131 point from 225
24.02 15:58:37 Going to coordinates X=-12.621, Y=-38.113
24.02 15:58:37 Moving is finished
24.02 15:58:43 Could not find 'EZRaman Reader  V8.2.0 MV' in 'dict_keys([])'
24.02 15:58:48 Could not find 'EZRaman Reader  V8.2.0 MV' in 'dict_keys([])'
24.02 15:58:49 Scanning 132 point from 225
24.02 15:58:49 Going to coordinates X=-12.521, Y=-38.113
24.02 15:58:49 Moving is finished
24.02 15:58:55 Could not find 'EZRaman Reader  V8.2.0 MV' in 'dict_keys([])'
24.02 15:59:00 Could not find 'EZRaman Reader  V8.2.0 MV' in 'dict_keys([])'
24.02 15:59:01 Scanning 133 point from 225
24.02 15:59:01 Going to coordinates X=-12.421, Y=-38.113
24.02 15:59:01 Moving is finished
24.02 15:59:07 Could not find 'EZRaman Reader  V8.2.0 MV' in 'dict_keys([])'
24.02 15:59:12 Could not find 'EZRaman Reader  V8.2.0 MV' in 'dict_keys([])'
24.02 15:59:13 Scanning 134 point from 225
24.02 15:59:13 Going to coordinates X=-12.321, Y=-38.113
24.02 15:59:13 Moving is finished
24.02 15:59:19 Could not find 'EZRaman Reader  V8.2.0 MV' in 'dict_keys([])'
24.02 15:59:25 Could not find 'EZRaman Reader  V8.2.0 MV' in 'dict_keys([])'
24.02 15:59:25 Scanning 135 point from 225
24.02 15:59:25 Going to coordinates X=-13.721, Y=-38.013
24.02 15:59:26 Moving is finished
24.02 15:59:32 Could not find 'EZRaman Reader  V8.2.0 MV' in 'dict_keys([])'
24.02 15:59:37 Could not find 'EZRaman Reader  V8.2.0 MV' in 'dict_keys([])'
24.02 15:59:38 Scanning 136 point from 225
24.02 15:59:38 Going to coordinates X=-13.621, Y=-38.013
24.02 15:59:38 Moving is finished
24.02 15:59:44 Could not find 'EZRaman Reader  V8.2.0 MV' in 'dict_keys([])'
24.02 15:59:49 Could not find 'EZRaman Reader  V8.2.0 MV' in 'dict_keys([])'
24.02 15:59:50 Scanning 137 point from 225
24.02 15:59:50 Going to coordinates X=-13.521, Y=-38.013
24.02 15:59:50 Moving is finished
24.02 15:59:56 Could not find 'EZRaman Reader  V8.2.0 MV' in 'dict_keys([])'
24.02 16:00:01 Could not find 'EZRaman Reader  V8.2.0 MV' in 'dict_keys([])'
24.02 16:00:02 Scanning 138 point from 225
24.02 16:00:02 Going to coordinates X=-13.421, Y=-38.013
24.02 16:00:02 Moving is finished
24.02 16:00:08 Could not find 'EZRaman Reader  V8.2.0 MV' in 'dict_keys([])'
24.02 16:00:13 Could not find 'EZRaman Reader  V8.2.0 MV' in 'dict_keys([])'
24.02 16:00:14 Scanning 139 point from 225
24.02 16:00:14 Going to coordinates X=-13.321, Y=-38.013
24.02 16:00:14 Moving is finished
24.02 16:00:20 Could not find 'EZRaman Reader  V8.2.0 MV' in 'dict_keys([])'
24.02 16:00:26 Could not find 'EZRaman Reader  V8.2.0 MV' in 'dict_keys([])'
24.02 16:00:26 Scanning 140 point from 225
24.02 16:00:26 Going to coordinates X=-13.221, Y=-38.013
24.02 16:00:27 Moving is finished
24.02 16:00:33 Could not find 'EZRaman Reader  V8.2.0 MV' in 'dict_keys([])'
24.02 16:00:38 Could not find 'EZRaman Reader  V8.2.0 MV' in 'dict_keys([])'
24.02 16:00:38 Scanning 141 point from 225
24.02 16:00:38 Going to coordinates X=-13.121, Y=-38.013
24.02 16:00:39 Moving is finished
24.02 16:00:45 Could not find 'EZRaman Reader  V8.2.0 MV' in 'dict_keys([])'
24.02 16:00:50 Could not find 'EZRaman Reader  V8.2.0 MV' in 'dict_keys([])'
24.02 16:00:51 Scanning 142 point from 225
24.02 16:00:51 Going to coordinates X=-13.021, Y=-38.013
24.02 16:00:51 Moving is finished
24.02 16:00:57 Could not find 'EZRaman Reader  V8.2.0 MV' in 'dict_keys([])'
24.02 16:01:02 Could not find 'EZRaman Reader  V8.2.0 MV' in 'dict_keys([])'
24.02 16:01:03 Scanning 143 point from 225
24.02 16:01:03 Going to coordinates X=-12.921, Y=-38.013
24.02 16:01:03 Moving is finished
24.02 16:01:09 Could not find 'EZRaman Reader  V8.2.0 MV' in 'dict_keys([])'
24.02 16:01:14 Could not find 'EZRaman Reader  V8.2.0 MV' in 'dict_keys([])'
24.02 16:01:15 Scanning 144 point from 225
24.02 16:01:15 Going to coordinates X=-12.821, Y=-38.013
24.02 16:01:15 Moving is finished
24.02 16:01:21 Could not find 'EZRaman Reader  V8.2.0 MV' in 'dict_keys([])'
24.02 16:01:26 Could not find 'EZRaman Reader  V8.2.0 MV' in 'dict_keys([])'
24.02 16:01:27 Scanning 145 point from 225
24.02 16:01:27 Going to coordinates X=-12.721, Y=-38.013
24.02 16:01:27 Moving is finished
24.02 16:01:33 Could not find 'EZRaman Reader  V8.2.0 MV' in 'dict_keys([])'
24.02 16:01:39 Could not find 'EZRaman Reader  V8.2.0 MV' in 'dict_keys([])'
24.02 16:01:39 Scanning 146 point from 225
24.02 16:01:39 Going to coordinates X=-12.621, Y=-38.013
24.02 16:01:40 Moving is finished
24.02 16:01:46 Could not find 'EZRaman Reader  V8.2.0 MV' in 'dict_keys([])'
24.02 16:01:51 Could not find 'EZRaman Reader  V8.2.0 MV' in 'dict_keys([])'
24.02 16:01:51 Scanning 147 point from 225
24.02 16:01:51 Going to coordinates X=-12.521, Y=-38.013
24.02 16:01:52 Moving is finished
24.02 16:01:58 Could not find 'EZRaman Reader  V8.2.0 MV' in 'dict_keys([])'
24.02 16:02:03 Could not find 'EZRaman Reader  V8.2.0 MV' in 'dict_keys([])'
24.02 16:02:03 Scanning 148 point from 225
24.02 16:02:03 Going to coordinates X=-12.421, Y=-38.013
24.02 16:02:04 Moving is finished
24.02 16:02:10 Could not find 'EZRaman Reader  V8.2.0 MV' in 'dict_keys([])'
24.02 16:02:15 Could not find 'EZRaman Reader  V8.2.0 MV' in 'dict_keys([])'
24.02 16:02:16 Scanning 149 point from 225
24.02 16:02:16 Going to coordinates X=-12.321, Y=-38.013
24.02 16:02:16 Moving is finished
24.02 16:02:22 Could not find 'EZRaman Reader  V8.2.0 MV' in 'dict_keys([])'
24.02 16:02:27 Could not find 'EZRaman Reader  V8.2.0 MV' in 'dict_keys([])'
24.02 16:02:28 Scanning 150 point from 225
24.02 16:02:28 Going to coordinates X=-13.721, Y=-37.913
24.02 16:02:29 Moving is finished
24.02 16:02:35 Could not find 'EZRaman Reader  V8.2.0 MV' in 'dict_keys([])'
24.02 16:02:40 Could not find 'EZRaman Reader  V8.2.0 MV' in 'dict_keys([])'
24.02 16:02:40 Scanning 151 point from 225
24.02 16:02:40 Going to coordinates X=-13.621, Y=-37.913
24.02 16:02:41 Moving is finished
24.02 16:02:47 Could not find 'EZRaman Reader  V8.2.0 MV' in 'dict_keys([])'
24.02 16:02:52 Could not find 'EZRaman Reader  V8.2.0 MV' in 'dict_keys([])'
24.02 16:02:52 Scanning 152 point from 225
24.02 16:02:52 Going to coordinates X=-13.521, Y=-37.913
24.02 16:02:53 Moving is finished
24.02 16:02:59 Could not find 'EZRaman Reader  V8.2.0 MV' in 'dict_keys([])'
24.02 16:03:04 Could not find 'EZRaman Reader  V8.2.0 MV' in 'dict_keys([])'
24.02 16:03:05 Scanning 153 point from 225
24.02 16:03:05 Going to coordinates X=-13.421, Y=-37.913
24.02 16:03:05 Moving is finished
24.02 16:03:11 Could not find 'EZRaman Reader  V8.2.0 MV' in 'dict_keys([])'
24.02 16:03:16 Could not find 'EZRaman Reader  V8.2.0 MV' in 'dict_keys([])'
24.02 16:03:17 Scanning 154 point from 225
24.02 16:03:17 Going to coordinates X=-13.321, Y=-37.913
24.02 16:03:17 Moving is finished
24.02 16:03:23 Could not find 'EZRaman Reader  V8.2.0 MV' in 'dict_keys([])'
24.02 16:03:28 Could not find 'EZRaman Reader  V8.2.0 MV' in 'dict_keys([])'
24.02 16:03:29 Scanning 155 point from 225
24.02 16:03:29 Going to coordinates X=-13.221, Y=-37.913
24.02 16:03:29 Moving is finished
24.02 16:03:35 Could not find 'EZRaman Reader  V8.2.0 MV' in 'dict_keys([])'
24.02 16:03:40 Could not find 'EZRaman Reader  V8.2.0 MV' in 'dict_keys([])'
24.02 16:03:41 Scanning 156 point from 225
24.02 16:03:41 Going to coordinates X=-13.121, Y=-37.913
24.02 16:03:41 Moving is finished
24.02 16:03:47 Could not find 'EZRaman Reader  V8.2.0 MV' in 'dict_keys([])'
24.02 16:03:52 Could not find 'EZRaman Reader  V8.2.0 MV' in 'dict_keys([])'
24.02 16:03:53 Scanning 157 point from 225
24.02 16:03:53 Going to coordinates X=-13.021, Y=-37.913
24.02 16:03:53 Moving is finished
24.02 16:03:59 Could not find 'EZRaman Reader  V8.2.0 MV' in 'dict_keys([])'
24.02 16:04:05 Could not find 'EZRaman Reader  V8.2.0 MV' in 'dict_keys([])'
24.02 16:04:05 Scanning 158 point from 225
24.02 16:04:05 Going to coordinates X=-12.921, Y=-37.913
24.02 16:04:06 Moving is finished
24.02 16:04:12 Could not find 'EZRaman Reader  V8.2.0 MV' in 'dict_keys([])'
24.02 16:04:17 Could not find 'EZRaman Reader  V8.2.0 MV' in 'dict_keys([])'
24.02 16:04:18 Scanning 159 point from 225
24.02 16:04:18 Going to coordinates X=-12.821, Y=-37.913
24.02 16:04:18 Moving is finished
24.02 16:04:24 Could not find 'EZRaman Reader  V8.2.0 MV' in 'dict_keys([])'
24.02 16:04:29 Could not find 'EZRaman Reader  V8.2.0 MV' in 'dict_keys([])'
24.02 16:04:30 Scanning 160 point from 225
24.02 16:04:30 Going to coordinates X=-12.721, Y=-37.913
24.02 16:04:30 Moving is finished
24.02 16:04:36 Could not find 'EZRaman Reader  V8.2.0 MV' in 'dict_keys([])'
24.02 16:04:41 Could not find 'EZRaman Reader  V8.2.0 MV' in 'dict_keys([])'
24.02 16:04:42 Scanning 161 point from 225
24.02 16:04:42 Going to coordinates X=-12.621, Y=-37.913
24.02 16:04:42 Moving is finished
24.02 16:04:48 Could not find 'EZRaman Reader  V8.2.0 MV' in 'dict_keys([])'
24.02 16:04:53 Could not find 'EZRaman Reader  V8.2.0 MV' in 'dict_keys([])'
24.02 16:04:54 Scanning 162 point from 225
24.02 16:04:54 Going to coordinates X=-12.521, Y=-37.913
24.02 16:04:54 Moving is finished
24.02 16:05:00 Could not find 'EZRaman Reader  V8.2.0 MV' in 'dict_keys([])'
24.02 16:05:05 Could not find 'EZRaman Reader  V8.2.0 MV' in 'dict_keys([])'
24.02 16:05:06 Scanning 163 point from 225
24.02 16:05:06 Going to coordinates X=-12.421, Y=-37.913
24.02 16:05:06 Moving is finished
24.02 16:05:12 Could not find 'EZRaman Reader  V8.2.0 MV' in 'dict_keys([])'
24.02 16:05:17 Could not find 'EZRaman Reader  V8.2.0 MV' in 'dict_keys([])'
24.02 16:05:18 Scanning 164 point from 225
24.02 16:05:18 Going to coordinates X=-12.321, Y=-37.913
24.02 16:05:18 Moving is finished
24.02 16:05:25 Could not find 'EZRaman Reader  V8.2.0 MV' in 'dict_keys([])'
24.02 16:05:30 Could not find 'EZRaman Reader  V8.2.0 MV' in 'dict_keys([])'
24.02 16:05:30 Scanning 165 point from 225
24.02 16:05:30 Going to coordinates X=-13.721, Y=-37.813
24.02 16:05:31 Moving is finished
24.02 16:05:37 Could not find 'EZRaman Reader  V8.2.0 MV' in 'dict_keys([])'
24.02 16:05:42 Could not find 'EZRaman Reader  V8.2.0 MV' in 'dict_keys([])'
24.02 16:05:43 Scanning 166 point from 225
24.02 16:05:43 Going to coordinates X=-13.621, Y=-37.813
24.02 16:05:43 Moving is finished
24.02 16:05:49 Could not find 'EZRaman Reader  V8.2.0 MV' in 'dict_keys([])'
24.02 16:05:54 Could not find 'EZRaman Reader  V8.2.0 MV' in 'dict_keys([])'
24.02 16:05:55 Scanning 167 point from 225
24.02 16:05:55 Going to coordinates X=-13.521, Y=-37.813
24.02 16:05:55 Moving is finished
24.02 16:06:01 Could not find 'EZRaman Reader  V8.2.0 MV' in 'dict_keys([])'
24.02 16:06:06 Could not find 'EZRaman Reader  V8.2.0 MV' in 'dict_keys([])'
24.02 16:06:07 Scanning 168 point from 225
24.02 16:06:07 Going to coordinates X=-13.421, Y=-37.813
24.02 16:06:07 Moving is finished
24.02 16:06:13 Could not find 'EZRaman Reader  V8.2.0 MV' in 'dict_keys([])'
24.02 16:06:19 Could not find 'EZRaman Reader  V8.2.0 MV' in 'dict_keys([])'
24.02 16:06:19 Scanning 169 point from 225
24.02 16:06:19 Going to coordinates X=-13.321, Y=-37.813
24.02 16:06:19 Moving is finished
24.02 16:06:26 Could not find 'EZRaman Reader  V8.2.0 MV' in 'dict_keys([])'
24.02 16:06:31 Could not find 'EZRaman Reader  V8.2.0 MV' in 'dict_keys([])'
24.02 16:06:31 Scanning 170 point from 225
24.02 16:06:31 Going to coordinates X=-13.221, Y=-37.813
24.02 16:06:32 Moving is finished
24.02 16:06:38 Could not find 'EZRaman Reader  V8.2.0 MV' in 'dict_keys([])'
24.02 16:06:43 Could not find 'EZRaman Reader  V8.2.0 MV' in 'dict_keys([])'
24.02 16:06:44 Scanning 171 point from 225
24.02 16:06:44 Going to coordinates X=-13.121, Y=-37.813
24.02 16:06:44 Moving is finished
24.02 16:06:50 Could not find 'EZRaman Reader  V8.2.0 MV' in 'dict_keys([])'
24.02 16:06:55 Could not find 'EZRaman Reader  V8.2.0 MV' in 'dict_keys([])'
24.02 16:06:56 Scanning 172 point from 225
24.02 16:06:56 Going to coordinates X=-13.021, Y=-37.813
24.02 16:06:56 Moving is finished
24.02 16:07:02 Could not find 'EZRaman Reader  V8.2.0 MV' in 'dict_keys([])'
24.02 16:07:07 Could not find 'EZRaman Reader  V8.2.0 MV' in 'dict_keys([])'
24.02 16:07:08 Scanning 173 point from 225
24.02 16:07:08 Going to coordinates X=-12.921, Y=-37.813
24.02 16:07:08 Moving is finished
24.02 16:07:14 Could not find 'EZRaman Reader  V8.2.0 MV' in 'dict_keys([])'
24.02 16:07:19 Could not find 'EZRaman Reader  V8.2.0 MV' in 'dict_keys([])'
24.02 16:07:20 Scanning 174 point from 225
24.02 16:07:20 Going to coordinates X=-12.821, Y=-37.813
24.02 16:07:20 Moving is finished
24.02 16:07:26 Could not find 'EZRaman Reader  V8.2.0 MV' in 'dict_keys([])'
24.02 16:07:32 Could not find 'EZRaman Reader  V8.2.0 MV' in 'dict_keys([])'
24.02 16:07:32 Scanning 175 point from 225
24.02 16:07:32 Going to coordinates X=-12.721, Y=-37.813
24.02 16:07:32 Moving is finished
24.02 16:07:39 Could not find 'EZRaman Reader  V8.2.0 MV' in 'dict_keys([])'
24.02 16:07:44 Could not find 'EZRaman Reader  V8.2.0 MV' in 'dict_keys([])'
24.02 16:07:44 Scanning 176 point from 225
24.02 16:07:44 Going to coordinates X=-12.621, Y=-37.813
24.02 16:07:45 Moving is finished
24.02 16:07:51 Could not find 'EZRaman Reader  V8.2.0 MV' in 'dict_keys([])'
24.02 16:07:56 Could not find 'EZRaman Reader  V8.2.0 MV' in 'dict_keys([])'
24.02 16:07:57 Scanning 177 point from 225
24.02 16:07:57 Going to coordinates X=-12.521, Y=-37.813
24.02 16:07:57 Moving is finished
24.02 16:08:03 Could not find 'EZRaman Reader  V8.2.0 MV' in 'dict_keys([])'
24.02 16:08:08 Could not find 'EZRaman Reader  V8.2.0 MV' in 'dict_keys([])'
24.02 16:08:09 Scanning 178 point from 225
24.02 16:08:09 Going to coordinates X=-12.421, Y=-37.813
24.02 16:08:09 Moving is finished
24.02 16:08:15 Could not find 'EZRaman Reader  V8.2.0 MV' in 'dict_keys([])'
24.02 16:08:20 Could not find 'EZRaman Reader  V8.2.0 MV' in 'dict_keys([])'
24.02 16:08:21 Scanning 179 point from 225
24.02 16:08:21 Going to coordinates X=-12.321, Y=-37.813
24.02 16:08:21 Moving is finished
24.02 16:08:27 Could not find 'EZRaman Reader  V8.2.0 MV' in 'dict_keys([])'
24.02 16:08:32 Could not find 'EZRaman Reader  V8.2.0 MV' in 'dict_keys([])'
24.02 16:08:33 Scanning 180 point from 225
24.02 16:08:33 Going to coordinates X=-13.721, Y=-37.713
24.02 16:08:34 Moving is finished
24.02 16:08:40 Could not find 'EZRaman Reader  V8.2.0 MV' in 'dict_keys([])'
24.02 16:08:45 Could not find 'EZRaman Reader  V8.2.0 MV' in 'dict_keys([])'
24.02 16:08:46 Scanning 181 point from 225
24.02 16:08:46 Going to coordinates X=-13.621, Y=-37.713
24.02 16:08:46 Moving is finished
24.02 16:08:52 Could not find 'EZRaman Reader  V8.2.0 MV' in 'dict_keys([])'
24.02 16:08:57 Could not find 'EZRaman Reader  V8.2.0 MV' in 'dict_keys([])'
24.02 16:08:58 Scanning 182 point from 225
24.02 16:08:58 Going to coordinates X=-13.521, Y=-37.713
24.02 16:08:58 Moving is finished
24.02 16:09:04 Could not find 'EZRaman Reader  V8.2.0 MV' in 'dict_keys([])'
24.02 16:09:09 Could not find 'EZRaman Reader  V8.2.0 MV' in 'dict_keys([])'
24.02 16:09:10 Scanning 183 point from 225
24.02 16:09:10 Going to coordinates X=-13.421, Y=-37.713
24.02 16:09:10 Moving is finished
24.02 16:09:16 Could not find 'EZRaman Reader  V8.2.0 MV' in 'dict_keys([])'
24.02 16:09:21 Could not find 'EZRaman Reader  V8.2.0 MV' in 'dict_keys([])'
24.02 16:09:22 Scanning 184 point from 225
24.02 16:09:22 Going to coordinates X=-13.321, Y=-37.713
24.02 16:09:22 Moving is finished
24.02 16:09:28 Could not find 'EZRaman Reader  V8.2.0 MV' in 'dict_keys([])'
24.02 16:09:34 Could not find 'EZRaman Reader  V8.2.0 MV' in 'dict_keys([])'
24.02 16:09:34 Scanning 185 point from 225
24.02 16:09:34 Going to coordinates X=-13.221, Y=-37.713
24.02 16:09:34 Moving is finished
24.02 16:09:41 Could not find 'EZRaman Reader  V8.2.0 MV' in 'dict_keys([])'
24.02 16:09:46 Could not find 'EZRaman Reader  V8.2.0 MV' in 'dict_keys([])'
24.02 16:09:46 Scanning 186 point from 225
24.02 16:09:46 Going to coordinates X=-13.121, Y=-37.713
24.02 16:09:47 Moving is finished
24.02 16:09:53 Could not find 'EZRaman Reader  V8.2.0 MV' in 'dict_keys([])'
24.02 16:09:58 Could not find 'EZRaman Reader  V8.2.0 MV' in 'dict_keys([])'
24.02 16:09:58 Scanning 187 point from 225
24.02 16:09:58 Going to coordinates X=-13.021, Y=-37.713
24.02 16:09:59 Moving is finished
24.02 16:10:05 Could not find 'EZRaman Reader  V8.2.0 MV' in 'dict_keys([])'
24.02 16:10:10 Could not find 'EZRaman Reader  V8.2.0 MV' in 'dict_keys([])'
24.02 16:10:10 Scanning 188 point from 225
24.02 16:10:10 Going to coordinates X=-12.921, Y=-37.713
24.02 16:10:11 Moving is finished
24.02 16:10:17 Could not find 'EZRaman Reader  V8.2.0 MV' in 'dict_keys([])'
24.02 16:10:22 Could not find 'EZRaman Reader  V8.2.0 MV' in 'dict_keys([])'
24.02 16:10:23 Scanning 189 point from 225
24.02 16:10:23 Going to coordinates X=-12.821, Y=-37.713
24.02 16:10:23 Moving is finished
24.02 16:10:29 Could not find 'EZRaman Reader  V8.2.0 MV' in 'dict_keys([])'
24.02 16:10:34 Could not find 'EZRaman Reader  V8.2.0 MV' in 'dict_keys([])'
24.02 16:10:35 Scanning 190 point from 225
24.02 16:10:35 Going to coordinates X=-12.721, Y=-37.713
24.02 16:10:35 Moving is finished
24.02 16:10:42 Could not find 'EZRaman Reader  V8.2.0 MV' in 'dict_keys([])'
24.02 16:10:47 Could not find 'EZRaman Reader  V8.2.0 MV' in 'dict_keys([])'
24.02 16:10:47 Scanning 191 point from 225
24.02 16:10:47 Going to coordinates X=-12.621, Y=-37.713
24.02 16:10:48 Moving is finished
24.02 16:10:54 Could not find 'EZRaman Reader  V8.2.0 MV' in 'dict_keys([])'
24.02 16:10:59 Could not find 'EZRaman Reader  V8.2.0 MV' in 'dict_keys([])'
24.02 16:10:59 Scanning 192 point from 225
24.02 16:10:59 Going to coordinates X=-12.521, Y=-37.713
24.02 16:11:00 Moving is finished
24.02 16:11:06 Could not find 'EZRaman Reader  V8.2.0 MV' in 'dict_keys([])'
24.02 16:11:11 Could not find 'EZRaman Reader  V8.2.0 MV' in 'dict_keys([])'
24.02 16:11:12 Scanning 193 point from 225
24.02 16:11:12 Going to coordinates X=-12.421, Y=-37.713
24.02 16:11:12 Moving is finished
24.02 16:11:18 Could not find 'EZRaman Reader  V8.2.0 MV' in 'dict_keys([])'
24.02 16:11:23 Could not find 'EZRaman Reader  V8.2.0 MV' in 'dict_keys([])'
24.02 16:11:24 Scanning 194 point from 225
24.02 16:11:24 Going to coordinates X=-12.321, Y=-37.713
24.02 16:11:24 Moving is finished
24.02 16:11:30 Could not find 'EZRaman Reader  V8.2.0 MV' in 'dict_keys([])'
24.02 16:11:36 Could not find 'EZRaman Reader  V8.2.0 MV' in 'dict_keys([])'
24.02 16:11:36 Scanning 195 point from 225
24.02 16:11:36 Going to coordinates X=-13.721, Y=-37.613
24.02 16:11:37 Moving is finished
24.02 16:11:43 Could not find 'EZRaman Reader  V8.2.0 MV' in 'dict_keys([])'
24.02 16:11:48 Could not find 'EZRaman Reader  V8.2.0 MV' in 'dict_keys([])'
24.02 16:11:49 Scanning 196 point from 225
24.02 16:11:49 Going to coordinates X=-13.621, Y=-37.613
24.02 16:11:49 Moving is finished
24.02 16:11:55 Could not find 'EZRaman Reader  V8.2.0 MV' in 'dict_keys([])'
24.02 16:12:00 Could not find 'EZRaman Reader  V8.2.0 MV' in 'dict_keys([])'
24.02 16:12:01 Scanning 197 point from 225
24.02 16:12:01 Going to coordinates X=-13.521, Y=-37.613
24.02 16:12:01 Moving is finished
24.02 16:12:07 Could not find 'EZRaman Reader  V8.2.0 MV' in 'dict_keys([])'
24.02 16:12:13 Could not find 'EZRaman Reader  V8.2.0 MV' in 'dict_keys([])'
24.02 16:12:13 Scanning 198 point from 225
24.02 16:12:13 Going to coordinates X=-13.421, Y=-37.613
24.02 16:12:13 Moving is finished
24.02 16:12:20 Could not find 'EZRaman Reader  V8.2.0 MV' in 'dict_keys([])'
24.02 16:12:25 Could not find 'EZRaman Reader  V8.2.0 MV' in 'dict_keys([])'
24.02 16:12:25 Scanning 199 point from 225
24.02 16:12:25 Going to coordinates X=-13.321, Y=-37.613
24.02 16:12:26 Moving is finished
24.02 16:12:32 Could not find 'EZRaman Reader  V8.2.0 MV' in 'dict_keys([])'
24.02 16:12:37 Could not find 'EZRaman Reader  V8.2.0 MV' in 'dict_keys([])'
24.02 16:12:38 Scanning 200 point from 225
24.02 16:12:38 Going to coordinates X=-13.221, Y=-37.613
24.02 16:12:38 Moving is finished
24.02 16:12:44 Could not find 'EZRaman Reader  V8.2.0 MV' in 'dict_keys([])'
24.02 16:12:49 Could not find 'EZRaman Reader  V8.2.0 MV' in 'dict_keys([])'
24.02 16:12:50 Scanning 201 point from 225
24.02 16:12:50 Going to coordinates X=-13.121, Y=-37.613
24.02 16:12:50 Moving is finished
24.02 16:12:56 Could not find 'EZRaman Reader  V8.2.0 MV' in 'dict_keys([])'
24.02 16:13:01 Could not find 'EZRaman Reader  V8.2.0 MV' in 'dict_keys([])'
24.02 16:13:02 Scanning 202 point from 225
24.02 16:13:02 Going to coordinates X=-13.021, Y=-37.613
24.02 16:13:02 Moving is finished
24.02 16:13:08 Could not find 'EZRaman Reader  V8.2.0 MV' in 'dict_keys([])'
24.02 16:13:13 Could not find 'EZRaman Reader  V8.2.0 MV' in 'dict_keys([])'
24.02 16:13:14 Scanning 203 point from 225
24.02 16:13:14 Going to coordinates X=-12.921, Y=-37.613
24.02 16:13:14 Moving is finished
24.02 16:13:20 Could not find 'EZRaman Reader  V8.2.0 MV' in 'dict_keys([])'
24.02 16:13:25 Could not find 'EZRaman Reader  V8.2.0 MV' in 'dict_keys([])'
24.02 16:13:26 Scanning 204 point from 225
24.02 16:13:26 Going to coordinates X=-12.821, Y=-37.613
24.02 16:13:26 Moving is finished
24.02 16:13:32 Could not find 'EZRaman Reader  V8.2.0 MV' in 'dict_keys([])'
24.02 16:13:38 Could not find 'EZRaman Reader  V8.2.0 MV' in 'dict_keys([])'
24.02 16:13:38 Scanning 205 point from 225
24.02 16:13:38 Going to coordinates X=-12.721, Y=-37.613
24.02 16:13:39 Moving is finished
24.02 16:13:45 Could not find 'EZRaman Reader  V8.2.0 MV' in 'dict_keys([])'
24.02 16:13:50 Could not find 'EZRaman Reader  V8.2.0 MV' in 'dict_keys([])'
24.02 16:13:51 Scanning 206 point from 225
24.02 16:13:51 Going to coordinates X=-12.621, Y=-37.613
24.02 16:13:51 Moving is finished
24.02 16:13:57 Could not find 'EZRaman Reader  V8.2.0 MV' in 'dict_keys([])'
24.02 16:14:02 Could not find 'EZRaman Reader  V8.2.0 MV' in 'dict_keys([])'
24.02 16:14:03 Scanning 207 point from 225
24.02 16:14:03 Going to coordinates X=-12.521, Y=-37.613
24.02 16:14:03 Moving is finished
24.02 16:14:09 Could not find 'EZRaman Reader  V8.2.0 MV' in 'dict_keys([])'
24.02 16:14:14 Could not find 'EZRaman Reader  V8.2.0 MV' in 'dict_keys([])'
24.02 16:14:15 Scanning 208 point from 225
24.02 16:14:15 Going to coordinates X=-12.421, Y=-37.613
24.02 16:14:15 Moving is finished
24.02 16:14:21 Could not find 'EZRaman Reader  V8.2.0 MV' in 'dict_keys([])'
24.02 16:14:26 Could not find 'EZRaman Reader  V8.2.0 MV' in 'dict_keys([])'
24.02 16:14:27 Scanning 209 point from 225
24.02 16:14:27 Going to coordinates X=-12.321, Y=-37.613
24.02 16:14:27 Moving is finished
24.02 16:14:33 Could not find 'EZRaman Reader  V8.2.0 MV' in 'dict_keys([])'
24.02 16:14:38 Could not find 'EZRaman Reader  V8.2.0 MV' in 'dict_keys([])'
24.02 16:14:39 Scanning 210 point from 225
24.02 16:14:39 Going to coordinates X=-13.721, Y=-37.513
24.02 16:14:40 Moving is finished
24.02 16:14:46 Could not find 'EZRaman Reader  V8.2.0 MV' in 'dict_keys([])'
24.02 16:14:51 Could not find 'EZRaman Reader  V8.2.0 MV' in 'dict_keys([])'
24.02 16:14:52 Scanning 211 point from 225
24.02 16:14:52 Going to coordinates X=-13.621, Y=-37.513
24.02 16:14:52 Moving is finished
24.02 16:14:58 Could not find 'EZRaman Reader  V8.2.0 MV' in 'dict_keys([])'
24.02 16:15:03 Could not find 'EZRaman Reader  V8.2.0 MV' in 'dict_keys([])'
24.02 16:15:04 Scanning 212 point from 225
24.02 16:15:04 Going to coordinates X=-13.521, Y=-37.513
24.02 16:15:04 Moving is finished
24.02 16:15:10 Could not find 'EZRaman Reader  V8.2.0 MV' in 'dict_keys([])'
24.02 16:15:15 Could not find 'EZRaman Reader  V8.2.0 MV' in 'dict_keys([])'
24.02 16:15:16 Scanning 213 point from 225
24.02 16:15:16 Going to coordinates X=-13.421, Y=-37.513
24.02 16:15:16 Moving is finished
24.02 16:15:22 Could not find 'EZRaman Reader  V8.2.0 MV' in 'dict_keys([])'
24.02 16:15:27 Could not find 'EZRaman Reader  V8.2.0 MV' in 'dict_keys([])'
24.02 16:15:28 Scanning 214 point from 225
24.02 16:15:28 Going to coordinates X=-13.321, Y=-37.513
24.02 16:15:28 Moving is finished
24.02 16:15:34 Could not find 'EZRaman Reader  V8.2.0 MV' in 'dict_keys([])'
24.02 16:15:40 Could not find 'EZRaman Reader  V8.2.0 MV' in 'dict_keys([])'
24.02 16:15:40 Scanning 215 point from 225
24.02 16:15:40 Going to coordinates X=-13.221, Y=-37.513
24.02 16:15:41 Moving is finished
24.02 16:15:47 Could not find 'EZRaman Reader  V8.2.0 MV' in 'dict_keys([])'
24.02 16:15:52 Could not find 'EZRaman Reader  V8.2.0 MV' in 'dict_keys([])'
24.02 16:15:53 Scanning 216 point from 225
24.02 16:15:53 Going to coordinates X=-13.121, Y=-37.513
24.02 16:15:53 Moving is finished
24.02 16:15:59 Could not find 'EZRaman Reader  V8.2.0 MV' in 'dict_keys([])'
24.02 16:16:04 Could not find 'EZRaman Reader  V8.2.0 MV' in 'dict_keys([])'
24.02 16:16:05 Scanning 217 point from 225
24.02 16:16:05 Going to coordinates X=-13.021, Y=-37.513
24.02 16:16:05 Moving is finished
24.02 16:16:11 Could not find 'EZRaman Reader  V8.2.0 MV' in 'dict_keys([])'
24.02 16:16:16 Could not find 'EZRaman Reader  V8.2.0 MV' in 'dict_keys([])'
24.02 16:16:17 Scanning 218 point from 225
24.02 16:16:17 Going to coordinates X=-12.921, Y=-37.513
24.02 16:16:17 Moving is finished
24.02 16:16:23 Could not find 'EZRaman Reader  V8.2.0 MV' in 'dict_keys([])'
24.02 16:16:28 Could not find 'EZRaman Reader  V8.2.0 MV' in 'dict_keys([])'
24.02 16:16:29 Scanning 219 point from 225
24.02 16:16:29 Going to coordinates X=-12.821, Y=-37.513
24.02 16:16:29 Moving is finished
24.02 16:16:35 Could not find 'EZRaman Reader  V8.2.0 MV' in 'dict_keys([])'
24.02 16:16:40 Could not find 'EZRaman Reader  V8.2.0 MV' in 'dict_keys([])'
24.02 16:16:41 Scanning 220 point from 225
24.02 16:16:41 Going to coordinates X=-12.721, Y=-37.513
24.02 16:16:41 Moving is finished
24.02 16:16:47 Could not find 'EZRaman Reader  V8.2.0 MV' in 'dict_keys([])'
24.02 16:16:53 Could not find 'EZRaman Reader  V8.2.0 MV' in 'dict_keys([])'
24.02 16:16:53 Scanning 221 point from 225
24.02 16:16:53 Going to coordinates X=-12.621, Y=-37.513
24.02 16:16:54 Moving is finished
24.02 16:17:00 Could not find 'EZRaman Reader  V8.2.0 MV' in 'dict_keys([])'
24.02 16:17:05 Could not find 'EZRaman Reader  V8.2.0 MV' in 'dict_keys([])'
24.02 16:17:06 Scanning 222 point from 225
24.02 16:17:06 Going to coordinates X=-12.521, Y=-37.513
24.02 16:17:06 Moving is finished
24.02 16:17:12 Could not find 'EZRaman Reader  V8.2.0 MV' in 'dict_keys([])'
24.02 16:17:17 Could not find 'EZRaman Reader  V8.2.0 MV' in 'dict_keys([])'
24.02 16:17:18 Scanning 223 point from 225
24.02 16:17:18 Going to coordinates X=-12.421, Y=-37.513
24.02 16:17:18 Moving is finished
24.02 16:17:24 Could not find 'EZRaman Reader  V8.2.0 MV' in 'dict_keys([])'
24.02 16:17:29 Could not find 'EZRaman Reader  V8.2.0 MV' in 'dict_keys([])'
24.02 16:17:30 Scanning 224 point from 225
24.02 16:17:30 Going to coordinates X=-12.321, Y=-37.513
24.02 16:17:30 Moving is finished
24.02 16:17:36 Could not find 'EZRaman Reader  V8.2.0 MV' in 'dict_keys([])'
24.02 16:17:41 Could not find 'EZRaman Reader  V8.2.0 MV' in 'dict_keys([])'
24.02 17:50:56 Row 0: 24.02 17:50:56 Map: x1: -13.466, y1: -37.774, x2: -14.976, y2: -36.831, xres: 0.080, yres: 0.100, fname: Gluc-0.007
24.02 17:50:56 Scanning 0 point from 220
24.02 17:50:56 Going to coordinates X=-14.976, Y=-37.774
24.02 17:50:56 Moving is finished
24.02 17:53:04 Scanning 1 point from 220
24.02 17:53:04 Going to coordinates X=-14.896, Y=-37.774
24.02 17:53:05 Moving is finished
24.02 17:55:12 Scanning 2 point from 220
24.02 17:55:12 Going to coordinates X=-14.816, Y=-37.774
24.02 17:55:13 Moving is finished
24.02 17:57:21 Scanning 3 point from 220
24.02 17:57:21 Going to coordinates X=-14.736, Y=-37.774
24.02 17:57:21 Moving is finished
24.02 17:59:29 Scanning 4 point from 220
24.02 17:59:29 Going to coordinates X=-14.656, Y=-37.774
24.02 17:59:29 Moving is finished
24.02 18:01:37 Scanning 5 point from 220
24.02 18:01:37 Going to coordinates X=-14.576, Y=-37.774
24.02 18:01:38 Moving is finished
24.02 18:03:46 Scanning 6 point from 220
24.02 18:03:46 Going to coordinates X=-14.496, Y=-37.774
24.02 18:03:46 Moving is finished
24.02 18:05:00 Could not find 'EZRaman Reader  V8.2.0 MV' in 'dict_keys([])'
24.02 18:05:05 Could not find 'EZRaman Reader  V8.2.0 MV' in 'dict_keys([])'
24.02 18:05:06 Scanning 7 point from 220
24.02 18:05:06 Going to coordinates X=-14.416, Y=-37.774
24.02 18:05:06 Moving is finished
24.02 18:05:12 Could not find 'EZRaman Reader  V8.2.0 MV' in 'dict_keys([])'
24.02 18:05:18 Could not find 'EZRaman Reader  V8.2.0 MV' in 'dict_keys([])'
24.02 18:05:19 Scanning 8 point from 220
24.02 18:05:19 Going to coordinates X=-14.336, Y=-37.774
24.02 18:05:19 Moving is finished
24.02 18:05:25 Could not find 'EZRaman Reader  V8.2.0 MV' in 'dict_keys([])'
24.02 18:05:30 Could not find 'EZRaman Reader  V8.2.0 MV' in 'dict_keys([])'
24.02 18:05:31 Scanning 9 point from 220
24.02 18:05:31 Going to coordinates X=-14.256, Y=-37.774
24.02 18:05:31 Moving is finished
24.02 18:05:38 Could not find 'EZRaman Reader  V8.2.0 MV' in 'dict_keys([])'
24.02 18:05:43 Could not find 'EZRaman Reader  V8.2.0 MV' in 'dict_keys([])'
24.02 18:05:44 Scanning 10 point from 220
24.02 18:05:44 Going to coordinates X=-14.176, Y=-37.774
24.02 18:05:44 Moving is finished
24.02 18:05:51 Could not find 'EZRaman Reader  V8.2.0 MV' in 'dict_keys([])'
24.02 18:05:56 Could not find 'EZRaman Reader  V8.2.0 MV' in 'dict_keys([])'
24.02 18:05:56 Scanning 11 point from 220
24.02 18:05:56 Going to coordinates X=-14.096, Y=-37.774
24.02 18:05:57 Moving is finished
24.02 18:06:03 Could not find 'EZRaman Reader  V8.2.0 MV' in 'dict_keys([])'
24.02 18:06:08 list index out of range
24.02 18:06:09 Scanning 12 point from 220
24.02 18:06:09 Going to coordinates X=-14.016, Y=-37.774
24.02 18:06:09 Moving is finished
24.02 18:08:18 Scanning 13 point from 220
24.02 18:08:18 Going to coordinates X=-13.936, Y=-37.774
24.02 18:08:18 Moving is finished
24.02 18:10:26 Scanning 14 point from 220
24.02 18:10:26 Going to coordinates X=-13.856, Y=-37.774
24.02 18:10:26 Moving is finished
24.02 18:12:35 Scanning 15 point from 220
24.02 18:12:35 Going to coordinates X=-13.776, Y=-37.774
24.02 18:12:35 Moving is finished
24.02 18:14:43 Scanning 16 point from 220
24.02 18:14:43 Going to coordinates X=-13.696, Y=-37.774
24.02 18:14:43 Moving is finished
24.02 18:16:51 Scanning 17 point from 220
24.02 18:16:51 Going to coordinates X=-13.616, Y=-37.774
24.02 18:16:51 Moving is finished
24.02 18:18:59 Scanning 18 point from 220
24.02 18:18:59 Going to coordinates X=-13.536, Y=-37.774
24.02 18:18:59 Moving is finished
24.02 18:21:07 Scanning 19 point from 220
24.02 18:21:07 Going to coordinates X=-13.456, Y=-37.774
24.02 18:21:07 Moving is finished
24.02 18:23:15 Scanning 20 point from 220
24.02 18:23:15 Going to coordinates X=-14.976, Y=-37.674
24.02 18:23:16 Moving is finished
24.02 18:25:24 Scanning 21 point from 220
24.02 18:25:24 Going to coordinates X=-14.896, Y=-37.674
24.02 18:25:24 Moving is finished
24.02 18:27:32 Scanning 22 point from 220
24.02 18:27:32 Going to coordinates X=-14.816, Y=-37.674
24.02 18:27:32 Moving is finished
24.02 18:29:40 Scanning 23 point from 220
24.02 18:29:40 Going to coordinates X=-14.736, Y=-37.674
24.02 18:29:40 Moving is finished
24.02 18:31:49 Scanning 24 point from 220
24.02 18:31:49 Going to coordinates X=-14.656, Y=-37.674
24.02 18:31:49 Moving is finished
24.02 18:33:57 Scanning 25 point from 220
24.02 18:33:57 Going to coordinates X=-14.576, Y=-37.674
24.02 18:33:57 Moving is finished
24.02 18:36:05 Scanning 26 point from 220
24.02 18:36:05 Going to coordinates X=-14.496, Y=-37.674
24.02 18:36:05 Moving is finished
24.02 18:38:13 Scanning 27 point from 220
24.02 18:38:13 Going to coordinates X=-14.416, Y=-37.674
24.02 18:38:13 Moving is finished
24.02 18:40:21 Scanning 28 point from 220
24.02 18:40:21 Going to coordinates X=-14.336, Y=-37.674
24.02 18:40:22 Moving is finished
24.02 18:42:30 Scanning 29 point from 220
24.02 18:42:30 Going to coordinates X=-14.256, Y=-37.674
24.02 18:42:30 Moving is finished
24.02 18:42:36 Could not find 'EZRaman Reader  V8.2.0 MV' in 'dict_keys([])'
24.02 18:42:41 Could not find 'EZRaman Reader  V8.2.0 MV' in 'dict_keys([])'
24.02 18:42:42 Scanning 30 point from 220
24.02 18:42:42 Going to coordinates X=-14.176, Y=-37.674
24.02 18:42:42 Moving is finished
24.02 18:42:48 Could not find 'EZRaman Reader  V8.2.0 MV' in 'dict_keys([])'
24.02 18:42:53 Could not find 'EZRaman Reader  V8.2.0 MV' in 'dict_keys([])'
24.02 18:42:54 Scanning 31 point from 220
24.02 18:42:54 Going to coordinates X=-14.096, Y=-37.674
24.02 18:42:54 Moving is finished
24.02 18:43:01 Could not find 'EZRaman Reader  V8.2.0 MV' in 'dict_keys([])'
24.02 18:43:06 Could not find 'EZRaman Reader  V8.2.0 MV' in 'dict_keys([])'
24.02 18:43:06 Scanning 32 point from 220
24.02 18:43:06 Going to coordinates X=-14.016, Y=-37.674
24.02 18:43:06 Moving is finished
24.02 18:43:13 Could not find 'EZRaman Reader  V8.2.0 MV' in 'dict_keys([])'
24.02 18:43:18 Could not find 'EZRaman Reader  V8.2.0 MV' in 'dict_keys([])'
24.02 18:43:18 Scanning 33 point from 220
24.02 18:43:18 Going to coordinates X=-13.936, Y=-37.674
24.02 18:43:18 Moving is finished
24.02 18:43:25 Could not find 'EZRaman Reader  V8.2.0 MV' in 'dict_keys([])'
24.02 18:43:30 Could not find 'EZRaman Reader  V8.2.0 MV' in 'dict_keys([])'
24.02 18:43:30 Scanning 34 point from 220
24.02 18:43:30 Going to coordinates X=-13.856, Y=-37.674
24.02 18:43:31 Moving is finished
24.02 18:43:37 Could not find 'EZRaman Reader  V8.2.0 MV' in 'dict_keys([])'
24.02 18:43:42 Could not find 'EZRaman Reader  V8.2.0 MV' in 'dict_keys([])'
24.02 18:43:42 Scanning 35 point from 220
24.02 18:43:42 Going to coordinates X=-13.776, Y=-37.674
24.02 18:43:43 Moving is finished
24.02 18:43:49 Could not find 'EZRaman Reader  V8.2.0 MV' in 'dict_keys([])'
24.02 18:43:54 Could not find 'EZRaman Reader  V8.2.0 MV' in 'dict_keys([])'
24.02 18:43:54 Scanning 36 point from 220
24.02 18:43:54 Going to coordinates X=-13.696, Y=-37.674
24.02 18:43:55 Moving is finished
24.02 18:44:01 Could not find 'EZRaman Reader  V8.2.0 MV' in 'dict_keys([])'
24.02 18:44:06 Could not find 'EZRaman Reader  V8.2.0 MV' in 'dict_keys([])'
24.02 18:44:06 Scanning 37 point from 220
24.02 18:44:06 Going to coordinates X=-13.616, Y=-37.674
24.02 18:44:07 Moving is finished
24.02 18:44:13 Could not find 'EZRaman Reader  V8.2.0 MV' in 'dict_keys([])'
24.02 18:44:18 Could not find 'EZRaman Reader  V8.2.0 MV' in 'dict_keys([])'
24.02 18:44:19 Scanning 38 point from 220
24.02 18:44:19 Going to coordinates X=-13.536, Y=-37.674
24.02 18:44:19 Moving is finished
24.02 18:44:25 Could not find 'EZRaman Reader  V8.2.0 MV' in 'dict_keys([])'
24.02 18:44:30 Could not find 'EZRaman Reader  V8.2.0 MV' in 'dict_keys([])'
24.02 18:44:31 Scanning 39 point from 220
24.02 18:44:31 Going to coordinates X=-13.456, Y=-37.674
24.02 18:44:31 Moving is finished
24.02 18:44:37 Could not find 'EZRaman Reader  V8.2.0 MV' in 'dict_keys([])'
24.02 18:44:42 Could not find 'EZRaman Reader  V8.2.0 MV' in 'dict_keys([])'
24.02 18:44:43 Scanning 40 point from 220
24.02 18:44:43 Going to coordinates X=-14.976, Y=-37.574
24.02 18:44:44 Moving is finished
24.02 18:44:50 Could not find 'EZRaman Reader  V8.2.0 MV' in 'dict_keys([])'
24.02 18:44:55 Could not find 'EZRaman Reader  V8.2.0 MV' in 'dict_keys([])'
24.02 18:44:56 Scanning 41 point from 220
24.02 18:44:56 Going to coordinates X=-14.896, Y=-37.574
24.02 18:44:56 Moving is finished
24.02 18:45:02 Could not find 'EZRaman Reader  V8.2.0 MV' in 'dict_keys([])'
24.02 18:45:07 Could not find 'EZRaman Reader  V8.2.0 MV' in 'dict_keys([])'
24.02 18:45:08 Scanning 42 point from 220
24.02 18:45:08 Going to coordinates X=-14.816, Y=-37.574
24.02 18:45:08 Moving is finished
24.02 18:45:14 Could not find 'EZRaman Reader  V8.2.0 MV' in 'dict_keys([])'
24.02 18:45:19 Could not find 'EZRaman Reader  V8.2.0 MV' in 'dict_keys([])'
24.02 18:45:20 Scanning 43 point from 220
24.02 18:45:20 Going to coordinates X=-14.736, Y=-37.574
24.02 18:45:20 Moving is finished
24.02 18:45:26 Could not find 'EZRaman Reader  V8.2.0 MV' in 'dict_keys([])'
24.02 18:45:31 Could not find 'EZRaman Reader  V8.2.0 MV' in 'dict_keys([])'
24.02 18:45:32 Scanning 44 point from 220
24.02 18:45:32 Going to coordinates X=-14.656, Y=-37.574
24.02 18:45:32 Moving is finished
24.02 18:45:38 Could not find 'EZRaman Reader  V8.2.0 MV' in 'dict_keys([])'
24.02 18:45:43 Could not find 'EZRaman Reader  V8.2.0 MV' in 'dict_keys([])'
24.02 18:45:44 Scanning 45 point from 220
24.02 18:45:44 Going to coordinates X=-14.576, Y=-37.574
24.02 18:45:44 Moving is finished
24.02 18:45:50 Could not find 'EZRaman Reader  V8.2.0 MV' in 'dict_keys([])'
24.02 18:45:55 Could not find 'EZRaman Reader  V8.2.0 MV' in 'dict_keys([])'
24.02 18:45:56 Scanning 46 point from 220
24.02 18:45:56 Going to coordinates X=-14.496, Y=-37.574
24.02 18:45:56 Moving is finished
24.02 18:46:02 Could not find 'EZRaman Reader  V8.2.0 MV' in 'dict_keys([])'
24.02 18:46:07 Could not find 'EZRaman Reader  V8.2.0 MV' in 'dict_keys([])'
24.02 18:46:08 Scanning 47 point from 220
24.02 18:46:08 Going to coordinates X=-14.416, Y=-37.574
24.02 18:46:08 Moving is finished
24.02 18:46:14 Could not find 'EZRaman Reader  V8.2.0 MV' in 'dict_keys([])'
24.02 18:46:19 Could not find 'EZRaman Reader  V8.2.0 MV' in 'dict_keys([])'
24.02 18:46:20 Scanning 48 point from 220
24.02 18:46:20 Going to coordinates X=-14.336, Y=-37.574
24.02 18:46:20 Moving is finished
24.02 18:46:26 Could not find 'EZRaman Reader  V8.2.0 MV' in 'dict_keys([])'
24.02 18:46:31 Could not find 'EZRaman Reader  V8.2.0 MV' in 'dict_keys([])'
24.02 18:46:32 Scanning 49 point from 220
24.02 18:46:32 Going to coordinates X=-14.256, Y=-37.574
24.02 18:46:32 Moving is finished
24.02 18:46:38 Could not find 'EZRaman Reader  V8.2.0 MV' in 'dict_keys([])'
24.02 18:46:44 Could not find 'EZRaman Reader  V8.2.0 MV' in 'dict_keys([])'
24.02 18:46:44 Scanning 50 point from 220
24.02 18:46:44 Going to coordinates X=-14.176, Y=-37.574
24.02 18:46:45 Moving is finished
24.02 18:46:51 Could not find 'EZRaman Reader  V8.2.0 MV' in 'dict_keys([])'
24.02 18:46:56 Could not find 'EZRaman Reader  V8.2.0 MV' in 'dict_keys([])'
24.02 18:46:56 Scanning 51 point from 220
24.02 18:46:56 Going to coordinates X=-14.096, Y=-37.574
24.02 18:46:57 Moving is finished
24.02 18:47:25 Stopped!
