07.05 18:41:14 Initializing grbl...
07.05 18:41:14 Got the response: b''
07.05 18:46:15 Row 0: 07.05 18:46:15 Map: x1: -23.293, y1: -39.485, x2: -24.698, y2: -37.608, xres: 0.050, yres: 0.050, fname: M2
07.05 18:46:15 Scanning 0 point from 1170
07.05 18:46:15 Going to coordinates X=-24.698, Y=-39.485
07.05 18:46:16 Moving is finished
07.05 18:47:53 Scanning 1 point from 1170
07.05 18:47:53 Going to coordinates X=-24.648, Y=-39.485
07.05 18:47:53 Moving is finished
07.05 18:49:30 Scanning 2 point from 1170
07.05 18:49:30 Going to coordinates X=-24.598, Y=-39.485
07.05 18:49:30 Moving is finished
07.05 18:51:08 Scanning 3 point from 1170
07.05 18:51:08 Going to coordinates X=-24.548, Y=-39.485
07.05 18:51:08 Moving is finished
07.05 18:52:45 Scanning 4 point from 1170
07.05 18:52:45 Going to coordinates X=-24.498, Y=-39.485
07.05 18:52:45 Moving is finished
07.05 18:54:22 Scanning 5 point from 1170
07.05 18:54:22 Going to coordinates X=-24.448, Y=-39.485
07.05 18:54:22 Moving is finished
07.05 18:55:58 Scanning 6 point from 1170
07.05 18:55:58 Going to coordinates X=-24.398, Y=-39.485
07.05 18:55:59 Moving is finished
07.05 18:57:36 Scanning 7 point from 1170
07.05 18:57:36 Going to coordinates X=-24.348, Y=-39.485
07.05 18:57:36 Moving is finished
07.05 18:59:13 Scanning 8 point from 1170
07.05 18:59:13 Going to coordinates X=-24.298, Y=-39.485
07.05 18:59:13 Moving is finished
07.05 19:00:51 Scanning 9 point from 1170
07.05 19:00:51 Going to coordinates X=-24.248, Y=-39.485
07.05 19:00:51 Moving is finished
07.05 19:02:28 Scanning 10 point from 1170
07.05 19:02:28 Going to coordinates X=-24.198, Y=-39.485
07.05 19:02:28 Moving is finished
07.05 19:04:04 Scanning 11 point from 1170
07.05 19:04:04 Going to coordinates X=-24.148, Y=-39.485
07.05 19:04:05 Moving is finished
07.05 19:05:42 Scanning 12 point from 1170
07.05 19:05:42 Going to coordinates X=-24.098, Y=-39.485
07.05 19:05:42 Moving is finished
07.05 19:07:18 Scanning 13 point from 1170
07.05 19:07:18 Going to coordinates X=-24.048, Y=-39.485
07.05 19:07:19 Moving is finished
07.05 19:08:55 Scanning 14 point from 1170
07.05 19:08:55 Going to coordinates X=-23.998, Y=-39.485
07.05 19:08:55 Moving is finished
07.05 19:10:32 Scanning 15 point from 1170
07.05 19:10:32 Going to coordinates X=-23.948, Y=-39.485
07.05 19:10:33 Moving is finished
07.05 19:12:09 Scanning 16 point from 1170
07.05 19:12:09 Going to coordinates X=-23.898, Y=-39.485
07.05 19:12:10 Moving is finished
07.05 19:13:46 Scanning 17 point from 1170
07.05 19:13:46 Going to coordinates X=-23.848, Y=-39.485
07.05 19:13:46 Moving is finished
07.05 19:15:23 Scanning 18 point from 1170
07.05 19:15:23 Going to coordinates X=-23.798, Y=-39.485
07.05 19:15:23 Moving is finished
07.05 19:17:00 Scanning 19 point from 1170
07.05 19:17:00 Going to coordinates X=-23.748, Y=-39.485
07.05 19:17:01 Moving is finished
07.05 19:18:37 Scanning 20 point from 1170
07.05 19:18:37 Going to coordinates X=-23.698, Y=-39.485
07.05 19:18:38 Moving is finished
07.05 19:20:14 Scanning 21 point from 1170
07.05 19:20:14 Going to coordinates X=-23.648, Y=-39.485
07.05 19:20:15 Moving is finished
07.05 19:21:51 Scanning 22 point from 1170
07.05 19:21:51 Going to coordinates X=-23.598, Y=-39.485
07.05 19:21:51 Moving is finished
07.05 19:23:28 Scanning 23 point from 1170
07.05 19:23:28 Going to coordinates X=-23.548, Y=-39.485
07.05 19:23:28 Moving is finished
07.05 19:25:06 Scanning 24 point from 1170
07.05 19:25:06 Going to coordinates X=-23.498, Y=-39.485
07.05 19:25:06 Moving is finished
07.05 19:26:43 Scanning 25 point from 1170
07.05 19:26:43 Going to coordinates X=-23.448, Y=-39.485
07.05 19:26:43 Moving is finished
07.05 19:28:20 Scanning 26 point from 1170
07.05 19:28:20 Going to coordinates X=-23.398, Y=-39.485
07.05 19:28:21 Moving is finished
07.05 19:29:58 Scanning 27 point from 1170
07.05 19:29:58 Going to coordinates X=-23.348, Y=-39.485
07.05 19:29:58 Moving is finished
07.05 19:31:35 Scanning 28 point from 1170
07.05 19:31:35 Going to coordinates X=-23.298, Y=-39.485
07.05 19:31:35 Moving is finished
07.05 19:33:12 Scanning 29 point from 1170
07.05 19:33:12 Going to coordinates X=-23.248, Y=-39.485
07.05 19:33:12 Moving is finished
07.05 19:34:49 Scanning 30 point from 1170
07.05 19:34:49 Going to coordinates X=-24.698, Y=-39.435
07.05 19:34:50 Moving is finished
07.05 19:36:27 Scanning 31 point from 1170
07.05 19:36:27 Going to coordinates X=-24.648, Y=-39.435
07.05 19:36:27 Moving is finished
07.05 19:38:04 Scanning 32 point from 1170
07.05 19:38:04 Going to coordinates X=-24.598, Y=-39.435
07.05 19:38:04 Moving is finished
07.05 19:39:41 Scanning 33 point from 1170
07.05 19:39:41 Going to coordinates X=-24.548, Y=-39.435
07.05 19:39:41 Moving is finished
07.05 19:41:18 Scanning 34 point from 1170
07.05 19:41:18 Going to coordinates X=-24.498, Y=-39.435
07.05 19:41:18 Moving is finished
07.05 19:42:55 Scanning 35 point from 1170
07.05 19:42:55 Going to coordinates X=-24.448, Y=-39.435
07.05 19:42:55 Moving is finished
07.05 19:44:32 Scanning 36 point from 1170
07.05 19:44:32 Going to coordinates X=-24.398, Y=-39.435
07.05 19:44:32 Moving is finished
07.05 19:46:09 Scanning 37 point from 1170
07.05 19:46:09 Going to coordinates X=-24.348, Y=-39.435
07.05 19:46:09 Moving is finished
07.05 19:47:46 Scanning 38 point from 1170
07.05 19:47:46 Going to coordinates X=-24.298, Y=-39.435
07.05 19:47:46 Moving is finished
07.05 19:49:24 Scanning 39 point from 1170
07.05 19:49:24 Going to coordinates X=-24.248, Y=-39.435
07.05 19:49:24 Moving is finished
07.05 19:51:01 Scanning 40 point from 1170
07.05 19:51:01 Going to coordinates X=-24.198, Y=-39.435
07.05 19:51:01 Moving is finished
07.05 19:52:38 Scanning 41 point from 1170
07.05 19:52:38 Going to coordinates X=-24.148, Y=-39.435
07.05 19:52:38 Moving is finished
07.05 19:54:15 Scanning 42 point from 1170
07.05 19:54:15 Going to coordinates X=-24.098, Y=-39.435
07.05 19:54:15 Moving is finished
07.05 19:55:53 Scanning 43 point from 1170
07.05 19:55:53 Going to coordinates X=-24.048, Y=-39.435
07.05 19:55:53 Moving is finished
07.05 19:57:29 Scanning 44 point from 1170
07.05 19:57:29 Going to coordinates X=-23.998, Y=-39.435
07.05 19:57:30 Moving is finished
07.05 19:59:06 Scanning 45 point from 1170
07.05 19:59:06 Going to coordinates X=-23.948, Y=-39.435
07.05 19:59:07 Moving is finished
07.05 20:00:43 Scanning 46 point from 1170
07.05 20:00:43 Going to coordinates X=-23.898, Y=-39.435
07.05 20:00:44 Moving is finished
07.05 20:02:20 Scanning 47 point from 1170
07.05 20:02:20 Going to coordinates X=-23.848, Y=-39.435
07.05 20:02:20 Moving is finished
07.05 20:03:57 Scanning 48 point from 1170
07.05 20:03:57 Going to coordinates X=-23.798, Y=-39.435
07.05 20:03:57 Moving is finished
07.05 20:05:34 Scanning 49 point from 1170
07.05 20:05:34 Going to coordinates X=-23.748, Y=-39.435
07.05 20:05:34 Moving is finished
07.05 20:07:11 Scanning 50 point from 1170
07.05 20:07:11 Going to coordinates X=-23.698, Y=-39.435
07.05 20:07:11 Moving is finished
07.05 20:08:49 Scanning 51 point from 1170
07.05 20:08:49 Going to coordinates X=-23.648, Y=-39.435
07.05 20:08:49 Moving is finished
07.05 20:10:26 Scanning 52 point from 1170
07.05 20:10:26 Going to coordinates X=-23.598, Y=-39.435
07.05 20:10:26 Moving is finished
07.05 20:12:04 Scanning 53 point from 1170
07.05 20:12:04 Going to coordinates X=-23.548, Y=-39.435
07.05 20:12:04 Moving is finished
07.05 20:13:41 Scanning 54 point from 1170
07.05 20:13:41 Going to coordinates X=-23.498, Y=-39.435
07.05 20:13:42 Moving is finished
07.05 20:15:18 Scanning 55 point from 1170
07.05 20:15:18 Going to coordinates X=-23.448, Y=-39.435
07.05 20:15:18 Moving is finished
07.05 20:16:55 Scanning 56 point from 1170
07.05 20:16:55 Going to coordinates X=-23.398, Y=-39.435
07.05 20:16:55 Moving is finished
07.05 20:18:32 Scanning 57 point from 1170
07.05 20:18:32 Going to coordinates X=-23.348, Y=-39.435
07.05 20:18:32 Moving is finished
07.05 20:20:09 Scanning 58 point from 1170
07.05 20:20:09 Going to coordinates X=-23.298, Y=-39.435
07.05 20:20:09 Moving is finished
07.05 20:21:46 Scanning 59 point from 1170
07.05 20:21:46 Going to coordinates X=-23.248, Y=-39.435
07.05 20:21:46 Moving is finished
07.05 20:23:23 Scanning 60 point from 1170
07.05 20:23:23 Going to coordinates X=-24.698, Y=-39.385
07.05 20:23:24 Moving is finished
07.05 20:25:00 Scanning 61 point from 1170
07.05 20:25:00 Going to coordinates X=-24.648, Y=-39.385
07.05 20:25:01 Moving is finished
07.05 20:26:37 Scanning 62 point from 1170
07.05 20:26:37 Going to coordinates X=-24.598, Y=-39.385
07.05 20:26:37 Moving is finished
07.05 20:28:15 Scanning 63 point from 1170
07.05 20:28:15 Going to coordinates X=-24.548, Y=-39.385
07.05 20:28:15 Moving is finished
07.05 20:29:52 Scanning 64 point from 1170
07.05 20:29:52 Going to coordinates X=-24.498, Y=-39.385
07.05 20:29:52 Moving is finished
07.05 20:31:29 Scanning 65 point from 1170
07.05 20:31:29 Going to coordinates X=-24.448, Y=-39.385
07.05 20:31:29 Moving is finished
07.05 20:33:06 Scanning 66 point from 1170
07.05 20:33:06 Going to coordinates X=-24.398, Y=-39.385
07.05 20:33:06 Moving is finished
07.05 20:34:43 Scanning 67 point from 1170
07.05 20:34:43 Going to coordinates X=-24.348, Y=-39.385
07.05 20:34:43 Moving is finished
07.05 20:36:20 Scanning 68 point from 1170
07.05 20:36:20 Going to coordinates X=-24.298, Y=-39.385
07.05 20:36:20 Moving is finished
07.05 20:37:57 Scanning 69 point from 1170
07.05 20:37:57 Going to coordinates X=-24.248, Y=-39.385
07.05 20:37:57 Moving is finished
07.05 20:39:35 Scanning 70 point from 1170
07.05 20:39:35 Going to coordinates X=-24.198, Y=-39.385
07.05 20:39:35 Moving is finished
07.05 20:41:12 Scanning 71 point from 1170
07.05 20:41:12 Going to coordinates X=-24.148, Y=-39.385
07.05 20:41:12 Moving is finished
07.05 20:42:49 Scanning 72 point from 1170
07.05 20:42:49 Going to coordinates X=-24.098, Y=-39.385
07.05 20:42:50 Moving is finished
07.05 20:44:26 Scanning 73 point from 1170
07.05 20:44:26 Going to coordinates X=-24.048, Y=-39.385
07.05 20:44:27 Moving is finished
07.05 20:46:03 Scanning 74 point from 1170
07.05 20:46:03 Going to coordinates X=-23.998, Y=-39.385
07.05 20:46:03 Moving is finished
07.05 20:47:40 Scanning 75 point from 1170
07.05 20:47:40 Going to coordinates X=-23.948, Y=-39.385
07.05 20:47:40 Moving is finished
07.05 20:49:17 Scanning 76 point from 1170
07.05 20:49:17 Going to coordinates X=-23.898, Y=-39.385
07.05 20:49:17 Moving is finished
07.05 20:50:54 Scanning 77 point from 1170
07.05 20:50:54 Going to coordinates X=-23.848, Y=-39.385
07.05 20:50:55 Moving is finished
07.05 20:52:32 Scanning 78 point from 1170
07.05 20:52:32 Going to coordinates X=-23.798, Y=-39.385
07.05 20:52:32 Moving is finished
07.05 20:54:09 Scanning 79 point from 1170
07.05 20:54:09 Going to coordinates X=-23.748, Y=-39.385
07.05 20:54:09 Moving is finished
07.05 20:55:46 Scanning 80 point from 1170
07.05 20:55:46 Going to coordinates X=-23.698, Y=-39.385
07.05 20:55:47 Moving is finished
07.05 20:57:24 Scanning 81 point from 1170
07.05 20:57:24 Going to coordinates X=-23.648, Y=-39.385
07.05 20:57:24 Moving is finished
07.05 20:59:01 Scanning 82 point from 1170
07.05 20:59:01 Going to coordinates X=-23.598, Y=-39.385
07.05 20:59:01 Moving is finished
07.05 21:00:39 Scanning 83 point from 1170
07.05 21:00:39 Going to coordinates X=-23.548, Y=-39.385
07.05 21:00:39 Moving is finished
07.05 21:02:15 Scanning 84 point from 1170
07.05 21:02:15 Going to coordinates X=-23.498, Y=-39.385
07.05 21:02:16 Moving is finished
07.05 21:03:52 Scanning 85 point from 1170
07.05 21:03:52 Going to coordinates X=-23.448, Y=-39.385
07.05 21:03:52 Moving is finished
07.05 21:05:29 Scanning 86 point from 1170
07.05 21:05:29 Going to coordinates X=-23.398, Y=-39.385
07.05 21:05:29 Moving is finished
07.05 21:07:06 Scanning 87 point from 1170
07.05 21:07:06 Going to coordinates X=-23.348, Y=-39.385
07.05 21:07:06 Moving is finished
07.05 21:08:43 Scanning 88 point from 1170
07.05 21:08:43 Going to coordinates X=-23.298, Y=-39.385
07.05 21:08:43 Moving is finished
07.05 21:10:20 Scanning 89 point from 1170
07.05 21:10:20 Going to coordinates X=-23.248, Y=-39.385
07.05 21:10:20 Moving is finished
07.05 21:11:57 Scanning 90 point from 1170
07.05 21:11:57 Going to coordinates X=-24.698, Y=-39.335
07.05 21:11:58 Moving is finished
07.05 21:13:35 Scanning 91 point from 1170
07.05 21:13:35 Going to coordinates X=-24.648, Y=-39.335
07.05 21:13:35 Moving is finished
07.05 21:15:12 Scanning 92 point from 1170
07.05 21:15:12 Going to coordinates X=-24.598, Y=-39.335
07.05 21:15:12 Moving is finished
07.05 21:16:49 Scanning 93 point from 1170
07.05 21:16:49 Going to coordinates X=-24.548, Y=-39.335
07.05 21:16:49 Moving is finished
07.05 21:18:25 Scanning 94 point from 1170
07.05 21:18:25 Going to coordinates X=-24.498, Y=-39.335
07.05 21:18:25 Moving is finished
07.05 21:20:02 Scanning 95 point from 1170
07.05 21:20:02 Going to coordinates X=-24.448, Y=-39.335
07.05 21:20:02 Moving is finished
07.05 21:21:39 Scanning 96 point from 1170
07.05 21:21:39 Going to coordinates X=-24.398, Y=-39.335
07.05 21:21:39 Moving is finished
07.05 21:23:16 Scanning 97 point from 1170
07.05 21:23:16 Going to coordinates X=-24.348, Y=-39.335
07.05 21:23:16 Moving is finished
07.05 21:24:54 Scanning 98 point from 1170
07.05 21:24:54 Going to coordinates X=-24.298, Y=-39.335
07.05 21:24:54 Moving is finished
07.05 21:26:31 Scanning 99 point from 1170
07.05 21:26:31 Going to coordinates X=-24.248, Y=-39.335
07.05 21:26:31 Moving is finished
07.05 21:28:07 Scanning 100 point from 1170
07.05 21:28:07 Going to coordinates X=-24.198, Y=-39.335
07.05 21:28:08 Moving is finished
07.05 21:29:44 Scanning 101 point from 1170
07.05 21:29:44 Going to coordinates X=-24.148, Y=-39.335
07.05 21:29:44 Moving is finished
07.05 21:31:21 Scanning 102 point from 1170
07.05 21:31:21 Going to coordinates X=-24.098, Y=-39.335
07.05 21:31:21 Moving is finished
07.05 21:32:58 Scanning 103 point from 1170
07.05 21:32:58 Going to coordinates X=-24.048, Y=-39.335
07.05 21:32:58 Moving is finished
07.05 21:34:34 Scanning 104 point from 1170
07.05 21:34:34 Going to coordinates X=-23.998, Y=-39.335
07.05 21:34:35 Moving is finished
07.05 21:36:11 Scanning 105 point from 1170
07.05 21:36:11 Going to coordinates X=-23.948, Y=-39.335
07.05 21:36:11 Moving is finished
07.05 21:37:48 Scanning 106 point from 1170
07.05 21:37:48 Going to coordinates X=-23.898, Y=-39.335
07.05 21:37:49 Moving is finished
07.05 21:39:25 Scanning 107 point from 1170
07.05 21:39:25 Going to coordinates X=-23.848, Y=-39.335
07.05 21:39:26 Moving is finished
07.05 21:41:02 Scanning 108 point from 1170
07.05 21:41:02 Going to coordinates X=-23.798, Y=-39.335
07.05 21:41:03 Moving is finished
07.05 21:42:39 Scanning 109 point from 1170
07.05 21:42:39 Going to coordinates X=-23.748, Y=-39.335
07.05 21:42:40 Moving is finished
07.05 21:44:17 Scanning 110 point from 1170
07.05 21:44:17 Going to coordinates X=-23.698, Y=-39.335
07.05 21:44:17 Moving is finished
07.05 21:45:54 Scanning 111 point from 1170
07.05 21:45:54 Going to coordinates X=-23.648, Y=-39.335
07.05 21:45:54 Moving is finished
07.05 21:47:31 Scanning 112 point from 1170
07.05 21:47:31 Going to coordinates X=-23.598, Y=-39.335
07.05 21:47:31 Moving is finished
07.05 21:49:07 Scanning 113 point from 1170
07.05 21:49:07 Going to coordinates X=-23.548, Y=-39.335
07.05 21:49:08 Moving is finished
07.05 21:50:44 Scanning 114 point from 1170
07.05 21:50:44 Going to coordinates X=-23.498, Y=-39.335
07.05 21:50:44 Moving is finished
07.05 21:52:21 Scanning 115 point from 1170
07.05 21:52:21 Going to coordinates X=-23.448, Y=-39.335
07.05 21:52:22 Moving is finished
07.05 21:53:58 Scanning 116 point from 1170
07.05 21:53:58 Going to coordinates X=-23.398, Y=-39.335
07.05 21:53:59 Moving is finished
07.05 21:55:35 Scanning 117 point from 1170
07.05 21:55:35 Going to coordinates X=-23.348, Y=-39.335
07.05 21:55:35 Moving is finished
07.05 21:57:12 Scanning 118 point from 1170
07.05 21:57:12 Going to coordinates X=-23.298, Y=-39.335
07.05 21:57:12 Moving is finished
07.05 21:58:49 Scanning 119 point from 1170
07.05 21:58:49 Going to coordinates X=-23.248, Y=-39.335
07.05 21:58:49 Moving is finished
07.05 22:00:25 Scanning 120 point from 1170
07.05 22:00:25 Going to coordinates X=-24.698, Y=-39.285
07.05 22:00:26 Moving is finished
07.05 22:02:03 Scanning 121 point from 1170
07.05 22:02:03 Going to coordinates X=-24.648, Y=-39.285
07.05 22:02:03 Moving is finished
07.05 22:03:40 Scanning 122 point from 1170
07.05 22:03:40 Going to coordinates X=-24.598, Y=-39.285
07.05 22:03:40 Moving is finished
07.05 22:05:17 Scanning 123 point from 1170
07.05 22:05:17 Going to coordinates X=-24.548, Y=-39.285
07.05 22:05:17 Moving is finished
07.05 22:06:53 Scanning 124 point from 1170
07.05 22:06:53 Going to coordinates X=-24.498, Y=-39.285
07.05 22:06:53 Moving is finished
07.05 22:08:30 Scanning 125 point from 1170
07.05 22:08:30 Going to coordinates X=-24.448, Y=-39.285
07.05 22:08:30 Moving is finished
07.05 22:10:07 Scanning 126 point from 1170
07.05 22:10:07 Going to coordinates X=-24.398, Y=-39.285
07.05 22:10:07 Moving is finished
07.05 22:11:44 Scanning 127 point from 1170
07.05 22:11:44 Going to coordinates X=-24.348, Y=-39.285
07.05 22:11:44 Moving is finished
07.05 22:13:21 Scanning 128 point from 1170
07.05 22:13:21 Going to coordinates X=-24.298, Y=-39.285
07.05 22:13:21 Moving is finished
07.05 22:14:58 Scanning 129 point from 1170
07.05 22:14:58 Going to coordinates X=-24.248, Y=-39.285
07.05 22:14:58 Moving is finished
07.05 22:16:35 Scanning 130 point from 1170
07.05 22:16:35 Going to coordinates X=-24.198, Y=-39.285
07.05 22:16:35 Moving is finished
07.05 22:18:12 Scanning 131 point from 1170
07.05 22:18:12 Going to coordinates X=-24.148, Y=-39.285
07.05 22:18:12 Moving is finished
07.05 22:19:49 Scanning 132 point from 1170
07.05 22:19:49 Going to coordinates X=-24.098, Y=-39.285
07.05 22:19:49 Moving is finished
07.05 22:21:26 Scanning 133 point from 1170
07.05 22:21:26 Going to coordinates X=-24.048, Y=-39.285
07.05 22:21:27 Moving is finished
07.05 22:23:03 Scanning 134 point from 1170
07.05 22:23:03 Going to coordinates X=-23.998, Y=-39.285
07.05 22:23:04 Moving is finished
07.05 22:24:40 Scanning 135 point from 1170
07.05 22:24:40 Going to coordinates X=-23.948, Y=-39.285
07.05 22:24:41 Moving is finished
07.05 22:26:17 Scanning 136 point from 1170
07.05 22:26:17 Going to coordinates X=-23.898, Y=-39.285
07.05 22:26:17 Moving is finished
07.05 22:27:54 Scanning 137 point from 1170
07.05 22:27:54 Going to coordinates X=-23.848, Y=-39.285
07.05 22:27:54 Moving is finished
07.05 22:29:31 Scanning 138 point from 1170
07.05 22:29:31 Going to coordinates X=-23.798, Y=-39.285
07.05 22:29:31 Moving is finished
07.05 22:31:08 Scanning 139 point from 1170
07.05 22:31:08 Going to coordinates X=-23.748, Y=-39.285
07.05 22:31:08 Moving is finished
07.05 22:32:45 Scanning 140 point from 1170
07.05 22:32:45 Going to coordinates X=-23.698, Y=-39.285
07.05 22:32:45 Moving is finished
07.05 22:34:21 Scanning 141 point from 1170
07.05 22:34:21 Going to coordinates X=-23.648, Y=-39.285
07.05 22:34:22 Moving is finished
07.05 22:35:58 Scanning 142 point from 1170
07.05 22:35:58 Going to coordinates X=-23.598, Y=-39.285
07.05 22:35:59 Moving is finished
07.05 22:37:35 Scanning 143 point from 1170
07.05 22:37:35 Going to coordinates X=-23.548, Y=-39.285
07.05 22:37:36 Moving is finished
07.05 22:39:12 Scanning 144 point from 1170
07.05 22:39:12 Going to coordinates X=-23.498, Y=-39.285
07.05 22:39:13 Moving is finished
07.05 22:40:49 Scanning 145 point from 1170
07.05 22:40:49 Going to coordinates X=-23.448, Y=-39.285
07.05 22:40:50 Moving is finished
07.05 22:42:27 Scanning 146 point from 1170
07.05 22:42:27 Going to coordinates X=-23.398, Y=-39.285
07.05 22:42:27 Moving is finished
07.05 22:44:04 Scanning 147 point from 1170
07.05 22:44:04 Going to coordinates X=-23.348, Y=-39.285
07.05 22:44:04 Moving is finished
07.05 22:45:41 Scanning 148 point from 1170
07.05 22:45:41 Going to coordinates X=-23.298, Y=-39.285
07.05 22:45:41 Moving is finished
07.05 22:47:17 Scanning 149 point from 1170
07.05 22:47:17 Going to coordinates X=-23.248, Y=-39.285
07.05 22:47:18 Moving is finished
07.05 22:48:54 Scanning 150 point from 1170
07.05 22:48:54 Going to coordinates X=-24.698, Y=-39.235
07.05 22:48:55 Moving is finished
07.05 22:50:31 Scanning 151 point from 1170
07.05 22:50:31 Going to coordinates X=-24.648, Y=-39.235
07.05 22:50:32 Moving is finished
07.05 22:52:08 Scanning 152 point from 1170
07.05 22:52:08 Going to coordinates X=-24.598, Y=-39.235
07.05 22:52:08 Moving is finished
07.05 22:53:45 Scanning 153 point from 1170
07.05 22:53:45 Going to coordinates X=-24.548, Y=-39.235
07.05 22:53:45 Moving is finished
07.05 22:55:22 Scanning 154 point from 1170
07.05 22:55:22 Going to coordinates X=-24.498, Y=-39.235
07.05 22:55:22 Moving is finished
07.05 22:56:59 Scanning 155 point from 1170
07.05 22:56:59 Going to coordinates X=-24.448, Y=-39.235
07.05 22:57:00 Moving is finished
07.05 22:58:37 Scanning 156 point from 1170
07.05 22:58:37 Going to coordinates X=-24.398, Y=-39.235
07.05 22:58:37 Moving is finished
07.05 23:00:14 Scanning 157 point from 1170
07.05 23:00:14 Going to coordinates X=-24.348, Y=-39.235
07.05 23:00:14 Moving is finished
07.05 23:01:50 Scanning 158 point from 1170
07.05 23:01:50 Going to coordinates X=-24.298, Y=-39.235
07.05 23:01:50 Moving is finished
07.05 23:03:28 Scanning 159 point from 1170
07.05 23:03:28 Going to coordinates X=-24.248, Y=-39.235
07.05 23:03:28 Moving is finished
07.05 23:05:05 Scanning 160 point from 1170
07.05 23:05:05 Going to coordinates X=-24.198, Y=-39.235
07.05 23:05:05 Moving is finished
07.05 23:06:43 Scanning 161 point from 1170
07.05 23:06:43 Going to coordinates X=-24.148, Y=-39.235
07.05 23:06:43 Moving is finished
07.05 23:08:20 Scanning 162 point from 1170
07.05 23:08:20 Going to coordinates X=-24.098, Y=-39.235
07.05 23:08:20 Moving is finished
07.05 23:09:56 Scanning 163 point from 1170
07.05 23:09:56 Going to coordinates X=-24.048, Y=-39.235
07.05 23:09:57 Moving is finished
07.05 23:11:33 Scanning 164 point from 1170
07.05 23:11:33 Going to coordinates X=-23.998, Y=-39.235
07.05 23:11:34 Moving is finished
07.05 23:13:10 Scanning 165 point from 1170
07.05 23:13:10 Going to coordinates X=-23.948, Y=-39.235
07.05 23:13:11 Moving is finished
07.05 23:14:48 Scanning 166 point from 1170
07.05 23:14:48 Going to coordinates X=-23.898, Y=-39.235
07.05 23:14:48 Moving is finished
07.05 23:16:25 Scanning 167 point from 1170
07.05 23:16:25 Going to coordinates X=-23.848, Y=-39.235
07.05 23:16:25 Moving is finished
07.05 23:18:02 Scanning 168 point from 1170
07.05 23:18:02 Going to coordinates X=-23.798, Y=-39.235
07.05 23:18:02 Moving is finished
07.05 23:19:39 Scanning 169 point from 1170
07.05 23:19:39 Going to coordinates X=-23.748, Y=-39.235
07.05 23:19:39 Moving is finished
07.05 23:21:15 Scanning 170 point from 1170
07.05 23:21:15 Going to coordinates X=-23.698, Y=-39.235
07.05 23:21:16 Moving is finished
07.05 23:22:52 Scanning 171 point from 1170
07.05 23:22:52 Going to coordinates X=-23.648, Y=-39.235
07.05 23:22:53 Moving is finished
07.05 23:24:29 Scanning 172 point from 1170
07.05 23:24:29 Going to coordinates X=-23.598, Y=-39.235
07.05 23:24:30 Moving is finished
07.05 23:26:07 Scanning 173 point from 1170
07.05 23:26:07 Going to coordinates X=-23.548, Y=-39.235
07.05 23:26:07 Moving is finished
07.05 23:27:43 Scanning 174 point from 1170
07.05 23:27:43 Going to coordinates X=-23.498, Y=-39.235
07.05 23:27:44 Moving is finished
07.05 23:29:21 Scanning 175 point from 1170
07.05 23:29:21 Going to coordinates X=-23.448, Y=-39.235
07.05 23:29:21 Moving is finished
07.05 23:30:57 Scanning 176 point from 1170
07.05 23:30:57 Going to coordinates X=-23.398, Y=-39.235
07.05 23:30:58 Moving is finished
07.05 23:32:34 Scanning 177 point from 1170
07.05 23:32:34 Going to coordinates X=-23.348, Y=-39.235
07.05 23:32:34 Moving is finished
07.05 23:34:11 Scanning 178 point from 1170
07.05 23:34:11 Going to coordinates X=-23.298, Y=-39.235
07.05 23:34:11 Moving is finished
07.05 23:35:48 Scanning 179 point from 1170
07.05 23:35:48 Going to coordinates X=-23.248, Y=-39.235
07.05 23:35:48 Moving is finished
07.05 23:37:25 Scanning 180 point from 1170
07.05 23:37:25 Going to coordinates X=-24.698, Y=-39.185
07.05 23:37:25 Moving is finished
07.05 23:39:02 Scanning 181 point from 1170
07.05 23:39:02 Going to coordinates X=-24.648, Y=-39.185
07.05 23:39:03 Moving is finished
07.05 23:40:39 Scanning 182 point from 1170
07.05 23:40:39 Going to coordinates X=-24.598, Y=-39.185
07.05 23:40:40 Moving is finished
07.05 23:42:17 Scanning 183 point from 1170
07.05 23:42:17 Going to coordinates X=-24.548, Y=-39.185
07.05 23:42:17 Moving is finished
07.05 23:43:55 Scanning 184 point from 1170
07.05 23:43:55 Going to coordinates X=-24.498, Y=-39.185
07.05 23:43:55 Moving is finished
07.05 23:45:32 Scanning 185 point from 1170
07.05 23:45:32 Going to coordinates X=-24.448, Y=-39.185
07.05 23:45:32 Moving is finished
07.05 23:47:09 Scanning 186 point from 1170
07.05 23:47:09 Going to coordinates X=-24.398, Y=-39.185
07.05 23:47:09 Moving is finished
07.05 23:48:46 Scanning 187 point from 1170
07.05 23:48:46 Going to coordinates X=-24.348, Y=-39.185
07.05 23:48:46 Moving is finished
07.05 23:50:23 Scanning 188 point from 1170
07.05 23:50:23 Going to coordinates X=-24.298, Y=-39.185
07.05 23:50:23 Moving is finished
07.05 23:52:00 Scanning 189 point from 1170
07.05 23:52:00 Going to coordinates X=-24.248, Y=-39.185
07.05 23:52:01 Moving is finished
07.05 23:53:37 Scanning 190 point from 1170
07.05 23:53:37 Going to coordinates X=-24.198, Y=-39.185
07.05 23:53:37 Moving is finished
07.05 23:55:14 Scanning 191 point from 1170
07.05 23:55:14 Going to coordinates X=-24.148, Y=-39.185
07.05 23:55:14 Moving is finished
07.05 23:56:51 Scanning 192 point from 1170
07.05 23:56:51 Going to coordinates X=-24.098, Y=-39.185
07.05 23:56:51 Moving is finished
07.05 23:58:28 Scanning 193 point from 1170
07.05 23:58:28 Going to coordinates X=-24.048, Y=-39.185
07.05 23:58:28 Moving is finished
08.05 00:00:04 Scanning 194 point from 1170
08.05 00:00:04 Going to coordinates X=-23.998, Y=-39.185
08.05 00:00:05 Moving is finished
08.05 00:01:42 Scanning 195 point from 1170
08.05 00:01:42 Going to coordinates X=-23.948, Y=-39.185
08.05 00:01:42 Moving is finished
08.05 00:03:18 Scanning 196 point from 1170
08.05 00:03:18 Going to coordinates X=-23.898, Y=-39.185
08.05 00:03:18 Moving is finished
08.05 00:04:55 Scanning 197 point from 1170
08.05 00:04:55 Going to coordinates X=-23.848, Y=-39.185
08.05 00:04:55 Moving is finished
08.05 00:06:32 Scanning 198 point from 1170
08.05 00:06:32 Going to coordinates X=-23.798, Y=-39.185
08.05 00:06:32 Moving is finished
08.05 00:08:09 Scanning 199 point from 1170
08.05 00:08:09 Going to coordinates X=-23.748, Y=-39.185
08.05 00:08:09 Moving is finished
08.05 00:09:46 Scanning 200 point from 1170
08.05 00:09:46 Going to coordinates X=-23.698, Y=-39.185
08.05 00:09:46 Moving is finished
08.05 00:11:22 Scanning 201 point from 1170
08.05 00:11:22 Going to coordinates X=-23.648, Y=-39.185
08.05 00:11:23 Moving is finished
08.05 00:13:00 Scanning 202 point from 1170
08.05 00:13:00 Going to coordinates X=-23.598, Y=-39.185
08.05 00:13:00 Moving is finished
08.05 00:14:37 Scanning 203 point from 1170
08.05 00:14:37 Going to coordinates X=-23.548, Y=-39.185
08.05 00:14:37 Moving is finished
08.05 00:16:14 Scanning 204 point from 1170
08.05 00:16:14 Going to coordinates X=-23.498, Y=-39.185
08.05 00:16:14 Moving is finished
08.05 00:17:50 Scanning 205 point from 1170
08.05 00:17:50 Going to coordinates X=-23.448, Y=-39.185
08.05 00:17:50 Moving is finished
08.05 00:19:27 Scanning 206 point from 1170
08.05 00:19:27 Going to coordinates X=-23.398, Y=-39.185
08.05 00:19:27 Moving is finished
08.05 00:21:04 Scanning 207 point from 1170
08.05 00:21:04 Going to coordinates X=-23.348, Y=-39.185
08.05 00:21:04 Moving is finished
08.05 00:22:41 Scanning 208 point from 1170
08.05 00:22:41 Going to coordinates X=-23.298, Y=-39.185
08.05 00:22:41 Moving is finished
08.05 00:24:18 Scanning 209 point from 1170
08.05 00:24:18 Going to coordinates X=-23.248, Y=-39.185
08.05 00:24:18 Moving is finished
08.05 00:25:55 Scanning 210 point from 1170
08.05 00:25:55 Going to coordinates X=-24.698, Y=-39.135
08.05 00:25:56 Moving is finished
08.05 00:27:33 Scanning 211 point from 1170
08.05 00:27:33 Going to coordinates X=-24.648, Y=-39.135
08.05 00:27:33 Moving is finished
08.05 00:29:10 Scanning 212 point from 1170
08.05 00:29:10 Going to coordinates X=-24.598, Y=-39.135
08.05 00:29:10 Moving is finished
08.05 00:30:46 Scanning 213 point from 1170
08.05 00:30:46 Going to coordinates X=-24.548, Y=-39.135
08.05 00:30:47 Moving is finished
08.05 00:32:23 Scanning 214 point from 1170
08.05 00:32:23 Going to coordinates X=-24.498, Y=-39.135
08.05 00:32:24 Moving is finished
08.05 00:34:00 Scanning 215 point from 1170
08.05 00:34:00 Going to coordinates X=-24.448, Y=-39.135
08.05 00:34:00 Moving is finished
08.05 00:35:37 Scanning 216 point from 1170
08.05 00:35:37 Going to coordinates X=-24.398, Y=-39.135
08.05 00:35:37 Moving is finished
08.05 00:37:15 Scanning 217 point from 1170
08.05 00:37:15 Going to coordinates X=-24.348, Y=-39.135
08.05 00:37:15 Moving is finished
08.05 00:38:52 Scanning 218 point from 1170
08.05 00:38:52 Going to coordinates X=-24.298, Y=-39.135
08.05 00:38:52 Moving is finished
08.05 00:40:29 Scanning 219 point from 1170
08.05 00:40:29 Going to coordinates X=-24.248, Y=-39.135
08.05 00:40:29 Moving is finished
08.05 00:42:07 Scanning 220 point from 1170
08.05 00:42:07 Going to coordinates X=-24.198, Y=-39.135
08.05 00:42:07 Moving is finished
08.05 00:43:44 Scanning 221 point from 1170
08.05 00:43:44 Going to coordinates X=-24.148, Y=-39.135
08.05 00:43:44 Moving is finished
08.05 00:45:20 Scanning 222 point from 1170
08.05 00:45:20 Going to coordinates X=-24.098, Y=-39.135
08.05 00:45:21 Moving is finished
08.05 00:46:58 Scanning 223 point from 1170
08.05 00:46:58 Going to coordinates X=-24.048, Y=-39.135
08.05 00:46:58 Moving is finished
08.05 00:48:35 Scanning 224 point from 1170
08.05 00:48:35 Going to coordinates X=-23.998, Y=-39.135
08.05 00:48:35 Moving is finished
08.05 00:50:12 Scanning 225 point from 1170
08.05 00:50:12 Going to coordinates X=-23.948, Y=-39.135
08.05 00:50:12 Moving is finished
08.05 00:51:50 Scanning 226 point from 1170
08.05 00:51:50 Going to coordinates X=-23.898, Y=-39.135
08.05 00:51:50 Moving is finished
08.05 00:53:27 Scanning 227 point from 1170
08.05 00:53:27 Going to coordinates X=-23.848, Y=-39.135
08.05 00:53:27 Moving is finished
08.05 00:55:04 Scanning 228 point from 1170
08.05 00:55:04 Going to coordinates X=-23.798, Y=-39.135
08.05 00:55:04 Moving is finished
08.05 00:56:41 Scanning 229 point from 1170
08.05 00:56:41 Going to coordinates X=-23.748, Y=-39.135
08.05 00:56:41 Moving is finished
08.05 00:58:18 Scanning 230 point from 1170
08.05 00:58:18 Going to coordinates X=-23.698, Y=-39.135
08.05 00:58:18 Moving is finished
08.05 00:59:55 Scanning 231 point from 1170
08.05 00:59:55 Going to coordinates X=-23.648, Y=-39.135
08.05 00:59:55 Moving is finished
08.05 01:01:31 Scanning 232 point from 1170
08.05 01:01:31 Going to coordinates X=-23.598, Y=-39.135
08.05 01:01:32 Moving is finished
08.05 01:03:08 Scanning 233 point from 1170
08.05 01:03:08 Going to coordinates X=-23.548, Y=-39.135
08.05 01:03:08 Moving is finished
08.05 01:04:45 Scanning 234 point from 1170
08.05 01:04:45 Going to coordinates X=-23.498, Y=-39.135
08.05 01:04:45 Moving is finished
08.05 01:06:22 Scanning 235 point from 1170
08.05 01:06:22 Going to coordinates X=-23.448, Y=-39.135
08.05 01:06:22 Moving is finished
08.05 01:07:59 Scanning 236 point from 1170
08.05 01:07:59 Going to coordinates X=-23.398, Y=-39.135
08.05 01:07:59 Moving is finished
08.05 01:09:35 Scanning 237 point from 1170
08.05 01:09:35 Going to coordinates X=-23.348, Y=-39.135
08.05 01:09:35 Moving is finished
08.05 01:11:12 Scanning 238 point from 1170
08.05 01:11:12 Going to coordinates X=-23.298, Y=-39.135
08.05 01:11:12 Moving is finished
08.05 01:12:49 Scanning 239 point from 1170
08.05 01:12:49 Going to coordinates X=-23.248, Y=-39.135
08.05 01:12:49 Moving is finished
08.05 01:14:27 Scanning 240 point from 1170
08.05 01:14:27 Going to coordinates X=-24.698, Y=-39.085
08.05 01:14:27 Moving is finished
08.05 01:16:05 Scanning 241 point from 1170
08.05 01:16:05 Going to coordinates X=-24.648, Y=-39.085
08.05 01:16:05 Moving is finished
08.05 01:17:43 Scanning 242 point from 1170
08.05 01:17:43 Going to coordinates X=-24.598, Y=-39.085
08.05 01:17:43 Moving is finished
08.05 01:19:20 Scanning 243 point from 1170
08.05 01:19:20 Going to coordinates X=-24.548, Y=-39.085
08.05 01:19:20 Moving is finished
08.05 01:20:56 Scanning 244 point from 1170
08.05 01:20:56 Going to coordinates X=-24.498, Y=-39.085
08.05 01:20:56 Moving is finished
08.05 01:22:33 Scanning 245 point from 1170
08.05 01:22:33 Going to coordinates X=-24.448, Y=-39.085
08.05 01:22:33 Moving is finished
08.05 01:24:09 Scanning 246 point from 1170
08.05 01:24:09 Going to coordinates X=-24.398, Y=-39.085
08.05 01:24:10 Moving is finished
08.05 01:25:47 Scanning 247 point from 1170
08.05 01:25:47 Going to coordinates X=-24.348, Y=-39.085
08.05 01:25:47 Moving is finished
08.05 01:27:23 Scanning 248 point from 1170
08.05 01:27:23 Going to coordinates X=-24.298, Y=-39.085
08.05 01:27:24 Moving is finished
08.05 01:29:01 Scanning 249 point from 1170
08.05 01:29:01 Going to coordinates X=-24.248, Y=-39.085
08.05 01:29:01 Moving is finished
08.05 01:30:38 Scanning 250 point from 1170
08.05 01:30:38 Going to coordinates X=-24.198, Y=-39.085
08.05 01:30:38 Moving is finished
08.05 01:32:15 Scanning 251 point from 1170
08.05 01:32:15 Going to coordinates X=-24.148, Y=-39.085
08.05 01:32:15 Moving is finished
08.05 01:33:51 Scanning 252 point from 1170
08.05 01:33:51 Going to coordinates X=-24.098, Y=-39.085
08.05 01:33:51 Moving is finished
08.05 01:35:28 Scanning 253 point from 1170
08.05 01:35:28 Going to coordinates X=-24.048, Y=-39.085
08.05 01:35:28 Moving is finished
08.05 01:37:05 Scanning 254 point from 1170
08.05 01:37:05 Going to coordinates X=-23.998, Y=-39.085
08.05 01:37:05 Moving is finished
08.05 01:38:42 Scanning 255 point from 1170
08.05 01:38:42 Going to coordinates X=-23.948, Y=-39.085
08.05 01:38:42 Moving is finished
08.05 01:40:19 Scanning 256 point from 1170
08.05 01:40:19 Going to coordinates X=-23.898, Y=-39.085
08.05 01:40:19 Moving is finished
08.05 01:41:55 Scanning 257 point from 1170
08.05 01:41:55 Going to coordinates X=-23.848, Y=-39.085
08.05 01:41:56 Moving is finished
08.05 01:43:32 Scanning 258 point from 1170
08.05 01:43:32 Going to coordinates X=-23.798, Y=-39.085
08.05 01:43:32 Moving is finished
08.05 01:45:09 Scanning 259 point from 1170
08.05 01:45:09 Going to coordinates X=-23.748, Y=-39.085
08.05 01:45:09 Moving is finished
08.05 01:46:46 Scanning 260 point from 1170
08.05 01:46:46 Going to coordinates X=-23.698, Y=-39.085
08.05 01:46:46 Moving is finished
08.05 01:48:23 Scanning 261 point from 1170
08.05 01:48:23 Going to coordinates X=-23.648, Y=-39.085
08.05 01:48:23 Moving is finished
08.05 01:49:59 Scanning 262 point from 1170
08.05 01:49:59 Going to coordinates X=-23.598, Y=-39.085
08.05 01:50:00 Moving is finished
08.05 01:51:37 Scanning 263 point from 1170
08.05 01:51:37 Going to coordinates X=-23.548, Y=-39.085
08.05 01:51:37 Moving is finished
08.05 01:53:14 Scanning 264 point from 1170
08.05 01:53:14 Going to coordinates X=-23.498, Y=-39.085
08.05 01:53:14 Moving is finished
08.05 01:54:51 Scanning 265 point from 1170
08.05 01:54:51 Going to coordinates X=-23.448, Y=-39.085
08.05 01:54:51 Moving is finished
08.05 01:56:28 Scanning 266 point from 1170
08.05 01:56:28 Going to coordinates X=-23.398, Y=-39.085
08.05 01:56:28 Moving is finished
08.05 01:58:05 Scanning 267 point from 1170
08.05 01:58:05 Going to coordinates X=-23.348, Y=-39.085
08.05 01:58:05 Moving is finished
08.05 01:59:42 Scanning 268 point from 1170
08.05 01:59:42 Going to coordinates X=-23.298, Y=-39.085
08.05 01:59:42 Moving is finished
08.05 02:01:18 Scanning 269 point from 1170
08.05 02:01:18 Going to coordinates X=-23.248, Y=-39.085
08.05 02:01:19 Moving is finished
08.05 02:02:56 Scanning 270 point from 1170
08.05 02:02:56 Going to coordinates X=-24.698, Y=-39.035
08.05 02:02:56 Moving is finished
08.05 02:04:33 Scanning 271 point from 1170
08.05 02:04:33 Going to coordinates X=-24.648, Y=-39.035
08.05 02:04:33 Moving is finished
08.05 02:06:10 Scanning 272 point from 1170
08.05 02:06:10 Going to coordinates X=-24.598, Y=-39.035
08.05 02:06:10 Moving is finished
08.05 02:07:47 Scanning 273 point from 1170
08.05 02:07:47 Going to coordinates X=-24.548, Y=-39.035
08.05 02:07:48 Moving is finished
08.05 02:09:24 Scanning 274 point from 1170
08.05 02:09:24 Going to coordinates X=-24.498, Y=-39.035
08.05 02:09:25 Moving is finished
08.05 02:11:01 Scanning 275 point from 1170
08.05 02:11:01 Going to coordinates X=-24.448, Y=-39.035
08.05 02:11:01 Moving is finished
08.05 02:12:38 Scanning 276 point from 1170
08.05 02:12:38 Going to coordinates X=-24.398, Y=-39.035
08.05 02:12:38 Moving is finished
08.05 02:14:15 Scanning 277 point from 1170
08.05 02:14:15 Going to coordinates X=-24.348, Y=-39.035
08.05 02:14:15 Moving is finished
08.05 02:15:52 Scanning 278 point from 1170
08.05 02:15:52 Going to coordinates X=-24.298, Y=-39.035
08.05 02:15:52 Moving is finished
08.05 02:17:29 Scanning 279 point from 1170
08.05 02:17:29 Going to coordinates X=-24.248, Y=-39.035
08.05 02:17:29 Moving is finished
08.05 02:19:06 Scanning 280 point from 1170
08.05 02:19:06 Going to coordinates X=-24.198, Y=-39.035
08.05 02:19:06 Moving is finished
08.05 02:20:42 Scanning 281 point from 1170
08.05 02:20:42 Going to coordinates X=-24.148, Y=-39.035
08.05 02:20:43 Moving is finished
08.05 02:22:20 Scanning 282 point from 1170
08.05 02:22:20 Going to coordinates X=-24.098, Y=-39.035
08.05 02:22:20 Moving is finished
08.05 02:23:57 Scanning 283 point from 1170
08.05 02:23:57 Going to coordinates X=-24.048, Y=-39.035
08.05 02:23:57 Moving is finished
08.05 02:25:34 Scanning 284 point from 1170
08.05 02:25:34 Going to coordinates X=-23.998, Y=-39.035
08.05 02:25:34 Moving is finished
08.05 02:27:11 Scanning 285 point from 1170
08.05 02:27:11 Going to coordinates X=-23.948, Y=-39.035
08.05 02:27:11 Moving is finished
08.05 02:28:48 Scanning 286 point from 1170
08.05 02:28:48 Going to coordinates X=-23.898, Y=-39.035
08.05 02:28:49 Moving is finished
08.05 02:30:25 Scanning 287 point from 1170
08.05 02:30:25 Going to coordinates X=-23.848, Y=-39.035
08.05 02:30:25 Moving is finished
08.05 02:32:02 Scanning 288 point from 1170
08.05 02:32:02 Going to coordinates X=-23.798, Y=-39.035
08.05 02:32:03 Moving is finished
08.05 02:33:40 Scanning 289 point from 1170
08.05 02:33:40 Going to coordinates X=-23.748, Y=-39.035
08.05 02:33:40 Moving is finished
08.05 02:35:17 Scanning 290 point from 1170
08.05 02:35:17 Going to coordinates X=-23.698, Y=-39.035
08.05 02:35:17 Moving is finished
08.05 02:36:53 Scanning 291 point from 1170
08.05 02:36:53 Going to coordinates X=-23.648, Y=-39.035
08.05 02:36:53 Moving is finished
08.05 02:38:30 Scanning 292 point from 1170
08.05 02:38:30 Going to coordinates X=-23.598, Y=-39.035
08.05 02:38:31 Moving is finished
08.05 02:40:07 Scanning 293 point from 1170
08.05 02:40:07 Going to coordinates X=-23.548, Y=-39.035
08.05 02:40:07 Moving is finished
08.05 02:41:44 Scanning 294 point from 1170
08.05 02:41:44 Going to coordinates X=-23.498, Y=-39.035
08.05 02:41:45 Moving is finished
08.05 02:43:21 Scanning 295 point from 1170
08.05 02:43:21 Going to coordinates X=-23.448, Y=-39.035
08.05 02:43:21 Moving is finished
08.05 02:44:58 Scanning 296 point from 1170
08.05 02:44:58 Going to coordinates X=-23.398, Y=-39.035
08.05 02:44:58 Moving is finished
08.05 02:46:35 Scanning 297 point from 1170
08.05 02:46:35 Going to coordinates X=-23.348, Y=-39.035
08.05 02:46:35 Moving is finished
08.05 02:48:11 Scanning 298 point from 1170
08.05 02:48:11 Going to coordinates X=-23.298, Y=-39.035
08.05 02:48:12 Moving is finished
08.05 02:49:48 Scanning 299 point from 1170
08.05 02:49:48 Going to coordinates X=-23.248, Y=-39.035
08.05 02:49:48 Moving is finished
08.05 02:51:25 Scanning 300 point from 1170
08.05 02:51:25 Going to coordinates X=-24.698, Y=-38.985
08.05 02:51:26 Moving is finished
08.05 02:53:03 Scanning 301 point from 1170
08.05 02:53:03 Going to coordinates X=-24.648, Y=-38.985
08.05 02:53:03 Moving is finished
08.05 02:54:39 Scanning 302 point from 1170
08.05 02:54:39 Going to coordinates X=-24.598, Y=-38.985
08.05 02:54:39 Moving is finished
08.05 02:56:17 Scanning 303 point from 1170
08.05 02:56:17 Going to coordinates X=-24.548, Y=-38.985
08.05 02:56:17 Moving is finished
08.05 02:57:54 Scanning 304 point from 1170
08.05 02:57:54 Going to coordinates X=-24.498, Y=-38.985
08.05 02:57:54 Moving is finished
08.05 02:59:31 Scanning 305 point from 1170
08.05 02:59:31 Going to coordinates X=-24.448, Y=-38.985
08.05 02:59:31 Moving is finished
08.05 03:01:08 Scanning 306 point from 1170
08.05 03:01:08 Going to coordinates X=-24.398, Y=-38.985
08.05 03:01:08 Moving is finished
08.05 03:02:46 Scanning 307 point from 1170
08.05 03:02:46 Going to coordinates X=-24.348, Y=-38.985
08.05 03:02:46 Moving is finished
08.05 03:04:23 Scanning 308 point from 1170
08.05 03:04:23 Going to coordinates X=-24.298, Y=-38.985
08.05 03:04:23 Moving is finished
08.05 03:06:00 Scanning 309 point from 1170
08.05 03:06:00 Going to coordinates X=-24.248, Y=-38.985
08.05 03:06:00 Moving is finished
08.05 03:07:37 Scanning 310 point from 1170
08.05 03:07:37 Going to coordinates X=-24.198, Y=-38.985
08.05 03:07:37 Moving is finished
08.05 03:09:14 Scanning 311 point from 1170
08.05 03:09:14 Going to coordinates X=-24.148, Y=-38.985
08.05 03:09:14 Moving is finished
08.05 03:10:51 Scanning 312 point from 1170
08.05 03:10:51 Going to coordinates X=-24.098, Y=-38.985
08.05 03:10:51 Moving is finished
08.05 03:12:27 Scanning 313 point from 1170
08.05 03:12:27 Going to coordinates X=-24.048, Y=-38.985
08.05 03:12:28 Moving is finished
08.05 03:14:05 Scanning 314 point from 1170
08.05 03:14:05 Going to coordinates X=-23.998, Y=-38.985
08.05 03:14:05 Moving is finished
08.05 03:15:41 Scanning 315 point from 1170
08.05 03:15:41 Going to coordinates X=-23.948, Y=-38.985
08.05 03:15:42 Moving is finished
08.05 03:17:19 Scanning 316 point from 1170
08.05 03:17:19 Going to coordinates X=-23.898, Y=-38.985
08.05 03:17:19 Moving is finished
08.05 03:18:55 Scanning 317 point from 1170
08.05 03:18:55 Going to coordinates X=-23.848, Y=-38.985
08.05 03:18:56 Moving is finished
08.05 03:20:32 Scanning 318 point from 1170
08.05 03:20:32 Going to coordinates X=-23.798, Y=-38.985
08.05 03:20:32 Moving is finished
08.05 03:22:09 Scanning 319 point from 1170
08.05 03:22:09 Going to coordinates X=-23.748, Y=-38.985
08.05 03:22:09 Moving is finished
08.05 03:23:46 Scanning 320 point from 1170
08.05 03:23:46 Going to coordinates X=-23.698, Y=-38.985
08.05 03:23:46 Moving is finished
08.05 03:25:23 Scanning 321 point from 1170
08.05 03:25:23 Going to coordinates X=-23.648, Y=-38.985
08.05 03:25:23 Moving is finished
08.05 03:27:00 Scanning 322 point from 1170
08.05 03:27:00 Going to coordinates X=-23.598, Y=-38.985
08.05 03:27:00 Moving is finished
08.05 03:28:37 Scanning 323 point from 1170
08.05 03:28:37 Going to coordinates X=-23.548, Y=-38.985
08.05 03:28:37 Moving is finished
08.05 03:30:13 Scanning 324 point from 1170
08.05 03:30:13 Going to coordinates X=-23.498, Y=-38.985
08.05 03:30:14 Moving is finished
08.05 03:31:50 Scanning 325 point from 1170
08.05 03:31:50 Going to coordinates X=-23.448, Y=-38.985
08.05 03:31:51 Moving is finished
08.05 03:33:28 Scanning 326 point from 1170
08.05 03:33:28 Going to coordinates X=-23.398, Y=-38.985
08.05 03:33:28 Moving is finished
08.05 03:35:05 Scanning 327 point from 1170
08.05 03:35:05 Going to coordinates X=-23.348, Y=-38.985
08.05 03:35:05 Moving is finished
08.05 03:36:43 Scanning 328 point from 1170
08.05 03:36:43 Going to coordinates X=-23.298, Y=-38.985
08.05 03:36:43 Moving is finished
08.05 03:38:20 Scanning 329 point from 1170
08.05 03:38:20 Going to coordinates X=-23.248, Y=-38.985
08.05 03:38:20 Moving is finished
08.05 03:39:57 Scanning 330 point from 1170
08.05 03:39:57 Going to coordinates X=-24.698, Y=-38.935
08.05 03:39:58 Moving is finished
08.05 03:41:34 Scanning 331 point from 1170
08.05 03:41:34 Going to coordinates X=-24.648, Y=-38.935
08.05 03:41:34 Moving is finished
08.05 03:43:11 Scanning 332 point from 1170
08.05 03:43:11 Going to coordinates X=-24.598, Y=-38.935
08.05 03:43:11 Moving is finished
08.05 03:44:48 Scanning 333 point from 1170
08.05 03:44:48 Going to coordinates X=-24.548, Y=-38.935
08.05 03:44:48 Moving is finished
08.05 03:46:25 Scanning 334 point from 1170
08.05 03:46:25 Going to coordinates X=-24.498, Y=-38.935
08.05 03:46:25 Moving is finished
08.05 03:48:02 Scanning 335 point from 1170
08.05 03:48:02 Going to coordinates X=-24.448, Y=-38.935
08.05 03:48:02 Moving is finished
08.05 03:49:39 Scanning 336 point from 1170
08.05 03:49:39 Going to coordinates X=-24.398, Y=-38.935
08.05 03:49:39 Moving is finished
08.05 03:51:16 Scanning 337 point from 1170
08.05 03:51:16 Going to coordinates X=-24.348, Y=-38.935
08.05 03:51:17 Moving is finished
08.05 03:52:54 Scanning 338 point from 1170
08.05 03:52:54 Going to coordinates X=-24.298, Y=-38.935
08.05 03:52:54 Moving is finished
08.05 03:54:30 Scanning 339 point from 1170
08.05 03:54:30 Going to coordinates X=-24.248, Y=-38.935
08.05 03:54:30 Moving is finished
08.05 03:56:07 Scanning 340 point from 1170
08.05 03:56:07 Going to coordinates X=-24.198, Y=-38.935
08.05 03:56:07 Moving is finished
08.05 03:57:44 Scanning 341 point from 1170
08.05 03:57:44 Going to coordinates X=-24.148, Y=-38.935
08.05 03:57:44 Moving is finished
08.05 03:59:21 Scanning 342 point from 1170
08.05 03:59:21 Going to coordinates X=-24.098, Y=-38.935
08.05 03:59:21 Moving is finished
08.05 04:00:58 Scanning 343 point from 1170
08.05 04:00:58 Going to coordinates X=-24.048, Y=-38.935
08.05 04:00:58 Moving is finished
08.05 04:02:34 Scanning 344 point from 1170
08.05 04:02:34 Going to coordinates X=-23.998, Y=-38.935
08.05 04:02:35 Moving is finished
08.05 04:04:11 Scanning 345 point from 1170
08.05 04:04:11 Going to coordinates X=-23.948, Y=-38.935
08.05 04:04:11 Moving is finished
08.05 04:05:48 Scanning 346 point from 1170
08.05 04:05:48 Going to coordinates X=-23.898, Y=-38.935
08.05 04:05:48 Moving is finished
08.05 04:07:25 Scanning 347 point from 1170
08.05 04:07:25 Going to coordinates X=-23.848, Y=-38.935
08.05 04:07:25 Moving is finished
08.05 04:09:02 Scanning 348 point from 1170
08.05 04:09:02 Going to coordinates X=-23.798, Y=-38.935
08.05 04:09:02 Moving is finished
08.05 04:10:40 Scanning 349 point from 1170
08.05 04:10:40 Going to coordinates X=-23.748, Y=-38.935
08.05 04:10:40 Moving is finished
08.05 04:12:17 Scanning 350 point from 1170
08.05 04:12:17 Going to coordinates X=-23.698, Y=-38.935
08.05 04:12:17 Moving is finished
08.05 04:13:54 Scanning 351 point from 1170
08.05 04:13:54 Going to coordinates X=-23.648, Y=-38.935
08.05 04:13:54 Moving is finished
08.05 04:15:30 Scanning 352 point from 1170
08.05 04:15:30 Going to coordinates X=-23.598, Y=-38.935
08.05 04:15:30 Moving is finished
08.05 04:17:07 Scanning 353 point from 1170
08.05 04:17:07 Going to coordinates X=-23.548, Y=-38.935
08.05 04:17:08 Moving is finished
08.05 04:18:44 Scanning 354 point from 1170
08.05 04:18:44 Going to coordinates X=-23.498, Y=-38.935
08.05 04:18:45 Moving is finished
08.05 04:20:21 Scanning 355 point from 1170
08.05 04:20:21 Going to coordinates X=-23.448, Y=-38.935
08.05 04:20:22 Moving is finished
08.05 04:21:59 Scanning 356 point from 1170
08.05 04:21:59 Going to coordinates X=-23.398, Y=-38.935
08.05 04:21:59 Moving is finished
08.05 04:23:36 Scanning 357 point from 1170
08.05 04:23:36 Going to coordinates X=-23.348, Y=-38.935
08.05 04:23:36 Moving is finished
08.05 04:25:12 Scanning 358 point from 1170
08.05 04:25:12 Going to coordinates X=-23.298, Y=-38.935
08.05 04:25:13 Moving is finished
08.05 04:26:49 Scanning 359 point from 1170
08.05 04:26:49 Going to coordinates X=-23.248, Y=-38.935
08.05 04:26:49 Moving is finished
08.05 04:28:26 Scanning 360 point from 1170
08.05 04:28:26 Going to coordinates X=-24.698, Y=-38.885
08.05 04:28:27 Moving is finished
08.05 04:30:04 Scanning 361 point from 1170
08.05 04:30:04 Going to coordinates X=-24.648, Y=-38.885
08.05 04:30:04 Moving is finished
08.05 04:31:41 Scanning 362 point from 1170
08.05 04:31:41 Going to coordinates X=-24.598, Y=-38.885
08.05 04:31:41 Moving is finished
08.05 04:33:18 Scanning 363 point from 1170
08.05 04:33:18 Going to coordinates X=-24.548, Y=-38.885
08.05 04:33:18 Moving is finished
08.05 04:34:55 Scanning 364 point from 1170
08.05 04:34:55 Going to coordinates X=-24.498, Y=-38.885
08.05 04:34:56 Moving is finished
08.05 04:36:33 Scanning 365 point from 1170
08.05 04:36:33 Going to coordinates X=-24.448, Y=-38.885
08.05 04:36:33 Moving is finished
08.05 04:38:10 Scanning 366 point from 1170
08.05 04:38:10 Going to coordinates X=-24.398, Y=-38.885
08.05 04:38:10 Moving is finished
08.05 04:39:47 Scanning 367 point from 1170
08.05 04:39:47 Going to coordinates X=-24.348, Y=-38.885
08.05 04:39:47 Moving is finished
08.05 04:41:24 Scanning 368 point from 1170
08.05 04:41:24 Going to coordinates X=-24.298, Y=-38.885
08.05 04:41:24 Moving is finished
08.05 04:43:00 Scanning 369 point from 1170
08.05 04:43:00 Going to coordinates X=-24.248, Y=-38.885
08.05 04:43:00 Moving is finished
08.05 04:44:38 Scanning 370 point from 1170
08.05 04:44:38 Going to coordinates X=-24.198, Y=-38.885
08.05 04:44:38 Moving is finished
08.05 04:46:14 Scanning 371 point from 1170
08.05 04:46:14 Going to coordinates X=-24.148, Y=-38.885
08.05 04:46:14 Moving is finished
08.05 04:47:52 Scanning 372 point from 1170
08.05 04:47:52 Going to coordinates X=-24.098, Y=-38.885
08.05 04:47:52 Moving is finished
08.05 04:49:29 Scanning 373 point from 1170
08.05 04:49:29 Going to coordinates X=-24.048, Y=-38.885
08.05 04:49:29 Moving is finished
08.05 04:51:06 Scanning 374 point from 1170
08.05 04:51:06 Going to coordinates X=-23.998, Y=-38.885
08.05 04:51:07 Moving is finished
08.05 04:52:44 Scanning 375 point from 1170
08.05 04:52:44 Going to coordinates X=-23.948, Y=-38.885
08.05 04:52:44 Moving is finished
08.05 04:54:21 Scanning 376 point from 1170
08.05 04:54:21 Going to coordinates X=-23.898, Y=-38.885
08.05 04:54:21 Moving is finished
08.05 04:55:57 Scanning 377 point from 1170
08.05 04:55:57 Going to coordinates X=-23.848, Y=-38.885
08.05 04:55:58 Moving is finished
08.05 04:57:34 Scanning 378 point from 1170
08.05 04:57:34 Going to coordinates X=-23.798, Y=-38.885
08.05 04:57:34 Moving is finished
08.05 04:59:11 Scanning 379 point from 1170
08.05 04:59:11 Going to coordinates X=-23.748, Y=-38.885
08.05 04:59:12 Moving is finished
08.05 05:00:49 Scanning 380 point from 1170
08.05 05:00:49 Going to coordinates X=-23.698, Y=-38.885
08.05 05:00:49 Moving is finished
08.05 05:02:26 Scanning 381 point from 1170
08.05 05:02:26 Going to coordinates X=-23.648, Y=-38.885
08.05 05:02:27 Moving is finished
08.05 05:04:03 Scanning 382 point from 1170
08.05 05:04:03 Going to coordinates X=-23.598, Y=-38.885
08.05 05:04:04 Moving is finished
08.05 05:05:40 Scanning 383 point from 1170
08.05 05:05:40 Going to coordinates X=-23.548, Y=-38.885
08.05 05:05:41 Moving is finished
08.05 05:07:18 Scanning 384 point from 1170
08.05 05:07:18 Going to coordinates X=-23.498, Y=-38.885
08.05 05:07:18 Moving is finished
08.05 05:08:55 Scanning 385 point from 1170
08.05 05:08:55 Going to coordinates X=-23.448, Y=-38.885
08.05 05:08:55 Moving is finished
08.05 05:10:32 Scanning 386 point from 1170
08.05 05:10:32 Going to coordinates X=-23.398, Y=-38.885
08.05 05:10:32 Moving is finished
08.05 05:12:08 Scanning 387 point from 1170
08.05 05:12:08 Going to coordinates X=-23.348, Y=-38.885
08.05 05:12:09 Moving is finished
08.05 05:13:46 Scanning 388 point from 1170
08.05 05:13:46 Going to coordinates X=-23.298, Y=-38.885
08.05 05:13:46 Moving is finished
08.05 05:15:23 Scanning 389 point from 1170
08.05 05:15:23 Going to coordinates X=-23.248, Y=-38.885
08.05 05:15:23 Moving is finished
08.05 05:17:00 Scanning 390 point from 1170
08.05 05:17:00 Going to coordinates X=-24.698, Y=-38.835
08.05 05:17:00 Moving is finished
08.05 05:18:37 Scanning 391 point from 1170
08.05 05:18:37 Going to coordinates X=-24.648, Y=-38.835
08.05 05:18:37 Moving is finished
08.05 05:20:14 Scanning 392 point from 1170
08.05 05:20:14 Going to coordinates X=-24.598, Y=-38.835
08.05 05:20:14 Moving is finished
08.05 05:21:51 Scanning 393 point from 1170
08.05 05:21:51 Going to coordinates X=-24.548, Y=-38.835
08.05 05:21:51 Moving is finished
08.05 05:23:28 Scanning 394 point from 1170
08.05 05:23:28 Going to coordinates X=-24.498, Y=-38.835
08.05 05:23:28 Moving is finished
08.05 05:25:06 Scanning 395 point from 1170
08.05 05:25:06 Going to coordinates X=-24.448, Y=-38.835
08.05 05:25:06 Moving is finished
08.05 05:26:42 Scanning 396 point from 1170
08.05 05:26:42 Going to coordinates X=-24.398, Y=-38.835
08.05 05:26:42 Moving is finished
08.05 05:28:19 Scanning 397 point from 1170
08.05 05:28:19 Going to coordinates X=-24.348, Y=-38.835
08.05 05:28:20 Moving is finished
08.05 05:29:56 Scanning 398 point from 1170
08.05 05:29:56 Going to coordinates X=-24.298, Y=-38.835
08.05 05:29:56 Moving is finished
08.05 05:31:33 Scanning 399 point from 1170
08.05 05:31:33 Going to coordinates X=-24.248, Y=-38.835
08.05 05:31:33 Moving is finished
08.05 05:33:10 Scanning 400 point from 1170
08.05 05:33:10 Going to coordinates X=-24.198, Y=-38.835
08.05 05:33:10 Moving is finished
08.05 05:34:47 Scanning 401 point from 1170
08.05 05:34:47 Going to coordinates X=-24.148, Y=-38.835
08.05 05:34:47 Moving is finished
08.05 05:36:24 Scanning 402 point from 1170
08.05 05:36:24 Going to coordinates X=-24.098, Y=-38.835
08.05 05:36:25 Moving is finished
08.05 05:38:01 Scanning 403 point from 1170
08.05 05:38:01 Going to coordinates X=-24.048, Y=-38.835
08.05 05:38:02 Moving is finished
08.05 05:39:38 Scanning 404 point from 1170
08.05 05:39:38 Going to coordinates X=-23.998, Y=-38.835
08.05 05:39:38 Moving is finished
08.05 05:41:15 Scanning 405 point from 1170
08.05 05:41:15 Going to coordinates X=-23.948, Y=-38.835
08.05 05:41:15 Moving is finished
08.05 05:42:52 Scanning 406 point from 1170
08.05 05:42:52 Going to coordinates X=-23.898, Y=-38.835
08.05 05:42:52 Moving is finished
08.05 05:44:30 Scanning 407 point from 1170
08.05 05:44:30 Going to coordinates X=-23.848, Y=-38.835
08.05 05:44:30 Moving is finished
08.05 05:46:07 Scanning 408 point from 1170
08.05 05:46:07 Going to coordinates X=-23.798, Y=-38.835
08.05 05:46:07 Moving is finished
08.05 05:47:44 Scanning 409 point from 1170
08.05 05:47:44 Going to coordinates X=-23.748, Y=-38.835
08.05 05:47:44 Moving is finished
08.05 05:49:21 Scanning 410 point from 1170
08.05 05:49:21 Going to coordinates X=-23.698, Y=-38.835
08.05 05:49:21 Moving is finished
08.05 05:50:58 Scanning 411 point from 1170
08.05 05:50:58 Going to coordinates X=-23.648, Y=-38.835
08.05 05:50:59 Moving is finished
08.05 05:52:36 Scanning 412 point from 1170
08.05 05:52:36 Going to coordinates X=-23.598, Y=-38.835
08.05 05:52:36 Moving is finished
08.05 05:54:12 Scanning 413 point from 1170
08.05 05:54:12 Going to coordinates X=-23.548, Y=-38.835
08.05 05:54:13 Moving is finished
08.05 05:55:49 Scanning 414 point from 1170
08.05 05:55:49 Going to coordinates X=-23.498, Y=-38.835
08.05 05:55:49 Moving is finished
08.05 05:57:26 Scanning 415 point from 1170
08.05 05:57:26 Going to coordinates X=-23.448, Y=-38.835
08.05 05:57:26 Moving is finished
08.05 05:59:03 Scanning 416 point from 1170
08.05 05:59:03 Going to coordinates X=-23.398, Y=-38.835
08.05 05:59:03 Moving is finished
08.05 06:00:40 Scanning 417 point from 1170
08.05 06:00:40 Going to coordinates X=-23.348, Y=-38.835
08.05 06:00:40 Moving is finished
08.05 06:02:17 Scanning 418 point from 1170
08.05 06:02:17 Going to coordinates X=-23.298, Y=-38.835
08.05 06:02:17 Moving is finished
08.05 06:03:54 Scanning 419 point from 1170
08.05 06:03:54 Going to coordinates X=-23.248, Y=-38.835
08.05 06:03:54 Moving is finished
08.05 06:05:31 Scanning 420 point from 1170
08.05 06:05:31 Going to coordinates X=-24.698, Y=-38.785
08.05 06:05:32 Moving is finished
08.05 06:07:08 Scanning 421 point from 1170
08.05 06:07:08 Going to coordinates X=-24.648, Y=-38.785
08.05 06:07:09 Moving is finished
08.05 06:08:45 Scanning 422 point from 1170
08.05 06:08:45 Going to coordinates X=-24.598, Y=-38.785
08.05 06:08:45 Moving is finished
08.05 06:10:22 Scanning 423 point from 1170
08.05 06:10:22 Going to coordinates X=-24.548, Y=-38.785
08.05 06:10:22 Moving is finished
08.05 06:11:59 Scanning 424 point from 1170
08.05 06:11:59 Going to coordinates X=-24.498, Y=-38.785
08.05 06:11:59 Moving is finished
08.05 06:13:36 Scanning 425 point from 1170
08.05 06:13:36 Going to coordinates X=-24.448, Y=-38.785
08.05 06:13:37 Moving is finished
08.05 06:15:13 Scanning 426 point from 1170
08.05 06:15:13 Going to coordinates X=-24.398, Y=-38.785
08.05 06:15:13 Moving is finished
08.05 06:16:49 Scanning 427 point from 1170
08.05 06:16:49 Going to coordinates X=-24.348, Y=-38.785
08.05 06:16:50 Moving is finished
08.05 06:18:26 Scanning 428 point from 1170
08.05 06:18:26 Going to coordinates X=-24.298, Y=-38.785
08.05 06:18:26 Moving is finished
08.05 06:20:03 Scanning 429 point from 1170
08.05 06:20:03 Going to coordinates X=-24.248, Y=-38.785
08.05 06:20:03 Moving is finished
08.05 06:21:40 Scanning 430 point from 1170
08.05 06:21:40 Going to coordinates X=-24.198, Y=-38.785
08.05 06:21:40 Moving is finished
08.05 06:23:17 Scanning 431 point from 1170
08.05 06:23:17 Going to coordinates X=-24.148, Y=-38.785
08.05 06:23:17 Moving is finished
08.05 06:24:54 Scanning 432 point from 1170
08.05 06:24:54 Going to coordinates X=-24.098, Y=-38.785
08.05 06:24:54 Moving is finished
08.05 06:26:31 Scanning 433 point from 1170
08.05 06:26:31 Going to coordinates X=-24.048, Y=-38.785
08.05 06:26:31 Moving is finished
08.05 06:28:08 Scanning 434 point from 1170
08.05 06:28:08 Going to coordinates X=-23.998, Y=-38.785
08.05 06:28:08 Moving is finished
08.05 06:29:44 Scanning 435 point from 1170
08.05 06:29:44 Going to coordinates X=-23.948, Y=-38.785
08.05 06:29:45 Moving is finished
08.05 06:31:21 Scanning 436 point from 1170
08.05 06:31:21 Going to coordinates X=-23.898, Y=-38.785
08.05 06:31:21 Moving is finished
08.05 06:32:57 Scanning 437 point from 1170
08.05 06:32:57 Going to coordinates X=-23.848, Y=-38.785
08.05 06:32:58 Moving is finished
08.05 06:34:34 Scanning 438 point from 1170
08.05 06:34:34 Going to coordinates X=-23.798, Y=-38.785
08.05 06:34:34 Moving is finished
08.05 06:36:11 Scanning 439 point from 1170
08.05 06:36:11 Going to coordinates X=-23.748, Y=-38.785
08.05 06:36:11 Moving is finished
08.05 06:37:48 Scanning 440 point from 1170
08.05 06:37:48 Going to coordinates X=-23.698, Y=-38.785
08.05 06:37:48 Moving is finished
08.05 06:39:26 Scanning 441 point from 1170
08.05 06:39:26 Going to coordinates X=-23.648, Y=-38.785
08.05 06:39:26 Moving is finished
08.05 06:41:03 Scanning 442 point from 1170
08.05 06:41:03 Going to coordinates X=-23.598, Y=-38.785
08.05 06:41:03 Moving is finished
08.05 06:42:40 Scanning 443 point from 1170
08.05 06:42:40 Going to coordinates X=-23.548, Y=-38.785
08.05 06:42:40 Moving is finished
08.05 06:44:17 Scanning 444 point from 1170
08.05 06:44:17 Going to coordinates X=-23.498, Y=-38.785
08.05 06:44:17 Moving is finished
08.05 06:45:54 Scanning 445 point from 1170
08.05 06:45:54 Going to coordinates X=-23.448, Y=-38.785
08.05 06:45:54 Moving is finished
08.05 06:47:31 Scanning 446 point from 1170
08.05 06:47:31 Going to coordinates X=-23.398, Y=-38.785
08.05 06:47:31 Moving is finished
08.05 06:49:08 Scanning 447 point from 1170
08.05 06:49:08 Going to coordinates X=-23.348, Y=-38.785
08.05 06:49:09 Moving is finished
08.05 06:50:45 Scanning 448 point from 1170
08.05 06:50:45 Going to coordinates X=-23.298, Y=-38.785
08.05 06:50:46 Moving is finished
08.05 06:52:22 Scanning 449 point from 1170
08.05 06:52:22 Going to coordinates X=-23.248, Y=-38.785
08.05 06:52:22 Moving is finished
08.05 06:54:00 Scanning 450 point from 1170
08.05 06:54:00 Going to coordinates X=-24.698, Y=-38.735
08.05 06:54:00 Moving is finished
08.05 06:55:37 Scanning 451 point from 1170
08.05 06:55:37 Going to coordinates X=-24.648, Y=-38.735
08.05 06:55:37 Moving is finished
08.05 06:57:14 Scanning 452 point from 1170
08.05 06:57:14 Going to coordinates X=-24.598, Y=-38.735
08.05 06:57:14 Moving is finished
08.05 06:58:51 Scanning 453 point from 1170
08.05 06:58:51 Going to coordinates X=-24.548, Y=-38.735
08.05 06:58:51 Moving is finished
08.05 07:00:28 Scanning 454 point from 1170
08.05 07:00:28 Going to coordinates X=-24.498, Y=-38.735
08.05 07:00:28 Moving is finished
08.05 07:02:05 Scanning 455 point from 1170
08.05 07:02:05 Going to coordinates X=-24.448, Y=-38.735
08.05 07:02:05 Moving is finished
08.05 07:03:42 Scanning 456 point from 1170
08.05 07:03:42 Going to coordinates X=-24.398, Y=-38.735
08.05 07:03:42 Moving is finished
08.05 07:05:18 Scanning 457 point from 1170
08.05 07:05:18 Going to coordinates X=-24.348, Y=-38.735
08.05 07:05:19 Moving is finished
08.05 07:06:56 Scanning 458 point from 1170
08.05 07:06:56 Going to coordinates X=-24.298, Y=-38.735
08.05 07:06:56 Moving is finished
08.05 07:08:33 Scanning 459 point from 1170
08.05 07:08:33 Going to coordinates X=-24.248, Y=-38.735
08.05 07:08:33 Moving is finished
08.05 07:10:10 Scanning 460 point from 1170
08.05 07:10:10 Going to coordinates X=-24.198, Y=-38.735
08.05 07:10:10 Moving is finished
08.05 07:11:46 Scanning 461 point from 1170
08.05 07:11:46 Going to coordinates X=-24.148, Y=-38.735
08.05 07:11:47 Moving is finished
08.05 07:13:23 Scanning 462 point from 1170
08.05 07:13:23 Going to coordinates X=-24.098, Y=-38.735
08.05 07:13:23 Moving is finished
08.05 07:14:59 Scanning 463 point from 1170
08.05 07:14:59 Going to coordinates X=-24.048, Y=-38.735
08.05 07:15:00 Moving is finished
08.05 07:16:36 Scanning 464 point from 1170
08.05 07:16:36 Going to coordinates X=-23.998, Y=-38.735
08.05 07:16:36 Moving is finished
08.05 07:18:13 Scanning 465 point from 1170
08.05 07:18:13 Going to coordinates X=-23.948, Y=-38.735
08.05 07:18:13 Moving is finished
08.05 07:19:50 Scanning 466 point from 1170
08.05 07:19:50 Going to coordinates X=-23.898, Y=-38.735
08.05 07:19:50 Moving is finished
08.05 07:21:28 Scanning 467 point from 1170
08.05 07:21:28 Going to coordinates X=-23.848, Y=-38.735
08.05 07:21:28 Moving is finished
08.05 07:23:05 Scanning 468 point from 1170
08.05 07:23:05 Going to coordinates X=-23.798, Y=-38.735
08.05 07:23:05 Moving is finished
08.05 07:24:42 Scanning 469 point from 1170
08.05 07:24:42 Going to coordinates X=-23.748, Y=-38.735
08.05 07:24:42 Moving is finished
08.05 07:26:18 Scanning 470 point from 1170
08.05 07:26:18 Going to coordinates X=-23.698, Y=-38.735
08.05 07:26:19 Moving is finished
08.05 07:27:55 Scanning 471 point from 1170
08.05 07:27:55 Going to coordinates X=-23.648, Y=-38.735
08.05 07:27:55 Moving is finished
08.05 07:29:31 Scanning 472 point from 1170
08.05 07:29:31 Going to coordinates X=-23.598, Y=-38.735
08.05 07:29:32 Moving is finished
08.05 07:31:08 Scanning 473 point from 1170
08.05 07:31:08 Going to coordinates X=-23.548, Y=-38.735
08.05 07:31:08 Moving is finished
08.05 07:32:45 Scanning 474 point from 1170
08.05 07:32:45 Going to coordinates X=-23.498, Y=-38.735
08.05 07:32:45 Moving is finished
08.05 07:34:22 Scanning 475 point from 1170
08.05 07:34:22 Going to coordinates X=-23.448, Y=-38.735
08.05 07:34:22 Moving is finished
08.05 07:35:59 Scanning 476 point from 1170
08.05 07:35:59 Going to coordinates X=-23.398, Y=-38.735
08.05 07:35:59 Moving is finished
08.05 07:37:37 Scanning 477 point from 1170
08.05 07:37:37 Going to coordinates X=-23.348, Y=-38.735
08.05 07:37:37 Moving is finished
08.05 07:39:14 Scanning 478 point from 1170
08.05 07:39:14 Going to coordinates X=-23.298, Y=-38.735
08.05 07:39:14 Moving is finished
08.05 07:40:51 Scanning 479 point from 1170
08.05 07:40:51 Going to coordinates X=-23.248, Y=-38.735
08.05 07:40:51 Moving is finished
08.05 07:42:28 Scanning 480 point from 1170
08.05 07:42:28 Going to coordinates X=-24.698, Y=-38.685
08.05 07:42:29 Moving is finished
08.05 07:44:06 Scanning 481 point from 1170
08.05 07:44:06 Going to coordinates X=-24.648, Y=-38.685
08.05 07:44:06 Moving is finished
08.05 07:45:42 Scanning 482 point from 1170
08.05 07:45:42 Going to coordinates X=-24.598, Y=-38.685
08.05 07:45:43 Moving is finished
08.05 07:47:19 Scanning 483 point from 1170
08.05 07:47:19 Going to coordinates X=-24.548, Y=-38.685
08.05 07:47:19 Moving is finished
08.05 07:48:56 Scanning 484 point from 1170
08.05 07:48:56 Going to coordinates X=-24.498, Y=-38.685
08.05 07:48:56 Moving is finished
08.05 07:50:32 Scanning 485 point from 1170
08.05 07:50:32 Going to coordinates X=-24.448, Y=-38.685
08.05 07:50:33 Moving is finished
08.05 07:52:09 Scanning 486 point from 1170
08.05 07:52:09 Going to coordinates X=-24.398, Y=-38.685
08.05 07:52:09 Moving is finished
08.05 07:53:46 Scanning 487 point from 1170
08.05 07:53:46 Going to coordinates X=-24.348, Y=-38.685
08.05 07:53:46 Moving is finished
08.05 07:55:23 Scanning 488 point from 1170
08.05 07:55:23 Going to coordinates X=-24.298, Y=-38.685
08.05 07:55:23 Moving is finished
08.05 07:57:00 Scanning 489 point from 1170
08.05 07:57:00 Going to coordinates X=-24.248, Y=-38.685
08.05 07:57:00 Moving is finished
08.05 07:58:37 Scanning 490 point from 1170
08.05 07:58:37 Going to coordinates X=-24.198, Y=-38.685
08.05 07:58:37 Moving is finished
08.05 08:00:14 Scanning 491 point from 1170
08.05 08:00:14 Going to coordinates X=-24.148, Y=-38.685
08.05 08:00:14 Moving is finished
08.05 08:01:51 Scanning 492 point from 1170
08.05 08:01:51 Going to coordinates X=-24.098, Y=-38.685
08.05 08:01:51 Moving is finished
08.05 08:03:28 Scanning 493 point from 1170
08.05 08:03:28 Going to coordinates X=-24.048, Y=-38.685
08.05 08:03:28 Moving is finished
08.05 08:05:05 Scanning 494 point from 1170
08.05 08:05:05 Going to coordinates X=-23.998, Y=-38.685
08.05 08:05:06 Moving is finished
08.05 08:06:42 Scanning 495 point from 1170
08.05 08:06:42 Going to coordinates X=-23.948, Y=-38.685
08.05 08:06:42 Moving is finished
08.05 08:08:19 Scanning 496 point from 1170
08.05 08:08:19 Going to coordinates X=-23.898, Y=-38.685
08.05 08:08:19 Moving is finished
08.05 08:09:56 Scanning 497 point from 1170
08.05 08:09:56 Going to coordinates X=-23.848, Y=-38.685
08.05 08:09:56 Moving is finished
08.05 08:11:33 Scanning 498 point from 1170
08.05 08:11:33 Going to coordinates X=-23.798, Y=-38.685
08.05 08:11:33 Moving is finished
08.05 08:13:10 Scanning 499 point from 1170
08.05 08:13:10 Going to coordinates X=-23.748, Y=-38.685
08.05 08:13:10 Moving is finished
08.05 08:14:47 Scanning 500 point from 1170
08.05 08:14:47 Going to coordinates X=-23.698, Y=-38.685
08.05 08:14:47 Moving is finished
08.05 08:16:24 Scanning 501 point from 1170
08.05 08:16:24 Going to coordinates X=-23.648, Y=-38.685
08.05 08:16:24 Moving is finished
08.05 08:18:01 Scanning 502 point from 1170
08.05 08:18:01 Going to coordinates X=-23.598, Y=-38.685
08.05 08:18:01 Moving is finished
08.05 08:19:38 Scanning 503 point from 1170
08.05 08:19:38 Going to coordinates X=-23.548, Y=-38.685
08.05 08:19:38 Moving is finished
08.05 08:21:15 Scanning 504 point from 1170
08.05 08:21:15 Going to coordinates X=-23.498, Y=-38.685
08.05 08:21:15 Moving is finished
08.05 08:22:52 Scanning 505 point from 1170
08.05 08:22:52 Going to coordinates X=-23.448, Y=-38.685
08.05 08:22:52 Moving is finished
08.05 08:24:29 Scanning 506 point from 1170
08.05 08:24:29 Going to coordinates X=-23.398, Y=-38.685
08.05 08:24:30 Moving is finished
08.05 08:26:07 Scanning 507 point from 1170
08.05 08:26:07 Going to coordinates X=-23.348, Y=-38.685
08.05 08:26:07 Moving is finished
08.05 08:27:44 Scanning 508 point from 1170
08.05 08:27:44 Going to coordinates X=-23.298, Y=-38.685
08.05 08:27:44 Moving is finished
08.05 08:29:21 Scanning 509 point from 1170
08.05 08:29:21 Going to coordinates X=-23.248, Y=-38.685
08.05 08:29:21 Moving is finished
08.05 08:30:58 Scanning 510 point from 1170
08.05 08:30:58 Going to coordinates X=-24.698, Y=-38.635
08.05 08:30:59 Moving is finished
08.05 08:32:36 Scanning 511 point from 1170
08.05 08:32:36 Going to coordinates X=-24.648, Y=-38.635
08.05 08:32:36 Moving is finished
08.05 08:34:12 Scanning 512 point from 1170
08.05 08:34:12 Going to coordinates X=-24.598, Y=-38.635
08.05 08:34:13 Moving is finished
08.05 08:35:49 Scanning 513 point from 1170
08.05 08:35:49 Going to coordinates X=-24.548, Y=-38.635
08.05 08:35:49 Moving is finished
08.05 08:37:26 Scanning 514 point from 1170
08.05 08:37:26 Going to coordinates X=-24.498, Y=-38.635
08.05 08:37:26 Moving is finished
08.05 08:39:02 Scanning 515 point from 1170
08.05 08:39:02 Going to coordinates X=-24.448, Y=-38.635
08.05 08:39:02 Moving is finished
08.05 08:40:39 Scanning 516 point from 1170
08.05 08:40:39 Going to coordinates X=-24.398, Y=-38.635
08.05 08:40:39 Moving is finished
08.05 08:42:17 Scanning 517 point from 1170
08.05 08:42:17 Going to coordinates X=-24.348, Y=-38.635
08.05 08:42:17 Moving is finished
08.05 08:43:54 Scanning 518 point from 1170
08.05 08:43:54 Going to coordinates X=-24.298, Y=-38.635
08.05 08:43:54 Moving is finished
08.05 08:45:32 Scanning 519 point from 1170
08.05 08:45:32 Going to coordinates X=-24.248, Y=-38.635
08.05 08:45:32 Moving is finished
08.05 08:47:08 Scanning 520 point from 1170
08.05 08:47:08 Going to coordinates X=-24.198, Y=-38.635
08.05 08:47:09 Moving is finished
08.05 08:48:45 Scanning 521 point from 1170
08.05 08:48:45 Going to coordinates X=-24.148, Y=-38.635
08.05 08:48:45 Moving is finished
08.05 08:50:22 Scanning 522 point from 1170
08.05 08:50:22 Going to coordinates X=-24.098, Y=-38.635
08.05 08:50:23 Moving is finished
08.05 08:52:00 Scanning 523 point from 1170
08.05 08:52:00 Going to coordinates X=-24.048, Y=-38.635
08.05 08:52:00 Moving is finished
08.05 08:53:37 Scanning 524 point from 1170
08.05 08:53:37 Going to coordinates X=-23.998, Y=-38.635
08.05 08:53:37 Moving is finished
08.05 08:55:14 Scanning 525 point from 1170
08.05 08:55:14 Going to coordinates X=-23.948, Y=-38.635
08.05 08:55:14 Moving is finished
08.05 08:56:50 Scanning 526 point from 1170
08.05 08:56:50 Going to coordinates X=-23.898, Y=-38.635
08.05 08:56:50 Moving is finished
08.05 08:58:27 Scanning 527 point from 1170
08.05 08:58:27 Going to coordinates X=-23.848, Y=-38.635
08.05 08:58:28 Moving is finished
08.05 09:00:04 Scanning 528 point from 1170
08.05 09:00:04 Going to coordinates X=-23.798, Y=-38.635
08.05 09:00:05 Moving is finished
08.05 09:01:41 Scanning 529 point from 1170
08.05 09:01:41 Going to coordinates X=-23.748, Y=-38.635
08.05 09:01:41 Moving is finished
08.05 09:03:18 Scanning 530 point from 1170
08.05 09:03:18 Going to coordinates X=-23.698, Y=-38.635
08.05 09:03:18 Moving is finished
08.05 09:04:55 Scanning 531 point from 1170
08.05 09:04:55 Going to coordinates X=-23.648, Y=-38.635
08.05 09:04:55 Moving is finished
08.05 09:06:31 Scanning 532 point from 1170
08.05 09:06:31 Going to coordinates X=-23.598, Y=-38.635
08.05 09:06:32 Moving is finished
08.05 09:08:08 Scanning 533 point from 1170
08.05 09:08:08 Going to coordinates X=-23.548, Y=-38.635
08.05 09:08:08 Moving is finished
08.05 09:09:45 Scanning 534 point from 1170
08.05 09:09:45 Going to coordinates X=-23.498, Y=-38.635
08.05 09:09:45 Moving is finished
08.05 09:11:22 Scanning 535 point from 1170
08.05 09:11:22 Going to coordinates X=-23.448, Y=-38.635
08.05 09:11:22 Moving is finished
08.05 09:12:59 Scanning 536 point from 1170
08.05 09:12:59 Going to coordinates X=-23.398, Y=-38.635
08.05 09:12:59 Moving is finished
08.05 09:14:36 Scanning 537 point from 1170
08.05 09:14:36 Going to coordinates X=-23.348, Y=-38.635
08.05 09:14:36 Moving is finished
08.05 09:16:13 Scanning 538 point from 1170
08.05 09:16:13 Going to coordinates X=-23.298, Y=-38.635
08.05 09:16:13 Moving is finished
08.05 09:17:50 Scanning 539 point from 1170
08.05 09:17:50 Going to coordinates X=-23.248, Y=-38.635
08.05 09:17:50 Moving is finished
08.05 09:19:26 Scanning 540 point from 1170
08.05 09:19:26 Going to coordinates X=-24.698, Y=-38.585
08.05 09:19:27 Moving is finished
08.05 09:21:04 Scanning 541 point from 1170
08.05 09:21:04 Going to coordinates X=-24.648, Y=-38.585
08.05 09:21:04 Moving is finished
08.05 09:22:41 Scanning 542 point from 1170
08.05 09:22:41 Going to coordinates X=-24.598, Y=-38.585
08.05 09:22:41 Moving is finished
08.05 09:24:18 Scanning 543 point from 1170
08.05 09:24:18 Going to coordinates X=-24.548, Y=-38.585
08.05 09:24:18 Moving is finished
08.05 09:25:55 Scanning 544 point from 1170
08.05 09:25:55 Going to coordinates X=-24.498, Y=-38.585
08.05 09:25:55 Moving is finished
08.05 09:27:32 Scanning 545 point from 1170
08.05 09:27:32 Going to coordinates X=-24.448, Y=-38.585
08.05 09:27:32 Moving is finished
08.05 09:29:09 Scanning 546 point from 1170
08.05 09:29:09 Going to coordinates X=-24.398, Y=-38.585
08.05 09:29:09 Moving is finished
08.05 09:30:46 Scanning 547 point from 1170
08.05 09:30:46 Going to coordinates X=-24.348, Y=-38.585
08.05 09:30:46 Moving is finished
08.05 09:32:22 Scanning 548 point from 1170
08.05 09:32:22 Going to coordinates X=-24.298, Y=-38.585
08.05 09:32:23 Moving is finished
08.05 09:34:00 Scanning 549 point from 1170
08.05 09:34:00 Going to coordinates X=-24.248, Y=-38.585
08.05 09:34:00 Moving is finished
08.05 09:35:37 Scanning 550 point from 1170
08.05 09:35:37 Going to coordinates X=-24.198, Y=-38.585
08.05 09:35:37 Moving is finished
08.05 09:37:13 Scanning 551 point from 1170
08.05 09:37:13 Going to coordinates X=-24.148, Y=-38.585
08.05 09:37:14 Moving is finished
08.05 09:38:51 Scanning 552 point from 1170
08.05 09:38:51 Going to coordinates X=-24.098, Y=-38.585
08.05 09:38:51 Moving is finished
08.05 09:40:28 Scanning 553 point from 1170
08.05 09:40:28 Going to coordinates X=-24.048, Y=-38.585
08.05 09:40:28 Moving is finished
08.05 09:42:05 Scanning 554 point from 1170
08.05 09:42:05 Going to coordinates X=-23.998, Y=-38.585
08.05 09:42:05 Moving is finished
08.05 09:43:42 Scanning 555 point from 1170
08.05 09:43:42 Going to coordinates X=-23.948, Y=-38.585
08.05 09:43:42 Moving is finished
08.05 09:45:19 Scanning 556 point from 1170
08.05 09:45:19 Going to coordinates X=-23.898, Y=-38.585
08.05 09:45:20 Moving is finished
08.05 09:46:56 Scanning 557 point from 1170
08.05 09:46:56 Going to coordinates X=-23.848, Y=-38.585
08.05 09:46:56 Moving is finished
08.05 09:48:33 Scanning 558 point from 1170
08.05 09:48:33 Going to coordinates X=-23.798, Y=-38.585
08.05 09:48:33 Moving is finished
08.05 09:50:10 Scanning 559 point from 1170
08.05 09:50:10 Going to coordinates X=-23.748, Y=-38.585
08.05 09:50:10 Moving is finished
08.05 09:51:46 Scanning 560 point from 1170
08.05 09:51:46 Going to coordinates X=-23.698, Y=-38.585
08.05 09:51:47 Moving is finished
08.05 09:53:23 Scanning 561 point from 1170
08.05 09:53:23 Going to coordinates X=-23.648, Y=-38.585
08.05 09:53:23 Moving is finished
08.05 09:55:00 Scanning 562 point from 1170
08.05 09:55:00 Going to coordinates X=-23.598, Y=-38.585
08.05 09:55:00 Moving is finished
08.05 09:56:37 Scanning 563 point from 1170
08.05 09:56:37 Going to coordinates X=-23.548, Y=-38.585
08.05 09:56:37 Moving is finished
08.05 09:58:14 Scanning 564 point from 1170
08.05 09:58:14 Going to coordinates X=-23.498, Y=-38.585
08.05 09:58:14 Moving is finished
08.05 09:59:51 Scanning 565 point from 1170
08.05 09:59:51 Going to coordinates X=-23.448, Y=-38.585
08.05 09:59:51 Moving is finished
08.05 10:01:28 Scanning 566 point from 1170
08.05 10:01:28 Going to coordinates X=-23.398, Y=-38.585
08.05 10:01:28 Moving is finished
08.05 10:03:05 Scanning 567 point from 1170
08.05 10:03:05 Going to coordinates X=-23.348, Y=-38.585
08.05 10:03:06 Moving is finished
08.05 10:04:42 Scanning 568 point from 1170
08.05 10:04:42 Going to coordinates X=-23.298, Y=-38.585
08.05 10:04:43 Moving is finished
08.05 10:06:19 Scanning 569 point from 1170
08.05 10:06:19 Going to coordinates X=-23.248, Y=-38.585
08.05 10:06:20 Moving is finished
08.05 10:07:56 Scanning 570 point from 1170
08.05 10:07:56 Going to coordinates X=-24.698, Y=-38.535
08.05 10:07:57 Moving is finished
08.05 10:09:34 Scanning 571 point from 1170
08.05 10:09:34 Going to coordinates X=-24.648, Y=-38.535
08.05 10:09:34 Moving is finished
08.05 10:11:11 Scanning 572 point from 1170
08.05 10:11:11 Going to coordinates X=-24.598, Y=-38.535
08.05 10:11:11 Moving is finished
08.05 10:12:48 Scanning 573 point from 1170
08.05 10:12:48 Going to coordinates X=-24.548, Y=-38.535
08.05 10:12:48 Moving is finished
08.05 10:14:25 Scanning 574 point from 1170
08.05 10:14:25 Going to coordinates X=-24.498, Y=-38.535
08.05 10:14:25 Moving is finished
08.05 10:16:02 Scanning 575 point from 1170
08.05 10:16:02 Going to coordinates X=-24.448, Y=-38.535
08.05 10:16:02 Moving is finished
08.05 10:17:39 Scanning 576 point from 1170
08.05 10:17:39 Going to coordinates X=-24.398, Y=-38.535
08.05 10:17:39 Moving is finished
08.05 10:19:15 Scanning 577 point from 1170
08.05 10:19:15 Going to coordinates X=-24.348, Y=-38.535
08.05 10:19:16 Moving is finished
08.05 10:20:52 Scanning 578 point from 1170
08.05 10:20:52 Going to coordinates X=-24.298, Y=-38.535
08.05 10:20:53 Moving is finished
08.05 10:22:29 Scanning 579 point from 1170
08.05 10:22:29 Going to coordinates X=-24.248, Y=-38.535
08.05 10:22:29 Moving is finished
08.05 10:24:06 Scanning 580 point from 1170
08.05 10:24:06 Going to coordinates X=-24.198, Y=-38.535
08.05 10:24:06 Moving is finished
08.05 10:25:43 Scanning 581 point from 1170
08.05 10:25:43 Going to coordinates X=-24.148, Y=-38.535
08.05 10:25:43 Moving is finished
08.05 10:27:20 Scanning 582 point from 1170
08.05 10:27:20 Going to coordinates X=-24.098, Y=-38.535
08.05 10:27:20 Moving is finished
08.05 10:28:56 Scanning 583 point from 1170
08.05 10:28:56 Going to coordinates X=-24.048, Y=-38.535
08.05 10:28:56 Moving is finished
08.05 10:30:33 Scanning 584 point from 1170
08.05 10:30:33 Going to coordinates X=-23.998, Y=-38.535
08.05 10:30:33 Moving is finished
08.05 10:32:10 Scanning 585 point from 1170
08.05 10:32:10 Going to coordinates X=-23.948, Y=-38.535
08.05 10:32:10 Moving is finished
08.05 10:33:47 Scanning 586 point from 1170
08.05 10:33:47 Going to coordinates X=-23.898, Y=-38.535
08.05 10:33:47 Moving is finished
08.05 10:35:24 Scanning 587 point from 1170
08.05 10:35:24 Going to coordinates X=-23.848, Y=-38.535
08.05 10:35:24 Moving is finished
08.05 10:37:01 Scanning 588 point from 1170
08.05 10:37:01 Going to coordinates X=-23.798, Y=-38.535
08.05 10:37:01 Moving is finished
08.05 10:38:38 Scanning 589 point from 1170
08.05 10:38:38 Going to coordinates X=-23.748, Y=-38.535
08.05 10:38:38 Moving is finished
08.05 10:40:15 Scanning 590 point from 1170
08.05 10:40:15 Going to coordinates X=-23.698, Y=-38.535
08.05 10:40:15 Moving is finished
08.05 10:41:51 Scanning 591 point from 1170
08.05 10:41:51 Going to coordinates X=-23.648, Y=-38.535
08.05 10:41:51 Moving is finished
08.05 10:43:28 Scanning 592 point from 1170
08.05 10:43:28 Going to coordinates X=-23.598, Y=-38.535
08.05 10:43:28 Moving is finished
08.05 10:45:06 Scanning 593 point from 1170
08.05 10:45:06 Going to coordinates X=-23.548, Y=-38.535
08.05 10:45:06 Moving is finished
08.05 10:46:42 Scanning 594 point from 1170
08.05 10:46:42 Going to coordinates X=-23.498, Y=-38.535
08.05 10:46:42 Moving is finished
08.05 10:48:19 Scanning 595 point from 1170
08.05 10:48:19 Going to coordinates X=-23.448, Y=-38.535
08.05 10:48:19 Moving is finished
08.05 10:49:56 Scanning 596 point from 1170
08.05 10:49:56 Going to coordinates X=-23.398, Y=-38.535
08.05 10:49:56 Moving is finished
08.05 10:51:33 Scanning 597 point from 1170
08.05 10:51:33 Going to coordinates X=-23.348, Y=-38.535
08.05 10:51:34 Moving is finished
08.05 10:53:10 Scanning 598 point from 1170
08.05 10:53:10 Going to coordinates X=-23.298, Y=-38.535
08.05 10:53:10 Moving is finished
08.05 10:54:47 Scanning 599 point from 1170
08.05 10:54:47 Going to coordinates X=-23.248, Y=-38.535
08.05 10:54:47 Moving is finished
08.05 10:56:24 Scanning 600 point from 1170
08.05 10:56:24 Going to coordinates X=-24.698, Y=-38.485
08.05 10:56:25 Moving is finished
08.05 10:58:01 Scanning 601 point from 1170
08.05 10:58:01 Going to coordinates X=-24.648, Y=-38.485
08.05 10:58:01 Moving is finished
08.05 10:59:38 Scanning 602 point from 1170
08.05 10:59:38 Going to coordinates X=-24.598, Y=-38.485
08.05 10:59:38 Moving is finished
08.05 11:01:15 Scanning 603 point from 1170
08.05 11:01:15 Going to coordinates X=-24.548, Y=-38.485
08.05 11:01:15 Moving is finished
08.05 11:02:51 Scanning 604 point from 1170
08.05 11:02:51 Going to coordinates X=-24.498, Y=-38.485
08.05 11:02:52 Moving is finished
08.05 11:04:28 Scanning 605 point from 1170
08.05 11:04:28 Going to coordinates X=-24.448, Y=-38.485
08.05 11:04:28 Moving is finished
08.05 11:06:05 Scanning 606 point from 1170
08.05 11:06:05 Going to coordinates X=-24.398, Y=-38.485
08.05 11:06:05 Moving is finished
08.05 11:07:41 Scanning 607 point from 1170
08.05 11:07:41 Going to coordinates X=-24.348, Y=-38.485
08.05 11:07:42 Moving is finished
08.05 11:09:18 Scanning 608 point from 1170
08.05 11:09:18 Going to coordinates X=-24.298, Y=-38.485
08.05 11:09:18 Moving is finished
08.05 11:10:55 Scanning 609 point from 1170
08.05 11:10:55 Going to coordinates X=-24.248, Y=-38.485
08.05 11:10:55 Moving is finished
08.05 11:12:32 Scanning 610 point from 1170
08.05 11:12:32 Going to coordinates X=-24.198, Y=-38.485
08.05 11:12:32 Moving is finished
08.05 11:14:09 Scanning 611 point from 1170
08.05 11:14:09 Going to coordinates X=-24.148, Y=-38.485
08.05 11:14:10 Moving is finished
08.05 11:15:46 Scanning 612 point from 1170
08.05 11:15:46 Going to coordinates X=-24.098, Y=-38.485
08.05 11:15:46 Moving is finished
08.05 11:17:23 Scanning 613 point from 1170
08.05 11:17:23 Going to coordinates X=-24.048, Y=-38.485
08.05 11:17:24 Moving is finished
08.05 11:19:00 Scanning 614 point from 1170
08.05 11:19:00 Going to coordinates X=-23.998, Y=-38.485
08.05 11:19:01 Moving is finished
08.05 11:20:38 Scanning 615 point from 1170
08.05 11:20:38 Going to coordinates X=-23.948, Y=-38.485
08.05 11:20:38 Moving is finished
08.05 11:22:15 Scanning 616 point from 1170
08.05 11:22:15 Going to coordinates X=-23.898, Y=-38.485
08.05 11:22:15 Moving is finished
08.05 11:23:52 Scanning 617 point from 1170
08.05 11:23:52 Going to coordinates X=-23.848, Y=-38.485
08.05 11:23:53 Moving is finished
08.05 11:25:30 Scanning 618 point from 1170
08.05 11:25:30 Going to coordinates X=-23.798, Y=-38.485
08.05 11:25:30 Moving is finished
08.05 11:27:06 Scanning 619 point from 1170
08.05 11:27:06 Going to coordinates X=-23.748, Y=-38.485
08.05 11:27:07 Moving is finished
08.05 11:28:43 Scanning 620 point from 1170
08.05 11:28:43 Going to coordinates X=-23.698, Y=-38.485
08.05 11:28:43 Moving is finished
08.05 11:30:20 Scanning 621 point from 1170
08.05 11:30:20 Going to coordinates X=-23.648, Y=-38.485
08.05 11:30:20 Moving is finished
08.05 11:31:57 Scanning 622 point from 1170
08.05 11:31:57 Going to coordinates X=-23.598, Y=-38.485
08.05 11:31:57 Moving is finished
08.05 11:33:34 Scanning 623 point from 1170
08.05 11:33:34 Going to coordinates X=-23.548, Y=-38.485
08.05 11:33:34 Moving is finished
08.05 11:35:11 Scanning 624 point from 1170
08.05 11:35:11 Going to coordinates X=-23.498, Y=-38.485
08.05 11:35:11 Moving is finished
08.05 11:36:48 Scanning 625 point from 1170
08.05 11:36:48 Going to coordinates X=-23.448, Y=-38.485
08.05 11:36:48 Moving is finished
08.05 11:38:25 Scanning 626 point from 1170
08.05 11:38:25 Going to coordinates X=-23.398, Y=-38.485
08.05 11:38:25 Moving is finished
08.05 11:40:02 Scanning 627 point from 1170
08.05 11:40:02 Going to coordinates X=-23.348, Y=-38.485
08.05 11:40:03 Moving is finished
08.05 11:41:39 Scanning 628 point from 1170
08.05 11:41:39 Going to coordinates X=-23.298, Y=-38.485
08.05 11:41:39 Moving is finished
08.05 11:43:16 Scanning 629 point from 1170
08.05 11:43:16 Going to coordinates X=-23.248, Y=-38.485
08.05 11:43:17 Moving is finished
08.05 11:44:54 Scanning 630 point from 1170
08.05 11:44:54 Going to coordinates X=-24.698, Y=-38.435
08.05 11:44:54 Moving is finished
08.05 11:46:31 Scanning 631 point from 1170
08.05 11:46:31 Going to coordinates X=-24.648, Y=-38.435
08.05 11:46:31 Moving is finished
08.05 11:48:08 Scanning 632 point from 1170
08.05 11:48:08 Going to coordinates X=-24.598, Y=-38.435
08.05 11:48:08 Moving is finished
08.05 11:49:45 Scanning 633 point from 1170
08.05 11:49:45 Going to coordinates X=-24.548, Y=-38.435
08.05 11:49:45 Moving is finished
08.05 11:51:22 Scanning 634 point from 1170
08.05 11:51:22 Going to coordinates X=-24.498, Y=-38.435
08.05 11:51:22 Moving is finished
08.05 11:52:59 Scanning 635 point from 1170
08.05 11:52:59 Going to coordinates X=-24.448, Y=-38.435
08.05 11:52:59 Moving is finished
08.05 11:54:36 Scanning 636 point from 1170
08.05 11:54:36 Going to coordinates X=-24.398, Y=-38.435
08.05 11:54:37 Moving is finished
08.05 11:56:13 Scanning 637 point from 1170
08.05 11:56:13 Going to coordinates X=-24.348, Y=-38.435
08.05 11:56:13 Moving is finished
08.05 11:57:50 Scanning 638 point from 1170
08.05 11:57:50 Going to coordinates X=-24.298, Y=-38.435
08.05 11:57:50 Moving is finished
08.05 11:59:26 Scanning 639 point from 1170
08.05 11:59:26 Going to coordinates X=-24.248, Y=-38.435
08.05 11:59:26 Moving is finished
08.05 12:01:03 Scanning 640 point from 1170
08.05 12:01:03 Going to coordinates X=-24.198, Y=-38.435
08.05 12:01:03 Moving is finished
08.05 12:02:39 Scanning 641 point from 1170
08.05 12:02:39 Going to coordinates X=-24.148, Y=-38.435
08.05 12:02:40 Moving is finished
08.05 12:04:17 Scanning 642 point from 1170
08.05 12:04:17 Going to coordinates X=-24.098, Y=-38.435
08.05 12:04:17 Moving is finished
08.05 12:05:54 Scanning 643 point from 1170
08.05 12:05:54 Going to coordinates X=-24.048, Y=-38.435
08.05 12:05:54 Moving is finished
08.05 12:07:31 Scanning 644 point from 1170
08.05 12:07:31 Going to coordinates X=-23.998, Y=-38.435
08.05 12:07:31 Moving is finished
08.05 12:09:09 Scanning 645 point from 1170
08.05 12:09:09 Going to coordinates X=-23.948, Y=-38.435
08.05 12:09:09 Moving is finished
08.05 12:10:45 Scanning 646 point from 1170
08.05 12:10:45 Going to coordinates X=-23.898, Y=-38.435
08.05 12:10:46 Moving is finished
08.05 12:12:22 Scanning 647 point from 1170
08.05 12:12:22 Going to coordinates X=-23.848, Y=-38.435
08.05 12:12:23 Moving is finished
08.05 12:14:00 Scanning 648 point from 1170
08.05 12:14:00 Going to coordinates X=-23.798, Y=-38.435
08.05 12:14:00 Moving is finished
08.05 12:15:37 Scanning 649 point from 1170
08.05 12:15:37 Going to coordinates X=-23.748, Y=-38.435
08.05 12:15:37 Moving is finished
08.05 12:17:14 Scanning 650 point from 1170
08.05 12:17:14 Going to coordinates X=-23.698, Y=-38.435
08.05 12:17:15 Moving is finished
08.05 12:18:51 Scanning 651 point from 1170
08.05 12:18:51 Going to coordinates X=-23.648, Y=-38.435
08.05 12:18:51 Moving is finished
08.05 12:20:28 Scanning 652 point from 1170
08.05 12:20:28 Going to coordinates X=-23.598, Y=-38.435
08.05 12:20:28 Moving is finished
08.05 12:22:04 Scanning 653 point from 1170
08.05 12:22:04 Going to coordinates X=-23.548, Y=-38.435
08.05 12:22:05 Moving is finished
08.05 12:23:42 Scanning 654 point from 1170
08.05 12:23:42 Going to coordinates X=-23.498, Y=-38.435
08.05 12:23:42 Moving is finished
08.05 12:25:19 Scanning 655 point from 1170
08.05 12:25:19 Going to coordinates X=-23.448, Y=-38.435
08.05 12:25:19 Moving is finished
08.05 12:26:56 Scanning 656 point from 1170
08.05 12:26:56 Going to coordinates X=-23.398, Y=-38.435
08.05 12:26:56 Moving is finished
08.05 12:28:33 Scanning 657 point from 1170
08.05 12:28:33 Going to coordinates X=-23.348, Y=-38.435
08.05 12:28:33 Moving is finished
08.05 12:30:10 Scanning 658 point from 1170
08.05 12:30:10 Going to coordinates X=-23.298, Y=-38.435
08.05 12:30:10 Moving is finished
08.05 12:30:16 Stopped!
08.05 12:33:01 Can't send the command to GRBL
08.05 12:33:01 Write timeout08.05 12:33:01 Write timeout

08.05 12:37:27 Can't send the command to GRBL
08.05 12:37:27 Write timeout08.05 12:37:27 Write timeout

08.05 16:51:20 Row 0: 08.05 16:51:20 Map: x1: -23.293, y1: -39.485, x2: -24.698, y2: -37.608, xres: 0.050, yres: 0.050, fname: M2
08.05 16:51:20 Scanning 0 point from 1170
08.05 16:51:20 Going to coordinates X=-24.698, Y=-39.485
08.05 16:51:22 Moving is finished
08.05 16:51:43 Stopped!
08.05 16:51:46 Row 0: 08.05 16:51:46 Map: x1: -23.293, y1: -39.485, x2: -24.698, y2: -37.608, xres: 0.050, yres: 0.050, fname: M2
08.05 16:51:46 Scanning 0 point from 1170
08.05 16:51:46 Going to coordinates X=-24.698, Y=-39.485
08.05 16:51:46 Moving is finished
08.05 16:51:53 Stopped!
08.05 16:51:55 Row 0: 08.05 16:51:55 Map: x1: -23.293, y1: -39.485, x2: -24.698, y2: -37.608, xres: 0.050, yres: 0.050, fname: M2
08.05 16:51:55 Scanning 0 point from 1170
08.05 16:51:55 Going to coordinates X=-24.698, Y=-39.485
08.05 16:51:56 Moving is finished
08.05 16:52:00 Stopped!
08.05 16:52:31 Row 0: 08.05 16:52:31 Map: x1: -23.293, y1: -39.485, x2: -24.698, y2: -37.608, xres: 0.050, yres: 0.050, fname: M2
08.05 16:53:19 Stopped!
08.05 16:53:25 Row 0: 08.05 16:53:25 Map: x1: -34.346, y1: -42.577, x2: -35.907, y2: -39.649, xres: 0.100, yres: 0.100, fname: M2
08.05 16:53:25 Scanning 0 point from 527
08.05 16:53:25 Going to coordinates X=-35.907, Y=-42.577
08.05 16:53:26 Moving is finished
09.05 08:36:35 Stopped!
09.05 08:36:39 Row 0: 09.05 08:36:39 Map: x1: -34.346, y1: -42.577, x2: -35.907, y2: -39.649, xres: 0.100, yres: 0.100, fname: M2
09.05 08:36:39 Scanning 0 point from 527
09.05 08:36:39 Going to coordinates X=-35.907, Y=-42.577
09.05 08:36:39 Moving is finished
09.05 08:36:49 Stopped!
