09.03 13:33:45 Initializing grbl...
09.03 13:33:46 Got the response: b''
09.03 13:34:32 Focused at  37
09.03 13:35:00 Row 0: 09.03 13:35:00 Map: x1: -13.293, y1: -39.169, x2: -12.337, y2: -38.092, xres: 0.100, yres: 0.100, fname: Such-Sol1-B
09.03 13:35:00 Scanning 0 point from 132
09.03 13:35:00 Going to coordinates X=-13.293, Y=-39.169
09.03 13:35:01 Moving is finished
09.03 13:36:46 Scanning 1 point from 132
09.03 13:36:46 Going to coordinates X=-13.193, Y=-39.169
09.03 13:36:47 Moving is finished
09.03 13:38:32 Scanning 2 point from 132
09.03 13:38:32 Going to coordinates X=-13.093, Y=-39.169
09.03 13:38:32 Moving is finished
09.03 13:40:17 Scanning 3 point from 132
09.03 13:40:17 Going to coordinates X=-12.993, Y=-39.169
09.03 13:40:17 Moving is finished
09.03 13:42:02 Scanning 4 point from 132
09.03 13:42:02 Going to coordinates X=-12.893, Y=-39.169
09.03 13:42:02 Moving is finished
09.03 13:43:47 Scanning 5 point from 132
09.03 13:43:47 Going to coordinates X=-12.793, Y=-39.169
09.03 13:43:47 Moving is finished
09.03 13:45:33 Scanning 6 point from 132
09.03 13:45:33 Going to coordinates X=-12.693, Y=-39.169
09.03 13:45:33 Moving is finished
09.03 13:47:18 Scanning 7 point from 132
09.03 13:47:18 Going to coordinates X=-12.593, Y=-39.169
09.03 13:47:18 Moving is finished
09.03 13:49:03 Scanning 8 point from 132
09.03 13:49:03 Going to coordinates X=-12.493, Y=-39.169
09.03 13:49:04 Moving is finished
09.03 13:50:49 Scanning 9 point from 132
09.03 13:50:49 Going to coordinates X=-12.393, Y=-39.169
09.03 13:50:49 Moving is finished
09.03 13:52:34 Scanning 10 point from 132
09.03 13:52:34 Going to coordinates X=-12.293, Y=-39.169
09.03 13:52:34 Moving is finished
09.03 13:54:19 Scanning 11 point from 132
09.03 13:54:19 Going to coordinates X=-13.293, Y=-39.069
09.03 13:54:20 Moving is finished
09.03 13:56:04 Scanning 12 point from 132
09.03 13:56:04 Going to coordinates X=-13.193, Y=-39.069
09.03 13:56:05 Moving is finished
09.03 13:57:50 Scanning 13 point from 132
09.03 13:57:50 Going to coordinates X=-13.093, Y=-39.069
09.03 13:57:50 Moving is finished
09.03 13:59:36 Scanning 14 point from 132
09.03 13:59:36 Going to coordinates X=-12.993, Y=-39.069
09.03 13:59:36 Moving is finished
09.03 14:01:21 Scanning 15 point from 132
09.03 14:01:21 Going to coordinates X=-12.893, Y=-39.069
09.03 14:01:21 Moving is finished
09.03 14:03:06 Scanning 16 point from 132
09.03 14:03:06 Going to coordinates X=-12.793, Y=-39.069
09.03 14:03:06 Moving is finished
09.03 14:04:51 Scanning 17 point from 132
09.03 14:04:51 Going to coordinates X=-12.693, Y=-39.069
09.03 14:04:51 Moving is finished
09.03 14:06:37 Scanning 18 point from 132
09.03 14:06:37 Going to coordinates X=-12.593, Y=-39.069
09.03 14:06:37 Moving is finished
09.03 14:08:22 Scanning 19 point from 132
09.03 14:08:22 Going to coordinates X=-12.493, Y=-39.069
09.03 14:08:22 Moving is finished
09.03 14:10:07 Scanning 20 point from 132
09.03 14:10:07 Going to coordinates X=-12.393, Y=-39.069
09.03 14:10:08 Moving is finished
09.03 14:11:52 Scanning 21 point from 132
09.03 14:11:52 Going to coordinates X=-12.293, Y=-39.069
09.03 14:11:53 Moving is finished
09.03 14:13:38 Scanning 22 point from 132
09.03 14:13:38 Going to coordinates X=-13.293, Y=-38.969
09.03 14:13:38 Moving is finished
09.03 14:15:23 Scanning 23 point from 132
09.03 14:15:23 Going to coordinates X=-13.193, Y=-38.969
09.03 14:15:23 Moving is finished
09.03 14:17:08 Scanning 24 point from 132
09.03 14:17:08 Going to coordinates X=-13.093, Y=-38.969
09.03 14:17:09 Moving is finished
09.03 14:18:54 Scanning 25 point from 132
09.03 14:18:54 Going to coordinates X=-12.993, Y=-38.969
09.03 14:18:54 Moving is finished
09.03 14:20:39 Scanning 26 point from 132
09.03 14:20:39 Going to coordinates X=-12.893, Y=-38.969
09.03 14:20:39 Moving is finished
09.03 14:22:24 Scanning 27 point from 132
09.03 14:22:24 Going to coordinates X=-12.793, Y=-38.969
09.03 14:22:24 Moving is finished
09.03 14:24:09 Scanning 28 point from 132
09.03 14:24:09 Going to coordinates X=-12.693, Y=-38.969
09.03 14:24:09 Moving is finished
09.03 14:25:53 Scanning 29 point from 132
09.03 14:25:53 Going to coordinates X=-12.593, Y=-38.969
09.03 14:25:54 Moving is finished
09.03 14:27:38 Scanning 30 point from 132
09.03 14:27:38 Going to coordinates X=-12.493, Y=-38.969
09.03 14:27:39 Moving is finished
09.03 14:29:26 timed out
09.03 14:29:27 Scanning 31 point from 132
09.03 14:29:27 Going to coordinates X=-12.393, Y=-38.969
09.03 14:29:27 Moving is finished
09.03 14:31:12 Scanning 32 point from 132
09.03 14:31:12 Going to coordinates X=-12.293, Y=-38.969
09.03 14:31:13 Moving is finished
09.03 14:32:58 Scanning 33 point from 132
09.03 14:32:58 Going to coordinates X=-13.293, Y=-38.869
09.03 14:32:58 Moving is finished
09.03 14:34:43 Scanning 34 point from 132
09.03 14:34:43 Going to coordinates X=-13.193, Y=-38.869
09.03 14:34:43 Moving is finished
09.03 14:36:28 Scanning 35 point from 132
09.03 14:36:28 Going to coordinates X=-13.093, Y=-38.869
09.03 14:36:28 Moving is finished
09.03 14:38:14 Scanning 36 point from 132
09.03 14:38:14 Going to coordinates X=-12.993, Y=-38.869
09.03 14:38:14 Moving is finished
09.03 14:39:59 Scanning 37 point from 132
09.03 14:39:59 Going to coordinates X=-12.893, Y=-38.869
09.03 14:39:59 Moving is finished
09.03 14:41:44 Scanning 38 point from 132
09.03 14:41:44 Going to coordinates X=-12.793, Y=-38.869
09.03 14:41:45 Moving is finished
09.03 14:43:29 Scanning 39 point from 132
09.03 14:43:29 Going to coordinates X=-12.693, Y=-38.869
09.03 14:43:30 Moving is finished
09.03 14:45:15 Scanning 40 point from 132
09.03 14:45:15 Going to coordinates X=-12.593, Y=-38.869
09.03 14:45:15 Moving is finished
09.03 14:47:00 Scanning 41 point from 132
09.03 14:47:00 Going to coordinates X=-12.493, Y=-38.869
09.03 14:47:01 Moving is finished
09.03 14:48:46 Scanning 42 point from 132
09.03 14:48:46 Going to coordinates X=-12.393, Y=-38.869
09.03 14:48:46 Moving is finished
09.03 14:50:31 Scanning 43 point from 132
09.03 14:50:31 Going to coordinates X=-12.293, Y=-38.869
09.03 14:50:31 Moving is finished
09.03 14:52:16 Scanning 44 point from 132
09.03 14:52:16 Going to coordinates X=-13.293, Y=-38.769
09.03 14:52:17 Moving is finished
09.03 14:54:03 Scanning 45 point from 132
09.03 14:54:03 Going to coordinates X=-13.193, Y=-38.769
09.03 14:54:03 Moving is finished
09.03 14:55:48 Scanning 46 point from 132
09.03 14:55:48 Going to coordinates X=-13.093, Y=-38.769
09.03 14:55:48 Moving is finished
09.03 14:57:33 Scanning 47 point from 132
09.03 14:57:33 Going to coordinates X=-12.993, Y=-38.769
09.03 14:57:33 Moving is finished
09.03 14:59:18 Scanning 48 point from 132
09.03 14:59:18 Going to coordinates X=-12.893, Y=-38.769
09.03 14:59:18 Moving is finished
09.03 15:01:03 Scanning 49 point from 132
09.03 15:01:03 Going to coordinates X=-12.793, Y=-38.769
09.03 15:01:03 Moving is finished
09.03 15:02:48 Scanning 50 point from 132
09.03 15:02:48 Going to coordinates X=-12.693, Y=-38.769
09.03 15:02:48 Moving is finished
09.03 15:04:33 Scanning 51 point from 132
09.03 15:04:33 Going to coordinates X=-12.593, Y=-38.769
09.03 15:04:33 Moving is finished
09.03 15:06:18 Scanning 52 point from 132
09.03 15:06:18 Going to coordinates X=-12.493, Y=-38.769
09.03 15:06:19 Moving is finished
09.03 15:07:06 Scanning 53 point from 132
09.03 15:07:06 Going to coordinates X=-12.393, Y=-38.769
09.03 15:07:06 Moving is finished
09.03 15:07:10 Stopped!
