13.05 16:45:33 Initializing grbl...
13.05 16:45:34 Got the response: b''
13.05 16:49:36 Row 0: 13.05 16:49:36 Map: x1: -25.634, y1: -37.505, x2: -25.595, y2: -37.423, xres: 0.010, yres: 0.100, fname: l-tyro
13.05 16:49:36 Scanning 0 point from 10
13.05 16:49:36 Going to coordinates X=-25.634, Y=-37.505
13.05 16:49:36 Moving is finished
13.05 16:51:13 Scanning 1 point from 10
13.05 16:51:13 Going to coordinates X=-25.624, Y=-37.505
13.05 16:51:13 Moving is finished
13.05 16:52:50 Scanning 2 point from 10
13.05 16:52:50 Going to coordinates X=-25.614, Y=-37.505
13.05 16:52:50 Moving is finished
13.05 16:54:27 Scanning 3 point from 10
13.05 16:54:27 Going to coordinates X=-25.604, Y=-37.505
13.05 16:54:27 Moving is finished
13.05 16:56:04 Scanning 4 point from 10
13.05 16:56:04 Going to coordinates X=-25.594, Y=-37.505
13.05 16:56:04 Moving is finished
13.05 16:57:41 Scanning 5 point from 10
13.05 16:57:41 Going to coordinates X=-25.634, Y=-37.405
13.05 16:57:41 Moving is finished
13.05 16:59:18 Scanning 6 point from 10
13.05 16:59:18 Going to coordinates X=-25.624, Y=-37.405
13.05 16:59:18 Moving is finished
13.05 17:00:54 Scanning 7 point from 10
13.05 17:00:54 Going to coordinates X=-25.614, Y=-37.405
13.05 17:00:55 Moving is finished
13.05 17:02:32 Scanning 8 point from 10
13.05 17:02:32 Going to coordinates X=-25.604, Y=-37.405
13.05 17:02:32 Moving is finished
13.05 17:04:08 Scanning 9 point from 10
13.05 17:04:08 Going to coordinates X=-25.594, Y=-37.405
13.05 17:04:09 Moving is finished
13.05 17:09:00 Row 0: 13.05 17:09:00 Goto: -26.654; -37.464; 0.000
13.05 17:09:00 Going to coordinates X=-26.654, Y=-37.464
13.05 17:09:00 Moving is finished
13.05 17:09:01 Row 1: 13.05 17:09:01 Raman: l-tyro
13.05 17:09:01 Starting signal collection to the file l-tyro
13.05 17:10:39 Data is collected!
13.05 17:12:22 Row 0: 13.05 17:12:22 Map: x1: -27.029, y1: -37.536, x2: -27.063, y2: -37.474, xres: 0.010, yres: 0.100, fname: l-tyro
13.05 17:12:22 Scanning 0 point from 10
13.05 17:12:22 Going to coordinates X=-27.063, Y=-37.536
13.05 17:12:23 Moving is finished
13.05 17:14:00 Scanning 1 point from 10
13.05 17:14:00 Going to coordinates X=-27.053, Y=-37.536
13.05 17:14:00 Moving is finished
13.05 17:15:37 Scanning 2 point from 10
13.05 17:15:37 Going to coordinates X=-27.043, Y=-37.536
13.05 17:15:37 Moving is finished
13.05 17:17:14 Scanning 3 point from 10
13.05 17:17:14 Going to coordinates X=-27.033, Y=-37.536
13.05 17:17:15 Moving is finished
13.05 17:18:52 Scanning 4 point from 10
13.05 17:18:52 Going to coordinates X=-27.023, Y=-37.536
13.05 17:18:52 Moving is finished
13.05 17:20:29 Scanning 5 point from 10
13.05 17:20:29 Going to coordinates X=-27.063, Y=-37.436
13.05 17:20:29 Moving is finished
13.05 17:22:05 Scanning 6 point from 10
13.05 17:22:05 Going to coordinates X=-27.053, Y=-37.436
13.05 17:22:06 Moving is finished
13.05 17:23:42 Scanning 7 point from 10
13.05 17:23:42 Going to coordinates X=-27.043, Y=-37.436
13.05 17:23:42 Moving is finished
13.05 17:25:19 Scanning 8 point from 10
13.05 17:25:19 Going to coordinates X=-27.033, Y=-37.436
13.05 17:25:19 Moving is finished
13.05 17:26:56 Scanning 9 point from 10
13.05 17:26:56 Going to coordinates X=-27.023, Y=-37.436
13.05 17:26:56 Moving is finished
13.05 17:28:33 Row 1: 13.05 17:28:33 Map: x1: -29.839, y1: -38.546, x2: -29.81, y2: -38.505, xres: 0.010, yres: 0.100, fname: l-tyro
13.05 17:28:33 Scanning 0 point from 8
13.05 17:28:33 Going to coordinates X=-29.839, Y=-38.546
13.05 17:28:34 Moving is finished
13.05 17:30:11 Scanning 1 point from 8
13.05 17:30:11 Going to coordinates X=-29.829, Y=-38.546
13.05 17:30:11 Moving is finished
13.05 17:31:48 Scanning 2 point from 8
13.05 17:31:48 Going to coordinates X=-29.819, Y=-38.546
13.05 17:31:48 Moving is finished
13.05 17:33:24 Scanning 3 point from 8
13.05 17:33:24 Going to coordinates X=-29.809, Y=-38.546
13.05 17:33:24 Moving is finished
13.05 17:35:01 Scanning 4 point from 8
13.05 17:35:01 Going to coordinates X=-29.839, Y=-38.446
13.05 17:35:01 Moving is finished
13.05 17:36:38 Scanning 5 point from 8
13.05 17:36:38 Going to coordinates X=-29.829, Y=-38.446
13.05 17:36:38 Moving is finished
13.05 17:38:14 Scanning 6 point from 8
13.05 17:38:14 Going to coordinates X=-29.819, Y=-38.446
13.05 17:38:15 Moving is finished
13.05 17:39:51 Scanning 7 point from 8
13.05 17:39:51 Going to coordinates X=-29.809, Y=-38.446
13.05 17:39:51 Moving is finished
13.05 18:09:09 Row 0: 13.05 18:09:09 Map: x1: -27.029, y1: -37.536, x2: -27.063, y2: -37.474, xres: 0.010, yres: 0.100, fname: l-tyro
13.05 18:09:09 Scanning 0 point from 10
13.05 18:09:09 Going to coordinates X=-27.063, Y=-37.536
13.05 18:09:10 Moving is finished
13.05 18:09:15 Stopped!
13.05 18:12:16 Row 0: 13.05 18:12:16 Map: x1: -26.927, y1: -37.701, x2: -26.912, y2: -37.68, xres: 0.010, yres: 0.100, fname: l-tyro
13.05 18:12:16 Scanning 0 point from 6
13.05 18:12:16 Going to coordinates X=-26.927, Y=-37.701
13.05 18:12:17 Moving is finished
