16.07 17:52:10 Initializing grbl...
16.07 17:52:11 Got the response: b''
16.07 17:59:54 Can't send the command to GRBL
16.07 17:59:54 Write timeout16.07 17:59:54 Write timeout
16.07 18:00:54 Row 0: 16.07 18:00:54 Map: x1: -8.63, y1: -38.0, x2: -8.572, y2: -38.0, xres: 0.001, yres: 0.001, fname: perpend
16.07 18:00:54 Scanning 0 point from 60
16.07 18:00:54 Going to coordinates X=-8.630, Y=-38.000
16.07 18:00:54 Moving is finished
16.07 18:01:02 Scanning 1 point from 60
16.07 18:01:02 Going to coordinates X=-8.629, Y=-38.000
16.07 18:01:02 Status responce is malformed
16.07 18:01:02 list index out of range
16.07 18:01:24 Stopped!
16.07 18:01:41 Row 0: 16.07 18:01:41 Paused
16.07 18:01:47 Map: x1: -8.63, y1: -38.0, x2: -8.572, y2: -38.0, xres: 0.001, yres: 0.001, fname: perpend
16.07 18:01:47 Scanning 0 point from 60
16.07 18:01:47 Going to coordinates X=-8.630, Y=-38.000
16.07 18:01:47 Moving is finished
16.07 18:01:54 Scanning 1 point from 60
16.07 18:01:54 Going to coordinates X=-8.629, Y=-38.000
16.07 18:01:55 Moving is finished
16.07 18:02:02 Scanning 2 point from 60
16.07 18:02:02 Going to coordinates X=-8.628, Y=-38.000
