04.01 09:27:35 Initializing grbl...
04.01 09:27:36 Got the response: b''
04.01 09:29:10 Row 0: 04.01 09:29:10 Map: x1: -7.928, y1: -34.082, x2: -8.793, y2: -35.918, xres: 0.080, yres: 0.080, fname: Mart-Gluc D
04.01 09:29:10 Scanning 0 point from 288
04.01 09:29:16 Going to coordinates X=-8.793, Y=-35.918
04.01 09:29:16 Moving is finished
04.01 09:31:25 Scanning 1 point from 288
04.01 09:31:25 Going to coordinates X=-8.713, Y=-35.918
04.01 09:31:25 Moving is finished
04.01 09:33:33 Scanning 2 point from 288
04.01 09:33:33 Going to coordinates X=-8.633, Y=-35.918
04.01 09:33:34 Moving is finished
04.01 09:35:41 Scanning 3 point from 288
04.01 09:35:41 Going to coordinates X=-8.553, Y=-35.918
04.01 09:35:42 Moving is finished
04.01 09:37:50 Scanning 4 point from 288
04.01 09:37:50 Going to coordinates X=-8.473, Y=-35.918
04.01 09:37:50 Moving is finished
04.01 09:39:58 Scanning 5 point from 288
04.01 09:39:58 Going to coordinates X=-8.393, Y=-35.918
04.01 09:39:58 Moving is finished
04.01 09:42:07 Scanning 6 point from 288
04.01 09:42:07 Going to coordinates X=-8.313, Y=-35.918
04.01 09:42:07 Moving is finished
04.01 09:44:15 Scanning 7 point from 288
04.01 09:44:15 Going to coordinates X=-8.233, Y=-35.918
04.01 09:44:16 Moving is finished
04.01 09:46:24 Scanning 8 point from 288
04.01 09:46:24 Going to coordinates X=-8.153, Y=-35.918
04.01 09:46:24 Moving is finished
04.01 09:48:32 Scanning 9 point from 288
04.01 09:48:32 Going to coordinates X=-8.073, Y=-35.918
04.01 09:48:33 Moving is finished
04.01 09:50:41 Scanning 10 point from 288
04.01 09:50:47 Going to coordinates X=-7.993, Y=-35.918
04.01 09:50:47 Moving is finished
04.01 09:52:55 Scanning 11 point from 288
04.01 09:52:55 Going to coordinates X=-7.913, Y=-35.918
04.01 09:52:55 Moving is finished
04.01 09:55:04 Scanning 12 point from 288
04.01 09:55:04 Going to coordinates X=-8.793, Y=-35.838
04.01 09:55:04 Moving is finished
04.01 09:57:12 Scanning 13 point from 288
04.01 09:57:12 Going to coordinates X=-8.713, Y=-35.838
04.01 09:57:13 Moving is finished
04.01 09:59:21 Scanning 14 point from 288
04.01 09:59:21 Going to coordinates X=-8.633, Y=-35.838
04.01 09:59:21 Moving is finished
04.01 10:01:29 Scanning 15 point from 288
04.01 10:01:29 Going to coordinates X=-8.553, Y=-35.838
04.01 10:01:29 Moving is finished
04.01 10:03:38 Scanning 16 point from 288
04.01 10:03:38 Going to coordinates X=-8.473, Y=-35.838
04.01 10:03:38 Moving is finished
04.01 10:05:47 Scanning 17 point from 288
04.01 10:05:47 Going to coordinates X=-8.393, Y=-35.838
04.01 10:05:47 Moving is finished
04.01 10:07:55 Scanning 18 point from 288
04.01 10:07:55 Going to coordinates X=-8.313, Y=-35.838
04.01 10:07:55 Moving is finished
04.01 10:10:04 Scanning 19 point from 288
04.01 10:10:04 Going to coordinates X=-8.233, Y=-35.838
04.01 10:10:04 Moving is finished
04.01 10:12:13 Scanning 20 point from 288
04.01 10:12:13 Status responce is malformed
04.01 10:12:13 list index out of range
04.01 10:13:17 Going to coordinates X=-8.153, Y=-35.838
04.01 10:13:17 Moving is finished
04.01 10:15:26 Scanning 21 point from 288
04.01 10:15:26 Going to coordinates X=-8.073, Y=-35.838
04.01 10:15:26 Moving is finished
04.01 10:17:34 Scanning 22 point from 288
04.01 10:17:34 Going to coordinates X=-7.993, Y=-35.838
04.01 10:17:34 Moving is finished
04.01 10:19:42 Scanning 23 point from 288
04.01 10:19:42 Going to coordinates X=-7.913, Y=-35.838
04.01 10:19:42 Moving is finished
04.01 10:21:51 Scanning 24 point from 288
04.01 10:21:51 Going to coordinates X=-8.793, Y=-35.758
04.01 10:21:52 Moving is finished
04.01 10:24:00 Scanning 25 point from 288
04.01 10:24:00 Going to coordinates X=-8.713, Y=-35.758
04.01 10:24:00 Moving is finished
04.01 10:26:08 Scanning 26 point from 288
04.01 10:26:08 Going to coordinates X=-8.633, Y=-35.758
04.01 10:26:09 Moving is finished
04.01 10:28:16 Scanning 27 point from 288
04.01 10:28:16 Going to coordinates X=-8.553, Y=-35.758
04.01 10:28:17 Moving is finished
04.01 10:30:25 Scanning 28 point from 288
04.01 10:30:25 Going to coordinates X=-8.473, Y=-35.758
04.01 10:30:25 Moving is finished
04.01 10:32:33 Scanning 29 point from 288
04.01 10:32:33 Going to coordinates X=-8.393, Y=-35.758
04.01 10:32:34 Moving is finished
04.01 10:34:42 Scanning 30 point from 288
04.01 10:34:48 Going to coordinates X=-8.313, Y=-35.758
04.01 10:34:48 Moving is finished
04.01 10:36:56 Scanning 31 point from 288
04.01 10:36:56 Going to coordinates X=-8.233, Y=-35.758
04.01 10:36:57 Moving is finished
04.01 10:39:05 Scanning 32 point from 288
04.01 10:39:05 Going to coordinates X=-8.153, Y=-35.758
04.01 10:39:05 Moving is finished
04.01 10:41:13 Scanning 33 point from 288
04.01 10:41:13 Going to coordinates X=-8.073, Y=-35.758
04.01 10:41:14 Moving is finished
04.01 10:43:22 Scanning 34 point from 288
04.01 10:43:22 Going to coordinates X=-7.993, Y=-35.758
04.01 10:43:22 Moving is finished
04.01 10:45:30 Scanning 35 point from 288
04.01 10:45:30 Going to coordinates X=-7.913, Y=-35.758
04.01 10:45:30 Moving is finished
04.01 10:47:38 Scanning 36 point from 288
04.01 10:47:38 Going to coordinates X=-8.793, Y=-35.678
04.01 10:47:39 Moving is finished
04.01 10:49:47 Scanning 37 point from 288
04.01 10:49:47 Going to coordinates X=-8.713, Y=-35.678
04.01 10:49:47 Moving is finished
04.01 10:51:55 Scanning 38 point from 288
04.01 10:51:55 Going to coordinates X=-8.633, Y=-35.678
04.01 10:51:56 Moving is finished
04.01 10:54:04 Scanning 39 point from 288
04.01 10:54:04 Going to coordinates X=-8.553, Y=-35.678
04.01 10:54:04 Moving is finished
04.01 10:56:12 Scanning 40 point from 288
04.01 10:56:18 Going to coordinates X=-8.473, Y=-35.678
04.01 10:56:18 Moving is finished
04.01 10:58:27 Scanning 41 point from 288
04.01 10:58:27 Going to coordinates X=-8.393, Y=-35.678
04.01 10:58:27 Moving is finished
04.01 11:00:35 Scanning 42 point from 288
04.01 11:00:35 Going to coordinates X=-8.313, Y=-35.678
04.01 11:00:36 Moving is finished
04.01 11:02:44 Scanning 43 point from 288
04.01 11:02:44 Going to coordinates X=-8.233, Y=-35.678
04.01 11:02:44 Moving is finished
04.01 11:04:53 Scanning 44 point from 288
04.01 11:04:53 Going to coordinates X=-8.153, Y=-35.678
04.01 11:04:54 Moving is finished
04.01 11:07:01 Scanning 45 point from 288
04.01 11:07:01 Going to coordinates X=-8.073, Y=-35.678
04.01 11:07:02 Moving is finished
04.01 11:09:10 Scanning 46 point from 288
04.01 11:09:10 Going to coordinates X=-7.993, Y=-35.678
04.01 11:09:10 Moving is finished
04.01 11:11:18 Scanning 47 point from 288
04.01 11:11:18 Going to coordinates X=-7.913, Y=-35.678
04.01 11:11:18 Moving is finished
04.01 11:13:26 Scanning 48 point from 288
04.01 11:13:26 Going to coordinates X=-8.793, Y=-35.598
04.01 11:13:27 Moving is finished
04.01 11:15:35 Scanning 49 point from 288
04.01 11:15:35 Going to coordinates X=-8.713, Y=-35.598
04.01 11:15:35 Moving is finished
04.01 11:17:43 Scanning 50 point from 288
04.01 11:17:49 Going to coordinates X=-8.633, Y=-35.598
04.01 11:17:49 Moving is finished
04.01 11:19:57 Scanning 51 point from 288
04.01 11:19:57 Going to coordinates X=-8.553, Y=-35.598
04.01 11:19:57 Moving is finished
04.01 11:22:05 Scanning 52 point from 288
04.01 11:22:05 Going to coordinates X=-8.473, Y=-35.598
04.01 11:22:06 Moving is finished
04.01 11:24:13 Scanning 53 point from 288
04.01 11:24:13 Going to coordinates X=-8.393, Y=-35.598
04.01 11:24:14 Moving is finished
04.01 11:26:21 Scanning 54 point from 288
04.01 11:26:21 Going to coordinates X=-8.313, Y=-35.598
04.01 11:26:22 Moving is finished
04.01 11:28:30 Scanning 55 point from 288
04.01 11:28:30 Going to coordinates X=-8.233, Y=-35.598
04.01 11:28:30 Moving is finished
04.01 11:30:39 Scanning 56 point from 288
04.01 11:30:39 Going to coordinates X=-8.153, Y=-35.598
04.01 11:30:39 Moving is finished
04.01 11:32:47 Scanning 57 point from 288
04.01 11:32:47 Going to coordinates X=-8.073, Y=-35.598
04.01 11:32:47 Moving is finished
04.01 11:34:55 Scanning 58 point from 288
04.01 11:34:55 Going to coordinates X=-7.993, Y=-35.598
04.01 11:34:55 Moving is finished
04.01 11:37:04 Scanning 59 point from 288
04.01 11:37:04 Going to coordinates X=-7.913, Y=-35.598
04.01 11:37:04 Moving is finished
04.01 11:39:12 Scanning 60 point from 288
04.01 11:39:18 Going to coordinates X=-8.793, Y=-35.518
04.01 11:39:18 Moving is finished
04.01 11:41:27 Scanning 61 point from 288
04.01 11:41:27 Going to coordinates X=-8.713, Y=-35.518
04.01 11:41:27 Moving is finished
04.01 11:43:36 Scanning 62 point from 288
04.01 11:43:36 Going to coordinates X=-8.633, Y=-35.518
04.01 11:43:36 Moving is finished
04.01 11:45:44 Scanning 63 point from 288
04.01 11:45:44 Going to coordinates X=-8.553, Y=-35.518
04.01 11:45:44 Moving is finished
04.01 11:47:53 Scanning 64 point from 288
04.01 11:47:53 Going to coordinates X=-8.473, Y=-35.518
04.01 11:47:53 Moving is finished
04.01 11:50:01 Scanning 65 point from 288
04.01 11:50:01 Going to coordinates X=-8.393, Y=-35.518
04.01 11:50:01 Moving is finished
04.01 11:52:09 Scanning 66 point from 288
04.01 11:52:09 Going to coordinates X=-8.313, Y=-35.518
04.01 11:52:10 Moving is finished
04.01 11:54:18 Scanning 67 point from 288
04.01 11:54:18 Going to coordinates X=-8.233, Y=-35.518
04.01 11:54:18 Moving is finished
04.01 11:56:27 Scanning 68 point from 288
04.01 11:56:27 Going to coordinates X=-8.153, Y=-35.518
04.01 11:56:27 Moving is finished
04.01 11:58:35 Scanning 69 point from 288
04.01 11:58:35 Going to coordinates X=-8.073, Y=-35.518
04.01 11:58:35 Moving is finished
04.01 12:00:44 Scanning 70 point from 288
04.01 12:00:49 Going to coordinates X=-7.993, Y=-35.518
04.01 12:00:49 Moving is finished
04.01 12:02:58 Scanning 71 point from 288
04.01 12:02:58 Going to coordinates X=-7.913, Y=-35.518
04.01 12:02:58 Moving is finished
04.01 12:05:06 Scanning 72 point from 288
04.01 12:05:06 Going to coordinates X=-8.793, Y=-35.438
04.01 12:05:07 Moving is finished
04.01 12:07:15 Scanning 73 point from 288
04.01 12:07:15 Going to coordinates X=-8.713, Y=-35.438
04.01 12:07:15 Moving is finished
04.01 12:09:24 Scanning 74 point from 288
04.01 12:09:24 Going to coordinates X=-8.633, Y=-35.438
04.01 12:09:24 Moving is finished
04.01 12:11:32 Scanning 75 point from 288
04.01 12:11:32 Going to coordinates X=-8.553, Y=-35.438
04.01 12:11:33 Moving is finished
04.01 12:13:41 Scanning 76 point from 288
04.01 12:13:41 Going to coordinates X=-8.473, Y=-35.438
04.01 12:13:41 Moving is finished
04.01 12:15:49 Scanning 77 point from 288
04.01 12:15:49 Going to coordinates X=-8.393, Y=-35.438
04.01 12:15:49 Moving is finished
04.01 12:17:57 Scanning 78 point from 288
04.01 12:17:57 Going to coordinates X=-8.313, Y=-35.438
04.01 12:17:57 Moving is finished
04.01 12:20:05 Scanning 79 point from 288
04.01 12:20:05 Going to coordinates X=-8.233, Y=-35.438
04.01 12:20:06 Moving is finished
04.01 12:22:14 Scanning 80 point from 288
04.01 12:22:20 Going to coordinates X=-8.153, Y=-35.438
04.01 12:22:20 Moving is finished
04.01 12:24:28 Scanning 81 point from 288
04.01 12:24:28 Going to coordinates X=-8.073, Y=-35.438
04.01 12:24:28 Moving is finished
04.01 12:26:37 Scanning 82 point from 288
04.01 12:26:37 Going to coordinates X=-7.993, Y=-35.438
04.01 12:26:37 Moving is finished
04.01 12:28:45 Scanning 83 point from 288
04.01 12:28:45 Going to coordinates X=-7.913, Y=-35.438
04.01 12:28:46 Moving is finished
04.01 12:30:54 Scanning 84 point from 288
04.01 12:30:54 Going to coordinates X=-8.793, Y=-35.358
04.01 12:30:54 Moving is finished
04.01 12:33:03 Scanning 85 point from 288
04.01 12:33:03 Going to coordinates X=-8.713, Y=-35.358
04.01 12:33:03 Moving is finished
04.01 12:35:11 Scanning 86 point from 288
04.01 12:35:11 Going to coordinates X=-8.633, Y=-35.358
04.01 12:35:11 Moving is finished
04.01 12:37:19 Scanning 87 point from 288
04.01 12:37:19 Going to coordinates X=-8.553, Y=-35.358
04.01 12:37:19 Moving is finished
04.01 12:39:28 Scanning 88 point from 288
04.01 12:39:28 Going to coordinates X=-8.473, Y=-35.358
04.01 12:39:28 Moving is finished
04.01 12:41:36 Scanning 89 point from 288
04.01 12:41:36 Going to coordinates X=-8.393, Y=-35.358
04.01 12:41:37 Moving is finished
04.01 12:43:44 Scanning 90 point from 288
04.01 12:43:50 Going to coordinates X=-8.313, Y=-35.358
04.01 12:43:50 Moving is finished
04.01 12:45:58 Scanning 91 point from 288
04.01 12:45:58 Going to coordinates X=-8.233, Y=-35.358
04.01 12:45:58 Moving is finished
04.01 12:48:07 Scanning 92 point from 288
04.01 12:48:07 Going to coordinates X=-8.153, Y=-35.358
04.01 12:48:07 Moving is finished
04.01 12:50:15 Scanning 93 point from 288
04.01 12:50:15 Going to coordinates X=-8.073, Y=-35.358
04.01 12:50:15 Moving is finished
04.01 12:52:23 Scanning 94 point from 288
04.01 12:52:23 Going to coordinates X=-7.993, Y=-35.358
04.01 12:52:24 Moving is finished
04.01 12:54:32 Scanning 95 point from 288
04.01 12:54:32 Going to coordinates X=-7.913, Y=-35.358
04.01 12:54:32 Moving is finished
04.01 12:56:40 Scanning 96 point from 288
04.01 12:56:40 Going to coordinates X=-8.793, Y=-35.278
04.01 12:56:41 Moving is finished
04.01 12:58:49 Scanning 97 point from 288
04.01 12:58:49 Going to coordinates X=-8.713, Y=-35.278
04.01 12:58:49 Moving is finished
04.01 13:00:58 Scanning 98 point from 288
04.01 13:00:58 Going to coordinates X=-8.633, Y=-35.278
04.01 13:00:58 Moving is finished
04.01 13:03:06 Scanning 99 point from 288
04.01 13:03:06 Going to coordinates X=-8.553, Y=-35.278
04.01 13:03:06 Moving is finished
04.01 13:05:15 Scanning 100 point from 288
04.01 13:05:21 Going to coordinates X=-8.473, Y=-35.278
04.01 13:05:21 Moving is finished
04.01 13:07:30 Scanning 101 point from 288
04.01 13:07:30 Going to coordinates X=-8.393, Y=-35.278
04.01 13:07:30 Moving is finished
04.01 13:09:38 Scanning 102 point from 288
04.01 13:09:38 Going to coordinates X=-8.313, Y=-35.278
04.01 13:09:39 Moving is finished
04.01 13:11:47 Scanning 103 point from 288
04.01 13:11:47 Going to coordinates X=-8.233, Y=-35.278
04.01 13:11:47 Moving is finished
04.01 13:13:55 Scanning 104 point from 288
04.01 13:13:55 Going to coordinates X=-8.153, Y=-35.278
04.01 13:13:55 Moving is finished
04.01 13:16:04 Scanning 105 point from 288
04.01 13:16:04 Going to coordinates X=-8.073, Y=-35.278
04.01 13:16:04 Moving is finished
04.01 13:18:12 Scanning 106 point from 288
04.01 13:18:12 Going to coordinates X=-7.993, Y=-35.278
04.01 13:18:13 Moving is finished
04.01 13:20:22 Scanning 107 point from 288
04.01 13:20:22 Going to coordinates X=-7.913, Y=-35.278
04.01 13:20:22 Moving is finished
04.01 13:22:30 Scanning 108 point from 288
04.01 13:22:30 Going to coordinates X=-8.793, Y=-35.198
04.01 13:22:31 Moving is finished
04.01 13:24:39 Scanning 109 point from 288
04.01 13:24:39 Going to coordinates X=-8.713, Y=-35.198
04.01 13:24:39 Moving is finished
04.01 13:26:47 Scanning 110 point from 288
04.01 13:26:53 Going to coordinates X=-8.633, Y=-35.198
04.01 13:26:53 Moving is finished
04.01 13:29:01 Scanning 111 point from 288
04.01 13:29:01 Going to coordinates X=-8.553, Y=-35.198
04.01 13:29:01 Moving is finished
04.01 13:31:09 Scanning 112 point from 288
04.01 13:31:09 Going to coordinates X=-8.473, Y=-35.198
04.01 13:31:10 Moving is finished
04.01 13:33:18 Scanning 113 point from 288
04.01 13:33:18 Going to coordinates X=-8.393, Y=-35.198
04.01 13:33:18 Moving is finished
04.01 13:35:26 Scanning 114 point from 288
04.01 13:35:26 Going to coordinates X=-8.313, Y=-35.198
04.01 13:35:26 Moving is finished
04.01 13:37:35 Scanning 115 point from 288
04.01 13:37:35 Going to coordinates X=-8.233, Y=-35.198
04.01 13:37:35 Moving is finished
04.01 13:39:43 Scanning 116 point from 288
04.01 13:39:43 Going to coordinates X=-8.153, Y=-35.198
04.01 13:39:43 Moving is finished
04.01 13:41:51 Scanning 117 point from 288
04.01 13:41:51 Going to coordinates X=-8.073, Y=-35.198
04.01 13:41:51 Moving is finished
04.01 13:44:00 Scanning 118 point from 288
04.01 13:44:00 Going to coordinates X=-7.993, Y=-35.198
04.01 13:44:00 Moving is finished
04.01 13:46:08 Scanning 119 point from 288
04.01 13:46:08 Going to coordinates X=-7.913, Y=-35.198
04.01 13:46:09 Moving is finished
04.01 13:48:18 Scanning 120 point from 288
04.01 13:48:23 Going to coordinates X=-8.793, Y=-35.118
04.01 13:48:23 Moving is finished
04.01 13:50:32 Scanning 121 point from 288
04.01 13:50:32 Going to coordinates X=-8.713, Y=-35.118
04.01 13:50:32 Moving is finished
04.01 13:52:40 Scanning 122 point from 288
04.01 13:52:40 Going to coordinates X=-8.633, Y=-35.118
04.01 13:52:40 Moving is finished
04.01 13:54:49 Scanning 123 point from 288
04.01 13:54:49 Going to coordinates X=-8.553, Y=-35.118
04.01 13:54:49 Moving is finished
04.01 13:56:57 Scanning 124 point from 288
04.01 13:56:57 Going to coordinates X=-8.473, Y=-35.118
04.01 13:56:58 Moving is finished
04.01 13:59:06 Scanning 125 point from 288
04.01 13:59:06 Going to coordinates X=-8.393, Y=-35.118
04.01 13:59:06 Moving is finished
04.01 14:01:14 Scanning 126 point from 288
04.01 14:01:14 Going to coordinates X=-8.313, Y=-35.118
04.01 14:01:15 Moving is finished
04.01 14:03:23 Scanning 127 point from 288
04.01 14:03:23 Going to coordinates X=-8.233, Y=-35.118
04.01 14:03:23 Moving is finished
04.01 14:05:31 Scanning 128 point from 288
04.01 14:05:31 Going to coordinates X=-8.153, Y=-35.118
04.01 14:05:32 Moving is finished
04.01 14:07:40 Scanning 129 point from 288
04.01 14:07:40 Going to coordinates X=-8.073, Y=-35.118
04.01 14:07:40 Moving is finished
04.01 14:09:48 Scanning 130 point from 288
04.01 14:09:53 Going to coordinates X=-7.993, Y=-35.118
04.01 14:09:53 Moving is finished
04.01 14:12:01 Scanning 131 point from 288
04.01 14:12:01 Going to coordinates X=-7.913, Y=-35.118
04.01 14:12:01 Moving is finished
04.01 14:14:09 Scanning 132 point from 288
04.01 14:14:09 Going to coordinates X=-8.793, Y=-35.038
04.01 14:14:10 Moving is finished
04.01 14:16:18 Scanning 133 point from 288
04.01 14:16:18 Going to coordinates X=-8.713, Y=-35.038
04.01 14:16:19 Moving is finished
04.01 14:18:26 Scanning 134 point from 288
04.01 14:18:26 Going to coordinates X=-8.633, Y=-35.038
04.01 14:18:27 Moving is finished
04.01 14:20:35 Scanning 135 point from 288
04.01 14:20:35 Going to coordinates X=-8.553, Y=-35.038
04.01 14:20:36 Moving is finished
04.01 14:22:44 Scanning 136 point from 288
04.01 14:22:44 Going to coordinates X=-8.473, Y=-35.038
04.01 14:22:44 Moving is finished
04.01 14:24:52 Scanning 137 point from 288
04.01 14:24:52 Going to coordinates X=-8.393, Y=-35.038
04.01 14:24:53 Moving is finished
04.01 14:27:01 Scanning 138 point from 288
04.01 14:27:01 Going to coordinates X=-8.313, Y=-35.038
04.01 14:27:01 Moving is finished
04.01 14:29:09 Scanning 139 point from 288
04.01 14:29:09 Going to coordinates X=-8.233, Y=-35.038
04.01 14:29:09 Moving is finished
04.01 14:31:18 Scanning 140 point from 288
04.01 14:31:23 Going to coordinates X=-8.153, Y=-35.038
04.01 14:31:23 Moving is finished
04.01 14:33:32 Scanning 141 point from 288
04.01 14:33:32 Going to coordinates X=-8.073, Y=-35.038
04.01 14:33:32 Moving is finished
04.01 14:35:41 Scanning 142 point from 288
04.01 14:35:41 Going to coordinates X=-7.993, Y=-35.038
04.01 14:35:41 Moving is finished
04.01 14:37:49 Scanning 143 point from 288
04.01 14:37:49 Going to coordinates X=-7.913, Y=-35.038
04.01 14:37:50 Moving is finished
04.01 14:39:58 Scanning 144 point from 288
04.01 14:39:58 Going to coordinates X=-8.793, Y=-34.958
04.01 14:39:59 Moving is finished
04.01 14:42:07 Scanning 145 point from 288
04.01 14:42:07 Going to coordinates X=-8.713, Y=-34.958
04.01 14:42:07 Moving is finished
04.01 14:44:15 Scanning 146 point from 288
04.01 14:44:15 Going to coordinates X=-8.633, Y=-34.958
04.01 14:44:16 Moving is finished
04.01 14:46:24 Scanning 147 point from 288
04.01 14:46:24 Going to coordinates X=-8.553, Y=-34.958
04.01 14:46:24 Moving is finished
04.01 14:48:33 Scanning 148 point from 288
04.01 14:48:33 Going to coordinates X=-8.473, Y=-34.958
04.01 14:48:33 Moving is finished
04.01 14:50:42 Scanning 149 point from 288
04.01 14:50:42 Going to coordinates X=-8.393, Y=-34.958
04.01 14:50:42 Moving is finished
04.01 14:52:51 Scanning 150 point from 288
04.01 14:52:56 Going to coordinates X=-8.313, Y=-34.958
04.01 14:52:56 Moving is finished
04.01 14:55:04 Scanning 151 point from 288
04.01 14:55:04 Going to coordinates X=-8.233, Y=-34.958
04.01 14:55:04 Moving is finished
04.01 14:57:13 Scanning 152 point from 288
04.01 14:57:13 Going to coordinates X=-8.153, Y=-34.958
04.01 14:57:13 Moving is finished
04.01 14:59:21 Scanning 153 point from 288
04.01 14:59:21 Going to coordinates X=-8.073, Y=-34.958
04.01 14:59:22 Moving is finished
04.01 15:01:30 Scanning 154 point from 288
04.01 15:01:30 Going to coordinates X=-7.993, Y=-34.958
04.01 15:01:31 Moving is finished
04.01 15:03:38 Scanning 155 point from 288
04.01 15:03:38 Going to coordinates X=-7.913, Y=-34.958
04.01 15:03:39 Moving is finished
04.01 15:05:47 Scanning 156 point from 288
04.01 15:05:47 Going to coordinates X=-8.793, Y=-34.878
04.01 15:05:48 Moving is finished
04.01 15:07:56 Scanning 157 point from 288
04.01 15:07:56 Going to coordinates X=-8.713, Y=-34.878
04.01 15:07:56 Moving is finished
04.01 15:10:04 Scanning 158 point from 288
04.01 15:10:04 Going to coordinates X=-8.633, Y=-34.878
04.01 15:10:04 Moving is finished
04.01 15:12:12 Scanning 159 point from 288
04.01 15:12:12 Going to coordinates X=-8.553, Y=-34.878
04.01 15:12:13 Moving is finished
04.01 15:14:21 Scanning 160 point from 288
04.01 15:15:11 Status responce is malformed
04.01 15:15:11 list index out of range
04.01 15:15:26 Going to coordinates X=-8.473, Y=-34.878
04.01 15:15:26 Moving is finished
04.01 15:17:35 Scanning 161 point from 288
04.01 15:17:35 Going to coordinates X=-8.393, Y=-34.878
04.01 15:17:35 Moving is finished
04.01 15:19:43 Scanning 162 point from 288
04.01 15:19:43 Going to coordinates X=-8.313, Y=-34.878
04.01 15:19:43 Moving is finished
04.01 15:21:51 Scanning 163 point from 288
04.01 15:21:51 Going to coordinates X=-8.233, Y=-34.878
04.01 15:21:52 Moving is finished
04.01 15:24:00 Scanning 164 point from 288
04.01 15:24:00 Going to coordinates X=-8.153, Y=-34.878
04.01 15:24:01 Moving is finished
04.01 15:26:09 Scanning 165 point from 288
04.01 15:26:09 Going to coordinates X=-8.073, Y=-34.878
04.01 15:26:09 Moving is finished
04.01 15:28:17 Scanning 166 point from 288
04.01 15:28:17 Going to coordinates X=-7.993, Y=-34.878
04.01 15:28:17 Moving is finished
04.01 15:30:25 Scanning 167 point from 288
04.01 15:30:25 Going to coordinates X=-7.913, Y=-34.878
04.01 15:30:25 Moving is finished
04.01 15:32:33 Scanning 168 point from 288
04.01 15:32:33 Going to coordinates X=-8.793, Y=-34.798
04.01 15:32:34 Moving is finished
04.01 15:34:43 Scanning 169 point from 288
04.01 15:34:43 Going to coordinates X=-8.713, Y=-34.798
04.01 15:34:43 Moving is finished
04.01 15:36:51 Scanning 170 point from 288
04.01 15:36:56 Going to coordinates X=-8.633, Y=-34.798
04.01 15:36:57 Moving is finished
04.01 15:39:05 Scanning 171 point from 288
04.01 15:39:05 Going to coordinates X=-8.553, Y=-34.798
04.01 15:39:05 Moving is finished
04.01 15:41:13 Scanning 172 point from 288
04.01 15:41:13 Going to coordinates X=-8.473, Y=-34.798
04.01 15:41:13 Moving is finished
04.01 15:43:22 Scanning 173 point from 288
04.01 15:43:22 Going to coordinates X=-8.393, Y=-34.798
04.01 15:43:22 Moving is finished
04.01 15:45:30 Scanning 174 point from 288
04.01 15:45:30 Going to coordinates X=-8.313, Y=-34.798
04.01 15:45:30 Moving is finished
04.01 15:47:39 Scanning 175 point from 288
04.01 15:47:39 Going to coordinates X=-8.233, Y=-34.798
04.01 15:47:39 Moving is finished
04.01 15:49:47 Scanning 176 point from 288
04.01 15:49:47 Going to coordinates X=-8.153, Y=-34.798
04.01 15:49:48 Moving is finished
04.01 15:51:55 Scanning 177 point from 288
04.01 15:51:55 Going to coordinates X=-8.073, Y=-34.798
04.01 15:51:56 Moving is finished
04.01 15:54:04 Scanning 178 point from 288
04.01 15:54:04 Going to coordinates X=-7.993, Y=-34.798
04.01 15:54:05 Moving is finished
04.01 15:56:13 Scanning 179 point from 288
04.01 15:56:13 Going to coordinates X=-7.913, Y=-34.798
04.01 15:56:14 Moving is finished
04.01 15:58:21 Scanning 180 point from 288
04.01 15:58:27 Going to coordinates X=-8.793, Y=-34.718
04.01 15:58:27 Moving is finished
04.01 16:00:36 Scanning 181 point from 288
04.01 16:00:36 Going to coordinates X=-8.713, Y=-34.718
04.01 16:00:36 Moving is finished
04.01 16:02:45 Scanning 182 point from 288
04.01 16:02:45 Going to coordinates X=-8.633, Y=-34.718
04.01 16:02:45 Moving is finished
04.01 16:04:53 Scanning 183 point from 288
04.01 16:04:53 Going to coordinates X=-8.553, Y=-34.718
04.01 16:04:53 Moving is finished
04.01 16:07:01 Scanning 184 point from 288
04.01 16:07:01 Going to coordinates X=-8.473, Y=-34.718
04.01 16:07:01 Moving is finished
04.01 16:09:10 Scanning 185 point from 288
04.01 16:09:10 Going to coordinates X=-8.393, Y=-34.718
04.01 16:09:10 Moving is finished
04.01 16:11:18 Scanning 186 point from 288
04.01 16:11:18 Going to coordinates X=-8.313, Y=-34.718
04.01 16:11:18 Moving is finished
04.01 16:13:26 Scanning 187 point from 288
04.01 16:13:26 Going to coordinates X=-8.233, Y=-34.718
04.01 16:13:26 Moving is finished
04.01 16:15:35 Scanning 188 point from 288
04.01 16:15:35 Going to coordinates X=-8.153, Y=-34.718
04.01 16:15:35 Moving is finished
04.01 16:17:44 Scanning 189 point from 288
04.01 16:17:44 Going to coordinates X=-8.073, Y=-34.718
04.01 16:17:44 Moving is finished
04.01 16:19:53 Scanning 190 point from 288
04.01 16:19:57 Going to coordinates X=-7.993, Y=-34.718
04.01 16:19:57 Moving is finished
04.01 16:22:05 Scanning 191 point from 288
04.01 16:22:05 Going to coordinates X=-7.913, Y=-34.718
04.01 16:22:05 Moving is finished
04.01 16:24:13 Scanning 192 point from 288
04.01 16:24:13 Going to coordinates X=-8.793, Y=-34.638
04.01 16:24:14 Moving is finished
04.01 16:26:22 Scanning 193 point from 288
04.01 16:26:22 Going to coordinates X=-8.713, Y=-34.638
04.01 16:26:22 Moving is finished
04.01 16:28:31 Scanning 194 point from 288
04.01 16:28:31 Going to coordinates X=-8.633, Y=-34.638
04.01 16:28:31 Moving is finished
04.01 16:30:39 Scanning 195 point from 288
04.01 16:30:39 Going to coordinates X=-8.553, Y=-34.638
04.01 16:30:40 Moving is finished
04.01 16:32:48 Scanning 196 point from 288
04.01 16:32:48 Going to coordinates X=-8.473, Y=-34.638
04.01 16:32:48 Moving is finished
04.01 16:34:58 Scanning 197 point from 288
04.01 16:34:58 Going to coordinates X=-8.393, Y=-34.638
04.01 16:34:58 Moving is finished
04.01 16:37:06 Scanning 198 point from 288
04.01 16:37:06 Going to coordinates X=-8.313, Y=-34.638
04.01 16:37:06 Moving is finished
04.01 16:39:14 Scanning 199 point from 288
04.01 16:39:14 Going to coordinates X=-8.233, Y=-34.638
04.01 16:39:14 Moving is finished
04.01 16:41:22 Scanning 200 point from 288
04.01 16:41:27 Going to coordinates X=-8.153, Y=-34.638
04.01 16:41:28 Moving is finished
04.01 16:43:36 Scanning 201 point from 288
04.01 16:43:36 Going to coordinates X=-8.073, Y=-34.638
04.01 16:43:36 Moving is finished
04.01 16:45:45 Scanning 202 point from 288
04.01 16:45:45 Going to coordinates X=-7.993, Y=-34.638
04.01 16:45:45 Moving is finished
04.01 16:47:53 Scanning 203 point from 288
04.01 16:47:53 Going to coordinates X=-7.913, Y=-34.638
04.01 16:47:54 Moving is finished
04.01 16:50:02 Scanning 204 point from 288
04.01 16:50:02 Going to coordinates X=-8.793, Y=-34.558
04.01 16:50:02 Moving is finished
04.01 16:52:11 Scanning 205 point from 288
04.01 16:52:11 Going to coordinates X=-8.713, Y=-34.558
04.01 16:52:11 Moving is finished
04.01 16:54:19 Scanning 206 point from 288
04.01 16:54:19 Going to coordinates X=-8.633, Y=-34.558
04.01 16:54:19 Moving is finished
04.01 16:56:27 Scanning 207 point from 288
04.01 16:56:27 Going to coordinates X=-8.553, Y=-34.558
04.01 16:56:28 Moving is finished
04.01 16:58:35 Scanning 208 point from 288
04.01 16:58:35 Going to coordinates X=-8.473, Y=-34.558
04.01 16:58:36 Moving is finished
04.01 17:00:44 Scanning 209 point from 288
04.01 17:00:44 Going to coordinates X=-8.393, Y=-34.558
04.01 17:00:44 Moving is finished
04.01 17:02:52 Scanning 210 point from 288
04.01 17:02:54 Going to coordinates X=-8.313, Y=-34.558
04.01 17:02:54 Moving is finished
04.01 17:05:02 Scanning 211 point from 288
04.01 17:05:02 Going to coordinates X=-8.233, Y=-34.558
04.01 17:05:03 Moving is finished
04.01 17:07:11 Scanning 212 point from 288
04.01 17:07:11 Going to coordinates X=-8.153, Y=-34.558
04.01 17:07:11 Moving is finished
04.01 17:09:19 Scanning 213 point from 288
04.01 17:09:19 Going to coordinates X=-8.073, Y=-34.558
04.01 17:09:19 Moving is finished
04.01 17:11:28 Scanning 214 point from 288
04.01 17:11:28 Going to coordinates X=-7.993, Y=-34.558
04.01 17:11:28 Moving is finished
04.01 17:13:36 Scanning 215 point from 288
04.01 17:13:36 Going to coordinates X=-7.913, Y=-34.558
04.01 17:13:37 Moving is finished
04.01 17:15:46 Scanning 216 point from 288
04.01 17:15:46 Going to coordinates X=-8.793, Y=-34.478
04.01 17:15:46 Moving is finished
04.01 17:17:55 Scanning 217 point from 288
04.01 17:17:55 Going to coordinates X=-8.713, Y=-34.478
04.01 17:17:55 Moving is finished
04.01 17:20:03 Scanning 218 point from 288
04.01 17:20:03 Going to coordinates X=-8.633, Y=-34.478
04.01 17:20:04 Moving is finished
04.01 17:22:12 Scanning 219 point from 288
04.01 17:22:12 Going to coordinates X=-8.553, Y=-34.478
04.01 17:22:12 Moving is finished
04.01 17:24:20 Scanning 220 point from 288
04.01 17:24:25 Going to coordinates X=-8.473, Y=-34.478
04.01 17:24:26 Moving is finished
04.01 17:26:34 Scanning 221 point from 288
04.01 17:26:34 Going to coordinates X=-8.393, Y=-34.478
04.01 17:26:34 Moving is finished
04.01 17:28:43 Scanning 222 point from 288
04.01 17:28:43 Going to coordinates X=-8.313, Y=-34.478
04.01 17:28:43 Moving is finished
04.01 17:30:51 Scanning 223 point from 288
04.01 17:30:51 Going to coordinates X=-8.233, Y=-34.478
04.01 17:30:51 Moving is finished
04.01 17:32:59 Scanning 224 point from 288
04.01 17:32:59 Going to coordinates X=-8.153, Y=-34.478
04.01 17:32:59 Moving is finished
04.01 17:35:07 Scanning 225 point from 288
04.01 17:35:07 Going to coordinates X=-8.073, Y=-34.478
04.01 17:35:08 Moving is finished
04.01 17:37:16 Scanning 226 point from 288
04.01 17:37:16 Going to coordinates X=-7.993, Y=-34.478
04.01 17:37:17 Moving is finished
04.01 17:39:24 Scanning 227 point from 288
04.01 17:39:24 Going to coordinates X=-7.913, Y=-34.478
04.01 17:39:25 Moving is finished
04.01 17:41:33 Scanning 228 point from 288
04.01 17:41:33 Going to coordinates X=-8.793, Y=-34.398
04.01 17:41:33 Moving is finished
04.01 17:43:42 Scanning 229 point from 288
04.01 17:43:42 Going to coordinates X=-8.713, Y=-34.398
04.01 17:43:42 Moving is finished
04.01 17:45:51 Scanning 230 point from 288
04.01 17:45:55 Going to coordinates X=-8.633, Y=-34.398
04.01 17:45:55 Moving is finished
04.01 17:48:04 Scanning 231 point from 288
04.01 17:48:04 Going to coordinates X=-8.553, Y=-34.398
04.01 17:48:04 Moving is finished
04.01 17:50:12 Scanning 232 point from 288
04.01 17:50:12 Going to coordinates X=-8.473, Y=-34.398
04.01 17:50:12 Moving is finished
04.01 17:52:20 Scanning 233 point from 288
04.01 17:52:20 Going to coordinates X=-8.393, Y=-34.398
04.01 17:52:20 Moving is finished
04.01 17:54:28 Scanning 234 point from 288
04.01 17:54:28 Going to coordinates X=-8.313, Y=-34.398
04.01 17:54:28 Moving is finished
04.01 17:56:37 Scanning 235 point from 288
04.01 17:56:37 Going to coordinates X=-8.233, Y=-34.398
04.01 17:56:37 Moving is finished
04.01 17:58:46 Scanning 236 point from 288
04.01 17:58:46 Going to coordinates X=-8.153, Y=-34.398
04.01 17:58:46 Moving is finished
04.01 18:00:54 Scanning 237 point from 288
04.01 18:00:54 Going to coordinates X=-8.073, Y=-34.398
04.01 18:00:55 Moving is finished
04.01 18:03:03 Scanning 238 point from 288
04.01 18:03:03 Going to coordinates X=-7.993, Y=-34.398
04.01 18:03:03 Moving is finished
04.01 18:05:11 Scanning 239 point from 288
04.01 18:05:11 Going to coordinates X=-7.913, Y=-34.398
04.01 18:05:11 Moving is finished
04.01 18:07:20 Scanning 240 point from 288
04.01 18:07:25 Going to coordinates X=-8.793, Y=-34.318
04.01 18:07:25 Moving is finished
04.01 18:09:33 Scanning 241 point from 288
04.01 18:09:33 Going to coordinates X=-8.713, Y=-34.318
04.01 18:09:34 Moving is finished
04.01 18:11:42 Scanning 242 point from 288
04.01 18:11:42 Going to coordinates X=-8.633, Y=-34.318
04.01 18:11:42 Moving is finished
04.01 18:13:50 Scanning 243 point from 288
04.01 18:13:50 Going to coordinates X=-8.553, Y=-34.318
04.01 18:13:50 Moving is finished
04.01 18:15:58 Scanning 244 point from 288
04.01 18:15:58 Going to coordinates X=-8.473, Y=-34.318
04.01 18:15:59 Moving is finished
04.01 18:18:06 Scanning 245 point from 288
04.01 18:18:06 Going to coordinates X=-8.393, Y=-34.318
04.01 18:18:07 Moving is finished
04.01 18:18:51 Stopped!
