07.12 12:31:02 Initializing grbl...
07.12 12:31:02 Got the response: b''
07.12 12:36:26 Row 0: 07.12 12:36:26 Map: x1: -14.0, y1: -41.621, x2: -14.62, y2: -37.744, xres: 0.100, yres: 0.100, fname: DVD-Target-1
07.12 12:36:26 Scanning 0 point from 320
07.12 12:36:26 Going to coordinates X=-14.620, Y=-41.621
07.12 12:36:28 Moving is finished
07.12 12:37:13 Scanning 1 point from 320
07.12 12:37:13 Going to coordinates X=-14.520, Y=-41.621
07.12 12:37:14 Moving is finished
07.12 12:37:58 Scanning 2 point from 320
07.12 12:37:58 Going to coordinates X=-14.420, Y=-41.621
07.12 12:37:59 Moving is finished
07.12 12:38:43 Scanning 3 point from 320
07.12 12:38:43 Going to coordinates X=-14.320, Y=-41.621
07.12 12:38:44 Moving is finished
07.12 12:39:28 Scanning 4 point from 320
07.12 12:39:28 Going to coordinates X=-14.220, Y=-41.621
07.12 12:39:29 Moving is finished
07.12 12:40:13 Scanning 5 point from 320
07.12 12:40:13 Going to coordinates X=-14.120, Y=-41.621
07.12 12:40:14 Moving is finished
07.12 12:40:58 Scanning 6 point from 320
07.12 12:40:58 Going to coordinates X=-14.020, Y=-41.621
07.12 12:40:58 Moving is finished
07.12 12:41:43 Scanning 7 point from 320
07.12 12:41:43 Going to coordinates X=-13.920, Y=-41.621
07.12 12:41:43 Moving is finished
07.12 12:42:28 Scanning 8 point from 320
07.12 12:42:28 Going to coordinates X=-14.620, Y=-41.521
07.12 12:42:29 Moving is finished
07.12 12:43:14 Scanning 9 point from 320
07.12 12:43:14 Going to coordinates X=-14.520, Y=-41.521
07.12 12:43:14 Moving is finished
07.12 12:43:59 Scanning 10 point from 320
07.12 12:43:59 Going to coordinates X=-14.420, Y=-41.521
07.12 12:44:00 Moving is finished
07.12 12:44:44 Scanning 11 point from 320
07.12 12:44:44 Going to coordinates X=-14.320, Y=-41.521
07.12 12:44:44 Moving is finished
07.12 12:45:30 Scanning 12 point from 320
07.12 12:45:30 Going to coordinates X=-14.220, Y=-41.521
07.12 12:45:30 Moving is finished
07.12 12:46:15 Scanning 13 point from 320
07.12 12:46:15 Going to coordinates X=-14.120, Y=-41.521
07.12 12:46:16 Moving is finished
07.12 12:47:00 Scanning 14 point from 320
07.12 12:47:00 Going to coordinates X=-14.020, Y=-41.521
07.12 12:47:01 Moving is finished
07.12 12:47:45 Scanning 15 point from 320
07.12 12:47:45 Going to coordinates X=-13.920, Y=-41.521
07.12 12:47:46 Moving is finished
07.12 12:48:30 Scanning 16 point from 320
07.12 12:48:30 Going to coordinates X=-14.620, Y=-41.421
07.12 12:48:31 Moving is finished
07.12 12:49:16 Scanning 17 point from 320
07.12 12:49:16 Going to coordinates X=-14.520, Y=-41.421
07.12 12:49:16 Moving is finished
07.12 12:50:01 Scanning 18 point from 320
07.12 12:50:01 Going to coordinates X=-14.420, Y=-41.421
07.12 12:50:01 Moving is finished
07.12 12:50:46 Scanning 19 point from 320
07.12 12:50:46 Going to coordinates X=-14.320, Y=-41.421
07.12 12:50:46 Moving is finished
07.12 12:51:31 Scanning 20 point from 320
07.12 12:51:31 Going to coordinates X=-14.220, Y=-41.421
07.12 12:51:31 Moving is finished
07.12 12:52:16 Scanning 21 point from 320
07.12 12:52:16 Going to coordinates X=-14.120, Y=-41.421
07.12 12:52:16 Moving is finished
07.12 12:53:01 Scanning 22 point from 320
07.12 12:53:01 Going to coordinates X=-14.020, Y=-41.421
07.12 12:53:01 Moving is finished
07.12 12:53:46 Scanning 23 point from 320
07.12 12:53:46 Going to coordinates X=-13.920, Y=-41.421
07.12 12:53:46 Moving is finished
07.12 12:54:31 Scanning 24 point from 320
07.12 12:54:31 Going to coordinates X=-14.620, Y=-41.321
07.12 12:54:31 Moving is finished
07.12 12:55:16 Scanning 25 point from 320
07.12 12:55:16 Going to coordinates X=-14.520, Y=-41.321
07.12 12:55:17 Moving is finished
07.12 12:56:02 Scanning 26 point from 320
07.12 12:56:02 Going to coordinates X=-14.420, Y=-41.321
07.12 12:56:02 Moving is finished
07.12 12:56:47 Scanning 27 point from 320
07.12 12:56:47 Going to coordinates X=-14.320, Y=-41.321
07.12 12:56:47 Moving is finished
07.12 12:57:32 Scanning 28 point from 320
07.12 12:57:32 Going to coordinates X=-14.220, Y=-41.321
07.12 12:57:32 Moving is finished
07.12 12:58:17 Scanning 29 point from 320
07.12 12:58:17 Going to coordinates X=-14.120, Y=-41.321
07.12 12:58:17 Moving is finished
07.12 12:59:02 Scanning 30 point from 320
07.12 12:59:02 Going to coordinates X=-14.020, Y=-41.321
07.12 12:59:03 Moving is finished
07.12 12:59:48 Scanning 31 point from 320
07.12 12:59:48 Going to coordinates X=-13.920, Y=-41.321
07.12 12:59:48 Moving is finished
07.12 13:00:33 Scanning 32 point from 320
07.12 13:00:33 Going to coordinates X=-14.620, Y=-41.221
07.12 13:00:33 Moving is finished
07.12 13:01:19 Scanning 33 point from 320
07.12 13:01:19 Going to coordinates X=-14.520, Y=-41.221
07.12 13:01:19 Moving is finished
07.12 13:02:03 Scanning 34 point from 320
07.12 13:02:03 Going to coordinates X=-14.420, Y=-41.221
07.12 13:02:04 Moving is finished
07.12 13:02:48 Scanning 35 point from 320
07.12 13:02:48 Going to coordinates X=-14.320, Y=-41.221
07.12 13:02:48 Moving is finished
07.12 13:03:33 Scanning 36 point from 320
07.12 13:03:33 Going to coordinates X=-14.220, Y=-41.221
07.12 13:03:33 Moving is finished
07.12 13:04:18 Scanning 37 point from 320
07.12 13:04:18 Going to coordinates X=-14.120, Y=-41.221
07.12 13:04:19 Moving is finished
07.12 13:05:03 Scanning 38 point from 320
07.12 13:05:03 Going to coordinates X=-14.020, Y=-41.221
07.12 13:05:04 Moving is finished
07.12 13:05:49 Scanning 39 point from 320
07.12 13:05:49 Going to coordinates X=-13.920, Y=-41.221
07.12 13:05:49 Moving is finished
07.12 13:06:34 Scanning 40 point from 320
07.12 13:06:34 Going to coordinates X=-14.620, Y=-41.121
07.12 13:06:35 Moving is finished
07.12 13:07:19 Scanning 41 point from 320
07.12 13:07:19 Going to coordinates X=-14.520, Y=-41.121
07.12 13:07:20 Moving is finished
07.12 13:08:04 Scanning 42 point from 320
07.12 13:08:04 Going to coordinates X=-14.420, Y=-41.121
07.12 13:08:04 Moving is finished
07.12 13:08:50 Scanning 43 point from 320
07.12 13:08:50 Going to coordinates X=-14.320, Y=-41.121
07.12 13:08:50 Moving is finished
07.12 13:09:35 Scanning 44 point from 320
07.12 13:09:35 Going to coordinates X=-14.220, Y=-41.121
07.12 13:09:35 Moving is finished
07.12 13:10:19 Scanning 45 point from 320
07.12 13:10:19 Going to coordinates X=-14.120, Y=-41.121
07.12 13:10:20 Moving is finished
07.12 13:11:05 Scanning 46 point from 320
07.12 13:11:05 Going to coordinates X=-14.020, Y=-41.121
07.12 13:11:05 Moving is finished
07.12 13:11:50 Scanning 47 point from 320
07.12 13:11:50 Going to coordinates X=-13.920, Y=-41.121
07.12 13:11:50 Moving is finished
07.12 13:12:34 Scanning 48 point from 320
07.12 13:12:34 Going to coordinates X=-14.620, Y=-41.021
07.12 13:12:35 Moving is finished
07.12 13:13:19 Scanning 49 point from 320
07.12 13:13:19 Going to coordinates X=-14.520, Y=-41.021
07.12 13:13:20 Moving is finished
07.12 13:14:04 Scanning 50 point from 320
07.12 13:14:04 Going to coordinates X=-14.420, Y=-41.021
07.12 13:14:04 Moving is finished
07.12 13:14:49 Scanning 51 point from 320
07.12 13:14:49 Going to coordinates X=-14.320, Y=-41.021
07.12 13:14:50 Moving is finished
07.12 13:15:34 Scanning 52 point from 320
07.12 13:15:34 Going to coordinates X=-14.220, Y=-41.021
07.12 13:15:34 Moving is finished
07.12 13:16:19 Scanning 53 point from 320
07.12 13:16:19 Going to coordinates X=-14.120, Y=-41.021
07.12 13:16:19 Moving is finished
07.12 13:17:03 Scanning 54 point from 320
07.12 13:17:03 Going to coordinates X=-14.020, Y=-41.021
07.12 13:17:03 Moving is finished
07.12 13:17:48 Scanning 55 point from 320
07.12 13:17:48 Going to coordinates X=-13.920, Y=-41.021
07.12 13:17:48 Moving is finished
07.12 13:18:33 Scanning 56 point from 320
07.12 13:18:33 Going to coordinates X=-14.620, Y=-40.921
07.12 13:18:34 Moving is finished
07.12 13:19:19 Scanning 57 point from 320
07.12 13:19:19 Going to coordinates X=-14.520, Y=-40.921
07.12 13:19:19 Moving is finished
07.12 13:20:04 Scanning 58 point from 320
07.12 13:20:04 Going to coordinates X=-14.420, Y=-40.921
07.12 13:20:04 Moving is finished
07.12 13:20:49 Scanning 59 point from 320
07.12 13:20:49 Going to coordinates X=-14.320, Y=-40.921
07.12 13:20:50 Moving is finished
07.12 13:21:35 Scanning 60 point from 320
07.12 13:21:35 Going to coordinates X=-14.220, Y=-40.921
07.12 13:21:35 Moving is finished
07.12 13:22:19 Scanning 61 point from 320
07.12 13:22:19 Going to coordinates X=-14.120, Y=-40.921
07.12 13:22:20 Moving is finished
07.12 13:23:04 Scanning 62 point from 320
07.12 13:23:04 Going to coordinates X=-14.020, Y=-40.921
07.12 13:23:04 Moving is finished
07.12 13:23:49 Scanning 63 point from 320
07.12 13:23:49 Going to coordinates X=-13.920, Y=-40.921
07.12 13:23:49 Moving is finished
07.12 13:24:34 Scanning 64 point from 320
07.12 13:24:34 Going to coordinates X=-14.620, Y=-40.821
07.12 13:24:35 Moving is finished
07.12 13:25:20 Scanning 65 point from 320
07.12 13:25:20 Going to coordinates X=-14.520, Y=-40.821
07.12 13:25:20 Moving is finished
07.12 13:26:05 Scanning 66 point from 320
07.12 13:26:05 Going to coordinates X=-14.420, Y=-40.821
07.12 13:26:05 Moving is finished
07.12 13:26:50 Scanning 67 point from 320
07.12 13:26:50 Going to coordinates X=-14.320, Y=-40.821
07.12 13:26:50 Moving is finished
07.12 13:27:35 Scanning 68 point from 320
07.12 13:27:35 Going to coordinates X=-14.220, Y=-40.821
07.12 13:27:35 Moving is finished
07.12 13:28:19 Scanning 69 point from 320
07.12 13:28:19 Going to coordinates X=-14.120, Y=-40.821
07.12 13:28:20 Moving is finished
07.12 13:29:05 Scanning 70 point from 320
07.12 13:29:05 Going to coordinates X=-14.020, Y=-40.821
07.12 13:29:05 Moving is finished
07.12 13:29:50 Scanning 71 point from 320
07.12 13:29:50 Going to coordinates X=-13.920, Y=-40.821
07.12 13:29:50 Moving is finished
07.12 13:30:35 Scanning 72 point from 320
07.12 13:30:35 Going to coordinates X=-14.620, Y=-40.721
07.12 13:30:36 Moving is finished
07.12 13:31:20 Scanning 73 point from 320
07.12 13:31:20 Going to coordinates X=-14.520, Y=-40.721
07.12 13:31:21 Moving is finished
07.12 13:32:05 Scanning 74 point from 320
07.12 13:32:05 Going to coordinates X=-14.420, Y=-40.721
07.12 13:32:05 Moving is finished
07.12 13:32:50 Scanning 75 point from 320
07.12 13:32:50 Going to coordinates X=-14.320, Y=-40.721
07.12 13:32:50 Moving is finished
07.12 13:33:35 Scanning 76 point from 320
07.12 13:33:35 Going to coordinates X=-14.220, Y=-40.721
07.12 13:33:36 Moving is finished
07.12 13:34:20 Scanning 77 point from 320
07.12 13:34:20 Going to coordinates X=-14.120, Y=-40.721
07.12 13:34:20 Moving is finished
07.12 13:35:05 Scanning 78 point from 320
07.12 13:35:05 Going to coordinates X=-14.020, Y=-40.721
07.12 13:35:05 Moving is finished
07.12 13:35:50 Scanning 79 point from 320
07.12 13:35:50 Going to coordinates X=-13.920, Y=-40.721
07.12 13:35:50 Moving is finished
07.12 13:36:35 Scanning 80 point from 320
07.12 13:36:35 Going to coordinates X=-14.620, Y=-40.621
07.12 13:36:35 Moving is finished
07.12 13:37:20 Scanning 81 point from 320
07.12 13:37:20 Going to coordinates X=-14.520, Y=-40.621
07.12 13:37:20 Moving is finished
07.12 13:38:05 Scanning 82 point from 320
07.12 13:38:05 Going to coordinates X=-14.420, Y=-40.621
07.12 13:38:05 Moving is finished
07.12 13:38:50 Scanning 83 point from 320
07.12 13:38:50 Going to coordinates X=-14.320, Y=-40.621
07.12 13:38:50 Moving is finished
07.12 13:39:35 Scanning 84 point from 320
07.12 13:39:35 Going to coordinates X=-14.220, Y=-40.621
07.12 13:39:35 Moving is finished
07.12 13:40:20 Scanning 85 point from 320
07.12 13:40:20 Going to coordinates X=-14.120, Y=-40.621
07.12 13:40:20 Moving is finished
07.12 13:41:05 Scanning 86 point from 320
07.12 13:41:05 Going to coordinates X=-14.020, Y=-40.621
07.12 13:41:05 Moving is finished
07.12 13:41:50 Scanning 87 point from 320
07.12 13:41:50 Going to coordinates X=-13.920, Y=-40.621
07.12 13:41:50 Moving is finished
07.12 13:42:35 Scanning 88 point from 320
07.12 13:42:35 Going to coordinates X=-14.620, Y=-40.521
07.12 13:42:35 Moving is finished
07.12 13:43:20 Scanning 89 point from 320
07.12 13:43:20 Going to coordinates X=-14.520, Y=-40.521
07.12 13:43:20 Moving is finished
07.12 13:44:06 Scanning 90 point from 320
07.12 13:44:06 Going to coordinates X=-14.420, Y=-40.521
07.12 13:44:06 Moving is finished
07.12 13:44:51 Scanning 91 point from 320
07.12 13:44:51 Going to coordinates X=-14.320, Y=-40.521
07.12 13:44:51 Moving is finished
07.12 13:45:36 Scanning 92 point from 320
07.12 13:45:36 Going to coordinates X=-14.220, Y=-40.521
07.12 13:45:36 Moving is finished
07.12 13:46:21 Scanning 93 point from 320
07.12 13:46:21 Going to coordinates X=-14.120, Y=-40.521
07.12 13:46:22 Moving is finished
07.12 13:47:07 Scanning 94 point from 320
07.12 13:47:07 Going to coordinates X=-14.020, Y=-40.521
07.12 13:47:07 Moving is finished
07.12 13:47:52 Scanning 95 point from 320
07.12 13:47:52 Going to coordinates X=-13.920, Y=-40.521
07.12 13:47:52 Moving is finished
07.12 13:48:37 Scanning 96 point from 320
07.12 13:48:37 Going to coordinates X=-14.620, Y=-40.421
07.12 13:48:38 Moving is finished
07.12 13:49:23 Scanning 97 point from 320
07.12 13:49:23 Going to coordinates X=-14.520, Y=-40.421
07.12 13:49:23 Moving is finished
07.12 13:50:07 Scanning 98 point from 320
07.12 13:50:07 Going to coordinates X=-14.420, Y=-40.421
07.12 13:50:08 Moving is finished
07.12 13:50:52 Scanning 99 point from 320
07.12 13:50:52 Going to coordinates X=-14.320, Y=-40.421
07.12 13:50:53 Moving is finished07.12 13:50:53 Status responce is malformed

07.12 13:50:53 list index out of range
07.12 13:51:38 Scanning 100 point from 320
07.12 13:51:38 Going to coordinates X=-14.220, Y=-40.421
07.12 13:51:38 Moving is finished
07.12 13:52:22 Scanning 101 point from 320
07.12 13:52:22 Going to coordinates X=-14.120, Y=-40.421
07.12 13:52:23 Moving is finished
07.12 13:53:07 Scanning 102 point from 320
07.12 13:53:07 Going to coordinates X=-14.020, Y=-40.421
07.12 13:53:08 Moving is finished
07.12 13:53:52 Scanning 103 point from 320
07.12 13:53:52 Going to coordinates X=-13.920, Y=-40.421
07.12 13:53:52 Moving is finished
07.12 13:54:37 Scanning 104 point from 320
07.12 13:54:37 Going to coordinates X=-14.620, Y=-40.321
07.12 13:54:38 Moving is finished
07.12 13:55:22 Scanning 105 point from 320
07.12 13:55:22 Going to coordinates X=-14.520, Y=-40.321
07.12 13:55:22 Moving is finished
07.12 13:56:07 Scanning 106 point from 320
07.12 13:56:07 Going to coordinates X=-14.420, Y=-40.321
07.12 13:56:07 Moving is finished
07.12 13:56:52 Scanning 107 point from 320
07.12 13:56:52 Going to coordinates X=-14.320, Y=-40.321
07.12 13:56:53 Moving is finished
07.12 13:57:37 Scanning 108 point from 320
07.12 13:57:37 Going to coordinates X=-14.220, Y=-40.321
07.12 13:57:38 Moving is finished
07.12 13:58:22 Scanning 109 point from 320
07.12 13:58:22 Going to coordinates X=-14.120, Y=-40.321
07.12 13:58:22 Moving is finished
07.12 13:59:07 Scanning 110 point from 320
07.12 13:59:07 Going to coordinates X=-14.020, Y=-40.321
07.12 13:59:07 Moving is finished
07.12 13:59:51 Scanning 111 point from 320
07.12 13:59:51 Going to coordinates X=-13.920, Y=-40.321
07.12 13:59:52 Moving is finished
07.12 14:00:36 Scanning 112 point from 320
07.12 14:00:36 Going to coordinates X=-14.620, Y=-40.221
07.12 14:00:36 Moving is finished
07.12 14:01:21 Scanning 113 point from 320
07.12 14:01:21 Going to coordinates X=-14.520, Y=-40.221
07.12 14:01:21 Moving is finished
07.12 14:02:06 Scanning 114 point from 320
07.12 14:02:06 Going to coordinates X=-14.420, Y=-40.221
07.12 14:02:06 Moving is finished
07.12 14:02:50 Scanning 115 point from 320
07.12 14:02:50 Going to coordinates X=-14.320, Y=-40.221
07.12 14:02:51 Moving is finished
07.12 14:03:35 Scanning 116 point from 320
07.12 14:03:35 Going to coordinates X=-14.220, Y=-40.221
07.12 14:03:36 Moving is finished
07.12 14:04:21 Scanning 117 point from 320
07.12 14:04:21 Going to coordinates X=-14.120, Y=-40.221
07.12 14:04:21 Moving is finished
07.12 14:05:05 Scanning 118 point from 320
07.12 14:05:05 Going to coordinates X=-14.020, Y=-40.221
07.12 14:05:05 Moving is finished
07.12 14:05:50 Scanning 119 point from 320
07.12 14:05:50 Going to coordinates X=-13.920, Y=-40.221
07.12 14:05:50 Moving is finished
07.12 14:06:35 Scanning 120 point from 320
07.12 14:06:35 Going to coordinates X=-14.620, Y=-40.121
07.12 14:06:35 Moving is finished
07.12 14:07:20 Scanning 121 point from 320
07.12 14:07:20 Going to coordinates X=-14.520, Y=-40.121
07.12 14:07:20 Moving is finished
07.12 14:08:05 Scanning 122 point from 320
07.12 14:08:05 Going to coordinates X=-14.420, Y=-40.121
07.12 14:08:05 Moving is finished
07.12 14:08:50 Scanning 123 point from 320
07.12 14:08:50 Going to coordinates X=-14.320, Y=-40.121
07.12 14:08:51 Moving is finished
07.12 14:09:35 Scanning 124 point from 320
07.12 14:09:35 Going to coordinates X=-14.220, Y=-40.121
07.12 14:09:35 Moving is finished
07.12 14:10:21 Scanning 125 point from 320
07.12 14:10:21 Going to coordinates X=-14.120, Y=-40.121
07.12 14:10:21 Moving is finished
07.12 14:11:06 Scanning 126 point from 320
07.12 14:11:06 Going to coordinates X=-14.020, Y=-40.121
07.12 14:11:07 Moving is finished
07.12 14:11:52 Scanning 127 point from 320
07.12 14:11:52 Going to coordinates X=-13.920, Y=-40.121
07.12 14:11:52 Moving is finished
07.12 14:12:36 Scanning 128 point from 320
07.12 14:12:36 Going to coordinates X=-14.620, Y=-40.021
07.12 14:12:37 Moving is finished
07.12 14:13:22 Scanning 129 point from 320
07.12 14:13:22 Going to coordinates X=-14.520, Y=-40.021
07.12 14:13:22 Moving is finished
07.12 14:14:06 Scanning 130 point from 320
07.12 14:14:06 Going to coordinates X=-14.420, Y=-40.021
07.12 14:14:06 Moving is finished
07.12 14:14:51 Scanning 131 point from 320
07.12 14:14:51 Going to coordinates X=-14.320, Y=-40.021
07.12 14:14:51 Moving is finished
07.12 14:15:36 Scanning 132 point from 320
07.12 14:15:36 Going to coordinates X=-14.220, Y=-40.021
07.12 14:15:36 Moving is finished
07.12 14:16:21 Scanning 133 point from 320
07.12 14:16:21 Going to coordinates X=-14.120, Y=-40.021
07.12 14:16:21 Moving is finished
07.12 14:17:06 Scanning 134 point from 320
07.12 14:17:06 Going to coordinates X=-14.020, Y=-40.021
07.12 14:17:06 Moving is finished
07.12 14:17:50 Scanning 135 point from 320
07.12 14:17:50 Going to coordinates X=-13.920, Y=-40.021
07.12 14:17:51 Moving is finished
07.12 14:18:35 Scanning 136 point from 320
07.12 14:18:35 Going to coordinates X=-14.620, Y=-39.921
07.12 14:18:36 Moving is finished
07.12 14:19:20 Scanning 137 point from 320
07.12 14:19:20 Going to coordinates X=-14.520, Y=-39.921
07.12 14:19:20 Moving is finished
07.12 14:20:05 Scanning 138 point from 320
07.12 14:20:05 Going to coordinates X=-14.420, Y=-39.921
07.12 14:20:05 Moving is finished
07.12 14:20:49 Scanning 139 point from 320
07.12 14:20:49 Going to coordinates X=-14.320, Y=-39.921
07.12 14:20:50 Moving is finished
07.12 14:21:34 Scanning 140 point from 320
07.12 14:21:34 Going to coordinates X=-14.220, Y=-39.921
07.12 14:21:35 Moving is finished
07.12 14:22:19 Scanning 141 point from 320
07.12 14:22:19 Going to coordinates X=-14.120, Y=-39.921
07.12 14:22:19 Moving is finished
07.12 14:23:04 Scanning 142 point from 320
07.12 14:23:04 Going to coordinates X=-14.020, Y=-39.921
07.12 14:23:05 Moving is finished
07.12 14:23:49 Scanning 143 point from 320
07.12 14:23:49 Going to coordinates X=-13.920, Y=-39.921
07.12 14:23:49 Moving is finished
07.12 14:24:34 Scanning 144 point from 320
07.12 14:24:34 Going to coordinates X=-14.620, Y=-39.821
07.12 14:24:35 Moving is finished
07.12 14:25:19 Scanning 145 point from 320
07.12 14:25:19 Going to coordinates X=-14.520, Y=-39.821
07.12 14:25:19 Moving is finished
07.12 14:26:04 Scanning 146 point from 320
07.12 14:26:04 Going to coordinates X=-14.420, Y=-39.821
07.12 14:26:05 Moving is finished
07.12 14:26:50 Scanning 147 point from 320
07.12 14:26:50 Going to coordinates X=-14.320, Y=-39.821
07.12 14:26:50 Moving is finished
07.12 14:27:35 Scanning 148 point from 320
07.12 14:27:35 Going to coordinates X=-14.220, Y=-39.821
07.12 14:27:36 Moving is finished
07.12 14:28:20 Scanning 149 point from 320
07.12 14:28:20 Going to coordinates X=-14.120, Y=-39.821
07.12 14:28:21 Moving is finished
07.12 14:29:05 Scanning 150 point from 320
07.12 14:29:05 Going to coordinates X=-14.020, Y=-39.821
07.12 14:29:06 Moving is finished
07.12 14:29:50 Scanning 151 point from 320
07.12 14:29:50 Going to coordinates X=-13.920, Y=-39.821
07.12 14:29:51 Moving is finished
07.12 14:30:35 Scanning 152 point from 320
07.12 14:30:35 Going to coordinates X=-14.620, Y=-39.721
07.12 14:30:36 Moving is finished
07.12 14:31:21 Scanning 153 point from 320
07.12 14:31:21 Going to coordinates X=-14.520, Y=-39.721
07.12 14:31:21 Moving is finished
07.12 14:32:07 Scanning 154 point from 320
07.12 14:32:07 Going to coordinates X=-14.420, Y=-39.721
07.12 14:32:07 Moving is finished
07.12 14:32:52 Scanning 155 point from 320
07.12 14:32:52 Going to coordinates X=-14.320, Y=-39.721
07.12 14:32:52 Moving is finished
07.12 14:33:37 Scanning 156 point from 320
07.12 14:33:37 Going to coordinates X=-14.220, Y=-39.721
07.12 14:33:37 Moving is finished
07.12 14:34:22 Scanning 157 point from 320
07.12 14:34:22 Going to coordinates X=-14.120, Y=-39.721
07.12 14:34:22 Moving is finished
07.12 14:35:07 Scanning 158 point from 320
07.12 14:35:07 Going to coordinates X=-14.020, Y=-39.721
07.12 14:35:08 Moving is finished
07.12 14:35:53 Scanning 159 point from 320
07.12 14:35:53 Going to coordinates X=-13.920, Y=-39.721
07.12 14:35:53 Moving is finished
07.12 14:36:39 Scanning 160 point from 320
07.12 14:36:39 Going to coordinates X=-14.620, Y=-39.621
07.12 14:36:39 Moving is finished
07.12 14:37:24 Scanning 161 point from 320
07.12 14:37:24 Going to coordinates X=-14.520, Y=-39.621
07.12 14:37:25 Moving is finished
07.12 14:38:10 Scanning 162 point from 320
07.12 14:38:10 Going to coordinates X=-14.420, Y=-39.621
07.12 14:38:10 Moving is finished
07.12 14:38:55 Scanning 163 point from 320
07.12 14:38:55 Going to coordinates X=-14.320, Y=-39.621
07.12 14:38:55 Moving is finished
07.12 14:39:41 Scanning 164 point from 320
07.12 14:39:41 Going to coordinates X=-14.220, Y=-39.621
07.12 14:39:41 Moving is finished
07.12 14:40:25 Scanning 165 point from 320
07.12 14:40:25 Going to coordinates X=-14.120, Y=-39.621
07.12 14:40:26 Moving is finished
07.12 14:41:10 Scanning 166 point from 320
07.12 14:41:10 Going to coordinates X=-14.020, Y=-39.621
07.12 14:41:11 Moving is finished
07.12 14:41:56 Scanning 167 point from 320
07.12 14:41:56 Going to coordinates X=-13.920, Y=-39.621
07.12 14:41:56 Moving is finished
07.12 14:42:41 Scanning 168 point from 320
07.12 14:42:41 Going to coordinates X=-14.620, Y=-39.521
07.12 14:42:42 Moving is finished
07.12 14:43:27 Scanning 169 point from 320
07.12 14:43:27 Going to coordinates X=-14.520, Y=-39.521
07.12 14:43:27 Moving is finished
07.12 14:44:11 Scanning 170 point from 320
07.12 14:44:11 Going to coordinates X=-14.420, Y=-39.521
07.12 14:44:12 Moving is finished
07.12 14:44:56 Scanning 171 point from 320
07.12 14:44:56 Going to coordinates X=-14.320, Y=-39.521
07.12 14:44:57 Moving is finished
07.12 14:45:42 Scanning 172 point from 320
07.12 14:45:42 Going to coordinates X=-14.220, Y=-39.521
07.12 14:45:42 Moving is finished
07.12 14:46:28 Scanning 173 point from 320
07.12 14:46:28 Going to coordinates X=-14.120, Y=-39.521
07.12 14:46:28 Moving is finished
07.12 14:47:13 Scanning 174 point from 320
07.12 14:47:13 Going to coordinates X=-14.020, Y=-39.521
07.12 14:47:13 Moving is finished
07.12 14:47:58 Scanning 175 point from 320
07.12 14:47:58 Going to coordinates X=-13.920, Y=-39.521
07.12 14:47:58 Moving is finished
07.12 14:48:43 Scanning 176 point from 320
07.12 14:48:43 Going to coordinates X=-14.620, Y=-39.421
07.12 14:48:44 Moving is finished
07.12 14:49:29 Scanning 177 point from 320
07.12 14:49:29 Going to coordinates X=-14.520, Y=-39.421
07.12 14:49:29 Moving is finished
07.12 14:50:14 Scanning 178 point from 320
07.12 14:50:14 Going to coordinates X=-14.420, Y=-39.421
07.12 14:50:14 Moving is finished
07.12 14:50:59 Scanning 179 point from 320
07.12 14:50:59 Going to coordinates X=-14.320, Y=-39.421
07.12 14:50:59 Moving is finished
07.12 14:51:45 Scanning 180 point from 320
07.12 14:51:45 Going to coordinates X=-14.220, Y=-39.421
07.12 14:51:45 Moving is finished
07.12 14:52:30 Scanning 181 point from 320
07.12 14:52:30 Going to coordinates X=-14.120, Y=-39.421
07.12 14:52:31 Moving is finished
07.12 14:53:15 Scanning 182 point from 320
07.12 14:53:15 Going to coordinates X=-14.020, Y=-39.421
07.12 14:53:16 Moving is finished
07.12 14:54:00 Scanning 183 point from 320
07.12 14:54:00 Going to coordinates X=-13.920, Y=-39.421
07.12 14:54:00 Moving is finished
07.12 14:54:45 Scanning 184 point from 320
07.12 14:54:45 Going to coordinates X=-14.620, Y=-39.321
07.12 14:54:46 Moving is finished
07.12 14:55:30 Scanning 185 point from 320
07.12 14:55:30 Going to coordinates X=-14.520, Y=-39.321
07.12 14:55:30 Moving is finished
07.12 14:56:15 Scanning 186 point from 320
07.12 14:56:15 Going to coordinates X=-14.420, Y=-39.321
07.12 14:56:15 Moving is finished
07.12 14:57:00 Scanning 187 point from 320
07.12 14:57:00 Going to coordinates X=-14.320, Y=-39.321
07.12 14:57:00 Moving is finished
07.12 14:57:45 Scanning 188 point from 320
07.12 14:57:45 Going to coordinates X=-14.220, Y=-39.321
07.12 14:57:45 Moving is finished
07.12 14:58:30 Scanning 189 point from 320
07.12 14:58:30 Going to coordinates X=-14.120, Y=-39.321
07.12 14:58:31 Moving is finished
07.12 14:59:16 Scanning 190 point from 320
07.12 14:59:16 Going to coordinates X=-14.020, Y=-39.321
07.12 14:59:16 Moving is finished
07.12 15:00:01 Scanning 191 point from 320
07.12 15:00:01 Going to coordinates X=-13.920, Y=-39.321
07.12 15:00:01 Moving is finished
07.12 15:00:46 Scanning 192 point from 320
07.12 15:00:46 Going to coordinates X=-14.620, Y=-39.221
07.12 15:00:46 Moving is finished
07.12 15:01:31 Scanning 193 point from 320
07.12 15:01:31 Going to coordinates X=-14.520, Y=-39.221
07.12 15:01:31 Moving is finished
07.12 15:02:16 Scanning 194 point from 320
07.12 15:02:16 Going to coordinates X=-14.420, Y=-39.221
07.12 15:02:16 Moving is finished
07.12 15:03:01 Scanning 195 point from 320
07.12 15:03:01 Going to coordinates X=-14.320, Y=-39.221
07.12 15:03:02 Moving is finished
07.12 15:03:46 Scanning 196 point from 320
07.12 15:03:46 Going to coordinates X=-14.220, Y=-39.221
07.12 15:03:46 Moving is finished
07.12 15:04:32 Scanning 197 point from 320
07.12 15:04:32 Going to coordinates X=-14.120, Y=-39.221
07.12 15:04:32 Moving is finished
07.12 15:05:17 Scanning 198 point from 320
07.12 15:05:17 Going to coordinates X=-14.020, Y=-39.221
07.12 15:05:17 Moving is finished
07.12 15:06:02 Scanning 199 point from 320
07.12 15:06:02 Going to coordinates X=-13.920, Y=-39.221
07.12 15:06:02 Moving is finished
07.12 15:06:47 Scanning 200 point from 320
07.12 15:06:47 Going to coordinates X=-14.620, Y=-39.121
07.12 15:06:47 Moving is finished
07.12 15:07:33 Scanning 201 point from 320
07.12 15:07:33 Going to coordinates X=-14.520, Y=-39.121
07.12 15:07:33 Moving is finished
07.12 15:08:18 Scanning 202 point from 320
07.12 15:08:18 Going to coordinates X=-14.420, Y=-39.121
07.12 15:08:18 Moving is finished
07.12 15:09:03 Scanning 203 point from 320
07.12 15:09:03 Going to coordinates X=-14.320, Y=-39.121
07.12 15:09:03 Moving is finished
07.12 15:09:47 Scanning 204 point from 320
07.12 15:09:47 Going to coordinates X=-14.220, Y=-39.121
07.12 15:09:48 Moving is finished
07.12 15:10:32 Scanning 205 point from 320
07.12 15:10:32 Going to coordinates X=-14.120, Y=-39.121
07.12 15:10:33 Moving is finished
07.12 15:11:18 Scanning 206 point from 320
07.12 15:11:18 Going to coordinates X=-14.020, Y=-39.121
07.12 15:11:18 Moving is finished
07.12 15:12:03 Scanning 207 point from 320
07.12 15:12:03 Going to coordinates X=-13.920, Y=-39.121
07.12 15:12:04 Moving is finished
07.12 15:12:49 Scanning 208 point from 320
07.12 15:12:49 Going to coordinates X=-14.620, Y=-39.021
07.12 15:12:49 Moving is finished
07.12 15:13:34 Scanning 209 point from 320
07.12 15:13:34 Going to coordinates X=-14.520, Y=-39.021
07.12 15:13:35 Moving is finished
07.12 15:14:20 Scanning 210 point from 320
07.12 15:14:20 Going to coordinates X=-14.420, Y=-39.021
07.12 15:14:20 Moving is finished
07.12 15:15:06 Scanning 211 point from 320
07.12 15:15:06 Going to coordinates X=-14.320, Y=-39.021
07.12 15:15:06 Moving is finished
07.12 15:15:51 Scanning 212 point from 320
07.12 15:15:51 Going to coordinates X=-14.220, Y=-39.021
07.12 15:15:51 Moving is finished
07.12 15:16:35 Scanning 213 point from 320
07.12 15:16:35 Going to coordinates X=-14.120, Y=-39.021
07.12 15:16:36 Moving is finished
07.12 15:17:21 Scanning 214 point from 320
07.12 15:17:21 Going to coordinates X=-14.020, Y=-39.021
07.12 15:17:21 Moving is finished
07.12 15:18:06 Scanning 215 point from 320
07.12 15:18:06 Going to coordinates X=-13.920, Y=-39.021
07.12 15:18:06 Moving is finished
07.12 15:18:52 Scanning 216 point from 320
07.12 15:18:52 Going to coordinates X=-14.620, Y=-38.921
07.12 15:18:52 Moving is finished
07.12 15:19:37 Scanning 217 point from 320
07.12 15:19:37 Going to coordinates X=-14.520, Y=-38.921
07.12 15:19:38 Moving is finished
07.12 15:20:23 Scanning 218 point from 320
07.12 15:20:23 Going to coordinates X=-14.420, Y=-38.921
07.12 15:20:23 Moving is finished
07.12 15:21:07 Scanning 219 point from 320
07.12 15:21:07 Going to coordinates X=-14.320, Y=-38.921
07.12 15:21:08 Moving is finished
07.12 15:21:52 Scanning 220 point from 320
07.12 15:21:52 Going to coordinates X=-14.220, Y=-38.921
07.12 15:21:53 Moving is finished
07.12 15:22:37 Scanning 221 point from 320
07.12 15:22:37 Going to coordinates X=-14.120, Y=-38.921
07.12 15:22:37 Moving is finished
07.12 15:23:22 Scanning 222 point from 320
07.12 15:23:22 Going to coordinates X=-14.020, Y=-38.921
07.12 15:23:22 Moving is finished
07.12 15:24:07 Scanning 223 point from 320
07.12 15:24:07 Going to coordinates X=-13.920, Y=-38.921
07.12 15:24:07 Moving is finished
07.12 15:24:25 (-2147467259, 'Nespecifikovaná chyba', (None, None, None, 0, None))
07.12 15:24:26 Scanning 224 point from 320
07.12 15:24:26 Going to coordinates X=-14.620, Y=-38.821
07.12 15:24:26 Moving is finished
07.12 15:24:26 Stopped!
07.12 15:38:07 Row 0: 07.12 15:38:07 Map: x1: -15.654, y1: -41.744, x2: -14.62, y2: -37.744, xres: 0.100, yres: 0.100, fname: DVD-Target-1
07.12 15:38:07 Scanning 0 point from 504
07.12 15:38:07 Going to coordinates X=-15.654, Y=-41.744
07.12 15:38:08 Moving is finished
07.12 15:40:16 Scanning 1 point from 504
07.12 15:40:16 Going to coordinates X=-15.554, Y=-41.744
07.12 15:40:16 Moving is finished
07.12 15:42:25 Scanning 2 point from 504
07.12 15:42:25 Going to coordinates X=-15.454, Y=-41.744
07.12 15:42:25 Moving is finished
07.12 15:44:34 Scanning 3 point from 504
07.12 15:44:34 Going to coordinates X=-15.354, Y=-41.744
07.12 15:44:34 Moving is finished
07.12 15:46:42 Scanning 4 point from 504
07.12 15:46:42 Going to coordinates X=-15.254, Y=-41.744
07.12 15:46:42 Moving is finished
07.12 15:48:51 Scanning 5 point from 504
07.12 15:48:51 Going to coordinates X=-15.154, Y=-41.744
07.12 15:48:51 Moving is finished
07.12 15:50:59 Scanning 6 point from 504
07.12 15:50:59 Going to coordinates X=-15.054, Y=-41.744
07.12 15:50:59 Moving is finished
07.12 15:53:07 Scanning 7 point from 504
07.12 15:53:07 Going to coordinates X=-14.954, Y=-41.744
07.12 15:53:08 Moving is finished
07.12 15:55:16 Scanning 8 point from 504
07.12 15:55:16 Going to coordinates X=-14.854, Y=-41.744
07.12 15:55:16 Moving is finished
07.12 15:57:24 Scanning 9 point from 504
07.12 15:57:24 Going to coordinates X=-14.754, Y=-41.744
07.12 15:57:24 Moving is finished
07.12 15:59:33 Scanning 10 point from 504
07.12 15:59:33 Going to coordinates X=-14.654, Y=-41.744
07.12 15:59:33 Moving is finished
07.12 16:01:42 Scanning 11 point from 504
07.12 16:01:42 Going to coordinates X=-14.554, Y=-41.744
07.12 16:01:42 Moving is finished
07.12 16:03:50 Scanning 12 point from 504
07.12 16:03:50 Going to coordinates X=-15.654, Y=-41.644
07.12 16:03:51 Moving is finished
07.12 16:06:00 Scanning 13 point from 504
07.12 16:06:00 Going to coordinates X=-15.554, Y=-41.644
07.12 16:06:00 Moving is finished
07.12 16:08:08 Scanning 14 point from 504
07.12 16:08:08 Going to coordinates X=-15.454, Y=-41.644
07.12 16:08:09 Moving is finished
07.12 16:10:16 Scanning 15 point from 504
07.12 16:10:16 Going to coordinates X=-15.354, Y=-41.644
07.12 16:10:17 Moving is finished
07.12 16:12:25 Scanning 16 point from 504
07.12 16:12:25 Going to coordinates X=-15.254, Y=-41.644
07.12 16:12:26 Moving is finished
07.12 16:14:34 Scanning 17 point from 504
07.12 16:14:34 Going to coordinates X=-15.154, Y=-41.644
07.12 16:14:34 Moving is finished
07.12 16:16:43 Scanning 18 point from 504
07.12 16:16:43 Going to coordinates X=-15.054, Y=-41.644
07.12 16:16:43 Moving is finished
07.12 16:18:51 Scanning 19 point from 504
07.12 16:18:51 Going to coordinates X=-14.954, Y=-41.644
07.12 16:18:51 Moving is finished
07.12 16:21:00 Scanning 20 point from 504
07.12 16:21:00 Going to coordinates X=-14.854, Y=-41.644
07.12 16:21:00 Moving is finished
07.12 16:23:09 Scanning 21 point from 504
07.12 16:23:09 Going to coordinates X=-14.754, Y=-41.644
07.12 16:23:09 Moving is finished
07.12 16:25:17 Scanning 22 point from 504
07.12 16:25:17 Going to coordinates X=-14.654, Y=-41.644
07.12 16:25:18 Moving is finished
07.12 16:27:26 Scanning 23 point from 504
07.12 16:27:26 Going to coordinates X=-14.554, Y=-41.644
07.12 16:27:26 Moving is finished
07.12 16:29:35 Scanning 24 point from 504
07.12 16:29:35 Going to coordinates X=-15.654, Y=-41.544
07.12 16:29:36 Moving is finished
07.12 16:31:45 Scanning 25 point from 504
07.12 16:31:45 Going to coordinates X=-15.554, Y=-41.544
07.12 16:31:45 Moving is finished
07.12 16:33:54 Scanning 26 point from 504
07.12 16:33:54 Going to coordinates X=-15.454, Y=-41.544
07.12 16:33:54 Moving is finished
07.12 16:36:02 Scanning 27 point from 504
07.12 16:36:02 Going to coordinates X=-15.354, Y=-41.544
07.12 16:36:03 Moving is finished
07.12 16:38:11 Scanning 28 point from 504
07.12 16:38:11 Going to coordinates X=-15.254, Y=-41.544
07.12 16:38:11 Moving is finished
07.12 16:40:20 Scanning 29 point from 504
07.12 16:40:20 Going to coordinates X=-15.154, Y=-41.544
07.12 16:40:21 Moving is finished
07.12 16:42:29 Scanning 30 point from 504
07.12 16:42:29 Going to coordinates X=-15.054, Y=-41.544
07.12 16:42:29 Moving is finished
07.12 16:44:37 Scanning 31 point from 504
07.12 16:44:37 Going to coordinates X=-14.954, Y=-41.544
07.12 16:44:38 Moving is finished
07.12 16:46:46 Scanning 32 point from 504
07.12 16:46:46 Going to coordinates X=-14.854, Y=-41.544
07.12 16:46:46 Moving is finished
07.12 16:48:54 Scanning 33 point from 504
07.12 16:48:54 Going to coordinates X=-14.754, Y=-41.544
07.12 16:48:54 Moving is finished
07.12 16:51:03 Scanning 34 point from 504
07.12 16:51:03 Going to coordinates X=-14.654, Y=-41.544
07.12 16:51:03 Moving is finished
07.12 16:53:11 Scanning 35 point from 504
07.12 16:53:11 Going to coordinates X=-14.554, Y=-41.544
07.12 16:53:11 Moving is finished
07.12 16:55:20 Scanning 36 point from 504
07.12 16:55:20 Going to coordinates X=-15.654, Y=-41.444
07.12 16:55:20 Moving is finished
07.12 16:57:29 Scanning 37 point from 504
07.12 16:57:29 Going to coordinates X=-15.554, Y=-41.444
07.12 16:57:29 Moving is finished
07.12 16:59:37 Scanning 38 point from 504
07.12 16:59:37 Going to coordinates X=-15.454, Y=-41.444
07.12 16:59:38 Moving is finished
07.12 17:01:46 Scanning 39 point from 504
07.12 17:01:46 Going to coordinates X=-15.354, Y=-41.444
07.12 17:01:46 Moving is finished
07.12 17:03:54 Scanning 40 point from 504
07.12 17:03:54 Going to coordinates X=-15.254, Y=-41.444
07.12 17:03:54 Moving is finished
07.12 17:06:03 Scanning 41 point from 504
07.12 17:06:03 Going to coordinates X=-15.154, Y=-41.444
07.12 17:06:03 Moving is finished
07.12 17:08:11 Scanning 42 point from 504
07.12 17:08:11 Going to coordinates X=-15.054, Y=-41.444
07.12 17:08:11 Moving is finished
07.12 17:10:19 Scanning 43 point from 504
07.12 17:10:19 Going to coordinates X=-14.954, Y=-41.444
07.12 17:10:19 Moving is finished
07.12 17:12:27 Scanning 44 point from 504
07.12 17:12:27 Going to coordinates X=-14.854, Y=-41.444
07.12 17:12:27 Moving is finished
07.12 17:14:36 Scanning 45 point from 504
07.12 17:14:36 Going to coordinates X=-14.754, Y=-41.444
07.12 17:14:36 Moving is finished
07.12 17:16:44 Scanning 46 point from 504
07.12 17:16:44 Going to coordinates X=-14.654, Y=-41.444
07.12 17:16:44 Moving is finished
07.12 17:18:53 Scanning 47 point from 504
07.12 17:18:53 Going to coordinates X=-14.554, Y=-41.444
07.12 17:18:53 Moving is finished
07.12 17:21:02 Scanning 48 point from 504
07.12 17:21:02 Going to coordinates X=-15.654, Y=-41.344
07.12 17:21:03 Moving is finished
07.12 17:23:11 Scanning 49 point from 504
07.12 17:23:11 Going to coordinates X=-15.554, Y=-41.344
07.12 17:23:12 Moving is finished
07.12 17:25:20 Scanning 50 point from 504
07.12 17:25:20 Going to coordinates X=-15.454, Y=-41.344
07.12 17:25:20 Moving is finished
07.12 17:27:29 Scanning 51 point from 504
07.12 17:27:29 Going to coordinates X=-15.354, Y=-41.344
07.12 17:27:29 Moving is finished
07.12 17:29:37 Scanning 52 point from 504
07.12 17:29:37 Going to coordinates X=-15.254, Y=-41.344
07.12 17:29:37 Moving is finished
07.12 17:31:46 Scanning 53 point from 504
07.12 17:31:46 Going to coordinates X=-15.154, Y=-41.344
07.12 17:31:46 Moving is finished
07.12 17:33:54 Scanning 54 point from 504
07.12 17:33:54 Going to coordinates X=-15.054, Y=-41.344
07.12 17:33:54 Moving is finished
07.12 17:36:03 Scanning 55 point from 504
07.12 17:36:03 Going to coordinates X=-14.954, Y=-41.344
07.12 17:36:03 Moving is finished
07.12 17:38:12 Scanning 56 point from 504
07.12 17:38:12 Going to coordinates X=-14.854, Y=-41.344
07.12 17:38:12 Moving is finished
07.12 17:40:21 Scanning 57 point from 504
07.12 17:40:21 Going to coordinates X=-14.754, Y=-41.344
07.12 17:40:21 Moving is finished
07.12 17:42:29 Scanning 58 point from 504
07.12 17:42:29 Going to coordinates X=-14.654, Y=-41.344
07.12 17:42:29 Moving is finished
07.12 17:44:37 Scanning 59 point from 504
07.12 17:44:37 Going to coordinates X=-14.554, Y=-41.344
07.12 17:44:38 Moving is finished
07.12 17:46:46 Scanning 60 point from 504
07.12 17:46:46 Going to coordinates X=-15.654, Y=-41.244
07.12 17:46:47 Moving is finished
07.12 17:48:55 Scanning 61 point from 504
07.12 17:48:55 Going to coordinates X=-15.554, Y=-41.244
07.12 17:48:56 Moving is finished
07.12 17:51:04 Scanning 62 point from 504
07.12 17:51:04 Going to coordinates X=-15.454, Y=-41.244
07.12 17:51:04 Moving is finished
07.12 17:53:12 Scanning 63 point from 504
07.12 17:53:12 Going to coordinates X=-15.354, Y=-41.244
07.12 17:53:13 Moving is finished
07.12 17:55:21 Scanning 64 point from 504
07.12 17:55:21 Going to coordinates X=-15.254, Y=-41.244
07.12 17:55:21 Moving is finished
07.12 17:57:29 Scanning 65 point from 504
07.12 17:57:29 Going to coordinates X=-15.154, Y=-41.244
07.12 17:57:30 Moving is finished
07.12 17:59:38 Scanning 66 point from 504
07.12 17:59:38 Going to coordinates X=-15.054, Y=-41.244
07.12 17:59:38 Moving is finished
07.12 18:01:46 Scanning 67 point from 504
07.12 18:01:46 Going to coordinates X=-14.954, Y=-41.244
07.12 18:01:47 Moving is finished
07.12 18:03:55 Scanning 68 point from 504
07.12 18:03:55 Going to coordinates X=-14.854, Y=-41.244
07.12 18:03:55 Moving is finished
07.12 18:06:03 Scanning 69 point from 504
07.12 18:06:03 Going to coordinates X=-14.754, Y=-41.244
07.12 18:06:03 Moving is finished
07.12 18:08:11 Scanning 70 point from 504
07.12 18:08:11 Going to coordinates X=-14.654, Y=-41.244
07.12 18:08:12 Moving is finished
07.12 18:10:20 Scanning 71 point from 504
07.12 18:10:20 Going to coordinates X=-14.554, Y=-41.244
07.12 18:10:21 Moving is finished
07.12 18:12:29 Scanning 72 point from 504
07.12 18:12:29 Going to coordinates X=-15.654, Y=-41.144
07.12 18:12:29 Moving is finished
07.12 18:14:37 Scanning 73 point from 504
07.12 18:14:37 Going to coordinates X=-15.554, Y=-41.144
07.12 18:14:38 Moving is finished
07.12 18:16:46 Scanning 74 point from 504
07.12 18:16:46 Going to coordinates X=-15.454, Y=-41.144
07.12 18:16:46 Moving is finished
07.12 18:18:55 Scanning 75 point from 504
07.12 18:18:55 Going to coordinates X=-15.354, Y=-41.144
07.12 18:18:55 Moving is finished
07.12 18:21:03 Scanning 76 point from 504
07.12 18:21:03 Going to coordinates X=-15.254, Y=-41.144
07.12 18:21:03 Moving is finished
07.12 18:23:12 Scanning 77 point from 504
07.12 18:23:12 Going to coordinates X=-15.154, Y=-41.144
07.12 18:23:12 Moving is finished
07.12 18:25:20 Scanning 78 point from 504
07.12 18:25:20 Going to coordinates X=-15.054, Y=-41.144
07.12 18:25:20 Moving is finished
07.12 18:27:30 Scanning 79 point from 504
07.12 18:27:30 Going to coordinates X=-14.954, Y=-41.144
07.12 18:27:30 Moving is finished
07.12 18:29:39 Scanning 80 point from 504
07.12 18:29:39 Going to coordinates X=-14.854, Y=-41.144
07.12 18:29:39 Moving is finished
07.12 18:31:47 Scanning 81 point from 504
07.12 18:31:47 Going to coordinates X=-14.754, Y=-41.144
07.12 18:31:48 Moving is finished
07.12 18:33:56 Scanning 82 point from 504
07.12 18:33:56 Going to coordinates X=-14.654, Y=-41.144
07.12 18:33:56 Moving is finished
07.12 18:36:04 Scanning 83 point from 504
07.12 18:36:04 Going to coordinates X=-14.554, Y=-41.144
07.12 18:36:05 Moving is finished
07.12 18:38:13 Scanning 84 point from 504
07.12 18:38:13 Going to coordinates X=-15.654, Y=-41.044
07.12 18:38:14 Moving is finished
07.12 18:40:22 Scanning 85 point from 504
07.12 18:40:22 Going to coordinates X=-15.554, Y=-41.044
07.12 18:40:22 Moving is finished
07.12 18:42:30 Scanning 86 point from 504
07.12 18:42:30 Going to coordinates X=-15.454, Y=-41.044
07.12 18:42:30 Moving is finished
07.12 18:44:39 Scanning 87 point from 504
07.12 18:44:39 Going to coordinates X=-15.354, Y=-41.044
07.12 18:44:39 Moving is finished
07.12 18:46:47 Scanning 88 point from 504
07.12 18:46:47 Going to coordinates X=-15.254, Y=-41.044
07.12 18:46:48 Moving is finished
07.12 18:48:55 Scanning 89 point from 504
07.12 18:48:55 Going to coordinates X=-15.154, Y=-41.044
07.12 18:48:56 Moving is finished
07.12 18:51:04 Scanning 90 point from 504
07.12 18:51:04 Going to coordinates X=-15.054, Y=-41.044
07.12 18:51:04 Moving is finished
07.12 18:53:12 Scanning 91 point from 504
07.12 18:53:12 Going to coordinates X=-14.954, Y=-41.044
07.12 18:53:12 Moving is finished
07.12 18:55:20 Scanning 92 point from 504
07.12 18:55:20 Going to coordinates X=-14.854, Y=-41.044
07.12 18:55:21 Moving is finished
07.12 18:57:28 Scanning 93 point from 504
07.12 18:57:28 Going to coordinates X=-14.754, Y=-41.044
07.12 18:57:29 Moving is finished
07.12 18:59:37 Scanning 94 point from 504
07.12 18:59:37 Going to coordinates X=-14.654, Y=-41.044
07.12 18:59:37 Moving is finished
07.12 19:01:46 Scanning 95 point from 504
07.12 19:01:46 Going to coordinates X=-14.554, Y=-41.044
07.12 19:01:46 Moving is finished
07.12 19:03:55 Scanning 96 point from 504
07.12 19:03:55 Going to coordinates X=-15.654, Y=-40.944
07.12 19:03:55 Moving is finished
07.12 19:06:03 Scanning 97 point from 504
07.12 19:06:03 Going to coordinates X=-15.554, Y=-40.944
07.12 19:06:04 Moving is finished
07.12 19:08:12 Scanning 98 point from 504
07.12 19:08:12 Going to coordinates X=-15.454, Y=-40.944
07.12 19:08:12 Moving is finished
07.12 19:10:21 Scanning 99 point from 504
07.12 19:10:21 Going to coordinates X=-15.354, Y=-40.944
07.12 19:10:21 Moving is finished
07.12 19:12:29 Scanning 100 point from 504
07.12 19:12:29 Going to coordinates X=-15.254, Y=-40.944
07.12 19:12:30 Moving is finished
07.12 19:14:39 Scanning 101 point from 504
07.12 19:14:39 Going to coordinates X=-15.154, Y=-40.944
07.12 19:14:39 Moving is finished
07.12 19:16:48 Scanning 102 point from 504
07.12 19:16:48 Going to coordinates X=-15.054, Y=-40.944
07.12 19:16:48 Moving is finished
07.12 19:18:56 Scanning 103 point from 504
07.12 19:18:56 Going to coordinates X=-14.954, Y=-40.944
07.12 19:18:56 Moving is finished
07.12 19:21:05 Scanning 104 point from 504
07.12 19:21:05 Going to coordinates X=-14.854, Y=-40.944
07.12 19:21:05 Moving is finished
07.12 19:23:13 Scanning 105 point from 504
07.12 19:23:13 Going to coordinates X=-14.754, Y=-40.944
07.12 19:23:13 Moving is finished
07.12 19:25:21 Scanning 106 point from 504
07.12 19:25:21 Going to coordinates X=-14.654, Y=-40.944
07.12 19:25:22 Moving is finished
07.12 19:27:30 Scanning 107 point from 504
07.12 19:27:30 Going to coordinates X=-14.554, Y=-40.944
07.12 19:27:30 Moving is finished
07.12 19:29:38 Scanning 108 point from 504
07.12 19:29:38 Going to coordinates X=-15.654, Y=-40.844
07.12 19:29:39 Moving is finished
07.12 19:31:47 Scanning 109 point from 504
07.12 19:31:47 Going to coordinates X=-15.554, Y=-40.844
07.12 19:31:47 Moving is finished
07.12 19:33:57 Scanning 110 point from 504
07.12 19:33:57 Going to coordinates X=-15.454, Y=-40.844
07.12 19:33:57 Moving is finished
07.12 19:36:05 Scanning 111 point from 504
07.12 19:36:05 Going to coordinates X=-15.354, Y=-40.844
07.12 19:36:05 Moving is finished
07.12 19:38:14 Scanning 112 point from 504
07.12 19:38:14 Going to coordinates X=-15.254, Y=-40.844
07.12 19:38:14 Moving is finished
07.12 19:40:23 Scanning 113 point from 504
07.12 19:40:23 Going to coordinates X=-15.154, Y=-40.844
07.12 19:40:24 Moving is finished
07.12 19:42:32 Scanning 114 point from 504
07.12 19:42:32 Going to coordinates X=-15.054, Y=-40.844
07.12 19:42:32 Moving is finished
07.12 19:44:40 Scanning 115 point from 504
07.12 19:44:40 Going to coordinates X=-14.954, Y=-40.844
07.12 19:44:40 Moving is finished
07.12 19:46:49 Scanning 116 point from 504
07.12 19:46:49 Going to coordinates X=-14.854, Y=-40.844
07.12 19:46:49 Moving is finished
07.12 19:48:58 Scanning 117 point from 504
07.12 19:48:58 Going to coordinates X=-14.754, Y=-40.844
07.12 19:48:58 Moving is finished
07.12 19:51:07 Scanning 118 point from 504
07.12 19:51:07 Going to coordinates X=-14.654, Y=-40.844
07.12 19:51:07 Moving is finished
07.12 19:53:16 Scanning 119 point from 504
07.12 19:53:16 Going to coordinates X=-14.554, Y=-40.844
07.12 19:53:17 Moving is finished
07.12 19:55:25 Scanning 120 point from 504
07.12 19:55:25 Going to coordinates X=-15.654, Y=-40.744
07.12 19:55:26 Moving is finished
07.12 19:57:34 Scanning 121 point from 504
07.12 19:57:34 Going to coordinates X=-15.554, Y=-40.744
07.12 19:57:34 Moving is finished
07.12 19:59:43 Scanning 122 point from 504
07.12 19:59:43 Going to coordinates X=-15.454, Y=-40.744
07.12 19:59:43 Moving is finished
07.12 20:01:51 Scanning 123 point from 504
07.12 20:01:51 Going to coordinates X=-15.354, Y=-40.744
07.12 20:01:51 Moving is finished
07.12 20:03:59 Scanning 124 point from 504
07.12 20:03:59 Going to coordinates X=-15.254, Y=-40.744
07.12 20:03:59 Moving is finished
07.12 20:06:08 Scanning 125 point from 504
07.12 20:06:08 Going to coordinates X=-15.154, Y=-40.744
07.12 20:06:08 Moving is finished
07.12 20:08:17 Scanning 126 point from 504
07.12 20:08:17 Going to coordinates X=-15.054, Y=-40.744
07.12 20:08:17 Moving is finished
07.12 20:10:25 Scanning 127 point from 504
07.12 20:10:25 Going to coordinates X=-14.954, Y=-40.744
07.12 20:10:26 Moving is finished
07.12 20:12:34 Scanning 128 point from 504
07.12 20:12:34 Going to coordinates X=-14.854, Y=-40.744
07.12 20:12:35 Moving is finished
07.12 20:14:44 Scanning 129 point from 504
07.12 20:14:44 Going to coordinates X=-14.754, Y=-40.744
07.12 20:14:44 Moving is finished
07.12 20:16:53 Scanning 130 point from 504
07.12 20:16:53 Going to coordinates X=-14.654, Y=-40.744
07.12 20:16:53 Moving is finished
07.12 20:19:01 Scanning 131 point from 504
07.12 20:19:01 Going to coordinates X=-14.554, Y=-40.744
07.12 20:19:02 Moving is finished
07.12 20:21:10 Scanning 132 point from 504
07.12 20:21:10 Going to coordinates X=-15.654, Y=-40.644
07.12 20:21:11 Moving is finished
07.12 20:23:18 Scanning 133 point from 504
07.12 20:23:18 Going to coordinates X=-15.554, Y=-40.644
07.12 20:23:18 Moving is finished
07.12 20:25:26 Scanning 134 point from 504
07.12 20:25:26 Going to coordinates X=-15.454, Y=-40.644
07.12 20:25:27 Moving is finished
07.12 20:27:34 Scanning 135 point from 504
07.12 20:27:34 Going to coordinates X=-15.354, Y=-40.644
07.12 20:27:35 Moving is finished
07.12 20:29:43 Scanning 136 point from 504
07.12 20:29:43 Going to coordinates X=-15.254, Y=-40.644
07.12 20:29:43 Moving is finished
07.12 20:31:51 Scanning 137 point from 504
07.12 20:31:51 Going to coordinates X=-15.154, Y=-40.644
07.12 20:31:51 Moving is finished
07.12 20:33:59 Scanning 138 point from 504
07.12 20:33:59 Going to coordinates X=-15.054, Y=-40.644
07.12 20:33:59 Moving is finished
07.12 20:36:08 Scanning 139 point from 504
07.12 20:36:08 Going to coordinates X=-14.954, Y=-40.644
07.12 20:36:08 Moving is finished
07.12 20:38:16 Scanning 140 point from 504
07.12 20:38:16 Going to coordinates X=-14.854, Y=-40.644
07.12 20:38:16 Moving is finished
07.12 20:40:24 Scanning 141 point from 504
07.12 20:40:24 Going to coordinates X=-14.754, Y=-40.644
07.12 20:40:25 Moving is finished
07.12 20:42:34 Scanning 142 point from 504
07.12 20:42:34 Going to coordinates X=-14.654, Y=-40.644
07.12 20:42:34 Moving is finished
07.12 20:44:43 Scanning 143 point from 504
07.12 20:44:43 Going to coordinates X=-14.554, Y=-40.644
07.12 20:44:43 Moving is finished
07.12 20:46:51 Scanning 144 point from 504
07.12 20:46:51 Going to coordinates X=-15.654, Y=-40.544
07.12 20:46:52 Moving is finished
07.12 20:49:01 Scanning 145 point from 504
07.12 20:49:01 Going to coordinates X=-15.554, Y=-40.544
07.12 20:49:01 Moving is finished
07.12 20:51:10 Scanning 146 point from 504
07.12 20:51:10 Going to coordinates X=-15.454, Y=-40.544
07.12 20:51:10 Moving is finished
07.12 20:53:18 Scanning 147 point from 504
07.12 20:53:18 Going to coordinates X=-15.354, Y=-40.544
07.12 20:53:19 Moving is finished
07.12 20:55:28 Scanning 148 point from 504
07.12 20:55:28 Going to coordinates X=-15.254, Y=-40.544
07.12 20:55:28 Moving is finished
07.12 20:57:36 Scanning 149 point from 504
07.12 20:57:36 Going to coordinates X=-15.154, Y=-40.544
07.12 20:57:36 Moving is finished
07.12 20:59:45 Scanning 150 point from 504
07.12 20:59:45 Going to coordinates X=-15.054, Y=-40.544
07.12 20:59:45 Moving is finished
07.12 21:01:54 Scanning 151 point from 504
07.12 21:01:54 Going to coordinates X=-14.954, Y=-40.544
07.12 21:01:54 Moving is finished
07.12 21:04:03 Scanning 152 point from 504
07.12 21:04:03 Going to coordinates X=-14.854, Y=-40.544
07.12 21:04:04 Moving is finished
07.12 21:06:11 Scanning 153 point from 504
07.12 21:06:11 Going to coordinates X=-14.754, Y=-40.544
07.12 21:06:12 Moving is finished
07.12 21:08:20 Scanning 154 point from 504
07.12 21:08:20 Going to coordinates X=-14.654, Y=-40.544
07.12 21:08:20 Moving is finished
07.12 21:10:29 Scanning 155 point from 504
07.12 21:10:29 Going to coordinates X=-14.554, Y=-40.544
07.12 21:10:29 Moving is finished
07.12 21:12:38 Scanning 156 point from 504
07.12 21:12:38 Going to coordinates X=-15.654, Y=-40.444
07.12 21:12:39 Moving is finished
07.12 21:14:47 Scanning 157 point from 504
07.12 21:14:47 Going to coordinates X=-15.554, Y=-40.444
07.12 21:14:47 Moving is finished
07.12 21:16:56 Scanning 158 point from 504
07.12 21:16:56 Going to coordinates X=-15.454, Y=-40.444
07.12 21:16:56 Moving is finished
07.12 21:19:05 Scanning 159 point from 504
07.12 21:19:05 Going to coordinates X=-15.354, Y=-40.444
07.12 21:19:05 Moving is finished
07.12 21:21:14 Scanning 160 point from 504
07.12 21:21:14 Going to coordinates X=-15.254, Y=-40.444
07.12 21:21:14 Moving is finished
07.12 21:23:23 Scanning 161 point from 504
07.12 21:23:23 Going to coordinates X=-15.154, Y=-40.444
07.12 21:23:23 Moving is finished
07.12 21:25:32 Scanning 162 point from 504
07.12 21:25:32 Going to coordinates X=-15.054, Y=-40.444
07.12 21:25:33 Moving is finished
07.12 21:27:40 Scanning 163 point from 504
07.12 21:27:40 Going to coordinates X=-14.954, Y=-40.444
07.12 21:27:41 Moving is finished
07.12 21:29:49 Scanning 164 point from 504
07.12 21:29:49 Going to coordinates X=-14.854, Y=-40.444
07.12 21:29:49 Moving is finished
07.12 21:31:58 Scanning 165 point from 504
07.12 21:31:58 Going to coordinates X=-14.754, Y=-40.444
07.12 21:31:58 Moving is finished
07.12 21:34:06 Scanning 166 point from 504
07.12 21:34:06 Going to coordinates X=-14.654, Y=-40.444
07.12 21:34:07 Moving is finished
07.12 21:36:15 Scanning 167 point from 504
07.12 21:36:15 Going to coordinates X=-14.554, Y=-40.444
07.12 21:36:15 Moving is finished
07.12 21:38:24 Scanning 168 point from 504
07.12 21:38:24 Going to coordinates X=-15.654, Y=-40.344
07.12 21:38:24 Moving is finished
07.12 21:40:33 Scanning 169 point from 504
07.12 21:40:33 Going to coordinates X=-15.554, Y=-40.344
07.12 21:40:33 Moving is finished
07.12 21:42:41 Scanning 170 point from 504
07.12 21:42:41 Going to coordinates X=-15.454, Y=-40.344
07.12 21:42:41 Moving is finished
07.12 21:44:49 Scanning 171 point from 504
07.12 21:44:49 Going to coordinates X=-15.354, Y=-40.344
07.12 21:44:50 Moving is finished
07.12 21:46:58 Scanning 172 point from 504
07.12 21:46:58 Going to coordinates X=-15.254, Y=-40.344
07.12 21:46:58 Moving is finished
07.12 21:49:06 Scanning 173 point from 504
07.12 21:49:06 Going to coordinates X=-15.154, Y=-40.344
07.12 21:49:06 Moving is finished
07.12 21:51:15 Scanning 174 point from 504
07.12 21:51:15 Going to coordinates X=-15.054, Y=-40.344
07.12 21:51:15 Moving is finished
07.12 21:53:24 Scanning 175 point from 504
07.12 21:53:24 Going to coordinates X=-14.954, Y=-40.344
07.12 21:53:24 Moving is finished
07.12 21:55:32 Scanning 176 point from 504
07.12 21:55:32 Going to coordinates X=-14.854, Y=-40.344
07.12 21:55:33 Moving is finished
07.12 21:57:42 Scanning 177 point from 504
07.12 21:57:42 Going to coordinates X=-14.754, Y=-40.344
07.12 21:57:42 Moving is finished
07.12 21:59:50 Scanning 178 point from 504
07.12 21:59:50 Going to coordinates X=-14.654, Y=-40.344
07.12 21:59:51 Moving is finished
07.12 22:01:59 Scanning 179 point from 504
07.12 22:01:59 Going to coordinates X=-14.554, Y=-40.344
07.12 22:01:59 Moving is finished
07.12 22:04:07 Scanning 180 point from 504
07.12 22:04:07 Going to coordinates X=-15.654, Y=-40.244
07.12 22:04:08 Moving is finished
07.12 22:06:16 Scanning 181 point from 504
07.12 22:06:16 Going to coordinates X=-15.554, Y=-40.244
07.12 22:06:17 Moving is finished
07.12 22:08:25 Scanning 182 point from 504
07.12 22:08:25 Going to coordinates X=-15.454, Y=-40.244
07.12 22:08:25 Moving is finished
07.12 22:10:33 Scanning 183 point from 504
07.12 22:10:33 Going to coordinates X=-15.354, Y=-40.244
07.12 22:10:33 Moving is finished
07.12 22:12:41 Scanning 184 point from 504
07.12 22:12:41 Going to coordinates X=-15.254, Y=-40.244
07.12 22:12:41 Moving is finished
07.12 22:14:50 Scanning 185 point from 504
07.12 22:14:50 Going to coordinates X=-15.154, Y=-40.244
07.12 22:14:50 Moving is finished
07.12 22:16:59 Scanning 186 point from 504
07.12 22:16:59 Going to coordinates X=-15.054, Y=-40.244
07.12 22:16:59 Moving is finished
07.12 22:19:08 Scanning 187 point from 504
07.12 22:19:08 Going to coordinates X=-14.954, Y=-40.244
07.12 22:19:08 Moving is finished
07.12 22:21:16 Scanning 188 point from 504
07.12 22:21:16 Going to coordinates X=-14.854, Y=-40.244
07.12 22:21:16 Moving is finished
07.12 22:23:25 Scanning 189 point from 504
07.12 22:23:25 Going to coordinates X=-14.754, Y=-40.244
07.12 22:23:25 Moving is finished
07.12 22:25:34 Scanning 190 point from 504
07.12 22:25:34 Going to coordinates X=-14.654, Y=-40.244
07.12 22:25:34 Moving is finished
07.12 22:27:42 Scanning 191 point from 504
07.12 22:27:42 Going to coordinates X=-14.554, Y=-40.244
07.12 22:27:43 Moving is finished
07.12 22:29:51 Scanning 192 point from 504
07.12 22:29:51 Going to coordinates X=-15.654, Y=-40.144
07.12 22:29:52 Moving is finished
07.12 22:32:00 Scanning 193 point from 504
07.12 22:32:00 Going to coordinates X=-15.554, Y=-40.144
07.12 22:32:01 Moving is finished
07.12 22:34:09 Scanning 194 point from 504
07.12 22:34:09 Going to coordinates X=-15.454, Y=-40.144
07.12 22:34:09 Moving is finished
07.12 22:36:17 Scanning 195 point from 504
07.12 22:36:17 Going to coordinates X=-15.354, Y=-40.144
07.12 22:36:17 Moving is finished
07.12 22:38:25 Scanning 196 point from 504
07.12 22:38:25 Going to coordinates X=-15.254, Y=-40.144
07.12 22:38:26 Moving is finished
07.12 22:40:34 Scanning 197 point from 504
07.12 22:40:34 Going to coordinates X=-15.154, Y=-40.144
07.12 22:40:34 Moving is finished
07.12 22:42:43 Scanning 198 point from 504
07.12 22:42:43 Going to coordinates X=-15.054, Y=-40.144
07.12 22:42:43 Moving is finished
07.12 22:44:51 Scanning 199 point from 504
07.12 22:44:51 Going to coordinates X=-14.954, Y=-40.144
07.12 22:44:51 Moving is finished
07.12 22:46:59 Scanning 200 point from 504
07.12 22:46:59 Going to coordinates X=-14.854, Y=-40.144
07.12 22:46:59 Moving is finished
07.12 22:49:08 Scanning 201 point from 504
07.12 22:49:08 Going to coordinates X=-14.754, Y=-40.144
07.12 22:49:08 Moving is finished
07.12 22:51:16 Scanning 202 point from 504
07.12 22:51:16 Going to coordinates X=-14.654, Y=-40.144
07.12 22:51:16 Moving is finished
07.12 22:53:25 Scanning 203 point from 504
07.12 22:53:25 Going to coordinates X=-14.554, Y=-40.144
07.12 22:53:25 Moving is finished
07.12 22:55:34 Scanning 204 point from 504
07.12 22:55:34 Going to coordinates X=-15.654, Y=-40.044
07.12 22:55:35 Moving is finished
07.12 22:57:43 Scanning 205 point from 504
07.12 22:57:43 Going to coordinates X=-15.554, Y=-40.044
07.12 22:57:43 Moving is finished
07.12 22:59:52 Scanning 206 point from 504
07.12 22:59:52 Going to coordinates X=-15.454, Y=-40.044
07.12 22:59:53 Moving is finished
07.12 23:02:01 Scanning 207 point from 504
07.12 23:02:01 Going to coordinates X=-15.354, Y=-40.044
07.12 23:02:02 Moving is finished
07.12 23:04:11 Scanning 208 point from 504
07.12 23:04:11 Going to coordinates X=-15.254, Y=-40.044
07.12 23:04:11 Moving is finished
07.12 23:06:20 Scanning 209 point from 504
07.12 23:06:20 Going to coordinates X=-15.154, Y=-40.044
07.12 23:06:20 Moving is finished
07.12 23:08:29 Scanning 210 point from 504
07.12 23:08:29 Going to coordinates X=-15.054, Y=-40.044
07.12 23:08:29 Moving is finished
07.12 23:10:37 Scanning 211 point from 504
07.12 23:10:37 Going to coordinates X=-14.954, Y=-40.044
07.12 23:10:37 Moving is finished
07.12 23:12:46 Scanning 212 point from 504
07.12 23:12:46 Going to coordinates X=-14.854, Y=-40.044
07.12 23:12:46 Moving is finished
07.12 23:14:54 Scanning 213 point from 504
07.12 23:14:54 Going to coordinates X=-14.754, Y=-40.044
07.12 23:14:54 Moving is finished
07.12 23:17:03 Scanning 214 point from 504
07.12 23:17:03 Going to coordinates X=-14.654, Y=-40.044
07.12 23:17:03 Moving is finished
07.12 23:19:12 Scanning 215 point from 504
07.12 23:19:12 Going to coordinates X=-14.554, Y=-40.044
07.12 23:19:12 Moving is finished
07.12 23:21:21 Scanning 216 point from 504
07.12 23:21:21 Going to coordinates X=-15.654, Y=-39.944
07.12 23:21:21 Moving is finished
07.12 23:23:29 Scanning 217 point from 504
07.12 23:23:29 Going to coordinates X=-15.554, Y=-39.944
07.12 23:23:29 Moving is finished
07.12 23:25:37 Scanning 218 point from 504
07.12 23:25:37 Going to coordinates X=-15.454, Y=-39.944
07.12 23:25:38 Moving is finished
07.12 23:27:46 Scanning 219 point from 504
07.12 23:27:46 Going to coordinates X=-15.354, Y=-39.944
07.12 23:27:46 Moving is finished
07.12 23:29:54 Scanning 220 point from 504
07.12 23:29:54 Going to coordinates X=-15.254, Y=-39.944
07.12 23:29:54 Moving is finished
07.12 23:32:02 Scanning 221 point from 504
07.12 23:32:02 Going to coordinates X=-15.154, Y=-39.944
07.12 23:32:02 Moving is finished
07.12 23:34:10 Scanning 222 point from 504
07.12 23:34:10 Going to coordinates X=-15.054, Y=-39.944
07.12 23:34:11 Moving is finished
07.12 23:36:19 Scanning 223 point from 504
07.12 23:36:19 Going to coordinates X=-14.954, Y=-39.944
07.12 23:36:19 Moving is finished
07.12 23:38:27 Scanning 224 point from 504
07.12 23:38:27 Going to coordinates X=-14.854, Y=-39.944
07.12 23:38:27 Moving is finished
07.12 23:40:35 Scanning 225 point from 504
07.12 23:40:35 Going to coordinates X=-14.754, Y=-39.944
07.12 23:40:35 Moving is finished
07.12 23:42:44 Scanning 226 point from 504
07.12 23:42:44 Going to coordinates X=-14.654, Y=-39.944
07.12 23:42:44 Moving is finished
07.12 23:44:52 Scanning 227 point from 504
07.12 23:44:52 Going to coordinates X=-14.554, Y=-39.944
07.12 23:44:52 Moving is finished
07.12 23:47:01 Scanning 228 point from 504
07.12 23:47:01 Going to coordinates X=-15.654, Y=-39.844
07.12 23:47:01 Moving is finished
07.12 23:49:10 Scanning 229 point from 504
07.12 23:49:10 Going to coordinates X=-15.554, Y=-39.844
07.12 23:49:10 Moving is finished
07.12 23:51:19 Scanning 230 point from 504
07.12 23:51:19 Going to coordinates X=-15.454, Y=-39.844
07.12 23:51:19 Moving is finished
07.12 23:53:27 Scanning 231 point from 504
07.12 23:53:27 Going to coordinates X=-15.354, Y=-39.844
07.12 23:53:27 Moving is finished
07.12 23:55:36 Scanning 232 point from 504
07.12 23:55:36 Going to coordinates X=-15.254, Y=-39.844
07.12 23:55:36 Moving is finished
07.12 23:57:45 Scanning 233 point from 504
07.12 23:57:45 Going to coordinates X=-15.154, Y=-39.844
07.12 23:57:45 Moving is finished
07.12 23:59:54 Scanning 234 point from 504
07.12 23:59:54 Going to coordinates X=-15.054, Y=-39.844
07.12 23:59:54 Moving is finished
08.12 00:02:02 Scanning 235 point from 504
08.12 00:02:02 Going to coordinates X=-14.954, Y=-39.844
08.12 00:02:02 Moving is finished
08.12 00:04:11 Scanning 236 point from 504
08.12 00:04:11 Going to coordinates X=-14.854, Y=-39.844
08.12 00:04:11 Moving is finished
08.12 00:06:19 Scanning 237 point from 504
08.12 00:06:19 Going to coordinates X=-14.754, Y=-39.844
08.12 00:06:20 Moving is finished
08.12 00:08:28 Scanning 238 point from 504
08.12 00:08:28 Going to coordinates X=-14.654, Y=-39.844
08.12 00:08:29 Moving is finished
08.12 00:10:38 Scanning 239 point from 504
08.12 00:10:38 Going to coordinates X=-14.554, Y=-39.844
08.12 00:10:39 Moving is finished
08.12 00:12:47 Scanning 240 point from 504
08.12 00:12:47 Going to coordinates X=-15.654, Y=-39.744
08.12 00:12:48 Moving is finished
08.12 00:14:57 Scanning 241 point from 504
08.12 00:14:57 Going to coordinates X=-15.554, Y=-39.744
08.12 00:14:57 Moving is finished
08.12 00:17:05 Scanning 242 point from 504
08.12 00:17:05 Going to coordinates X=-15.454, Y=-39.744
08.12 00:17:06 Moving is finished
08.12 00:19:15 Scanning 243 point from 504
08.12 00:19:15 Going to coordinates X=-15.354, Y=-39.744
08.12 00:19:15 Moving is finished
08.12 00:21:23 Scanning 244 point from 504
08.12 00:21:23 Going to coordinates X=-15.254, Y=-39.744
08.12 00:21:23 Moving is finished
08.12 00:23:32 Scanning 245 point from 504
08.12 00:23:32 Going to coordinates X=-15.154, Y=-39.744
08.12 00:23:32 Moving is finished
08.12 00:25:41 Scanning 246 point from 504
08.12 00:25:41 Going to coordinates X=-15.054, Y=-39.744
08.12 00:25:41 Moving is finished
08.12 00:27:50 Scanning 247 point from 504
08.12 00:27:50 Going to coordinates X=-14.954, Y=-39.744
08.12 00:27:50 Moving is finished
08.12 00:29:58 Scanning 248 point from 504
08.12 00:29:58 Going to coordinates X=-14.854, Y=-39.744
08.12 00:29:59 Moving is finished
08.12 00:32:08 Scanning 249 point from 504
08.12 00:32:08 Going to coordinates X=-14.754, Y=-39.744
08.12 00:32:08 Moving is finished
08.12 00:34:17 Scanning 250 point from 504
08.12 00:34:17 Going to coordinates X=-14.654, Y=-39.744
08.12 00:34:17 Moving is finished
08.12 00:36:25 Scanning 251 point from 504
08.12 00:36:25 Going to coordinates X=-14.554, Y=-39.744
08.12 00:36:26 Moving is finished
08.12 00:38:34 Scanning 252 point from 504
08.12 00:38:34 Going to coordinates X=-15.654, Y=-39.644
08.12 00:38:35 Moving is finished
08.12 00:40:43 Scanning 253 point from 504
08.12 00:40:43 Going to coordinates X=-15.554, Y=-39.644
08.12 00:40:43 Moving is finished
08.12 00:42:51 Scanning 254 point from 504
08.12 00:42:51 Going to coordinates X=-15.454, Y=-39.644
08.12 00:42:51 Moving is finished
08.12 00:45:00 Scanning 255 point from 504
08.12 00:45:00 Going to coordinates X=-15.354, Y=-39.644
08.12 00:45:00 Moving is finished
08.12 00:47:08 Scanning 256 point from 504
08.12 00:47:08 Going to coordinates X=-15.254, Y=-39.644
08.12 00:47:08 Moving is finished
08.12 00:49:17 Scanning 257 point from 504
08.12 00:49:17 Going to coordinates X=-15.154, Y=-39.644
08.12 00:49:17 Moving is finished
08.12 00:51:25 Scanning 258 point from 504
08.12 00:51:25 Going to coordinates X=-15.054, Y=-39.644
08.12 00:51:26 Moving is finished
08.12 00:53:34 Scanning 259 point from 504
08.12 00:53:34 Going to coordinates X=-14.954, Y=-39.644
08.12 00:53:34 Moving is finished
08.12 00:55:42 Scanning 260 point from 504
08.12 00:55:42 Going to coordinates X=-14.854, Y=-39.644
08.12 00:55:43 Moving is finished
08.12 00:57:51 Scanning 261 point from 504
08.12 00:57:51 Going to coordinates X=-14.754, Y=-39.644
08.12 00:57:51 Moving is finished
08.12 00:59:59 Scanning 262 point from 504
08.12 00:59:59 Going to coordinates X=-14.654, Y=-39.644
08.12 01:00:00 Moving is finished
08.12 01:02:08 Scanning 263 point from 504
08.12 01:02:08 Going to coordinates X=-14.554, Y=-39.644
08.12 01:02:08 Moving is finished
08.12 01:04:17 Scanning 264 point from 504
08.12 01:04:17 Going to coordinates X=-15.654, Y=-39.544
08.12 01:04:17 Moving is finished
08.12 01:06:25 Scanning 265 point from 504
08.12 01:06:25 Going to coordinates X=-15.554, Y=-39.544
08.12 01:06:26 Moving is finished
08.12 01:08:34 Scanning 266 point from 504
08.12 01:08:34 Going to coordinates X=-15.454, Y=-39.544
08.12 01:08:35 Moving is finished
08.12 01:10:43 Scanning 267 point from 504
08.12 01:10:43 Going to coordinates X=-15.354, Y=-39.544
08.12 01:10:43 Moving is finished
08.12 01:12:52 Scanning 268 point from 504
08.12 01:12:52 Going to coordinates X=-15.254, Y=-39.544
08.12 01:12:52 Moving is finished
08.12 01:15:00 Scanning 269 point from 504
08.12 01:15:00 Going to coordinates X=-15.154, Y=-39.544
08.12 01:15:01 Moving is finished
08.12 01:17:09 Scanning 270 point from 504
08.12 01:17:09 Going to coordinates X=-15.054, Y=-39.544
08.12 01:17:09 Moving is finished
08.12 01:19:17 Scanning 271 point from 504
08.12 01:19:17 Going to coordinates X=-14.954, Y=-39.544
08.12 01:19:18 Moving is finished
08.12 01:21:26 Scanning 272 point from 504
08.12 01:21:26 Going to coordinates X=-14.854, Y=-39.544
08.12 01:21:26 Moving is finished
08.12 01:23:34 Scanning 273 point from 504
08.12 01:23:34 Going to coordinates X=-14.754, Y=-39.544
08.12 01:23:34 Moving is finished
08.12 01:25:42 Scanning 274 point from 504
08.12 01:25:42 Going to coordinates X=-14.654, Y=-39.544
08.12 01:25:43 Moving is finished
08.12 01:27:51 Scanning 275 point from 504
08.12 01:27:51 Going to coordinates X=-14.554, Y=-39.544
08.12 01:27:51 Moving is finished
08.12 01:29:59 Scanning 276 point from 504
08.12 01:29:59 Going to coordinates X=-15.654, Y=-39.444
08.12 01:30:00 Moving is finished
08.12 01:32:09 Scanning 277 point from 504
08.12 01:32:09 Going to coordinates X=-15.554, Y=-39.444
08.12 01:32:09 Moving is finished
08.12 01:34:17 Scanning 278 point from 504
08.12 01:34:17 Going to coordinates X=-15.454, Y=-39.444
08.12 01:34:18 Moving is finished
08.12 01:36:26 Scanning 279 point from 504
08.12 01:36:26 Going to coordinates X=-15.354, Y=-39.444
08.12 01:36:26 Moving is finished
08.12 01:38:34 Scanning 280 point from 504
08.12 01:38:34 Going to coordinates X=-15.254, Y=-39.444
08.12 01:38:35 Moving is finished
08.12 01:40:43 Scanning 281 point from 504
08.12 01:40:43 Going to coordinates X=-15.154, Y=-39.444
08.12 01:40:43 Moving is finished
08.12 01:42:51 Scanning 282 point from 504
08.12 01:42:51 Going to coordinates X=-15.054, Y=-39.444
08.12 01:42:52 Moving is finished
08.12 01:45:00 Scanning 283 point from 504
08.12 01:45:00 Going to coordinates X=-14.954, Y=-39.444
08.12 01:45:00 Moving is finished
08.12 01:47:09 Scanning 284 point from 504
08.12 01:47:09 Going to coordinates X=-14.854, Y=-39.444
08.12 01:47:09 Moving is finished
08.12 01:49:18 Scanning 285 point from 504
08.12 01:49:18 Going to coordinates X=-14.754, Y=-39.444
08.12 01:49:18 Moving is finished
08.12 01:51:26 Scanning 286 point from 504
08.12 01:51:26 Going to coordinates X=-14.654, Y=-39.444
08.12 01:51:26 Moving is finished
08.12 01:53:35 Scanning 287 point from 504
08.12 01:53:35 Going to coordinates X=-14.554, Y=-39.444
08.12 01:53:35 Moving is finished
08.12 01:55:44 Scanning 288 point from 504
08.12 01:55:44 Going to coordinates X=-15.654, Y=-39.344
08.12 01:55:45 Moving is finished
08.12 01:57:53 Scanning 289 point from 504
08.12 01:57:53 Going to coordinates X=-15.554, Y=-39.344
08.12 01:57:54 Moving is finished
08.12 02:00:02 Scanning 290 point from 504
08.12 02:00:02 Going to coordinates X=-15.454, Y=-39.344
08.12 02:00:03 Moving is finished
08.12 02:02:10 Scanning 291 point from 504
08.12 02:02:10 Going to coordinates X=-15.354, Y=-39.344
08.12 02:02:11 Moving is finished
08.12 02:04:19 Scanning 292 point from 504
08.12 02:04:19 Going to coordinates X=-15.254, Y=-39.344
08.12 02:04:20 Moving is finished
08.12 02:06:28 Scanning 293 point from 504
08.12 02:06:28 Going to coordinates X=-15.154, Y=-39.344
08.12 02:06:28 Moving is finished
08.12 02:08:36 Scanning 294 point from 504
08.12 02:08:36 Going to coordinates X=-15.054, Y=-39.344
08.12 02:08:36 Moving is finished
08.12 02:10:44 Scanning 295 point from 504
08.12 02:10:44 Going to coordinates X=-14.954, Y=-39.344
08.12 02:10:45 Moving is finished
08.12 02:12:53 Scanning 296 point from 504
08.12 02:12:53 Going to coordinates X=-14.854, Y=-39.344
08.12 02:12:53 Moving is finished
08.12 02:15:01 Scanning 297 point from 504
08.12 02:15:01 Going to coordinates X=-14.754, Y=-39.344
08.12 02:15:02 Moving is finished
08.12 02:17:11 Scanning 298 point from 504
08.12 02:17:11 Going to coordinates X=-14.654, Y=-39.344
08.12 02:17:11 Moving is finished
08.12 02:19:20 Scanning 299 point from 504
08.12 02:19:20 Going to coordinates X=-14.554, Y=-39.344
08.12 02:19:20 Moving is finished
08.12 02:21:29 Scanning 300 point from 504
08.12 02:21:29 Going to coordinates X=-15.654, Y=-39.244
08.12 02:21:29 Moving is finished
08.12 02:23:37 Scanning 301 point from 504
08.12 02:23:37 Going to coordinates X=-15.554, Y=-39.244
08.12 02:23:37 Moving is finished
08.12 02:25:46 Scanning 302 point from 504
08.12 02:25:46 Going to coordinates X=-15.454, Y=-39.244
08.12 02:25:46 Moving is finished
08.12 02:27:54 Scanning 303 point from 504
08.12 02:27:54 Going to coordinates X=-15.354, Y=-39.244
08.12 02:27:55 Moving is finished
08.12 02:30:03 Scanning 304 point from 504
08.12 02:30:03 Going to coordinates X=-15.254, Y=-39.244
08.12 02:30:03 Moving is finished
08.12 02:32:12 Scanning 305 point from 504
08.12 02:32:12 Going to coordinates X=-15.154, Y=-39.244
08.12 02:32:12 Moving is finished
08.12 02:34:20 Scanning 306 point from 504
08.12 02:34:20 Going to coordinates X=-15.054, Y=-39.244
08.12 02:34:20 Moving is finished
08.12 02:36:29 Scanning 307 point from 504
08.12 02:36:29 Going to coordinates X=-14.954, Y=-39.244
08.12 02:36:30 Moving is finished
08.12 02:38:39 Scanning 308 point from 504
08.12 02:38:39 Going to coordinates X=-14.854, Y=-39.244
08.12 02:38:39 Moving is finished
08.12 02:40:47 Scanning 309 point from 504
08.12 02:40:47 Going to coordinates X=-14.754, Y=-39.244
08.12 02:40:47 Moving is finished
08.12 02:42:56 Scanning 310 point from 504
08.12 02:42:56 Going to coordinates X=-14.654, Y=-39.244
08.12 02:42:57 Moving is finished
08.12 02:45:05 Scanning 311 point from 504
08.12 02:45:05 Going to coordinates X=-14.554, Y=-39.244
08.12 02:45:05 Moving is finished
08.12 02:47:14 Scanning 312 point from 504
08.12 02:47:14 Going to coordinates X=-15.654, Y=-39.144
08.12 02:47:14 Moving is finished
08.12 02:49:23 Scanning 313 point from 504
08.12 02:49:23 Going to coordinates X=-15.554, Y=-39.144
08.12 02:49:23 Moving is finished
08.12 02:51:31 Scanning 314 point from 504
08.12 02:51:31 Going to coordinates X=-15.454, Y=-39.144
08.12 02:51:31 Moving is finished
08.12 02:53:40 Scanning 315 point from 504
08.12 02:53:40 Going to coordinates X=-15.354, Y=-39.144
08.12 02:53:40 Moving is finished
08.12 02:55:49 Scanning 316 point from 504
08.12 02:55:49 Going to coordinates X=-15.254, Y=-39.144
08.12 02:55:49 Moving is finished
08.12 02:57:57 Scanning 317 point from 504
08.12 02:57:57 Going to coordinates X=-15.154, Y=-39.144
08.12 02:57:57 Moving is finished
08.12 03:00:06 Scanning 318 point from 504
08.12 03:00:06 Going to coordinates X=-15.054, Y=-39.144
08.12 03:00:06 Moving is finished
08.12 03:02:15 Scanning 319 point from 504
08.12 03:02:15 Going to coordinates X=-14.954, Y=-39.144
08.12 03:02:15 Moving is finished
08.12 03:04:24 Scanning 320 point from 504
08.12 03:04:24 Going to coordinates X=-14.854, Y=-39.144
08.12 03:04:24 Moving is finished
08.12 03:06:33 Scanning 321 point from 504
08.12 03:06:33 Going to coordinates X=-14.754, Y=-39.144
08.12 03:06:33 Moving is finished
08.12 03:08:41 Scanning 322 point from 504
08.12 03:08:41 Going to coordinates X=-14.654, Y=-39.144
08.12 03:08:42 Moving is finished
08.12 03:10:50 Scanning 323 point from 504
08.12 03:10:50 Going to coordinates X=-14.554, Y=-39.144
08.12 03:10:51 Moving is finished
08.12 03:12:59 Scanning 324 point from 504
08.12 03:12:59 Going to coordinates X=-15.654, Y=-39.044
08.12 03:13:00 Moving is finished
08.12 03:15:08 Scanning 325 point from 504
08.12 03:15:08 Going to coordinates X=-15.554, Y=-39.044
08.12 03:15:08 Moving is finished
08.12 03:17:17 Scanning 326 point from 504
08.12 03:17:17 Going to coordinates X=-15.454, Y=-39.044
08.12 03:17:17 Moving is finished
08.12 03:19:26 Scanning 327 point from 504
08.12 03:19:26 Going to coordinates X=-15.354, Y=-39.044
08.12 03:19:26 Moving is finished
08.12 03:21:35 Scanning 328 point from 504
08.12 03:21:35 Going to coordinates X=-15.254, Y=-39.044
08.12 03:21:35 Moving is finished
08.12 03:23:43 Scanning 329 point from 504
08.12 03:23:43 Going to coordinates X=-15.154, Y=-39.044
08.12 03:23:43 Moving is finished
08.12 03:25:53 Scanning 330 point from 504
08.12 03:25:53 Going to coordinates X=-15.054, Y=-39.044
08.12 03:25:53 Moving is finished
08.12 03:28:01 Scanning 331 point from 504
08.12 03:28:01 Going to coordinates X=-14.954, Y=-39.044
08.12 03:28:02 Moving is finished
08.12 03:30:10 Scanning 332 point from 504
08.12 03:30:10 Going to coordinates X=-14.854, Y=-39.044
08.12 03:30:11 Moving is finished
08.12 03:32:19 Scanning 333 point from 504
08.12 03:32:19 Going to coordinates X=-14.754, Y=-39.044
08.12 03:32:19 Moving is finished
08.12 03:34:28 Scanning 334 point from 504
08.12 03:34:28 Going to coordinates X=-14.654, Y=-39.044
08.12 03:34:28 Moving is finished
08.12 03:36:36 Scanning 335 point from 504
08.12 03:36:36 Going to coordinates X=-14.554, Y=-39.044
08.12 03:36:37 Moving is finished
08.12 03:38:45 Scanning 336 point from 504
08.12 03:38:45 Going to coordinates X=-15.654, Y=-38.944
08.12 03:38:46 Moving is finished
08.12 03:40:54 Scanning 337 point from 504
08.12 03:40:54 Going to coordinates X=-15.554, Y=-38.944
08.12 03:40:54 Moving is finished
08.12 03:43:02 Scanning 338 point from 504
08.12 03:43:02 Going to coordinates X=-15.454, Y=-38.944
08.12 03:43:02 Moving is finished
08.12 03:45:10 Scanning 339 point from 504
08.12 03:45:10 Going to coordinates X=-15.354, Y=-38.944
08.12 03:45:11 Moving is finished
08.12 03:47:19 Scanning 340 point from 504
08.12 03:47:19 Going to coordinates X=-15.254, Y=-38.944
08.12 03:47:19 Moving is finished
08.12 03:49:27 Scanning 341 point from 504
08.12 03:49:27 Going to coordinates X=-15.154, Y=-38.944
08.12 03:49:27 Moving is finished
08.12 03:51:36 Scanning 342 point from 504
08.12 03:51:36 Going to coordinates X=-15.054, Y=-38.944
08.12 03:51:37 Moving is finished
08.12 03:53:45 Scanning 343 point from 504
08.12 03:53:45 Going to coordinates X=-14.954, Y=-38.944
08.12 03:53:45 Moving is finished
08.12 03:55:54 Scanning 344 point from 504
08.12 03:55:54 Going to coordinates X=-14.854, Y=-38.944
08.12 03:55:54 Moving is finished
08.12 03:58:03 Scanning 345 point from 504
08.12 03:58:03 Going to coordinates X=-14.754, Y=-38.944
08.12 03:58:03 Moving is finished
08.12 04:00:11 Scanning 346 point from 504
08.12 04:00:11 Going to coordinates X=-14.654, Y=-38.944
08.12 04:00:12 Moving is finished
08.12 04:02:20 Scanning 347 point from 504
08.12 04:02:20 Going to coordinates X=-14.554, Y=-38.944
08.12 04:02:21 Moving is finished
08.12 04:04:30 Scanning 348 point from 504
08.12 04:04:30 Going to coordinates X=-15.654, Y=-38.844
08.12 04:04:30 Moving is finished
08.12 04:06:38 Scanning 349 point from 504
08.12 04:06:38 Going to coordinates X=-15.554, Y=-38.844
08.12 04:06:39 Moving is finished
08.12 04:08:47 Scanning 350 point from 504
08.12 04:08:47 Going to coordinates X=-15.454, Y=-38.844
08.12 04:08:47 Moving is finished
08.12 04:10:55 Scanning 351 point from 504
08.12 04:10:55 Going to coordinates X=-15.354, Y=-38.844
08.12 04:10:56 Moving is finished
08.12 04:13:04 Scanning 352 point from 504
08.12 04:13:04 Going to coordinates X=-15.254, Y=-38.844
08.12 04:13:04 Moving is finished
08.12 04:15:13 Scanning 353 point from 504
08.12 04:15:13 Going to coordinates X=-15.154, Y=-38.844
08.12 04:15:13 Moving is finished
08.12 04:17:21 Scanning 354 point from 504
08.12 04:17:21 Going to coordinates X=-15.054, Y=-38.844
08.12 04:17:21 Moving is finished
08.12 04:19:29 Scanning 355 point from 504
08.12 04:19:29 Going to coordinates X=-14.954, Y=-38.844
08.12 04:19:30 Moving is finished
08.12 04:21:38 Scanning 356 point from 504
08.12 04:21:38 Going to coordinates X=-14.854, Y=-38.844
08.12 04:21:38 Moving is finished
08.12 04:23:47 Scanning 357 point from 504
08.12 04:23:47 Going to coordinates X=-14.754, Y=-38.844
08.12 04:23:47 Moving is finished
08.12 04:25:55 Scanning 358 point from 504
08.12 04:25:55 Going to coordinates X=-14.654, Y=-38.844
08.12 04:25:55 Moving is finished
08.12 04:28:03 Scanning 359 point from 504
08.12 04:28:03 Going to coordinates X=-14.554, Y=-38.844
08.12 04:28:04 Moving is finished
08.12 04:30:12 Scanning 360 point from 504
08.12 04:30:12 Going to coordinates X=-15.654, Y=-38.744
08.12 04:30:12 Moving is finished
08.12 04:32:21 Scanning 361 point from 504
08.12 04:32:21 Going to coordinates X=-15.554, Y=-38.744
08.12 04:32:21 Moving is finished
08.12 04:34:29 Scanning 362 point from 504
08.12 04:34:29 Going to coordinates X=-15.454, Y=-38.744
08.12 04:34:30 Moving is finished
08.12 04:36:38 Scanning 363 point from 504
08.12 04:36:38 Going to coordinates X=-15.354, Y=-38.744
08.12 04:36:38 Moving is finished
08.12 04:38:47 Scanning 364 point from 504
08.12 04:38:47 Going to coordinates X=-15.254, Y=-38.744
08.12 04:38:47 Moving is finished
08.12 04:40:56 Scanning 365 point from 504
08.12 04:40:56 Going to coordinates X=-15.154, Y=-38.744
08.12 04:40:56 Moving is finished
08.12 04:43:05 Scanning 366 point from 504
08.12 04:43:05 Going to coordinates X=-15.054, Y=-38.744
08.12 04:43:05 Moving is finished
08.12 04:45:13 Scanning 367 point from 504
08.12 04:45:13 Going to coordinates X=-14.954, Y=-38.744
08.12 04:45:14 Moving is finished
08.12 04:47:21 Scanning 368 point from 504
08.12 04:47:21 Going to coordinates X=-14.854, Y=-38.744
08.12 04:47:22 Moving is finished
08.12 04:49:30 Scanning 369 point from 504
08.12 04:49:30 Going to coordinates X=-14.754, Y=-38.744
08.12 04:49:31 Moving is finished
08.12 04:51:38 Scanning 370 point from 504
08.12 04:51:38 Going to coordinates X=-14.654, Y=-38.744
08.12 04:51:39 Moving is finished
08.12 04:53:47 Scanning 371 point from 504
08.12 04:53:47 Going to coordinates X=-14.554, Y=-38.744
08.12 04:53:47 Moving is finished
08.12 04:55:56 Scanning 372 point from 504
08.12 04:55:56 Going to coordinates X=-15.654, Y=-38.644
08.12 04:55:56 Moving is finished
08.12 04:58:05 Scanning 373 point from 504
08.12 04:58:05 Going to coordinates X=-15.554, Y=-38.644
08.12 04:58:05 Moving is finished
08.12 05:00:13 Scanning 374 point from 504
08.12 05:00:13 Going to coordinates X=-15.454, Y=-38.644
08.12 05:00:13 Moving is finished
08.12 05:02:22 Scanning 375 point from 504
08.12 05:02:22 Going to coordinates X=-15.354, Y=-38.644
08.12 05:02:22 Moving is finished
08.12 05:04:30 Scanning 376 point from 504
08.12 05:04:30 Going to coordinates X=-15.254, Y=-38.644
08.12 05:04:30 Moving is finished
08.12 05:06:40 Scanning 377 point from 504
08.12 05:06:40 Going to coordinates X=-15.154, Y=-38.644
08.12 05:06:40 Moving is finished
08.12 05:08:48 Scanning 378 point from 504
08.12 05:08:48 Going to coordinates X=-15.054, Y=-38.644
08.12 05:08:48 Moving is finished
08.12 05:10:56 Scanning 379 point from 504
08.12 05:10:56 Going to coordinates X=-14.954, Y=-38.644
08.12 05:10:57 Moving is finished
08.12 05:13:05 Scanning 380 point from 504
08.12 05:13:05 Going to coordinates X=-14.854, Y=-38.644
08.12 05:13:05 Moving is finished
08.12 05:15:14 Scanning 381 point from 504
08.12 05:15:14 Going to coordinates X=-14.754, Y=-38.644
08.12 05:15:15 Moving is finished
08.12 05:17:23 Scanning 382 point from 504
08.12 05:17:23 Going to coordinates X=-14.654, Y=-38.644
08.12 05:17:23 Moving is finished
08.12 05:19:31 Scanning 383 point from 504
08.12 05:19:31 Going to coordinates X=-14.554, Y=-38.644
08.12 05:19:32 Moving is finished
08.12 05:21:40 Scanning 384 point from 504
08.12 05:21:40 Going to coordinates X=-15.654, Y=-38.544
08.12 05:21:41 Moving is finished
08.12 05:23:49 Scanning 385 point from 504
08.12 05:23:49 Going to coordinates X=-15.554, Y=-38.544
08.12 05:23:49 Moving is finished
08.12 05:25:57 Scanning 386 point from 504
08.12 05:25:57 Going to coordinates X=-15.454, Y=-38.544
08.12 05:25:58 Moving is finished
08.12 05:28:07 Scanning 387 point from 504
08.12 05:28:07 Going to coordinates X=-15.354, Y=-38.544
08.12 05:28:07 Moving is finished
08.12 05:30:15 Scanning 388 point from 504
08.12 05:30:15 Going to coordinates X=-15.254, Y=-38.544
08.12 05:30:15 Moving is finished
08.12 05:32:23 Scanning 389 point from 504
08.12 05:32:23 Going to coordinates X=-15.154, Y=-38.544
08.12 05:32:24 Moving is finished
08.12 05:34:32 Scanning 390 point from 504
08.12 05:34:32 Going to coordinates X=-15.054, Y=-38.544
08.12 05:34:33 Moving is finished
08.12 05:36:41 Scanning 391 point from 504
08.12 05:36:41 Going to coordinates X=-14.954, Y=-38.544
08.12 05:36:41 Moving is finished
08.12 05:38:50 Scanning 392 point from 504
08.12 05:38:50 Going to coordinates X=-14.854, Y=-38.544
08.12 05:38:50 Moving is finished
08.12 05:40:58 Scanning 393 point from 504
08.12 05:40:58 Going to coordinates X=-14.754, Y=-38.544
08.12 05:40:58 Moving is finished
08.12 05:43:06 Scanning 394 point from 504
08.12 05:43:06 Going to coordinates X=-14.654, Y=-38.544
08.12 05:43:07 Moving is finished
08.12 05:45:15 Scanning 395 point from 504
08.12 05:45:15 Going to coordinates X=-14.554, Y=-38.544
08.12 05:45:15 Moving is finished
08.12 05:47:24 Scanning 396 point from 504
08.12 05:47:24 Going to coordinates X=-15.654, Y=-38.444
08.12 05:47:25 Moving is finished
08.12 05:49:34 Scanning 397 point from 504
08.12 05:49:34 Going to coordinates X=-15.554, Y=-38.444
08.12 05:49:34 Moving is finished
08.12 05:51:43 Scanning 398 point from 504
08.12 05:51:43 Going to coordinates X=-15.454, Y=-38.444
08.12 05:51:43 Moving is finished
08.12 05:53:52 Scanning 399 point from 504
08.12 05:53:52 Going to coordinates X=-15.354, Y=-38.444
08.12 05:53:52 Moving is finished
08.12 05:56:01 Scanning 400 point from 504
08.12 05:56:01 Going to coordinates X=-15.254, Y=-38.444
08.12 05:56:01 Moving is finished
08.12 05:58:09 Scanning 401 point from 504
08.12 05:58:09 Going to coordinates X=-15.154, Y=-38.444
08.12 05:58:09 Moving is finished
08.12 06:00:18 Scanning 402 point from 504
08.12 06:00:18 Going to coordinates X=-15.054, Y=-38.444
08.12 06:00:19 Moving is finished
08.12 06:02:27 Scanning 403 point from 504
08.12 06:02:27 Going to coordinates X=-14.954, Y=-38.444
08.12 06:02:27 Moving is finished
08.12 06:04:36 Scanning 404 point from 504
08.12 06:04:36 Going to coordinates X=-14.854, Y=-38.444
08.12 06:04:36 Moving is finished
08.12 06:06:46 Scanning 405 point from 504
08.12 06:06:46 Going to coordinates X=-14.754, Y=-38.444
08.12 06:06:46 Moving is finished
08.12 06:08:54 Scanning 406 point from 504
08.12 06:08:54 Going to coordinates X=-14.654, Y=-38.444
08.12 06:08:54 Moving is finished
08.12 06:11:02 Scanning 407 point from 504
08.12 06:11:02 Going to coordinates X=-14.554, Y=-38.444
08.12 06:11:02 Moving is finished
08.12 06:13:11 Scanning 408 point from 504
08.12 06:13:11 Going to coordinates X=-15.654, Y=-38.344
08.12 06:13:11 Moving is finished
08.12 06:15:20 Scanning 409 point from 504
08.12 06:15:20 Going to coordinates X=-15.554, Y=-38.344
08.12 06:15:20 Moving is finished
08.12 06:17:28 Scanning 410 point from 504
08.12 06:17:28 Going to coordinates X=-15.454, Y=-38.344
08.12 06:17:28 Moving is finished
08.12 06:19:37 Scanning 411 point from 504
08.12 06:19:37 Going to coordinates X=-15.354, Y=-38.344
08.12 06:19:37 Moving is finished
08.12 06:21:46 Scanning 412 point from 504
08.12 06:21:46 Going to coordinates X=-15.254, Y=-38.344
08.12 06:21:46 Moving is finished
08.12 06:23:54 Scanning 413 point from 504
08.12 06:23:54 Going to coordinates X=-15.154, Y=-38.344
08.12 06:23:55 Moving is finished
08.12 06:26:02 Scanning 414 point from 504
08.12 06:26:02 Going to coordinates X=-15.054, Y=-38.344
08.12 06:26:03 Moving is finished
08.12 06:28:11 Scanning 415 point from 504
08.12 06:28:11 Going to coordinates X=-14.954, Y=-38.344
08.12 06:28:11 Moving is finished
08.12 06:30:19 Scanning 416 point from 504
08.12 06:30:19 Going to coordinates X=-14.854, Y=-38.344
08.12 06:30:19 Moving is finished
08.12 06:32:28 Scanning 417 point from 504
08.12 06:32:28 Going to coordinates X=-14.754, Y=-38.344
08.12 06:32:28 Moving is finished
08.12 06:34:36 Scanning 418 point from 504
08.12 06:34:36 Going to coordinates X=-14.654, Y=-38.344
08.12 06:34:36 Moving is finished
08.12 06:36:44 Scanning 419 point from 504
08.12 06:36:44 Going to coordinates X=-14.554, Y=-38.344
08.12 06:36:45 Moving is finished
08.12 06:38:53 Scanning 420 point from 504
08.12 06:38:53 Going to coordinates X=-15.654, Y=-38.244
08.12 06:38:53 Moving is finished
08.12 06:41:02 Scanning 421 point from 504
08.12 06:41:02 Going to coordinates X=-15.554, Y=-38.244
08.12 06:41:02 Moving is finished
08.12 06:43:10 Scanning 422 point from 504
08.12 06:43:10 Going to coordinates X=-15.454, Y=-38.244
08.12 06:43:11 Moving is finished
08.12 06:45:20 Scanning 423 point from 504
08.12 06:45:20 Going to coordinates X=-15.354, Y=-38.244
08.12 06:45:20 Moving is finished
08.12 06:47:28 Scanning 424 point from 504
08.12 06:47:28 Going to coordinates X=-15.254, Y=-38.244
08.12 06:47:28 Moving is finished
08.12 06:49:37 Scanning 425 point from 504
08.12 06:49:37 Going to coordinates X=-15.154, Y=-38.244
08.12 06:49:37 Moving is finished
08.12 06:51:46 Scanning 426 point from 504
08.12 06:51:46 Going to coordinates X=-15.054, Y=-38.244
08.12 06:51:46 Moving is finished
08.12 06:53:54 Scanning 427 point from 504
08.12 06:53:54 Going to coordinates X=-14.954, Y=-38.244
08.12 06:53:54 Moving is finished
08.12 06:56:03 Scanning 428 point from 504
08.12 06:56:03 Going to coordinates X=-14.854, Y=-38.244
08.12 06:56:03 Moving is finished
08.12 06:58:12 Scanning 429 point from 504
08.12 06:58:12 Going to coordinates X=-14.754, Y=-38.244
08.12 06:58:12 Moving is finished
08.12 07:00:20 Scanning 430 point from 504
08.12 07:00:20 Going to coordinates X=-14.654, Y=-38.244
08.12 07:00:20 Moving is finished
08.12 07:02:30 Scanning 431 point from 504
08.12 07:02:30 Going to coordinates X=-14.554, Y=-38.244
08.12 07:02:30 Moving is finished
08.12 07:04:39 Scanning 432 point from 504
08.12 07:04:39 Going to coordinates X=-15.654, Y=-38.144
08.12 07:04:40 Moving is finished
08.12 07:06:48 Scanning 433 point from 504
08.12 07:06:48 Going to coordinates X=-15.554, Y=-38.144
08.12 07:06:48 Moving is finished
08.12 07:08:56 Scanning 434 point from 504
08.12 07:08:56 Going to coordinates X=-15.454, Y=-38.144
08.12 07:08:57 Moving is finished
08.12 07:11:05 Scanning 435 point from 504
08.12 07:11:05 Going to coordinates X=-15.354, Y=-38.144
08.12 07:11:05 Moving is finished
08.12 07:13:13 Scanning 436 point from 504
08.12 07:13:13 Going to coordinates X=-15.254, Y=-38.144
08.12 07:13:13 Moving is finished
08.12 07:15:21 Scanning 437 point from 504
08.12 07:15:21 Going to coordinates X=-15.154, Y=-38.144
08.12 07:15:21 Moving is finished
08.12 07:17:30 Scanning 438 point from 504
08.12 07:17:30 Going to coordinates X=-15.054, Y=-38.144
08.12 07:17:31 Moving is finished
08.12 07:19:39 Scanning 439 point from 504
08.12 07:19:39 Going to coordinates X=-14.954, Y=-38.144
08.12 07:19:39 Moving is finished
08.12 07:21:48 Scanning 440 point from 504
08.12 07:21:48 Going to coordinates X=-14.854, Y=-38.144
08.12 07:21:48 Moving is finished
08.12 07:23:56 Scanning 441 point from 504
08.12 07:23:56 Going to coordinates X=-14.754, Y=-38.144
08.12 07:23:57 Moving is finished
08.12 07:26:04 Scanning 442 point from 504
08.12 07:26:04 Going to coordinates X=-14.654, Y=-38.144
08.12 07:26:05 Moving is finished
08.12 07:28:13 Scanning 443 point from 504
08.12 07:28:13 Going to coordinates X=-14.554, Y=-38.144
08.12 07:28:13 Moving is finished
08.12 07:30:22 Scanning 444 point from 504
08.12 07:30:22 Going to coordinates X=-15.654, Y=-38.044
08.12 07:30:23 Moving is finished
08.12 07:32:31 Scanning 445 point from 504
08.12 07:32:31 Going to coordinates X=-15.554, Y=-38.044
08.12 07:32:31 Moving is finished
08.12 07:34:39 Scanning 446 point from 504
08.12 07:34:39 Going to coordinates X=-15.454, Y=-38.044
08.12 07:34:40 Moving is finished
08.12 07:36:48 Scanning 447 point from 504
08.12 07:36:48 Going to coordinates X=-15.354, Y=-38.044
08.12 07:36:48 Moving is finished
08.12 07:38:57 Scanning 448 point from 504
08.12 07:38:57 Going to coordinates X=-15.254, Y=-38.044
08.12 07:38:57 Moving is finished
08.12 07:41:05 Scanning 449 point from 504
08.12 07:41:05 Going to coordinates X=-15.154, Y=-38.044
08.12 07:41:06 Moving is finished
08.12 07:43:14 Scanning 450 point from 504
08.12 07:43:14 Going to coordinates X=-15.054, Y=-38.044
08.12 07:43:14 Moving is finished
08.12 07:45:22 Scanning 451 point from 504
08.12 07:45:22 Going to coordinates X=-14.954, Y=-38.044
08.12 07:45:22 Moving is finished
08.12 07:47:31 Scanning 452 point from 504
08.12 07:47:31 Going to coordinates X=-14.854, Y=-38.044
08.12 07:47:31 Moving is finished
08.12 07:49:39 Scanning 453 point from 504
08.12 07:49:39 Going to coordinates X=-14.754, Y=-38.044
08.12 07:49:39 Moving is finished
08.12 07:51:47 Scanning 454 point from 504
08.12 07:51:47 Going to coordinates X=-14.654, Y=-38.044
08.12 07:51:48 Moving is finished
08.12 07:53:56 Scanning 455 point from 504
08.12 07:53:56 Going to coordinates X=-14.554, Y=-38.044
08.12 07:53:56 Moving is finished
08.12 07:56:05 Scanning 456 point from 504
08.12 07:56:05 Going to coordinates X=-15.654, Y=-37.944
08.12 07:56:05 Moving is finished
08.12 07:58:14 Scanning 457 point from 504
08.12 07:58:14 Going to coordinates X=-15.554, Y=-37.944
08.12 07:58:14 Moving is finished
08.12 08:00:23 Scanning 458 point from 504
08.12 08:00:23 Going to coordinates X=-15.454, Y=-37.944
08.12 08:00:23 Moving is finished
08.12 08:02:32 Scanning 459 point from 504
08.12 08:02:32 Going to coordinates X=-15.354, Y=-37.944
08.12 08:02:32 Moving is finished
08.12 08:04:41 Scanning 460 point from 504
08.12 08:04:41 Going to coordinates X=-15.254, Y=-37.944
08.12 08:04:41 Moving is finished
08.12 08:06:49 Scanning 461 point from 504
08.12 08:06:49 Going to coordinates X=-15.154, Y=-37.944
08.12 08:06:50 Moving is finished
08.12 08:08:58 Scanning 462 point from 504
08.12 08:08:58 Going to coordinates X=-15.054, Y=-37.944
08.12 08:08:59 Moving is finished
08.12 08:11:07 Scanning 463 point from 504
08.12 08:11:07 Going to coordinates X=-14.954, Y=-37.944
08.12 08:11:07 Moving is finished
08.12 08:13:16 Scanning 464 point from 504
08.12 08:13:16 Going to coordinates X=-14.854, Y=-37.944
08.12 08:13:16 Moving is finished
08.12 08:15:25 Scanning 465 point from 504
08.12 08:15:25 Going to coordinates X=-14.754, Y=-37.944
08.12 08:15:25 Moving is finished
08.12 08:17:33 Scanning 466 point from 504
08.12 08:17:33 Going to coordinates X=-14.654, Y=-37.944
08.12 08:17:34 Moving is finished
08.12 08:19:42 Scanning 467 point from 504
08.12 08:19:42 Going to coordinates X=-14.554, Y=-37.944
08.12 08:19:43 Moving is finished
08.12 08:21:51 Scanning 468 point from 504
08.12 08:21:51 Going to coordinates X=-15.654, Y=-37.844
08.12 08:21:52 Moving is finished
08.12 08:24:00 Scanning 469 point from 504
08.12 08:24:00 Going to coordinates X=-15.554, Y=-37.844
08.12 08:24:00 Moving is finished
08.12 08:26:08 Scanning 470 point from 504
08.12 08:26:08 Going to coordinates X=-15.454, Y=-37.844
08.12 08:26:08 Moving is finished
08.12 08:28:17 Scanning 471 point from 504
08.12 08:28:17 Going to coordinates X=-15.354, Y=-37.844
08.12 08:28:17 Moving is finished
08.12 08:30:26 Scanning 472 point from 504
08.12 08:30:26 Going to coordinates X=-15.254, Y=-37.844
08.12 08:30:26 Moving is finished
08.12 08:32:35 Scanning 473 point from 504
08.12 08:32:35 Going to coordinates X=-15.154, Y=-37.844
08.12 08:32:35 Moving is finished
08.12 08:34:44 Scanning 474 point from 504
08.12 08:34:44 Going to coordinates X=-15.054, Y=-37.844
08.12 08:34:44 Moving is finished
08.12 08:36:53 Scanning 475 point from 504
08.12 08:36:53 Going to coordinates X=-14.954, Y=-37.844
08.12 08:36:54 Moving is finished
08.12 08:39:02 Scanning 476 point from 504
08.12 08:39:02 Going to coordinates X=-14.854, Y=-37.844
08.12 08:39:03 Moving is finished
08.12 08:41:11 Scanning 477 point from 504
08.12 08:41:11 Going to coordinates X=-14.754, Y=-37.844
08.12 08:41:11 Moving is finished
08.12 08:43:20 Scanning 478 point from 504
08.12 08:43:20 Going to coordinates X=-14.654, Y=-37.844
08.12 08:43:20 Moving is finished
08.12 08:45:29 Scanning 479 point from 504
08.12 08:45:29 Going to coordinates X=-14.554, Y=-37.844
08.12 08:45:29 Moving is finished
08.12 08:47:38 Scanning 480 point from 504
08.12 08:47:38 Going to coordinates X=-15.654, Y=-37.744
08.12 08:47:39 Moving is finished
08.12 08:49:47 Scanning 481 point from 504
08.12 08:49:47 Going to coordinates X=-15.554, Y=-37.744
08.12 08:49:47 Moving is finished
08.12 08:51:55 Scanning 482 point from 504
08.12 08:51:55 Going to coordinates X=-15.454, Y=-37.744
08.12 08:51:55 Moving is finished
08.12 08:54:04 Scanning 483 point from 504
08.12 08:54:04 Going to coordinates X=-15.354, Y=-37.744
08.12 08:54:04 Moving is finished
08.12 08:56:12 Scanning 484 point from 504
08.12 08:56:12 Going to coordinates X=-15.254, Y=-37.744
08.12 08:56:12 Moving is finished
08.12 08:58:20 Scanning 485 point from 504
08.12 08:58:20 Going to coordinates X=-15.154, Y=-37.744
08.12 08:58:20 Moving is finished
08.12 09:00:28 Scanning 486 point from 504
08.12 09:00:28 Going to coordinates X=-15.054, Y=-37.744
08.12 09:00:29 Moving is finished
08.12 09:02:37 Scanning 487 point from 504
08.12 09:02:37 Going to coordinates X=-14.954, Y=-37.744
08.12 09:02:38 Moving is finished
08.12 09:04:47 Scanning 488 point from 504
08.12 09:04:47 Going to coordinates X=-14.854, Y=-37.744
08.12 09:04:47 Moving is finished
08.12 09:06:57 Scanning 489 point from 504
08.12 09:06:57 Going to coordinates X=-14.754, Y=-37.744
08.12 09:06:57 Moving is finished
08.12 09:09:05 Scanning 490 point from 504
08.12 09:09:05 Going to coordinates X=-14.654, Y=-37.744
08.12 09:09:05 Moving is finished
08.12 09:11:13 Scanning 491 point from 504
08.12 09:11:13 Going to coordinates X=-14.554, Y=-37.744
08.12 09:11:13 Moving is finished
08.12 09:13:22 Scanning 492 point from 504
08.12 09:13:22 Going to coordinates X=-15.654, Y=-37.644
08.12 09:13:23 Moving is finished
08.12 09:15:32 Scanning 493 point from 504
08.12 09:15:32 Going to coordinates X=-15.554, Y=-37.644
08.12 09:15:32 Moving is finished
08.12 09:17:40 Scanning 494 point from 504
08.12 09:17:40 Going to coordinates X=-15.454, Y=-37.644
08.12 09:17:41 Moving is finished
08.12 09:19:49 Scanning 495 point from 504
08.12 09:19:49 Going to coordinates X=-15.354, Y=-37.644
08.12 09:19:49 Moving is finished
08.12 09:21:58 Scanning 496 point from 504
08.12 09:21:58 Going to coordinates X=-15.254, Y=-37.644
08.12 09:21:58 Moving is finished
08.12 09:24:06 Scanning 497 point from 504
08.12 09:24:06 Going to coordinates X=-15.154, Y=-37.644
08.12 09:24:06 Moving is finished
08.12 09:26:15 Scanning 498 point from 504
08.12 09:26:15 Going to coordinates X=-15.054, Y=-37.644
08.12 09:26:15 Moving is finished
08.12 09:28:23 Scanning 499 point from 504
08.12 09:28:23 Going to coordinates X=-14.954, Y=-37.644
08.12 09:28:23 Moving is finished
08.12 09:30:32 Scanning 500 point from 504
08.12 09:30:32 Going to coordinates X=-14.854, Y=-37.644
08.12 09:30:32 Moving is finished
08.12 09:32:40 Scanning 501 point from 504
08.12 09:32:40 Going to coordinates X=-14.754, Y=-37.644
08.12 09:32:41 Moving is finished
08.12 09:34:49 Scanning 502 point from 504
08.12 09:34:49 Going to coordinates X=-14.654, Y=-37.644
08.12 09:34:49 Moving is finished
08.12 09:36:57 Scanning 503 point from 504
08.12 09:36:57 Going to coordinates X=-14.554, Y=-37.644
08.12 09:36:58 Moving is finished
