04.12 11:34:20 Initializing grbl...
04.12 11:34:20 Got the response: b''
04.12 11:36:12 Row 0: 04.12 11:36:12 Map: x1: -14.365, y1: -36.933, x2: -15.817, y2: -36.133, xres: 0.100, yres: 0.100, fname: Gluc
04.12 11:36:12 Scanning 0 point from 144
04.12 11:36:12 Going to coordinates X=-15.817, Y=-36.933
04.12 11:36:13 Moving is finished
04.12 11:38:18 Scanning 1 point from 144
04.12 11:38:18 Going to coordinates X=-15.717, Y=-36.933
04.12 11:38:18 Moving is finished
04.12 11:40:23 Scanning 2 point from 144
04.12 11:40:23 Going to coordinates X=-15.617, Y=-36.933
04.12 11:40:23 Moving is finished
04.12 11:42:28 Scanning 3 point from 144
04.12 11:42:28 Going to coordinates X=-15.517, Y=-36.933
04.12 11:42:28 Moving is finished
04.12 11:44:34 Scanning 4 point from 144
04.12 11:44:34 Going to coordinates X=-15.417, Y=-36.933
04.12 11:44:34 Moving is finished
04.12 11:46:39 Scanning 5 point from 144
04.12 11:46:39 Going to coordinates X=-15.317, Y=-36.933
04.12 11:46:40 Moving is finished
04.12 11:48:45 Scanning 6 point from 144
04.12 11:48:45 Going to coordinates X=-15.217, Y=-36.933
04.12 11:48:45 Moving is finished
04.12 11:50:50 Scanning 7 point from 144
04.12 11:50:50 Going to coordinates X=-15.117, Y=-36.933
04.12 11:50:50 Moving is finished
04.12 11:52:55 Scanning 8 point from 144
04.12 11:52:55 Going to coordinates X=-15.017, Y=-36.933
04.12 11:52:55 Moving is finished
04.12 11:55:01 Scanning 9 point from 144
04.12 11:55:01 Going to coordinates X=-14.917, Y=-36.933
04.12 11:55:01 Moving is finished
04.12 11:57:06 Scanning 10 point from 144
04.12 11:57:06 Going to coordinates X=-14.817, Y=-36.933
04.12 11:57:06 Moving is finished
04.12 11:59:12 Scanning 11 point from 144
04.12 11:59:12 Going to coordinates X=-14.717, Y=-36.933
04.12 11:59:12 Moving is finished
04.12 12:01:17 Scanning 12 point from 144
04.12 12:01:17 Going to coordinates X=-14.617, Y=-36.933
04.12 12:01:18 Moving is finished
04.12 12:03:23 Scanning 13 point from 144
04.12 12:03:23 Going to coordinates X=-14.517, Y=-36.933
04.12 12:03:23 Moving is finished
04.12 12:05:28 Scanning 14 point from 144
04.12 12:05:28 Going to coordinates X=-14.417, Y=-36.933
04.12 12:05:28 Moving is finished
04.12 12:07:32 Scanning 15 point from 144
04.12 12:07:32 Going to coordinates X=-14.317, Y=-36.933
04.12 12:07:32 Moving is finished
04.12 12:09:37 Scanning 16 point from 144
04.12 12:09:37 Going to coordinates X=-15.817, Y=-36.833
04.12 12:09:38 Moving is finished
04.12 12:11:43 Scanning 17 point from 144
04.12 12:11:43 Going to coordinates X=-15.717, Y=-36.833
04.12 12:11:43 Moving is finished
04.12 12:13:48 Scanning 18 point from 144
04.12 12:13:48 Going to coordinates X=-15.617, Y=-36.833
04.12 12:13:48 Moving is finished
04.12 12:15:53 Scanning 19 point from 144
04.12 12:15:53 Going to coordinates X=-15.517, Y=-36.833
04.12 12:15:53 Moving is finished
04.12 12:17:58 Scanning 20 point from 144
04.12 12:17:58 Going to coordinates X=-15.417, Y=-36.833
04.12 12:17:58 Moving is finished
04.12 12:20:03 Scanning 21 point from 144
04.12 12:20:03 Going to coordinates X=-15.317, Y=-36.833
04.12 12:20:03 Moving is finished
04.12 12:22:08 Scanning 22 point from 144
04.12 12:22:08 Going to coordinates X=-15.217, Y=-36.833
04.12 12:22:08 Moving is finished
04.12 12:24:12 Scanning 23 point from 144
04.12 12:24:12 Going to coordinates X=-15.117, Y=-36.833
04.12 12:24:12 Moving is finished
04.12 12:26:17 Scanning 24 point from 144
04.12 12:26:17 Going to coordinates X=-15.017, Y=-36.833
04.12 12:26:17 Moving is finished
04.12 12:28:22 Scanning 25 point from 144
04.12 12:28:22 Going to coordinates X=-14.917, Y=-36.833
04.12 12:28:22 Moving is finished
04.12 12:30:27 Scanning 26 point from 144
04.12 12:30:27 Going to coordinates X=-14.817, Y=-36.833
04.12 12:30:27 Moving is finished
04.12 12:32:31 Scanning 27 point from 144
04.12 12:32:31 Going to coordinates X=-14.717, Y=-36.833
04.12 12:32:32 Moving is finished
04.12 12:34:36 Scanning 28 point from 144
04.12 12:34:36 Going to coordinates X=-14.617, Y=-36.833
04.12 12:34:37 Moving is finished
04.12 12:36:41 Scanning 29 point from 144
04.12 12:36:41 Going to coordinates X=-14.517, Y=-36.833
04.12 12:36:41 Moving is finished
04.12 12:38:46 Scanning 30 point from 144
04.12 12:38:46 Going to coordinates X=-14.417, Y=-36.833
04.12 12:38:47 Moving is finished
04.12 12:40:51 Scanning 31 point from 144
04.12 12:40:51 Going to coordinates X=-14.317, Y=-36.833
04.12 12:40:51 Moving is finished
04.12 12:42:56 Scanning 32 point from 144
04.12 12:42:56 Going to coordinates X=-15.817, Y=-36.733
04.12 12:42:57 Moving is finished
04.12 12:45:02 Scanning 33 point from 144
04.12 12:45:02 Going to coordinates X=-15.717, Y=-36.733
04.12 12:45:03 Moving is finished
04.12 12:47:08 Scanning 34 point from 144
04.12 12:47:08 Going to coordinates X=-15.617, Y=-36.733
04.12 12:47:08 Moving is finished
04.12 12:49:13 Scanning 35 point from 144
04.12 12:49:50 Stopped!
