29.05 15:31:51 Initializing grbl...
29.05 15:31:52 Got the response: b''
29.05 15:34:29 Row 0: 29.05 15:34:29 Map: x1: -29.99, y1: -39.515, x2: -29.663, y2: -39.68, xres: 0.100, yres: 0.100, fname: l-cystn
29.05 15:34:29 Scanning 0 point from 15
29.05 15:34:29 Going to coordinates X=-29.990, Y=-39.680
29.05 15:34:29 Moving is finished
29.05 15:36:07 Scanning 1 point from 15
29.05 15:36:07 Going to coordinates X=-29.890, Y=-39.680
29.05 15:36:07 Moving is finished
29.05 15:37:44 Scanning 2 point from 15
29.05 15:37:44 Going to coordinates X=-29.790, Y=-39.680
29.05 15:37:44 Moving is finished
29.05 15:39:21 Scanning 3 point from 15
29.05 15:39:21 Going to coordinates X=-29.690, Y=-39.680
29.05 15:39:22 Moving is finished
29.05 15:40:58 Scanning 4 point from 15
29.05 15:40:58 Going to coordinates X=-29.590, Y=-39.680
29.05 15:40:58 Moving is finished
29.05 15:42:36 Scanning 5 point from 15
29.05 15:42:36 Going to coordinates X=-29.990, Y=-39.580
29.05 15:42:36 Moving is finished
29.05 15:44:13 Scanning 6 point from 15
29.05 15:44:13 Going to coordinates X=-29.890, Y=-39.580
29.05 15:44:13 Moving is finished
29.05 15:45:50 Scanning 7 point from 15
29.05 15:45:50 Going to coordinates X=-29.790, Y=-39.580
29.05 15:45:50 Moving is finished
29.05 15:47:27 Scanning 8 point from 15
29.05 15:47:27 Going to coordinates X=-29.690, Y=-39.580
29.05 15:47:27 Moving is finished
29.05 15:49:04 Scanning 9 point from 15
29.05 15:49:04 Going to coordinates X=-29.590, Y=-39.580
29.05 15:49:04 Moving is finished
29.05 15:50:41 Scanning 10 point from 15
29.05 15:50:41 Going to coordinates X=-29.990, Y=-39.480
29.05 15:50:41 Moving is finished
29.05 15:52:18 Scanning 11 point from 15
29.05 15:52:18 Going to coordinates X=-29.890, Y=-39.480
29.05 15:52:18 Moving is finished
29.05 15:53:55 Scanning 12 point from 15
29.05 15:53:55 Going to coordinates X=-29.790, Y=-39.480
29.05 15:53:55 Moving is finished
29.05 15:55:32 Scanning 13 point from 15
29.05 15:55:32 Going to coordinates X=-29.690, Y=-39.480
29.05 15:55:32 Moving is finished
29.05 15:57:09 Scanning 14 point from 15
29.05 15:57:09 Going to coordinates X=-29.590, Y=-39.480
29.05 15:57:09 Moving is finished
29.05 15:58:46 Row 1: 29.05 15:58:46 Map: x1: -29.663, y1: -39.165, x2: -29.512, y2: -39.423, xres: 0.100, yres: 0.100, fname: l-cystn
29.05 15:58:46 Scanning 0 point from 12
29.05 15:58:46 Going to coordinates X=-29.663, Y=-39.423
29.05 15:58:46 Moving is finished
29.05 16:00:23 Scanning 1 point from 12
29.05 16:00:23 Going to coordinates X=-29.563, Y=-39.423
29.05 16:00:23 Moving is finished
29.05 16:02:00 Scanning 2 point from 12
29.05 16:02:00 Going to coordinates X=-29.463, Y=-39.423
29.05 16:02:00 Moving is finished
29.05 16:03:37 Scanning 3 point from 12
29.05 16:03:37 Going to coordinates X=-29.663, Y=-39.323
29.05 16:03:37 Moving is finished
29.05 16:05:14 Scanning 4 point from 12
29.05 16:05:14 Going to coordinates X=-29.563, Y=-39.323
29.05 16:05:14 Moving is finished
29.05 16:06:51 Scanning 5 point from 12
29.05 16:06:51 Going to coordinates X=-29.463, Y=-39.323
29.05 16:06:51 Moving is finished
29.05 16:08:28 Scanning 6 point from 12
29.05 16:08:28 Going to coordinates X=-29.663, Y=-39.223
29.05 16:08:28 Moving is finished
29.05 16:10:05 Scanning 7 point from 12
29.05 16:10:05 Going to coordinates X=-29.563, Y=-39.223
29.05 16:10:06 Moving is finished
29.05 16:11:42 Scanning 8 point from 12
29.05 16:11:42 Going to coordinates X=-29.463, Y=-39.223
29.05 16:11:42 Moving is finished
29.05 16:13:19 Scanning 9 point from 12
29.05 16:13:19 Going to coordinates X=-29.663, Y=-39.123
29.05 16:13:19 Moving is finished
29.05 16:14:55 Scanning 10 point from 12
29.05 16:14:55 Going to coordinates X=-29.563, Y=-39.123
29.05 16:14:56 Moving is finished
29.05 16:16:32 Scanning 11 point from 12
29.05 16:16:32 Going to coordinates X=-29.463, Y=-39.123
29.05 16:16:32 Moving is finished
29.05 17:07:22 Row 0: 29.05 17:07:22 Goto: -28.449; -45.155; 0.000
29.05 17:07:22 Going to coordinates X=-28.449, Y=-45.155
29.05 17:07:23 Moving is finished
29.05 17:07:24 Row 1: 29.05 17:07:24 Raman: l-cystn
29.05 17:07:24 Starting signal collection to the file l-cystn
29.05 17:09:03 Data is collected!
29.05 17:09:03 Row 2: 29.05 17:09:03 Goto: -28.366; -45.247; 0.000
29.05 17:09:03 Going to coordinates X=-28.366, Y=-45.247
29.05 17:09:03 Moving is finished
29.05 17:09:04 Row 3: 29.05 17:09:04 Raman: l-cystn
29.05 17:09:04 Starting signal collection to the file l-cystn
29.05 17:10:43 Data is collected!
29.05 17:10:43 Row 4: 29.05 17:10:43 Goto: -28.288; -45.278; 0.000
29.05 17:10:43 Going to coordinates X=-28.288, Y=-45.278
29.05 17:10:44 Moving is finished
29.05 17:10:45 Row 5: 29.05 17:10:45 Raman: l-cystn
29.05 17:10:45 Starting signal collection to the file l-cystn
29.05 17:12:23 Data is collected!
29.05 17:12:23 Row 6: 29.05 17:12:23 Goto: -27.615; -45.247; 0.000
29.05 17:12:23 Going to coordinates X=-27.615, Y=-45.247
29.05 17:12:24 Moving is finished
29.05 17:12:25 Row 7: 29.05 17:12:25 Raman: l-cystn
29.05 17:12:25 Starting signal collection to the file l-cystn
29.05 17:14:04 Data is collected!
29.05 17:14:04 Row 8: 29.05 17:14:04 Map: x1: -27.229, y1: -45.309, x2: -27.122, y2: -45.165, xres: 0.020, yres: 0.020, fname: l-cystn
29.05 17:14:04 Scanning 0 point from 63
29.05 17:14:04 Going to coordinates X=-27.229, Y=-45.309
29.05 17:14:04 Moving is finished
29.05 17:15:41 Scanning 1 point from 63
29.05 17:15:41 Going to coordinates X=-27.209, Y=-45.309
29.05 17:15:41 Moving is finished
29.05 17:17:18 Scanning 2 point from 63
29.05 17:17:18 Going to coordinates X=-27.189, Y=-45.309
29.05 17:17:18 Moving is finished
29.05 17:18:54 Scanning 3 point from 63
29.05 17:18:54 Going to coordinates X=-27.169, Y=-45.309
29.05 17:18:54 Moving is finished
29.05 17:20:31 Scanning 4 point from 63
29.05 17:20:31 Going to coordinates X=-27.149, Y=-45.309
29.05 17:20:31 Moving is finished
29.05 17:22:09 Scanning 5 point from 63
29.05 17:22:09 Going to coordinates X=-27.129, Y=-45.309
29.05 17:22:09 Moving is finished
29.05 17:23:46 Scanning 6 point from 63
29.05 17:23:46 Going to coordinates X=-27.109, Y=-45.309
29.05 17:23:46 Moving is finished
29.05 17:25:23 Scanning 7 point from 63
29.05 17:25:23 Going to coordinates X=-27.229, Y=-45.289
29.05 17:25:23 Moving is finished
29.05 17:26:59 Scanning 8 point from 63
29.05 17:26:59 Going to coordinates X=-27.209, Y=-45.289
29.05 17:27:00 Moving is finished
29.05 17:28:36 Scanning 9 point from 63
29.05 17:28:36 Going to coordinates X=-27.189, Y=-45.289
29.05 17:28:36 Moving is finished
29.05 17:30:13 Scanning 10 point from 63
29.05 17:30:13 Going to coordinates X=-27.169, Y=-45.289
29.05 17:30:13 Moving is finished
29.05 17:31:50 Scanning 11 point from 63
29.05 17:31:50 Going to coordinates X=-27.149, Y=-45.289
29.05 17:31:50 Moving is finished
29.05 17:33:28 Scanning 12 point from 63
29.05 17:33:28 Going to coordinates X=-27.129, Y=-45.289
29.05 17:33:28 Moving is finished
29.05 17:35:04 Scanning 13 point from 63
29.05 17:35:04 Going to coordinates X=-27.109, Y=-45.289
29.05 17:35:05 Moving is finished
29.05 17:36:42 Scanning 14 point from 63
29.05 17:36:42 Going to coordinates X=-27.229, Y=-45.269
29.05 17:36:42 Moving is finished
29.05 17:38:18 Scanning 15 point from 63
29.05 17:38:18 Going to coordinates X=-27.209, Y=-45.269
29.05 17:38:19 Moving is finished
29.05 17:39:55 Scanning 16 point from 63
29.05 17:39:55 Going to coordinates X=-27.189, Y=-45.269
29.05 17:39:56 Moving is finished
29.05 17:41:32 Scanning 17 point from 63
29.05 17:41:32 Going to coordinates X=-27.169, Y=-45.269
29.05 17:41:32 Moving is finished
29.05 17:43:10 Scanning 18 point from 63
29.05 17:43:10 Going to coordinates X=-27.149, Y=-45.269
29.05 17:43:10 Moving is finished
29.05 17:44:47 Scanning 19 point from 63
29.05 17:44:47 Going to coordinates X=-27.129, Y=-45.269
29.05 17:44:47 Moving is finished
29.05 17:46:24 Scanning 20 point from 63
29.05 17:46:24 Going to coordinates X=-27.109, Y=-45.269
29.05 17:46:24 Moving is finished
29.05 17:48:01 Scanning 21 point from 63
29.05 17:48:01 Going to coordinates X=-27.229, Y=-45.249
29.05 17:48:01 Moving is finished
29.05 17:49:38 Scanning 22 point from 63
29.05 17:49:38 Going to coordinates X=-27.209, Y=-45.249
29.05 17:49:38 Moving is finished
29.05 17:51:16 Scanning 23 point from 63
29.05 17:51:16 Going to coordinates X=-27.189, Y=-45.249
29.05 17:51:16 Moving is finished
29.05 17:52:52 Scanning 24 point from 63
29.05 17:52:52 Going to coordinates X=-27.169, Y=-45.249
29.05 17:52:53 Moving is finished
29.05 17:54:30 Scanning 25 point from 63
29.05 17:54:30 Going to coordinates X=-27.149, Y=-45.249
29.05 17:54:30 Moving is finished
29.05 17:56:07 Scanning 26 point from 63
29.05 17:56:07 Going to coordinates X=-27.129, Y=-45.249
29.05 17:56:07 Moving is finished
29.05 17:57:44 Scanning 27 point from 63
29.05 17:57:44 Going to coordinates X=-27.109, Y=-45.249
29.05 17:57:44 Moving is finished
29.05 17:59:22 Scanning 28 point from 63
29.05 17:59:22 Going to coordinates X=-27.229, Y=-45.229
29.05 17:59:22 Moving is finished
29.05 18:00:59 Scanning 29 point from 63
29.05 18:00:59 Going to coordinates X=-27.209, Y=-45.229
29.05 18:00:59 Moving is finished
29.05 18:02:36 Scanning 30 point from 63
29.05 18:02:36 Going to coordinates X=-27.189, Y=-45.229
29.05 18:02:36 Moving is finished
29.05 18:04:13 Scanning 31 point from 63
29.05 18:04:13 Going to coordinates X=-27.169, Y=-45.229
29.05 18:04:13 Moving is finished
29.05 18:05:50 Scanning 32 point from 63
29.05 18:05:50 Going to coordinates X=-27.149, Y=-45.229
29.05 18:05:50 Moving is finished
29.05 18:07:27 Scanning 33 point from 63
29.05 18:07:27 Going to coordinates X=-27.129, Y=-45.229
29.05 18:07:27 Moving is finished
29.05 18:09:04 Scanning 34 point from 63
29.05 18:09:04 Going to coordinates X=-27.109, Y=-45.229
29.05 18:09:04 Moving is finished
29.05 18:10:41 Scanning 35 point from 63
29.05 18:10:41 Going to coordinates X=-27.229, Y=-45.209
29.05 18:10:41 Moving is finished
29.05 18:12:18 Scanning 36 point from 63
29.05 18:12:18 Going to coordinates X=-27.209, Y=-45.209
29.05 18:12:18 Moving is finished
29.05 18:13:55 Scanning 37 point from 63
29.05 18:13:55 Going to coordinates X=-27.189, Y=-45.209
29.05 18:13:55 Moving is finished
29.05 18:15:32 Scanning 38 point from 63
29.05 18:15:32 Going to coordinates X=-27.169, Y=-45.209
29.05 18:15:32 Moving is finished
29.05 18:17:09 Scanning 39 point from 63
29.05 18:17:09 Going to coordinates X=-27.149, Y=-45.209
29.05 18:17:10 Moving is finished
29.05 18:18:46 Scanning 40 point from 63
29.05 18:18:46 Going to coordinates X=-27.129, Y=-45.209
29.05 18:18:47 Moving is finished
29.05 18:20:24 Scanning 41 point from 63
29.05 18:20:24 Going to coordinates X=-27.109, Y=-45.209
29.05 18:20:24 Moving is finished
29.05 18:22:01 Scanning 42 point from 63
29.05 18:22:01 Going to coordinates X=-27.229, Y=-45.189
29.05 18:22:02 Moving is finished
29.05 18:23:39 Scanning 43 point from 63
29.05 18:23:39 Going to coordinates X=-27.209, Y=-45.189
29.05 18:23:39 Moving is finished
29.05 18:25:15 Scanning 44 point from 63
29.05 18:25:15 Going to coordinates X=-27.189, Y=-45.189
29.05 18:25:16 Moving is finished
29.05 18:26:53 Scanning 45 point from 63
29.05 18:26:53 Going to coordinates X=-27.169, Y=-45.189
29.05 18:26:53 Moving is finished
29.05 18:28:30 Scanning 46 point from 63
29.05 18:28:30 Going to coordinates X=-27.149, Y=-45.189
29.05 18:28:30 Moving is finished
29.05 18:30:07 Scanning 47 point from 63
29.05 18:30:07 Going to coordinates X=-27.129, Y=-45.189
29.05 18:30:07 Moving is finished
29.05 18:31:44 Scanning 48 point from 63
29.05 18:31:44 Going to coordinates X=-27.109, Y=-45.189
29.05 18:31:44 Moving is finished
29.05 18:33:21 Scanning 49 point from 63
29.05 18:33:21 Going to coordinates X=-27.229, Y=-45.169
29.05 18:33:21 Moving is finished
29.05 18:34:57 Scanning 50 point from 63
29.05 18:34:57 Going to coordinates X=-27.209, Y=-45.169
29.05 18:34:58 Moving is finished
29.05 18:36:34 Scanning 51 point from 63
29.05 18:36:34 Going to coordinates X=-27.189, Y=-45.169
29.05 18:36:35 Moving is finished
29.05 18:38:11 Scanning 52 point from 63
29.05 18:38:11 Going to coordinates X=-27.169, Y=-45.169
29.05 18:38:11 Moving is finished
29.05 18:39:48 Scanning 53 point from 63
29.05 18:39:48 Going to coordinates X=-27.149, Y=-45.169
29.05 18:39:48 Moving is finished
29.05 18:41:25 Scanning 54 point from 63
29.05 18:41:25 Going to coordinates X=-27.129, Y=-45.169
29.05 18:41:25 Moving is finished
29.05 18:43:02 Scanning 55 point from 63
29.05 18:43:02 Going to coordinates X=-27.109, Y=-45.169
29.05 18:43:02 Moving is finished
29.05 18:44:39 Scanning 56 point from 63
29.05 18:44:39 Going to coordinates X=-27.229, Y=-45.149
29.05 18:44:39 Moving is finished
29.05 18:46:16 Scanning 57 point from 63
29.05 18:46:16 Going to coordinates X=-27.209, Y=-45.149
29.05 18:46:17 Moving is finished
29.05 18:47:53 Scanning 58 point from 63
29.05 18:47:53 Going to coordinates X=-27.189, Y=-45.149
29.05 18:47:53 Moving is finished
29.05 18:49:30 Scanning 59 point from 63
29.05 18:49:30 Going to coordinates X=-27.169, Y=-45.149
29.05 18:49:30 Moving is finished
29.05 18:51:07 Scanning 60 point from 63
29.05 18:51:07 Going to coordinates X=-27.149, Y=-45.149
29.05 18:51:07 Moving is finished
29.05 18:52:44 Scanning 61 point from 63
29.05 18:52:44 Going to coordinates X=-27.129, Y=-45.149
29.05 18:52:45 Moving is finished
29.05 18:54:22 Scanning 62 point from 63
29.05 18:54:22 Going to coordinates X=-27.109, Y=-45.149
29.05 18:54:22 Moving is finished
