15.11 19:24:59 Initializing grbl...
15.11 19:24:59 Got the response: b''
15.11 19:26:56 Row 0: 15.11 19:26:56 Map: x1: -12.856, y1: -37.959, x2: -14.231, y2: -36.79, xres: 0.050, yres: 0.050, fname: Mart Sol suc -A
15.11 19:26:56 Scanning 0 point from 725
15.11 19:26:56 Going to coordinates X=-14.231, Y=-37.959
15.11 19:26:57 Moving is finished
15.11 19:29:07 Scanning 1 point from 725
15.11 19:29:07 Going to coordinates X=-14.181, Y=-37.959
15.11 19:29:07 Moving is finished
15.11 19:31:16 Scanning 2 point from 725
15.11 19:31:16 Going to coordinates X=-14.131, Y=-37.959
15.11 19:31:16 Moving is finished
15.11 19:33:24 Scanning 3 point from 725
15.11 19:33:24 Going to coordinates X=-14.081, Y=-37.959
15.11 19:33:24 Moving is finished
15.11 19:35:32 Scanning 4 point from 725
15.11 19:35:32 Going to coordinates X=-14.031, Y=-37.959
15.11 19:35:33 Moving is finished
15.11 19:37:41 Scanning 5 point from 725
15.11 19:37:41 Going to coordinates X=-13.981, Y=-37.959
15.11 19:37:42 Moving is finished
15.11 19:39:50 Scanning 6 point from 725
15.11 19:39:50 Going to coordinates X=-13.931, Y=-37.959
15.11 19:39:50 Moving is finished
15.11 19:41:58 Scanning 7 point from 725
15.11 19:41:58 Going to coordinates X=-13.881, Y=-37.959
15.11 19:41:58 Moving is finished
15.11 19:44:06 Scanning 8 point from 725
15.11 19:44:06 Going to coordinates X=-13.831, Y=-37.959
15.11 19:44:07 Moving is finished
15.11 19:46:15 Scanning 9 point from 725
15.11 19:46:15 Going to coordinates X=-13.781, Y=-37.959
15.11 19:46:16 Moving is finished
15.11 19:48:24 Scanning 10 point from 725
15.11 19:48:24 Going to coordinates X=-13.731, Y=-37.959
15.11 19:48:24 Moving is finished
15.11 19:50:32 Scanning 11 point from 725
15.11 19:50:32 Going to coordinates X=-13.681, Y=-37.959
15.11 19:50:33 Moving is finished
15.11 19:52:41 Scanning 12 point from 725
15.11 19:52:41 Going to coordinates X=-13.631, Y=-37.959
15.11 19:52:41 Moving is finished
15.11 19:54:49 Scanning 13 point from 725
15.11 19:54:49 Going to coordinates X=-13.581, Y=-37.959
15.11 19:54:49 Moving is finished
15.11 19:56:57 Scanning 14 point from 725
15.11 19:56:57 Going to coordinates X=-13.531, Y=-37.959
15.11 19:56:58 Moving is finished
15.11 19:59:06 Scanning 15 point from 725
15.11 19:59:06 Going to coordinates X=-13.481, Y=-37.959
15.11 19:59:06 Moving is finished
15.11 20:01:14 Scanning 16 point from 725
15.11 20:01:14 Going to coordinates X=-13.431, Y=-37.959
15.11 20:01:14 Moving is finished
15.11 20:03:23 Scanning 17 point from 725
15.11 20:03:23 Going to coordinates X=-13.381, Y=-37.959
15.11 20:03:23 Moving is finished
15.11 20:05:31 Scanning 18 point from 725
15.11 20:05:31 Going to coordinates X=-13.331, Y=-37.959
15.11 20:05:32 Moving is finished
15.11 20:07:40 Scanning 19 point from 725
15.11 20:07:40 Going to coordinates X=-13.281, Y=-37.959
15.11 20:07:40 Moving is finished
15.11 20:09:49 Scanning 20 point from 725
15.11 20:09:49 Going to coordinates X=-13.231, Y=-37.959
15.11 20:09:49 Moving is finished
15.11 20:11:58 Scanning 21 point from 725
15.11 20:11:58 Going to coordinates X=-13.181, Y=-37.959
15.11 20:11:58 Moving is finished
15.11 20:14:07 Scanning 22 point from 725
15.11 20:14:07 Going to coordinates X=-13.131, Y=-37.959
15.11 20:14:07 Moving is finished
15.11 20:16:15 Scanning 23 point from 725
15.11 20:16:15 Going to coordinates X=-13.081, Y=-37.959
15.11 20:16:15 Moving is finished
15.11 20:18:24 Scanning 24 point from 725
15.11 20:18:24 Going to coordinates X=-13.031, Y=-37.959
15.11 20:18:24 Moving is finished
15.11 20:20:32 Scanning 25 point from 725
15.11 20:20:32 Going to coordinates X=-12.981, Y=-37.959
15.11 20:20:32 Moving is finished
15.11 20:22:41 Scanning 26 point from 725
15.11 20:22:41 Going to coordinates X=-12.931, Y=-37.959
15.11 20:22:41 Moving is finished
15.11 20:24:50 Scanning 27 point from 725
15.11 20:24:50 Going to coordinates X=-12.881, Y=-37.959
15.11 20:24:50 Moving is finished
15.11 20:26:58 Scanning 28 point from 725
15.11 20:26:58 Going to coordinates X=-12.831, Y=-37.959
15.11 20:26:59 Moving is finished
15.11 20:29:07 Scanning 29 point from 725
15.11 20:29:07 Going to coordinates X=-14.231, Y=-37.909
15.11 20:29:08 Moving is finished
15.11 20:31:16 Scanning 30 point from 725
15.11 20:31:16 Going to coordinates X=-14.181, Y=-37.909
15.11 20:31:16 Moving is finished
15.11 20:33:26 Scanning 31 point from 725
15.11 20:33:26 Going to coordinates X=-14.131, Y=-37.909
15.11 20:33:26 Moving is finished
15.11 20:35:34 Scanning 32 point from 725
15.11 20:35:34 Going to coordinates X=-14.081, Y=-37.909
15.11 20:35:34 Moving is finished
15.11 20:37:43 Scanning 33 point from 725
15.11 20:37:43 Going to coordinates X=-14.031, Y=-37.909
15.11 20:37:43 Moving is finished
15.11 20:39:51 Scanning 34 point from 725
15.11 20:39:51 Going to coordinates X=-13.981, Y=-37.909
15.11 20:39:51 Moving is finished
15.11 20:41:59 Scanning 35 point from 725
15.11 20:41:59 Going to coordinates X=-13.931, Y=-37.909
15.11 20:42:00 Moving is finished
15.11 20:44:08 Scanning 36 point from 725
15.11 20:44:08 Going to coordinates X=-13.881, Y=-37.909
15.11 20:44:08 Moving is finished
15.11 20:46:17 Scanning 37 point from 725
15.11 20:46:17 Going to coordinates X=-13.831, Y=-37.909
15.11 20:46:17 Moving is finished
15.11 20:48:25 Scanning 38 point from 725
15.11 20:48:25 Going to coordinates X=-13.781, Y=-37.909
15.11 20:48:25 Moving is finished
15.11 20:50:34 Scanning 39 point from 725
15.11 20:50:34 Going to coordinates X=-13.731, Y=-37.909
15.11 20:50:35 Moving is finished
15.11 20:52:43 Scanning 40 point from 725
15.11 20:52:43 Going to coordinates X=-13.681, Y=-37.909
15.11 20:52:43 Moving is finished
15.11 20:54:51 Scanning 41 point from 725
15.11 20:54:51 Going to coordinates X=-13.631, Y=-37.909
15.11 20:54:51 Moving is finished
15.11 20:57:00 Scanning 42 point from 725
15.11 20:57:00 Going to coordinates X=-13.581, Y=-37.909
15.11 20:57:00 Moving is finished
15.11 20:59:09 Scanning 43 point from 725
15.11 20:59:09 Going to coordinates X=-13.531, Y=-37.909
15.11 20:59:09 Moving is finished
15.11 21:01:17 Scanning 44 point from 725
15.11 21:01:17 Going to coordinates X=-13.481, Y=-37.909
15.11 21:01:17 Moving is finished
15.11 21:03:26 Scanning 45 point from 725
15.11 21:03:26 Going to coordinates X=-13.431, Y=-37.909
15.11 21:03:26 Moving is finished
15.11 21:05:34 Scanning 46 point from 725
15.11 21:05:34 Going to coordinates X=-13.381, Y=-37.909
15.11 21:05:35 Moving is finished
15.11 21:07:43 Scanning 47 point from 725
15.11 21:07:43 Going to coordinates X=-13.331, Y=-37.909
15.11 21:07:43 Moving is finished
15.11 21:09:52 Scanning 48 point from 725
15.11 21:09:52 Going to coordinates X=-13.281, Y=-37.909
15.11 21:09:52 Moving is finished
15.11 21:12:00 Scanning 49 point from 725
15.11 21:12:00 Going to coordinates X=-13.231, Y=-37.909
15.11 21:12:01 Moving is finished
15.11 21:14:09 Scanning 50 point from 725
15.11 21:14:09 Going to coordinates X=-13.181, Y=-37.909
15.11 21:14:09 Moving is finished
15.11 21:16:17 Scanning 51 point from 725
15.11 21:16:17 Going to coordinates X=-13.131, Y=-37.909
15.11 21:16:18 Moving is finished
15.11 21:18:26 Scanning 52 point from 725
15.11 21:18:26 Going to coordinates X=-13.081, Y=-37.909
15.11 21:18:26 Moving is finished
15.11 21:20:34 Scanning 53 point from 725
15.11 21:20:34 Going to coordinates X=-13.031, Y=-37.909
15.11 21:20:35 Moving is finished
15.11 21:22:43 Scanning 54 point from 725
15.11 21:22:43 Going to coordinates X=-12.981, Y=-37.909
15.11 21:22:43 Moving is finished
15.11 21:24:51 Scanning 55 point from 725
15.11 21:24:51 Going to coordinates X=-12.931, Y=-37.909
15.11 21:24:51 Moving is finished
15.11 21:26:59 Scanning 56 point from 725
15.11 21:26:59 Going to coordinates X=-12.881, Y=-37.909
15.11 21:27:00 Moving is finished
15.11 21:29:08 Scanning 57 point from 725
15.11 21:29:08 Going to coordinates X=-12.831, Y=-37.909
15.11 21:29:08 Moving is finished
15.11 21:31:17 Scanning 58 point from 725
15.11 21:31:17 Going to coordinates X=-14.231, Y=-37.859
15.11 21:31:18 Moving is finished
15.11 21:33:26 Scanning 59 point from 725
15.11 21:33:26 Going to coordinates X=-14.181, Y=-37.859
15.11 21:33:26 Moving is finished
15.11 21:35:34 Scanning 60 point from 725
15.11 21:35:34 Going to coordinates X=-14.131, Y=-37.859
15.11 21:35:34 Moving is finished
15.11 21:37:43 Scanning 61 point from 725
15.11 21:37:43 Going to coordinates X=-14.081, Y=-37.859
15.11 21:37:43 Moving is finished
15.11 21:39:51 Scanning 62 point from 725
15.11 21:39:51 Going to coordinates X=-14.031, Y=-37.859
15.11 21:39:51 Moving is finished
15.11 21:41:59 Scanning 63 point from 725
15.11 21:41:59 Going to coordinates X=-13.981, Y=-37.859
15.11 21:42:00 Moving is finished
15.11 21:44:07 Scanning 64 point from 725
15.11 21:44:07 Going to coordinates X=-13.931, Y=-37.859
15.11 21:44:08 Moving is finished
15.11 21:46:16 Scanning 65 point from 725
15.11 21:46:16 Going to coordinates X=-13.881, Y=-37.859
15.11 21:46:16 Moving is finished
15.11 21:48:25 Scanning 66 point from 725
15.11 21:48:25 Going to coordinates X=-13.831, Y=-37.859
15.11 21:48:25 Moving is finished
15.11 21:50:33 Scanning 67 point from 725
15.11 21:50:33 Going to coordinates X=-13.781, Y=-37.859
15.11 21:50:34 Moving is finished
15.11 21:52:42 Scanning 68 point from 725
15.11 21:52:42 Going to coordinates X=-13.731, Y=-37.859
15.11 21:52:42 Moving is finished
15.11 21:54:51 Scanning 69 point from 725
15.11 21:54:51 Going to coordinates X=-13.681, Y=-37.859
15.11 21:54:51 Moving is finished
15.11 21:56:59 Scanning 70 point from 725
15.11 21:56:59 Going to coordinates X=-13.631, Y=-37.859
15.11 21:56:59 Moving is finished
15.11 21:59:08 Scanning 71 point from 725
15.11 21:59:08 Going to coordinates X=-13.581, Y=-37.859
15.11 21:59:08 Moving is finished
15.11 22:01:17 Scanning 72 point from 725
15.11 22:01:17 Going to coordinates X=-13.531, Y=-37.859
15.11 22:01:18 Moving is finished
15.11 22:03:26 Scanning 73 point from 725
15.11 22:03:26 Going to coordinates X=-13.481, Y=-37.859
15.11 22:03:26 Moving is finished
15.11 22:05:34 Scanning 74 point from 725
15.11 22:05:34 Going to coordinates X=-13.431, Y=-37.859
15.11 22:05:35 Moving is finished
15.11 22:07:43 Scanning 75 point from 725
15.11 22:07:43 Going to coordinates X=-13.381, Y=-37.859
15.11 22:07:43 Moving is finished
15.11 22:09:52 Scanning 76 point from 725
15.11 22:09:52 Going to coordinates X=-13.331, Y=-37.859
15.11 22:09:52 Moving is finished
15.11 22:12:00 Scanning 77 point from 725
15.11 22:12:00 Going to coordinates X=-13.281, Y=-37.859
15.11 22:12:00 Moving is finished
15.11 22:14:09 Scanning 78 point from 725
15.11 22:14:09 Going to coordinates X=-13.231, Y=-37.859
15.11 22:14:09 Moving is finished
15.11 22:16:17 Scanning 79 point from 725
15.11 22:16:17 Going to coordinates X=-13.181, Y=-37.859
15.11 22:16:18 Moving is finished
15.11 22:18:25 Scanning 80 point from 725
15.11 22:18:25 Going to coordinates X=-13.131, Y=-37.859
15.11 22:18:26 Moving is finished
15.11 22:20:34 Scanning 81 point from 725
15.11 22:20:34 Going to coordinates X=-13.081, Y=-37.859
15.11 22:20:34 Moving is finished
15.11 22:22:43 Scanning 82 point from 725
15.11 22:22:43 Going to coordinates X=-13.031, Y=-37.859
15.11 22:22:43 Moving is finished
15.11 22:24:51 Scanning 83 point from 725
15.11 22:24:51 Going to coordinates X=-12.981, Y=-37.859
15.11 22:24:51 Moving is finished
15.11 22:26:59 Scanning 84 point from 725
15.11 22:26:59 Going to coordinates X=-12.931, Y=-37.859
15.11 22:26:59 Moving is finished
15.11 22:29:08 Scanning 85 point from 725
15.11 22:29:08 Going to coordinates X=-12.881, Y=-37.859
15.11 22:29:08 Moving is finished
15.11 22:31:16 Scanning 86 point from 725
15.11 22:31:16 Going to coordinates X=-12.831, Y=-37.859
15.11 22:31:17 Moving is finished
15.11 22:33:25 Scanning 87 point from 725
15.11 22:33:25 Going to coordinates X=-14.231, Y=-37.809
15.11 22:33:26 Moving is finished
15.11 22:35:34 Scanning 88 point from 725
15.11 22:35:34 Going to coordinates X=-14.181, Y=-37.809
15.11 22:35:34 Moving is finished
15.11 22:37:44 Scanning 89 point from 725
15.11 22:37:44 Going to coordinates X=-14.131, Y=-37.809
15.11 22:37:44 Moving is finished
15.11 22:39:52 Scanning 90 point from 725
15.11 22:39:52 Going to coordinates X=-14.081, Y=-37.809
15.11 22:39:53 Moving is finished
15.11 22:42:01 Scanning 91 point from 725
15.11 22:42:01 Going to coordinates X=-14.031, Y=-37.809
15.11 22:42:01 Moving is finished
15.11 22:44:09 Scanning 92 point from 725
15.11 22:44:09 Going to coordinates X=-13.981, Y=-37.809
15.11 22:44:09 Moving is finished
15.11 22:46:17 Scanning 93 point from 725
15.11 22:46:17 Going to coordinates X=-13.931, Y=-37.809
15.11 22:46:17 Moving is finished
15.11 22:48:25 Scanning 94 point from 725
15.11 22:48:25 Going to coordinates X=-13.881, Y=-37.809
15.11 22:48:26 Moving is finished
15.11 22:50:34 Scanning 95 point from 725
15.11 22:50:34 Going to coordinates X=-13.831, Y=-37.809
15.11 22:50:34 Moving is finished
15.11 22:52:42 Scanning 96 point from 725
15.11 22:52:42 Going to coordinates X=-13.781, Y=-37.809
15.11 22:52:43 Moving is finished
15.11 22:54:51 Scanning 97 point from 725
15.11 22:54:51 Going to coordinates X=-13.731, Y=-37.809
15.11 22:54:51 Moving is finished
15.11 22:57:00 Scanning 98 point from 725
15.11 22:57:00 Going to coordinates X=-13.681, Y=-37.809
15.11 22:57:00 Moving is finished
15.11 22:59:08 Scanning 99 point from 725
15.11 22:59:08 Going to coordinates X=-13.631, Y=-37.809
15.11 22:59:08 Moving is finished
15.11 23:01:16 Scanning 100 point from 725
15.11 23:01:16 Going to coordinates X=-13.581, Y=-37.809
15.11 23:01:16 Moving is finished
15.11 23:03:24 Scanning 101 point from 725
15.11 23:03:24 Going to coordinates X=-13.531, Y=-37.809
15.11 23:03:24 Moving is finished
15.11 23:05:33 Scanning 102 point from 725
15.11 23:05:33 Going to coordinates X=-13.481, Y=-37.809
15.11 23:05:33 Moving is finished
15.11 23:07:41 Scanning 103 point from 725
15.11 23:07:41 Going to coordinates X=-13.431, Y=-37.809
15.11 23:07:41 Moving is finished
15.11 23:09:50 Scanning 104 point from 725
15.11 23:09:50 Going to coordinates X=-13.381, Y=-37.809
15.11 23:09:50 Moving is finished
15.11 23:11:58 Scanning 105 point from 725
15.11 23:11:58 Going to coordinates X=-13.331, Y=-37.809
15.11 23:11:59 Moving is finished
15.11 23:14:07 Scanning 106 point from 725
15.11 23:14:07 Going to coordinates X=-13.281, Y=-37.809
15.11 23:14:07 Moving is finished
15.11 23:16:15 Scanning 107 point from 725
15.11 23:16:15 Going to coordinates X=-13.231, Y=-37.809
15.11 23:16:15 Moving is finished
15.11 23:18:23 Scanning 108 point from 725
15.11 23:18:23 Going to coordinates X=-13.181, Y=-37.809
15.11 23:18:23 Moving is finished
15.11 23:20:31 Scanning 109 point from 725
15.11 23:20:31 Going to coordinates X=-13.131, Y=-37.809
15.11 23:20:32 Moving is finished
15.11 23:22:41 Scanning 110 point from 725
15.11 23:22:41 Going to coordinates X=-13.081, Y=-37.809
15.11 23:22:41 Moving is finished
15.11 23:24:49 Scanning 111 point from 725
15.11 23:24:49 Going to coordinates X=-13.031, Y=-37.809
15.11 23:24:49 Moving is finished
15.11 23:26:58 Scanning 112 point from 725
15.11 23:26:58 Going to coordinates X=-12.981, Y=-37.809
15.11 23:26:58 Moving is finished
15.11 23:29:07 Scanning 113 point from 725
15.11 23:29:07 Going to coordinates X=-12.931, Y=-37.809
15.11 23:29:07 Moving is finished
15.11 23:31:16 Scanning 114 point from 725
15.11 23:31:16 Going to coordinates X=-12.881, Y=-37.809
15.11 23:31:16 Moving is finished
15.11 23:33:24 Scanning 115 point from 725
15.11 23:33:24 Going to coordinates X=-12.831, Y=-37.809
15.11 23:33:25 Moving is finished
15.11 23:35:33 Scanning 116 point from 725
15.11 23:35:33 Going to coordinates X=-14.231, Y=-37.759
15.11 23:35:34 Moving is finished
15.11 23:37:42 Scanning 117 point from 725
15.11 23:37:42 Going to coordinates X=-14.181, Y=-37.759
15.11 23:37:43 Moving is finished
15.11 23:39:51 Scanning 118 point from 725
15.11 23:39:51 Going to coordinates X=-14.131, Y=-37.759
15.11 23:39:52 Moving is finished
15.11 23:42:00 Scanning 119 point from 725
15.11 23:42:00 Going to coordinates X=-14.081, Y=-37.759
15.11 23:42:01 Moving is finished
15.11 23:44:09 Scanning 120 point from 725
15.11 23:44:09 Going to coordinates X=-14.031, Y=-37.759
15.11 23:44:09 Moving is finished
15.11 23:46:17 Scanning 121 point from 725
15.11 23:46:17 Going to coordinates X=-13.981, Y=-37.759
15.11 23:46:17 Moving is finished
15.11 23:48:25 Scanning 122 point from 725
15.11 23:48:25 Going to coordinates X=-13.931, Y=-37.759
15.11 23:48:26 Moving is finished
15.11 23:50:34 Scanning 123 point from 725
15.11 23:50:34 Going to coordinates X=-13.881, Y=-37.759
15.11 23:50:34 Moving is finished
15.11 23:52:42 Scanning 124 point from 725
15.11 23:52:42 Going to coordinates X=-13.831, Y=-37.759
15.11 23:52:43 Moving is finished
15.11 23:54:51 Scanning 125 point from 725
15.11 23:54:51 Going to coordinates X=-13.781, Y=-37.759
15.11 23:54:51 Moving is finished
15.11 23:56:59 Scanning 126 point from 725
15.11 23:56:59 Going to coordinates X=-13.731, Y=-37.759
15.11 23:56:59 Moving is finished
15.11 23:59:08 Scanning 127 point from 725
15.11 23:59:08 Going to coordinates X=-13.681, Y=-37.759
15.11 23:59:08 Moving is finished
16.11 00:01:16 Scanning 128 point from 725
16.11 00:01:16 Going to coordinates X=-13.631, Y=-37.759
16.11 00:01:16 Moving is finished
16.11 00:03:25 Scanning 129 point from 725
16.11 00:03:25 Going to coordinates X=-13.581, Y=-37.759
16.11 00:03:25 Moving is finished
16.11 00:05:33 Scanning 130 point from 725
16.11 00:05:33 Going to coordinates X=-13.531, Y=-37.759
16.11 00:05:33 Moving is finished
16.11 00:07:41 Scanning 131 point from 725
16.11 00:07:41 Going to coordinates X=-13.481, Y=-37.759
16.11 00:07:41 Moving is finished
16.11 00:09:50 Scanning 132 point from 725
16.11 00:09:50 Going to coordinates X=-13.431, Y=-37.759
16.11 00:09:50 Moving is finished
16.11 00:11:59 Scanning 133 point from 725
16.11 00:11:59 Going to coordinates X=-13.381, Y=-37.759
16.11 00:11:59 Moving is finished
16.11 00:14:07 Scanning 134 point from 725
16.11 00:14:07 Going to coordinates X=-13.331, Y=-37.759
16.11 00:14:08 Moving is finished
16.11 00:16:16 Scanning 135 point from 725
16.11 00:16:16 Going to coordinates X=-13.281, Y=-37.759
16.11 00:16:16 Moving is finished
16.11 00:18:24 Scanning 136 point from 725
16.11 00:18:24 Going to coordinates X=-13.231, Y=-37.759
16.11 00:18:25 Moving is finished
16.11 00:20:33 Scanning 137 point from 725
16.11 00:20:33 Going to coordinates X=-13.181, Y=-37.759
16.11 00:20:33 Moving is finished
16.11 00:22:42 Scanning 138 point from 725
16.11 00:22:42 Going to coordinates X=-13.131, Y=-37.759
16.11 00:22:42 Moving is finished
16.11 00:24:51 Scanning 139 point from 725
16.11 00:24:51 Going to coordinates X=-13.081, Y=-37.759
16.11 00:24:51 Moving is finished
16.11 00:27:00 Scanning 140 point from 725
16.11 00:27:00 Going to coordinates X=-13.031, Y=-37.759
16.11 00:27:00 Moving is finished
16.11 00:29:08 Scanning 141 point from 725
16.11 00:29:08 Going to coordinates X=-12.981, Y=-37.759
16.11 00:29:08 Moving is finished
16.11 00:31:17 Scanning 142 point from 725
16.11 00:31:17 Going to coordinates X=-12.931, Y=-37.759
16.11 00:31:17 Moving is finished
16.11 00:33:26 Scanning 143 point from 725
16.11 00:33:26 Going to coordinates X=-12.881, Y=-37.759
16.11 00:33:26 Moving is finished
16.11 00:35:34 Scanning 144 point from 725
16.11 00:35:34 Going to coordinates X=-12.831, Y=-37.759
16.11 00:35:34 Moving is finished
16.11 00:37:42 Scanning 145 point from 725
16.11 00:37:42 Going to coordinates X=-14.231, Y=-37.709
16.11 00:37:43 Moving is finished
16.11 00:39:52 Scanning 146 point from 725
16.11 00:39:52 Going to coordinates X=-14.181, Y=-37.709
16.11 00:39:52 Moving is finished
16.11 00:42:01 Scanning 147 point from 725
16.11 00:42:01 Going to coordinates X=-14.131, Y=-37.709
16.11 00:42:01 Moving is finished
16.11 00:44:10 Scanning 148 point from 725
16.11 00:44:10 Going to coordinates X=-14.081, Y=-37.709
16.11 00:44:10 Moving is finished
16.11 00:46:19 Scanning 149 point from 725
16.11 00:46:19 Going to coordinates X=-14.031, Y=-37.709
16.11 00:46:19 Moving is finished
16.11 00:48:27 Scanning 150 point from 725
16.11 00:48:27 Going to coordinates X=-13.981, Y=-37.709
16.11 00:48:27 Moving is finished
16.11 00:50:35 Scanning 151 point from 725
16.11 00:50:35 Going to coordinates X=-13.931, Y=-37.709
16.11 00:50:36 Moving is finished
16.11 00:52:44 Scanning 152 point from 725
16.11 00:52:44 Going to coordinates X=-13.881, Y=-37.709
16.11 00:52:45 Moving is finished
16.11 00:54:52 Scanning 153 point from 725
16.11 00:54:52 Going to coordinates X=-13.831, Y=-37.709
16.11 00:54:53 Moving is finished
16.11 00:57:01 Scanning 154 point from 725
16.11 00:57:01 Going to coordinates X=-13.781, Y=-37.709
16.11 00:57:01 Moving is finished
16.11 00:59:09 Scanning 155 point from 725
16.11 00:59:09 Going to coordinates X=-13.731, Y=-37.709
16.11 00:59:10 Moving is finished
16.11 01:01:18 Scanning 156 point from 725
16.11 01:01:18 Going to coordinates X=-13.681, Y=-37.709
16.11 01:01:18 Moving is finished
16.11 01:03:26 Scanning 157 point from 725
16.11 01:03:26 Going to coordinates X=-13.631, Y=-37.709
16.11 01:03:27 Moving is finished
16.11 01:05:36 Scanning 158 point from 725
16.11 01:05:36 Going to coordinates X=-13.581, Y=-37.709
16.11 01:05:36 Moving is finished
16.11 01:07:44 Scanning 159 point from 725
16.11 01:07:44 Going to coordinates X=-13.531, Y=-37.709
16.11 01:07:44 Moving is finished
16.11 01:09:52 Scanning 160 point from 725
16.11 01:09:52 Going to coordinates X=-13.481, Y=-37.709
16.11 01:09:52 Moving is finished
16.11 01:12:00 Scanning 161 point from 725
16.11 01:12:00 Going to coordinates X=-13.431, Y=-37.709
16.11 01:12:00 Moving is finished
16.11 01:14:08 Scanning 162 point from 725
16.11 01:14:08 Going to coordinates X=-13.381, Y=-37.709
16.11 01:14:09 Moving is finished
16.11 01:16:17 Scanning 163 point from 725
16.11 01:16:17 Going to coordinates X=-13.331, Y=-37.709
16.11 01:16:17 Moving is finished
16.11 01:18:25 Scanning 164 point from 725
16.11 01:18:25 Going to coordinates X=-13.281, Y=-37.709
16.11 01:18:25 Moving is finished
16.11 01:20:33 Scanning 165 point from 725
16.11 01:20:33 Going to coordinates X=-13.231, Y=-37.709
16.11 01:20:33 Moving is finished
16.11 01:22:42 Scanning 166 point from 725
16.11 01:22:42 Going to coordinates X=-13.181, Y=-37.709
16.11 01:22:42 Moving is finished
16.11 01:24:50 Scanning 167 point from 725
16.11 01:24:50 Going to coordinates X=-13.131, Y=-37.709
16.11 01:24:50 Moving is finished
16.11 01:26:59 Scanning 168 point from 725
16.11 01:26:59 Going to coordinates X=-13.081, Y=-37.709
16.11 01:26:59 Moving is finished
16.11 01:29:08 Scanning 169 point from 725
16.11 01:29:08 Going to coordinates X=-13.031, Y=-37.709
16.11 01:29:08 Moving is finished
16.11 01:31:16 Scanning 170 point from 725
16.11 01:31:16 Going to coordinates X=-12.981, Y=-37.709
16.11 01:31:16 Moving is finished
16.11 01:33:25 Scanning 171 point from 725
16.11 01:33:25 Going to coordinates X=-12.931, Y=-37.709
16.11 01:33:25 Moving is finished
16.11 01:35:33 Scanning 172 point from 725
16.11 01:35:33 Going to coordinates X=-12.881, Y=-37.709
16.11 01:35:33 Moving is finished
16.11 01:37:42 Scanning 173 point from 725
16.11 01:37:42 Going to coordinates X=-12.831, Y=-37.709
16.11 01:37:43 Moving is finished
16.11 01:39:51 Scanning 174 point from 725
16.11 01:39:51 Going to coordinates X=-14.231, Y=-37.659
16.11 01:39:51 Moving is finished
16.11 01:42:00 Scanning 175 point from 725
16.11 01:42:00 Going to coordinates X=-14.181, Y=-37.659
16.11 01:42:00 Moving is finished
16.11 01:44:09 Scanning 176 point from 725
16.11 01:44:09 Going to coordinates X=-14.131, Y=-37.659
16.11 01:44:09 Moving is finished
16.11 01:46:18 Scanning 177 point from 725
16.11 01:46:18 Going to coordinates X=-14.081, Y=-37.659
16.11 01:46:18 Moving is finished
16.11 01:48:27 Scanning 178 point from 725
16.11 01:48:27 Going to coordinates X=-14.031, Y=-37.659
16.11 01:48:27 Moving is finished
16.11 01:50:36 Scanning 179 point from 725
16.11 01:50:36 Going to coordinates X=-13.981, Y=-37.659
16.11 01:50:36 Moving is finished
16.11 01:52:44 Scanning 180 point from 725
16.11 01:52:44 Going to coordinates X=-13.931, Y=-37.659
16.11 01:52:44 Moving is finished
16.11 01:54:52 Scanning 181 point from 725
16.11 01:54:52 Going to coordinates X=-13.881, Y=-37.659
16.11 01:54:53 Moving is finished
16.11 01:57:00 Scanning 182 point from 725
16.11 01:57:00 Going to coordinates X=-13.831, Y=-37.659
16.11 01:57:01 Moving is finished
16.11 01:59:09 Scanning 183 point from 725
16.11 01:59:09 Going to coordinates X=-13.781, Y=-37.659
16.11 01:59:10 Moving is finished
16.11 02:01:18 Scanning 184 point from 725
16.11 02:01:18 Going to coordinates X=-13.731, Y=-37.659
16.11 02:01:18 Moving is finished
16.11 02:03:26 Scanning 185 point from 725
16.11 02:03:26 Going to coordinates X=-13.681, Y=-37.659
16.11 02:03:26 Moving is finished
16.11 02:05:34 Scanning 186 point from 725
16.11 02:05:34 Going to coordinates X=-13.631, Y=-37.659
16.11 02:05:35 Moving is finished
16.11 02:07:43 Scanning 187 point from 725
16.11 02:07:43 Going to coordinates X=-13.581, Y=-37.659
16.11 02:07:43 Moving is finished
16.11 02:09:51 Scanning 188 point from 725
16.11 02:09:51 Going to coordinates X=-13.531, Y=-37.659
16.11 02:09:51 Moving is finished
16.11 02:11:59 Scanning 189 point from 725
16.11 02:11:59 Going to coordinates X=-13.481, Y=-37.659
16.11 02:11:59 Moving is finished
16.11 02:14:08 Scanning 190 point from 725
16.11 02:14:08 Going to coordinates X=-13.431, Y=-37.659
16.11 02:14:08 Moving is finished
16.11 02:16:17 Scanning 191 point from 725
16.11 02:16:17 Going to coordinates X=-13.381, Y=-37.659
16.11 02:16:17 Moving is finished
16.11 02:18:26 Scanning 192 point from 725
16.11 02:18:26 Going to coordinates X=-13.331, Y=-37.659
16.11 02:18:26 Moving is finished
16.11 02:20:34 Scanning 193 point from 725
16.11 02:20:34 Going to coordinates X=-13.281, Y=-37.659
16.11 02:20:34 Moving is finished
16.11 02:22:43 Scanning 194 point from 725
16.11 02:22:43 Going to coordinates X=-13.231, Y=-37.659
16.11 02:22:44 Moving is finished
16.11 02:24:52 Scanning 195 point from 725
16.11 02:24:52 Going to coordinates X=-13.181, Y=-37.659
16.11 02:24:53 Moving is finished
16.11 02:27:01 Scanning 196 point from 725
16.11 02:27:01 Going to coordinates X=-13.131, Y=-37.659
16.11 02:27:01 Moving is finished
16.11 02:29:09 Scanning 197 point from 725
16.11 02:29:09 Going to coordinates X=-13.081, Y=-37.659
16.11 02:29:09 Moving is finished
16.11 02:31:18 Scanning 198 point from 725
16.11 02:31:18 Going to coordinates X=-13.031, Y=-37.659
16.11 02:31:19 Moving is finished
16.11 02:33:27 Scanning 199 point from 725
16.11 02:33:27 Going to coordinates X=-12.981, Y=-37.659
16.11 02:33:28 Moving is finished
16.11 02:35:36 Scanning 200 point from 725
16.11 02:35:36 Going to coordinates X=-12.931, Y=-37.659
16.11 02:35:36 Moving is finished
16.11 02:37:44 Scanning 201 point from 725
16.11 02:37:44 Going to coordinates X=-12.881, Y=-37.659
16.11 02:37:45 Moving is finished
16.11 02:39:53 Scanning 202 point from 725
16.11 02:39:53 Going to coordinates X=-12.831, Y=-37.659
16.11 02:39:53 Moving is finished
16.11 02:42:02 Scanning 203 point from 725
16.11 02:42:02 Going to coordinates X=-14.231, Y=-37.609
16.11 02:42:02 Moving is finished
16.11 02:44:11 Scanning 204 point from 725
16.11 02:44:11 Going to coordinates X=-14.181, Y=-37.609
16.11 02:44:11 Moving is finished
16.11 02:46:20 Scanning 205 point from 725
16.11 02:46:20 Going to coordinates X=-14.131, Y=-37.609
16.11 02:46:20 Moving is finished
16.11 02:48:28 Scanning 206 point from 725
16.11 02:48:28 Going to coordinates X=-14.081, Y=-37.609
16.11 02:48:28 Moving is finished
16.11 02:50:36 Scanning 207 point from 725
16.11 02:50:36 Going to coordinates X=-14.031, Y=-37.609
16.11 02:50:37 Moving is finished
16.11 02:52:45 Scanning 208 point from 725
16.11 02:52:45 Going to coordinates X=-13.981, Y=-37.609
16.11 02:52:46 Moving is finished
16.11 02:54:54 Scanning 209 point from 725
16.11 02:54:54 Going to coordinates X=-13.931, Y=-37.609
16.11 02:54:55 Moving is finished
16.11 02:57:04 Scanning 210 point from 725
16.11 02:57:04 Going to coordinates X=-13.881, Y=-37.609
16.11 02:57:04 Moving is finished
16.11 02:59:13 Scanning 211 point from 725
16.11 02:59:13 Going to coordinates X=-13.831, Y=-37.609
16.11 02:59:13 Moving is finished
16.11 03:01:21 Scanning 212 point from 725
16.11 03:01:21 Going to coordinates X=-13.781, Y=-37.609
16.11 03:01:22 Moving is finished
16.11 03:03:30 Scanning 213 point from 725
16.11 03:03:30 Going to coordinates X=-13.731, Y=-37.609
16.11 03:03:31 Moving is finished
16.11 03:05:39 Scanning 214 point from 725
16.11 03:05:39 Going to coordinates X=-13.681, Y=-37.609
16.11 03:05:39 Moving is finished
16.11 03:07:47 Scanning 215 point from 725
16.11 03:07:47 Going to coordinates X=-13.631, Y=-37.609
16.11 03:07:47 Moving is finished
16.11 03:09:56 Scanning 216 point from 725
16.11 03:09:56 Going to coordinates X=-13.581, Y=-37.609
16.11 03:09:56 Moving is finished
16.11 03:12:04 Scanning 217 point from 725
16.11 03:12:04 Going to coordinates X=-13.531, Y=-37.609
16.11 03:12:04 Moving is finished
16.11 03:14:13 Scanning 218 point from 725
16.11 03:14:13 Going to coordinates X=-13.481, Y=-37.609
16.11 03:14:13 Moving is finished
16.11 03:16:21 Scanning 219 point from 725
16.11 03:16:21 Going to coordinates X=-13.431, Y=-37.609
16.11 03:16:21 Moving is finished
16.11 03:18:30 Scanning 220 point from 725
16.11 03:18:30 Going to coordinates X=-13.381, Y=-37.609
16.11 03:18:31 Moving is finished
16.11 03:20:39 Scanning 221 point from 725
16.11 03:20:39 Going to coordinates X=-13.331, Y=-37.609
16.11 03:20:39 Moving is finished
16.11 03:22:47 Scanning 222 point from 725
16.11 03:22:47 Going to coordinates X=-13.281, Y=-37.609
16.11 03:22:47 Moving is finished
16.11 03:24:55 Scanning 223 point from 725
16.11 03:24:55 Going to coordinates X=-13.231, Y=-37.609
16.11 03:24:56 Moving is finished
16.11 03:27:04 Scanning 224 point from 725
16.11 03:27:04 Going to coordinates X=-13.181, Y=-37.609
16.11 03:27:04 Moving is finished
16.11 03:29:12 Scanning 225 point from 725
16.11 03:29:12 Going to coordinates X=-13.131, Y=-37.609
16.11 03:29:13 Moving is finished
16.11 03:31:21 Scanning 226 point from 725
16.11 03:31:21 Going to coordinates X=-13.081, Y=-37.609
16.11 03:31:21 Moving is finished
16.11 03:33:30 Scanning 227 point from 725
16.11 03:33:30 Going to coordinates X=-13.031, Y=-37.609
16.11 03:33:30 Moving is finished
16.11 03:35:39 Scanning 228 point from 725
16.11 03:35:39 Going to coordinates X=-12.981, Y=-37.609
16.11 03:35:39 Moving is finished
16.11 03:37:47 Scanning 229 point from 725
16.11 03:37:47 Going to coordinates X=-12.931, Y=-37.609
16.11 03:37:47 Moving is finished
16.11 03:39:56 Scanning 230 point from 725
16.11 03:39:56 Going to coordinates X=-12.881, Y=-37.609
16.11 03:39:56 Moving is finished
16.11 03:42:04 Scanning 231 point from 725
16.11 03:42:04 Going to coordinates X=-12.831, Y=-37.609
16.11 03:42:04 Moving is finished
16.11 03:44:13 Scanning 232 point from 725
16.11 03:44:13 Going to coordinates X=-14.231, Y=-37.559
16.11 03:44:14 Moving is finished
16.11 03:46:22 Scanning 233 point from 725
16.11 03:46:22 Going to coordinates X=-14.181, Y=-37.559
16.11 03:46:22 Moving is finished
16.11 03:48:31 Scanning 234 point from 725
16.11 03:48:31 Going to coordinates X=-14.131, Y=-37.559
16.11 03:48:31 Moving is finished
16.11 03:50:39 Scanning 235 point from 725
16.11 03:50:39 Going to coordinates X=-14.081, Y=-37.559
16.11 03:50:40 Moving is finished
16.11 03:52:47 Scanning 236 point from 725
16.11 03:52:47 Going to coordinates X=-14.031, Y=-37.559
16.11 03:52:48 Moving is finished
16.11 03:54:56 Scanning 237 point from 725
16.11 03:54:56 Going to coordinates X=-13.981, Y=-37.559
16.11 03:54:56 Moving is finished
16.11 03:57:04 Scanning 238 point from 725
16.11 03:57:04 Going to coordinates X=-13.931, Y=-37.559
16.11 03:57:04 Moving is finished
16.11 03:59:13 Scanning 239 point from 725
16.11 03:59:13 Going to coordinates X=-13.881, Y=-37.559
16.11 03:59:13 Moving is finished
16.11 04:01:21 Scanning 240 point from 725
16.11 04:01:21 Going to coordinates X=-13.831, Y=-37.559
16.11 04:01:21 Moving is finished
16.11 04:03:29 Scanning 241 point from 725
16.11 04:03:29 Going to coordinates X=-13.781, Y=-37.559
16.11 04:03:30 Moving is finished
16.11 04:05:38 Scanning 242 point from 725
16.11 04:05:38 Going to coordinates X=-13.731, Y=-37.559
16.11 04:05:38 Moving is finished
16.11 04:07:47 Scanning 243 point from 725
16.11 04:07:47 Going to coordinates X=-13.681, Y=-37.559
16.11 04:07:47 Moving is finished
16.11 04:09:55 Scanning 244 point from 725
16.11 04:09:55 Going to coordinates X=-13.631, Y=-37.559
16.11 04:09:56 Moving is finished
16.11 04:12:05 Scanning 245 point from 725
16.11 04:12:05 Going to coordinates X=-13.581, Y=-37.559
16.11 04:12:05 Moving is finished
16.11 04:14:14 Scanning 246 point from 725
16.11 04:14:14 Going to coordinates X=-13.531, Y=-37.559
16.11 04:14:14 Moving is finished
16.11 04:16:22 Scanning 247 point from 725
16.11 04:16:22 Going to coordinates X=-13.481, Y=-37.559
16.11 04:16:22 Moving is finished
16.11 04:18:30 Scanning 248 point from 725
16.11 04:18:30 Going to coordinates X=-13.431, Y=-37.559
16.11 04:18:31 Moving is finished
16.11 04:20:39 Scanning 249 point from 725
16.11 04:20:39 Going to coordinates X=-13.381, Y=-37.559
16.11 04:20:39 Moving is finished
16.11 04:22:47 Scanning 250 point from 725
16.11 04:22:47 Going to coordinates X=-13.331, Y=-37.559
16.11 04:22:47 Moving is finished
16.11 04:24:56 Scanning 251 point from 725
16.11 04:24:56 Going to coordinates X=-13.281, Y=-37.559
16.11 04:24:56 Moving is finished
16.11 04:27:04 Scanning 252 point from 725
16.11 04:27:04 Going to coordinates X=-13.231, Y=-37.559
16.11 04:27:04 Moving is finished
16.11 04:29:13 Scanning 253 point from 725
16.11 04:29:13 Going to coordinates X=-13.181, Y=-37.559
16.11 04:29:13 Moving is finished
16.11 04:31:22 Scanning 254 point from 725
16.11 04:31:22 Going to coordinates X=-13.131, Y=-37.559
16.11 04:31:22 Moving is finished
16.11 04:33:30 Scanning 255 point from 725
16.11 04:33:30 Going to coordinates X=-13.081, Y=-37.559
16.11 04:33:30 Moving is finished
16.11 04:35:39 Scanning 256 point from 725
16.11 04:35:39 Going to coordinates X=-13.031, Y=-37.559
16.11 04:35:39 Moving is finished
16.11 04:37:48 Scanning 257 point from 725
16.11 04:37:48 Going to coordinates X=-12.981, Y=-37.559
16.11 04:37:48 Moving is finished
16.11 04:39:57 Scanning 258 point from 725
16.11 04:39:57 Going to coordinates X=-12.931, Y=-37.559
16.11 04:39:57 Moving is finished
16.11 04:42:05 Scanning 259 point from 725
16.11 04:42:05 Going to coordinates X=-12.881, Y=-37.559
16.11 04:42:06 Moving is finished
16.11 04:44:14 Scanning 260 point from 725
16.11 04:44:14 Going to coordinates X=-12.831, Y=-37.559
16.11 04:44:14 Moving is finished
16.11 04:46:22 Scanning 261 point from 725
16.11 04:46:22 Going to coordinates X=-14.231, Y=-37.509
16.11 04:46:23 Moving is finished
16.11 04:48:31 Scanning 262 point from 725
16.11 04:48:31 Going to coordinates X=-14.181, Y=-37.509
16.11 04:48:32 Moving is finished
16.11 04:50:40 Scanning 263 point from 725
16.11 04:50:40 Going to coordinates X=-14.131, Y=-37.509
16.11 04:50:40 Moving is finished
16.11 04:52:48 Scanning 264 point from 725
16.11 04:52:48 Going to coordinates X=-14.081, Y=-37.509
16.11 04:52:49 Moving is finished
16.11 04:54:57 Scanning 265 point from 725
16.11 04:54:57 Going to coordinates X=-14.031, Y=-37.509
16.11 04:54:57 Moving is finished
16.11 04:57:05 Scanning 266 point from 725
16.11 04:57:05 Going to coordinates X=-13.981, Y=-37.509
16.11 04:57:06 Moving is finished
16.11 04:59:14 Scanning 267 point from 725
16.11 04:59:14 Going to coordinates X=-13.931, Y=-37.509
16.11 04:59:15 Moving is finished
16.11 05:01:23 Scanning 268 point from 725
16.11 05:01:23 Going to coordinates X=-13.881, Y=-37.509
16.11 05:01:23 Moving is finished
16.11 05:03:31 Scanning 269 point from 725
16.11 05:03:31 Going to coordinates X=-13.831, Y=-37.509
16.11 05:03:31 Moving is finished
16.11 05:05:39 Scanning 270 point from 725
16.11 05:05:39 Going to coordinates X=-13.781, Y=-37.509
16.11 05:05:40 Moving is finished
16.11 05:07:47 Scanning 271 point from 725
16.11 05:07:47 Going to coordinates X=-13.731, Y=-37.509
16.11 05:07:48 Moving is finished
16.11 05:09:56 Scanning 272 point from 725
16.11 05:09:56 Going to coordinates X=-13.681, Y=-37.509
16.11 05:09:57 Moving is finished
16.11 05:12:05 Scanning 273 point from 725
16.11 05:12:05 Going to coordinates X=-13.631, Y=-37.509
16.11 05:12:05 Moving is finished
16.11 05:14:14 Scanning 274 point from 725
16.11 05:14:14 Going to coordinates X=-13.581, Y=-37.509
16.11 05:14:14 Moving is finished
16.11 05:16:22 Scanning 275 point from 725
16.11 05:16:22 Going to coordinates X=-13.531, Y=-37.509
16.11 05:16:22 Moving is finished
16.11 05:18:30 Scanning 276 point from 725
16.11 05:18:30 Going to coordinates X=-13.481, Y=-37.509
16.11 05:18:30 Moving is finished
16.11 05:20:38 Scanning 277 point from 725
16.11 05:20:38 Going to coordinates X=-13.431, Y=-37.509
16.11 05:20:38 Moving is finished
16.11 05:22:47 Scanning 278 point from 725
16.11 05:22:47 Going to coordinates X=-13.381, Y=-37.509
16.11 05:22:47 Moving is finished
16.11 05:24:56 Scanning 279 point from 725
16.11 05:24:56 Going to coordinates X=-13.331, Y=-37.509
16.11 05:24:56 Moving is finished
16.11 05:27:04 Scanning 280 point from 725
16.11 05:27:04 Going to coordinates X=-13.281, Y=-37.509
16.11 05:27:04 Moving is finished
16.11 05:29:13 Scanning 281 point from 725
16.11 05:29:13 Going to coordinates X=-13.231, Y=-37.509
16.11 05:29:13 Moving is finished
16.11 05:31:21 Scanning 282 point from 725
16.11 05:31:21 Going to coordinates X=-13.181, Y=-37.509
16.11 05:31:21 Moving is finished
16.11 05:33:29 Scanning 283 point from 725
16.11 05:33:29 Going to coordinates X=-13.131, Y=-37.509
16.11 05:33:30 Moving is finished
16.11 05:35:38 Scanning 284 point from 725
16.11 05:35:38 Going to coordinates X=-13.081, Y=-37.509
16.11 05:35:38 Moving is finished
16.11 05:37:46 Scanning 285 point from 725
16.11 05:37:46 Going to coordinates X=-13.031, Y=-37.509
16.11 05:37:46 Moving is finished
16.11 05:39:54 Scanning 286 point from 725
16.11 05:39:54 Going to coordinates X=-12.981, Y=-37.509
16.11 05:39:54 Moving is finished
16.11 05:42:02 Scanning 287 point from 725
16.11 05:42:02 Going to coordinates X=-12.931, Y=-37.509
16.11 05:42:03 Moving is finished
16.11 05:44:10 Scanning 288 point from 725
16.11 05:44:10 Going to coordinates X=-12.881, Y=-37.509
16.11 05:44:11 Moving is finished
16.11 05:46:19 Scanning 289 point from 725
16.11 05:46:19 Going to coordinates X=-12.831, Y=-37.509
16.11 05:46:19 Moving is finished
16.11 05:48:27 Scanning 290 point from 725
16.11 05:48:27 Going to coordinates X=-14.231, Y=-37.459
16.11 05:48:28 Moving is finished
16.11 05:50:36 Scanning 291 point from 725
16.11 05:50:36 Going to coordinates X=-14.181, Y=-37.459
16.11 05:50:37 Moving is finished
16.11 05:52:45 Scanning 292 point from 725
16.11 05:52:45 Going to coordinates X=-14.131, Y=-37.459
16.11 05:52:45 Moving is finished
16.11 05:54:53 Scanning 293 point from 725
16.11 05:54:53 Going to coordinates X=-14.081, Y=-37.459
16.11 05:54:53 Moving is finished
16.11 05:57:02 Scanning 294 point from 725
16.11 05:57:02 Going to coordinates X=-14.031, Y=-37.459
16.11 05:57:02 Moving is finished
16.11 05:59:10 Scanning 295 point from 725
16.11 05:59:10 Going to coordinates X=-13.981, Y=-37.459
16.11 05:59:10 Moving is finished
16.11 06:01:18 Scanning 296 point from 725
16.11 06:01:18 Going to coordinates X=-13.931, Y=-37.459
16.11 06:01:18 Moving is finished
16.11 06:03:27 Scanning 297 point from 725
16.11 06:03:27 Going to coordinates X=-13.881, Y=-37.459
16.11 06:03:27 Moving is finished
16.11 06:05:35 Scanning 298 point from 725
16.11 06:05:35 Going to coordinates X=-13.831, Y=-37.459
16.11 06:05:35 Moving is finished
16.11 06:07:44 Scanning 299 point from 725
16.11 06:07:44 Going to coordinates X=-13.781, Y=-37.459
16.11 06:07:44 Moving is finished
16.11 06:09:52 Scanning 300 point from 725
16.11 06:09:52 Going to coordinates X=-13.731, Y=-37.459
16.11 06:09:52 Moving is finished
16.11 06:12:01 Scanning 301 point from 725
16.11 06:12:01 Going to coordinates X=-13.681, Y=-37.459
16.11 06:12:01 Moving is finished
16.11 06:14:09 Scanning 302 point from 725
16.11 06:14:09 Going to coordinates X=-13.631, Y=-37.459
16.11 06:14:09 Moving is finished
16.11 06:16:17 Scanning 303 point from 725
16.11 06:16:17 Going to coordinates X=-13.581, Y=-37.459
16.11 06:16:17 Moving is finished
16.11 06:18:25 Scanning 304 point from 725
16.11 06:18:25 Going to coordinates X=-13.531, Y=-37.459
16.11 06:18:26 Moving is finished
16.11 06:20:33 Scanning 305 point from 725
16.11 06:20:33 Going to coordinates X=-13.481, Y=-37.459
16.11 06:20:34 Moving is finished
16.11 06:22:42 Scanning 306 point from 725
16.11 06:22:42 Going to coordinates X=-13.431, Y=-37.459
16.11 06:22:42 Moving is finished
16.11 06:24:50 Scanning 307 point from 725
16.11 06:24:50 Going to coordinates X=-13.381, Y=-37.459
16.11 06:24:50 Moving is finished
16.11 06:26:59 Scanning 308 point from 725
16.11 06:26:59 Going to coordinates X=-13.331, Y=-37.459
16.11 06:26:59 Moving is finished
16.11 06:29:08 Scanning 309 point from 725
16.11 06:29:08 Going to coordinates X=-13.281, Y=-37.459
16.11 06:29:08 Moving is finished
16.11 06:31:16 Scanning 310 point from 725
16.11 06:31:16 Going to coordinates X=-13.231, Y=-37.459
16.11 06:31:17 Moving is finished
16.11 06:33:26 Scanning 311 point from 725
16.11 06:33:26 Going to coordinates X=-13.181, Y=-37.459
16.11 06:33:26 Moving is finished
16.11 06:35:35 Scanning 312 point from 725
16.11 06:35:35 Going to coordinates X=-13.131, Y=-37.459
16.11 06:35:35 Moving is finished
16.11 06:37:43 Scanning 313 point from 725
16.11 06:37:43 Going to coordinates X=-13.081, Y=-37.459
16.11 06:37:43 Moving is finished
16.11 06:39:51 Scanning 314 point from 725
16.11 06:39:51 Going to coordinates X=-13.031, Y=-37.459
16.11 06:39:51 Moving is finished
16.11 06:41:59 Scanning 315 point from 725
16.11 06:41:59 Going to coordinates X=-12.981, Y=-37.459
16.11 06:42:00 Moving is finished
16.11 06:44:08 Scanning 316 point from 725
16.11 06:44:08 Going to coordinates X=-12.931, Y=-37.459
16.11 06:44:08 Moving is finished
16.11 06:46:17 Scanning 317 point from 725
16.11 06:46:17 Going to coordinates X=-12.881, Y=-37.459
16.11 06:46:17 Moving is finished
16.11 06:48:26 Scanning 318 point from 725
16.11 06:48:26 Going to coordinates X=-12.831, Y=-37.459
16.11 06:48:26 Moving is finished
16.11 06:50:34 Scanning 319 point from 725
16.11 06:50:34 Going to coordinates X=-14.231, Y=-37.409
16.11 06:50:35 Moving is finished
16.11 06:52:43 Scanning 320 point from 725
16.11 06:52:43 Going to coordinates X=-14.181, Y=-37.409
16.11 06:52:43 Moving is finished
16.11 06:54:51 Scanning 321 point from 725
16.11 06:54:51 Going to coordinates X=-14.131, Y=-37.409
16.11 06:54:51 Moving is finished
16.11 06:56:59 Scanning 322 point from 725
16.11 06:56:59 Going to coordinates X=-14.081, Y=-37.409
16.11 06:56:59 Moving is finished
16.11 06:59:07 Scanning 323 point from 725
16.11 06:59:07 Going to coordinates X=-14.031, Y=-37.409
16.11 06:59:07 Moving is finished
16.11 07:01:16 Scanning 324 point from 725
16.11 07:01:16 Going to coordinates X=-13.981, Y=-37.409
16.11 07:01:16 Moving is finished
16.11 07:03:24 Scanning 325 point from 725
16.11 07:03:24 Going to coordinates X=-13.931, Y=-37.409
16.11 07:03:24 Moving is finished
16.11 07:05:33 Scanning 326 point from 725
16.11 07:05:33 Going to coordinates X=-13.881, Y=-37.409
16.11 07:05:33 Moving is finished
16.11 07:07:41 Scanning 327 point from 725
16.11 07:07:41 Going to coordinates X=-13.831, Y=-37.409
16.11 07:07:41 Moving is finished
16.11 07:09:50 Scanning 328 point from 725
16.11 07:09:50 Going to coordinates X=-13.781, Y=-37.409
16.11 07:09:50 Moving is finished
16.11 07:11:58 Scanning 329 point from 725
16.11 07:11:58 Going to coordinates X=-13.731, Y=-37.409
16.11 07:11:58 Moving is finished
16.11 07:14:06 Scanning 330 point from 725
16.11 07:14:06 Going to coordinates X=-13.681, Y=-37.409
16.11 07:14:07 Moving is finished
16.11 07:16:15 Scanning 331 point from 725
16.11 07:16:15 Going to coordinates X=-13.631, Y=-37.409
16.11 07:16:15 Moving is finished
16.11 07:18:23 Scanning 332 point from 725
16.11 07:18:23 Going to coordinates X=-13.581, Y=-37.409
16.11 07:18:23 Moving is finished
16.11 07:20:31 Scanning 333 point from 725
16.11 07:20:31 Going to coordinates X=-13.531, Y=-37.409
16.11 07:20:31 Moving is finished
16.11 07:22:39 Scanning 334 point from 725
16.11 07:22:39 Going to coordinates X=-13.481, Y=-37.409
16.11 07:22:39 Moving is finished
16.11 07:24:47 Scanning 335 point from 725
16.11 07:24:47 Going to coordinates X=-13.431, Y=-37.409
16.11 07:24:48 Moving is finished
16.11 07:26:55 Scanning 336 point from 725
16.11 07:26:55 Going to coordinates X=-13.381, Y=-37.409
16.11 07:26:56 Moving is finished
16.11 07:29:04 Scanning 337 point from 725
16.11 07:29:04 Going to coordinates X=-13.331, Y=-37.409
16.11 07:29:04 Moving is finished
16.11 07:31:12 Scanning 338 point from 725
16.11 07:31:12 Going to coordinates X=-13.281, Y=-37.409
16.11 07:31:12 Moving is finished
16.11 07:33:21 Scanning 339 point from 725
16.11 07:33:21 Going to coordinates X=-13.231, Y=-37.409
16.11 07:33:21 Moving is finished
16.11 07:35:30 Scanning 340 point from 725
16.11 07:35:30 Going to coordinates X=-13.181, Y=-37.409
16.11 07:35:30 Moving is finished
16.11 07:37:38 Scanning 341 point from 725
16.11 07:37:38 Going to coordinates X=-13.131, Y=-37.409
16.11 07:37:38 Moving is finished
16.11 07:39:47 Scanning 342 point from 725
16.11 07:39:47 Going to coordinates X=-13.081, Y=-37.409
16.11 07:39:47 Moving is finished
16.11 07:41:56 Scanning 343 point from 725
16.11 07:41:56 Going to coordinates X=-13.031, Y=-37.409
16.11 07:41:56 Moving is finished
16.11 07:44:04 Scanning 344 point from 725
16.11 07:44:04 Going to coordinates X=-12.981, Y=-37.409
16.11 07:44:05 Moving is finished
16.11 07:46:13 Scanning 345 point from 725
16.11 07:46:13 Going to coordinates X=-12.931, Y=-37.409
16.11 07:46:13 Moving is finished
16.11 07:48:22 Scanning 346 point from 725
16.11 07:48:22 Going to coordinates X=-12.881, Y=-37.409
16.11 07:48:22 Moving is finished
16.11 07:50:30 Scanning 347 point from 725
16.11 07:50:30 Going to coordinates X=-12.831, Y=-37.409
16.11 07:50:30 Moving is finished
16.11 07:52:38 Scanning 348 point from 725
16.11 07:52:38 Going to coordinates X=-14.231, Y=-37.359
16.11 07:52:39 Moving is finished
16.11 07:54:47 Scanning 349 point from 725
16.11 07:54:47 Going to coordinates X=-14.181, Y=-37.359
16.11 07:54:48 Moving is finished
16.11 07:56:56 Scanning 350 point from 725
16.11 07:56:56 Going to coordinates X=-14.131, Y=-37.359
16.11 07:56:56 Moving is finished
16.11 07:59:04 Scanning 351 point from 725
16.11 07:59:04 Going to coordinates X=-14.081, Y=-37.359
16.11 07:59:05 Moving is finished
16.11 08:01:13 Scanning 352 point from 725
16.11 08:01:13 Going to coordinates X=-14.031, Y=-37.359
16.11 08:01:13 Moving is finished
16.11 08:03:21 Scanning 353 point from 725
16.11 08:03:21 Going to coordinates X=-13.981, Y=-37.359
16.11 08:03:22 Moving is finished
16.11 08:05:30 Scanning 354 point from 725
16.11 08:05:30 Going to coordinates X=-13.931, Y=-37.359
16.11 08:05:30 Moving is finished
16.11 08:07:39 Scanning 355 point from 725
16.11 08:07:39 Going to coordinates X=-13.881, Y=-37.359
16.11 08:07:39 Moving is finished
16.11 08:09:47 Scanning 356 point from 725
16.11 08:09:47 Going to coordinates X=-13.831, Y=-37.359
16.11 08:09:47 Moving is finished
16.11 08:11:55 Scanning 357 point from 725
16.11 08:11:55 Going to coordinates X=-13.781, Y=-37.359
16.11 08:11:55 Moving is finished
16.11 08:14:04 Scanning 358 point from 725
16.11 08:14:04 Going to coordinates X=-13.731, Y=-37.359
16.11 08:14:04 Moving is finished
16.11 08:16:12 Scanning 359 point from 725
16.11 08:16:12 Going to coordinates X=-13.681, Y=-37.359
16.11 08:16:13 Moving is finished
16.11 08:18:21 Scanning 360 point from 725
16.11 08:18:21 Going to coordinates X=-13.631, Y=-37.359
16.11 08:18:21 Moving is finished
16.11 08:20:30 Scanning 361 point from 725
16.11 08:20:30 Going to coordinates X=-13.581, Y=-37.359
16.11 08:20:30 Moving is finished
16.11 08:22:38 Scanning 362 point from 725
16.11 08:22:38 Going to coordinates X=-13.531, Y=-37.359
16.11 08:22:39 Moving is finished
16.11 08:24:47 Scanning 363 point from 725
16.11 08:24:47 Going to coordinates X=-13.481, Y=-37.359
16.11 08:24:47 Moving is finished
16.11 08:26:56 Scanning 364 point from 725
16.11 08:26:56 Going to coordinates X=-13.431, Y=-37.359
16.11 08:26:56 Moving is finished
16.11 08:29:04 Scanning 365 point from 725
16.11 08:29:04 Going to coordinates X=-13.381, Y=-37.359
16.11 08:29:05 Moving is finished
16.11 08:31:13 Scanning 366 point from 725
16.11 08:31:13 Going to coordinates X=-13.331, Y=-37.359
16.11 08:31:13 Moving is finished
16.11 08:33:21 Scanning 367 point from 725
16.11 08:33:21 Going to coordinates X=-13.281, Y=-37.359
16.11 08:33:22 Moving is finished
16.11 08:35:30 Scanning 368 point from 725
16.11 08:35:30 Going to coordinates X=-13.231, Y=-37.359
16.11 08:35:31 Moving is finished
16.11 08:37:39 Scanning 369 point from 725
16.11 08:37:39 Going to coordinates X=-13.181, Y=-37.359
16.11 08:37:39 Moving is finished
16.11 08:39:48 Scanning 370 point from 725
16.11 08:39:48 Going to coordinates X=-13.131, Y=-37.359
16.11 08:39:48 Moving is finished
16.11 08:41:57 Scanning 371 point from 725
16.11 08:41:57 Going to coordinates X=-13.081, Y=-37.359
16.11 08:41:57 Moving is finished
16.11 08:44:05 Scanning 372 point from 725
16.11 08:44:05 Going to coordinates X=-13.031, Y=-37.359
16.11 08:44:05 Moving is finished
16.11 08:46:13 Scanning 373 point from 725
16.11 08:46:13 Going to coordinates X=-12.981, Y=-37.359
16.11 08:46:13 Moving is finished
16.11 08:48:22 Scanning 374 point from 725
16.11 08:48:22 Going to coordinates X=-12.931, Y=-37.359
16.11 08:48:22 Moving is finished
16.11 08:50:31 Scanning 375 point from 725
16.11 08:50:31 Going to coordinates X=-12.881, Y=-37.359
16.11 08:50:31 Moving is finished
16.11 08:52:39 Scanning 376 point from 725
16.11 08:52:39 Going to coordinates X=-12.831, Y=-37.359
16.11 08:52:39 Moving is finished
16.11 08:54:48 Scanning 377 point from 725
16.11 08:54:48 Going to coordinates X=-14.231, Y=-37.309
16.11 08:54:48 Moving is finished
16.11 08:56:57 Scanning 378 point from 725
16.11 08:56:57 Going to coordinates X=-14.181, Y=-37.309
16.11 08:56:57 Moving is finished
16.11 08:59:06 Scanning 379 point from 725
16.11 08:59:06 Going to coordinates X=-14.131, Y=-37.309
16.11 08:59:06 Moving is finished
16.11 09:01:15 Scanning 380 point from 725
16.11 09:01:15 Going to coordinates X=-14.081, Y=-37.309
16.11 09:01:15 Moving is finished
16.11 09:03:24 Scanning 381 point from 725
16.11 09:03:24 Going to coordinates X=-14.031, Y=-37.309
16.11 09:03:24 Moving is finished
16.11 09:05:33 Scanning 382 point from 725
16.11 09:05:33 Going to coordinates X=-13.981, Y=-37.309
16.11 09:05:33 Moving is finished
16.11 09:07:41 Scanning 383 point from 725
16.11 09:07:41 Going to coordinates X=-13.931, Y=-37.309
16.11 09:07:41 Moving is finished
16.11 09:09:50 Scanning 384 point from 725
16.11 09:09:50 Going to coordinates X=-13.881, Y=-37.309
16.11 09:09:50 Moving is finished
16.11 09:11:58 Scanning 385 point from 725
16.11 09:11:58 Going to coordinates X=-13.831, Y=-37.309
16.11 09:11:58 Moving is finished
16.11 09:14:06 Scanning 386 point from 725
16.11 09:14:06 Going to coordinates X=-13.781, Y=-37.309
16.11 09:14:06 Moving is finished
16.11 09:16:14 Scanning 387 point from 725
16.11 09:16:14 Going to coordinates X=-13.731, Y=-37.309
16.11 09:16:14 Moving is finished
16.11 09:18:22 Scanning 388 point from 725
16.11 09:18:22 Going to coordinates X=-13.681, Y=-37.309
16.11 09:18:22 Moving is finished
16.11 09:20:31 Scanning 389 point from 725
16.11 09:20:31 Going to coordinates X=-13.631, Y=-37.309
16.11 09:20:31 Moving is finished
16.11 09:22:40 Scanning 390 point from 725
16.11 09:22:40 Going to coordinates X=-13.581, Y=-37.309
16.11 09:22:40 Moving is finished
16.11 09:24:48 Scanning 391 point from 725
16.11 09:24:48 Going to coordinates X=-13.531, Y=-37.309
16.11 09:24:49 Moving is finished
16.11 09:26:57 Scanning 392 point from 725
16.11 09:26:57 Going to coordinates X=-13.481, Y=-37.309
16.11 09:26:57 Moving is finished
16.11 09:29:05 Scanning 393 point from 725
16.11 09:29:05 Going to coordinates X=-13.431, Y=-37.309
16.11 09:29:05 Moving is finished
16.11 09:31:14 Scanning 394 point from 725
16.11 09:31:14 Going to coordinates X=-13.381, Y=-37.309
16.11 09:31:14 Moving is finished
16.11 09:33:22 Scanning 395 point from 725
16.11 09:33:22 Going to coordinates X=-13.331, Y=-37.309
16.11 09:33:23 Moving is finished
16.11 09:35:31 Scanning 396 point from 725
16.11 09:35:31 Going to coordinates X=-13.281, Y=-37.309
16.11 09:35:31 Moving is finished
16.11 09:37:39 Scanning 397 point from 725
16.11 09:37:39 Going to coordinates X=-13.231, Y=-37.309
16.11 09:37:40 Moving is finished
16.11 09:39:48 Scanning 398 point from 725
16.11 09:39:48 Going to coordinates X=-13.181, Y=-37.309
16.11 09:39:48 Moving is finished
16.11 09:41:56 Scanning 399 point from 725
16.11 09:41:56 Going to coordinates X=-13.131, Y=-37.309
16.11 09:41:56 Moving is finished
16.11 09:44:05 Scanning 400 point from 725
16.11 09:44:05 Going to coordinates X=-13.081, Y=-37.309
16.11 09:44:05 Moving is finished
16.11 09:46:13 Scanning 401 point from 725
16.11 09:46:13 Going to coordinates X=-13.031, Y=-37.309
16.11 09:46:13 Moving is finished
16.11 09:48:21 Scanning 402 point from 725
16.11 09:48:21 Going to coordinates X=-12.981, Y=-37.309
16.11 09:48:22 Moving is finished
16.11 09:50:30 Scanning 403 point from 725
16.11 09:50:30 Going to coordinates X=-12.931, Y=-37.309
16.11 09:50:30 Moving is finished
16.11 09:52:38 Scanning 404 point from 725
16.11 09:52:38 Going to coordinates X=-12.881, Y=-37.309
16.11 09:52:39 Moving is finished
16.11 09:54:48 Scanning 405 point from 725
16.11 09:54:48 Going to coordinates X=-12.831, Y=-37.309
16.11 09:54:48 Moving is finished
16.11 09:56:56 Scanning 406 point from 725
16.11 09:56:56 Going to coordinates X=-14.231, Y=-37.259
16.11 09:56:57 Moving is finished
16.11 09:59:06 Scanning 407 point from 725
16.11 09:59:06 Going to coordinates X=-14.181, Y=-37.259
16.11 09:59:06 Moving is finished
16.11 10:01:14 Scanning 408 point from 725
16.11 10:01:14 Going to coordinates X=-14.131, Y=-37.259
16.11 10:01:14 Moving is finished
16.11 10:03:22 Scanning 409 point from 725
16.11 10:03:22 Going to coordinates X=-14.081, Y=-37.259
16.11 10:03:22 Moving is finished
16.11 10:05:31 Scanning 410 point from 725
16.11 10:05:31 Going to coordinates X=-14.031, Y=-37.259
16.11 10:05:31 Moving is finished
16.11 10:07:39 Scanning 411 point from 725
16.11 10:07:39 Going to coordinates X=-13.981, Y=-37.259
16.11 10:07:39 Moving is finished
16.11 10:09:47 Scanning 412 point from 725
16.11 10:09:47 Going to coordinates X=-13.931, Y=-37.259
16.11 10:09:48 Moving is finished
16.11 10:11:56 Scanning 413 point from 725
16.11 10:11:56 Going to coordinates X=-13.881, Y=-37.259
16.11 10:11:57 Moving is finished
16.11 10:14:05 Scanning 414 point from 725
16.11 10:14:05 Going to coordinates X=-13.831, Y=-37.259
16.11 10:14:05 Moving is finished
16.11 10:16:13 Scanning 415 point from 725
16.11 10:16:13 Going to coordinates X=-13.781, Y=-37.259
16.11 10:16:14 Moving is finished
16.11 10:18:21 Scanning 416 point from 725
16.11 10:18:21 Going to coordinates X=-13.731, Y=-37.259
16.11 10:18:22 Moving is finished
16.11 10:20:30 Scanning 417 point from 725
16.11 10:20:30 Going to coordinates X=-13.681, Y=-37.259
16.11 10:20:30 Moving is finished
16.11 10:22:38 Scanning 418 point from 725
16.11 10:22:38 Going to coordinates X=-13.631, Y=-37.259
16.11 10:22:39 Moving is finished
16.11 10:24:47 Scanning 419 point from 725
16.11 10:24:47 Going to coordinates X=-13.581, Y=-37.259
16.11 10:24:47 Moving is finished
16.11 10:26:55 Scanning 420 point from 725
16.11 10:26:55 Going to coordinates X=-13.531, Y=-37.259
16.11 10:26:55 Moving is finished
16.11 10:29:03 Scanning 421 point from 725
16.11 10:29:03 Going to coordinates X=-13.481, Y=-37.259
16.11 10:29:03 Moving is finished
16.11 10:31:11 Scanning 422 point from 725
16.11 10:31:11 Going to coordinates X=-13.431, Y=-37.259
16.11 10:31:12 Moving is finished
16.11 10:33:20 Scanning 423 point from 725
16.11 10:33:20 Going to coordinates X=-13.381, Y=-37.259
16.11 10:33:21 Moving is finished
16.11 10:35:29 Scanning 424 point from 725
16.11 10:35:29 Going to coordinates X=-13.331, Y=-37.259
16.11 10:35:29 Moving is finished
16.11 10:37:38 Scanning 425 point from 725
16.11 10:37:38 Going to coordinates X=-13.281, Y=-37.259
16.11 10:37:38 Moving is finished
16.11 10:39:46 Scanning 426 point from 725
16.11 10:39:46 Going to coordinates X=-13.231, Y=-37.259
16.11 10:39:46 Moving is finished
16.11 10:41:54 Scanning 427 point from 725
16.11 10:41:54 Going to coordinates X=-13.181, Y=-37.259
16.11 10:41:55 Moving is finished
16.11 10:44:02 Scanning 428 point from 725
16.11 10:44:02 Going to coordinates X=-13.131, Y=-37.259
16.11 10:44:03 Moving is finished
16.11 10:46:11 Scanning 429 point from 725
16.11 10:46:11 Going to coordinates X=-13.081, Y=-37.259
16.11 10:46:11 Moving is finished
16.11 10:48:20 Scanning 430 point from 725
16.11 10:48:20 Going to coordinates X=-13.031, Y=-37.259
16.11 10:48:20 Moving is finished
16.11 10:50:28 Scanning 431 point from 725
16.11 10:50:28 Going to coordinates X=-12.981, Y=-37.259
16.11 10:50:28 Moving is finished
16.11 10:52:36 Scanning 432 point from 725
16.11 10:52:36 Going to coordinates X=-12.931, Y=-37.259
16.11 10:52:36 Moving is finished
16.11 10:54:45 Scanning 433 point from 725
16.11 10:54:45 Going to coordinates X=-12.881, Y=-37.259
16.11 10:54:45 Moving is finished
16.11 10:56:53 Scanning 434 point from 725
16.11 10:56:53 Going to coordinates X=-12.831, Y=-37.259
16.11 10:56:53 Moving is finished
16.11 10:59:01 Scanning 435 point from 725
16.11 10:59:01 Going to coordinates X=-14.231, Y=-37.209
16.11 10:59:02 Moving is finished
16.11 11:01:10 Scanning 436 point from 725
16.11 11:01:10 Going to coordinates X=-14.181, Y=-37.209
16.11 11:01:10 Moving is finished
16.11 11:03:19 Scanning 437 point from 725
16.11 11:03:19 Going to coordinates X=-14.131, Y=-37.209
16.11 11:03:19 Moving is finished
16.11 11:05:28 Scanning 438 point from 725
16.11 11:05:28 Going to coordinates X=-14.081, Y=-37.209
16.11 11:05:28 Moving is finished
16.11 11:07:37 Scanning 439 point from 725
16.11 11:07:37 Going to coordinates X=-14.031, Y=-37.209
16.11 11:07:37 Moving is finished
16.11 11:09:45 Scanning 440 point from 725
16.11 11:09:45 Going to coordinates X=-13.981, Y=-37.209
16.11 11:09:46 Moving is finished
16.11 11:11:54 Scanning 441 point from 725
16.11 11:11:54 Going to coordinates X=-13.931, Y=-37.209
16.11 11:11:54 Moving is finished
16.11 11:14:02 Scanning 442 point from 725
16.11 11:14:02 Going to coordinates X=-13.881, Y=-37.209
16.11 11:14:03 Moving is finished
16.11 11:16:11 Scanning 443 point from 725
16.11 11:16:11 Going to coordinates X=-13.831, Y=-37.209
16.11 11:16:11 Moving is finished
16.11 11:18:20 Scanning 444 point from 725
16.11 11:18:20 Going to coordinates X=-13.781, Y=-37.209
16.11 11:18:20 Moving is finished
16.11 11:20:28 Scanning 445 point from 725
16.11 11:20:28 Going to coordinates X=-13.731, Y=-37.209
16.11 11:20:28 Moving is finished
16.11 11:22:37 Scanning 446 point from 725
16.11 11:22:37 Going to coordinates X=-13.681, Y=-37.209
16.11 11:22:37 Moving is finished
16.11 11:24:45 Scanning 447 point from 725
16.11 11:24:45 Going to coordinates X=-13.631, Y=-37.209
16.11 11:24:45 Moving is finished
16.11 11:26:53 Scanning 448 point from 725
16.11 11:26:53 Going to coordinates X=-13.581, Y=-37.209
16.11 11:26:53 Moving is finished
16.11 11:29:01 Scanning 449 point from 725
16.11 11:29:01 Going to coordinates X=-13.531, Y=-37.209
16.11 11:29:02 Moving is finished
16.11 11:31:10 Scanning 450 point from 725
16.11 11:31:10 Going to coordinates X=-13.481, Y=-37.209
16.11 11:31:10 Moving is finished
16.11 11:33:18 Scanning 451 point from 725
16.11 11:33:18 Going to coordinates X=-13.431, Y=-37.209
16.11 11:33:18 Moving is finished
16.11 11:35:26 Scanning 452 point from 725
16.11 11:35:26 Going to coordinates X=-13.381, Y=-37.209
16.11 11:35:27 Moving is finished
16.11 11:37:35 Scanning 453 point from 725
16.11 11:37:35 Going to coordinates X=-13.331, Y=-37.209
16.11 11:37:35 Moving is finished
16.11 11:39:43 Scanning 454 point from 725
16.11 11:39:43 Going to coordinates X=-13.281, Y=-37.209
16.11 11:39:44 Moving is finished
16.11 11:41:52 Scanning 455 point from 725
16.11 11:41:52 Going to coordinates X=-13.231, Y=-37.209
16.11 11:41:52 Moving is finished
16.11 11:44:00 Scanning 456 point from 725
16.11 11:44:00 Going to coordinates X=-13.181, Y=-37.209
16.11 11:44:00 Moving is finished
16.11 11:46:08 Scanning 457 point from 725
16.11 11:46:08 Going to coordinates X=-13.131, Y=-37.209
16.11 11:46:08 Moving is finished
16.11 11:48:16 Scanning 458 point from 725
16.11 11:48:16 Going to coordinates X=-13.081, Y=-37.209
16.11 11:48:16 Moving is finished
16.11 11:50:25 Scanning 459 point from 725
16.11 11:50:25 Going to coordinates X=-13.031, Y=-37.209
16.11 11:50:25 Moving is finished
16.11 11:52:33 Scanning 460 point from 725
16.11 11:52:33 Going to coordinates X=-12.981, Y=-37.209
16.11 11:52:34 Moving is finished
16.11 11:54:42 Scanning 461 point from 725
16.11 11:54:42 Going to coordinates X=-12.931, Y=-37.209
16.11 11:54:42 Moving is finished
16.11 11:56:50 Scanning 462 point from 725
16.11 11:56:50 Going to coordinates X=-12.881, Y=-37.209
16.11 11:56:50 Moving is finished
16.11 11:58:58 Scanning 463 point from 725
16.11 11:58:58 Going to coordinates X=-12.831, Y=-37.209
16.11 11:58:59 Moving is finished
16.11 12:01:07 Scanning 464 point from 725
16.11 12:01:07 Going to coordinates X=-14.231, Y=-37.159
16.11 12:01:07 Moving is finished
16.11 12:03:15 Scanning 465 point from 725
16.11 12:03:15 Going to coordinates X=-14.181, Y=-37.159
16.11 12:03:16 Moving is finished
16.11 12:05:23 Scanning 466 point from 725
16.11 12:05:23 Going to coordinates X=-14.131, Y=-37.159
16.11 12:05:24 Moving is finished
16.11 12:07:32 Scanning 467 point from 725
16.11 12:07:32 Going to coordinates X=-14.081, Y=-37.159
16.11 12:07:32 Moving is finished
16.11 12:09:41 Scanning 468 point from 725
16.11 12:09:41 Going to coordinates X=-14.031, Y=-37.159
16.11 12:09:41 Moving is finished
16.11 12:11:50 Scanning 469 point from 725
16.11 12:11:50 Going to coordinates X=-13.981, Y=-37.159
16.11 12:11:50 Moving is finished
16.11 12:13:58 Scanning 470 point from 725
16.11 12:13:58 Going to coordinates X=-13.931, Y=-37.159
16.11 12:13:58 Moving is finished
16.11 12:16:07 Scanning 471 point from 725
16.11 12:16:07 Going to coordinates X=-13.881, Y=-37.159
16.11 12:16:07 Moving is finished
16.11 12:18:15 Scanning 472 point from 725
16.11 12:18:15 Going to coordinates X=-13.831, Y=-37.159
16.11 12:18:16 Moving is finished
16.11 12:20:23 Scanning 473 point from 725
16.11 12:20:23 Going to coordinates X=-13.781, Y=-37.159
16.11 12:20:24 Moving is finished
16.11 12:22:32 Scanning 474 point from 725
16.11 12:22:32 Going to coordinates X=-13.731, Y=-37.159
16.11 12:22:32 Moving is finished
16.11 12:24:40 Scanning 475 point from 725
16.11 12:24:40 Going to coordinates X=-13.681, Y=-37.159
16.11 12:24:40 Moving is finished
16.11 12:26:49 Scanning 476 point from 725
16.11 12:26:49 Going to coordinates X=-13.631, Y=-37.159
16.11 12:26:49 Moving is finished
16.11 12:28:58 Scanning 477 point from 725
16.11 12:28:58 Going to coordinates X=-13.581, Y=-37.159
16.11 12:28:58 Moving is finished
16.11 12:31:06 Scanning 478 point from 725
16.11 12:31:06 Going to coordinates X=-13.531, Y=-37.159
16.11 12:31:06 Moving is finished
16.11 12:33:15 Scanning 479 point from 725
16.11 12:33:15 Going to coordinates X=-13.481, Y=-37.159
16.11 12:33:15 Moving is finished
16.11 12:35:23 Scanning 480 point from 725
16.11 12:35:23 Going to coordinates X=-13.431, Y=-37.159
16.11 12:35:24 Moving is finished
16.11 12:37:33 Scanning 481 point from 725
16.11 12:37:33 Going to coordinates X=-13.381, Y=-37.159
16.11 12:37:33 Moving is finished
16.11 12:39:42 Scanning 482 point from 725
16.11 12:39:42 Going to coordinates X=-13.331, Y=-37.159
16.11 12:39:42 Moving is finished
16.11 12:41:50 Scanning 483 point from 725
16.11 12:41:50 Going to coordinates X=-13.281, Y=-37.159
16.11 12:41:50 Moving is finished
16.11 12:43:59 Scanning 484 point from 725
16.11 12:43:59 Going to coordinates X=-13.231, Y=-37.159
16.11 12:44:00 Moving is finished
16.11 12:46:09 Scanning 485 point from 725
16.11 12:46:09 Going to coordinates X=-13.181, Y=-37.159
16.11 12:46:09 Moving is finished
16.11 12:48:17 Scanning 486 point from 725
16.11 12:48:17 Going to coordinates X=-13.131, Y=-37.159
16.11 12:48:17 Moving is finished
16.11 12:50:26 Scanning 487 point from 725
16.11 12:50:26 Going to coordinates X=-13.081, Y=-37.159
16.11 12:50:26 Moving is finished
16.11 12:52:35 Scanning 488 point from 725
16.11 12:52:35 Going to coordinates X=-13.031, Y=-37.159
16.11 12:52:36 Moving is finished
16.11 12:54:44 Scanning 489 point from 725
16.11 12:54:44 Going to coordinates X=-12.981, Y=-37.159
16.11 12:54:44 Moving is finished
16.11 12:56:52 Scanning 490 point from 725
16.11 12:56:52 Going to coordinates X=-12.931, Y=-37.159
16.11 12:56:52 Moving is finished
16.11 12:59:01 Scanning 491 point from 725
16.11 12:59:01 Going to coordinates X=-12.881, Y=-37.159
16.11 12:59:01 Moving is finished
16.11 13:01:09 Scanning 492 point from 725
16.11 13:01:09 Going to coordinates X=-12.831, Y=-37.159
16.11 13:01:10 Moving is finished
16.11 13:03:19 Scanning 493 point from 725
16.11 13:03:19 Going to coordinates X=-14.231, Y=-37.109
16.11 13:03:20 Moving is finished
16.11 13:05:28 Scanning 494 point from 725
16.11 13:05:28 Going to coordinates X=-14.181, Y=-37.109
16.11 13:05:28 Moving is finished
16.11 13:07:36 Scanning 495 point from 725
16.11 13:07:36 Going to coordinates X=-14.131, Y=-37.109
16.11 13:07:37 Moving is finished
16.11 13:09:45 Scanning 496 point from 725
16.11 13:09:45 Going to coordinates X=-14.081, Y=-37.109
16.11 13:09:46 Moving is finished
16.11 13:11:54 Scanning 497 point from 725
16.11 13:11:54 Going to coordinates X=-14.031, Y=-37.109
16.11 13:11:54 Moving is finished
16.11 13:14:03 Scanning 498 point from 725
16.11 13:14:03 Going to coordinates X=-13.981, Y=-37.109
16.11 13:14:03 Moving is finished
16.11 13:16:11 Scanning 499 point from 725
16.11 13:16:11 Going to coordinates X=-13.931, Y=-37.109
16.11 13:16:11 Moving is finished
16.11 13:18:19 Scanning 500 point from 725
16.11 13:18:19 Going to coordinates X=-13.881, Y=-37.109
16.11 13:18:19 Moving is finished
16.11 13:20:27 Scanning 501 point from 725
16.11 13:20:27 Going to coordinates X=-13.831, Y=-37.109
16.11 13:20:28 Moving is finished
16.11 13:22:36 Scanning 502 point from 725
16.11 13:22:36 Going to coordinates X=-13.781, Y=-37.109
16.11 13:22:37 Moving is finished
16.11 13:24:45 Scanning 503 point from 725
16.11 13:24:45 Going to coordinates X=-13.731, Y=-37.109
16.11 13:24:45 Moving is finished
16.11 13:26:53 Scanning 504 point from 725
16.11 13:26:53 Going to coordinates X=-13.681, Y=-37.109
16.11 13:26:53 Moving is finished
16.11 13:29:01 Scanning 505 point from 725
16.11 13:29:01 Going to coordinates X=-13.631, Y=-37.109
16.11 13:29:02 Moving is finished
16.11 13:31:10 Scanning 506 point from 725
16.11 13:31:10 Going to coordinates X=-13.581, Y=-37.109
16.11 13:31:10 Moving is finished
16.11 13:33:19 Scanning 507 point from 725
16.11 13:33:19 Going to coordinates X=-13.531, Y=-37.109
16.11 13:33:19 Moving is finished
16.11 13:35:28 Scanning 508 point from 725
16.11 13:35:28 Going to coordinates X=-13.481, Y=-37.109
16.11 13:35:28 Moving is finished
16.11 13:37:36 Scanning 509 point from 725
16.11 13:37:36 Going to coordinates X=-13.431, Y=-37.109
16.11 13:37:36 Moving is finished
16.11 13:39:45 Scanning 510 point from 725
16.11 13:39:45 Going to coordinates X=-13.381, Y=-37.109
16.11 13:39:45 Moving is finished
16.11 13:41:54 Scanning 511 point from 725
16.11 13:41:54 Going to coordinates X=-13.331, Y=-37.109
16.11 13:41:54 Moving is finished
16.11 13:44:02 Scanning 512 point from 725
16.11 13:44:02 Going to coordinates X=-13.281, Y=-37.109
16.11 13:44:02 Moving is finished
16.11 13:46:10 Scanning 513 point from 725
16.11 13:46:10 Going to coordinates X=-13.231, Y=-37.109
16.11 13:46:10 Moving is finished
16.11 13:48:19 Scanning 514 point from 725
16.11 13:48:19 Going to coordinates X=-13.181, Y=-37.109
16.11 13:48:19 Moving is finished
16.11 13:50:27 Scanning 515 point from 725
16.11 13:50:27 Going to coordinates X=-13.131, Y=-37.109
16.11 13:50:27 Moving is finished
16.11 13:52:36 Scanning 516 point from 725
16.11 13:52:36 Going to coordinates X=-13.081, Y=-37.109
16.11 13:52:36 Moving is finished
16.11 13:54:44 Scanning 517 point from 725
16.11 13:54:44 Going to coordinates X=-13.031, Y=-37.109
16.11 13:54:44 Moving is finished
16.11 13:56:53 Scanning 518 point from 725
16.11 13:56:53 Going to coordinates X=-12.981, Y=-37.109
16.11 13:56:53 Moving is finished
16.11 13:59:02 Scanning 519 point from 725
16.11 13:59:02 Going to coordinates X=-12.931, Y=-37.109
16.11 13:59:02 Moving is finished
16.11 14:01:10 Scanning 520 point from 725
16.11 14:01:10 Going to coordinates X=-12.881, Y=-37.109
16.11 14:01:11 Moving is finished
16.11 14:03:19 Scanning 521 point from 725
16.11 14:03:19 Going to coordinates X=-12.831, Y=-37.109
16.11 14:03:19 Moving is finished
16.11 14:05:27 Scanning 522 point from 725
16.11 14:05:27 Going to coordinates X=-14.231, Y=-37.059
16.11 14:05:28 Moving is finished
16.11 14:07:36 Scanning 523 point from 725
16.11 14:07:36 Going to coordinates X=-14.181, Y=-37.059
16.11 14:07:36 Moving is finished
16.11 14:09:44 Scanning 524 point from 725
16.11 14:09:44 Going to coordinates X=-14.131, Y=-37.059
16.11 14:09:44 Moving is finished
16.11 14:11:53 Scanning 525 point from 725
16.11 14:11:53 Going to coordinates X=-14.081, Y=-37.059
16.11 14:11:53 Moving is finished
16.11 14:14:01 Scanning 526 point from 725
16.11 14:14:01 Going to coordinates X=-14.031, Y=-37.059
16.11 14:14:02 Moving is finished
16.11 14:16:10 Scanning 527 point from 725
16.11 14:16:10 Going to coordinates X=-13.981, Y=-37.059
16.11 14:16:10 Moving is finished
16.11 14:18:18 Scanning 528 point from 725
16.11 14:18:18 Going to coordinates X=-13.931, Y=-37.059
16.11 14:18:18 Moving is finished
16.11 14:20:27 Scanning 529 point from 725
16.11 14:20:27 Going to coordinates X=-13.881, Y=-37.059
16.11 14:20:27 Moving is finished
16.11 14:22:35 Scanning 530 point from 725
16.11 14:22:35 Going to coordinates X=-13.831, Y=-37.059
16.11 14:22:35 Moving is finished
16.11 14:24:43 Scanning 531 point from 725
16.11 14:24:43 Going to coordinates X=-13.781, Y=-37.059
16.11 14:24:44 Moving is finished
16.11 14:26:52 Scanning 532 point from 725
16.11 14:26:52 Going to coordinates X=-13.731, Y=-37.059
16.11 14:26:52 Moving is finished
16.11 14:29:00 Scanning 533 point from 725
16.11 14:29:00 Going to coordinates X=-13.681, Y=-37.059
16.11 14:29:01 Moving is finished
16.11 14:31:09 Scanning 534 point from 725
16.11 14:31:09 Going to coordinates X=-13.631, Y=-37.059
16.11 14:31:10 Moving is finished
16.11 14:33:18 Scanning 535 point from 725
16.11 14:33:18 Going to coordinates X=-13.581, Y=-37.059
16.11 14:33:19 Moving is finished
16.11 14:35:28 Scanning 536 point from 725
16.11 14:35:28 Going to coordinates X=-13.531, Y=-37.059
16.11 14:35:28 Moving is finished
16.11 14:37:36 Scanning 537 point from 725
16.11 14:37:36 Going to coordinates X=-13.481, Y=-37.059
16.11 14:37:37 Moving is finished
16.11 14:39:45 Scanning 538 point from 725
16.11 14:39:45 Going to coordinates X=-13.431, Y=-37.059
16.11 14:39:45 Moving is finished
16.11 14:41:53 Scanning 539 point from 725
16.11 14:41:53 Going to coordinates X=-13.381, Y=-37.059
16.11 14:41:53 Moving is finished
16.11 14:44:01 Scanning 540 point from 725
16.11 14:44:01 Going to coordinates X=-13.331, Y=-37.059
16.11 14:44:02 Moving is finished
16.11 14:46:10 Scanning 541 point from 725
16.11 14:46:10 Going to coordinates X=-13.281, Y=-37.059
16.11 14:46:10 Moving is finished
16.11 14:48:18 Scanning 542 point from 725
16.11 14:48:18 Going to coordinates X=-13.231, Y=-37.059
16.11 14:48:18 Moving is finished
16.11 14:50:26 Scanning 543 point from 725
16.11 14:50:26 Going to coordinates X=-13.181, Y=-37.059
16.11 14:50:26 Moving is finished
16.11 14:52:35 Scanning 544 point from 725
16.11 14:52:35 Going to coordinates X=-13.131, Y=-37.059
16.11 14:52:35 Moving is finished
16.11 14:54:43 Scanning 545 point from 725
16.11 14:54:43 Going to coordinates X=-13.081, Y=-37.059
16.11 14:54:43 Moving is finished
16.11 14:56:51 Scanning 546 point from 725
16.11 14:56:51 Going to coordinates X=-13.031, Y=-37.059
16.11 14:56:52 Moving is finished
16.11 14:59:00 Scanning 547 point from 725
16.11 14:59:00 Going to coordinates X=-12.981, Y=-37.059
16.11 14:59:00 Moving is finished
16.11 15:01:08 Scanning 548 point from 725
16.11 15:01:08 Going to coordinates X=-12.931, Y=-37.059
16.11 15:01:08 Moving is finished
16.11 15:03:17 Scanning 549 point from 725
16.11 15:03:17 Going to coordinates X=-12.881, Y=-37.059
16.11 15:03:17 Moving is finished
16.11 15:05:25 Scanning 550 point from 725
16.11 15:05:25 Going to coordinates X=-12.831, Y=-37.059
16.11 15:05:26 Moving is finished
16.11 15:07:35 Scanning 551 point from 725
16.11 15:07:35 Going to coordinates X=-14.231, Y=-37.009
16.11 15:07:36 Moving is finished
16.11 15:09:44 Scanning 552 point from 725
16.11 15:09:44 Going to coordinates X=-14.181, Y=-37.009
16.11 15:09:44 Moving is finished
16.11 15:11:53 Scanning 553 point from 725
16.11 15:11:53 Going to coordinates X=-14.131, Y=-37.009
16.11 15:11:53 Moving is finished
16.11 15:14:02 Scanning 554 point from 725
16.11 15:14:02 Going to coordinates X=-14.081, Y=-37.009
16.11 15:14:02 Moving is finished
16.11 15:16:10 Scanning 555 point from 725
16.11 15:16:10 Going to coordinates X=-14.031, Y=-37.009
16.11 15:16:11 Moving is finished
16.11 15:18:19 Scanning 556 point from 725
16.11 15:18:19 Going to coordinates X=-13.981, Y=-37.009
16.11 15:18:19 Moving is finished
16.11 15:20:28 Scanning 557 point from 725
16.11 15:20:28 Going to coordinates X=-13.931, Y=-37.009
16.11 15:20:28 Moving is finished
16.11 15:22:37 Scanning 558 point from 725
16.11 15:22:37 Going to coordinates X=-13.881, Y=-37.009
16.11 15:22:37 Moving is finished
16.11 15:24:45 Scanning 559 point from 725
16.11 15:24:45 Going to coordinates X=-13.831, Y=-37.009
16.11 15:24:45 Moving is finished
16.11 15:26:54 Scanning 560 point from 725
16.11 15:26:54 Going to coordinates X=-13.781, Y=-37.009
16.11 15:26:54 Moving is finished
16.11 15:29:03 Scanning 561 point from 725
16.11 15:29:03 Going to coordinates X=-13.731, Y=-37.009
16.11 15:29:03 Moving is finished
16.11 15:31:11 Scanning 562 point from 725
16.11 15:31:11 Going to coordinates X=-13.681, Y=-37.009
16.11 15:31:12 Moving is finished
16.11 15:33:20 Scanning 563 point from 725
16.11 15:33:20 Going to coordinates X=-13.631, Y=-37.009
16.11 15:33:20 Moving is finished
16.11 15:35:29 Scanning 564 point from 725
16.11 15:35:29 Going to coordinates X=-13.581, Y=-37.009
16.11 15:35:30 Moving is finished
16.11 15:37:38 Scanning 565 point from 725
16.11 15:37:38 Going to coordinates X=-13.531, Y=-37.009
16.11 15:37:38 Moving is finished
16.11 15:39:47 Scanning 566 point from 725
16.11 15:39:47 Going to coordinates X=-13.481, Y=-37.009
16.11 15:39:47 Moving is finished
16.11 15:41:55 Scanning 567 point from 725
16.11 15:41:55 Going to coordinates X=-13.431, Y=-37.009
16.11 15:41:55 Moving is finished
16.11 15:44:03 Scanning 568 point from 725
16.11 15:44:03 Going to coordinates X=-13.381, Y=-37.009
16.11 15:44:03 Moving is finished
16.11 15:46:11 Scanning 569 point from 725
16.11 15:46:11 Going to coordinates X=-13.331, Y=-37.009
16.11 15:46:11 Moving is finished
16.11 15:48:20 Scanning 570 point from 725
16.11 15:48:20 Going to coordinates X=-13.281, Y=-37.009
16.11 15:48:20 Moving is finished
16.11 15:50:28 Scanning 571 point from 725
16.11 15:50:28 Going to coordinates X=-13.231, Y=-37.009
16.11 15:50:28 Moving is finished
16.11 15:52:37 Scanning 572 point from 725
16.11 15:52:37 Going to coordinates X=-13.181, Y=-37.009
16.11 15:52:37 Moving is finished
16.11 15:54:45 Scanning 573 point from 725
16.11 15:54:45 Going to coordinates X=-13.131, Y=-37.009
16.11 15:54:45 Moving is finished
16.11 15:56:54 Scanning 574 point from 725
16.11 15:56:54 Going to coordinates X=-13.081, Y=-37.009
16.11 15:56:54 Moving is finished
16.11 15:59:02 Scanning 575 point from 725
16.11 15:59:02 Going to coordinates X=-13.031, Y=-37.009
16.11 15:59:03 Moving is finished
16.11 16:01:11 Scanning 576 point from 725
16.11 16:01:11 Going to coordinates X=-12.981, Y=-37.009
16.11 16:01:11 Moving is finished
16.11 16:03:19 Scanning 577 point from 725
16.11 16:03:19 Going to coordinates X=-12.931, Y=-37.009
16.11 16:03:19 Moving is finished
16.11 16:05:28 Scanning 578 point from 725
16.11 16:05:28 Going to coordinates X=-12.881, Y=-37.009
16.11 16:05:28 Moving is finished
16.11 16:07:37 Scanning 579 point from 725
16.11 16:07:37 Going to coordinates X=-12.831, Y=-37.009
16.11 16:07:37 Moving is finished
16.11 16:09:45 Scanning 580 point from 725
16.11 16:09:45 Going to coordinates X=-14.231, Y=-36.959
16.11 16:09:46 Moving is finished
16.11 16:11:54 Scanning 581 point from 725
16.11 16:11:54 Going to coordinates X=-14.181, Y=-36.959
16.11 16:11:55 Moving is finished
16.11 16:14:03 Scanning 582 point from 725
16.11 16:14:03 Going to coordinates X=-14.131, Y=-36.959
16.11 16:14:03 Moving is finished
16.11 16:16:11 Scanning 583 point from 725
16.11 16:16:11 Going to coordinates X=-14.081, Y=-36.959
16.11 16:16:12 Moving is finished
16.11 16:18:20 Scanning 584 point from 725
16.11 16:18:20 Going to coordinates X=-14.031, Y=-36.959
16.11 16:18:20 Moving is finished
16.11 16:20:28 Scanning 585 point from 725
16.11 16:20:28 Going to coordinates X=-13.981, Y=-36.959
16.11 16:20:28 Moving is finished
16.11 16:22:37 Scanning 586 point from 725
16.11 16:22:37 Going to coordinates X=-13.931, Y=-36.959
16.11 16:22:37 Moving is finished
16.11 16:24:45 Scanning 587 point from 725
16.11 16:24:45 Going to coordinates X=-13.881, Y=-36.959
16.11 16:24:45 Moving is finished
16.11 16:26:53 Scanning 588 point from 725
16.11 16:26:53 Going to coordinates X=-13.831, Y=-36.959
16.11 16:26:54 Moving is finished
16.11 16:29:01 Scanning 589 point from 725
16.11 16:29:01 Going to coordinates X=-13.781, Y=-36.959
16.11 16:29:02 Moving is finished
16.11 16:31:10 Scanning 590 point from 725
16.11 16:31:10 Going to coordinates X=-13.731, Y=-36.959
16.11 16:31:10 Moving is finished
16.11 16:33:18 Scanning 591 point from 725
16.11 16:33:18 Going to coordinates X=-13.681, Y=-36.959
16.11 16:33:18 Moving is finished
16.11 16:35:27 Scanning 592 point from 725
16.11 16:35:27 Going to coordinates X=-13.631, Y=-36.959
16.11 16:35:27 Moving is finished
16.11 16:37:35 Scanning 593 point from 725
16.11 16:37:35 Going to coordinates X=-13.581, Y=-36.959
16.11 16:37:35 Moving is finished
16.11 16:39:43 Scanning 594 point from 725
16.11 16:39:43 Going to coordinates X=-13.531, Y=-36.959
16.11 16:39:43 Moving is finished
16.11 16:41:51 Scanning 595 point from 725
16.11 16:41:51 Going to coordinates X=-13.481, Y=-36.959
16.11 16:41:52 Moving is finished
16.11 16:43:59 Scanning 596 point from 725
16.11 16:43:59 Going to coordinates X=-13.431, Y=-36.959
16.11 16:44:00 Moving is finished
16.11 16:46:09 Scanning 597 point from 725
16.11 16:46:09 Going to coordinates X=-13.381, Y=-36.959
16.11 16:46:09 Moving is finished
16.11 16:48:18 Scanning 598 point from 725
16.11 16:48:18 Going to coordinates X=-13.331, Y=-36.959
16.11 16:48:18 Moving is finished
16.11 16:50:26 Scanning 599 point from 725
16.11 16:50:26 Going to coordinates X=-13.281, Y=-36.959
16.11 16:50:26 Moving is finished
16.11 16:52:34 Scanning 600 point from 725
16.11 16:52:34 Going to coordinates X=-13.231, Y=-36.959
16.11 16:52:34 Moving is finished
16.11 16:54:43 Scanning 601 point from 725
16.11 16:54:43 Going to coordinates X=-13.181, Y=-36.959
16.11 16:54:43 Moving is finished
16.11 16:56:51 Scanning 602 point from 725
16.11 16:56:51 Going to coordinates X=-13.131, Y=-36.959
16.11 16:56:52 Moving is finished
16.11 16:59:00 Scanning 603 point from 725
16.11 16:59:00 Going to coordinates X=-13.081, Y=-36.959
16.11 16:59:00 Moving is finished
16.11 17:01:08 Scanning 604 point from 725
16.11 17:01:08 Going to coordinates X=-13.031, Y=-36.959
16.11 17:01:08 Moving is finished
16.11 17:03:16 Scanning 605 point from 725
16.11 17:03:16 Going to coordinates X=-12.981, Y=-36.959
16.11 17:03:17 Moving is finished
16.11 17:05:25 Scanning 606 point from 725
16.11 17:05:25 Going to coordinates X=-12.931, Y=-36.959
16.11 17:05:25 Moving is finished
16.11 17:07:33 Scanning 607 point from 725
16.11 17:07:33 Going to coordinates X=-12.881, Y=-36.959
16.11 17:07:33 Moving is finished
16.11 17:09:42 Scanning 608 point from 725
16.11 17:09:42 Going to coordinates X=-12.831, Y=-36.959
16.11 17:09:43 Moving is finished
16.11 17:11:52 Scanning 609 point from 725
16.11 17:11:52 Going to coordinates X=-14.231, Y=-36.909
16.11 17:11:53 Moving is finished
16.11 17:14:00 Scanning 610 point from 725
16.11 17:14:00 Going to coordinates X=-14.181, Y=-36.909
16.11 17:14:01 Moving is finished
16.11 17:16:09 Scanning 611 point from 725
16.11 17:16:09 Going to coordinates X=-14.131, Y=-36.909
16.11 17:16:09 Moving is finished
16.11 17:18:18 Scanning 612 point from 725
16.11 17:18:18 Going to coordinates X=-14.081, Y=-36.909
16.11 17:18:18 Moving is finished
16.11 17:20:27 Scanning 613 point from 725
16.11 17:20:27 Going to coordinates X=-14.031, Y=-36.909
16.11 17:20:27 Moving is finished
16.11 17:22:35 Scanning 614 point from 725
16.11 17:22:35 Going to coordinates X=-13.981, Y=-36.909
16.11 17:22:35 Moving is finished
16.11 17:24:43 Scanning 615 point from 725
16.11 17:24:43 Going to coordinates X=-13.931, Y=-36.909
16.11 17:24:43 Moving is finished
16.11 17:26:51 Scanning 616 point from 725
16.11 17:26:51 Going to coordinates X=-13.881, Y=-36.909
16.11 17:26:52 Moving is finished
16.11 17:29:00 Scanning 617 point from 725
16.11 17:29:00 Going to coordinates X=-13.831, Y=-36.909
16.11 17:29:00 Moving is finished
16.11 17:31:09 Scanning 618 point from 725
16.11 17:31:09 Going to coordinates X=-13.781, Y=-36.909
16.11 17:31:09 Moving is finished
16.11 17:33:17 Scanning 619 point from 725
16.11 17:33:17 Going to coordinates X=-13.731, Y=-36.909
16.11 17:33:18 Moving is finished
16.11 17:35:26 Scanning 620 point from 725
16.11 17:35:26 Going to coordinates X=-13.681, Y=-36.909
16.11 17:35:26 Moving is finished
16.11 17:37:34 Scanning 621 point from 725
16.11 17:37:34 Going to coordinates X=-13.631, Y=-36.909
16.11 17:37:34 Moving is finished
16.11 17:39:42 Scanning 622 point from 725
16.11 17:39:42 Going to coordinates X=-13.581, Y=-36.909
16.11 17:39:42 Moving is finished
16.11 17:41:51 Scanning 623 point from 725
16.11 17:41:51 Going to coordinates X=-13.531, Y=-36.909
16.11 17:41:51 Moving is finished
16.11 17:43:59 Scanning 624 point from 725
16.11 17:43:59 Going to coordinates X=-13.481, Y=-36.909
16.11 17:43:59 Moving is finished
16.11 17:46:08 Scanning 625 point from 725
16.11 17:46:08 Going to coordinates X=-13.431, Y=-36.909
16.11 17:46:08 Moving is finished
16.11 17:48:16 Scanning 626 point from 725
16.11 17:48:16 Going to coordinates X=-13.381, Y=-36.909
16.11 17:48:16 Moving is finished
16.11 17:50:24 Scanning 627 point from 725
16.11 17:50:24 Going to coordinates X=-13.331, Y=-36.909
16.11 17:50:24 Moving is finished
16.11 17:52:33 Scanning 628 point from 725
16.11 17:52:33 Going to coordinates X=-13.281, Y=-36.909
16.11 17:52:33 Moving is finished
16.11 17:54:41 Scanning 629 point from 725
16.11 17:54:41 Going to coordinates X=-13.231, Y=-36.909
16.11 17:54:41 Moving is finished
16.11 17:56:49 Scanning 630 point from 725
16.11 17:56:49 Going to coordinates X=-13.181, Y=-36.909
16.11 17:56:49 Moving is finished
16.11 17:58:57 Scanning 631 point from 725
16.11 17:58:57 Going to coordinates X=-13.131, Y=-36.909
16.11 17:58:57 Moving is finished
16.11 18:01:05 Scanning 632 point from 725
16.11 18:01:05 Going to coordinates X=-13.081, Y=-36.909
16.11 18:01:05 Moving is finished
16.11 18:03:14 Scanning 633 point from 725
16.11 18:03:14 Going to coordinates X=-13.031, Y=-36.909
16.11 18:03:14 Moving is finished
16.11 18:05:22 Scanning 634 point from 725
16.11 18:05:22 Going to coordinates X=-12.981, Y=-36.909
16.11 18:05:22 Moving is finished
16.11 18:07:30 Scanning 635 point from 725
16.11 18:07:30 Going to coordinates X=-12.931, Y=-36.909
16.11 18:07:31 Moving is finished
16.11 18:09:39 Scanning 636 point from 725
16.11 18:09:39 Going to coordinates X=-12.881, Y=-36.909
16.11 18:09:39 Moving is finished
16.11 18:11:48 Scanning 637 point from 725
16.11 18:11:48 Going to coordinates X=-12.831, Y=-36.909
16.11 18:11:48 Moving is finished
16.11 18:13:57 Scanning 638 point from 725
16.11 18:13:57 Going to coordinates X=-14.231, Y=-36.859
16.11 18:13:57 Moving is finished
16.11 18:16:06 Scanning 639 point from 725
16.11 18:16:06 Going to coordinates X=-14.181, Y=-36.859
16.11 18:16:06 Moving is finished
16.11 18:18:15 Scanning 640 point from 725
16.11 18:18:15 Going to coordinates X=-14.131, Y=-36.859
16.11 18:18:15 Moving is finished
16.11 18:20:23 Scanning 641 point from 725
16.11 18:20:23 Going to coordinates X=-14.081, Y=-36.859
16.11 18:20:23 Moving is finished
16.11 18:22:32 Scanning 642 point from 725
16.11 18:22:32 Going to coordinates X=-14.031, Y=-36.859
16.11 18:22:32 Moving is finished
16.11 18:24:40 Scanning 643 point from 725
16.11 18:24:40 Going to coordinates X=-13.981, Y=-36.859
16.11 18:24:41 Moving is finished
16.11 18:26:49 Scanning 644 point from 725
16.11 18:26:49 Going to coordinates X=-13.931, Y=-36.859
16.11 18:26:49 Moving is finished
16.11 18:28:58 Scanning 645 point from 725
16.11 18:28:58 Going to coordinates X=-13.881, Y=-36.859
16.11 18:28:58 Moving is finished
16.11 18:31:07 Scanning 646 point from 725
16.11 18:31:07 Going to coordinates X=-13.831, Y=-36.859
16.11 18:31:07 Moving is finished
16.11 18:33:16 Scanning 647 point from 725
16.11 18:33:16 Going to coordinates X=-13.781, Y=-36.859
16.11 18:33:16 Moving is finished
16.11 18:35:24 Scanning 648 point from 725
16.11 18:35:24 Going to coordinates X=-13.731, Y=-36.859
16.11 18:35:24 Moving is finished
16.11 18:37:32 Scanning 649 point from 725
16.11 18:37:32 Going to coordinates X=-13.681, Y=-36.859
16.11 18:37:33 Moving is finished
16.11 18:39:41 Scanning 650 point from 725
16.11 18:39:41 Going to coordinates X=-13.631, Y=-36.859
16.11 18:39:41 Moving is finished
16.11 18:41:50 Scanning 651 point from 725
16.11 18:41:50 Going to coordinates X=-13.581, Y=-36.859
16.11 18:41:50 Moving is finished
16.11 18:43:59 Scanning 652 point from 725
16.11 18:43:59 Going to coordinates X=-13.531, Y=-36.859
16.11 18:43:59 Moving is finished
16.11 18:46:07 Scanning 653 point from 725
16.11 18:46:07 Going to coordinates X=-13.481, Y=-36.859
16.11 18:46:07 Moving is finished
16.11 18:48:15 Scanning 654 point from 725
16.11 18:48:15 Going to coordinates X=-13.431, Y=-36.859
16.11 18:48:16 Moving is finished
16.11 18:50:24 Scanning 655 point from 725
16.11 18:50:24 Going to coordinates X=-13.381, Y=-36.859
16.11 18:50:24 Moving is finished
16.11 18:52:32 Scanning 656 point from 725
16.11 18:52:32 Going to coordinates X=-13.331, Y=-36.859
16.11 18:52:32 Moving is finished
16.11 18:54:41 Scanning 657 point from 725
16.11 18:54:41 Going to coordinates X=-13.281, Y=-36.859
16.11 18:54:41 Moving is finished
16.11 18:56:50 Scanning 658 point from 725
16.11 18:56:50 Going to coordinates X=-13.231, Y=-36.859
16.11 18:56:50 Moving is finished
16.11 18:58:58 Scanning 659 point from 725
16.11 18:58:58 Going to coordinates X=-13.181, Y=-36.859
16.11 18:58:59 Moving is finished
16.11 19:01:07 Scanning 660 point from 725
16.11 19:01:07 Going to coordinates X=-13.131, Y=-36.859
16.11 19:01:07 Moving is finished
16.11 19:03:15 Scanning 661 point from 725
16.11 19:03:15 Going to coordinates X=-13.081, Y=-36.859
16.11 19:03:15 Moving is finished
16.11 19:05:23 Scanning 662 point from 725
16.11 19:05:23 Going to coordinates X=-13.031, Y=-36.859
16.11 19:05:23 Moving is finished
16.11 19:07:32 Scanning 663 point from 725
16.11 19:07:32 Going to coordinates X=-12.981, Y=-36.859
16.11 19:07:32 Moving is finished
16.11 19:09:41 Scanning 664 point from 725
16.11 19:09:41 Going to coordinates X=-12.931, Y=-36.859
16.11 19:09:41 Moving is finished
16.11 19:11:50 Scanning 665 point from 725
16.11 19:11:50 Going to coordinates X=-12.881, Y=-36.859
16.11 19:11:50 Moving is finished
16.11 19:13:58 Scanning 666 point from 725
16.11 19:13:58 Going to coordinates X=-12.831, Y=-36.859
16.11 19:13:58 Moving is finished
16.11 19:16:06 Scanning 667 point from 725
16.11 19:16:06 Going to coordinates X=-14.231, Y=-36.809
16.11 19:16:07 Moving is finished
16.11 19:18:15 Scanning 668 point from 725
16.11 19:18:15 Going to coordinates X=-14.181, Y=-36.809
16.11 19:18:15 Moving is finished
16.11 19:20:23 Scanning 669 point from 725
16.11 19:20:23 Going to coordinates X=-14.131, Y=-36.809
16.11 19:20:23 Moving is finished
16.11 19:22:32 Scanning 670 point from 725
16.11 19:22:32 Going to coordinates X=-14.081, Y=-36.809
16.11 19:22:32 Moving is finished
16.11 19:24:40 Scanning 671 point from 725
16.11 19:24:40 Going to coordinates X=-14.031, Y=-36.809
16.11 19:24:40 Moving is finished
16.11 19:26:48 Scanning 672 point from 725
16.11 19:26:48 Going to coordinates X=-13.981, Y=-36.809
16.11 19:26:49 Moving is finished
16.11 19:28:56 Scanning 673 point from 725
16.11 19:28:56 Going to coordinates X=-13.931, Y=-36.809
16.11 19:28:57 Moving is finished
16.11 19:31:05 Scanning 674 point from 725
16.11 19:31:05 Going to coordinates X=-13.881, Y=-36.809
16.11 19:31:05 Moving is finished
16.11 19:33:13 Scanning 675 point from 725
16.11 19:33:13 Going to coordinates X=-13.831, Y=-36.809
16.11 19:33:13 Moving is finished
16.11 19:35:21 Scanning 676 point from 725
16.11 19:35:21 Going to coordinates X=-13.781, Y=-36.809
16.11 19:35:22 Moving is finished
16.11 19:37:29 Scanning 677 point from 725
16.11 19:37:29 Going to coordinates X=-13.731, Y=-36.809
16.11 19:37:30 Moving is finished
16.11 19:39:38 Scanning 678 point from 725
16.11 19:39:38 Going to coordinates X=-13.681, Y=-36.809
16.11 19:39:38 Moving is finished
16.11 19:41:46 Scanning 679 point from 725
16.11 19:41:46 Going to coordinates X=-13.631, Y=-36.809
16.11 19:41:46 Moving is finished
16.11 19:43:55 Scanning 680 point from 725
16.11 19:43:55 Going to coordinates X=-13.581, Y=-36.809
16.11 19:43:55 Moving is finished
16.11 19:46:04 Scanning 681 point from 725
16.11 19:46:04 Going to coordinates X=-13.531, Y=-36.809
16.11 19:46:04 Moving is finished
16.11 19:48:12 Scanning 682 point from 725
16.11 19:48:12 Going to coordinates X=-13.481, Y=-36.809
16.11 19:48:13 Moving is finished
16.11 19:50:22 Scanning 683 point from 725
16.11 19:50:22 Going to coordinates X=-13.431, Y=-36.809
16.11 19:50:22 Moving is finished
16.11 19:52:30 Scanning 684 point from 725
16.11 19:52:30 Going to coordinates X=-13.381, Y=-36.809
16.11 19:52:30 Moving is finished
16.11 19:54:38 Scanning 685 point from 725
16.11 19:54:38 Going to coordinates X=-13.331, Y=-36.809
16.11 19:54:38 Moving is finished
16.11 19:56:47 Scanning 686 point from 725
16.11 19:56:47 Going to coordinates X=-13.281, Y=-36.809
16.11 19:56:47 Moving is finished
16.11 19:58:56 Scanning 687 point from 725
16.11 19:58:56 Going to coordinates X=-13.231, Y=-36.809
16.11 19:58:56 Moving is finished
16.11 20:01:05 Scanning 688 point from 725
16.11 20:01:05 Going to coordinates X=-13.181, Y=-36.809
16.11 20:01:05 Moving is finished
16.11 20:03:14 Scanning 689 point from 725
16.11 20:03:14 Going to coordinates X=-13.131, Y=-36.809
16.11 20:03:14 Moving is finished
16.11 20:05:23 Scanning 690 point from 725
16.11 20:05:23 Going to coordinates X=-13.081, Y=-36.809
16.11 20:05:23 Moving is finished
16.11 20:07:31 Scanning 691 point from 725
16.11 20:07:31 Going to coordinates X=-13.031, Y=-36.809
16.11 20:07:31 Moving is finished
16.11 20:09:40 Scanning 692 point from 725
16.11 20:09:40 Going to coordinates X=-12.981, Y=-36.809
16.11 20:09:40 Moving is finished
16.11 20:11:48 Scanning 693 point from 725
16.11 20:11:48 Going to coordinates X=-12.931, Y=-36.809
16.11 20:11:48 Moving is finished
16.11 20:13:57 Scanning 694 point from 725
16.11 20:13:57 Going to coordinates X=-12.881, Y=-36.809
16.11 20:13:57 Moving is finished
16.11 20:16:06 Scanning 695 point from 725
16.11 20:16:06 Going to coordinates X=-12.831, Y=-36.809
16.11 20:16:06 Moving is finished
16.11 20:18:14 Scanning 696 point from 725
16.11 20:18:14 Going to coordinates X=-14.231, Y=-36.759
16.11 20:18:15 Moving is finished
16.11 20:20:24 Scanning 697 point from 725
16.11 20:20:24 Going to coordinates X=-14.181, Y=-36.759
16.11 20:20:24 Moving is finished
16.11 20:22:33 Scanning 698 point from 725
16.11 20:22:33 Going to coordinates X=-14.131, Y=-36.759
16.11 20:22:33 Moving is finished
16.11 20:24:41 Scanning 699 point from 725
16.11 20:24:41 Going to coordinates X=-14.081, Y=-36.759
16.11 20:24:41 Moving is finished
16.11 20:26:50 Scanning 700 point from 725
16.11 20:26:50 Going to coordinates X=-14.031, Y=-36.759
16.11 20:26:50 Moving is finished
16.11 20:28:58 Scanning 701 point from 725
16.11 20:28:58 Going to coordinates X=-13.981, Y=-36.759
16.11 20:28:58 Moving is finished
16.11 20:31:07 Scanning 702 point from 725
16.11 20:31:07 Going to coordinates X=-13.931, Y=-36.759
16.11 20:31:07 Moving is finished
16.11 20:33:16 Scanning 703 point from 725
16.11 20:33:16 Going to coordinates X=-13.881, Y=-36.759
16.11 20:33:16 Moving is finished
16.11 20:35:24 Scanning 704 point from 725
16.11 20:35:24 Going to coordinates X=-13.831, Y=-36.759
16.11 20:35:25 Moving is finished
16.11 20:37:33 Scanning 705 point from 725
16.11 20:37:33 Going to coordinates X=-13.781, Y=-36.759
16.11 20:37:33 Moving is finished
16.11 20:39:41 Scanning 706 point from 725
16.11 20:39:41 Going to coordinates X=-13.731, Y=-36.759
16.11 20:39:42 Moving is finished
16.11 20:41:49 Scanning 707 point from 725
16.11 20:41:49 Going to coordinates X=-13.681, Y=-36.759
16.11 20:41:50 Moving is finished
16.11 20:43:58 Scanning 708 point from 725
16.11 20:43:58 Going to coordinates X=-13.631, Y=-36.759
16.11 20:43:58 Moving is finished
16.11 20:44:02 Stopped!
