16.07 10:54:28 Initializing grbl...
16.07 10:54:29 Got the response: b''
16.07 10:55:13 Row 0: 16.07 10:55:13 Map: x1: -15.202, y1: -35.959, x2: -12.933, y2: -39.785, xres: 0.250, yres: 0.250, fname: dvd_ntp
16.07 10:55:13 Scanning 0 point from 187
16.07 10:55:13 module 'signal' has no attribute 'SIGALRM'
16.07 10:55:13 Scanning 1 point from 187
16.07 10:55:13 module 'signal' has no attribute 'SIGALRM'
16.07 10:55:13 Scanning 2 point from 187
16.07 10:55:13 module 'signal' has no attribute 'SIGALRM'
16.07 10:55:13 Scanning 3 point from 187
16.07 10:55:13 module 'signal' has no attribute 'SIGALRM'
16.07 10:55:13 Scanning 4 point from 187
16.07 10:55:13 module 'signal' has no attribute 'SIGALRM'
16.07 10:55:13 Scanning 5 point from 187
16.07 10:55:13 module 'signal' has no attribute 'SIGALRM'
16.07 10:55:13 Scanning 6 point from 187
16.07 10:55:13 module 'signal' has no attribute 'SIGALRM'
16.07 10:55:13 Scanning 7 point from 187
16.07 10:55:13 module 'signal' has no attribute 'SIGALRM'
16.07 10:55:13 Scanning 8 point from 187
16.07 10:55:13 module 'signal' has no attribute 'SIGALRM'
16.07 10:55:13 Scanning 9 point from 187
16.07 10:55:13 module 'signal' has no attribute 'SIGALRM'
16.07 10:55:13 Scanning 10 point from 187
16.07 10:55:13 module 'signal' has no attribute 'SIGALRM'
16.07 10:55:13 Scanning 11 point from 187
16.07 10:55:13 module 'signal' has no attribute 'SIGALRM'
16.07 10:55:13 Scanning 12 point from 187
16.07 10:55:13 module 'signal' has no attribute 'SIGALRM'
16.07 10:55:13 Scanning 13 point from 187
16.07 10:55:13 module 'signal' has no attribute 'SIGALRM'
16.07 10:55:13 Scanning 14 point from 187
16.07 10:55:13 module 'signal' has no attribute 'SIGALRM'
16.07 10:55:13 Scanning 15 point from 187
16.07 10:55:13 module 'signal' has no attribute 'SIGALRM'
16.07 10:55:13 Scanning 16 point from 187
16.07 10:55:13 module 'signal' has no attribute 'SIGALRM'
16.07 10:55:13 Scanning 17 point from 187
16.07 10:55:13 module 'signal' has no attribute 'SIGALRM'
16.07 10:55:13 Scanning 18 point from 187
16.07 10:55:13 module 'signal' has no attribute 'SIGALRM'
16.07 10:55:13 Scanning 19 point from 187
16.07 10:55:13 module 'signal' has no attribute 'SIGALRM'
16.07 10:55:13 Scanning 20 point from 187
16.07 10:55:13 module 'signal' has no attribute 'SIGALRM'
16.07 10:55:13 Scanning 21 point from 187
16.07 10:55:13 module 'signal' has no attribute 'SIGALRM'
16.07 10:55:13 Scanning 22 point from 187
16.07 10:55:13 module 'signal' has no attribute 'SIGALRM'
16.07 10:55:13 Scanning 23 point from 187
16.07 10:55:13 module 'signal' has no attribute 'SIGALRM'
16.07 10:55:13 Scanning 24 point from 187
16.07 10:55:13 module 'signal' has no attribute 'SIGALRM'
16.07 10:55:13 Scanning 25 point from 187
16.07 10:55:13 module 'signal' has no attribute 'SIGALRM'
16.07 10:55:13 Scanning 26 point from 187
16.07 10:55:13 module 'signal' has no attribute 'SIGALRM'
16.07 10:55:13 Scanning 27 point from 187
16.07 10:55:13 module 'signal' has no attribute 'SIGALRM'
16.07 10:55:13 Scanning 28 point from 187
16.07 10:55:13 module 'signal' has no attribute 'SIGALRM'
16.07 10:55:13 Scanning 29 point from 187
16.07 10:55:13 module 'signal' has no attribute 'SIGALRM'
16.07 10:55:13 Scanning 30 point from 187
16.07 10:55:13 module 'signal' has no attribute 'SIGALRM'
16.07 10:55:13 Scanning 31 point from 187
16.07 10:55:13 module 'signal' has no attribute 'SIGALRM'
16.07 10:55:13 Scanning 32 point from 187
16.07 10:55:13 module 'signal' has no attribute 'SIGALRM'
16.07 10:55:13 Scanning 33 point from 187
16.07 10:55:13 module 'signal' has no attribute 'SIGALRM'
16.07 10:55:13 Scanning 34 point from 187
16.07 10:55:13 module 'signal' has no attribute 'SIGALRM'
16.07 10:55:13 Scanning 35 point from 187
16.07 10:55:13 module 'signal' has no attribute 'SIGALRM'
16.07 10:55:13 Scanning 36 point from 187
16.07 10:55:13 module 'signal' has no attribute 'SIGALRM'
16.07 10:55:13 Scanning 37 point from 187
16.07 10:55:13 module 'signal' has no attribute 'SIGALRM'
16.07 10:55:13 Scanning 38 point from 187
16.07 10:55:13 module 'signal' has no attribute 'SIGALRM'
16.07 10:55:13 Scanning 39 point from 187
16.07 10:55:13 module 'signal' has no attribute 'SIGALRM'
16.07 10:55:13 Scanning 40 point from 187
16.07 10:55:13 module 'signal' has no attribute 'SIGALRM'
16.07 10:55:13 Scanning 41 point from 187
16.07 10:55:13 module 'signal' has no attribute 'SIGALRM'
16.07 10:55:13 Scanning 42 point from 187
16.07 10:55:13 module 'signal' has no attribute 'SIGALRM'
16.07 10:55:13 Scanning 43 point from 187
16.07 10:55:13 module 'signal' has no attribute 'SIGALRM'
16.07 10:55:13 Scanning 44 point from 187
16.07 10:55:13 module 'signal' has no attribute 'SIGALRM'
16.07 10:55:13 Scanning 45 point from 187
16.07 10:55:13 module 'signal' has no attribute 'SIGALRM'
16.07 10:55:13 Scanning 46 point from 187
16.07 10:55:13 module 'signal' has no attribute 'SIGALRM'
16.07 10:55:13 Scanning 47 point from 187
16.07 10:55:13 module 'signal' has no attribute 'SIGALRM'
16.07 10:55:13 Scanning 48 point from 187
16.07 10:55:13 module 'signal' has no attribute 'SIGALRM'
16.07 10:55:13 Scanning 49 point from 187
16.07 10:55:13 module 'signal' has no attribute 'SIGALRM'
16.07 10:55:13 Scanning 50 point from 187
16.07 10:55:13 module 'signal' has no attribute 'SIGALRM'
16.07 10:55:13 Scanning 51 point from 187
16.07 10:55:13 module 'signal' has no attribute 'SIGALRM'
16.07 10:55:13 Scanning 52 point from 187
16.07 10:55:13 module 'signal' has no attribute 'SIGALRM'
16.07 10:55:13 Scanning 53 point from 187
16.07 10:55:13 module 'signal' has no attribute 'SIGALRM'
16.07 10:55:13 Scanning 54 point from 187
16.07 10:55:13 module 'signal' has no attribute 'SIGALRM'
16.07 10:55:13 Scanning 55 point from 187
16.07 10:55:13 module 'signal' has no attribute 'SIGALRM'
16.07 10:55:13 Scanning 56 point from 187
16.07 10:55:13 module 'signal' has no attribute 'SIGALRM'
16.07 10:55:13 Scanning 57 point from 187
16.07 10:55:13 module 'signal' has no attribute 'SIGALRM'
16.07 10:55:13 Scanning 58 point from 187
16.07 10:55:13 module 'signal' has no attribute 'SIGALRM'
16.07 10:55:13 Scanning 59 point from 187
16.07 10:55:13 module 'signal' has no attribute 'SIGALRM'
16.07 10:55:13 Scanning 60 point from 187
16.07 10:55:13 module 'signal' has no attribute 'SIGALRM'
16.07 10:55:13 Scanning 61 point from 187
16.07 10:55:13 module 'signal' has no attribute 'SIGALRM'
16.07 10:55:13 Scanning 62 point from 187
16.07 10:55:13 module 'signal' has no attribute 'SIGALRM'
16.07 10:55:13 Scanning 63 point from 187
16.07 10:55:13 module 'signal' has no attribute 'SIGALRM'
16.07 10:55:13 Scanning 64 point from 187
16.07 10:55:13 module 'signal' has no attribute 'SIGALRM'
16.07 10:55:13 Scanning 65 point from 187
16.07 10:55:13 module 'signal' has no attribute 'SIGALRM'
16.07 10:55:13 Scanning 66 point from 187
16.07 10:55:13 module 'signal' has no attribute 'SIGALRM'
16.07 10:55:13 Scanning 67 point from 187
16.07 10:55:13 module 'signal' has no attribute 'SIGALRM'
16.07 10:55:13 Scanning 68 point from 187
16.07 10:55:13 module 'signal' has no attribute 'SIGALRM'
16.07 10:55:13 Scanning 69 point from 187
16.07 10:55:13 module 'signal' has no attribute 'SIGALRM'
16.07 10:55:13 Scanning 70 point from 187
16.07 10:55:13 module 'signal' has no attribute 'SIGALRM'
16.07 10:55:13 Scanning 71 point from 187
16.07 10:55:13 module 'signal' has no attribute 'SIGALRM'
16.07 10:55:13 Scanning 72 point from 187
16.07 10:55:13 module 'signal' has no attribute 'SIGALRM'
16.07 10:55:13 Scanning 73 point from 187
16.07 10:55:13 module 'signal' has no attribute 'SIGALRM'
16.07 10:55:13 Scanning 74 point from 187
16.07 10:55:13 module 'signal' has no attribute 'SIGALRM'
16.07 10:55:13 Scanning 75 point from 187
16.07 10:55:13 module 'signal' has no attribute 'SIGALRM'
16.07 10:55:13 Scanning 76 point from 187
16.07 10:55:13 module 'signal' has no attribute 'SIGALRM'
16.07 10:55:13 Scanning 77 point from 187
16.07 10:55:13 module 'signal' has no attribute 'SIGALRM'
16.07 10:55:13 Scanning 78 point from 187
16.07 10:55:13 module 'signal' has no attribute 'SIGALRM'
16.07 10:55:13 Scanning 79 point from 187
16.07 10:55:13 module 'signal' has no attribute 'SIGALRM'
16.07 10:55:13 Scanning 80 point from 187
16.07 10:55:13 module 'signal' has no attribute 'SIGALRM'
16.07 10:55:13 Scanning 81 point from 187
16.07 10:55:13 module 'signal' has no attribute 'SIGALRM'
16.07 10:55:13 Scanning 82 point from 187
16.07 10:55:13 module 'signal' has no attribute 'SIGALRM'
16.07 10:55:13 Scanning 83 point from 187
16.07 10:55:13 module 'signal' has no attribute 'SIGALRM'
16.07 10:55:13 Scanning 84 point from 187
16.07 10:55:13 module 'signal' has no attribute 'SIGALRM'
16.07 10:55:13 Scanning 85 point from 187
16.07 10:55:13 module 'signal' has no attribute 'SIGALRM'
16.07 10:55:13 Scanning 86 point from 187
16.07 10:55:13 module 'signal' has no attribute 'SIGALRM'
16.07 10:55:13 Scanning 87 point from 187
16.07 10:55:13 module 'signal' has no attribute 'SIGALRM'
16.07 10:55:13 Scanning 88 point from 187
16.07 10:55:13 module 'signal' has no attribute 'SIGALRM'
16.07 10:55:13 Scanning 89 point from 187
16.07 10:55:13 module 'signal' has no attribute 'SIGALRM'
16.07 10:55:13 Scanning 90 point from 187
16.07 10:55:13 module 'signal' has no attribute 'SIGALRM'
16.07 10:55:13 Scanning 91 point from 187
16.07 10:55:13 module 'signal' has no attribute 'SIGALRM'
16.07 10:55:13 Scanning 92 point from 187
16.07 10:55:13 module 'signal' has no attribute 'SIGALRM'
16.07 10:55:13 Scanning 93 point from 187
16.07 10:55:13 module 'signal' has no attribute 'SIGALRM'
16.07 10:55:13 Scanning 94 point from 187
16.07 10:55:13 module 'signal' has no attribute 'SIGALRM'
16.07 10:55:13 Scanning 95 point from 187
16.07 10:55:13 module 'signal' has no attribute 'SIGALRM'
16.07 10:55:13 Scanning 96 point from 187
16.07 10:55:13 module 'signal' has no attribute 'SIGALRM'
16.07 10:55:13 Scanning 97 point from 187
16.07 10:55:13 module 'signal' has no attribute 'SIGALRM'
16.07 10:55:13 Scanning 98 point from 187
16.07 10:55:13 module 'signal' has no attribute 'SIGALRM'
16.07 10:55:13 Scanning 99 point from 187
16.07 10:55:13 module 'signal' has no attribute 'SIGALRM'
16.07 10:55:13 Scanning 100 point from 187
16.07 10:55:13 module 'signal' has no attribute 'SIGALRM'
16.07 10:55:13 Scanning 101 point from 187
16.07 10:55:13 module 'signal' has no attribute 'SIGALRM'
16.07 10:55:13 Scanning 102 point from 187
16.07 10:55:13 module 'signal' has no attribute 'SIGALRM'
16.07 10:55:13 Scanning 103 point from 187
16.07 10:55:13 module 'signal' has no attribute 'SIGALRM'
16.07 10:55:13 Scanning 104 point from 187
16.07 10:55:13 module 'signal' has no attribute 'SIGALRM'
16.07 10:55:13 Scanning 105 point from 187
16.07 10:55:13 module 'signal' has no attribute 'SIGALRM'
16.07 10:55:13 Scanning 106 point from 187
16.07 10:55:13 module 'signal' has no attribute 'SIGALRM'
16.07 10:55:13 Scanning 107 point from 187
16.07 10:55:13 module 'signal' has no attribute 'SIGALRM'
16.07 10:55:13 Scanning 108 point from 187
16.07 10:55:13 module 'signal' has no attribute 'SIGALRM'
16.07 10:55:13 Scanning 109 point from 187
16.07 10:55:13 module 'signal' has no attribute 'SIGALRM'
16.07 10:55:13 Scanning 110 point from 187
16.07 10:55:13 module 'signal' has no attribute 'SIGALRM'
16.07 10:55:13 Scanning 111 point from 187
16.07 10:55:13 module 'signal' has no attribute 'SIGALRM'
16.07 10:55:13 Scanning 112 point from 187
16.07 10:55:13 module 'signal' has no attribute 'SIGALRM'
16.07 10:55:13 Scanning 113 point from 187
16.07 10:55:13 module 'signal' has no attribute 'SIGALRM'
16.07 10:55:13 Scanning 114 point from 187
16.07 10:55:13 module 'signal' has no attribute 'SIGALRM'
16.07 10:55:13 Scanning 115 point from 187
16.07 10:55:13 module 'signal' has no attribute 'SIGALRM'
16.07 10:55:13 Scanning 116 point from 187
16.07 10:55:13 module 'signal' has no attribute 'SIGALRM'
16.07 10:55:13 Scanning 117 point from 187
16.07 10:55:13 module 'signal' has no attribute 'SIGALRM'
16.07 10:55:13 Scanning 118 point from 187
16.07 10:55:13 module 'signal' has no attribute 'SIGALRM'
16.07 10:55:13 Scanning 119 point from 187
16.07 10:55:13 module 'signal' has no attribute 'SIGALRM'
16.07 10:55:13 Scanning 120 point from 187
16.07 10:55:13 module 'signal' has no attribute 'SIGALRM'
16.07 10:55:13 Scanning 121 point from 187
16.07 10:55:13 module 'signal' has no attribute 'SIGALRM'
16.07 10:55:13 Scanning 122 point from 187
16.07 10:55:13 module 'signal' has no attribute 'SIGALRM'
16.07 10:55:13 Scanning 123 point from 187
16.07 10:55:13 module 'signal' has no attribute 'SIGALRM'
16.07 10:55:13 Scanning 124 point from 187
16.07 10:55:13 module 'signal' has no attribute 'SIGALRM'
16.07 10:55:13 Scanning 125 point from 187
16.07 10:55:13 module 'signal' has no attribute 'SIGALRM'
16.07 10:55:13 Scanning 126 point from 187
16.07 10:55:13 module 'signal' has no attribute 'SIGALRM'
16.07 10:55:13 Scanning 127 point from 187
16.07 10:55:13 module 'signal' has no attribute 'SIGALRM'
16.07 10:55:13 Scanning 128 point from 187
16.07 10:55:13 module 'signal' has no attribute 'SIGALRM'
16.07 10:55:13 Scanning 129 point from 187
16.07 10:55:13 module 'signal' has no attribute 'SIGALRM'
16.07 10:55:13 Scanning 130 point from 187
16.07 10:55:13 module 'signal' has no attribute 'SIGALRM'
16.07 10:55:13 Scanning 131 point from 187
16.07 10:55:13 module 'signal' has no attribute 'SIGALRM'
16.07 10:55:13 Scanning 132 point from 187
16.07 10:55:13 module 'signal' has no attribute 'SIGALRM'
16.07 10:55:13 Scanning 133 point from 187
16.07 10:55:13 module 'signal' has no attribute 'SIGALRM'
16.07 10:55:13 Scanning 134 point from 187
16.07 10:55:13 module 'signal' has no attribute 'SIGALRM'
16.07 10:55:13 Scanning 135 point from 187
16.07 10:55:13 module 'signal' has no attribute 'SIGALRM'
16.07 10:55:13 Scanning 136 point from 187
16.07 10:55:13 module 'signal' has no attribute 'SIGALRM'
16.07 10:55:13 Scanning 137 point from 187
16.07 10:55:13 module 'signal' has no attribute 'SIGALRM'
16.07 10:55:13 Scanning 138 point from 187
16.07 10:55:13 module 'signal' has no attribute 'SIGALRM'
16.07 10:55:13 Scanning 139 point from 187
16.07 10:55:13 module 'signal' has no attribute 'SIGALRM'
16.07 10:55:13 Scanning 140 point from 187
16.07 10:55:13 module 'signal' has no attribute 'SIGALRM'
16.07 10:55:13 Scanning 141 point from 187
16.07 10:55:13 module 'signal' has no attribute 'SIGALRM'
16.07 10:55:13 Scanning 142 point from 187
16.07 10:55:13 module 'signal' has no attribute 'SIGALRM'
16.07 10:55:13 Scanning 143 point from 187
16.07 10:55:13 module 'signal' has no attribute 'SIGALRM'
16.07 10:55:13 Scanning 144 point from 187
16.07 10:55:13 module 'signal' has no attribute 'SIGALRM'
16.07 10:55:13 Scanning 145 point from 187
16.07 10:55:13 module 'signal' has no attribute 'SIGALRM'
16.07 10:55:13 Scanning 146 point from 187
16.07 10:55:13 module 'signal' has no attribute 'SIGALRM'
16.07 10:55:13 Scanning 147 point from 187
16.07 10:55:13 module 'signal' has no attribute 'SIGALRM'
16.07 10:55:13 Scanning 148 point from 187
16.07 10:55:13 module 'signal' has no attribute 'SIGALRM'
16.07 10:55:13 Scanning 149 point from 187
16.07 10:55:13 module 'signal' has no attribute 'SIGALRM'
16.07 10:55:13 Scanning 150 point from 187
16.07 10:55:13 module 'signal' has no attribute 'SIGALRM'
16.07 10:55:13 Scanning 151 point from 187
16.07 10:55:13 module 'signal' has no attribute 'SIGALRM'
16.07 10:55:13 Scanning 152 point from 187
16.07 10:55:13 module 'signal' has no attribute 'SIGALRM'
16.07 10:55:13 Scanning 153 point from 187
16.07 10:55:13 module 'signal' has no attribute 'SIGALRM'
16.07 10:55:13 Scanning 154 point from 187
16.07 10:55:13 module 'signal' has no attribute 'SIGALRM'
16.07 10:55:13 Scanning 155 point from 187
16.07 10:55:13 module 'signal' has no attribute 'SIGALRM'
16.07 10:55:13 Scanning 156 point from 187
16.07 10:55:13 module 'signal' has no attribute 'SIGALRM'
16.07 10:55:13 Scanning 157 point from 187
16.07 10:55:13 module 'signal' has no attribute 'SIGALRM'
16.07 10:55:13 Scanning 158 point from 187
16.07 10:55:13 module 'signal' has no attribute 'SIGALRM'
16.07 10:55:13 Scanning 159 point from 187
16.07 10:55:13 module 'signal' has no attribute 'SIGALRM'
16.07 10:55:13 Scanning 160 point from 187
16.07 10:55:13 module 'signal' has no attribute 'SIGALRM'
16.07 10:55:13 Scanning 161 point from 187
16.07 10:55:13 module 'signal' has no attribute 'SIGALRM'
16.07 10:55:13 Scanning 162 point from 187
16.07 10:55:13 module 'signal' has no attribute 'SIGALRM'
16.07 10:55:13 Scanning 163 point from 187
16.07 10:55:13 module 'signal' has no attribute 'SIGALRM'
16.07 10:55:13 Scanning 164 point from 187
16.07 10:55:13 module 'signal' has no attribute 'SIGALRM'
16.07 10:55:13 Scanning 165 point from 187
16.07 10:55:13 module 'signal' has no attribute 'SIGALRM'
16.07 10:55:13 Scanning 166 point from 187
16.07 10:55:13 module 'signal' has no attribute 'SIGALRM'
16.07 10:55:13 Scanning 167 point from 187
16.07 10:55:13 module 'signal' has no attribute 'SIGALRM'
16.07 10:55:13 Scanning 168 point from 187
16.07 10:55:13 module 'signal' has no attribute 'SIGALRM'
16.07 10:55:13 Scanning 169 point from 187
16.07 10:55:13 module 'signal' has no attribute 'SIGALRM'
16.07 10:55:13 Scanning 170 point from 187
16.07 10:55:13 module 'signal' has no attribute 'SIGALRM'
16.07 10:55:13 Scanning 171 point from 187
16.07 10:55:13 module 'signal' has no attribute 'SIGALRM'
16.07 10:55:13 Scanning 172 point from 187
16.07 10:55:13 module 'signal' has no attribute 'SIGALRM'
16.07 10:55:13 Scanning 173 point from 187
16.07 10:55:13 module 'signal' has no attribute 'SIGALRM'
16.07 10:55:13 Scanning 174 point from 187
16.07 10:55:13 module 'signal' has no attribute 'SIGALRM'
16.07 10:55:13 Scanning 175 point from 187
16.07 10:55:13 module 'signal' has no attribute 'SIGALRM'
16.07 10:55:13 Scanning 176 point from 187
16.07 10:55:13 module 'signal' has no attribute 'SIGALRM'
16.07 10:55:13 Scanning 177 point from 187
16.07 10:55:13 module 'signal' has no attribute 'SIGALRM'
16.07 10:55:13 Scanning 178 point from 187
16.07 10:55:13 module 'signal' has no attribute 'SIGALRM'
16.07 10:55:13 Scanning 179 point from 187
16.07 10:55:13 module 'signal' has no attribute 'SIGALRM'
16.07 10:55:13 Scanning 180 point from 187
16.07 10:55:13 module 'signal' has no attribute 'SIGALRM'
16.07 10:55:13 Scanning 181 point from 187
16.07 10:55:13 module 'signal' has no attribute 'SIGALRM'
16.07 10:55:13 Scanning 182 point from 187
16.07 10:55:13 module 'signal' has no attribute 'SIGALRM'
16.07 10:55:13 Scanning 183 point from 187
16.07 10:55:13 module 'signal' has no attribute 'SIGALRM'
16.07 10:55:13 Scanning 184 point from 187
16.07 10:55:13 module 'signal' has no attribute 'SIGALRM'
16.07 10:55:13 Scanning 185 point from 187
16.07 10:55:13 module 'signal' has no attribute 'SIGALRM'
16.07 10:55:13 Scanning 186 point from 187
16.07 10:55:13 module 'signal' has no attribute 'SIGALRM'
