28.10 20:54:35 Initializing grbl...
28.10 20:54:36 Got the response: b''
28.10 20:55:51 Row 0: 28.10 20:55:51 Map: x1: -14.0, y1: -40.205, x2: -15.37, y2: -38.821, xres: 0.100, yres: 0.100, fname: M3-A1
28.10 20:55:51 Scanning 0 point from 225
28.10 20:55:51 Going to coordinates X=-15.370, Y=-40.205
28.10 20:55:52 Moving is finished
28.10 20:59:17 Scanning 1 point from 225
28.10 20:59:17 Going to coordinates X=-15.270, Y=-40.205
28.10 20:59:18 Moving is finished
28.10 21:02:42 Scanning 2 point from 225
28.10 21:02:42 Going to coordinates X=-15.170, Y=-40.205
28.10 21:02:42 Moving is finished
28.10 21:06:07 Scanning 3 point from 225
28.10 21:06:07 Going to coordinates X=-15.070, Y=-40.205
28.10 21:06:07 Moving is finished
28.10 21:09:32 Scanning 4 point from 225
28.10 21:09:32 Going to coordinates X=-14.970, Y=-40.205
28.10 21:09:32 Moving is finished
28.10 21:12:57 Scanning 5 point from 225
28.10 21:12:57 Going to coordinates X=-14.870, Y=-40.205
28.10 21:12:57 Moving is finished
28.10 21:16:22 Scanning 6 point from 225
28.10 21:16:22 Going to coordinates X=-14.770, Y=-40.205
28.10 21:16:22 Moving is finished
28.10 21:19:47 Scanning 7 point from 225
28.10 21:19:47 Going to coordinates X=-14.670, Y=-40.205
28.10 21:19:47 Moving is finished
28.10 21:23:12 Scanning 8 point from 225
28.10 21:23:12 Going to coordinates X=-14.570, Y=-40.205
28.10 21:23:12 Moving is finished
28.10 21:26:37 Scanning 9 point from 225
28.10 21:26:37 Going to coordinates X=-14.470, Y=-40.205
28.10 21:26:38 Moving is finished
28.10 21:30:02 Scanning 10 point from 225
28.10 21:30:02 Going to coordinates X=-14.370, Y=-40.205
28.10 21:30:02 Moving is finished
28.10 21:33:27 Scanning 11 point from 225
28.10 21:33:27 Going to coordinates X=-14.270, Y=-40.205
28.10 21:33:27 Moving is finished
28.10 21:36:51 Scanning 12 point from 225
28.10 21:36:51 Going to coordinates X=-14.170, Y=-40.205
28.10 21:36:52 Moving is finished
28.10 21:40:16 Scanning 13 point from 225
28.10 21:40:16 Going to coordinates X=-14.070, Y=-40.205
28.10 21:40:17 Moving is finished
28.10 21:43:42 Scanning 14 point from 225
28.10 21:43:42 Going to coordinates X=-13.970, Y=-40.205
28.10 21:43:42 Moving is finished
28.10 21:47:08 Scanning 15 point from 225
28.10 21:47:08 Going to coordinates X=-15.370, Y=-40.105
28.10 21:47:08 Moving is finished
28.10 21:50:33 Scanning 16 point from 225
28.10 21:50:33 Going to coordinates X=-15.270, Y=-40.105
28.10 21:50:33 Moving is finished
28.10 21:53:58 Scanning 17 point from 225
28.10 21:53:58 Going to coordinates X=-15.170, Y=-40.105
28.10 21:53:58 Moving is finished
28.10 21:57:23 Scanning 18 point from 225
28.10 21:57:23 Going to coordinates X=-15.070, Y=-40.105
28.10 21:57:23 Moving is finished
28.10 22:00:48 Scanning 19 point from 225
28.10 22:00:48 Going to coordinates X=-14.970, Y=-40.105
28.10 22:00:48 Moving is finished
28.10 22:04:12 Scanning 20 point from 225
28.10 22:04:12 Going to coordinates X=-14.870, Y=-40.105
28.10 22:04:13 Moving is finished
28.10 22:07:37 Scanning 21 point from 225
28.10 22:07:37 Going to coordinates X=-14.770, Y=-40.105
28.10 22:07:37 Moving is finished
28.10 22:11:02 Scanning 22 point from 225
28.10 22:11:02 Going to coordinates X=-14.670, Y=-40.105
28.10 22:11:02 Moving is finished
28.10 22:14:27 Scanning 23 point from 225
28.10 22:14:27 Going to coordinates X=-14.570, Y=-40.105
28.10 22:14:27 Moving is finished
28.10 22:17:52 Scanning 24 point from 225
28.10 22:17:52 Going to coordinates X=-14.470, Y=-40.105
28.10 22:17:52 Moving is finished
28.10 22:21:17 Scanning 25 point from 225
28.10 22:21:17 Going to coordinates X=-14.370, Y=-40.105
28.10 22:21:17 Moving is finished
28.10 22:24:42 Scanning 26 point from 225
28.10 22:24:42 Going to coordinates X=-14.270, Y=-40.105
28.10 22:24:42 Moving is finished
28.10 22:28:06 Scanning 27 point from 225
28.10 22:28:06 Going to coordinates X=-14.170, Y=-40.105
28.10 22:28:07 Moving is finished
28.10 22:31:31 Scanning 28 point from 225
28.10 22:31:31 Going to coordinates X=-14.070, Y=-40.105
28.10 22:31:31 Moving is finished
28.10 22:34:56 Scanning 29 point from 225
28.10 22:34:56 Going to coordinates X=-13.970, Y=-40.105
28.10 22:34:56 Moving is finished
28.10 22:38:21 Scanning 30 point from 225
28.10 22:38:21 Going to coordinates X=-15.370, Y=-40.005
28.10 22:38:21 Moving is finished
28.10 22:41:46 Scanning 31 point from 225
28.10 22:41:46 Going to coordinates X=-15.270, Y=-40.005
28.10 22:41:47 Moving is finished
28.10 22:45:11 Scanning 32 point from 225
28.10 22:45:11 Going to coordinates X=-15.170, Y=-40.005
28.10 22:45:12 Moving is finished
28.10 22:48:37 Scanning 33 point from 225
28.10 22:48:37 Going to coordinates X=-15.070, Y=-40.005
28.10 22:48:37 Moving is finished
28.10 22:52:02 Scanning 34 point from 225
28.10 22:52:02 Going to coordinates X=-14.970, Y=-40.005
28.10 22:52:02 Moving is finished
28.10 22:55:27 Scanning 35 point from 225
28.10 22:55:27 Going to coordinates X=-14.870, Y=-40.005
28.10 22:55:27 Moving is finished
28.10 22:58:52 Scanning 36 point from 225
28.10 22:58:52 Going to coordinates X=-14.770, Y=-40.005
28.10 22:58:52 Moving is finished
28.10 23:02:16 Scanning 37 point from 225
28.10 23:02:16 Going to coordinates X=-14.670, Y=-40.005
28.10 23:02:17 Moving is finished
28.10 23:05:41 Scanning 38 point from 225
28.10 23:05:41 Going to coordinates X=-14.570, Y=-40.005
28.10 23:05:41 Moving is finished
28.10 23:09:06 Scanning 39 point from 225
28.10 23:09:06 Going to coordinates X=-14.470, Y=-40.005
28.10 23:09:06 Moving is finished
28.10 23:12:30 Scanning 40 point from 225
28.10 23:12:30 Going to coordinates X=-14.370, Y=-40.005
28.10 23:12:31 Moving is finished
28.10 23:15:55 Scanning 41 point from 225
28.10 23:15:55 Going to coordinates X=-14.270, Y=-40.005
28.10 23:15:56 Moving is finished
28.10 23:19:21 Scanning 42 point from 225
28.10 23:19:21 Going to coordinates X=-14.170, Y=-40.005
28.10 23:19:21 Moving is finished
28.10 23:22:46 Scanning 43 point from 225
28.10 23:22:46 Going to coordinates X=-14.070, Y=-40.005
28.10 23:22:46 Moving is finished
28.10 23:26:10 Scanning 44 point from 225
28.10 23:26:10 Going to coordinates X=-13.970, Y=-40.005
28.10 23:26:11 Moving is finished
28.10 23:29:36 Scanning 45 point from 225
28.10 23:29:36 Going to coordinates X=-15.370, Y=-39.905
28.10 23:29:37 Moving is finished
28.10 23:33:02 Scanning 46 point from 225
28.10 23:33:02 Going to coordinates X=-15.270, Y=-39.905
28.10 23:33:03 Moving is finished
28.10 23:36:27 Scanning 47 point from 225
28.10 23:36:27 Going to coordinates X=-15.170, Y=-39.905
28.10 23:36:28 Moving is finished
28.10 23:39:52 Scanning 48 point from 225
28.10 23:39:52 Going to coordinates X=-15.070, Y=-39.905
28.10 23:39:53 Moving is finished
28.10 23:43:18 Scanning 49 point from 225
28.10 23:43:18 Going to coordinates X=-14.970, Y=-39.905
28.10 23:43:18 Moving is finished
28.10 23:46:43 Scanning 50 point from 225
28.10 23:46:43 Going to coordinates X=-14.870, Y=-39.905
28.10 23:46:43 Moving is finished
28.10 23:50:08 Scanning 51 point from 225
28.10 23:50:08 Going to coordinates X=-14.770, Y=-39.905
28.10 23:50:08 Moving is finished
28.10 23:53:33 Scanning 52 point from 225
28.10 23:53:33 Going to coordinates X=-14.670, Y=-39.905
28.10 23:53:33 Moving is finished
28.10 23:56:58 Scanning 53 point from 225
28.10 23:56:58 Going to coordinates X=-14.570, Y=-39.905
28.10 23:56:59 Moving is finished
29.10 00:00:23 Scanning 54 point from 225
29.10 00:00:23 Going to coordinates X=-14.470, Y=-39.905
29.10 00:00:23 Moving is finished
29.10 00:03:49 Scanning 55 point from 225
29.10 00:03:49 Going to coordinates X=-14.370, Y=-39.905
29.10 00:03:49 Moving is finished
29.10 00:07:14 Scanning 56 point from 225
29.10 00:07:14 Going to coordinates X=-14.270, Y=-39.905
29.10 00:07:14 Moving is finished
29.10 00:10:39 Scanning 57 point from 225
29.10 00:10:39 Going to coordinates X=-14.170, Y=-39.905
29.10 00:10:40 Moving is finished
29.10 00:14:04 Scanning 58 point from 225
29.10 00:14:04 Going to coordinates X=-14.070, Y=-39.905
29.10 00:14:05 Moving is finished
29.10 00:17:29 Scanning 59 point from 225
29.10 00:17:29 Going to coordinates X=-13.970, Y=-39.905
29.10 00:17:29 Moving is finished
29.10 00:20:54 Scanning 60 point from 225
29.10 00:20:54 Going to coordinates X=-15.370, Y=-39.805
29.10 00:20:55 Moving is finished
29.10 00:24:20 Scanning 61 point from 225
29.10 00:24:20 Going to coordinates X=-15.270, Y=-39.805
29.10 00:24:20 Moving is finished
29.10 00:27:44 Scanning 62 point from 225
29.10 00:27:44 Going to coordinates X=-15.170, Y=-39.805
29.10 00:27:45 Moving is finished
29.10 00:31:10 Scanning 63 point from 225
29.10 00:31:10 Going to coordinates X=-15.070, Y=-39.805
29.10 00:31:10 Moving is finished
29.10 00:34:34 Scanning 64 point from 225
29.10 00:34:34 Going to coordinates X=-14.970, Y=-39.805
29.10 00:34:35 Moving is finished
29.10 00:37:59 Scanning 65 point from 225
29.10 00:37:59 Going to coordinates X=-14.870, Y=-39.805
29.10 00:37:59 Moving is finished
29.10 00:41:24 Scanning 66 point from 225
29.10 00:41:24 Going to coordinates X=-14.770, Y=-39.805
29.10 00:41:24 Moving is finished
29.10 00:44:49 Scanning 67 point from 225
29.10 00:44:49 Going to coordinates X=-14.670, Y=-39.805
29.10 00:44:49 Moving is finished
29.10 00:48:14 Scanning 68 point from 225
29.10 00:48:14 Going to coordinates X=-14.570, Y=-39.805
29.10 00:48:14 Moving is finished
29.10 00:51:38 Scanning 69 point from 225
29.10 00:51:38 Going to coordinates X=-14.470, Y=-39.805
29.10 00:51:39 Moving is finished
29.10 00:55:03 Scanning 70 point from 225
29.10 00:55:03 Going to coordinates X=-14.370, Y=-39.805
29.10 00:55:03 Moving is finished
29.10 00:58:28 Scanning 71 point from 225
29.10 00:58:28 Going to coordinates X=-14.270, Y=-39.805
29.10 00:58:28 Moving is finished
29.10 01:01:53 Scanning 72 point from 225
29.10 01:01:53 Going to coordinates X=-14.170, Y=-39.805
29.10 01:01:53 Moving is finished
29.10 01:05:18 Scanning 73 point from 225
29.10 01:05:18 Going to coordinates X=-14.070, Y=-39.805
29.10 01:05:18 Moving is finished
29.10 01:08:43 Scanning 74 point from 225
29.10 01:08:43 Going to coordinates X=-13.970, Y=-39.805
29.10 01:08:43 Moving is finished
29.10 01:12:08 Scanning 75 point from 225
29.10 01:12:08 Going to coordinates X=-15.370, Y=-39.705
29.10 01:12:09 Moving is finished
29.10 01:15:33 Scanning 76 point from 225
29.10 01:15:33 Going to coordinates X=-15.270, Y=-39.705
29.10 01:15:33 Moving is finished
29.10 01:18:58 Scanning 77 point from 225
29.10 01:18:58 Going to coordinates X=-15.170, Y=-39.705
29.10 01:18:58 Moving is finished
29.10 01:22:23 Scanning 78 point from 225
29.10 01:22:23 Going to coordinates X=-15.070, Y=-39.705
29.10 01:22:23 Moving is finished
29.10 01:25:47 Scanning 79 point from 225
29.10 01:25:47 Going to coordinates X=-14.970, Y=-39.705
29.10 01:25:48 Moving is finished
29.10 01:29:12 Scanning 80 point from 225
29.10 01:29:12 Going to coordinates X=-14.870, Y=-39.705
29.10 01:29:12 Moving is finished
29.10 01:32:37 Scanning 81 point from 225
29.10 01:32:37 Going to coordinates X=-14.770, Y=-39.705
29.10 01:32:37 Moving is finished
29.10 01:36:02 Scanning 82 point from 225
29.10 01:36:02 Going to coordinates X=-14.670, Y=-39.705
29.10 01:36:02 Moving is finished
29.10 01:39:27 Scanning 83 point from 225
29.10 01:39:27 Going to coordinates X=-14.570, Y=-39.705
29.10 01:39:28 Moving is finished
29.10 01:42:52 Scanning 84 point from 225
29.10 01:42:52 Going to coordinates X=-14.470, Y=-39.705
29.10 01:42:52 Moving is finished
29.10 01:46:17 Scanning 85 point from 225
29.10 01:46:17 Going to coordinates X=-14.370, Y=-39.705
29.10 01:46:17 Moving is finished
29.10 01:49:42 Scanning 86 point from 225
29.10 01:49:42 Going to coordinates X=-14.270, Y=-39.705
29.10 01:49:42 Moving is finished
29.10 01:53:07 Scanning 87 point from 225
29.10 01:53:07 Going to coordinates X=-14.170, Y=-39.705
29.10 01:53:07 Moving is finished
29.10 01:56:32 Scanning 88 point from 225
29.10 01:56:32 Going to coordinates X=-14.070, Y=-39.705
29.10 01:56:32 Moving is finished
29.10 01:59:56 Scanning 89 point from 225
29.10 01:59:56 Going to coordinates X=-13.970, Y=-39.705
29.10 01:59:57 Moving is finished
29.10 02:03:21 Scanning 90 point from 225
29.10 02:03:21 Going to coordinates X=-15.370, Y=-39.605
29.10 02:03:22 Moving is finished
29.10 02:06:46 Scanning 91 point from 225
29.10 02:06:46 Going to coordinates X=-15.270, Y=-39.605
29.10 02:06:47 Moving is finished
29.10 02:10:11 Scanning 92 point from 225
29.10 02:10:11 Going to coordinates X=-15.170, Y=-39.605
29.10 02:10:11 Moving is finished
29.10 02:13:36 Scanning 93 point from 225
29.10 02:13:36 Going to coordinates X=-15.070, Y=-39.605
29.10 02:13:36 Moving is finished
29.10 02:17:02 Scanning 94 point from 225
29.10 02:17:02 Going to coordinates X=-14.970, Y=-39.605
29.10 02:17:02 Moving is finished
29.10 02:20:27 Scanning 95 point from 225
29.10 02:20:27 Going to coordinates X=-14.870, Y=-39.605
29.10 02:20:28 Moving is finished
29.10 02:23:52 Scanning 96 point from 225
29.10 02:23:52 Going to coordinates X=-14.770, Y=-39.605
29.10 02:23:52 Moving is finished
29.10 02:27:17 Scanning 97 point from 225
29.10 02:27:17 Going to coordinates X=-14.670, Y=-39.605
29.10 02:27:17 Moving is finished
29.10 02:30:42 Scanning 98 point from 225
29.10 02:30:42 Going to coordinates X=-14.570, Y=-39.605
29.10 02:30:42 Moving is finished
29.10 02:34:07 Scanning 99 point from 225
29.10 02:34:07 Going to coordinates X=-14.470, Y=-39.605
29.10 02:34:07 Moving is finished
29.10 02:37:32 Scanning 100 point from 225
29.10 02:37:32 Going to coordinates X=-14.370, Y=-39.605
29.10 02:37:32 Moving is finished
29.10 02:40:56 Scanning 101 point from 225
29.10 02:40:56 Going to coordinates X=-14.270, Y=-39.605
29.10 02:40:57 Moving is finished
29.10 02:44:22 Scanning 102 point from 225
29.10 02:44:22 Going to coordinates X=-14.170, Y=-39.605
29.10 02:44:22 Moving is finished
29.10 02:47:46 Scanning 103 point from 225
29.10 02:47:46 Going to coordinates X=-14.070, Y=-39.605
29.10 02:47:47 Moving is finished
29.10 02:51:12 Scanning 104 point from 225
29.10 02:51:12 Going to coordinates X=-13.970, Y=-39.605
29.10 02:51:12 Moving is finished
29.10 02:54:37 Scanning 105 point from 225
29.10 02:54:37 Going to coordinates X=-15.370, Y=-39.505
29.10 02:54:38 Moving is finished
29.10 02:58:02 Scanning 106 point from 225
29.10 02:58:02 Going to coordinates X=-15.270, Y=-39.505
29.10 02:58:02 Moving is finished
29.10 03:01:27 Scanning 107 point from 225
29.10 03:01:27 Going to coordinates X=-15.170, Y=-39.505
29.10 03:01:27 Moving is finished
29.10 03:04:52 Scanning 108 point from 225
29.10 03:04:52 Going to coordinates X=-15.070, Y=-39.505
29.10 03:04:53 Moving is finished
29.10 03:08:18 Scanning 109 point from 225
29.10 03:08:18 Going to coordinates X=-14.970, Y=-39.505
29.10 03:08:18 Moving is finished
29.10 03:11:42 Scanning 110 point from 225
29.10 03:11:42 Going to coordinates X=-14.870, Y=-39.505
29.10 03:11:43 Moving is finished
29.10 03:15:07 Scanning 111 point from 225
29.10 03:15:07 Going to coordinates X=-14.770, Y=-39.505
29.10 03:15:07 Moving is finished
29.10 03:18:32 Scanning 112 point from 225
29.10 03:18:32 Going to coordinates X=-14.670, Y=-39.505
29.10 03:18:32 Moving is finished
29.10 03:21:56 Scanning 113 point from 225
29.10 03:21:56 Going to coordinates X=-14.570, Y=-39.505
29.10 03:21:56 Moving is finished
29.10 03:25:21 Scanning 114 point from 225
29.10 03:25:21 Going to coordinates X=-14.470, Y=-39.505
29.10 03:25:22 Moving is finished
29.10 03:28:46 Scanning 115 point from 225
29.10 03:28:46 Going to coordinates X=-14.370, Y=-39.505
29.10 03:28:46 Moving is finished
29.10 03:32:11 Scanning 116 point from 225
29.10 03:32:11 Going to coordinates X=-14.270, Y=-39.505
29.10 03:32:11 Moving is finished
29.10 03:35:36 Scanning 117 point from 225
29.10 03:35:36 Going to coordinates X=-14.170, Y=-39.505
29.10 03:35:36 Moving is finished
29.10 03:39:00 Scanning 118 point from 225
29.10 03:39:00 Going to coordinates X=-14.070, Y=-39.505
29.10 03:39:01 Moving is finished
29.10 03:42:26 Scanning 119 point from 225
29.10 03:42:26 Going to coordinates X=-13.970, Y=-39.505
29.10 03:42:26 Moving is finished
29.10 03:45:51 Scanning 120 point from 225
29.10 03:45:51 Going to coordinates X=-15.370, Y=-39.405
29.10 03:45:52 Moving is finished
29.10 03:49:18 Scanning 121 point from 225
29.10 03:49:18 Going to coordinates X=-15.270, Y=-39.405
29.10 03:49:18 Moving is finished
29.10 03:52:43 Scanning 122 point from 225
29.10 03:52:43 Going to coordinates X=-15.170, Y=-39.405
29.10 03:52:44 Moving is finished
29.10 03:56:08 Scanning 123 point from 225
29.10 03:56:08 Going to coordinates X=-15.070, Y=-39.405
29.10 03:56:08 Moving is finished
29.10 03:59:33 Scanning 124 point from 225
29.10 03:59:33 Going to coordinates X=-14.970, Y=-39.405
29.10 03:59:33 Moving is finished
29.10 04:02:57 Scanning 125 point from 225
29.10 04:02:57 Going to coordinates X=-14.870, Y=-39.405
29.10 04:02:58 Moving is finished
29.10 04:06:23 Scanning 126 point from 225
29.10 04:06:23 Going to coordinates X=-14.770, Y=-39.405
29.10 04:06:23 Moving is finished
29.10 04:09:48 Scanning 127 point from 225
29.10 04:09:48 Going to coordinates X=-14.670, Y=-39.405
29.10 04:09:49 Moving is finished
29.10 04:13:13 Scanning 128 point from 225
29.10 04:13:13 Going to coordinates X=-14.570, Y=-39.405
29.10 04:13:13 Moving is finished
29.10 04:16:38 Scanning 129 point from 225
29.10 04:16:38 Going to coordinates X=-14.470, Y=-39.405
29.10 04:16:38 Moving is finished
29.10 04:20:03 Scanning 130 point from 225
29.10 04:20:03 Going to coordinates X=-14.370, Y=-39.405
29.10 04:20:03 Moving is finished
29.10 04:23:29 Scanning 131 point from 225
29.10 04:23:29 Going to coordinates X=-14.270, Y=-39.405
29.10 04:23:29 Moving is finished
29.10 04:26:54 Scanning 132 point from 225
29.10 04:26:54 Going to coordinates X=-14.170, Y=-39.405
29.10 04:26:54 Moving is finished
29.10 04:30:19 Scanning 133 point from 225
29.10 04:30:19 Going to coordinates X=-14.070, Y=-39.405
29.10 04:30:19 Moving is finished
29.10 04:33:44 Scanning 134 point from 225
29.10 04:33:44 Going to coordinates X=-13.970, Y=-39.405
29.10 04:33:44 Moving is finished
29.10 04:37:09 Scanning 135 point from 225
29.10 04:37:09 Going to coordinates X=-15.370, Y=-39.305
29.10 04:37:10 Moving is finished
29.10 04:40:35 Scanning 136 point from 225
29.10 04:40:35 Going to coordinates X=-15.270, Y=-39.305
29.10 04:40:35 Moving is finished
29.10 04:43:59 Scanning 137 point from 225
29.10 04:43:59 Going to coordinates X=-15.170, Y=-39.305
29.10 04:44:00 Moving is finished
29.10 04:47:24 Scanning 138 point from 225
29.10 04:47:24 Going to coordinates X=-15.070, Y=-39.305
29.10 04:47:25 Moving is finished
29.10 04:50:49 Scanning 139 point from 225
29.10 04:50:49 Going to coordinates X=-14.970, Y=-39.305
29.10 04:50:49 Moving is finished
29.10 04:54:14 Scanning 140 point from 225
29.10 04:54:14 Going to coordinates X=-14.870, Y=-39.305
29.10 04:54:14 Moving is finished
29.10 04:57:39 Scanning 141 point from 225
29.10 04:57:39 Going to coordinates X=-14.770, Y=-39.305
29.10 04:57:39 Moving is finished
29.10 05:01:04 Scanning 142 point from 225
29.10 05:01:04 Going to coordinates X=-14.670, Y=-39.305
29.10 05:01:04 Moving is finished
29.10 05:04:28 Scanning 143 point from 225
29.10 05:04:28 Going to coordinates X=-14.570, Y=-39.305
29.10 05:04:29 Moving is finished
29.10 05:07:53 Scanning 144 point from 225
29.10 05:07:53 Going to coordinates X=-14.470, Y=-39.305
29.10 05:07:54 Moving is finished
29.10 05:11:18 Scanning 145 point from 225
29.10 05:11:18 Going to coordinates X=-14.370, Y=-39.305
29.10 05:11:18 Moving is finished
29.10 05:14:43 Scanning 146 point from 225
29.10 05:14:43 Going to coordinates X=-14.270, Y=-39.305
29.10 05:14:44 Moving is finished
29.10 05:18:08 Scanning 147 point from 225
29.10 05:18:08 Going to coordinates X=-14.170, Y=-39.305
29.10 05:18:08 Moving is finished
29.10 05:21:33 Scanning 148 point from 225
29.10 05:21:33 Going to coordinates X=-14.070, Y=-39.305
29.10 05:21:33 Moving is finished
29.10 05:24:58 Scanning 149 point from 225
29.10 05:24:58 Going to coordinates X=-13.970, Y=-39.305
29.10 05:24:58 Moving is finished
29.10 05:28:23 Scanning 150 point from 225
29.10 05:28:23 Going to coordinates X=-15.370, Y=-39.205
29.10 05:28:24 Moving is finished
29.10 05:31:49 Scanning 151 point from 225
29.10 05:31:49 Going to coordinates X=-15.270, Y=-39.205
29.10 05:31:49 Moving is finished
29.10 05:35:14 Scanning 152 point from 225
29.10 05:35:14 Going to coordinates X=-15.170, Y=-39.205
29.10 05:35:14 Moving is finished
29.10 05:38:39 Scanning 153 point from 225
29.10 05:38:39 Going to coordinates X=-15.070, Y=-39.205
29.10 05:38:39 Moving is finished
29.10 05:42:04 Scanning 154 point from 225
29.10 05:42:04 Going to coordinates X=-14.970, Y=-39.205
29.10 05:42:04 Moving is finished
29.10 05:45:29 Scanning 155 point from 225
29.10 05:45:29 Going to coordinates X=-14.870, Y=-39.205
29.10 05:45:29 Moving is finished
29.10 05:48:53 Scanning 156 point from 225
29.10 05:48:53 Going to coordinates X=-14.770, Y=-39.205
29.10 05:48:54 Moving is finished
29.10 05:52:18 Scanning 157 point from 225
29.10 05:52:18 Going to coordinates X=-14.670, Y=-39.205
29.10 05:52:19 Moving is finished
29.10 05:55:44 Scanning 158 point from 225
29.10 05:55:44 Going to coordinates X=-14.570, Y=-39.205
29.10 05:55:44 Moving is finished
29.10 05:59:09 Scanning 159 point from 225
29.10 05:59:09 Going to coordinates X=-14.470, Y=-39.205
29.10 05:59:09 Moving is finished
29.10 06:02:33 Scanning 160 point from 225
29.10 06:02:33 Going to coordinates X=-14.370, Y=-39.205
29.10 06:02:34 Moving is finished
29.10 06:05:58 Scanning 161 point from 225
29.10 06:05:58 Going to coordinates X=-14.270, Y=-39.205
29.10 06:05:58 Moving is finished
29.10 06:09:23 Scanning 162 point from 225
29.10 06:09:23 Going to coordinates X=-14.170, Y=-39.205
29.10 06:09:23 Moving is finished
29.10 06:12:48 Scanning 163 point from 225
29.10 06:12:48 Going to coordinates X=-14.070, Y=-39.205
29.10 06:12:48 Moving is finished
29.10 06:16:13 Scanning 164 point from 225
29.10 06:16:13 Going to coordinates X=-13.970, Y=-39.205
29.10 06:16:13 Moving is finished
29.10 06:19:38 Scanning 165 point from 225
29.10 06:19:38 Going to coordinates X=-15.370, Y=-39.105
29.10 06:19:38 Moving is finished
29.10 06:23:03 Scanning 166 point from 225
29.10 06:23:03 Going to coordinates X=-15.270, Y=-39.105
29.10 06:23:03 Moving is finished
29.10 06:26:28 Scanning 167 point from 225
29.10 06:26:28 Going to coordinates X=-15.170, Y=-39.105
29.10 06:26:28 Moving is finished
29.10 06:29:52 Scanning 168 point from 225
29.10 06:29:52 Going to coordinates X=-15.070, Y=-39.105
29.10 06:29:53 Moving is finished
29.10 06:33:17 Scanning 169 point from 225
29.10 06:33:17 Going to coordinates X=-14.970, Y=-39.105
29.10 06:33:17 Moving is finished
29.10 06:36:43 Scanning 170 point from 225
29.10 06:36:43 Going to coordinates X=-14.870, Y=-39.105
29.10 06:36:43 Moving is finished
29.10 06:40:08 Scanning 171 point from 225
29.10 06:40:08 Going to coordinates X=-14.770, Y=-39.105
29.10 06:40:08 Moving is finished
29.10 06:43:32 Scanning 172 point from 225
29.10 06:43:32 Going to coordinates X=-14.670, Y=-39.105
29.10 06:43:33 Moving is finished
29.10 06:46:58 Scanning 173 point from 225
29.10 06:46:58 Going to coordinates X=-14.570, Y=-39.105
29.10 06:46:58 Moving is finished
29.10 06:50:22 Scanning 174 point from 225
29.10 06:50:22 Going to coordinates X=-14.470, Y=-39.105
29.10 06:50:22 Moving is finished
29.10 06:53:47 Scanning 175 point from 225
29.10 06:53:47 Going to coordinates X=-14.370, Y=-39.105
29.10 06:53:47 Moving is finished
29.10 06:57:12 Scanning 176 point from 225
29.10 06:57:12 Going to coordinates X=-14.270, Y=-39.105
29.10 06:57:12 Moving is finished
29.10 07:00:36 Scanning 177 point from 225
29.10 07:00:36 Going to coordinates X=-14.170, Y=-39.105
29.10 07:00:37 Moving is finished
29.10 07:04:01 Scanning 178 point from 225
29.10 07:04:01 Going to coordinates X=-14.070, Y=-39.105
29.10 07:04:01 Moving is finished
29.10 07:07:26 Scanning 179 point from 225
29.10 07:07:26 Going to coordinates X=-13.970, Y=-39.105
29.10 07:07:27 Moving is finished
29.10 07:10:51 Scanning 180 point from 225
29.10 07:10:51 Going to coordinates X=-15.370, Y=-39.005
29.10 07:10:52 Moving is finished
29.10 07:14:17 Scanning 181 point from 225
29.10 07:14:17 Going to coordinates X=-15.270, Y=-39.005
29.10 07:14:17 Moving is finished
29.10 07:17:41 Scanning 182 point from 225
29.10 07:17:41 Going to coordinates X=-15.170, Y=-39.005
29.10 07:17:42 Moving is finished
29.10 07:21:06 Scanning 183 point from 225
29.10 07:21:06 Going to coordinates X=-15.070, Y=-39.005
29.10 07:21:06 Moving is finished
29.10 07:24:31 Scanning 184 point from 225
29.10 07:24:31 Going to coordinates X=-14.970, Y=-39.005
29.10 07:24:31 Moving is finished
29.10 07:27:56 Scanning 185 point from 225
29.10 07:27:56 Going to coordinates X=-14.870, Y=-39.005
29.10 07:27:56 Moving is finished
29.10 07:31:21 Scanning 186 point from 225
29.10 07:31:21 Going to coordinates X=-14.770, Y=-39.005
29.10 07:31:21 Moving is finished
29.10 07:34:45 Scanning 187 point from 225
29.10 07:34:45 Going to coordinates X=-14.670, Y=-39.005
29.10 07:34:46 Moving is finished
29.10 07:38:10 Scanning 188 point from 225
29.10 07:38:10 Going to coordinates X=-14.570, Y=-39.005
29.10 07:38:11 Moving is finished
29.10 07:41:35 Scanning 189 point from 225
29.10 07:41:35 Going to coordinates X=-14.470, Y=-39.005
29.10 07:41:35 Moving is finished
29.10 07:45:00 Scanning 190 point from 225
29.10 07:45:00 Going to coordinates X=-14.370, Y=-39.005
29.10 07:45:00 Moving is finished
29.10 07:48:25 Scanning 191 point from 225
29.10 07:48:25 Going to coordinates X=-14.270, Y=-39.005
29.10 07:48:25 Moving is finished
29.10 07:51:50 Scanning 192 point from 225
29.10 07:51:50 Going to coordinates X=-14.170, Y=-39.005
29.10 07:51:50 Moving is finished
29.10 07:55:15 Scanning 193 point from 225
29.10 07:55:15 Going to coordinates X=-14.070, Y=-39.005
29.10 07:55:16 Moving is finished
29.10 07:58:41 Scanning 194 point from 225
29.10 07:58:41 Going to coordinates X=-13.970, Y=-39.005
29.10 07:58:41 Moving is finished
29.10 08:02:06 Scanning 195 point from 225
29.10 08:02:06 Going to coordinates X=-15.370, Y=-38.905
29.10 08:02:07 Moving is finished
29.10 08:05:32 Scanning 196 point from 225
29.10 08:05:32 Going to coordinates X=-15.270, Y=-38.905
29.10 08:05:32 Moving is finished
29.10 08:08:57 Scanning 197 point from 225
29.10 08:08:57 Going to coordinates X=-15.170, Y=-38.905
29.10 08:08:57 Moving is finished
29.10 08:12:22 Scanning 198 point from 225
29.10 08:12:22 Going to coordinates X=-15.070, Y=-38.905
29.10 08:12:22 Moving is finished
29.10 08:15:47 Scanning 199 point from 225
29.10 08:15:47 Going to coordinates X=-14.970, Y=-38.905
29.10 08:15:47 Moving is finished
29.10 08:19:11 Scanning 200 point from 225
29.10 08:19:11 Going to coordinates X=-14.870, Y=-38.905
29.10 08:19:12 Moving is finished
29.10 08:22:36 Scanning 201 point from 225
29.10 08:22:36 Going to coordinates X=-14.770, Y=-38.905
29.10 08:22:37 Moving is finished
29.10 08:26:01 Scanning 202 point from 225
29.10 08:26:01 Going to coordinates X=-14.670, Y=-38.905
29.10 08:26:01 Moving is finished
29.10 08:29:26 Scanning 203 point from 225
29.10 08:29:26 Going to coordinates X=-14.570, Y=-38.905
29.10 08:29:27 Moving is finished
29.10 08:32:52 Scanning 204 point from 225
29.10 08:32:52 Going to coordinates X=-14.470, Y=-38.905
29.10 08:32:52 Moving is finished
29.10 08:36:16 Scanning 205 point from 225
29.10 08:36:16 Going to coordinates X=-14.370, Y=-38.905
29.10 08:36:17 Moving is finished
29.10 08:39:42 Scanning 206 point from 225
29.10 08:39:42 Going to coordinates X=-14.270, Y=-38.905
29.10 08:39:42 Moving is finished
29.10 08:43:07 Scanning 207 point from 225
29.10 08:43:07 Going to coordinates X=-14.170, Y=-38.905
29.10 08:43:07 Moving is finished
29.10 08:46:32 Scanning 208 point from 225
29.10 08:46:32 Going to coordinates X=-14.070, Y=-38.905
29.10 08:46:32 Moving is finished
29.10 08:49:57 Scanning 209 point from 225
29.10 08:49:57 Going to coordinates X=-13.970, Y=-38.905
29.10 08:49:57 Moving is finished
29.10 08:53:22 Scanning 210 point from 225
29.10 08:53:22 Going to coordinates X=-15.370, Y=-38.805
29.10 08:53:22 Moving is finished
29.10 08:56:47 Scanning 211 point from 225
29.10 08:56:47 Going to coordinates X=-15.270, Y=-38.805
29.10 08:56:47 Moving is finished
29.10 09:00:12 Scanning 212 point from 225
29.10 09:00:12 Going to coordinates X=-15.170, Y=-38.805
29.10 09:00:12 Moving is finished
29.10 09:03:37 Scanning 213 point from 225
29.10 09:03:37 Going to coordinates X=-15.070, Y=-38.805
29.10 09:03:37 Moving is finished
29.10 09:07:02 Scanning 214 point from 225
29.10 09:07:02 Going to coordinates X=-14.970, Y=-38.805
29.10 09:07:02 Moving is finished
29.10 09:10:26 Scanning 215 point from 225
29.10 09:10:26 Going to coordinates X=-14.870, Y=-38.805
29.10 09:10:27 Moving is finished
29.10 09:13:51 Scanning 216 point from 225
29.10 09:13:51 Going to coordinates X=-14.770, Y=-38.805
29.10 09:13:52 Moving is finished
29.10 09:17:16 Scanning 217 point from 225
29.10 09:17:16 Going to coordinates X=-14.670, Y=-38.805
29.10 09:17:16 Moving is finished
29.10 09:20:41 Scanning 218 point from 225
29.10 09:20:41 Going to coordinates X=-14.570, Y=-38.805
29.10 09:20:41 Moving is finished
29.10 09:24:06 Scanning 219 point from 225
29.10 09:24:06 Going to coordinates X=-14.470, Y=-38.805
29.10 09:24:06 Moving is finished
29.10 09:27:31 Scanning 220 point from 225
29.10 09:27:31 Going to coordinates X=-14.370, Y=-38.805
29.10 09:27:31 Moving is finished
29.10 09:30:56 Scanning 221 point from 225
29.10 09:30:56 Going to coordinates X=-14.270, Y=-38.805
29.10 09:30:56 Moving is finished
29.10 09:34:20 Scanning 222 point from 225
29.10 09:34:20 Going to coordinates X=-14.170, Y=-38.805
29.10 09:34:21 Moving is finished
29.10 09:36:06 Scanning 223 point from 225
29.10 09:36:06 Going to coordinates X=-14.070, Y=-38.805
29.10 09:36:06 Moving is finished
29.10 09:36:13 Scanning 224 point from 225
29.10 09:36:13 Going to coordinates X=-13.970, Y=-38.805
29.10 09:36:14 Moving is finished
29.10 09:36:15 Stopped!
29.10 10:11:18 Can't send the command to GRBL
29.10 10:11:18 Write timeout
