23.10 18:38:07 Initializing grbl...
23.10 18:38:08 Got the response: b''
23.10 18:40:18 Row 0: 23.10 18:40:18 Map: x1: -13.558, y1: -37.856, x2: -13.769, y2: -38.318, xres: 0.020, yres: 0.020, fname: Target-A1
23.10 18:40:18 Scanning 0 point from 300
23.10 18:40:18 Going to coordinates X=-13.769, Y=-38.318
23.10 18:40:18 Moving is finished
23.10 18:43:43 Scanning 1 point from 300
23.10 18:43:43 Going to coordinates X=-13.749, Y=-38.318
23.10 18:43:43 Moving is finished
23.10 18:47:08 Scanning 2 point from 300
23.10 18:47:08 Going to coordinates X=-13.729, Y=-38.318
23.10 18:47:08 Moving is finished
23.10 18:50:32 Scanning 3 point from 300
23.10 18:50:32 Going to coordinates X=-13.709, Y=-38.318
23.10 18:50:33 Moving is finished
23.10 18:53:57 Scanning 4 point from 300
23.10 18:53:57 Going to coordinates X=-13.689, Y=-38.318
23.10 18:53:57 Moving is finished
23.10 18:57:22 Scanning 5 point from 300
23.10 18:57:22 Going to coordinates X=-13.669, Y=-38.318
23.10 18:57:22 Moving is finished
23.10 19:00:47 Scanning 6 point from 300
23.10 19:00:47 Going to coordinates X=-13.649, Y=-38.318
23.10 19:00:47 Moving is finished
23.10 19:04:12 Scanning 7 point from 300
23.10 19:04:12 Going to coordinates X=-13.629, Y=-38.318
23.10 19:04:13 Moving is finished
23.10 19:07:37 Scanning 8 point from 300
23.10 19:07:37 Going to coordinates X=-13.609, Y=-38.318
23.10 19:07:37 Moving is finished
23.10 19:11:02 Scanning 9 point from 300
23.10 19:11:02 Going to coordinates X=-13.589, Y=-38.318
23.10 19:11:02 Moving is finished
23.10 19:14:27 Scanning 10 point from 300
23.10 19:14:27 Going to coordinates X=-13.569, Y=-38.318
23.10 19:14:27 Moving is finished
23.10 19:17:51 Scanning 11 point from 300
23.10 19:17:51 Going to coordinates X=-13.549, Y=-38.318
23.10 19:17:52 Moving is finished
23.10 19:21:16 Scanning 12 point from 300
23.10 19:21:16 Going to coordinates X=-13.769, Y=-38.298
23.10 19:21:16 Moving is finished
23.10 19:24:41 Scanning 13 point from 300
23.10 19:24:41 Going to coordinates X=-13.749, Y=-38.298
23.10 19:24:41 Moving is finished
23.10 19:28:06 Scanning 14 point from 300
23.10 19:28:06 Going to coordinates X=-13.729, Y=-38.298
23.10 19:28:06 Moving is finished
23.10 19:31:30 Scanning 15 point from 300
23.10 19:31:30 Going to coordinates X=-13.709, Y=-38.298
23.10 19:31:30 Moving is finished
23.10 19:34:55 Scanning 16 point from 300
23.10 19:34:55 Going to coordinates X=-13.689, Y=-38.298
23.10 19:34:55 Moving is finished
23.10 19:38:20 Scanning 17 point from 300
23.10 19:38:20 Going to coordinates X=-13.669, Y=-38.298
23.10 19:38:20 Moving is finished
23.10 19:41:45 Scanning 18 point from 300
23.10 19:41:45 Going to coordinates X=-13.649, Y=-38.298
23.10 19:41:45 Moving is finished
23.10 19:45:10 Scanning 19 point from 300
23.10 19:45:10 Going to coordinates X=-13.629, Y=-38.298
23.10 19:45:10 Moving is finished
23.10 19:48:35 Scanning 20 point from 300
23.10 19:48:35 Going to coordinates X=-13.609, Y=-38.298
23.10 19:48:35 Moving is finished
23.10 19:51:59 Scanning 21 point from 300
23.10 19:51:59 Going to coordinates X=-13.589, Y=-38.298
23.10 19:51:59 Moving is finished
23.10 19:55:24 Scanning 22 point from 300
23.10 19:55:24 Going to coordinates X=-13.569, Y=-38.298
23.10 19:55:24 Moving is finished
23.10 19:58:49 Scanning 23 point from 300
23.10 19:58:49 Going to coordinates X=-13.549, Y=-38.298
23.10 19:58:49 Moving is finished
23.10 20:02:13 Scanning 24 point from 300
23.10 20:02:13 Going to coordinates X=-13.769, Y=-38.278
23.10 20:02:14 Moving is finished
23.10 20:05:39 Scanning 25 point from 300
23.10 20:05:39 Going to coordinates X=-13.749, Y=-38.278
23.10 20:05:39 Moving is finished
23.10 20:09:03 Scanning 26 point from 300
23.10 20:09:03 Going to coordinates X=-13.729, Y=-38.278
23.10 20:09:03 Moving is finished
23.10 20:12:29 Scanning 27 point from 300
23.10 20:12:29 Going to coordinates X=-13.709, Y=-38.278
23.10 20:12:29 Moving is finished
23.10 20:15:53 Scanning 28 point from 300
23.10 20:15:53 Going to coordinates X=-13.689, Y=-38.278
23.10 20:15:53 Moving is finished
23.10 20:19:17 Scanning 29 point from 300
23.10 20:19:17 Going to coordinates X=-13.669, Y=-38.278
23.10 20:19:18 Moving is finished
23.10 20:22:42 Scanning 30 point from 300
23.10 20:22:42 Going to coordinates X=-13.649, Y=-38.278
23.10 20:22:42 Moving is finished
23.10 20:26:07 Scanning 31 point from 300
23.10 20:26:07 Going to coordinates X=-13.629, Y=-38.278
23.10 20:26:07 Moving is finished
23.10 20:29:31 Scanning 32 point from 300
23.10 20:29:31 Going to coordinates X=-13.609, Y=-38.278
23.10 20:29:32 Moving is finished
23.10 20:32:56 Scanning 33 point from 300
23.10 20:32:56 Going to coordinates X=-13.589, Y=-38.278
23.10 20:32:56 Moving is finished
23.10 20:36:21 Scanning 34 point from 300
23.10 20:36:21 Going to coordinates X=-13.569, Y=-38.278
23.10 20:36:21 Moving is finished
23.10 20:39:45 Scanning 35 point from 300
23.10 20:39:45 Going to coordinates X=-13.549, Y=-38.278
23.10 20:39:46 Moving is finished
23.10 20:43:10 Scanning 36 point from 300
23.10 20:43:10 Going to coordinates X=-13.769, Y=-38.258
23.10 20:43:10 Moving is finished
23.10 20:46:35 Scanning 37 point from 300
23.10 20:46:35 Going to coordinates X=-13.749, Y=-38.258
23.10 20:46:36 Moving is finished
23.10 20:50:00 Scanning 38 point from 300
23.10 20:50:00 Going to coordinates X=-13.729, Y=-38.258
23.10 20:50:00 Moving is finished
23.10 20:53:25 Scanning 39 point from 300
23.10 20:53:25 Going to coordinates X=-13.709, Y=-38.258
23.10 20:53:25 Moving is finished
23.10 20:56:49 Scanning 40 point from 300
23.10 20:56:49 Going to coordinates X=-13.689, Y=-38.258
23.10 20:56:50 Moving is finished
23.10 21:00:14 Scanning 41 point from 300
23.10 21:00:14 Going to coordinates X=-13.669, Y=-38.258
23.10 21:00:14 Moving is finished
23.10 21:03:39 Scanning 42 point from 300
23.10 21:03:39 Going to coordinates X=-13.649, Y=-38.258
23.10 21:03:39 Moving is finished
23.10 21:07:03 Scanning 43 point from 300
23.10 21:07:03 Going to coordinates X=-13.629, Y=-38.258
23.10 21:07:03 Moving is finished
23.10 21:10:28 Scanning 44 point from 300
23.10 21:10:28 Going to coordinates X=-13.609, Y=-38.258
23.10 21:10:28 Moving is finished
23.10 21:13:52 Scanning 45 point from 300
23.10 21:13:52 Going to coordinates X=-13.589, Y=-38.258
23.10 21:13:53 Moving is finished
23.10 21:17:17 Scanning 46 point from 300
23.10 21:17:17 Going to coordinates X=-13.569, Y=-38.258
23.10 21:17:17 Moving is finished
23.10 21:20:42 Scanning 47 point from 300
23.10 21:20:42 Going to coordinates X=-13.549, Y=-38.258
23.10 21:20:42 Moving is finished
23.10 21:24:06 Scanning 48 point from 300
23.10 21:24:06 Going to coordinates X=-13.769, Y=-38.238
23.10 21:24:07 Moving is finished
23.10 21:27:31 Scanning 49 point from 300
23.10 21:27:31 Going to coordinates X=-13.749, Y=-38.238
23.10 21:27:32 Moving is finished
23.10 21:30:56 Scanning 50 point from 300
23.10 21:30:56 Going to coordinates X=-13.729, Y=-38.238
23.10 21:30:56 Moving is finished
23.10 21:34:20 Scanning 51 point from 300
23.10 21:34:20 Going to coordinates X=-13.709, Y=-38.238
23.10 21:34:20 Moving is finished
23.10 21:37:45 Scanning 52 point from 300
23.10 21:37:45 Going to coordinates X=-13.689, Y=-38.238
23.10 21:37:45 Moving is finished
23.10 21:41:09 Scanning 53 point from 300
23.10 21:41:09 Going to coordinates X=-13.669, Y=-38.238
23.10 21:41:10 Moving is finished
23.10 21:44:34 Scanning 54 point from 300
23.10 21:44:34 Going to coordinates X=-13.649, Y=-38.238
23.10 21:44:34 Moving is finished
23.10 21:47:59 Scanning 55 point from 300
23.10 21:47:59 Going to coordinates X=-13.629, Y=-38.238
23.10 21:47:59 Moving is finished
23.10 21:51:24 Scanning 56 point from 300
23.10 21:51:24 Going to coordinates X=-13.609, Y=-38.238
23.10 21:51:24 Moving is finished
23.10 21:54:48 Scanning 57 point from 300
23.10 21:54:48 Going to coordinates X=-13.589, Y=-38.238
23.10 21:54:49 Moving is finished
23.10 21:58:13 Scanning 58 point from 300
23.10 21:58:13 Going to coordinates X=-13.569, Y=-38.238
23.10 21:58:13 Moving is finished
23.10 22:01:38 Scanning 59 point from 300
23.10 22:01:38 Going to coordinates X=-13.549, Y=-38.238
23.10 22:01:38 Moving is finished
23.10 22:05:02 Scanning 60 point from 300
23.10 22:05:02 Going to coordinates X=-13.769, Y=-38.218
23.10 22:05:03 Moving is finished
23.10 22:08:27 Scanning 61 point from 300
23.10 22:08:27 Going to coordinates X=-13.749, Y=-38.218
23.10 22:08:27 Moving is finished
23.10 22:11:52 Scanning 62 point from 300
23.10 22:11:52 Going to coordinates X=-13.729, Y=-38.218
23.10 22:11:52 Moving is finished
23.10 22:15:18 Scanning 63 point from 300
23.10 22:15:18 Going to coordinates X=-13.709, Y=-38.218
23.10 22:15:18 Moving is finished
23.10 22:18:42 Scanning 64 point from 300
23.10 22:18:42 Going to coordinates X=-13.689, Y=-38.218
23.10 22:18:42 Moving is finished
23.10 22:22:07 Scanning 65 point from 300
23.10 22:22:07 Going to coordinates X=-13.669, Y=-38.218
23.10 22:22:07 Moving is finished
23.10 22:25:31 Scanning 66 point from 300
23.10 22:25:31 Going to coordinates X=-13.649, Y=-38.218
23.10 22:25:32 Moving is finished
23.10 22:28:56 Scanning 67 point from 300
23.10 22:28:56 Going to coordinates X=-13.629, Y=-38.218
23.10 22:28:56 Moving is finished
23.10 22:32:21 Scanning 68 point from 300
23.10 22:32:21 Going to coordinates X=-13.609, Y=-38.218
23.10 22:32:21 Moving is finished
23.10 22:35:46 Scanning 69 point from 300
23.10 22:35:46 Going to coordinates X=-13.589, Y=-38.218
23.10 22:35:46 Moving is finished
23.10 22:39:11 Scanning 70 point from 300
23.10 22:39:11 Going to coordinates X=-13.569, Y=-38.218
23.10 22:39:11 Moving is finished
23.10 22:42:36 Scanning 71 point from 300
23.10 22:42:36 Going to coordinates X=-13.549, Y=-38.218
23.10 22:42:36 Moving is finished
23.10 22:46:00 Scanning 72 point from 300
23.10 22:46:00 Going to coordinates X=-13.769, Y=-38.198
23.10 22:46:01 Moving is finished
23.10 22:49:25 Scanning 73 point from 300
23.10 22:49:25 Going to coordinates X=-13.749, Y=-38.198
23.10 22:49:26 Moving is finished
23.10 22:52:50 Scanning 74 point from 300
23.10 22:52:50 Going to coordinates X=-13.729, Y=-38.198
23.10 22:52:51 Moving is finished
23.10 22:56:15 Scanning 75 point from 300
23.10 22:56:15 Going to coordinates X=-13.709, Y=-38.198
23.10 22:56:15 Moving is finished
23.10 22:59:40 Scanning 76 point from 300
23.10 22:59:40 Going to coordinates X=-13.689, Y=-38.198
23.10 22:59:40 Moving is finished
23.10 23:03:04 Scanning 77 point from 300
23.10 23:03:04 Going to coordinates X=-13.669, Y=-38.198
23.10 23:03:05 Moving is finished
23.10 23:06:29 Scanning 78 point from 300
23.10 23:06:29 Going to coordinates X=-13.649, Y=-38.198
23.10 23:06:29 Moving is finished
23.10 23:09:54 Scanning 79 point from 300
23.10 23:09:54 Going to coordinates X=-13.629, Y=-38.198
23.10 23:09:54 Moving is finished
23.10 23:13:19 Scanning 80 point from 300
23.10 23:13:19 Going to coordinates X=-13.609, Y=-38.198
23.10 23:13:19 Moving is finished
23.10 23:16:44 Scanning 81 point from 300
23.10 23:16:44 Going to coordinates X=-13.589, Y=-38.198
23.10 23:16:44 Moving is finished
23.10 23:20:08 Scanning 82 point from 300
23.10 23:20:08 Going to coordinates X=-13.569, Y=-38.198
23.10 23:20:09 Moving is finished
23.10 23:23:33 Scanning 83 point from 300
23.10 23:23:33 Going to coordinates X=-13.549, Y=-38.198
23.10 23:23:33 Moving is finished
23.10 23:26:58 Scanning 84 point from 300
23.10 23:26:58 Going to coordinates X=-13.769, Y=-38.178
23.10 23:26:58 Moving is finished
23.10 23:30:23 Scanning 85 point from 300
23.10 23:30:23 Going to coordinates X=-13.749, Y=-38.178
23.10 23:30:24 Moving is finished
23.10 23:33:48 Scanning 86 point from 300
23.10 23:33:48 Going to coordinates X=-13.729, Y=-38.178
23.10 23:33:48 Moving is finished
23.10 23:37:13 Scanning 87 point from 300
23.10 23:37:13 Going to coordinates X=-13.709, Y=-38.178
23.10 23:37:13 Moving is finished
23.10 23:40:38 Scanning 88 point from 300
23.10 23:40:38 Going to coordinates X=-13.689, Y=-38.178
23.10 23:40:38 Moving is finished
23.10 23:44:03 Scanning 89 point from 300
23.10 23:44:03 Going to coordinates X=-13.669, Y=-38.178
23.10 23:44:03 Moving is finished
23.10 23:47:27 Scanning 90 point from 300
23.10 23:47:27 Going to coordinates X=-13.649, Y=-38.178
23.10 23:47:28 Moving is finished
23.10 23:50:52 Scanning 91 point from 300
23.10 23:50:52 Going to coordinates X=-13.629, Y=-38.178
23.10 23:50:53 Moving is finished
23.10 23:54:17 Scanning 92 point from 300
23.10 23:54:17 Going to coordinates X=-13.609, Y=-38.178
23.10 23:54:17 Moving is finished
23.10 23:57:42 Scanning 93 point from 300
23.10 23:57:42 Going to coordinates X=-13.589, Y=-38.178
23.10 23:57:42 Moving is finished
24.10 00:01:06 Scanning 94 point from 300
24.10 00:01:06 Going to coordinates X=-13.569, Y=-38.178
24.10 00:01:06 Moving is finished
24.10 00:04:31 Scanning 95 point from 300
24.10 00:04:31 Going to coordinates X=-13.549, Y=-38.178
24.10 00:04:31 Moving is finished
24.10 00:07:56 Scanning 96 point from 300
24.10 00:07:56 Going to coordinates X=-13.769, Y=-38.158
24.10 00:07:56 Moving is finished
24.10 00:11:21 Scanning 97 point from 300
24.10 00:11:21 Going to coordinates X=-13.749, Y=-38.158
24.10 00:11:21 Moving is finished
24.10 00:14:46 Scanning 98 point from 300
24.10 00:14:46 Going to coordinates X=-13.729, Y=-38.158
24.10 00:14:46 Moving is finished
24.10 00:18:10 Scanning 99 point from 300
24.10 00:18:10 Going to coordinates X=-13.709, Y=-38.158
24.10 00:18:11 Moving is finished
24.10 00:21:35 Scanning 100 point from 300
24.10 00:21:35 Going to coordinates X=-13.689, Y=-38.158
24.10 00:21:35 Moving is finished
24.10 00:25:00 Scanning 101 point from 300
24.10 00:25:00 Going to coordinates X=-13.669, Y=-38.158
24.10 00:25:00 Moving is finished
24.10 00:28:25 Scanning 102 point from 300
24.10 00:28:25 Going to coordinates X=-13.649, Y=-38.158
24.10 00:28:25 Moving is finished
24.10 00:31:50 Scanning 103 point from 300
24.10 00:31:50 Going to coordinates X=-13.629, Y=-38.158
24.10 00:31:50 Moving is finished
24.10 00:35:14 Scanning 104 point from 300
24.10 00:35:14 Going to coordinates X=-13.609, Y=-38.158
24.10 00:35:15 Moving is finished
24.10 00:38:39 Scanning 105 point from 300
24.10 00:38:39 Going to coordinates X=-13.589, Y=-38.158
24.10 00:38:39 Moving is finished
24.10 00:42:03 Scanning 106 point from 300
24.10 00:42:03 Going to coordinates X=-13.569, Y=-38.158
24.10 00:42:03 Moving is finished
24.10 00:45:28 Scanning 107 point from 300
24.10 00:45:28 Going to coordinates X=-13.549, Y=-38.158
24.10 00:45:28 Moving is finished
24.10 00:48:52 Scanning 108 point from 300
24.10 00:48:52 Going to coordinates X=-13.769, Y=-38.138
24.10 00:48:52 Moving is finished
24.10 00:52:17 Scanning 109 point from 300
24.10 00:52:17 Going to coordinates X=-13.749, Y=-38.138
24.10 00:52:17 Moving is finished
24.10 00:55:42 Scanning 110 point from 300
24.10 00:55:42 Going to coordinates X=-13.729, Y=-38.138
24.10 00:55:42 Moving is finished
24.10 00:59:07 Scanning 111 point from 300
24.10 00:59:07 Going to coordinates X=-13.709, Y=-38.138
24.10 00:59:07 Moving is finished
24.10 01:02:32 Scanning 112 point from 300
24.10 01:02:32 Going to coordinates X=-13.689, Y=-38.138
24.10 01:02:32 Moving is finished
24.10 01:05:57 Scanning 113 point from 300
24.10 01:05:57 Going to coordinates X=-13.669, Y=-38.138
24.10 01:05:57 Moving is finished
24.10 01:09:21 Scanning 114 point from 300
24.10 01:09:21 Going to coordinates X=-13.649, Y=-38.138
24.10 01:09:21 Moving is finished
24.10 01:12:46 Scanning 115 point from 300
24.10 01:12:46 Going to coordinates X=-13.629, Y=-38.138
24.10 01:12:47 Moving is finished
24.10 01:16:11 Scanning 116 point from 300
24.10 01:16:11 Going to coordinates X=-13.609, Y=-38.138
24.10 01:16:11 Moving is finished
24.10 01:19:36 Scanning 117 point from 300
24.10 01:19:36 Going to coordinates X=-13.589, Y=-38.138
24.10 01:19:36 Moving is finished
24.10 01:23:00 Scanning 118 point from 300
24.10 01:23:00 Going to coordinates X=-13.569, Y=-38.138
24.10 01:23:01 Moving is finished
24.10 01:26:25 Scanning 119 point from 300
24.10 01:26:25 Going to coordinates X=-13.549, Y=-38.138
24.10 01:26:25 Moving is finished
24.10 01:29:50 Scanning 120 point from 300
24.10 01:29:50 Going to coordinates X=-13.769, Y=-38.118
24.10 01:29:50 Moving is finished
24.10 01:33:15 Scanning 121 point from 300
24.10 01:33:15 Going to coordinates X=-13.749, Y=-38.118
24.10 01:33:15 Moving is finished
24.10 01:36:40 Scanning 122 point from 300
24.10 01:36:40 Going to coordinates X=-13.729, Y=-38.118
24.10 01:36:40 Moving is finished
24.10 01:40:05 Scanning 123 point from 300
24.10 01:40:05 Going to coordinates X=-13.709, Y=-38.118
24.10 01:40:05 Moving is finished
24.10 01:43:29 Scanning 124 point from 300
24.10 01:43:29 Going to coordinates X=-13.689, Y=-38.118
24.10 01:43:30 Moving is finished
24.10 01:46:54 Scanning 125 point from 300
24.10 01:46:54 Going to coordinates X=-13.669, Y=-38.118
24.10 01:46:54 Moving is finished
24.10 01:50:18 Scanning 126 point from 300
24.10 01:50:18 Going to coordinates X=-13.649, Y=-38.118
24.10 01:50:19 Moving is finished
24.10 01:53:43 Scanning 127 point from 300
24.10 01:53:43 Going to coordinates X=-13.629, Y=-38.118
24.10 01:53:43 Moving is finished
24.10 01:57:08 Scanning 128 point from 300
24.10 01:57:08 Going to coordinates X=-13.609, Y=-38.118
24.10 01:57:08 Moving is finished
24.10 02:00:32 Scanning 129 point from 300
24.10 02:00:32 Going to coordinates X=-13.589, Y=-38.118
24.10 02:00:33 Moving is finished
24.10 02:03:58 Scanning 130 point from 300
24.10 02:03:58 Going to coordinates X=-13.569, Y=-38.118
24.10 02:03:58 Moving is finished
24.10 02:07:22 Scanning 131 point from 300
24.10 02:07:22 Going to coordinates X=-13.549, Y=-38.118
24.10 02:07:22 Moving is finished
24.10 02:10:47 Scanning 132 point from 300
24.10 02:10:47 Going to coordinates X=-13.769, Y=-38.098
24.10 02:10:47 Moving is finished
24.10 02:14:12 Scanning 133 point from 300
24.10 02:14:12 Going to coordinates X=-13.749, Y=-38.098
24.10 02:14:12 Moving is finished
24.10 02:17:37 Scanning 134 point from 300
24.10 02:17:37 Going to coordinates X=-13.729, Y=-38.098
24.10 02:17:38 Moving is finished
24.10 02:21:02 Scanning 135 point from 300
24.10 02:21:02 Going to coordinates X=-13.709, Y=-38.098
24.10 02:21:02 Moving is finished
24.10 02:24:26 Scanning 136 point from 300
24.10 02:24:26 Going to coordinates X=-13.689, Y=-38.098
24.10 02:24:26 Moving is finished
24.10 02:27:51 Scanning 137 point from 300
24.10 02:27:51 Going to coordinates X=-13.669, Y=-38.098
24.10 02:27:51 Moving is finished
24.10 02:31:16 Scanning 138 point from 300
24.10 02:31:16 Going to coordinates X=-13.649, Y=-38.098
24.10 02:31:16 Moving is finished
24.10 02:34:40 Scanning 139 point from 300
24.10 02:34:40 Going to coordinates X=-13.629, Y=-38.098
24.10 02:34:40 Moving is finished
24.10 02:38:05 Scanning 140 point from 300
24.10 02:38:05 Going to coordinates X=-13.609, Y=-38.098
24.10 02:38:05 Moving is finished
24.10 02:41:30 Scanning 141 point from 300
24.10 02:41:30 Going to coordinates X=-13.589, Y=-38.098
24.10 02:41:30 Moving is finished
24.10 02:44:54 Scanning 142 point from 300
24.10 02:44:54 Going to coordinates X=-13.569, Y=-38.098
24.10 02:44:54 Moving is finished
24.10 02:48:19 Scanning 143 point from 300
24.10 02:48:19 Going to coordinates X=-13.549, Y=-38.098
24.10 02:48:19 Moving is finished
24.10 02:51:44 Scanning 144 point from 300
24.10 02:51:44 Going to coordinates X=-13.769, Y=-38.078
24.10 02:51:44 Moving is finished
24.10 02:55:08 Scanning 145 point from 300
24.10 02:55:08 Going to coordinates X=-13.749, Y=-38.078
24.10 02:55:08 Moving is finished
24.10 02:58:33 Scanning 146 point from 300
24.10 02:58:33 Going to coordinates X=-13.729, Y=-38.078
24.10 02:58:34 Moving is finished
24.10 03:01:59 Scanning 147 point from 300
24.10 03:01:59 Going to coordinates X=-13.709, Y=-38.078
24.10 03:01:59 Moving is finished
24.10 03:05:24 Scanning 148 point from 300
24.10 03:05:24 Going to coordinates X=-13.689, Y=-38.078
24.10 03:05:24 Moving is finished
24.10 03:08:48 Scanning 149 point from 300
24.10 03:08:48 Going to coordinates X=-13.669, Y=-38.078
24.10 03:08:49 Moving is finished
24.10 03:12:13 Scanning 150 point from 300
24.10 03:12:13 Going to coordinates X=-13.649, Y=-38.078
24.10 03:12:13 Moving is finished
24.10 03:15:38 Scanning 151 point from 300
24.10 03:15:38 Going to coordinates X=-13.629, Y=-38.078
24.10 03:15:38 Moving is finished
24.10 03:19:03 Scanning 152 point from 300
24.10 03:19:03 Going to coordinates X=-13.609, Y=-38.078
24.10 03:19:03 Moving is finished
24.10 03:22:27 Scanning 153 point from 300
24.10 03:22:27 Going to coordinates X=-13.589, Y=-38.078
24.10 03:22:27 Moving is finished
24.10 03:25:52 Scanning 154 point from 300
24.10 03:25:52 Going to coordinates X=-13.569, Y=-38.078
24.10 03:25:52 Moving is finished
24.10 03:29:16 Scanning 155 point from 300
24.10 03:29:16 Going to coordinates X=-13.549, Y=-38.078
24.10 03:29:17 Moving is finished
24.10 03:32:42 Scanning 156 point from 300
24.10 03:32:42 Going to coordinates X=-13.769, Y=-38.058
24.10 03:32:42 Moving is finished
24.10 03:36:07 Scanning 157 point from 300
24.10 03:36:07 Going to coordinates X=-13.749, Y=-38.058
24.10 03:36:07 Moving is finished
24.10 03:39:32 Scanning 158 point from 300
24.10 03:39:32 Going to coordinates X=-13.729, Y=-38.058
24.10 03:39:32 Moving is finished
24.10 03:42:56 Scanning 159 point from 300
24.10 03:42:56 Going to coordinates X=-13.709, Y=-38.058
24.10 03:42:57 Moving is finished
24.10 03:46:21 Scanning 160 point from 300
24.10 03:46:21 Going to coordinates X=-13.689, Y=-38.058
24.10 03:46:21 Moving is finished
24.10 03:49:46 Scanning 161 point from 300
24.10 03:49:46 Going to coordinates X=-13.669, Y=-38.058
24.10 03:49:46 Moving is finished
24.10 03:53:11 Scanning 162 point from 300
24.10 03:53:11 Going to coordinates X=-13.649, Y=-38.058
24.10 03:53:11 Moving is finished
24.10 03:56:36 Scanning 163 point from 300
24.10 03:56:36 Going to coordinates X=-13.629, Y=-38.058
24.10 03:56:36 Moving is finished
24.10 04:00:01 Scanning 164 point from 300
24.10 04:00:01 Going to coordinates X=-13.609, Y=-38.058
24.10 04:00:01 Moving is finished
24.10 04:03:26 Scanning 165 point from 300
24.10 04:03:26 Going to coordinates X=-13.589, Y=-38.058
24.10 04:03:26 Moving is finished
24.10 04:06:50 Scanning 166 point from 300
24.10 04:06:50 Going to coordinates X=-13.569, Y=-38.058
24.10 04:06:51 Moving is finished
24.10 04:10:15 Scanning 167 point from 300
24.10 04:10:15 Going to coordinates X=-13.549, Y=-38.058
24.10 04:10:15 Moving is finished
24.10 04:13:40 Scanning 168 point from 300
24.10 04:13:40 Going to coordinates X=-13.769, Y=-38.038
24.10 04:13:40 Moving is finished
24.10 04:17:05 Scanning 169 point from 300
24.10 04:17:05 Going to coordinates X=-13.749, Y=-38.038
24.10 04:17:05 Moving is finished
24.10 04:20:30 Scanning 170 point from 300
24.10 04:20:30 Going to coordinates X=-13.729, Y=-38.038
24.10 04:20:30 Moving is finished
24.10 04:23:54 Scanning 171 point from 300
24.10 04:23:54 Going to coordinates X=-13.709, Y=-38.038
24.10 04:23:54 Moving is finished
24.10 04:27:19 Scanning 172 point from 300
24.10 04:27:19 Going to coordinates X=-13.689, Y=-38.038
24.10 04:27:19 Moving is finished
24.10 04:30:44 Scanning 173 point from 300
24.10 04:30:44 Going to coordinates X=-13.669, Y=-38.038
24.10 04:30:44 Moving is finished
24.10 04:34:08 Scanning 174 point from 300
24.10 04:34:08 Going to coordinates X=-13.649, Y=-38.038
24.10 04:34:09 Moving is finished
24.10 04:37:33 Scanning 175 point from 300
24.10 04:37:33 Going to coordinates X=-13.629, Y=-38.038
24.10 04:37:33 Moving is finished
24.10 04:40:58 Scanning 176 point from 300
24.10 04:40:58 Going to coordinates X=-13.609, Y=-38.038
24.10 04:40:58 Moving is finished
24.10 04:44:23 Scanning 177 point from 300
24.10 04:44:23 Going to coordinates X=-13.589, Y=-38.038
24.10 04:44:23 Moving is finished
24.10 04:47:48 Scanning 178 point from 300
24.10 04:47:48 Going to coordinates X=-13.569, Y=-38.038
24.10 04:47:48 Moving is finished
24.10 04:51:13 Scanning 179 point from 300
24.10 04:51:13 Going to coordinates X=-13.549, Y=-38.038
24.10 04:51:13 Moving is finished
24.10 04:54:38 Scanning 180 point from 300
24.10 04:54:38 Going to coordinates X=-13.769, Y=-38.018
24.10 04:54:38 Moving is finished
24.10 04:58:02 Scanning 181 point from 300
24.10 04:58:02 Going to coordinates X=-13.749, Y=-38.018
24.10 04:58:03 Moving is finished
24.10 05:01:27 Scanning 182 point from 300
24.10 05:01:27 Going to coordinates X=-13.729, Y=-38.018
24.10 05:01:27 Moving is finished
24.10 05:04:52 Scanning 183 point from 300
24.10 05:04:52 Going to coordinates X=-13.709, Y=-38.018
24.10 05:04:52 Moving is finished
24.10 05:08:17 Scanning 184 point from 300
24.10 05:08:17 Going to coordinates X=-13.689, Y=-38.018
24.10 05:08:17 Moving is finished
24.10 05:11:42 Scanning 185 point from 300
24.10 05:11:42 Going to coordinates X=-13.669, Y=-38.018
24.10 05:11:42 Moving is finished
24.10 05:15:07 Scanning 186 point from 300
24.10 05:15:07 Going to coordinates X=-13.649, Y=-38.018
24.10 05:15:07 Moving is finished
24.10 05:18:32 Scanning 187 point from 300
24.10 05:18:32 Going to coordinates X=-13.629, Y=-38.018
24.10 05:18:32 Moving is finished
24.10 05:21:56 Scanning 188 point from 300
24.10 05:21:56 Going to coordinates X=-13.609, Y=-38.018
24.10 05:21:56 Moving is finished
24.10 05:25:21 Scanning 189 point from 300
24.10 05:25:21 Going to coordinates X=-13.589, Y=-38.018
24.10 05:25:21 Moving is finished
24.10 05:28:45 Scanning 190 point from 300
24.10 05:28:45 Going to coordinates X=-13.569, Y=-38.018
24.10 05:28:45 Moving is finished
24.10 05:32:10 Scanning 191 point from 300
24.10 05:32:10 Going to coordinates X=-13.549, Y=-38.018
24.10 05:32:10 Moving is finished
24.10 05:35:34 Scanning 192 point from 300
24.10 05:35:34 Going to coordinates X=-13.769, Y=-37.998
24.10 05:35:35 Moving is finished
24.10 05:38:59 Scanning 193 point from 300
24.10 05:38:59 Going to coordinates X=-13.749, Y=-37.998
24.10 05:39:00 Moving is finished
24.10 05:42:24 Scanning 194 point from 300
24.10 05:42:24 Going to coordinates X=-13.729, Y=-37.998
24.10 05:42:24 Moving is finished
24.10 05:45:49 Scanning 195 point from 300
24.10 05:45:49 Going to coordinates X=-13.709, Y=-37.998
24.10 05:45:49 Moving is finished
24.10 05:49:14 Scanning 196 point from 300
24.10 05:49:14 Going to coordinates X=-13.689, Y=-37.998
24.10 05:49:14 Moving is finished
24.10 05:52:38 Scanning 197 point from 300
24.10 05:52:38 Going to coordinates X=-13.669, Y=-37.998
24.10 05:52:38 Moving is finished
24.10 05:56:03 Scanning 198 point from 300
24.10 05:56:03 Going to coordinates X=-13.649, Y=-37.998
24.10 05:56:03 Moving is finished
24.10 05:59:28 Scanning 199 point from 300
24.10 05:59:28 Going to coordinates X=-13.629, Y=-37.998
24.10 05:59:28 Moving is finished
24.10 06:02:53 Scanning 200 point from 300
24.10 06:02:53 Going to coordinates X=-13.609, Y=-37.998
24.10 06:02:53 Moving is finished
24.10 06:06:17 Scanning 201 point from 300
24.10 06:06:17 Going to coordinates X=-13.589, Y=-37.998
24.10 06:06:18 Moving is finished
24.10 06:09:42 Scanning 202 point from 300
24.10 06:09:42 Going to coordinates X=-13.569, Y=-37.998
24.10 06:09:42 Moving is finished
24.10 06:13:07 Scanning 203 point from 300
24.10 06:13:07 Going to coordinates X=-13.549, Y=-37.998
24.10 06:13:07 Moving is finished
24.10 06:16:32 Scanning 204 point from 300
24.10 06:16:32 Going to coordinates X=-13.769, Y=-37.978
24.10 06:16:32 Moving is finished
24.10 06:19:57 Scanning 205 point from 300
24.10 06:19:57 Going to coordinates X=-13.749, Y=-37.978
24.10 06:19:57 Moving is finished
24.10 06:23:21 Scanning 206 point from 300
24.10 06:23:21 Going to coordinates X=-13.729, Y=-37.978
24.10 06:23:22 Moving is finished
24.10 06:26:46 Scanning 207 point from 300
24.10 06:26:46 Going to coordinates X=-13.709, Y=-37.978
24.10 06:26:46 Moving is finished
24.10 06:30:11 Scanning 208 point from 300
24.10 06:30:11 Going to coordinates X=-13.689, Y=-37.978
24.10 06:30:11 Moving is finished
24.10 06:33:35 Scanning 209 point from 300
24.10 06:33:35 Going to coordinates X=-13.669, Y=-37.978
24.10 06:33:36 Moving is finished
24.10 06:37:00 Scanning 210 point from 300
24.10 06:37:00 Going to coordinates X=-13.649, Y=-37.978
24.10 06:37:00 Moving is finished
24.10 06:40:25 Scanning 211 point from 300
24.10 06:40:25 Going to coordinates X=-13.629, Y=-37.978
24.10 06:40:25 Moving is finished
24.10 06:43:49 Scanning 212 point from 300
24.10 06:43:49 Going to coordinates X=-13.609, Y=-37.978
24.10 06:43:50 Moving is finished
24.10 06:47:14 Scanning 213 point from 300
24.10 06:47:14 Going to coordinates X=-13.589, Y=-37.978
24.10 06:47:14 Moving is finished
24.10 06:50:39 Scanning 214 point from 300
24.10 06:50:39 Going to coordinates X=-13.569, Y=-37.978
24.10 06:50:39 Moving is finished
24.10 06:54:03 Scanning 215 point from 300
24.10 06:54:03 Going to coordinates X=-13.549, Y=-37.978
24.10 06:54:04 Moving is finished
24.10 06:57:29 Scanning 216 point from 300
24.10 06:57:29 Going to coordinates X=-13.769, Y=-37.958
24.10 06:57:29 Moving is finished
24.10 07:00:53 Scanning 217 point from 300
24.10 07:00:53 Going to coordinates X=-13.749, Y=-37.958
24.10 07:00:53 Moving is finished
24.10 07:04:18 Scanning 218 point from 300
24.10 07:04:18 Going to coordinates X=-13.729, Y=-37.958
24.10 07:04:18 Moving is finished
24.10 07:07:43 Scanning 219 point from 300
24.10 07:07:43 Going to coordinates X=-13.709, Y=-37.958
24.10 07:07:43 Moving is finished
24.10 07:11:07 Scanning 220 point from 300
24.10 07:11:07 Going to coordinates X=-13.689, Y=-37.958
24.10 07:11:07 Moving is finished
24.10 07:14:32 Scanning 221 point from 300
24.10 07:14:32 Going to coordinates X=-13.669, Y=-37.958
24.10 07:14:33 Moving is finished
24.10 07:17:57 Scanning 222 point from 300
24.10 07:17:57 Going to coordinates X=-13.649, Y=-37.958
24.10 07:17:57 Moving is finished
24.10 07:21:22 Scanning 223 point from 300
24.10 07:21:22 Going to coordinates X=-13.629, Y=-37.958
24.10 07:21:22 Moving is finished
24.10 07:24:46 Scanning 224 point from 300
24.10 07:24:46 Going to coordinates X=-13.609, Y=-37.958
24.10 07:24:46 Moving is finished
24.10 07:28:11 Scanning 225 point from 300
24.10 07:28:11 Going to coordinates X=-13.589, Y=-37.958
24.10 07:28:11 Moving is finished
24.10 07:31:36 Scanning 226 point from 300
24.10 07:31:36 Going to coordinates X=-13.569, Y=-37.958
24.10 07:31:37 Moving is finished
24.10 07:35:01 Scanning 227 point from 300
24.10 07:35:01 Going to coordinates X=-13.549, Y=-37.958
24.10 07:35:01 Moving is finished
24.10 07:38:26 Scanning 228 point from 300
24.10 07:38:26 Going to coordinates X=-13.769, Y=-37.938
24.10 07:38:26 Moving is finished
24.10 07:41:51 Scanning 229 point from 300
24.10 07:41:51 Going to coordinates X=-13.749, Y=-37.938
24.10 07:41:51 Moving is finished
24.10 07:45:15 Scanning 230 point from 300
24.10 07:45:15 Going to coordinates X=-13.729, Y=-37.938
24.10 07:45:15 Moving is finished
24.10 07:48:40 Scanning 231 point from 300
24.10 07:48:40 Going to coordinates X=-13.709, Y=-37.938
24.10 07:48:40 Moving is finished
24.10 07:52:04 Scanning 232 point from 300
24.10 07:52:04 Going to coordinates X=-13.689, Y=-37.938
24.10 07:52:05 Moving is finished
24.10 07:55:29 Scanning 233 point from 300
24.10 07:55:29 Going to coordinates X=-13.669, Y=-37.938
24.10 07:55:29 Moving is finished
24.10 07:58:53 Scanning 234 point from 300
24.10 07:58:53 Going to coordinates X=-13.649, Y=-37.938
24.10 07:58:54 Moving is finished
24.10 08:02:18 Scanning 235 point from 300
24.10 08:02:18 Going to coordinates X=-13.629, Y=-37.938
24.10 08:02:18 Moving is finished
24.10 08:05:43 Scanning 236 point from 300
24.10 08:05:43 Going to coordinates X=-13.609, Y=-37.938
24.10 08:05:43 Moving is finished
24.10 08:09:08 Scanning 237 point from 300
24.10 08:09:08 Going to coordinates X=-13.589, Y=-37.938
24.10 08:09:08 Moving is finished
24.10 08:12:32 Scanning 238 point from 300
24.10 08:12:32 Going to coordinates X=-13.569, Y=-37.938
24.10 08:12:32 Moving is finished
24.10 08:15:57 Scanning 239 point from 300
24.10 08:15:57 Going to coordinates X=-13.549, Y=-37.938
24.10 08:15:57 Moving is finished
24.10 08:19:21 Scanning 240 point from 300
24.10 08:19:21 Going to coordinates X=-13.769, Y=-37.918
24.10 08:19:22 Moving is finished
24.10 08:22:47 Scanning 241 point from 300
24.10 08:22:47 Going to coordinates X=-13.749, Y=-37.918
24.10 08:22:47 Moving is finished
24.10 08:26:11 Scanning 242 point from 300
24.10 08:26:11 Going to coordinates X=-13.729, Y=-37.918
24.10 08:26:12 Moving is finished
24.10 08:29:36 Scanning 243 point from 300
24.10 08:29:36 Going to coordinates X=-13.709, Y=-37.918
24.10 08:29:36 Moving is finished
24.10 08:33:01 Scanning 244 point from 300
24.10 08:33:01 Going to coordinates X=-13.689, Y=-37.918
24.10 08:33:02 Moving is finished
24.10 08:36:26 Scanning 245 point from 300
24.10 08:36:26 Going to coordinates X=-13.669, Y=-37.918
24.10 08:36:26 Moving is finished
24.10 08:39:51 Scanning 246 point from 300
24.10 08:39:51 Going to coordinates X=-13.649, Y=-37.918
24.10 08:39:51 Moving is finished
24.10 08:43:15 Scanning 247 point from 300
24.10 08:43:15 Going to coordinates X=-13.629, Y=-37.918
24.10 08:43:16 Moving is finished
24.10 08:46:40 Scanning 248 point from 300
24.10 08:46:40 Going to coordinates X=-13.609, Y=-37.918
24.10 08:46:40 Moving is finished
24.10 08:50:05 Scanning 249 point from 300
24.10 08:50:05 Going to coordinates X=-13.589, Y=-37.918
24.10 08:50:05 Moving is finished
24.10 08:53:29 Scanning 250 point from 300
24.10 08:53:29 Going to coordinates X=-13.569, Y=-37.918
24.10 08:53:30 Moving is finished
24.10 08:56:54 Scanning 251 point from 300
24.10 08:56:54 Going to coordinates X=-13.549, Y=-37.918
24.10 08:56:55 Moving is finished
24.10 09:00:19 Scanning 252 point from 300
24.10 09:00:19 Going to coordinates X=-13.769, Y=-37.898
24.10 09:00:19 Moving is finished
24.10 09:03:44 Scanning 253 point from 300
24.10 09:03:44 Going to coordinates X=-13.749, Y=-37.898
24.10 09:03:44 Moving is finished
24.10 09:07:09 Scanning 254 point from 300
24.10 09:07:09 Going to coordinates X=-13.729, Y=-37.898
24.10 09:07:09 Moving is finished
24.10 09:10:33 Scanning 255 point from 300
24.10 09:10:33 Going to coordinates X=-13.709, Y=-37.898
24.10 09:10:34 Moving is finished
24.10 09:13:58 Scanning 256 point from 300
24.10 09:13:58 Going to coordinates X=-13.689, Y=-37.898
24.10 09:13:58 Moving is finished
24.10 09:17:24 Scanning 257 point from 300
24.10 09:17:24 Going to coordinates X=-13.669, Y=-37.898
24.10 09:17:24 Moving is finished
24.10 09:20:48 Scanning 258 point from 300
24.10 09:20:48 Going to coordinates X=-13.649, Y=-37.898
24.10 09:20:48 Moving is finished
24.10 09:24:13 Scanning 259 point from 300
24.10 09:24:13 Going to coordinates X=-13.629, Y=-37.898
24.10 09:24:13 Moving is finished
24.10 09:27:38 Scanning 260 point from 300
24.10 09:27:38 Going to coordinates X=-13.609, Y=-37.898
24.10 09:27:38 Moving is finished
24.10 09:31:03 Scanning 261 point from 300
24.10 09:31:03 Going to coordinates X=-13.589, Y=-37.898
24.10 09:31:03 Moving is finished
24.10 09:34:28 Scanning 262 point from 300
24.10 09:34:28 Going to coordinates X=-13.569, Y=-37.898
24.10 09:34:28 Moving is finished
24.10 09:37:52 Scanning 263 point from 300
24.10 09:37:52 Going to coordinates X=-13.549, Y=-37.898
24.10 09:37:52 Moving is finished
24.10 09:41:17 Scanning 264 point from 300
24.10 09:41:17 Going to coordinates X=-13.769, Y=-37.878
24.10 09:41:17 Moving is finished
24.10 09:43:08 (-2147467259, 'Nespecifikovaná chyba', (None, None, None, 0, None))
24.10 09:43:08 Stopped!
