07.05 14:01:44 Initializing grbl...
07.05 14:01:45 Got the response: b''
07.05 14:03:49 Can't send the command to GRBL
07.05 14:03:49 Write timeout07.05 14:03:49 Write timeout
07.05 14:04:41 Can't send the command to GRBL
07.05 14:04:41 Write timeout07.05 14:04:41 Write timeout

07.05 14:34:03 Can't send the command to GRBL
07.05 14:34:03 Write timeout07.05 14:34:03 Write timeout

07.05 16:22:57 Row 0: 07.05 16:22:57 Goto: -26.946; -37.155; 0.000
07.05 16:22:58 Going to coordinates X=-26.946, Y=-37.155
07.05 16:23:05 Stopped!
07.05 16:23:13 Row 0: 07.05 16:23:13 Goto: -26.946; -37.155; 0.000
07.05 16:23:16 Stopped!
07.05 16:26:29 Can't send the command to GRBL
07.05 16:26:29 Write timeout07.05 16:26:29 Write timeout

07.05 16:27:08 Row 0: 07.05 16:27:08 Goto: -27.873; -38.021; 0.000
07.05 16:27:08 Going to coordinates X=-27.873, Y=-38.021
07.05 16:27:08 Moving is finished
07.05 16:27:09 Row 1: 07.05 16:27:09 Raman: c3bez
07.05 16:27:09 Starting signal collection to the file c3bez
07.05 16:27:14 {'best_match': 'EZRaman Reader  V8.2.0 MV', 'backend': 'uia', 'process': 3912}
07.05 16:27:14 Stopped!
