02.07 10:44:10 Initializing grbl...
02.07 10:44:10 Got the response: b''
02.07 10:46:38 Row 0: 02.07 10:46:38 Map: x1: -26.634, y1: -39.959, x2: -25.751, y2: -39.67, xres: 0.100, yres: 0.100, fname: mof_12
02.07 10:46:38 Scanning 0 point from 40
02.07 10:46:38 Going to coordinates X=-26.634, Y=-39.959
02.07 10:46:39 Moving is finished
02.07 10:48:47 Scanning 1 point from 40
02.07 10:48:47 Going to coordinates X=-26.534, Y=-39.959
02.07 10:48:47 Moving is finished
02.07 10:50:55 Scanning 2 point from 40
02.07 10:50:55 Going to coordinates X=-26.434, Y=-39.959
02.07 10:50:55 Moving is finished
02.07 10:53:02 Scanning 3 point from 40
02.07 10:53:02 Going to coordinates X=-26.334, Y=-39.959
02.07 10:53:03 Moving is finished
02.07 10:55:10 Scanning 4 point from 40
02.07 10:55:10 Going to coordinates X=-26.234, Y=-39.959
02.07 10:55:10 Moving is finished
02.07 10:57:18 Scanning 5 point from 40
02.07 10:57:18 Going to coordinates X=-26.134, Y=-39.959
02.07 10:57:18 Moving is finished
02.07 10:59:26 Scanning 6 point from 40
02.07 10:59:26 Going to coordinates X=-26.034, Y=-39.959
02.07 10:59:26 Moving is finished
02.07 11:01:34 Scanning 7 point from 40
02.07 11:01:34 Going to coordinates X=-25.934, Y=-39.959
02.07 11:01:34 Moving is finished
02.07 11:02:57 Could not find 'EZRaman Reader  V8.2.0 MV' in 'dict_keys([])'
02.07 11:03:02 Could not find 'EZRaman Reader  V8.2.0 MV' in 'dict_keys([])'
02.07 11:03:02 Scanning 8 point from 40
02.07 11:03:02 Going to coordinates X=-25.834, Y=-39.959
02.07 11:03:03 Moving is finished
02.07 11:03:09 Could not find 'EZRaman Reader  V8.2.0 MV' in 'dict_keys([])'
02.07 11:03:14 Could not find 'EZRaman Reader  V8.2.0 MV' in 'dict_keys([])'
02.07 11:03:15 Scanning 9 point from 40
02.07 11:03:15 Going to coordinates X=-25.734, Y=-39.959
02.07 11:03:15 Moving is finished
02.07 11:03:21 Could not find 'EZRaman Reader  V8.2.0 MV' in 'dict_keys([])'
02.07 11:03:26 Could not find 'EZRaman Reader  V8.2.0 MV' in 'dict_keys([])'
02.07 11:03:26 Scanning 10 point from 40
02.07 11:03:26 Going to coordinates X=-26.634, Y=-39.859
02.07 11:03:27 Moving is finished
02.07 11:03:33 Could not find 'EZRaman Reader  V8.2.0 MV' in 'dict_keys([])'
02.07 11:03:38 Could not find 'EZRaman Reader  V8.2.0 MV' in 'dict_keys([])'
02.07 11:03:39 Scanning 11 point from 40
02.07 11:03:39 Going to coordinates X=-26.534, Y=-39.859
02.07 11:03:39 Moving is finished
02.07 11:03:45 Could not find 'EZRaman Reader  V8.2.0 MV' in 'dict_keys([])'
02.07 11:03:50 Could not find 'EZRaman Reader  V8.2.0 MV' in 'dict_keys([])'
02.07 11:03:50 Scanning 12 point from 40
02.07 11:03:50 Going to coordinates X=-26.434, Y=-39.859
02.07 11:03:50 Moving is finished
02.07 11:03:57 Could not find 'EZRaman Reader  V8.2.0 MV' in 'dict_keys([])'
02.07 11:04:02 Could not find 'EZRaman Reader  V8.2.0 MV' in 'dict_keys([])'
02.07 11:04:02 Scanning 13 point from 40
02.07 11:04:02 Going to coordinates X=-26.334, Y=-39.859
02.07 11:04:02 Moving is finished
02.07 11:04:08 Could not find 'EZRaman Reader  V8.2.0 MV' in 'dict_keys([])'
02.07 11:04:13 Could not find 'EZRaman Reader  V8.2.0 MV' in 'dict_keys([])'
02.07 11:04:13 Scanning 14 point from 40
02.07 11:04:13 Going to coordinates X=-26.234, Y=-39.859
02.07 11:04:13 Moving is finished
02.07 11:04:20 Could not find 'EZRaman Reader  V8.2.0 MV' in 'dict_keys([])'
02.07 11:04:25 Could not find 'EZRaman Reader  V8.2.0 MV' in 'dict_keys([])'
02.07 11:04:25 Scanning 15 point from 40
02.07 11:04:25 Going to coordinates X=-26.134, Y=-39.859
02.07 11:04:25 Moving is finished
02.07 11:04:31 Could not find 'EZRaman Reader  V8.2.0 MV' in 'dict_keys([])'
02.07 11:04:36 Could not find 'EZRaman Reader  V8.2.0 MV' in 'dict_keys([])'
02.07 11:04:36 Scanning 16 point from 40
02.07 11:04:36 Going to coordinates X=-26.034, Y=-39.859
02.07 11:04:37 Moving is finished
02.07 11:04:43 Could not find 'EZRaman Reader  V8.2.0 MV' in 'dict_keys([])'
02.07 11:04:48 Could not find 'EZRaman Reader  V8.2.0 MV' in 'dict_keys([])'
02.07 11:04:48 Scanning 17 point from 40
02.07 11:04:48 Going to coordinates X=-25.934, Y=-39.859
02.07 11:04:48 Moving is finished
02.07 11:04:54 Could not find 'EZRaman Reader  V8.2.0 MV' in 'dict_keys([])'
02.07 11:04:59 Could not find 'EZRaman Reader  V8.2.0 MV' in 'dict_keys([])'
02.07 11:04:59 Scanning 18 point from 40
02.07 11:04:59 Going to coordinates X=-25.834, Y=-39.859
02.07 11:05:00 Moving is finished
02.07 11:05:06 Could not find 'EZRaman Reader  V8.2.0 MV' in 'dict_keys([])'
02.07 11:05:11 Could not find 'EZRaman Reader  V8.2.0 MV' in 'dict_keys([])'
02.07 11:05:11 Scanning 19 point from 40
02.07 11:05:11 Going to coordinates X=-25.734, Y=-39.859
02.07 11:05:11 Moving is finished
02.07 11:05:17 Could not find 'EZRaman Reader  V8.2.0 MV' in 'dict_keys([])'
02.07 11:05:22 Could not find 'EZRaman Reader  V8.2.0 MV' in 'dict_keys([])'
02.07 11:05:23 Scanning 20 point from 40
02.07 11:05:23 Going to coordinates X=-26.634, Y=-39.759
02.07 11:05:23 Moving is finished
02.07 11:05:29 Could not find 'EZRaman Reader  V8.2.0 MV' in 'dict_keys([])'
02.07 11:05:34 Could not find 'EZRaman Reader  V8.2.0 MV' in 'dict_keys([])'
02.07 11:05:34 Scanning 21 point from 40
02.07 11:05:34 Going to coordinates X=-26.534, Y=-39.759
02.07 11:05:35 Moving is finished
02.07 11:05:41 Could not find 'EZRaman Reader  V8.2.0 MV' in 'dict_keys([])'
02.07 11:05:46 Could not find 'EZRaman Reader  V8.2.0 MV' in 'dict_keys([])'
02.07 11:05:46 Scanning 22 point from 40
02.07 11:05:46 Going to coordinates X=-26.434, Y=-39.759
02.07 11:05:46 Moving is finished
02.07 11:05:52 Could not find 'EZRaman Reader  V8.2.0 MV' in 'dict_keys([])'
02.07 11:05:57 Could not find 'EZRaman Reader  V8.2.0 MV' in 'dict_keys([])'
02.07 11:05:57 Scanning 23 point from 40
02.07 11:05:57 Going to coordinates X=-26.334, Y=-39.759
02.07 11:05:58 Moving is finished
02.07 11:06:04 Could not find 'EZRaman Reader  V8.2.0 MV' in 'dict_keys([])'
02.07 11:06:09 Could not find 'EZRaman Reader  V8.2.0 MV' in 'dict_keys([])'
02.07 11:06:09 Scanning 24 point from 40
02.07 11:06:09 Going to coordinates X=-26.234, Y=-39.759
02.07 11:06:09 Moving is finished
02.07 11:06:15 Could not find 'EZRaman Reader  V8.2.0 MV' in 'dict_keys([])'
02.07 11:06:20 Could not find 'EZRaman Reader  V8.2.0 MV' in 'dict_keys([])'
02.07 11:06:21 Scanning 25 point from 40
02.07 11:06:21 Going to coordinates X=-26.134, Y=-39.759
02.07 11:06:21 Moving is finished
02.07 11:06:27 Could not find 'EZRaman Reader  V8.2.0 MV' in 'dict_keys([])'
02.07 11:06:32 Could not find 'EZRaman Reader  V8.2.0 MV' in 'dict_keys([])'
02.07 11:06:32 Scanning 26 point from 40
02.07 11:06:32 Going to coordinates X=-26.034, Y=-39.759
02.07 11:06:32 Moving is finished
02.07 11:08:45 Scanning 27 point from 40
02.07 11:08:45 Going to coordinates X=-25.934, Y=-39.759
02.07 11:08:45 Moving is finished
02.07 11:10:52 Scanning 28 point from 40
02.07 11:10:52 Going to coordinates X=-25.834, Y=-39.759
02.07 11:10:53 Moving is finished
02.07 11:13:01 Scanning 29 point from 40
02.07 11:13:01 Going to coordinates X=-25.734, Y=-39.759
02.07 11:13:01 Moving is finished
02.07 11:15:08 Scanning 30 point from 40
02.07 11:15:08 Going to coordinates X=-26.634, Y=-39.659
02.07 11:15:09 Moving is finished
02.07 11:17:16 Scanning 31 point from 40
02.07 11:17:16 Going to coordinates X=-26.534, Y=-39.659
02.07 11:17:17 Moving is finished
02.07 11:19:24 Scanning 32 point from 40
02.07 11:19:24 Going to coordinates X=-26.434, Y=-39.659
02.07 11:19:24 Moving is finished
02.07 11:21:32 Scanning 33 point from 40
02.07 11:21:32 Going to coordinates X=-26.334, Y=-39.659
02.07 11:21:32 Moving is finished
02.07 11:23:40 Scanning 34 point from 40
02.07 11:23:40 Going to coordinates X=-26.234, Y=-39.659
02.07 11:23:40 Moving is finished
02.07 11:25:48 Scanning 35 point from 40
02.07 11:25:48 Going to coordinates X=-26.134, Y=-39.659
02.07 11:25:48 Moving is finished
02.07 11:27:56 Scanning 36 point from 40
02.07 11:27:56 Going to coordinates X=-26.034, Y=-39.659
02.07 11:27:56 Moving is finished
02.07 11:30:03 Scanning 37 point from 40
02.07 11:30:03 Going to coordinates X=-25.934, Y=-39.659
02.07 11:30:03 Moving is finished
02.07 11:32:11 Scanning 38 point from 40
02.07 11:32:11 Going to coordinates X=-25.834, Y=-39.659
02.07 11:32:11 Moving is finished
02.07 11:34:19 Scanning 39 point from 40
02.07 11:34:19 Going to coordinates X=-25.734, Y=-39.659
02.07 11:34:19 Moving is finished
02.07 12:03:36 Can't send the command to GRBL
02.07 12:03:36 Write timeout02.07 12:03:36 Write timeout
