15.07 17:47:20 Initializing grbl...
15.07 17:47:20 Got the response: b''
15.07 17:50:36 Row 0: 15.07 17:50:36 Map: x1: -14.0, y1: -38.0, x2: -13.918, y2: -37.938, xres: 0.010, yres: 0.010, fname: blmcooh
15.07 17:50:36 Scanning 0 point from 80
15.07 17:50:36 Going to coordinates X=-14.000, Y=-38.000
15.07 17:50:36 Moving is finished
15.07 17:52:13 Scanning 1 point from 80
15.07 17:52:13 Going to coordinates X=-13.990, Y=-38.000
15.07 17:52:13 Moving is finished
15.07 17:53:49 Scanning 2 point from 80
15.07 17:53:49 Going to coordinates X=-13.980, Y=-38.000
15.07 17:53:50 Moving is finished
15.07 17:55:26 Scanning 3 point from 80
15.07 17:55:26 Going to coordinates X=-13.970, Y=-38.000
15.07 17:55:27 Moving is finished
15.07 17:57:03 Scanning 4 point from 80
15.07 17:57:03 Going to coordinates X=-13.960, Y=-38.000
15.07 17:57:03 Moving is finished
15.07 17:58:39 Scanning 5 point from 80
15.07 17:58:39 Going to coordinates X=-13.950, Y=-38.000
15.07 17:58:40 Moving is finished
15.07 18:00:16 Scanning 6 point from 80
15.07 18:00:16 Going to coordinates X=-13.940, Y=-38.000
15.07 18:00:16 Moving is finished
15.07 18:01:53 Scanning 7 point from 80
15.07 18:01:53 Going to coordinates X=-13.930, Y=-38.000
15.07 18:01:53 Moving is finished
15.07 18:03:30 Scanning 8 point from 80
15.07 18:03:30 Going to coordinates X=-13.920, Y=-38.000
15.07 18:03:30 Moving is finished
15.07 18:05:07 Scanning 9 point from 80
15.07 18:05:07 Going to coordinates X=-13.910, Y=-38.000
15.07 18:05:07 Moving is finished
15.07 18:06:43 Scanning 10 point from 80
15.07 18:06:43 Going to coordinates X=-14.000, Y=-37.990
15.07 18:06:43 Moving is finished
15.07 18:08:20 Scanning 11 point from 80
15.07 18:08:20 Going to coordinates X=-13.990, Y=-37.990
15.07 18:08:20 Moving is finished
15.07 18:09:56 Scanning 12 point from 80
15.07 18:09:56 Going to coordinates X=-13.980, Y=-37.990
15.07 18:09:56 Moving is finished
15.07 18:11:33 Scanning 13 point from 80
15.07 18:11:33 Going to coordinates X=-13.970, Y=-37.990
15.07 18:11:34 Moving is finished
15.07 18:13:10 Scanning 14 point from 80
15.07 18:13:10 Going to coordinates X=-13.960, Y=-37.990
15.07 18:13:10 Moving is finished
15.07 18:14:47 Scanning 15 point from 80
15.07 18:14:47 Going to coordinates X=-13.950, Y=-37.990
15.07 18:14:47 Moving is finished
15.07 18:16:23 Scanning 16 point from 80
15.07 18:16:23 Going to coordinates X=-13.940, Y=-37.990
15.07 18:16:24 Moving is finished
15.07 18:18:00 Scanning 17 point from 80
15.07 18:18:00 Going to coordinates X=-13.930, Y=-37.990
15.07 18:18:00 Moving is finished
15.07 18:19:36 Scanning 18 point from 80
15.07 18:19:36 Going to coordinates X=-13.920, Y=-37.990
15.07 18:19:37 Moving is finished
15.07 18:21:13 Scanning 19 point from 80
15.07 18:21:13 Going to coordinates X=-13.910, Y=-37.990
15.07 18:21:13 Moving is finished
15.07 18:22:50 Scanning 20 point from 80
15.07 18:22:50 Going to coordinates X=-14.000, Y=-37.980
15.07 18:22:50 Moving is finished
15.07 18:24:27 Scanning 21 point from 80
15.07 18:24:27 Going to coordinates X=-13.990, Y=-37.980
15.07 18:24:27 Moving is finished
15.07 18:26:03 Scanning 22 point from 80
15.07 18:26:03 Going to coordinates X=-13.980, Y=-37.980
15.07 18:26:04 Moving is finished
15.07 18:27:40 Scanning 23 point from 80
15.07 18:27:40 Going to coordinates X=-13.970, Y=-37.980
15.07 18:27:40 Moving is finished
15.07 18:29:17 Scanning 24 point from 80
15.07 18:29:17 Going to coordinates X=-13.960, Y=-37.980
15.07 18:29:17 Moving is finished
15.07 18:30:53 Scanning 25 point from 80
15.07 18:30:53 Going to coordinates X=-13.950, Y=-37.980
15.07 18:30:53 Moving is finished
15.07 18:32:30 Scanning 26 point from 80
15.07 18:32:30 Going to coordinates X=-13.940, Y=-37.980
15.07 18:32:30 Moving is finished
15.07 18:34:07 Scanning 27 point from 80
15.07 18:34:07 Going to coordinates X=-13.930, Y=-37.980
15.07 18:34:07 Moving is finished
15.07 18:35:44 Scanning 28 point from 80
15.07 18:35:44 Going to coordinates X=-13.920, Y=-37.980
15.07 18:35:44 Moving is finished
15.07 18:37:20 Scanning 29 point from 80
15.07 18:37:20 Going to coordinates X=-13.910, Y=-37.980
15.07 18:37:20 Moving is finished
15.07 18:38:57 Scanning 30 point from 80
15.07 18:38:57 Going to coordinates X=-14.000, Y=-37.970
15.07 18:38:57 Moving is finished
15.07 18:40:34 Scanning 31 point from 80
15.07 18:40:34 Going to coordinates X=-13.990, Y=-37.970
15.07 18:40:34 Moving is finished
15.07 18:42:10 Scanning 32 point from 80
15.07 18:42:10 Going to coordinates X=-13.980, Y=-37.970
15.07 18:42:10 Moving is finished
15.07 18:43:47 Scanning 33 point from 80
15.07 18:43:47 Going to coordinates X=-13.970, Y=-37.970
15.07 18:43:47 Moving is finished
15.07 18:45:24 Scanning 34 point from 80
15.07 18:45:24 Going to coordinates X=-13.960, Y=-37.970
15.07 18:45:24 Moving is finished
15.07 18:47:01 Scanning 35 point from 80
15.07 18:47:01 Going to coordinates X=-13.950, Y=-37.970
15.07 18:47:01 Moving is finished
15.07 18:48:38 Scanning 36 point from 80
15.07 18:48:38 Going to coordinates X=-13.940, Y=-37.970
15.07 18:48:38 Moving is finished
15.07 18:50:15 Scanning 37 point from 80
15.07 18:50:15 Going to coordinates X=-13.930, Y=-37.970
15.07 18:50:15 Moving is finished
15.07 18:51:51 Scanning 38 point from 80
15.07 18:51:51 Going to coordinates X=-13.920, Y=-37.970
15.07 18:51:52 Moving is finished
15.07 18:53:28 Scanning 39 point from 80
15.07 18:53:28 Going to coordinates X=-13.910, Y=-37.970
15.07 18:53:28 Moving is finished
15.07 18:55:05 Scanning 40 point from 80
15.07 18:55:05 Going to coordinates X=-14.000, Y=-37.960
15.07 18:55:05 Moving is finished
15.07 18:56:41 Scanning 41 point from 80
15.07 18:56:41 Going to coordinates X=-13.990, Y=-37.960
15.07 18:56:42 Moving is finished
15.07 18:58:18 Scanning 42 point from 80
15.07 18:58:18 Going to coordinates X=-13.980, Y=-37.960
15.07 18:58:18 Moving is finished
15.07 18:59:55 Scanning 43 point from 80
15.07 18:59:55 Going to coordinates X=-13.970, Y=-37.960
15.07 18:59:55 Moving is finished
15.07 19:01:32 Scanning 44 point from 80
15.07 19:01:32 Going to coordinates X=-13.960, Y=-37.960
15.07 19:01:32 Moving is finished
15.07 19:03:09 Scanning 45 point from 80
15.07 19:03:09 Going to coordinates X=-13.950, Y=-37.960
15.07 19:03:09 Moving is finished
15.07 19:04:46 Scanning 46 point from 80
15.07 19:04:46 Going to coordinates X=-13.940, Y=-37.960
15.07 19:04:46 Moving is finished
15.07 19:06:22 Scanning 47 point from 80
15.07 19:06:22 Going to coordinates X=-13.930, Y=-37.960
15.07 19:06:22 Moving is finished
15.07 19:07:59 Scanning 48 point from 80
15.07 19:07:59 Going to coordinates X=-13.920, Y=-37.960
15.07 19:07:59 Moving is finished
15.07 19:09:35 Scanning 49 point from 80
15.07 19:09:35 Going to coordinates X=-13.910, Y=-37.960
15.07 19:09:36 Moving is finished
15.07 19:11:12 Scanning 50 point from 80
15.07 19:11:12 Going to coordinates X=-14.000, Y=-37.950
15.07 19:11:12 Moving is finished
15.07 19:12:49 Scanning 51 point from 80
15.07 19:12:49 Going to coordinates X=-13.990, Y=-37.950
15.07 19:12:49 Moving is finished
15.07 19:14:25 Scanning 52 point from 80
15.07 19:14:25 Going to coordinates X=-13.980, Y=-37.950
15.07 19:14:25 Moving is finished
15.07 19:16:02 Scanning 53 point from 80
15.07 19:16:02 Going to coordinates X=-13.970, Y=-37.950
15.07 19:16:02 Moving is finished
15.07 19:17:38 Scanning 54 point from 80
15.07 19:17:38 Going to coordinates X=-13.960, Y=-37.950
15.07 19:17:38 Moving is finished
15.07 19:19:15 Scanning 55 point from 80
15.07 19:19:15 Going to coordinates X=-13.950, Y=-37.950
15.07 19:19:15 Moving is finished
15.07 19:20:51 Scanning 56 point from 80
15.07 19:20:51 Going to coordinates X=-13.940, Y=-37.950
15.07 19:20:52 Moving is finished
15.07 19:22:28 Scanning 57 point from 80
15.07 19:22:28 Going to coordinates X=-13.930, Y=-37.950
15.07 19:22:28 Moving is finished
15.07 19:24:05 Scanning 58 point from 80
15.07 19:24:05 Going to coordinates X=-13.920, Y=-37.950
15.07 19:24:05 Moving is finished
15.07 19:24:10 Stopped!
15.07 19:26:19 Can't send the command to GRBL
15.07 19:26:19 Write timeout15.07 19:26:19 Write timeout
15.07 19:26:40 Row 0: 15.07 19:26:40 Map: x1: -13.918, y1: -38.021, x2: -13.822, y2: -38.092, xres: 0.010, yres: 0.010, fname: blmcooh
15.07 19:26:40 Scanning 0 point from 99
15.07 19:26:40 Going to coordinates X=-13.918, Y=-38.092
15.07 19:26:41 Moving is finished
15.07 19:28:18 Scanning 1 point from 99
15.07 19:28:18 Going to coordinates X=-13.908, Y=-38.092
15.07 19:28:18 Moving is finished
15.07 19:29:55 Scanning 2 point from 99
15.07 19:29:55 Going to coordinates X=-13.898, Y=-38.092
15.07 19:29:55 Moving is finished
15.07 19:31:32 Scanning 3 point from 99
15.07 19:31:32 Going to coordinates X=-13.888, Y=-38.092
15.07 19:31:32 Moving is finished
15.07 20:10:18 Scanning 4 point from 99
15.07 20:10:18 Going to coordinates X=-13.878, Y=-38.092
15.07 20:10:18 Moving is finished
15.07 20:49:34 Scanning 5 point from 99
15.07 20:49:34 Going to coordinates X=-13.868, Y=-38.092
15.07 20:49:34 Moving is finished
15.07 20:51:11 Scanning 6 point from 99
15.07 20:51:11 Going to coordinates X=-13.858, Y=-38.092
15.07 20:51:11 Moving is finished
15.07 21:29:45 Scanning 7 point from 99
15.07 21:29:45 Going to coordinates X=-13.848, Y=-38.092
15.07 21:29:45 Moving is finished
15.07 21:31:21 Scanning 8 point from 99
15.07 21:31:21 Going to coordinates X=-13.838, Y=-38.092
15.07 21:31:21 Moving is finished
15.07 22:10:17 Scanning 9 point from 99
15.07 22:10:17 Going to coordinates X=-13.828, Y=-38.092
15.07 22:10:18 Moving is finished
15.07 22:11:54 Scanning 10 point from 99
15.07 22:11:54 Going to coordinates X=-13.818, Y=-38.092
15.07 22:11:55 Moving is finished
15.07 22:24:09 Scanning 11 point from 99
15.07 22:24:09 Going to coordinates X=-13.918, Y=-38.082
15.07 22:24:09 Moving is finished
15.07 23:03:25 Scanning 12 point from 99
15.07 23:03:25 Going to coordinates X=-13.908, Y=-38.082
15.07 23:03:25 Moving is finished
15.07 23:05:03 Scanning 13 point from 99
15.07 23:05:03 Going to coordinates X=-13.898, Y=-38.082
15.07 23:05:03 Moving is finished
15.07 23:43:57 Scanning 14 point from 99
15.07 23:43:57 Going to coordinates X=-13.888, Y=-38.082
15.07 23:43:58 Moving is finished
15.07 23:45:34 Scanning 15 point from 99
15.07 23:45:34 Going to coordinates X=-13.878, Y=-38.082
15.07 23:45:34 Moving is finished
16.07 00:24:29 Scanning 16 point from 99
16.07 00:24:29 Going to coordinates X=-13.868, Y=-38.082
16.07 00:24:29 Moving is finished
16.07 00:26:06 Scanning 17 point from 99
16.07 00:26:06 Going to coordinates X=-13.858, Y=-38.082
16.07 00:26:06 Moving is finished
16.07 01:05:43 Scanning 18 point from 99
16.07 01:05:43 Going to coordinates X=-13.848, Y=-38.082
16.07 01:05:43 Moving is finished
16.07 01:07:20 Scanning 19 point from 99
16.07 01:07:20 Going to coordinates X=-13.838, Y=-38.082
16.07 01:07:20 Moving is finished
16.07 01:45:54 Scanning 20 point from 99
16.07 01:45:54 Going to coordinates X=-13.828, Y=-38.082
16.07 01:45:54 Moving is finished
16.07 01:47:30 Scanning 21 point from 99
16.07 01:47:30 Going to coordinates X=-13.818, Y=-38.082
16.07 01:47:30 Moving is finished
16.07 02:26:05 Scanning 22 point from 99
16.07 02:26:05 Going to coordinates X=-13.918, Y=-38.072
16.07 02:26:05 Moving is finished
16.07 02:27:42 Scanning 23 point from 99
16.07 02:27:42 Going to coordinates X=-13.908, Y=-38.072
16.07 02:27:42 Moving is finished
16.07 02:29:18 Scanning 24 point from 99
16.07 02:29:18 Going to coordinates X=-13.898, Y=-38.072
16.07 02:29:18 Moving is finished
16.07 02:30:55 Scanning 25 point from 99
16.07 02:30:55 Going to coordinates X=-13.888, Y=-38.072
16.07 02:30:55 Moving is finished
16.07 02:32:32 Scanning 26 point from 99
16.07 02:32:32 Going to coordinates X=-13.878, Y=-38.072
16.07 02:32:32 Moving is finished
16.07 02:34:09 Scanning 27 point from 99
16.07 02:34:09 Going to coordinates X=-13.868, Y=-38.072
16.07 02:34:09 Moving is finished
16.07 03:12:42 Scanning 28 point from 99
16.07 03:12:42 Going to coordinates X=-13.858, Y=-38.072
16.07 03:12:42 Moving is finished
16.07 03:14:20 Scanning 29 point from 99
16.07 03:14:20 Going to coordinates X=-13.848, Y=-38.072
16.07 03:14:20 Moving is finished
16.07 03:15:57 Scanning 30 point from 99
16.07 03:15:57 Going to coordinates X=-13.838, Y=-38.072
16.07 03:15:57 Moving is finished
16.07 03:17:34 Scanning 31 point from 99
16.07 03:17:34 Going to coordinates X=-13.828, Y=-38.072
16.07 03:17:34 Moving is finished
16.07 03:19:11 Scanning 32 point from 99
16.07 03:19:11 Going to coordinates X=-13.818, Y=-38.072
16.07 03:19:11 Moving is finished
16.07 03:20:48 Scanning 33 point from 99
16.07 03:20:48 Going to coordinates X=-13.918, Y=-38.062
16.07 03:20:48 Moving is finished
16.07 03:59:22 Scanning 34 point from 99
16.07 03:59:22 Going to coordinates X=-13.908, Y=-38.062
16.07 03:59:22 Moving is finished
16.07 04:00:59 Scanning 35 point from 99
16.07 04:00:59 Going to coordinates X=-13.898, Y=-38.062
16.07 04:01:00 Moving is finished
