10.05 09:54:55 Initializing grbl...
10.05 09:54:56 Got the response: b''
10.05 09:55:39 Row 0: 10.05 09:55:39 Map: x1: -28.0, y1: -38.0, x2: -27.176, y2: -37.062, xres: 0.100, yres: 0.100, fname: M3-2
10.05 09:55:39 Scanning 0 point from 110
10.05 09:55:39 Going to coordinates X=-28.000, Y=-38.000
10.05 09:55:40 Moving is finished
10.05 09:57:48 Scanning 1 point from 110
10.05 09:57:48 Going to coordinates X=-27.900, Y=-38.000
10.05 09:57:48 Moving is finished
10.05 09:59:56 Scanning 2 point from 110
10.05 09:59:56 Going to coordinates X=-27.800, Y=-38.000
10.05 09:59:56 Moving is finished
10.05 10:02:03 Scanning 3 point from 110
10.05 10:02:03 Going to coordinates X=-27.700, Y=-38.000
10.05 10:02:04 Moving is finished
10.05 10:04:11 Scanning 4 point from 110
10.05 10:04:11 Going to coordinates X=-27.600, Y=-38.000
10.05 10:04:11 Moving is finished
10.05 10:06:18 Scanning 5 point from 110
10.05 10:06:18 Going to coordinates X=-27.500, Y=-38.000
10.05 10:06:19 Moving is finished
10.05 10:08:26 Scanning 6 point from 110
10.05 10:08:26 Going to coordinates X=-27.400, Y=-38.000
10.05 10:08:26 Moving is finished
10.05 10:10:33 Scanning 7 point from 110
10.05 10:10:33 Going to coordinates X=-27.300, Y=-38.000
10.05 10:10:34 Moving is finished
10.05 10:12:41 Scanning 8 point from 110
10.05 10:12:41 Going to coordinates X=-27.200, Y=-38.000
10.05 10:12:42 Moving is finished
10.05 10:14:49 Scanning 9 point from 110
10.05 10:14:49 Going to coordinates X=-27.100, Y=-38.000
10.05 10:14:49 Moving is finished
10.05 10:16:56 Scanning 10 point from 110
10.05 10:16:56 Going to coordinates X=-28.000, Y=-37.900
10.05 10:16:57 Moving is finished
10.05 10:19:04 Scanning 11 point from 110
10.05 10:19:04 Going to coordinates X=-27.900, Y=-37.900
10.05 10:19:04 Moving is finished
10.05 10:21:12 Scanning 12 point from 110
10.05 10:21:12 Going to coordinates X=-27.800, Y=-37.900
10.05 10:21:12 Moving is finished
10.05 10:23:19 Scanning 13 point from 110
10.05 10:23:19 Going to coordinates X=-27.700, Y=-37.900
10.05 10:23:20 Moving is finished
10.05 10:25:27 Scanning 14 point from 110
10.05 10:25:27 Going to coordinates X=-27.600, Y=-37.900
10.05 10:25:27 Moving is finished
10.05 10:27:34 Scanning 15 point from 110
10.05 10:27:34 Going to coordinates X=-27.500, Y=-37.900
10.05 10:27:35 Moving is finished
10.05 10:29:42 Scanning 16 point from 110
10.05 10:29:42 Going to coordinates X=-27.400, Y=-37.900
10.05 10:29:42 Moving is finished
10.05 10:31:50 Scanning 17 point from 110
10.05 10:31:50 Going to coordinates X=-27.300, Y=-37.900
10.05 10:31:50 Moving is finished
10.05 10:33:57 Scanning 18 point from 110
10.05 10:33:57 Going to coordinates X=-27.200, Y=-37.900
10.05 10:33:58 Moving is finished
10.05 10:36:06 Scanning 19 point from 110
10.05 10:36:06 Going to coordinates X=-27.100, Y=-37.900
10.05 10:36:06 Moving is finished
10.05 10:38:13 Scanning 20 point from 110
10.05 10:38:13 Going to coordinates X=-28.000, Y=-37.800
10.05 10:38:14 Moving is finished
10.05 10:40:21 Scanning 21 point from 110
10.05 10:40:21 Going to coordinates X=-27.900, Y=-37.800
10.05 10:40:21 Moving is finished
10.05 10:42:29 Scanning 22 point from 110
10.05 10:42:29 Going to coordinates X=-27.800, Y=-37.800
10.05 10:42:29 Moving is finished
10.05 10:44:37 Scanning 23 point from 110
10.05 10:44:37 Going to coordinates X=-27.700, Y=-37.800
10.05 10:44:37 Moving is finished
10.05 10:46:44 Scanning 24 point from 110
10.05 10:46:44 Going to coordinates X=-27.600, Y=-37.800
10.05 10:46:45 Moving is finished
10.05 10:47:19 Could not find 'EZRaman Reader  V8.2.0 MV' in 'dict_keys([])'
10.05 10:47:24 Could not find 'EZRaman Reader  V8.2.0 MV' in 'dict_keys([])'
10.05 10:47:25 Scanning 25 point from 110
10.05 10:47:25 Going to coordinates X=-27.500, Y=-37.800
10.05 10:47:25 Moving is finished
10.05 10:47:31 Could not find 'EZRaman Reader  V8.2.0 MV' in 'dict_keys([])'
10.05 10:47:36 Could not find 'EZRaman Reader  V8.2.0 MV' in 'dict_keys([])'
10.05 10:47:36 Scanning 26 point from 110
10.05 10:47:36 Going to coordinates X=-27.400, Y=-37.800
10.05 10:47:37 Moving is finished
10.05 10:48:52 Scanning 27 point from 110
10.05 10:48:52 Going to coordinates X=-27.300, Y=-37.800
10.05 10:48:52 Moving is finished
10.05 10:51:00 Scanning 28 point from 110
10.05 10:51:00 Going to coordinates X=-27.200, Y=-37.800
10.05 10:51:00 Moving is finished
10.05 10:53:07 Scanning 29 point from 110
10.05 10:53:07 Going to coordinates X=-27.100, Y=-37.800
10.05 10:53:08 Moving is finished
10.05 10:55:15 Scanning 30 point from 110
10.05 10:55:15 Going to coordinates X=-28.000, Y=-37.700
10.05 10:55:16 Moving is finished
10.05 10:57:23 Scanning 31 point from 110
10.05 10:57:23 Going to coordinates X=-27.900, Y=-37.700
10.05 10:57:23 Moving is finished
10.05 10:59:31 Scanning 32 point from 110
10.05 10:59:31 Going to coordinates X=-27.800, Y=-37.700
10.05 10:59:31 Moving is finished
10.05 11:01:39 Scanning 33 point from 110
10.05 11:01:39 Going to coordinates X=-27.700, Y=-37.700
10.05 11:01:39 Moving is finished
10.05 11:03:46 Scanning 34 point from 110
10.05 11:03:46 Going to coordinates X=-27.600, Y=-37.700
10.05 11:03:46 Moving is finished
10.05 11:05:54 Scanning 35 point from 110
10.05 11:05:54 Going to coordinates X=-27.500, Y=-37.700
10.05 11:05:54 Moving is finished
10.05 11:07:25 Scanning 36 point from 110
10.05 11:07:25 Going to coordinates X=-27.400, Y=-37.700
10.05 11:07:26 Moving is finished
10.05 11:07:27 Stopped!
10.05 11:16:35 Status responce is malformed
10.05 11:16:35 list index out of range
