09.05 18:23:37 Initializing grbl...
09.05 18:23:37 Got the response: b''
09.05 18:26:12 Row 0: 09.05 18:26:12 Map: x1: -28.649, y1: -38.557, x2: -28.839, y2: -38.763, xres: 0.100, yres: 0.100, fname: cooh3bez
09.05 18:26:12 Scanning 0 point from 12
09.05 18:26:12 Going to coordinates X=-28.839, Y=-38.763
09.05 18:26:12 Moving is finished
09.05 18:27:49 Scanning 1 point from 12
09.05 18:27:49 Going to coordinates X=-28.739, Y=-38.763
09.05 18:27:49 Moving is finished
09.05 18:29:25 Scanning 2 point from 12
09.05 18:29:25 Going to coordinates X=-28.639, Y=-38.763
09.05 18:29:25 Moving is finished
09.05 18:31:02 Scanning 3 point from 12
09.05 18:31:02 Going to coordinates X=-28.839, Y=-38.663
09.05 18:31:02 Moving is finished
09.05 18:32:39 Scanning 4 point from 12
09.05 18:32:39 Going to coordinates X=-28.739, Y=-38.663
09.05 18:32:39 Moving is finished
09.05 18:34:15 Scanning 5 point from 12
09.05 18:34:15 Going to coordinates X=-28.639, Y=-38.663
09.05 18:34:16 Moving is finished
09.05 18:35:53 Scanning 6 point from 12
09.05 18:35:53 Going to coordinates X=-28.839, Y=-38.563
09.05 18:35:53 Moving is finished
09.05 18:37:30 Scanning 7 point from 12
09.05 18:37:30 Going to coordinates X=-28.739, Y=-38.563
09.05 18:37:31 Moving is finished
09.05 18:39:08 Scanning 8 point from 12
09.05 18:39:08 Going to coordinates X=-28.639, Y=-38.563
09.05 18:39:08 Moving is finished
09.05 18:40:44 Scanning 9 point from 12
09.05 18:40:44 Going to coordinates X=-28.839, Y=-38.463
09.05 18:40:45 Moving is finished
09.05 18:42:21 Scanning 10 point from 12
09.05 18:42:21 Going to coordinates X=-28.739, Y=-38.463
09.05 18:42:21 Moving is finished
09.05 18:43:58 Scanning 11 point from 12
09.05 18:43:58 Going to coordinates X=-28.639, Y=-38.463
09.05 18:43:59 Moving is finished
09.05 18:45:35 Row 1: 09.05 18:45:35 Map: x1: -28.585, y1: -38.763, x2: -28.156, y2: -38.814, xres: 0.020, yres: 0.020, fname: cooh3bez
09.05 18:45:35 Scanning 0 point from 92
09.05 18:45:35 Going to coordinates X=-28.585, Y=-38.814
09.05 18:45:36 Moving is finished
09.05 18:47:13 Scanning 1 point from 92
09.05 18:47:13 Going to coordinates X=-28.565, Y=-38.814
09.05 18:47:13 Moving is finished
09.05 18:48:49 Scanning 2 point from 92
09.05 18:48:49 Going to coordinates X=-28.545, Y=-38.814
09.05 18:48:49 Moving is finished
09.05 18:50:25 Scanning 3 point from 92
09.05 18:50:25 Going to coordinates X=-28.525, Y=-38.814
09.05 18:50:26 Moving is finished
09.05 18:52:02 Scanning 4 point from 92
09.05 18:52:02 Going to coordinates X=-28.505, Y=-38.814
09.05 18:52:03 Moving is finished
09.05 18:53:39 Scanning 5 point from 92
09.05 18:53:39 Going to coordinates X=-28.485, Y=-38.814
09.05 18:53:39 Moving is finished
09.05 18:55:16 Scanning 6 point from 92
09.05 18:55:16 Going to coordinates X=-28.465, Y=-38.814
09.05 18:55:16 Moving is finished
09.05 18:56:53 Scanning 7 point from 92
09.05 18:56:53 Going to coordinates X=-28.445, Y=-38.814
09.05 18:56:53 Moving is finished
09.05 18:58:30 Scanning 8 point from 92
09.05 18:58:30 Going to coordinates X=-28.425, Y=-38.814
09.05 18:58:30 Moving is finished
09.05 19:00:07 Scanning 9 point from 92
09.05 19:00:07 Going to coordinates X=-28.405, Y=-38.814
09.05 19:00:07 Moving is finished
09.05 19:01:43 Scanning 10 point from 92
09.05 19:01:43 Going to coordinates X=-28.385, Y=-38.814
09.05 19:01:44 Moving is finished
09.05 19:03:20 Scanning 11 point from 92
09.05 19:03:20 Going to coordinates X=-28.365, Y=-38.814
09.05 19:03:20 Moving is finished
09.05 19:04:57 Scanning 12 point from 92
09.05 19:04:57 Going to coordinates X=-28.345, Y=-38.814
09.05 19:04:57 Moving is finished
09.05 19:06:34 Scanning 13 point from 92
09.05 19:06:34 Going to coordinates X=-28.325, Y=-38.814
09.05 19:06:34 Moving is finished
09.05 19:08:11 Scanning 14 point from 92
09.05 19:08:11 Going to coordinates X=-28.305, Y=-38.814
09.05 19:08:11 Moving is finished
09.05 19:09:48 Scanning 15 point from 92
09.05 19:09:48 Going to coordinates X=-28.285, Y=-38.814
09.05 19:09:49 Moving is finished
09.05 19:11:25 Scanning 16 point from 92
09.05 19:11:25 Going to coordinates X=-28.265, Y=-38.814
09.05 19:11:25 Moving is finished
09.05 19:13:02 Scanning 17 point from 92
09.05 19:13:02 Going to coordinates X=-28.245, Y=-38.814
09.05 19:13:02 Moving is finished
09.05 19:14:39 Scanning 18 point from 92
09.05 19:14:39 Going to coordinates X=-28.225, Y=-38.814
09.05 19:14:39 Moving is finished
09.05 19:16:16 Scanning 19 point from 92
09.05 19:16:16 Going to coordinates X=-28.205, Y=-38.814
09.05 19:16:16 Moving is finished
09.05 19:17:52 Scanning 20 point from 92
09.05 19:17:52 Going to coordinates X=-28.185, Y=-38.814
09.05 19:17:52 Moving is finished
09.05 19:19:29 Scanning 21 point from 92
09.05 19:19:29 Going to coordinates X=-28.165, Y=-38.814
09.05 19:19:29 Moving is finished
09.05 19:21:05 Scanning 22 point from 92
09.05 19:21:05 Going to coordinates X=-28.145, Y=-38.814
09.05 19:21:06 Moving is finished
09.05 19:22:43 Scanning 23 point from 92
09.05 19:22:43 Going to coordinates X=-28.585, Y=-38.794
09.05 19:22:43 Moving is finished
09.05 19:24:20 Scanning 24 point from 92
09.05 19:24:20 Paused
09.05 19:28:36 Write timeout09.05 19:28:36 Can't send the command to GRBL

