30.04 18:46:15 Initializing grbl...
30.04 18:46:16 Got the response: b''
30.04 19:07:00 Row 0: 30.04 19:07:00 Map: x1: -20.883, y1: -35.361, x2: -22.444, y2: -36.433, xres: 0.100, yres: 0.100, fname: DNA-1
30.04 19:07:01 Scanning 0 point from 204
30.04 19:07:01 Going to coordinates X=-22.444, Y=-36.433
30.04 19:07:01 Moving is finished
30.04 19:08:38 Scanning 1 point from 204
30.04 19:08:38 Going to coordinates X=-22.344, Y=-36.433
30.04 19:08:38 Moving is finished
30.04 19:10:15 Scanning 2 point from 204
30.04 19:10:15 Going to coordinates X=-22.244, Y=-36.433
30.04 19:10:16 Moving is finished
30.04 19:11:52 Scanning 3 point from 204
30.04 19:11:52 Going to coordinates X=-22.144, Y=-36.433
30.04 19:11:53 Moving is finished
30.04 19:13:30 Scanning 4 point from 204
30.04 19:13:30 Going to coordinates X=-22.044, Y=-36.433
30.04 19:13:30 Moving is finished
30.04 19:15:07 Scanning 5 point from 204
30.04 19:15:07 Going to coordinates X=-21.944, Y=-36.433
30.04 19:15:08 Moving is finished
30.04 19:16:44 Scanning 6 point from 204
30.04 19:16:44 Going to coordinates X=-21.844, Y=-36.433
30.04 19:16:45 Moving is finished
30.04 19:18:22 Scanning 7 point from 204
30.04 19:18:22 Going to coordinates X=-21.744, Y=-36.433
30.04 19:18:22 Moving is finished
30.04 19:19:59 Scanning 8 point from 204
30.04 19:19:59 Going to coordinates X=-21.644, Y=-36.433
30.04 19:19:59 Moving is finished
30.04 19:21:36 Scanning 9 point from 204
30.04 19:21:36 Going to coordinates X=-21.544, Y=-36.433
30.04 19:21:37 Moving is finished
30.04 19:23:13 Scanning 10 point from 204
30.04 19:23:13 Going to coordinates X=-21.444, Y=-36.433
30.04 19:23:13 Moving is finished
30.04 19:24:50 Scanning 11 point from 204
30.04 19:24:50 Going to coordinates X=-21.344, Y=-36.433
30.04 19:24:50 Moving is finished
30.04 19:26:27 Scanning 12 point from 204
30.04 19:26:27 Going to coordinates X=-21.244, Y=-36.433
30.04 19:26:27 Moving is finished
30.04 19:28:04 Scanning 13 point from 204
30.04 19:28:04 Going to coordinates X=-21.144, Y=-36.433
30.04 19:28:05 Moving is finished
30.04 19:29:42 Scanning 14 point from 204
30.04 19:29:42 Going to coordinates X=-21.044, Y=-36.433
30.04 19:29:42 Moving is finished
30.04 19:31:19 Scanning 15 point from 204
30.04 19:31:19 Going to coordinates X=-20.944, Y=-36.433
30.04 19:31:19 Moving is finished
30.04 19:32:56 Scanning 16 point from 204
30.04 19:32:56 Going to coordinates X=-20.844, Y=-36.433
30.04 19:32:56 Moving is finished
30.04 19:34:33 Scanning 17 point from 204
30.04 19:34:33 Going to coordinates X=-22.444, Y=-36.333
30.04 19:34:34 Moving is finished
30.04 19:36:11 Scanning 18 point from 204
30.04 19:36:11 Going to coordinates X=-22.344, Y=-36.333
30.04 19:36:11 Moving is finished
30.04 19:37:48 Scanning 19 point from 204
30.04 19:37:48 Going to coordinates X=-22.244, Y=-36.333
30.04 19:37:48 Moving is finished
30.04 19:39:24 Scanning 20 point from 204
30.04 19:39:24 Going to coordinates X=-22.144, Y=-36.333
30.04 19:39:25 Moving is finished
30.04 19:41:02 Scanning 21 point from 204
30.04 19:41:02 Going to coordinates X=-22.044, Y=-36.333
30.04 19:41:02 Moving is finished
30.04 19:42:39 Scanning 22 point from 204
30.04 19:42:39 Going to coordinates X=-21.944, Y=-36.333
30.04 19:42:39 Moving is finished
30.04 19:44:16 Scanning 23 point from 204
30.04 19:44:16 Going to coordinates X=-21.844, Y=-36.333
30.04 19:44:16 Moving is finished
30.04 19:45:53 Scanning 24 point from 204
30.04 19:45:53 Going to coordinates X=-21.744, Y=-36.333
30.04 19:45:53 Moving is finished
30.04 19:47:29 Scanning 25 point from 204
30.04 19:47:29 Going to coordinates X=-21.644, Y=-36.333
30.04 19:47:30 Moving is finished
30.04 19:49:06 Scanning 26 point from 204
30.04 19:49:06 Going to coordinates X=-21.544, Y=-36.333
30.04 19:49:06 Moving is finished
30.04 19:50:43 Scanning 27 point from 204
30.04 19:50:43 Going to coordinates X=-21.444, Y=-36.333
30.04 19:50:43 Moving is finished
30.04 19:52:21 Scanning 28 point from 204
30.04 19:52:21 Going to coordinates X=-21.344, Y=-36.333
30.04 19:52:21 Moving is finished
30.04 19:53:57 Scanning 29 point from 204
30.04 19:53:57 Going to coordinates X=-21.244, Y=-36.333
30.04 19:53:58 Moving is finished
30.04 19:55:34 Scanning 30 point from 204
30.04 19:55:34 Going to coordinates X=-21.144, Y=-36.333
30.04 19:55:35 Moving is finished
30.04 19:57:11 Scanning 31 point from 204
30.04 19:57:11 Going to coordinates X=-21.044, Y=-36.333
30.04 19:57:12 Moving is finished
30.04 19:58:48 Scanning 32 point from 204
30.04 19:58:48 Going to coordinates X=-20.944, Y=-36.333
30.04 19:58:48 Moving is finished
30.04 20:00:25 Scanning 33 point from 204
30.04 20:00:25 Going to coordinates X=-20.844, Y=-36.333
30.04 20:00:25 Moving is finished
30.04 20:02:01 Scanning 34 point from 204
30.04 20:02:01 Going to coordinates X=-22.444, Y=-36.233
30.04 20:02:02 Moving is finished
30.04 20:03:40 Scanning 35 point from 204
30.04 20:03:40 Going to coordinates X=-22.344, Y=-36.233
30.04 20:03:40 Moving is finished
30.04 20:05:17 Scanning 36 point from 204
30.04 20:05:17 Going to coordinates X=-22.244, Y=-36.233
30.04 20:05:17 Moving is finished
30.04 20:06:54 Scanning 37 point from 204
30.04 20:06:54 Going to coordinates X=-22.144, Y=-36.233
30.04 20:06:54 Moving is finished
30.04 20:08:31 Scanning 38 point from 204
30.04 20:08:31 Going to coordinates X=-22.044, Y=-36.233
30.04 20:08:31 Moving is finished
30.04 20:10:08 Scanning 39 point from 204
30.04 20:10:08 Going to coordinates X=-21.944, Y=-36.233
30.04 20:10:08 Moving is finished
30.04 20:11:46 Scanning 40 point from 204
30.04 20:11:46 Going to coordinates X=-21.844, Y=-36.233
30.04 20:11:46 Moving is finished
30.04 20:13:23 Scanning 41 point from 204
30.04 20:13:23 Going to coordinates X=-21.744, Y=-36.233
30.04 20:13:23 Moving is finished
30.04 20:15:00 Scanning 42 point from 204
30.04 20:15:00 Going to coordinates X=-21.644, Y=-36.233
30.04 20:15:01 Moving is finished
30.04 20:16:38 Scanning 43 point from 204
30.04 20:16:38 Going to coordinates X=-21.544, Y=-36.233
30.04 20:16:38 Moving is finished
30.04 20:18:15 Scanning 44 point from 204
30.04 20:18:15 Going to coordinates X=-21.444, Y=-36.233
30.04 20:18:15 Moving is finished
30.04 20:19:52 Scanning 45 point from 204
30.04 20:19:52 Going to coordinates X=-21.344, Y=-36.233
30.04 20:19:52 Moving is finished
30.04 20:21:29 Scanning 46 point from 204
30.04 20:21:29 Going to coordinates X=-21.244, Y=-36.233
30.04 20:21:29 Moving is finished
30.04 20:23:06 Scanning 47 point from 204
30.04 20:23:06 Going to coordinates X=-21.144, Y=-36.233
30.04 20:23:06 Moving is finished
30.04 20:24:43 Scanning 48 point from 204
30.04 20:24:43 Going to coordinates X=-21.044, Y=-36.233
30.04 20:24:43 Moving is finished
30.04 20:26:20 Scanning 49 point from 204
30.04 20:26:20 Going to coordinates X=-20.944, Y=-36.233
30.04 20:26:20 Moving is finished
30.04 20:27:57 Scanning 50 point from 204
30.04 20:27:57 Going to coordinates X=-20.844, Y=-36.233
30.04 20:27:57 Moving is finished
30.04 20:29:34 Scanning 51 point from 204
30.04 20:29:34 Going to coordinates X=-22.444, Y=-36.133
30.04 20:29:35 Moving is finished
30.04 20:31:12 Scanning 52 point from 204
30.04 20:31:12 Going to coordinates X=-22.344, Y=-36.133
30.04 20:31:12 Moving is finished
30.04 20:32:49 Scanning 53 point from 204
30.04 20:32:49 Going to coordinates X=-22.244, Y=-36.133
30.04 20:32:49 Moving is finished
30.04 20:34:26 Scanning 54 point from 204
30.04 20:34:26 Going to coordinates X=-22.144, Y=-36.133
30.04 20:34:26 Moving is finished
30.04 20:36:03 Scanning 55 point from 204
30.04 20:36:03 Going to coordinates X=-22.044, Y=-36.133
30.04 20:36:03 Moving is finished
30.04 20:37:39 Scanning 56 point from 204
30.04 20:37:39 Going to coordinates X=-21.944, Y=-36.133
30.04 20:37:40 Moving is finished
30.04 20:39:16 Scanning 57 point from 204
30.04 20:39:16 Going to coordinates X=-21.844, Y=-36.133
30.04 20:39:16 Moving is finished
30.04 20:40:53 Scanning 58 point from 204
30.04 20:40:53 Going to coordinates X=-21.744, Y=-36.133
30.04 20:40:53 Moving is finished
30.04 20:42:30 Scanning 59 point from 204
30.04 20:42:30 Going to coordinates X=-21.644, Y=-36.133
30.04 20:42:30 Moving is finished
30.04 20:44:06 Scanning 60 point from 204
30.04 20:44:06 Going to coordinates X=-21.544, Y=-36.133
30.04 20:44:07 Moving is finished
30.04 20:45:43 Scanning 61 point from 204
30.04 20:45:43 Going to coordinates X=-21.444, Y=-36.133
30.04 20:45:44 Moving is finished
30.04 20:47:20 Scanning 62 point from 204
30.04 20:47:20 Going to coordinates X=-21.344, Y=-36.133
30.04 20:47:20 Moving is finished
30.04 20:48:57 Scanning 63 point from 204
30.04 20:48:57 Going to coordinates X=-21.244, Y=-36.133
30.04 20:48:58 Moving is finished
30.04 20:50:34 Scanning 64 point from 204
30.04 20:50:34 Going to coordinates X=-21.144, Y=-36.133
30.04 20:50:35 Moving is finished
30.04 20:52:11 Scanning 65 point from 204
30.04 20:52:11 Going to coordinates X=-21.044, Y=-36.133
30.04 20:52:12 Moving is finished
30.04 20:53:48 Scanning 66 point from 204
30.04 20:53:48 Going to coordinates X=-20.944, Y=-36.133
30.04 20:53:49 Moving is finished
30.04 20:55:26 Scanning 67 point from 204
30.04 20:55:26 Going to coordinates X=-20.844, Y=-36.133
30.04 20:55:26 Moving is finished
30.04 20:57:03 Scanning 68 point from 204
30.04 20:57:03 Going to coordinates X=-22.444, Y=-36.033
30.04 20:57:04 Moving is finished
30.04 20:58:40 Scanning 69 point from 204
30.04 20:58:40 Going to coordinates X=-22.344, Y=-36.033
30.04 20:58:41 Moving is finished
30.04 21:00:18 Scanning 70 point from 204
30.04 21:00:18 Going to coordinates X=-22.244, Y=-36.033
30.04 21:00:18 Moving is finished
30.04 21:01:55 Scanning 71 point from 204
30.04 21:01:55 Going to coordinates X=-22.144, Y=-36.033
30.04 21:01:55 Moving is finished
30.04 21:03:31 Scanning 72 point from 204
30.04 21:03:31 Going to coordinates X=-22.044, Y=-36.033
30.04 21:03:32 Moving is finished
30.04 21:05:08 Scanning 73 point from 204
30.04 21:05:08 Going to coordinates X=-21.944, Y=-36.033
30.04 21:05:08 Moving is finished
30.04 21:06:45 Scanning 74 point from 204
30.04 21:06:45 Going to coordinates X=-21.844, Y=-36.033
30.04 21:06:45 Moving is finished
30.04 21:08:22 Scanning 75 point from 204
30.04 21:08:22 Going to coordinates X=-21.744, Y=-36.033
30.04 21:08:22 Moving is finished
30.04 21:09:59 Scanning 76 point from 204
30.04 21:09:59 Going to coordinates X=-21.644, Y=-36.033
30.04 21:09:59 Moving is finished
30.04 21:11:36 Scanning 77 point from 204
30.04 21:11:36 Going to coordinates X=-21.544, Y=-36.033
30.04 21:11:36 Moving is finished
30.04 21:13:13 Scanning 78 point from 204
30.04 21:13:13 Going to coordinates X=-21.444, Y=-36.033
30.04 21:13:13 Moving is finished
30.04 21:14:50 Scanning 79 point from 204
30.04 21:14:50 Going to coordinates X=-21.344, Y=-36.033
30.04 21:14:50 Moving is finished
30.04 21:16:27 Scanning 80 point from 204
30.04 21:16:27 Going to coordinates X=-21.244, Y=-36.033
30.04 21:16:27 Moving is finished
30.04 21:18:04 Scanning 81 point from 204
30.04 21:18:04 Going to coordinates X=-21.144, Y=-36.033
30.04 21:18:04 Moving is finished
30.04 21:19:41 Scanning 82 point from 204
30.04 21:19:41 Going to coordinates X=-21.044, Y=-36.033
30.04 21:19:42 Moving is finished
30.04 21:21:18 Scanning 83 point from 204
30.04 21:21:18 Going to coordinates X=-20.944, Y=-36.033
30.04 21:21:18 Moving is finished
30.04 21:22:56 Scanning 84 point from 204
30.04 21:22:56 Going to coordinates X=-20.844, Y=-36.033
30.04 21:22:56 Moving is finished
30.04 21:24:33 Scanning 85 point from 204
30.04 21:24:33 Going to coordinates X=-22.444, Y=-35.933
30.04 21:24:34 Moving is finished
30.04 21:26:10 Scanning 86 point from 204
30.04 21:26:10 Going to coordinates X=-22.344, Y=-35.933
30.04 21:26:11 Moving is finished
30.04 21:27:47 Scanning 87 point from 204
30.04 21:27:47 Going to coordinates X=-22.244, Y=-35.933
30.04 21:27:48 Moving is finished
30.04 21:29:25 Scanning 88 point from 204
30.04 21:29:25 Going to coordinates X=-22.144, Y=-35.933
30.04 21:29:25 Moving is finished
30.04 21:31:03 Scanning 89 point from 204
30.04 21:31:03 Going to coordinates X=-22.044, Y=-35.933
30.04 21:31:03 Moving is finished
30.04 21:32:40 Scanning 90 point from 204
30.04 21:32:40 Going to coordinates X=-21.944, Y=-35.933
30.04 21:32:40 Moving is finished
30.04 21:34:17 Scanning 91 point from 204
30.04 21:34:17 Going to coordinates X=-21.844, Y=-35.933
30.04 21:34:17 Moving is finished
30.04 21:35:54 Scanning 92 point from 204
30.04 21:35:54 Going to coordinates X=-21.744, Y=-35.933
30.04 21:35:55 Moving is finished
30.04 21:37:31 Scanning 93 point from 204
30.04 21:37:31 Going to coordinates X=-21.644, Y=-35.933
30.04 21:37:31 Moving is finished
30.04 21:39:08 Scanning 94 point from 204
30.04 21:39:08 Going to coordinates X=-21.544, Y=-35.933
30.04 21:39:08 Moving is finished
30.04 21:40:45 Scanning 95 point from 204
30.04 21:40:45 Going to coordinates X=-21.444, Y=-35.933
30.04 21:40:46 Moving is finished
30.04 21:42:22 Scanning 96 point from 204
30.04 21:42:22 Going to coordinates X=-21.344, Y=-35.933
30.04 21:42:22 Moving is finished
30.04 21:43:59 Scanning 97 point from 204
30.04 21:43:59 Going to coordinates X=-21.244, Y=-35.933
30.04 21:44:00 Moving is finished
30.04 21:45:36 Scanning 98 point from 204
30.04 21:45:36 Going to coordinates X=-21.144, Y=-35.933
30.04 21:45:36 Moving is finished
30.04 21:47:13 Scanning 99 point from 204
30.04 21:47:13 Going to coordinates X=-21.044, Y=-35.933
30.04 21:47:13 Moving is finished
30.04 21:48:50 Scanning 100 point from 204
30.04 21:48:50 Going to coordinates X=-20.944, Y=-35.933
30.04 21:48:51 Moving is finished
30.04 21:50:28 Scanning 101 point from 204
30.04 21:50:28 Going to coordinates X=-20.844, Y=-35.933
30.04 21:50:28 Moving is finished
30.04 21:52:05 Scanning 102 point from 204
30.04 21:52:05 Going to coordinates X=-22.444, Y=-35.833
30.04 21:52:06 Moving is finished
30.04 21:53:42 Scanning 103 point from 204
30.04 21:53:42 Going to coordinates X=-22.344, Y=-35.833
30.04 21:53:43 Moving is finished
30.04 21:55:20 Scanning 104 point from 204
30.04 21:55:20 Going to coordinates X=-22.244, Y=-35.833
30.04 21:55:20 Moving is finished
30.04 21:56:56 Scanning 105 point from 204
30.04 21:56:56 Going to coordinates X=-22.144, Y=-35.833
30.04 21:56:57 Moving is finished
30.04 21:58:33 Scanning 106 point from 204
30.04 21:58:33 Going to coordinates X=-22.044, Y=-35.833
30.04 21:58:34 Moving is finished
30.04 22:00:10 Scanning 107 point from 204
30.04 22:00:10 Going to coordinates X=-21.944, Y=-35.833
30.04 22:00:11 Moving is finished
30.04 22:01:48 Scanning 108 point from 204
30.04 22:01:48 Going to coordinates X=-21.844, Y=-35.833
30.04 22:01:48 Moving is finished
30.04 22:03:25 Scanning 109 point from 204
30.04 22:03:25 Going to coordinates X=-21.744, Y=-35.833
30.04 22:03:25 Moving is finished
30.04 22:05:02 Scanning 110 point from 204
30.04 22:05:02 Going to coordinates X=-21.644, Y=-35.833
30.04 22:05:02 Moving is finished
30.04 22:06:39 Scanning 111 point from 204
30.04 22:06:39 Going to coordinates X=-21.544, Y=-35.833
30.04 22:06:39 Moving is finished
30.04 22:08:15 Scanning 112 point from 204
30.04 22:08:15 Going to coordinates X=-21.444, Y=-35.833
30.04 22:08:16 Moving is finished
30.04 22:09:53 Scanning 113 point from 204
30.04 22:09:53 Going to coordinates X=-21.344, Y=-35.833
30.04 22:09:53 Moving is finished
30.04 22:11:30 Scanning 114 point from 204
30.04 22:11:30 Going to coordinates X=-21.244, Y=-35.833
30.04 22:11:31 Moving is finished
30.04 22:13:07 Scanning 115 point from 204
30.04 22:13:07 Going to coordinates X=-21.144, Y=-35.833
30.04 22:13:07 Moving is finished
30.04 22:14:45 Scanning 116 point from 204
30.04 22:14:45 Going to coordinates X=-21.044, Y=-35.833
30.04 22:14:45 Moving is finished
30.04 22:16:22 Scanning 117 point from 204
30.04 22:16:22 Going to coordinates X=-20.944, Y=-35.833
30.04 22:16:22 Moving is finished
30.04 22:17:59 Scanning 118 point from 204
30.04 22:17:59 Going to coordinates X=-20.844, Y=-35.833
30.04 22:17:59 Moving is finished
30.04 22:19:36 Scanning 119 point from 204
30.04 22:19:36 Going to coordinates X=-22.444, Y=-35.733
30.04 22:19:37 Moving is finished
30.04 22:21:14 Scanning 120 point from 204
30.04 22:21:14 Going to coordinates X=-22.344, Y=-35.733
30.04 22:21:14 Moving is finished
30.04 22:22:51 Scanning 121 point from 204
30.04 22:22:51 Going to coordinates X=-22.244, Y=-35.733
30.04 22:22:51 Moving is finished
30.04 22:24:28 Scanning 122 point from 204
30.04 22:24:28 Going to coordinates X=-22.144, Y=-35.733
30.04 22:24:29 Moving is finished
30.04 22:26:05 Scanning 123 point from 204
30.04 22:26:05 Going to coordinates X=-22.044, Y=-35.733
30.04 22:26:06 Moving is finished
30.04 22:27:42 Scanning 124 point from 204
30.04 22:27:42 Going to coordinates X=-21.944, Y=-35.733
30.04 22:27:43 Moving is finished
30.04 22:29:20 Scanning 125 point from 204
30.04 22:29:20 Going to coordinates X=-21.844, Y=-35.733
30.04 22:29:20 Moving is finished
30.04 22:30:58 Scanning 126 point from 204
30.04 22:30:58 Going to coordinates X=-21.744, Y=-35.733
30.04 22:30:58 Moving is finished
30.04 22:32:34 Scanning 127 point from 204
30.04 22:32:34 Going to coordinates X=-21.644, Y=-35.733
30.04 22:32:34 Moving is finished
30.04 22:34:11 Scanning 128 point from 204
30.04 22:34:11 Going to coordinates X=-21.544, Y=-35.733
30.04 22:34:11 Moving is finished
30.04 22:35:48 Scanning 129 point from 204
30.04 22:35:48 Going to coordinates X=-21.444, Y=-35.733
30.04 22:35:49 Moving is finished
30.04 22:37:25 Scanning 130 point from 204
30.04 22:37:25 Going to coordinates X=-21.344, Y=-35.733
30.04 22:37:25 Moving is finished
30.04 22:39:02 Scanning 131 point from 204
30.04 22:39:02 Going to coordinates X=-21.244, Y=-35.733
30.04 22:39:02 Moving is finished
30.04 22:40:39 Scanning 132 point from 204
30.04 22:40:39 Going to coordinates X=-21.144, Y=-35.733
30.04 22:40:39 Moving is finished
30.04 22:42:16 Scanning 133 point from 204
30.04 22:42:16 Going to coordinates X=-21.044, Y=-35.733
30.04 22:42:16 Moving is finished
30.04 22:43:52 Scanning 134 point from 204
30.04 22:43:52 Going to coordinates X=-20.944, Y=-35.733
30.04 22:43:53 Moving is finished
30.04 22:45:29 Scanning 135 point from 204
30.04 22:45:29 Going to coordinates X=-20.844, Y=-35.733
30.04 22:45:30 Moving is finished
30.04 22:47:06 Scanning 136 point from 204
30.04 22:47:06 Going to coordinates X=-22.444, Y=-35.633
30.04 22:47:07 Moving is finished
30.04 22:48:44 Scanning 137 point from 204
30.04 22:48:44 Going to coordinates X=-22.344, Y=-35.633
30.04 22:48:44 Moving is finished
30.04 22:50:21 Scanning 138 point from 204
30.04 22:50:21 Going to coordinates X=-22.244, Y=-35.633
30.04 22:50:21 Moving is finished
30.04 22:51:59 Scanning 139 point from 204
30.04 22:51:59 Going to coordinates X=-22.144, Y=-35.633
30.04 22:51:59 Moving is finished
30.04 22:53:36 Scanning 140 point from 204
30.04 22:53:36 Going to coordinates X=-22.044, Y=-35.633
30.04 22:53:36 Moving is finished
30.04 22:55:13 Scanning 141 point from 204
30.04 22:55:13 Going to coordinates X=-21.944, Y=-35.633
30.04 22:55:14 Moving is finished
30.04 22:56:50 Scanning 142 point from 204
30.04 22:56:50 Going to coordinates X=-21.844, Y=-35.633
30.04 22:56:51 Moving is finished
30.04 22:58:28 Scanning 143 point from 204
30.04 22:58:28 Going to coordinates X=-21.744, Y=-35.633
30.04 22:58:28 Moving is finished
30.04 23:00:05 Scanning 144 point from 204
30.04 23:00:05 Going to coordinates X=-21.644, Y=-35.633
30.04 23:00:05 Moving is finished
30.04 23:01:42 Scanning 145 point from 204
30.04 23:01:42 Going to coordinates X=-21.544, Y=-35.633
30.04 23:01:43 Moving is finished
30.04 23:03:19 Scanning 146 point from 204
30.04 23:03:19 Going to coordinates X=-21.444, Y=-35.633
30.04 23:03:20 Moving is finished
30.04 23:04:56 Scanning 147 point from 204
30.04 23:04:56 Going to coordinates X=-21.344, Y=-35.633
30.04 23:04:57 Moving is finished
30.04 23:06:33 Scanning 148 point from 204
30.04 23:06:33 Going to coordinates X=-21.244, Y=-35.633
30.04 23:06:33 Moving is finished
30.04 23:08:10 Scanning 149 point from 204
30.04 23:08:10 Going to coordinates X=-21.144, Y=-35.633
30.04 23:08:10 Moving is finished
30.04 23:09:47 Scanning 150 point from 204
30.04 23:09:47 Going to coordinates X=-21.044, Y=-35.633
30.04 23:09:47 Moving is finished
30.04 23:11:24 Scanning 151 point from 204
30.04 23:11:24 Going to coordinates X=-20.944, Y=-35.633
30.04 23:11:24 Moving is finished
30.04 23:13:01 Scanning 152 point from 204
30.04 23:13:01 Going to coordinates X=-20.844, Y=-35.633
30.04 23:13:01 Moving is finished
30.04 23:14:38 Scanning 153 point from 204
30.04 23:14:38 Going to coordinates X=-22.444, Y=-35.533
30.04 23:14:39 Moving is finished
30.04 23:16:17 Scanning 154 point from 204
30.04 23:16:17 Going to coordinates X=-22.344, Y=-35.533
30.04 23:16:17 Moving is finished
30.04 23:17:55 Scanning 155 point from 204
30.04 23:17:55 Going to coordinates X=-22.244, Y=-35.533
30.04 23:17:56 Moving is finished
30.04 23:19:33 Scanning 156 point from 204
30.04 23:19:33 Going to coordinates X=-22.144, Y=-35.533
30.04 23:19:33 Moving is finished
30.04 23:21:10 Scanning 157 point from 204
30.04 23:21:10 Going to coordinates X=-22.044, Y=-35.533
30.04 23:21:11 Moving is finished
30.04 23:22:49 Scanning 158 point from 204
30.04 23:22:49 Going to coordinates X=-21.944, Y=-35.533
30.04 23:22:49 Moving is finished
30.04 23:24:26 Scanning 159 point from 204
30.04 23:24:26 Going to coordinates X=-21.844, Y=-35.533
30.04 23:24:26 Moving is finished
30.04 23:26:03 Scanning 160 point from 204
30.04 23:26:03 Going to coordinates X=-21.744, Y=-35.533
30.04 23:26:03 Moving is finished
30.04 23:27:39 Scanning 161 point from 204
30.04 23:27:39 Going to coordinates X=-21.644, Y=-35.533
30.04 23:27:40 Moving is finished
30.04 23:29:16 Scanning 162 point from 204
30.04 23:29:16 Going to coordinates X=-21.544, Y=-35.533
30.04 23:29:17 Moving is finished
30.04 23:30:53 Scanning 163 point from 204
30.04 23:30:53 Going to coordinates X=-21.444, Y=-35.533
30.04 23:30:53 Moving is finished
30.04 23:32:30 Scanning 164 point from 204
30.04 23:32:30 Going to coordinates X=-21.344, Y=-35.533
30.04 23:32:30 Moving is finished
30.04 23:34:07 Scanning 165 point from 204
30.04 23:34:07 Going to coordinates X=-21.244, Y=-35.533
30.04 23:34:08 Moving is finished
30.04 23:35:44 Scanning 166 point from 204
30.04 23:35:44 Going to coordinates X=-21.144, Y=-35.533
30.04 23:35:44 Moving is finished
30.04 23:37:21 Scanning 167 point from 204
30.04 23:37:21 Going to coordinates X=-21.044, Y=-35.533
30.04 23:37:22 Moving is finished
30.04 23:38:58 Scanning 168 point from 204
30.04 23:38:58 Going to coordinates X=-20.944, Y=-35.533
30.04 23:38:59 Moving is finished
30.04 23:40:35 Scanning 169 point from 204
30.04 23:40:35 Going to coordinates X=-20.844, Y=-35.533
30.04 23:40:35 Moving is finished
30.04 23:42:12 Scanning 170 point from 204
30.04 23:42:12 Going to coordinates X=-22.444, Y=-35.433
30.04 23:42:13 Moving is finished
30.04 23:43:49 Scanning 171 point from 204
30.04 23:43:49 Going to coordinates X=-22.344, Y=-35.433
30.04 23:43:50 Moving is finished
30.04 23:45:26 Scanning 172 point from 204
30.04 23:45:26 Going to coordinates X=-22.244, Y=-35.433
30.04 23:45:26 Moving is finished
30.04 23:47:03 Scanning 173 point from 204
30.04 23:47:03 Going to coordinates X=-22.144, Y=-35.433
30.04 23:47:03 Moving is finished
30.04 23:48:39 Scanning 174 point from 204
30.04 23:48:39 Going to coordinates X=-22.044, Y=-35.433
30.04 23:48:40 Moving is finished
30.04 23:50:16 Scanning 175 point from 204
30.04 23:50:16 Going to coordinates X=-21.944, Y=-35.433
30.04 23:50:17 Moving is finished
30.04 23:51:53 Scanning 176 point from 204
30.04 23:51:53 Going to coordinates X=-21.844, Y=-35.433
30.04 23:51:54 Moving is finished
30.04 23:53:31 Scanning 177 point from 204
30.04 23:53:31 Going to coordinates X=-21.744, Y=-35.433
30.04 23:53:31 Moving is finished
30.04 23:55:07 Scanning 178 point from 204
30.04 23:55:07 Going to coordinates X=-21.644, Y=-35.433
30.04 23:55:08 Moving is finished
30.04 23:56:44 Scanning 179 point from 204
30.04 23:56:44 Going to coordinates X=-21.544, Y=-35.433
30.04 23:56:45 Moving is finished
30.04 23:58:21 Scanning 180 point from 204
30.04 23:58:21 Going to coordinates X=-21.444, Y=-35.433
30.04 23:58:21 Moving is finished
30.04 23:59:58 Scanning 181 point from 204
30.04 23:59:58 Going to coordinates X=-21.344, Y=-35.433
30.04 23:59:58 Moving is finished
01.05 00:01:35 Scanning 182 point from 204
01.05 00:01:35 Going to coordinates X=-21.244, Y=-35.433
01.05 00:01:35 Moving is finished
01.05 00:03:12 Scanning 183 point from 204
01.05 00:03:12 Going to coordinates X=-21.144, Y=-35.433
01.05 00:03:13 Moving is finished
01.05 00:04:49 Scanning 184 point from 204
01.05 00:04:49 Going to coordinates X=-21.044, Y=-35.433
01.05 00:04:49 Moving is finished
01.05 00:06:26 Scanning 185 point from 204
01.05 00:06:26 Going to coordinates X=-20.944, Y=-35.433
01.05 00:06:26 Moving is finished
01.05 00:08:04 Scanning 186 point from 204
01.05 00:08:04 Going to coordinates X=-20.844, Y=-35.433
01.05 00:08:04 Moving is finished
01.05 00:09:40 Scanning 187 point from 204
01.05 00:09:40 Going to coordinates X=-22.444, Y=-35.333
01.05 00:09:41 Moving is finished
01.05 00:11:18 Scanning 188 point from 204
01.05 00:11:18 Going to coordinates X=-22.344, Y=-35.333
01.05 00:11:18 Moving is finished
01.05 00:12:55 Scanning 189 point from 204
01.05 00:12:55 Going to coordinates X=-22.244, Y=-35.333
01.05 00:12:55 Moving is finished
01.05 00:14:33 Scanning 190 point from 204
01.05 00:14:33 Going to coordinates X=-22.144, Y=-35.333
01.05 00:14:33 Moving is finished
01.05 00:16:10 Scanning 191 point from 204
01.05 00:16:10 Going to coordinates X=-22.044, Y=-35.333
01.05 00:16:10 Moving is finished
01.05 00:17:47 Scanning 192 point from 204
01.05 00:17:47 Going to coordinates X=-21.944, Y=-35.333
01.05 00:17:47 Moving is finished
01.05 00:19:24 Scanning 193 point from 204
01.05 00:19:24 Going to coordinates X=-21.844, Y=-35.333
01.05 00:19:24 Moving is finished
01.05 00:21:01 Scanning 194 point from 204
01.05 00:21:01 Going to coordinates X=-21.744, Y=-35.333
01.05 00:21:01 Moving is finished
01.05 00:22:37 Scanning 195 point from 204
01.05 00:22:37 Going to coordinates X=-21.644, Y=-35.333
01.05 00:22:38 Moving is finished
01.05 00:24:14 Scanning 196 point from 204
01.05 00:24:14 Going to coordinates X=-21.544, Y=-35.333
01.05 00:24:15 Moving is finished
01.05 00:25:52 Scanning 197 point from 204
01.05 00:25:52 Going to coordinates X=-21.444, Y=-35.333
01.05 00:25:52 Moving is finished
01.05 00:27:29 Scanning 198 point from 204
01.05 00:27:29 Going to coordinates X=-21.344, Y=-35.333
01.05 00:27:29 Moving is finished
01.05 00:29:06 Scanning 199 point from 204
01.05 00:29:06 Going to coordinates X=-21.244, Y=-35.333
01.05 00:29:06 Moving is finished
01.05 00:30:43 Scanning 200 point from 204
01.05 00:30:43 Going to coordinates X=-21.144, Y=-35.333
01.05 00:30:43 Moving is finished
01.05 00:32:19 Scanning 201 point from 204
01.05 00:32:19 Going to coordinates X=-21.044, Y=-35.333
01.05 00:32:20 Moving is finished
01.05 00:33:57 Scanning 202 point from 204
01.05 00:33:57 Going to coordinates X=-20.944, Y=-35.333
01.05 00:33:57 Moving is finished
01.05 00:35:34 Scanning 203 point from 204
01.05 00:35:34 Going to coordinates X=-20.844, Y=-35.333
01.05 00:35:34 Moving is finished
