10.07 14:13:38 Initializing grbl...
10.07 14:13:39 Got the response: b''
10.07 14:17:29 Row 0: 10.07 14:17:29 Map: x1: -14.649, y1: -39.395, x2: -14.26, y2: -39.979, xres: 0.030, yres: 0.030, fname: mlmseracooh
10.07 14:17:29 Scanning 0 point from 294
10.07 14:17:29 Going to coordinates X=-14.649, Y=-39.979
10.07 14:17:29 Moving is finished
10.07 14:19:06 Scanning 1 point from 294
10.07 14:19:06 Going to coordinates X=-14.619, Y=-39.979
10.07 14:19:06 Moving is finished
10.07 14:20:43 Scanning 2 point from 294
10.07 14:20:43 Going to coordinates X=-14.589, Y=-39.979
10.07 14:20:43 Moving is finished
10.07 14:22:20 Scanning 3 point from 294
10.07 14:22:20 Going to coordinates X=-14.559, Y=-39.979
10.07 14:22:21 Moving is finished
10.07 14:23:57 Scanning 4 point from 294
10.07 14:23:57 Going to coordinates X=-14.529, Y=-39.979
10.07 14:23:57 Moving is finished
10.07 14:25:34 Scanning 5 point from 294
10.07 14:25:34 Going to coordinates X=-14.499, Y=-39.979
10.07 14:25:34 Moving is finished
10.07 14:27:11 Scanning 6 point from 294
10.07 14:27:11 Going to coordinates X=-14.469, Y=-39.979
10.07 14:27:12 Moving is finished
10.07 14:28:48 Scanning 7 point from 294
10.07 14:28:48 Going to coordinates X=-14.439, Y=-39.979
10.07 14:28:49 Moving is finished
10.07 14:30:25 Scanning 8 point from 294
10.07 14:30:25 Going to coordinates X=-14.409, Y=-39.979
10.07 14:30:25 Moving is finished
10.07 14:32:02 Scanning 9 point from 294
10.07 14:32:02 Going to coordinates X=-14.379, Y=-39.979
10.07 14:32:02 Moving is finished
10.07 14:33:39 Scanning 10 point from 294
10.07 14:33:39 Going to coordinates X=-14.349, Y=-39.979
10.07 14:33:40 Moving is finished
10.07 14:35:17 Scanning 11 point from 294
10.07 14:35:17 Going to coordinates X=-14.319, Y=-39.979
10.07 14:35:17 Moving is finished
10.07 14:36:54 Scanning 12 point from 294
10.07 14:36:54 Going to coordinates X=-14.289, Y=-39.979
10.07 14:36:54 Moving is finished
10.07 14:38:30 Scanning 13 point from 294
10.07 14:38:30 Going to coordinates X=-14.259, Y=-39.979
10.07 14:38:30 Moving is finished
10.07 14:40:08 Scanning 14 point from 294
10.07 14:40:08 Going to coordinates X=-14.649, Y=-39.949
10.07 14:40:08 Moving is finished
10.07 14:41:44 Scanning 15 point from 294
10.07 14:41:44 Going to coordinates X=-14.619, Y=-39.949
10.07 14:41:45 Moving is finished
10.07 14:43:21 Scanning 16 point from 294
10.07 14:43:21 Going to coordinates X=-14.589, Y=-39.949
10.07 14:43:22 Moving is finished
10.07 14:44:58 Scanning 17 point from 294
10.07 14:44:58 Going to coordinates X=-14.559, Y=-39.949
10.07 14:44:58 Moving is finished
10.07 14:46:35 Scanning 18 point from 294
10.07 14:46:35 Going to coordinates X=-14.529, Y=-39.949
10.07 14:46:35 Moving is finished
10.07 14:48:12 Scanning 19 point from 294
10.07 14:48:12 Going to coordinates X=-14.499, Y=-39.949
10.07 14:48:12 Moving is finished
10.07 14:49:49 Scanning 20 point from 294
10.07 14:49:49 Going to coordinates X=-14.469, Y=-39.949
10.07 14:49:50 Moving is finished
10.07 14:51:26 Scanning 21 point from 294
10.07 14:51:26 Going to coordinates X=-14.439, Y=-39.949
10.07 14:51:27 Moving is finished
10.07 14:53:03 Scanning 22 point from 294
10.07 14:53:03 Going to coordinates X=-14.409, Y=-39.949
10.07 14:53:03 Moving is finished
10.07 14:54:39 Scanning 23 point from 294
10.07 14:54:39 Going to coordinates X=-14.379, Y=-39.949
10.07 14:54:39 Moving is finished
10.07 14:56:16 Scanning 24 point from 294
10.07 14:56:16 Going to coordinates X=-14.349, Y=-39.949
10.07 14:56:17 Moving is finished
10.07 14:57:53 Scanning 25 point from 294
10.07 14:57:53 Going to coordinates X=-14.319, Y=-39.949
10.07 14:57:54 Moving is finished
10.07 14:59:30 Scanning 26 point from 294
10.07 14:59:30 Going to coordinates X=-14.289, Y=-39.949
10.07 14:59:30 Moving is finished
10.07 15:01:07 Scanning 27 point from 294
10.07 15:01:07 Going to coordinates X=-14.259, Y=-39.949
10.07 15:01:07 Moving is finished
10.07 15:02:43 Scanning 28 point from 294
10.07 15:02:43 Going to coordinates X=-14.649, Y=-39.919
10.07 15:02:44 Moving is finished
10.07 15:04:20 Scanning 29 point from 294
10.07 15:04:20 Going to coordinates X=-14.619, Y=-39.919
10.07 15:04:21 Moving is finished
10.07 15:05:57 Scanning 30 point from 294
10.07 15:05:57 Going to coordinates X=-14.589, Y=-39.919
10.07 15:05:57 Moving is finished
10.07 15:07:34 Scanning 31 point from 294
10.07 15:07:34 Going to coordinates X=-14.559, Y=-39.919
10.07 15:07:34 Moving is finished
10.07 15:09:11 Scanning 32 point from 294
10.07 15:09:11 Going to coordinates X=-14.529, Y=-39.919
10.07 15:09:11 Moving is finished
10.07 15:10:47 Scanning 33 point from 294
10.07 15:10:47 Going to coordinates X=-14.499, Y=-39.919
10.07 15:10:47 Moving is finished
10.07 15:12:24 Scanning 34 point from 294
10.07 15:12:24 Going to coordinates X=-14.469, Y=-39.919
10.07 15:12:24 Moving is finished
10.07 15:14:00 Scanning 35 point from 294
10.07 15:14:00 Going to coordinates X=-14.439, Y=-39.919
10.07 15:14:01 Moving is finished
10.07 15:15:37 Scanning 36 point from 294
10.07 15:15:37 Going to coordinates X=-14.409, Y=-39.919
10.07 15:15:37 Moving is finished
10.07 15:17:14 Scanning 37 point from 294
10.07 15:17:14 Going to coordinates X=-14.379, Y=-39.919
10.07 15:17:14 Moving is finished
10.07 15:18:52 Scanning 38 point from 294
10.07 15:18:52 Going to coordinates X=-14.349, Y=-39.919
10.07 15:18:52 Moving is finished
10.07 15:20:29 Scanning 39 point from 294
10.07 15:20:29 Going to coordinates X=-14.319, Y=-39.919
10.07 15:20:29 Moving is finished
10.07 15:22:05 Scanning 40 point from 294
10.07 15:22:05 Going to coordinates X=-14.289, Y=-39.919
10.07 15:22:06 Moving is finished
10.07 15:23:42 Scanning 41 point from 294
10.07 15:23:42 Going to coordinates X=-14.259, Y=-39.919
10.07 15:23:42 Moving is finished
10.07 15:25:19 Scanning 42 point from 294
10.07 15:25:19 Going to coordinates X=-14.649, Y=-39.889
10.07 15:25:19 Moving is finished
10.07 15:25:39 Stopped!
10.07 15:29:44 Row 0: 10.07 15:29:44 Map: x1: -15.538, y1: -37.292, x2: -15.548, y2: -37.374, xres: 0.010, yres: 0.010, fname: mlmseracooh
10.07 15:29:44 Scanning 0 point from 20
10.07 15:29:44 Going to coordinates X=-15.548, Y=-37.374
10.07 15:29:44 Moving is finished
10.07 15:31:21 Scanning 1 point from 20
10.07 15:31:21 Going to coordinates X=-15.538, Y=-37.374
10.07 15:31:22 Moving is finished
10.07 15:32:58 Scanning 2 point from 20
10.07 15:32:58 Going to coordinates X=-15.548, Y=-37.364
10.07 15:32:58 Moving is finished
10.07 15:34:35 Scanning 3 point from 20
10.07 15:34:35 Going to coordinates X=-15.538, Y=-37.364
10.07 15:34:35 Moving is finished
