27.12 08:30:02 Initializing grbl...
27.12 08:30:03 Got the response: b''
27.12 08:32:09 Row 0: 27.12 08:32:09 Map: x1: -14.808, y1: -37.056, x2: -13.918, y2: -38.738, xres: 0.050, yres: 0.050, fname: Mart gluc A
27.12 08:32:09 Scanning 0 point from 665
27.12 08:32:14 Going to coordinates X=-14.808, Y=-38.738
27.12 08:32:15 Moving is finished
27.12 08:34:23 Scanning 1 point from 665
27.12 08:34:23 Going to coordinates X=-14.758, Y=-38.738
27.12 08:34:23 Moving is finished
27.12 08:36:31 Scanning 2 point from 665
27.12 08:36:31 Going to coordinates X=-14.708, Y=-38.738
27.12 08:36:31 Moving is finished
27.12 08:38:39 Scanning 3 point from 665
27.12 08:38:39 Going to coordinates X=-14.658, Y=-38.738
27.12 08:38:39 Moving is finished
27.12 08:40:48 Scanning 4 point from 665
27.12 08:40:48 Going to coordinates X=-14.608, Y=-38.738
27.12 08:40:48 Moving is finished
27.12 08:42:56 Scanning 5 point from 665
27.12 08:42:56 Going to coordinates X=-14.558, Y=-38.738
27.12 08:42:56 Moving is finished
27.12 08:45:05 Scanning 6 point from 665
27.12 08:45:05 Going to coordinates X=-14.508, Y=-38.738
27.12 08:45:05 Moving is finished
27.12 08:47:13 Scanning 7 point from 665
27.12 08:47:13 Going to coordinates X=-14.458, Y=-38.738
27.12 08:47:13 Moving is finished
27.12 08:49:21 Scanning 8 point from 665
27.12 08:49:21 Going to coordinates X=-14.408, Y=-38.738
27.12 08:49:21 Moving is finished
27.12 08:51:29 Scanning 9 point from 665
27.12 08:51:29 Going to coordinates X=-14.358, Y=-38.738
27.12 08:51:29 Moving is finished
27.12 08:53:38 Scanning 10 point from 665
27.12 08:53:44 Going to coordinates X=-14.308, Y=-38.738
27.12 08:53:44 Moving is finished
27.12 08:55:52 Scanning 11 point from 665
27.12 08:55:52 Going to coordinates X=-14.258, Y=-38.738
27.12 08:55:52 Moving is finished
27.12 08:58:01 Scanning 12 point from 665
27.12 08:58:01 Going to coordinates X=-14.208, Y=-38.738
27.12 08:58:01 Moving is finished
27.12 09:00:09 Scanning 13 point from 665
27.12 09:00:09 Going to coordinates X=-14.158, Y=-38.738
27.12 09:00:09 Moving is finished
27.12 09:00:14 Stopped!
27.12 09:00:25 Row 0: 27.12 09:00:25 Map: x1: -14.808, y1: -37.056, x2: -13.918, y2: -38.738, xres: 0.050, yres: 0.050, fname: Mart gluc A
27.12 09:00:25 Scanning 0 point from 665
27.12 09:00:29 Going to coordinates X=-14.808, Y=-38.738
27.12 09:00:30 Moving is finished
27.12 09:00:39 Scanning 1 point from 665
27.12 09:00:39 Paused
27.12 09:00:40 Going to coordinates X=-14.758, Y=-38.738
27.12 09:00:40 Moving is finished
27.12 09:02:48 Scanning 2 point from 665
27.12 09:02:48 Going to coordinates X=-14.708, Y=-38.738
27.12 09:02:48 Moving is finished
27.12 09:04:56 Scanning 3 point from 665
27.12 09:04:56 Going to coordinates X=-14.658, Y=-38.738
27.12 09:04:56 Moving is finished
27.12 09:07:05 Scanning 4 point from 665
27.12 09:07:05 Going to coordinates X=-14.608, Y=-38.738
27.12 09:07:05 Moving is finished
27.12 09:09:13 Scanning 5 point from 665
27.12 09:09:13 Going to coordinates X=-14.558, Y=-38.738
27.12 09:09:13 Moving is finished
27.12 09:11:21 Scanning 6 point from 665
27.12 09:11:21 Going to coordinates X=-14.508, Y=-38.738
27.12 09:11:22 Moving is finished
27.12 09:13:30 Scanning 7 point from 665
27.12 09:13:30 Going to coordinates X=-14.458, Y=-38.738
27.12 09:13:30 Moving is finished
27.12 09:15:38 Scanning 8 point from 665
27.12 09:15:38 Going to coordinates X=-14.408, Y=-38.738
27.12 09:15:38 Moving is finished
27.12 09:17:47 Scanning 9 point from 665
27.12 09:17:47 Going to coordinates X=-14.358, Y=-38.738
27.12 09:17:47 Moving is finished
27.12 09:19:56 Scanning 10 point from 665
27.12 09:20:01 Going to coordinates X=-14.308, Y=-38.738
27.12 09:20:02 Moving is finished
27.12 09:22:10 Scanning 11 point from 665
27.12 09:22:10 Going to coordinates X=-14.258, Y=-38.738
27.12 09:22:10 Moving is finished
27.12 09:24:18 Scanning 12 point from 665
27.12 09:24:18 Going to coordinates X=-14.208, Y=-38.738
27.12 09:24:19 Moving is finished
27.12 09:26:27 Scanning 13 point from 665
27.12 09:26:27 Going to coordinates X=-14.158, Y=-38.738
27.12 09:26:27 Moving is finished
27.12 09:28:36 Scanning 14 point from 665
27.12 09:28:36 Going to coordinates X=-14.108, Y=-38.738
27.12 09:28:36 Moving is finished
27.12 09:30:45 Scanning 15 point from 665
27.12 09:30:45 Going to coordinates X=-14.058, Y=-38.738
27.12 09:30:45 Moving is finished
27.12 09:32:53 Scanning 16 point from 665
27.12 09:32:53 Going to coordinates X=-14.008, Y=-38.738
27.12 09:32:54 Moving is finished
27.12 09:35:02 Scanning 17 point from 665
27.12 09:35:02 Going to coordinates X=-13.958, Y=-38.738
27.12 09:35:03 Moving is finished
27.12 09:37:11 Scanning 18 point from 665
27.12 09:37:11 Going to coordinates X=-13.908, Y=-38.738
27.12 09:37:11 Moving is finished
27.12 09:39:19 Scanning 19 point from 665
27.12 09:39:19 Going to coordinates X=-14.808, Y=-38.688
27.12 09:39:20 Moving is finished
27.12 09:41:29 Scanning 20 point from 665
27.12 09:41:34 Going to coordinates X=-14.758, Y=-38.688
27.12 09:41:34 Moving is finished
27.12 09:43:42 Scanning 21 point from 665
27.12 09:43:42 Going to coordinates X=-14.708, Y=-38.688
27.12 09:43:42 Moving is finished
27.12 09:45:50 Scanning 22 point from 665
27.12 09:45:50 Going to coordinates X=-14.658, Y=-38.688
27.12 09:45:51 Moving is finished
27.12 09:47:59 Scanning 23 point from 665
27.12 09:47:59 Going to coordinates X=-14.608, Y=-38.688
27.12 09:47:59 Moving is finished
27.12 09:50:07 Scanning 24 point from 665
27.12 09:50:07 Going to coordinates X=-14.558, Y=-38.688
27.12 09:50:07 Moving is finished
27.12 09:52:15 Scanning 25 point from 665
27.12 09:52:15 Going to coordinates X=-14.508, Y=-38.688
27.12 09:52:16 Moving is finished
27.12 09:54:24 Scanning 26 point from 665
27.12 09:54:24 Going to coordinates X=-14.458, Y=-38.688
27.12 09:54:25 Moving is finished
27.12 09:56:33 Scanning 27 point from 665
27.12 09:56:33 Going to coordinates X=-14.408, Y=-38.688
27.12 09:56:33 Moving is finished
27.12 09:58:41 Scanning 28 point from 665
27.12 09:58:41 Going to coordinates X=-14.358, Y=-38.688
27.12 09:58:41 Moving is finished
27.12 10:00:49 Scanning 29 point from 665
27.12 10:00:49 Going to coordinates X=-14.308, Y=-38.688
27.12 10:00:49 Moving is finished
27.12 10:02:57 Scanning 30 point from 665
27.12 10:03:03 Going to coordinates X=-14.258, Y=-38.688
27.12 10:03:03 Moving is finished
27.12 10:05:12 Scanning 31 point from 665
27.12 10:05:12 Going to coordinates X=-14.208, Y=-38.688
27.12 10:05:12 Moving is finished
27.12 10:07:20 Scanning 32 point from 665
27.12 10:07:20 Going to coordinates X=-14.158, Y=-38.688
27.12 10:07:20 Moving is finished
27.12 10:09:28 Scanning 33 point from 665
27.12 10:09:28 Going to coordinates X=-14.108, Y=-38.688
27.12 10:09:29 Moving is finished
27.12 10:11:37 Scanning 34 point from 665
27.12 10:11:37 Going to coordinates X=-14.058, Y=-38.688
27.12 10:11:37 Moving is finished
27.12 10:13:46 Scanning 35 point from 665
27.12 10:13:46 Going to coordinates X=-14.008, Y=-38.688
27.12 10:13:46 Moving is finished
27.12 10:15:54 Scanning 36 point from 665
27.12 10:15:54 Going to coordinates X=-13.958, Y=-38.688
27.12 10:15:54 Moving is finished
27.12 10:18:03 Scanning 37 point from 665
27.12 10:18:03 Going to coordinates X=-13.908, Y=-38.688
27.12 10:18:03 Moving is finished
27.12 10:20:11 Scanning 38 point from 665
27.12 10:20:11 Going to coordinates X=-14.808, Y=-38.638
27.12 10:20:12 Moving is finished
27.12 10:22:20 Scanning 39 point from 665
27.12 10:22:20 Going to coordinates X=-14.758, Y=-38.638
27.12 10:22:20 Moving is finished
27.12 10:24:28 Scanning 40 point from 665
27.12 10:24:33 Going to coordinates X=-14.708, Y=-38.638
27.12 10:24:33 Moving is finished
27.12 10:26:43 Scanning 41 point from 665
27.12 10:26:43 Going to coordinates X=-14.658, Y=-38.638
27.12 10:26:43 Moving is finished
27.12 10:28:51 Scanning 42 point from 665
27.12 10:28:51 Going to coordinates X=-14.608, Y=-38.638
27.12 10:28:51 Moving is finished
27.12 10:30:59 Scanning 43 point from 665
27.12 10:30:59 Going to coordinates X=-14.558, Y=-38.638
27.12 10:31:00 Moving is finished
27.12 10:33:08 Scanning 44 point from 665
27.12 10:33:08 Going to coordinates X=-14.508, Y=-38.638
27.12 10:33:08 Moving is finished
27.12 10:35:16 Scanning 45 point from 665
27.12 10:35:16 Going to coordinates X=-14.458, Y=-38.638
27.12 10:35:16 Moving is finished
27.12 10:37:24 Scanning 46 point from 665
27.12 10:37:24 Going to coordinates X=-14.408, Y=-38.638
27.12 10:37:24 Moving is finished
27.12 10:39:32 Scanning 47 point from 665
27.12 10:39:32 Going to coordinates X=-14.358, Y=-38.638
27.12 10:39:32 Moving is finished
27.12 10:41:41 Scanning 48 point from 665
27.12 10:41:41 Going to coordinates X=-14.308, Y=-38.638
27.12 10:41:41 Moving is finished
27.12 10:43:48 Scanning 49 point from 665
27.12 10:43:48 Going to coordinates X=-14.258, Y=-38.638
27.12 10:43:49 Moving is finished
27.12 10:45:57 Scanning 50 point from 665
27.12 10:46:02 Going to coordinates X=-14.208, Y=-38.638
27.12 10:46:02 Moving is finished
27.12 10:48:10 Scanning 51 point from 665
27.12 10:48:10 Going to coordinates X=-14.158, Y=-38.638
27.12 10:48:10 Moving is finished
27.12 10:50:18 Scanning 52 point from 665
27.12 10:50:18 Going to coordinates X=-14.108, Y=-38.638
27.12 10:50:18 Moving is finished
27.12 10:52:26 Scanning 53 point from 665
27.12 10:52:26 Going to coordinates X=-14.058, Y=-38.638
27.12 10:52:27 Moving is finished
27.12 10:54:35 Scanning 54 point from 665
27.12 10:54:35 Going to coordinates X=-14.008, Y=-38.638
27.12 10:54:35 Moving is finished
27.12 10:56:43 Scanning 55 point from 665
27.12 10:56:43 Going to coordinates X=-13.958, Y=-38.638
27.12 10:56:44 Moving is finished
27.12 10:58:52 Scanning 56 point from 665
27.12 10:58:52 Going to coordinates X=-13.908, Y=-38.638
27.12 10:58:52 Moving is finished
27.12 11:01:01 Scanning 57 point from 665
27.12 11:01:01 Going to coordinates X=-14.808, Y=-38.588
27.12 11:01:01 Moving is finished
27.12 11:03:10 Scanning 58 point from 665
27.12 11:03:10 Going to coordinates X=-14.758, Y=-38.588
27.12 11:03:10 Moving is finished
27.12 11:05:18 Scanning 59 point from 665
27.12 11:05:18 Going to coordinates X=-14.708, Y=-38.588
27.12 11:05:19 Moving is finished
27.12 11:07:27 Scanning 60 point from 665
27.12 11:07:32 Going to coordinates X=-14.658, Y=-38.588
27.12 11:07:32 Moving is finished
27.12 11:09:40 Scanning 61 point from 665
27.12 11:09:40 Going to coordinates X=-14.608, Y=-38.588
27.12 11:09:40 Moving is finished
27.12 11:11:48 Scanning 62 point from 665
27.12 11:11:48 Going to coordinates X=-14.558, Y=-38.588
27.12 11:11:49 Moving is finished
27.12 11:13:57 Scanning 63 point from 665
27.12 11:13:57 Going to coordinates X=-14.508, Y=-38.588
27.12 11:13:57 Moving is finished
27.12 11:16:05 Scanning 64 point from 665
27.12 11:16:05 Going to coordinates X=-14.458, Y=-38.588
27.12 11:16:05 Moving is finished
27.12 11:18:13 Scanning 65 point from 665
27.12 11:18:13 Going to coordinates X=-14.408, Y=-38.588
27.12 11:18:13 Moving is finished
27.12 11:20:22 Scanning 66 point from 665
27.12 11:20:22 Going to coordinates X=-14.358, Y=-38.588
27.12 11:20:22 Moving is finished
27.12 11:22:30 Scanning 67 point from 665
27.12 11:22:30 Going to coordinates X=-14.308, Y=-38.588
27.12 11:22:30 Moving is finished
27.12 11:24:39 Scanning 68 point from 665
27.12 11:24:39 Going to coordinates X=-14.258, Y=-38.588
27.12 11:24:39 Moving is finished
27.12 11:26:47 Scanning 69 point from 665
27.12 11:26:47 Going to coordinates X=-14.208, Y=-38.588
27.12 11:26:47 Moving is finished
27.12 11:28:56 Scanning 70 point from 665
27.12 11:29:01 Going to coordinates X=-14.158, Y=-38.588
27.12 11:29:01 Moving is finished
27.12 11:31:10 Scanning 71 point from 665
27.12 11:31:10 Going to coordinates X=-14.108, Y=-38.588
27.12 11:31:10 Moving is finished
27.12 11:33:18 Scanning 72 point from 665
27.12 11:33:18 Going to coordinates X=-14.058, Y=-38.588
27.12 11:33:18 Moving is finished
27.12 11:35:26 Scanning 73 point from 665
27.12 11:35:26 Going to coordinates X=-14.008, Y=-38.588
27.12 11:35:26 Moving is finished
27.12 11:37:35 Scanning 74 point from 665
27.12 11:37:35 Going to coordinates X=-13.958, Y=-38.588
27.12 11:37:35 Moving is finished
27.12 11:39:43 Scanning 75 point from 665
27.12 11:39:43 Going to coordinates X=-13.908, Y=-38.588
27.12 11:39:43 Moving is finished
27.12 11:41:51 Scanning 76 point from 665
27.12 11:41:51 Going to coordinates X=-14.808, Y=-38.538
27.12 11:41:52 Moving is finished
27.12 11:44:00 Scanning 77 point from 665
27.12 11:44:00 Going to coordinates X=-14.758, Y=-38.538
27.12 11:44:01 Moving is finished
27.12 11:46:09 Scanning 78 point from 665
27.12 11:46:09 Going to coordinates X=-14.708, Y=-38.538
27.12 11:46:09 Moving is finished
27.12 11:48:17 Scanning 79 point from 665
27.12 11:48:17 Going to coordinates X=-14.658, Y=-38.538
27.12 11:48:17 Moving is finished
27.12 11:50:26 Scanning 80 point from 665
27.12 11:50:30 Going to coordinates X=-14.608, Y=-38.538
27.12 11:50:30 Moving is finished
27.12 11:52:38 Scanning 81 point from 665
27.12 11:52:38 Going to coordinates X=-14.558, Y=-38.538
27.12 11:52:38 Moving is finished
27.12 11:54:46 Scanning 82 point from 665
27.12 11:54:46 Going to coordinates X=-14.508, Y=-38.538
27.12 11:54:46 Moving is finished
27.12 11:56:54 Scanning 83 point from 665
27.12 11:56:54 Going to coordinates X=-14.458, Y=-38.538
27.12 11:56:54 Moving is finished
27.12 11:59:03 Scanning 84 point from 665
27.12 11:59:03 Going to coordinates X=-14.408, Y=-38.538
27.12 11:59:03 Moving is finished
27.12 12:01:11 Scanning 85 point from 665
27.12 12:01:11 Going to coordinates X=-14.358, Y=-38.538
27.12 12:01:11 Moving is finished
27.12 12:03:19 Scanning 86 point from 665
27.12 12:03:19 Going to coordinates X=-14.308, Y=-38.538
27.12 12:03:19 Moving is finished
27.12 12:05:28 Scanning 87 point from 665
27.12 12:05:28 Going to coordinates X=-14.258, Y=-38.538
27.12 12:05:28 Moving is finished
27.12 12:07:36 Scanning 88 point from 665
27.12 12:07:36 Going to coordinates X=-14.208, Y=-38.538
27.12 12:07:36 Moving is finished
27.12 12:09:44 Scanning 89 point from 665
27.12 12:09:44 Going to coordinates X=-14.158, Y=-38.538
27.12 12:09:44 Moving is finished
27.12 12:11:52 Scanning 90 point from 665
27.12 12:11:58 Going to coordinates X=-14.108, Y=-38.538
27.12 12:11:58 Moving is finished
27.12 12:14:06 Scanning 91 point from 665
27.12 12:14:06 Going to coordinates X=-14.058, Y=-38.538
27.12 12:14:06 Moving is finished
27.12 12:16:15 Scanning 92 point from 665
27.12 12:16:15 Going to coordinates X=-14.008, Y=-38.538
27.12 12:16:15 Moving is finished
27.12 12:18:23 Scanning 93 point from 665
27.12 12:18:23 Going to coordinates X=-13.958, Y=-38.538
27.12 12:18:23 Moving is finished
27.12 12:20:32 Scanning 94 point from 665
27.12 12:20:32 Going to coordinates X=-13.908, Y=-38.538
27.12 12:20:32 Moving is finished
27.12 12:22:40 Scanning 95 point from 665
27.12 12:22:40 Going to coordinates X=-14.808, Y=-38.488
27.12 12:22:41 Moving is finished
27.12 12:24:49 Scanning 96 point from 665
27.12 12:24:49 Going to coordinates X=-14.758, Y=-38.488
27.12 12:24:49 Moving is finished
27.12 12:26:57 Scanning 97 point from 665
27.12 12:26:57 Going to coordinates X=-14.708, Y=-38.488
27.12 12:26:58 Moving is finished
27.12 12:29:06 Scanning 98 point from 665
27.12 12:29:06 Going to coordinates X=-14.658, Y=-38.488
27.12 12:29:06 Moving is finished
27.12 12:31:14 Scanning 99 point from 665
27.12 12:31:14 Going to coordinates X=-14.608, Y=-38.488
27.12 12:31:14 Moving is finished
27.12 12:33:22 Scanning 100 point from 665
27.12 12:33:28 Going to coordinates X=-14.558, Y=-38.488
27.12 12:33:28 Moving is finished
27.12 12:35:37 Scanning 101 point from 665
27.12 12:35:37 Going to coordinates X=-14.508, Y=-38.488
27.12 12:35:37 Moving is finished
27.12 12:37:45 Scanning 102 point from 665
27.12 12:37:45 Going to coordinates X=-14.458, Y=-38.488
27.12 12:37:45 Moving is finished
27.12 12:39:53 Scanning 103 point from 665
27.12 12:39:53 Going to coordinates X=-14.408, Y=-38.488
27.12 12:39:54 Moving is finished
27.12 12:42:02 Scanning 104 point from 665
27.12 12:42:02 Going to coordinates X=-14.358, Y=-38.488
27.12 12:42:03 Moving is finished
27.12 12:44:11 Scanning 105 point from 665
27.12 12:44:11 Going to coordinates X=-14.308, Y=-38.488
27.12 12:44:11 Moving is finished
27.12 12:46:20 Scanning 106 point from 665
27.12 12:46:20 Going to coordinates X=-14.258, Y=-38.488
27.12 12:46:20 Moving is finished
27.12 12:48:28 Scanning 107 point from 665
27.12 12:48:28 Going to coordinates X=-14.208, Y=-38.488
27.12 12:48:29 Moving is finished
27.12 12:50:37 Scanning 108 point from 665
27.12 12:50:37 Going to coordinates X=-14.158, Y=-38.488
27.12 12:50:37 Moving is finished
27.12 12:52:45 Scanning 109 point from 665
27.12 12:52:45 Going to coordinates X=-14.108, Y=-38.488
27.12 12:52:45 Moving is finished
27.12 12:54:54 Scanning 110 point from 665
27.12 12:54:59 Going to coordinates X=-14.058, Y=-38.488
27.12 12:54:59 Moving is finished
27.12 12:57:08 Scanning 111 point from 665
27.12 12:57:08 Going to coordinates X=-14.008, Y=-38.488
27.12 12:57:08 Moving is finished
27.12 12:59:16 Scanning 112 point from 665
27.12 12:59:16 Going to coordinates X=-13.958, Y=-38.488
27.12 12:59:16 Moving is finished
27.12 13:01:25 Scanning 113 point from 665
27.12 13:01:25 Going to coordinates X=-13.908, Y=-38.488
27.12 13:01:25 Moving is finished
27.12 13:03:33 Scanning 114 point from 665
27.12 13:03:33 Going to coordinates X=-14.808, Y=-38.438
27.12 13:03:34 Moving is finished
27.12 13:05:42 Scanning 115 point from 665
27.12 13:05:42 Going to coordinates X=-14.758, Y=-38.438
27.12 13:05:42 Moving is finished
27.12 13:07:50 Scanning 116 point from 665
27.12 13:07:50 Going to coordinates X=-14.708, Y=-38.438
27.12 13:07:50 Moving is finished
27.12 13:09:59 Scanning 117 point from 665
27.12 13:09:59 Going to coordinates X=-14.658, Y=-38.438
27.12 13:09:59 Moving is finished
27.12 13:12:08 Scanning 118 point from 665
27.12 13:12:08 Going to coordinates X=-14.608, Y=-38.438
27.12 13:12:08 Moving is finished
27.12 13:14:16 Scanning 119 point from 665
27.12 13:14:16 Going to coordinates X=-14.558, Y=-38.438
27.12 13:14:16 Moving is finished
27.12 13:16:25 Scanning 120 point from 665
27.12 13:16:30 Going to coordinates X=-14.508, Y=-38.438
27.12 13:16:30 Moving is finished
27.12 13:18:39 Scanning 121 point from 665
27.12 13:18:39 Going to coordinates X=-14.458, Y=-38.438
27.12 13:18:39 Moving is finished
27.12 13:20:48 Scanning 122 point from 665
27.12 13:20:48 Going to coordinates X=-14.408, Y=-38.438
27.12 13:20:48 Moving is finished
27.12 13:22:56 Scanning 123 point from 665
27.12 13:22:56 Going to coordinates X=-14.358, Y=-38.438
27.12 13:22:57 Moving is finished
27.12 13:25:05 Scanning 124 point from 665
27.12 13:25:05 Going to coordinates X=-14.308, Y=-38.438
27.12 13:25:05 Moving is finished
27.12 13:27:13 Scanning 125 point from 665
27.12 13:27:13 Going to coordinates X=-14.258, Y=-38.438
27.12 13:27:13 Moving is finished
27.12 13:29:22 Scanning 126 point from 665
27.12 13:29:22 Going to coordinates X=-14.208, Y=-38.438
27.12 13:29:22 Moving is finished
27.12 13:31:30 Scanning 127 point from 665
27.12 13:31:30 Going to coordinates X=-14.158, Y=-38.438
27.12 13:31:30 Moving is finished
27.12 13:33:38 Scanning 128 point from 665
27.12 13:33:38 Going to coordinates X=-14.108, Y=-38.438
27.12 13:33:39 Moving is finished
27.12 13:35:47 Scanning 129 point from 665
27.12 13:35:47 Going to coordinates X=-14.058, Y=-38.438
27.12 13:35:47 Moving is finished
27.12 13:37:55 Scanning 130 point from 665
27.12 13:37:59 Going to coordinates X=-14.008, Y=-38.438
27.12 13:37:59 Moving is finished
27.12 13:40:08 Scanning 131 point from 665
27.12 13:40:08 Going to coordinates X=-13.958, Y=-38.438
27.12 13:40:08 Moving is finished
27.12 13:42:16 Scanning 132 point from 665
27.12 13:42:16 Going to coordinates X=-13.908, Y=-38.438
27.12 13:42:16 Moving is finished
27.12 13:44:24 Scanning 133 point from 665
27.12 13:44:24 Going to coordinates X=-14.808, Y=-38.388
27.12 13:44:25 Moving is finished
27.12 13:46:34 Scanning 134 point from 665
27.12 13:46:34 Going to coordinates X=-14.758, Y=-38.388
27.12 13:46:34 Moving is finished
27.12 13:48:43 Scanning 135 point from 665
27.12 13:48:43 Going to coordinates X=-14.708, Y=-38.388
27.12 13:48:43 Moving is finished
27.12 13:50:51 Scanning 136 point from 665
27.12 13:50:51 Going to coordinates X=-14.658, Y=-38.388
27.12 13:50:52 Moving is finished
27.12 13:53:00 Scanning 137 point from 665
27.12 13:53:00 Going to coordinates X=-14.608, Y=-38.388
27.12 13:53:00 Moving is finished
27.12 13:55:08 Scanning 138 point from 665
27.12 13:55:08 Going to coordinates X=-14.558, Y=-38.388
27.12 13:55:08 Moving is finished
27.12 13:57:16 Scanning 139 point from 665
27.12 13:57:16 Going to coordinates X=-14.508, Y=-38.388
27.12 13:57:17 Moving is finished
27.12 13:59:25 Scanning 140 point from 665
27.12 13:59:30 Going to coordinates X=-14.458, Y=-38.388
27.12 13:59:30 Moving is finished
27.12 14:01:39 Scanning 141 point from 665
27.12 14:01:39 Going to coordinates X=-14.408, Y=-38.388
27.12 14:01:39 Moving is finished
27.12 14:03:48 Scanning 142 point from 665
27.12 14:03:48 Going to coordinates X=-14.358, Y=-38.388
27.12 14:03:48 Moving is finished
27.12 14:05:56 Scanning 143 point from 665
27.12 14:05:56 Going to coordinates X=-14.308, Y=-38.388
27.12 14:05:56 Moving is finished
27.12 14:08:04 Scanning 144 point from 665
27.12 14:08:04 Going to coordinates X=-14.258, Y=-38.388
27.12 14:08:04 Moving is finished
27.12 14:10:13 Scanning 145 point from 665
27.12 14:10:13 Going to coordinates X=-14.208, Y=-38.388
27.12 14:10:14 Moving is finished
27.12 14:12:21 Scanning 146 point from 665
27.12 14:12:21 Going to coordinates X=-14.158, Y=-38.388
27.12 14:12:22 Moving is finished
27.12 14:14:30 Scanning 147 point from 665
27.12 14:14:30 Going to coordinates X=-14.108, Y=-38.388
27.12 14:14:31 Moving is finished
27.12 14:16:39 Scanning 148 point from 665
27.12 14:16:39 Going to coordinates X=-14.058, Y=-38.388
27.12 14:16:39 Moving is finished
27.12 14:17:08 Could not find 'EZRaman Reader  V8.2.0 MV' in 'dict_keys([])'
27.12 14:17:13 Could not find 'EZRaman Reader  V8.2.0 MV' in 'dict_keys([])'
27.12 14:17:14 Scanning 149 point from 665
27.12 14:18:04 Going to coordinates X=-14.008, Y=-38.388
27.12 14:19:04 Moving is finished
27.12 14:21:13 Scanning 150 point from 665
27.12 14:44:06 Going to coordinates X=-13.958, Y=-38.388
27.12 14:45:06 Moving is finished
27.12 14:47:14 Scanning 151 point from 665
27.12 14:48:04 Going to coordinates X=-13.908, Y=-38.388
27.12 14:49:05 Moving is finished
27.12 14:51:13 Scanning 152 point from 665
27.12 14:52:03 Going to coordinates X=-14.808, Y=-38.338
27.12 14:53:03 Moving is finished
27.12 14:55:11 Scanning 153 point from 665
27.12 14:56:01 Going to coordinates X=-14.758, Y=-38.338
27.12 14:57:01 Moving is finished
27.12 14:59:09 Scanning 154 point from 665
27.12 14:59:59 Going to coordinates X=-14.708, Y=-38.338
27.12 15:00:59 Moving is finished
27.12 15:03:07 Scanning 155 point from 665
27.12 15:03:57 Going to coordinates X=-14.658, Y=-38.338
27.12 15:04:57 Moving is finished
27.12 15:07:06 Scanning 156 point from 665
27.12 15:07:56 Going to coordinates X=-14.608, Y=-38.338
27.12 15:08:56 Moving is finished
27.12 15:11:05 Scanning 157 point from 665
27.12 15:11:55 Going to coordinates X=-14.558, Y=-38.338
27.12 15:12:55 Moving is finished
27.12 15:15:03 Scanning 158 point from 665
27.12 15:15:53 Going to coordinates X=-14.508, Y=-38.338
27.12 15:16:53 Moving is finished
27.12 15:19:01 Scanning 159 point from 665
27.12 15:19:51 Going to coordinates X=-14.458, Y=-38.338
27.12 15:20:51 Moving is finished
27.12 15:23:00 Scanning 160 point from 665
27.12 15:55:05 Going to coordinates X=-14.408, Y=-38.338
27.12 15:56:05 Moving is finished
27.12 15:58:13 Scanning 161 point from 665
27.12 15:59:03 Going to coordinates X=-14.358, Y=-38.338
27.12 16:00:03 Moving is finished
27.12 16:00:37 Stopped!
