09.05 13:19:43 Initializing grbl...
09.05 13:19:43 Got the response: b''
09.05 13:21:50 Row 0: 09.05 13:21:50 Goto: -27.941; -37.856; 0.000
09.05 13:21:50 Going to coordinates X=-27.941, Y=-37.856
09.05 13:21:51 Moving is finished
09.05 13:21:52 Row 1: 09.05 13:21:52 Raman: AAc -40 C
09.05 13:21:52 Starting signal collection to the file AAc -40 C
09.05 13:21:59 Data is collected!
09.05 13:21:59 Row 2: 09.05 13:21:59 Paused
09.05 13:22:03 Goto: -27.922; -37.938; 0.000
09.05 13:22:03 Going to coordinates X=-27.922, Y=-37.938
09.05 13:22:03 Moving is finished
09.05 13:22:04 Row 3: 09.05 13:22:04 Raman: AAc -40 C
09.05 13:22:04 Starting signal collection to the file AAc -40 C
09.05 13:24:14 Data is collected!
09.05 13:24:14 Row 4: 09.05 13:24:14 Goto: -27.883; -38.093; 0.000
09.05 13:24:14 Going to coordinates X=-27.883, Y=-38.093
09.05 13:24:15 Moving is finished
09.05 13:24:16 Row 5: 09.05 13:24:16 Raman: AAc -40 C
09.05 13:24:16 Starting signal collection to the file AAc -40 C
09.05 13:26:25 Data is collected!
09.05 13:26:25 Row 6: 09.05 13:26:25 Goto: -28.020; -38.175; 0.000
09.05 13:26:25 Going to coordinates X=-28.020, Y=-38.175
09.05 13:26:25 Moving is finished
09.05 13:26:26 Row 7: 09.05 13:26:26 Raman: AAc -40 C
09.05 13:26:26 Starting signal collection to the file AAc -40 C
09.05 13:28:36 Data is collected!
09.05 13:28:36 Row 8: 09.05 13:28:36 Goto: -28.210; -38.258; 0.000
09.05 13:28:36 Going to coordinates X=-28.210, Y=-38.258
09.05 13:28:36 Moving is finished
09.05 13:28:37 Row 9: 09.05 13:28:37 Raman: AAc -40 C
09.05 13:28:37 Starting signal collection to the file AAc -40 C
09.05 13:30:46 Data is collected!
09.05 13:30:46 Row 10: 09.05 13:30:46 Goto: -28.268; -38.588; 0.000
09.05 13:30:46 Going to coordinates X=-28.268, Y=-38.588
09.05 13:30:47 Moving is finished
09.05 13:30:48 Row 11: 09.05 13:30:48 Raman: AAc -40 C
09.05 13:30:48 Starting signal collection to the file AAc -40 C
09.05 13:32:57 Data is collected!
09.05 13:32:57 Row 12: 09.05 13:32:57 Goto: -29.312; -38.588; 0.000
09.05 13:32:57 Going to coordinates X=-29.312, Y=-38.588
09.05 13:32:58 Moving is finished
09.05 13:32:59 Row 13: 09.05 13:32:59 Raman: AAc -40 C
09.05 13:32:59 Starting signal collection to the file AAc -40 C
09.05 13:35:08 Data is collected!
09.05 13:35:08 Row 14: 09.05 13:35:08 Goto: -29.395; -38.649; 0.000
09.05 13:35:08 Going to coordinates X=-29.395, Y=-38.649
09.05 13:35:08 Status responce is malformed09.05 13:35:08 Moving is finished

09.05 13:35:08 list index out of range
09.05 13:35:09 Row 15: 09.05 13:35:09 Raman: AAc -40 C
09.05 13:35:09 Starting signal collection to the file AAc -40 C
09.05 13:37:19 Data is collected!
09.05 13:37:19 Row 16: 09.05 13:37:19 Goto: -29.434; -38.567; 0.000
09.05 13:37:19 Going to coordinates X=-29.434, Y=-38.567
09.05 13:37:19 Moving is finished
09.05 13:37:20 Row 17: 09.05 13:37:20 Raman: AAc -40 C
09.05 13:37:20 Starting signal collection to the file AAc -40 C
09.05 13:39:29 Data is collected!
09.05 13:42:34 Row 0: 09.05 13:42:34 Goto: -27.941; -37.856; 0.000
09.05 13:42:34 Going to coordinates X=-27.941, Y=-37.856
09.05 13:42:35 Moving is finished
09.05 13:42:36 Row 1: 09.05 13:42:36 Raman: AAc -40 C
09.05 13:42:36 Starting signal collection to the file AAc -40 C
09.05 13:42:43 Data is collected!
09.05 13:42:43 Row 2: 09.05 13:42:43 Goto: -27.922; -37.938; 0.000
09.05 13:42:43 Going to coordinates X=-27.922, Y=-37.938
09.05 13:42:43 Moving is finished
09.05 13:42:44 Row 3: 09.05 13:42:44 Raman: AAc -40 C
09.05 13:42:44 Starting signal collection to the file AAc -40 C
09.05 13:44:49 Data is collected!
09.05 13:44:49 Row 4: 09.05 13:44:49 Paused
09.05 13:44:50 Stopped!
09.05 13:46:28 Can't send the command to GRBL
09.05 13:46:28 Write timeout09.05 13:46:28 Write timeout

