18.12 09:01:59 Initializing grbl...
18.12 09:02:00 Got the response: b''
18.12 09:04:41 Row 0: 18.12 09:04:41 Map: x1: -14.0, y1: -40.226, x2: -14.865, y2: -39.415, xres: 0.050, yres: 0.080, fname: Mart Sol2 gluc-B
18.12 09:04:41 Scanning 0 point from 228
18.12 09:04:41 Going to coordinates X=-14.865, Y=-40.226
18.12 09:04:41 Moving is finished
18.12 09:06:50 Scanning 1 point from 228
18.12 09:06:50 Going to coordinates X=-14.815, Y=-40.226
18.12 09:06:51 Moving is finished
18.12 09:08:59 Scanning 2 point from 228
18.12 09:08:59 Going to coordinates X=-14.765, Y=-40.226
18.12 09:09:00 Moving is finished
18.12 09:11:08 Scanning 3 point from 228
18.12 09:11:08 Going to coordinates X=-14.715, Y=-40.226
18.12 09:11:08 Moving is finished
18.12 09:13:16 Scanning 4 point from 228
18.12 09:13:16 Going to coordinates X=-14.665, Y=-40.226
18.12 09:13:17 Moving is finished
18.12 09:15:24 Scanning 5 point from 228
18.12 09:15:24 Going to coordinates X=-14.615, Y=-40.226
18.12 09:15:25 Moving is finished
18.12 09:17:33 Scanning 6 point from 228
18.12 09:17:33 Going to coordinates X=-14.565, Y=-40.226
18.12 09:17:33 Moving is finished
18.12 09:19:42 Scanning 7 point from 228
18.12 09:19:42 Going to coordinates X=-14.515, Y=-40.226
18.12 09:19:42 Moving is finished
18.12 09:21:50 Scanning 8 point from 228
18.12 09:21:50 Going to coordinates X=-14.465, Y=-40.226
18.12 09:21:50 Moving is finished
18.12 09:23:58 Scanning 9 point from 228
18.12 09:23:58 Going to coordinates X=-14.415, Y=-40.226
18.12 09:23:59 Moving is finished
18.12 09:26:07 Scanning 10 point from 228
18.12 09:26:07 Going to coordinates X=-14.365, Y=-40.226
18.12 09:26:07 Moving is finished
18.12 09:28:16 Scanning 11 point from 228
18.12 09:28:16 Going to coordinates X=-14.315, Y=-40.226
18.12 09:28:16 Moving is finished
18.12 09:30:24 Scanning 12 point from 228
18.12 09:30:24 Going to coordinates X=-14.265, Y=-40.226
18.12 09:30:24 Moving is finished
18.12 09:32:33 Scanning 13 point from 228
18.12 09:32:33 Going to coordinates X=-14.215, Y=-40.226
18.12 09:32:33 Moving is finished
18.12 09:34:41 Scanning 14 point from 228
18.12 09:34:41 Going to coordinates X=-14.165, Y=-40.226
18.12 09:34:41 Moving is finished
18.12 09:36:49 Scanning 15 point from 228
18.12 09:36:49 Going to coordinates X=-14.115, Y=-40.226
18.12 09:36:49 Moving is finished
18.12 09:38:59 Scanning 16 point from 228
18.12 09:38:59 Going to coordinates X=-14.065, Y=-40.226
18.12 09:38:59 Moving is finished
18.12 09:41:07 Scanning 17 point from 228
18.12 09:41:07 Going to coordinates X=-14.015, Y=-40.226
18.12 09:41:07 Moving is finished
18.12 09:43:15 Scanning 18 point from 228
18.12 09:43:15 Going to coordinates X=-13.965, Y=-40.226
18.12 09:43:15 Moving is finished
18.12 09:45:23 Scanning 19 point from 228
18.12 09:45:23 Going to coordinates X=-14.865, Y=-40.146
18.12 09:45:24 Moving is finished
18.12 09:47:32 Scanning 20 point from 228
18.12 09:47:32 Going to coordinates X=-14.815, Y=-40.146
18.12 09:47:33 Moving is finished
18.12 09:49:41 Scanning 21 point from 228
18.12 09:49:41 Going to coordinates X=-14.765, Y=-40.146
18.12 09:49:41 Moving is finished
18.12 09:51:49 Scanning 22 point from 228
18.12 09:51:49 Going to coordinates X=-14.715, Y=-40.146
18.12 09:51:50 Moving is finished
18.12 09:53:58 Scanning 23 point from 228
18.12 09:53:58 Going to coordinates X=-14.665, Y=-40.146
18.12 09:53:58 Moving is finished
18.12 09:56:07 Scanning 24 point from 228
18.12 09:56:07 Going to coordinates X=-14.615, Y=-40.146
18.12 09:56:07 Moving is finished
18.12 09:58:15 Scanning 25 point from 228
18.12 09:58:15 Going to coordinates X=-14.565, Y=-40.146
18.12 09:58:15 Moving is finished
18.12 10:00:24 Scanning 26 point from 228
18.12 10:00:24 Going to coordinates X=-14.515, Y=-40.146
18.12 10:00:24 Moving is finished
18.12 10:02:33 Scanning 27 point from 228
18.12 10:02:33 Going to coordinates X=-14.465, Y=-40.146
18.12 10:02:34 Moving is finished
18.12 10:04:42 Scanning 28 point from 228
18.12 10:04:42 Going to coordinates X=-14.415, Y=-40.146
18.12 10:04:42 Moving is finished
18.12 10:06:50 Scanning 29 point from 228
18.12 10:06:50 Going to coordinates X=-14.365, Y=-40.146
18.12 10:06:51 Moving is finished
18.12 10:08:59 Scanning 30 point from 228
18.12 10:08:59 Going to coordinates X=-14.315, Y=-40.146
18.12 10:08:59 Moving is finished
18.12 10:11:07 Scanning 31 point from 228
18.12 10:11:07 Going to coordinates X=-14.265, Y=-40.146
18.12 10:11:07 Moving is finished
18.12 10:13:16 Scanning 32 point from 228
18.12 10:13:16 Going to coordinates X=-14.215, Y=-40.146
18.12 10:13:16 Moving is finished
18.12 10:15:25 Scanning 33 point from 228
18.12 10:15:25 Going to coordinates X=-14.165, Y=-40.146
18.12 10:15:25 Moving is finished
18.12 10:17:33 Scanning 34 point from 228
18.12 10:17:33 Going to coordinates X=-14.115, Y=-40.146
18.12 10:17:34 Moving is finished
18.12 10:19:42 Scanning 35 point from 228
18.12 10:19:42 Going to coordinates X=-14.065, Y=-40.146
18.12 10:19:43 Moving is finished
18.12 10:21:51 Scanning 36 point from 228
18.12 10:21:51 Going to coordinates X=-14.015, Y=-40.146
18.12 10:21:51 Moving is finished
18.12 10:24:00 Scanning 37 point from 228
18.12 10:24:00 Going to coordinates X=-13.965, Y=-40.146
18.12 10:24:00 Moving is finished
18.12 10:26:09 Scanning 38 point from 228
18.12 10:26:09 Going to coordinates X=-14.865, Y=-40.066
18.12 10:26:09 Moving is finished
18.12 10:28:17 Scanning 39 point from 228
18.12 10:28:17 Going to coordinates X=-14.815, Y=-40.066
18.12 10:28:18 Moving is finished
18.12 10:30:26 Scanning 40 point from 228
18.12 10:30:26 Going to coordinates X=-14.765, Y=-40.066
18.12 10:30:27 Moving is finished
18.12 10:32:34 Scanning 41 point from 228
18.12 10:32:34 Going to coordinates X=-14.715, Y=-40.066
18.12 10:32:35 Moving is finished
18.12 10:34:43 Scanning 42 point from 228
18.12 10:34:43 Going to coordinates X=-14.665, Y=-40.066
18.12 10:34:43 Moving is finished
18.12 10:36:52 Scanning 43 point from 228
18.12 10:36:52 Going to coordinates X=-14.615, Y=-40.066
18.12 10:36:52 Moving is finished
18.12 10:39:00 Scanning 44 point from 228
18.12 10:39:00 Going to coordinates X=-14.565, Y=-40.066
18.12 10:39:01 Moving is finished
18.12 10:41:09 Scanning 45 point from 228
18.12 10:41:09 Going to coordinates X=-14.515, Y=-40.066
18.12 10:41:09 Moving is finished
18.12 10:43:18 Scanning 46 point from 228
18.12 10:43:18 Going to coordinates X=-14.465, Y=-40.066
18.12 10:43:18 Moving is finished
18.12 10:45:26 Scanning 47 point from 228
18.12 10:45:26 Going to coordinates X=-14.415, Y=-40.066
18.12 10:45:27 Moving is finished
18.12 10:47:35 Scanning 48 point from 228
18.12 10:47:35 Going to coordinates X=-14.365, Y=-40.066
18.12 10:47:35 Moving is finished
18.12 10:49:43 Scanning 49 point from 228
18.12 10:49:43 Going to coordinates X=-14.315, Y=-40.066
18.12 10:49:43 Moving is finished
18.12 10:51:52 Scanning 50 point from 228
18.12 10:51:52 Going to coordinates X=-14.265, Y=-40.066
18.12 10:51:52 Moving is finished
18.12 10:54:01 Scanning 51 point from 228
18.12 10:54:01 Going to coordinates X=-14.215, Y=-40.066
18.12 10:54:01 Moving is finished
18.12 10:56:09 Scanning 52 point from 228
18.12 10:56:09 Going to coordinates X=-14.165, Y=-40.066
18.12 10:56:10 Moving is finished
18.12 10:58:18 Scanning 53 point from 228
18.12 10:58:18 Going to coordinates X=-14.115, Y=-40.066
18.12 10:58:18 Moving is finished
18.12 11:00:26 Scanning 54 point from 228
18.12 11:00:26 Going to coordinates X=-14.065, Y=-40.066
18.12 11:00:26 Moving is finished
18.12 11:02:34 Scanning 55 point from 228
18.12 11:02:34 Going to coordinates X=-14.015, Y=-40.066
18.12 11:02:34 Moving is finished
18.12 11:04:43 Scanning 56 point from 228
18.12 11:04:43 Going to coordinates X=-13.965, Y=-40.066
18.12 11:04:43 Moving is finished
18.12 11:06:48 Could not find 'EZRaman Reader  V8.2.0 MV' in 'dict_keys([])'
18.12 11:06:53 Could not find 'EZRaman Reader  V8.2.0 MV' in 'dict_keys([])'
18.12 11:06:53 Scanning 57 point from 228
18.12 11:06:53 Going to coordinates X=-14.865, Y=-39.986
18.12 11:06:54 Moving is finished
18.12 11:07:00 Could not find 'EZRaman Reader  V8.2.0 MV' in 'dict_keys([])'
18.12 11:07:05 Could not find 'EZRaman Reader  V8.2.0 MV' in 'dict_keys([])'
18.12 11:07:06 Scanning 58 point from 228
18.12 11:07:06 Going to coordinates X=-14.815, Y=-39.986
18.12 11:07:06 Moving is finished
18.12 11:07:12 Could not find 'EZRaman Reader  V8.2.0 MV' in 'dict_keys([])'
18.12 11:07:17 Could not find 'EZRaman Reader  V8.2.0 MV' in 'dict_keys([])'
18.12 11:07:18 Scanning 59 point from 228
18.12 11:07:18 Going to coordinates X=-14.765, Y=-39.986
18.12 11:07:18 Moving is finished
18.12 11:09:28 Scanning 60 point from 228
18.12 11:09:28 Going to coordinates X=-14.715, Y=-39.986
18.12 11:09:29 Moving is finished
18.12 11:11:37 Scanning 61 point from 228
18.12 11:11:37 Going to coordinates X=-14.665, Y=-39.986
18.12 11:11:37 Moving is finished
18.12 11:11:43 Could not find 'EZRaman Reader  V8.2.0 MV' in 'dict_keys([])'
18.12 11:11:48 Could not find 'EZRaman Reader  V8.2.0 MV' in 'dict_keys([])'
18.12 11:11:49 Scanning 62 point from 228
18.12 11:11:49 Going to coordinates X=-14.615, Y=-39.986
18.12 11:11:49 Moving is finished
18.12 11:11:55 Could not find 'EZRaman Reader  V8.2.0 MV' in 'dict_keys([])'
18.12 11:12:00 Could not find 'EZRaman Reader  V8.2.0 MV' in 'dict_keys([])'
18.12 11:12:01 Scanning 63 point from 228
18.12 11:12:01 Going to coordinates X=-14.565, Y=-39.986
18.12 11:12:01 Moving is finished
18.12 11:12:07 Could not find 'EZRaman Reader  V8.2.0 MV' in 'dict_keys([])'
18.12 11:12:12 Could not find 'EZRaman Reader  V8.2.0 MV' in 'dict_keys([])'
18.12 11:12:13 Scanning 64 point from 228
18.12 11:12:13 Going to coordinates X=-14.515, Y=-39.986
18.12 11:12:13 Moving is finished
18.12 11:12:19 Could not find 'EZRaman Reader  V8.2.0 MV' in 'dict_keys([])'
18.12 11:12:24 Could not find 'EZRaman Reader  V8.2.0 MV' in 'dict_keys([])'
18.12 11:12:25 Scanning 65 point from 228
18.12 11:12:25 Going to coordinates X=-14.465, Y=-39.986
18.12 11:12:25 Moving is finished
18.12 11:12:31 Could not find 'EZRaman Reader  V8.2.0 MV' in 'dict_keys([])'
18.12 11:12:36 Could not find 'EZRaman Reader  V8.2.0 MV' in 'dict_keys([])'
18.12 11:12:37 Scanning 66 point from 228
18.12 11:12:37 Going to coordinates X=-14.415, Y=-39.986
18.12 11:12:37 Moving is finished
18.12 11:12:43 Could not find 'EZRaman Reader  V8.2.0 MV' in 'dict_keys([])'
18.12 11:12:48 Could not find 'EZRaman Reader  V8.2.0 MV' in 'dict_keys([])'
18.12 11:12:49 Scanning 67 point from 228
18.12 11:12:49 Going to coordinates X=-14.365, Y=-39.986
18.12 11:12:49 Moving is finished
18.12 11:12:55 Could not find 'EZRaman Reader  V8.2.0 MV' in 'dict_keys([])'
18.12 11:13:00 Could not find 'EZRaman Reader  V8.2.0 MV' in 'dict_keys([])'
18.12 11:13:01 Scanning 68 point from 228
18.12 11:13:01 Going to coordinates X=-14.315, Y=-39.986
18.12 11:13:01 Moving is finished
18.12 11:13:07 Could not find 'EZRaman Reader  V8.2.0 MV' in 'dict_keys([])'
18.12 11:13:13 Could not find 'EZRaman Reader  V8.2.0 MV' in 'dict_keys([])'
18.12 11:13:13 Scanning 69 point from 228
18.12 11:13:13 Going to coordinates X=-14.265, Y=-39.986
18.12 11:13:13 Moving is finished
18.12 11:13:20 Could not find 'EZRaman Reader  V8.2.0 MV' in 'dict_keys([])'
18.12 11:13:25 Could not find 'EZRaman Reader  V8.2.0 MV' in 'dict_keys([])'
18.12 11:13:25 Scanning 70 point from 228
18.12 11:13:25 Going to coordinates X=-14.215, Y=-39.986
18.12 11:13:25 Moving is finished
18.12 11:15:35 Scanning 71 point from 228
18.12 11:15:35 Going to coordinates X=-14.165, Y=-39.986
18.12 11:15:35 Moving is finished
18.12 11:17:43 Scanning 72 point from 228
18.12 11:17:43 Going to coordinates X=-14.115, Y=-39.986
18.12 11:17:44 Moving is finished
18.12 11:19:52 Scanning 73 point from 228
18.12 11:19:52 Going to coordinates X=-14.065, Y=-39.986
18.12 11:19:52 Moving is finished
18.12 11:22:00 Scanning 74 point from 228
18.12 11:22:00 Going to coordinates X=-14.015, Y=-39.986
18.12 11:22:00 Moving is finished
18.12 11:24:09 Scanning 75 point from 228
18.12 11:24:09 Going to coordinates X=-13.965, Y=-39.986
18.12 11:24:09 Moving is finished
18.12 11:26:17 Scanning 76 point from 228
18.12 11:26:17 Going to coordinates X=-14.865, Y=-39.906
18.12 11:26:18 Moving is finished
18.12 11:28:26 Scanning 77 point from 228
18.12 11:28:26 Going to coordinates X=-14.815, Y=-39.906
18.12 11:28:26 Moving is finished
18.12 11:30:34 Scanning 78 point from 228
18.12 11:30:34 Going to coordinates X=-14.765, Y=-39.906
18.12 11:30:34 Moving is finished
18.12 11:32:43 Scanning 79 point from 228
18.12 11:32:43 Going to coordinates X=-14.715, Y=-39.906
18.12 11:32:43 Moving is finished
18.12 11:34:52 Scanning 80 point from 228
18.12 11:34:52 Going to coordinates X=-14.665, Y=-39.906
18.12 11:34:52 Moving is finished
18.12 11:37:00 Scanning 81 point from 228
18.12 11:37:00 Going to coordinates X=-14.615, Y=-39.906
18.12 11:37:00 Moving is finished
18.12 11:39:08 Scanning 82 point from 228
18.12 11:39:08 Going to coordinates X=-14.565, Y=-39.906
18.12 11:39:09 Moving is finished
18.12 11:41:17 Scanning 83 point from 228
18.12 11:41:17 Going to coordinates X=-14.515, Y=-39.906
18.12 11:41:17 Moving is finished
18.12 11:43:25 Scanning 84 point from 228
18.12 11:43:25 Going to coordinates X=-14.465, Y=-39.906
18.12 11:43:25 Moving is finished
18.12 11:45:33 Scanning 85 point from 228
18.12 11:45:33 Going to coordinates X=-14.415, Y=-39.906
18.12 11:45:33 Moving is finished
18.12 11:47:41 Scanning 86 point from 228
18.12 11:47:41 Going to coordinates X=-14.365, Y=-39.906
18.12 11:47:41 Moving is finished
18.12 11:49:50 Scanning 87 point from 228
18.12 11:49:50 Going to coordinates X=-14.315, Y=-39.906
18.12 11:49:50 Moving is finished
18.12 11:51:59 Scanning 88 point from 228
18.12 11:51:59 Going to coordinates X=-14.265, Y=-39.906
18.12 11:51:59 Moving is finished
18.12 11:54:07 Scanning 89 point from 228
18.12 11:54:07 Going to coordinates X=-14.215, Y=-39.906
18.12 11:54:08 Moving is finished
18.12 11:56:16 Scanning 90 point from 228
18.12 11:56:16 Going to coordinates X=-14.165, Y=-39.906
18.12 11:56:16 Moving is finished
18.12 11:58:24 Scanning 91 point from 228
18.12 11:58:24 Going to coordinates X=-14.115, Y=-39.906
18.12 11:58:24 Moving is finished
18.12 12:00:33 Scanning 92 point from 228
18.12 12:00:33 Going to coordinates X=-14.065, Y=-39.906
18.12 12:00:33 Moving is finished
18.12 12:02:41 Scanning 93 point from 228
18.12 12:02:41 Going to coordinates X=-14.015, Y=-39.906
18.12 12:02:41 Moving is finished
18.12 12:04:49 Scanning 94 point from 228
18.12 12:04:49 Going to coordinates X=-13.965, Y=-39.906
18.12 12:04:49 Moving is finished
18.12 12:06:58 Scanning 95 point from 228
18.12 12:06:58 Going to coordinates X=-14.865, Y=-39.826
18.12 12:06:58 Moving is finished
18.12 12:09:07 Scanning 96 point from 228
18.12 12:09:07 Going to coordinates X=-14.815, Y=-39.826
18.12 12:09:07 Moving is finished
18.12 12:11:15 Scanning 97 point from 228
18.12 12:11:15 Going to coordinates X=-14.765, Y=-39.826
18.12 12:11:15 Moving is finished
18.12 12:13:24 Scanning 98 point from 228
18.12 12:13:24 Going to coordinates X=-14.715, Y=-39.826
18.12 12:13:24 Moving is finished
18.12 12:15:32 Scanning 99 point from 228
18.12 12:15:32 Going to coordinates X=-14.665, Y=-39.826
18.12 12:15:32 Moving is finished
18.12 12:17:40 Scanning 100 point from 228
18.12 12:17:40 Going to coordinates X=-14.615, Y=-39.826
18.12 12:17:40 Moving is finished
18.12 12:19:48 Scanning 101 point from 228
18.12 12:19:48 Going to coordinates X=-14.565, Y=-39.826
18.12 12:19:49 Moving is finished
18.12 12:21:57 Scanning 102 point from 228
18.12 12:21:57 Going to coordinates X=-14.515, Y=-39.826
18.12 12:21:58 Moving is finished
18.12 12:24:06 Scanning 103 point from 228
18.12 12:24:06 Going to coordinates X=-14.465, Y=-39.826
18.12 12:24:06 Moving is finished
18.12 12:26:14 Scanning 104 point from 228
18.12 12:26:14 Going to coordinates X=-14.415, Y=-39.826
18.12 12:26:14 Moving is finished
18.12 12:27:16 Could not find 'Save AS' in 'dict_keys(['ID Search', 'Set Peak Level'])'
18.12 12:27:17 Scanning 105 point from 228
18.12 12:27:17 Going to coordinates X=-14.365, Y=-39.826
18.12 12:27:17 Moving is finished

18.12 12:27:19 Scanning 106 point from 228
18.12 12:27:19 Going to coordinates X=-14.315, Y=-39.826
18.12 12:27:20 Moving is finished

18.12 12:27:22 Scanning 107 point from 228
18.12 12:27:22 Going to coordinates X=-14.265, Y=-39.826
18.12 12:27:22 Moving is finished
18.12 12:27:28 {'best_match': 'EZRaman Reader  V8.2.0 MV', 'backend': 'uia', 'process': 4656}
18.12 12:27:34 {'best_match': 'EZRaman Reader  V8.2.0 MV', 'backend': 'uia', 'process': 4656}
18.12 12:27:34 Scanning 108 point from 228
