26.04 10:14:06 Initializing grbl...
26.04 10:14:06 Got the response: b''
26.04 10:17:39 Can't send the command to GRBL
26.04 10:17:39 Write timeout26.04 10:17:39 Write timeout

26.04 10:18:15 Row 0: 26.04 10:18:15 Map: x1: -27.298, y1: -38.34, x2: -27.18, y2: -38.454, xres: 0.050, yres: 0.050, fname: mellpNH2bez
26.04 10:18:15 Scanning 0 point from 16
26.04 10:18:15 Going to coordinates X=-27.298, Y=-38.454
26.04 10:18:16 Moving is finished
26.04 10:19:52 Scanning 1 point from 16
26.04 10:19:52 Going to coordinates X=-27.248, Y=-38.454
26.04 10:19:53 Moving is finished
26.04 10:21:29 Scanning 2 point from 16
26.04 10:21:29 Going to coordinates X=-27.198, Y=-38.454
26.04 10:21:30 Moving is finished
26.04 10:23:06 Scanning 3 point from 16
26.04 10:23:06 Going to coordinates X=-27.148, Y=-38.454
26.04 10:23:06 Moving is finished
26.04 10:24:43 Scanning 4 point from 16
26.04 10:24:43 Going to coordinates X=-27.298, Y=-38.404
26.04 10:24:43 Moving is finished
26.04 10:26:20 Scanning 5 point from 16
26.04 10:26:20 Going to coordinates X=-27.248, Y=-38.404
26.04 10:26:20 Moving is finished
26.04 10:27:57 Scanning 6 point from 16
26.04 10:27:57 Going to coordinates X=-27.198, Y=-38.404
26.04 10:27:57 Moving is finished
26.04 10:29:33 Scanning 7 point from 16
26.04 10:29:33 Going to coordinates X=-27.148, Y=-38.404
26.04 10:29:34 Moving is finished
26.04 10:31:10 Scanning 8 point from 16
26.04 10:31:10 Going to coordinates X=-27.298, Y=-38.354
26.04 10:31:10 Moving is finished
26.04 10:32:47 Scanning 9 point from 16
26.04 10:32:47 Going to coordinates X=-27.248, Y=-38.354
26.04 10:32:47 Moving is finished
26.04 10:34:24 Scanning 10 point from 16
26.04 10:34:24 Going to coordinates X=-27.198, Y=-38.354
26.04 10:34:24 Moving is finished
26.04 10:36:01 Scanning 11 point from 16
26.04 10:36:01 Going to coordinates X=-27.148, Y=-38.354
26.04 10:36:01 Moving is finished
26.04 10:37:38 Scanning 12 point from 16
26.04 10:37:38 Going to coordinates X=-27.298, Y=-38.304
26.04 10:37:38 Moving is finished
26.04 10:39:15 Scanning 13 point from 16
26.04 10:39:15 Going to coordinates X=-27.248, Y=-38.304
26.04 10:39:15 Moving is finished
26.04 10:40:52 Scanning 14 point from 16
26.04 10:40:52 Going to coordinates X=-27.198, Y=-38.304
26.04 10:40:52 Moving is finished
26.04 10:42:28 Scanning 15 point from 16
26.04 10:42:28 Going to coordinates X=-27.148, Y=-38.304
26.04 10:42:29 Moving is finished
26.04 10:44:05 Row 1: 26.04 10:44:05 Map: x1: -27.59, y1: -38.68, x2: -27.551, y2: -38.608, xres: 0.010, yres: 0.010, fname: mellpNH2bez
26.04 10:44:05 Scanning 0 point from 45
26.04 10:44:05 Going to coordinates X=-27.590, Y=-38.680
26.04 10:44:06 Moving is finished
26.04 10:45:42 Scanning 1 point from 45
26.04 10:45:42 Going to coordinates X=-27.580, Y=-38.680
26.04 10:45:42 Moving is finished
26.04 10:47:19 Scanning 2 point from 45
26.04 10:47:19 Going to coordinates X=-27.570, Y=-38.680
26.04 10:47:19 Moving is finished
26.04 10:48:55 Scanning 3 point from 45
26.04 10:48:55 Going to coordinates X=-27.560, Y=-38.680
26.04 10:48:56 Moving is finished
26.04 10:50:32 Scanning 4 point from 45
26.04 10:50:32 Going to coordinates X=-27.550, Y=-38.680
26.04 10:50:32 Moving is finished
26.04 10:52:09 Scanning 5 point from 45
26.04 10:52:09 Going to coordinates X=-27.590, Y=-38.670
26.04 10:52:09 Moving is finished
26.04 10:53:46 Scanning 6 point from 45
26.04 10:53:46 Going to coordinates X=-27.580, Y=-38.670
26.04 10:53:46 Moving is finished
26.04 10:55:22 Scanning 7 point from 45
26.04 10:55:22 Going to coordinates X=-27.570, Y=-38.670
26.04 10:55:22 Moving is finished
26.04 10:56:59 Scanning 8 point from 45
26.04 10:56:59 Going to coordinates X=-27.560, Y=-38.670
26.04 10:56:59 Moving is finished
26.04 10:58:35 Scanning 9 point from 45
26.04 10:58:35 Going to coordinates X=-27.550, Y=-38.670
26.04 10:58:35 Moving is finished
26.04 11:00:11 Scanning 10 point from 45
26.04 11:00:11 Going to coordinates X=-27.590, Y=-38.660
26.04 11:00:12 Moving is finished
26.04 11:01:48 Scanning 11 point from 45
26.04 11:01:48 Going to coordinates X=-27.580, Y=-38.660
26.04 11:01:48 Moving is finished
26.04 11:03:25 Scanning 12 point from 45
26.04 11:03:25 Going to coordinates X=-27.570, Y=-38.660
26.04 11:03:25 Moving is finished
26.04 11:05:02 Scanning 13 point from 45
26.04 11:05:02 Going to coordinates X=-27.560, Y=-38.660
26.04 11:05:02 Moving is finished
26.04 11:06:38 Scanning 14 point from 45
26.04 11:06:38 Going to coordinates X=-27.550, Y=-38.660
26.04 11:06:38 Moving is finished
26.04 11:08:15 Scanning 15 point from 45
26.04 11:08:15 Going to coordinates X=-27.590, Y=-38.650
26.04 11:08:15 Moving is finished
26.04 11:09:52 Scanning 16 point from 45
26.04 11:09:52 Going to coordinates X=-27.580, Y=-38.650
26.04 11:09:52 Moving is finished
26.04 11:11:28 Scanning 17 point from 45
26.04 11:11:28 Going to coordinates X=-27.570, Y=-38.650
26.04 11:11:28 Moving is finished
26.04 11:13:05 Scanning 18 point from 45
26.04 11:13:05 Going to coordinates X=-27.560, Y=-38.650
26.04 11:13:05 Moving is finished
26.04 11:14:42 Scanning 19 point from 45
26.04 11:14:42 Going to coordinates X=-27.550, Y=-38.650
26.04 11:14:42 Moving is finished
26.04 11:16:19 Scanning 20 point from 45
26.04 11:16:19 Going to coordinates X=-27.590, Y=-38.640
26.04 11:16:19 Moving is finished
26.04 11:17:55 Scanning 21 point from 45
26.04 11:17:55 Going to coordinates X=-27.580, Y=-38.640
26.04 11:17:56 Moving is finished
26.04 11:19:32 Scanning 22 point from 45
26.04 11:19:32 Going to coordinates X=-27.570, Y=-38.640
26.04 11:19:32 Moving is finished
26.04 11:21:09 Scanning 23 point from 45
26.04 11:21:09 Going to coordinates X=-27.560, Y=-38.640
26.04 11:21:09 Moving is finished
26.04 11:22:46 Scanning 24 point from 45
26.04 11:22:46 Going to coordinates X=-27.550, Y=-38.640
26.04 11:22:46 Moving is finished
26.04 11:24:22 Scanning 25 point from 45
26.04 11:24:22 Going to coordinates X=-27.590, Y=-38.630
26.04 11:24:22 Moving is finished
26.04 11:24:38 Could not find 'EZRaman Reader  V8.2.0 MV' in 'dict_keys([])'
26.04 11:24:43 Could not find 'EZRaman Reader  V8.2.0 MV' in 'dict_keys([])'
26.04 11:24:43 Scanning 26 point from 45
26.04 11:24:43 Going to coordinates X=-27.580, Y=-38.630
26.04 11:24:43 Moving is finished
26.04 11:24:49 Could not find 'EZRaman Reader  V8.2.0 MV' in 'dict_keys([])'
26.04 11:24:55 Could not find 'EZRaman Reader  V8.2.0 MV' in 'dict_keys([])'
26.04 11:24:55 Scanning 27 point from 45
26.04 11:24:55 Going to coordinates X=-27.570, Y=-38.630
26.04 11:24:55 Moving is finished
26.04 11:25:02 Could not find 'EZRaman Reader  V8.2.0 MV' in 'dict_keys([])'
26.04 11:25:07 Could not find 'EZRaman Reader  V8.2.0 MV' in 'dict_keys([])'
26.04 11:25:07 Scanning 28 point from 45
26.04 11:25:07 Going to coordinates X=-27.560, Y=-38.630
26.04 11:25:07 Moving is finished
26.04 11:25:14 Could not find 'EZRaman Reader  V8.2.0 MV' in 'dict_keys([])'
26.04 11:25:19 Could not find 'EZRaman Reader  V8.2.0 MV' in 'dict_keys([])'
26.04 11:25:19 Scanning 29 point from 45
26.04 11:25:19 Going to coordinates X=-27.550, Y=-38.630
26.04 11:25:19 Moving is finished
26.04 11:25:26 Could not find 'EZRaman Reader  V8.2.0 MV' in 'dict_keys([])'
26.04 11:25:31 Could not find 'EZRaman Reader  V8.2.0 MV' in 'dict_keys([])'
26.04 11:25:31 Scanning 30 point from 45
26.04 11:25:31 Going to coordinates X=-27.590, Y=-38.620
26.04 11:25:32 Moving is finished
26.04 11:25:38 Could not find 'EZRaman Reader  V8.2.0 MV' in 'dict_keys([])'
26.04 11:25:44 Could not find 'EZRaman Reader  V8.2.0 MV' in 'dict_keys([])'
26.04 11:25:44 Scanning 31 point from 45
26.04 11:25:44 Going to coordinates X=-27.580, Y=-38.620
26.04 11:25:44 Moving is finished
26.04 11:25:50 Could not find 'EZRaman Reader  V8.2.0 MV' in 'dict_keys([])'
26.04 11:25:56 Could not find 'EZRaman Reader  V8.2.0 MV' in 'dict_keys([])'
26.04 11:25:56 Scanning 32 point from 45
26.04 11:25:56 Going to coordinates X=-27.570, Y=-38.620
26.04 11:25:56 Moving is finished
26.04 11:26:02 Could not find 'EZRaman Reader  V8.2.0 MV' in 'dict_keys([])'
26.04 11:26:07 Could not find 'EZRaman Reader  V8.2.0 MV' in 'dict_keys([])'
26.04 11:26:07 Scanning 33 point from 45
26.04 11:26:07 Going to coordinates X=-27.560, Y=-38.620
26.04 11:26:07 Moving is finished
26.04 11:26:13 Could not find 'EZRaman Reader  V8.2.0 MV' in 'dict_keys([])'
26.04 11:26:18 Could not find 'EZRaman Reader  V8.2.0 MV' in 'dict_keys([])'
26.04 11:26:18 Scanning 34 point from 45
26.04 11:26:18 Going to coordinates X=-27.550, Y=-38.620
26.04 11:26:19 Moving is finished
26.04 11:26:25 Could not find 'EZRaman Reader  V8.2.0 MV' in 'dict_keys([])'
26.04 11:26:30 Could not find 'EZRaman Reader  V8.2.0 MV' in 'dict_keys([])'
26.04 11:26:30 Scanning 35 point from 45
26.04 11:26:30 Going to coordinates X=-27.590, Y=-38.610
26.04 11:26:30 Moving is finished
26.04 11:26:36 Could not find 'EZRaman Reader  V8.2.0 MV' in 'dict_keys([])'
26.04 11:26:41 Could not find 'EZRaman Reader  V8.2.0 MV' in 'dict_keys([])'
26.04 11:26:41 Scanning 36 point from 45
26.04 11:26:41 Going to coordinates X=-27.580, Y=-38.610
26.04 11:26:41 Moving is finished
26.04 11:26:47 Could not find 'EZRaman Reader  V8.2.0 MV' in 'dict_keys([])'
26.04 11:26:53 Could not find 'EZRaman Reader  V8.2.0 MV' in 'dict_keys([])'
26.04 11:26:53 Scanning 37 point from 45
26.04 11:26:53 Going to coordinates X=-27.570, Y=-38.610
26.04 11:26:53 Moving is finished
26.04 11:26:59 Could not find 'EZRaman Reader  V8.2.0 MV' in 'dict_keys([])'
26.04 11:27:04 Could not find 'EZRaman Reader  V8.2.0 MV' in 'dict_keys([])'
26.04 11:27:04 Scanning 38 point from 45
26.04 11:27:04 Going to coordinates X=-27.560, Y=-38.610
26.04 11:27:04 Moving is finished
26.04 11:27:10 Could not find 'EZRaman Reader  V8.2.0 MV' in 'dict_keys([])'
26.04 11:27:15 Could not find 'EZRaman Reader  V8.2.0 MV' in 'dict_keys([])'
26.04 11:27:15 Scanning 39 point from 45
26.04 11:27:15 Going to coordinates X=-27.550, Y=-38.610
26.04 11:27:16 Moving is finished
26.04 11:27:22 Could not find 'EZRaman Reader  V8.2.0 MV' in 'dict_keys([])'
26.04 11:27:27 Could not find 'EZRaman Reader  V8.2.0 MV' in 'dict_keys([])'
26.04 11:27:27 Scanning 40 point from 45
26.04 11:27:27 Going to coordinates X=-27.590, Y=-38.600
26.04 11:27:27 Moving is finished
26.04 11:27:33 Could not find 'EZRaman Reader  V8.2.0 MV' in 'dict_keys([])'
26.04 11:27:38 Could not find 'EZRaman Reader  V8.2.0 MV' in 'dict_keys([])'
26.04 11:27:38 Scanning 41 point from 45
26.04 11:27:38 Going to coordinates X=-27.580, Y=-38.600
26.04 11:27:38 Moving is finished
26.04 11:27:45 Could not find 'EZRaman Reader  V8.2.0 MV' in 'dict_keys([])'
26.04 11:27:50 Could not find 'EZRaman Reader  V8.2.0 MV' in 'dict_keys([])'
26.04 11:27:50 Scanning 42 point from 45
26.04 11:27:50 Going to coordinates X=-27.570, Y=-38.600
26.04 11:27:50 Moving is finished
26.04 11:27:56 Could not find 'EZRaman Reader  V8.2.0 MV' in 'dict_keys([])'
26.04 11:28:01 Could not find 'EZRaman Reader  V8.2.0 MV' in 'dict_keys([])'
26.04 11:28:01 Scanning 43 point from 45
26.04 11:28:01 Going to coordinates X=-27.560, Y=-38.600
26.04 11:28:01 Moving is finished
26.04 11:28:07 Could not find 'EZRaman Reader  V8.2.0 MV' in 'dict_keys([])'
26.04 11:28:12 Could not find 'EZRaman Reader  V8.2.0 MV' in 'dict_keys([])'
26.04 11:28:12 Scanning 44 point from 45
26.04 11:28:12 Going to coordinates X=-27.550, Y=-38.600
26.04 11:28:13 Moving is finished
26.04 11:28:19 Could not find 'EZRaman Reader  V8.2.0 MV' in 'dict_keys([])'
26.04 11:28:24 Could not find 'EZRaman Reader  V8.2.0 MV' in 'dict_keys([])'
26.04 11:28:24 Row 2: 26.04 11:28:24 Goto: -27.688; -38.351; 0.000
26.04 11:28:24 Going to coordinates X=-27.688, Y=-38.351
26.04 11:28:24 Moving is finished
26.04 11:28:25 Row 3: 26.04 11:28:25 Raman: mellpNH2bez
26.04 11:28:25 Starting signal collection to the file mellpNH2bez
26.04 11:28:30 Could not find 'EZRaman Reader  V8.2.0 MV' in 'dict_keys([])'
26.04 11:28:35 Could not find 'EZRaman Reader  V8.2.0 MV' in 'dict_keys([])'
26.04 11:28:36 Data is collected!
26.04 11:28:36 Row 4: 26.04 11:28:36 Goto: -27.707; -38.351; 0.000
26.04 11:28:36 Going to coordinates X=-27.707, Y=-38.351
26.04 11:28:36 Moving is finished
26.04 11:28:37 Row 5: 26.04 11:28:37 Raman: mellpNH2bez
26.04 11:28:37 Starting signal collection to the file mellpNH2bez
26.04 11:28:43 Could not find 'EZRaman Reader  V8.2.0 MV' in 'dict_keys([])'
26.04 11:28:48 Could not find 'EZRaman Reader  V8.2.0 MV' in 'dict_keys([])'
26.04 11:28:49 Data is collected!
26.04 11:28:49 Row 6: 26.04 11:28:49 Goto: -27.780; -38.351; 0.000
26.04 11:28:49 Going to coordinates X=-27.780, Y=-38.351
26.04 11:28:49 Moving is finished
26.04 11:28:50 Row 7: 26.04 11:28:50 Raman: mellpNH2bez
26.04 11:28:50 Starting signal collection to the file mellpNH2bez
26.04 11:28:55 Could not find 'EZRaman Reader  V8.2.0 MV' in 'dict_keys([])'
26.04 11:29:00 Could not find 'EZRaman Reader  V8.2.0 MV' in 'dict_keys([])'
26.04 11:29:01 Data is collected!
26.04 11:29:01 Row 8: 26.04 11:29:01 Goto: -28.010; -37.876; 0.000
26.04 11:29:01 Going to coordinates X=-28.010, Y=-37.876
26.04 11:29:01 Moving is finished
26.04 11:29:02 Row 9: 26.04 11:29:02 Raman: mellpNH2bez
26.04 11:29:02 Starting signal collection to the file mellpNH2bez
26.04 11:29:08 Could not find 'EZRaman Reader  V8.2.0 MV' in 'dict_keys([])'
26.04 11:29:13 Could not find 'EZRaman Reader  V8.2.0 MV' in 'dict_keys([])'
26.04 11:29:14 Data is collected!
26.04 11:29:14 Row 10: 26.04 11:29:14 Goto: -28.083; -37.835; 0.000
26.04 11:29:14 Going to coordinates X=-28.083, Y=-37.835
26.04 11:29:14 Moving is finished
26.04 11:29:15 Row 11: 26.04 11:29:15 Raman: mellpNH2bez
26.04 11:29:15 Starting signal collection to the file mellpNH2bez
26.04 11:29:20 Could not find 'EZRaman Reader  V8.2.0 MV' in 'dict_keys([])'
26.04 11:29:25 Could not find 'EZRaman Reader  V8.2.0 MV' in 'dict_keys([])'
26.04 11:29:26 Data is collected!
26.04 11:29:26 Row 12: 26.04 11:29:26 Goto: -28.273; -37.536; 0.000
26.04 11:29:26 Going to coordinates X=-28.273, Y=-37.536
26.04 11:29:26 Moving is finished
26.04 11:29:27 Row 13: 26.04 11:29:27 Raman: mellpNH2bez
26.04 11:29:27 Starting signal collection to the file mellpNH2bez
26.04 11:29:33 Could not find 'EZRaman Reader  V8.2.0 MV' in 'dict_keys([])'
26.04 11:29:38 Could not find 'EZRaman Reader  V8.2.0 MV' in 'dict_keys([])'
26.04 11:29:39 Data is collected!
26.04 11:29:39 Row 14: 26.04 11:29:39 Map: x1: -28.273, y1: -37.536, x2: -28.151, y2: -37.423, xres: 0.010, yres: 0.010, fname: mellpNH2bez
26.04 11:29:39 Scanning 0 point from 182
26.04 11:29:39 Going to coordinates X=-28.273, Y=-37.536
26.04 11:29:39 Can't send the command to GRBL
26.04 11:29:39 Write timeout
26.04 11:29:39 Moving is finished
