01.07 18:54:09 Initializing grbl...
01.07 18:54:09 Got the response: b''
01.07 18:56:41 Row 0: 01.07 18:56:41 Map: x1: -28.034, y1: -37.887, x2: -27.107, y2: -38.433, xres: 0.010, yres: 0.010, fname: hfp2nh2
01.07 18:56:41 Scanning 0 point from 5264
01.07 18:56:41 Going to coordinates X=-28.034, Y=-38.433
01.07 18:56:41 Moving is finished
01.07 18:58:19 Scanning 1 point from 5264
01.07 18:58:19 Going to coordinates X=-28.024, Y=-38.433
01.07 18:58:19 Moving is finished
01.07 18:59:56 Scanning 2 point from 5264
01.07 18:59:56 Going to coordinates X=-28.014, Y=-38.433
01.07 18:59:56 Moving is finished
01.07 19:01:33 Scanning 3 point from 5264
01.07 19:01:33 Going to coordinates X=-28.004, Y=-38.433
01.07 19:01:33 Moving is finished
01.07 19:03:10 Scanning 4 point from 5264
01.07 19:03:10 Going to coordinates X=-27.994, Y=-38.433
01.07 19:03:10 Moving is finished
01.07 19:04:47 Scanning 5 point from 5264
01.07 19:04:47 Going to coordinates X=-27.984, Y=-38.433
01.07 19:04:47 Moving is finished
01.07 19:06:23 Scanning 6 point from 5264
01.07 19:06:23 Going to coordinates X=-27.974, Y=-38.433
01.07 19:06:23 Moving is finished
01.07 19:08:00 Scanning 7 point from 5264
01.07 19:08:00 Going to coordinates X=-27.964, Y=-38.433
01.07 19:08:00 Moving is finished
01.07 19:09:36 Scanning 8 point from 5264
01.07 19:09:36 Going to coordinates X=-27.954, Y=-38.433
01.07 19:09:36 Moving is finished
01.07 19:11:13 Scanning 9 point from 5264
01.07 19:11:13 Going to coordinates X=-27.944, Y=-38.433
01.07 19:11:13 Moving is finished
01.07 19:12:49 Scanning 10 point from 5264
01.07 19:12:49 Going to coordinates X=-27.934, Y=-38.433
01.07 19:12:49 Moving is finished
01.07 19:14:26 Scanning 11 point from 5264
01.07 19:14:26 Going to coordinates X=-27.924, Y=-38.433
01.07 19:14:27 Moving is finished
01.07 19:16:04 Scanning 12 point from 5264
01.07 19:16:04 Going to coordinates X=-27.914, Y=-38.433
01.07 19:16:04 Moving is finished
01.07 19:17:40 Scanning 13 point from 5264
01.07 19:17:40 Going to coordinates X=-27.904, Y=-38.433
01.07 19:17:40 Moving is finished
01.07 19:19:17 Scanning 14 point from 5264
01.07 19:19:17 Going to coordinates X=-27.894, Y=-38.433
01.07 19:19:17 Moving is finished
01.07 19:20:54 Scanning 15 point from 5264
01.07 19:20:54 Going to coordinates X=-27.884, Y=-38.433
01.07 19:20:54 Moving is finished
01.07 19:22:31 Scanning 16 point from 5264
01.07 19:22:31 Going to coordinates X=-27.874, Y=-38.433
01.07 19:22:31 Moving is finished
01.07 19:24:08 Scanning 17 point from 5264
01.07 19:24:08 Going to coordinates X=-27.864, Y=-38.433
01.07 19:24:08 Moving is finished
01.07 19:25:44 Scanning 18 point from 5264
01.07 19:25:44 Going to coordinates X=-27.854, Y=-38.433
01.07 19:25:44 Moving is finished
01.07 19:27:21 Scanning 19 point from 5264
01.07 19:27:21 Going to coordinates X=-27.844, Y=-38.433
01.07 19:27:22 Moving is finished
01.07 19:28:58 Scanning 20 point from 5264
01.07 19:28:58 Going to coordinates X=-27.834, Y=-38.433
01.07 19:28:58 Moving is finished
01.07 19:30:35 Scanning 21 point from 5264
01.07 19:30:35 Going to coordinates X=-27.824, Y=-38.433
01.07 19:30:35 Moving is finished
01.07 19:32:12 Scanning 22 point from 5264
01.07 19:32:12 Going to coordinates X=-27.814, Y=-38.433
01.07 19:32:12 Moving is finished
01.07 19:33:48 Scanning 23 point from 5264
01.07 19:33:48 Going to coordinates X=-27.804, Y=-38.433
01.07 19:33:48 Moving is finished
01.07 19:35:25 Scanning 24 point from 5264
01.07 19:35:25 Going to coordinates X=-27.794, Y=-38.433
01.07 19:35:25 Moving is finished
01.07 19:37:02 Scanning 25 point from 5264
01.07 19:37:02 Going to coordinates X=-27.784, Y=-38.433
01.07 19:37:02 Moving is finished
01.07 19:38:38 Scanning 26 point from 5264
01.07 19:38:38 Going to coordinates X=-27.774, Y=-38.433
01.07 19:38:38 Moving is finished
01.07 19:40:15 Scanning 27 point from 5264
01.07 19:40:15 Going to coordinates X=-27.764, Y=-38.433
01.07 19:40:15 Moving is finished
01.07 19:41:51 Scanning 28 point from 5264
01.07 19:41:51 Going to coordinates X=-27.754, Y=-38.433
01.07 19:41:52 Moving is finished
01.07 19:43:28 Scanning 29 point from 5264
01.07 19:43:28 Going to coordinates X=-27.744, Y=-38.433
01.07 19:43:28 Moving is finished
01.07 19:45:05 Scanning 30 point from 5264
01.07 19:45:05 Going to coordinates X=-27.734, Y=-38.433
01.07 19:45:05 Moving is finished
01.07 19:46:41 Scanning 31 point from 5264
01.07 19:46:41 Going to coordinates X=-27.724, Y=-38.433
01.07 19:46:41 Moving is finished
01.07 19:48:18 Scanning 32 point from 5264
01.07 19:48:18 Going to coordinates X=-27.714, Y=-38.433
01.07 19:48:18 Moving is finished
01.07 19:49:55 Scanning 33 point from 5264
01.07 19:49:55 Going to coordinates X=-27.704, Y=-38.433
01.07 19:49:55 Moving is finished
01.07 19:51:31 Scanning 34 point from 5264
01.07 19:51:31 Going to coordinates X=-27.694, Y=-38.433
01.07 19:51:32 Moving is finished
01.07 19:53:08 Scanning 35 point from 5264
01.07 19:53:08 Going to coordinates X=-27.684, Y=-38.433
01.07 19:53:08 Moving is finished
01.07 19:54:45 Scanning 36 point from 5264
01.07 19:54:45 Going to coordinates X=-27.674, Y=-38.433
01.07 19:54:45 Moving is finished
01.07 19:56:22 Scanning 37 point from 5264
01.07 19:56:22 Going to coordinates X=-27.664, Y=-38.433
01.07 19:56:22 Moving is finished
01.07 19:57:59 Scanning 38 point from 5264
01.07 19:57:59 Going to coordinates X=-27.654, Y=-38.433
01.07 19:57:59 Moving is finished
01.07 19:59:36 Scanning 39 point from 5264
01.07 19:59:36 Going to coordinates X=-27.644, Y=-38.433
01.07 19:59:36 Moving is finished
01.07 20:01:12 Scanning 40 point from 5264
01.07 20:01:12 Going to coordinates X=-27.634, Y=-38.433
01.07 20:01:12 Moving is finished
01.07 20:02:49 Scanning 41 point from 5264
01.07 20:02:49 Going to coordinates X=-27.624, Y=-38.433
01.07 20:02:49 Moving is finished
01.07 20:04:26 Scanning 42 point from 5264
01.07 20:04:26 Going to coordinates X=-27.614, Y=-38.433
01.07 20:04:26 Moving is finished
01.07 20:06:03 Scanning 43 point from 5264
01.07 20:06:03 Going to coordinates X=-27.604, Y=-38.433
01.07 20:06:03 Moving is finished
01.07 20:07:40 Scanning 44 point from 5264
01.07 20:07:40 Going to coordinates X=-27.594, Y=-38.433
01.07 20:07:40 Moving is finished
01.07 20:09:16 Scanning 45 point from 5264
01.07 20:09:16 Going to coordinates X=-27.584, Y=-38.433
01.07 20:09:17 Moving is finished
01.07 20:10:53 Scanning 46 point from 5264
01.07 20:10:53 Going to coordinates X=-27.574, Y=-38.433
01.07 20:10:53 Moving is finished
01.07 20:12:30 Scanning 47 point from 5264
01.07 20:12:30 Going to coordinates X=-27.564, Y=-38.433
01.07 20:12:30 Moving is finished
01.07 20:14:07 Scanning 48 point from 5264
01.07 20:14:07 Going to coordinates X=-27.554, Y=-38.433
01.07 20:14:07 Moving is finished
01.07 20:15:44 Scanning 49 point from 5264
01.07 20:15:44 Going to coordinates X=-27.544, Y=-38.433
01.07 20:15:44 Moving is finished
01.07 20:17:21 Scanning 50 point from 5264
01.07 20:17:21 Going to coordinates X=-27.534, Y=-38.433
01.07 20:17:21 Moving is finished
01.07 20:18:58 Scanning 51 point from 5264
01.07 20:18:58 Going to coordinates X=-27.524, Y=-38.433
01.07 20:18:58 Moving is finished
01.07 20:20:34 Scanning 52 point from 5264
01.07 20:20:34 Going to coordinates X=-27.514, Y=-38.433
01.07 20:20:35 Moving is finished
01.07 20:22:11 Scanning 53 point from 5264
01.07 20:22:11 Going to coordinates X=-27.504, Y=-38.433
01.07 20:22:11 Moving is finished
01.07 20:23:48 Scanning 54 point from 5264
01.07 20:23:48 Going to coordinates X=-27.494, Y=-38.433
01.07 20:23:48 Moving is finished
01.07 20:25:25 Scanning 55 point from 5264
01.07 20:25:25 Going to coordinates X=-27.484, Y=-38.433
01.07 20:25:25 Moving is finished
01.07 20:27:02 Scanning 56 point from 5264
01.07 20:27:02 Going to coordinates X=-27.474, Y=-38.433
01.07 20:27:02 Moving is finished
01.07 20:28:38 Scanning 57 point from 5264
01.07 20:28:38 Going to coordinates X=-27.464, Y=-38.433
01.07 20:28:39 Moving is finished
01.07 20:30:15 Scanning 58 point from 5264
01.07 20:30:15 Going to coordinates X=-27.454, Y=-38.433
01.07 20:30:15 Moving is finished
01.07 20:31:52 Scanning 59 point from 5264
01.07 20:31:52 Going to coordinates X=-27.444, Y=-38.433
01.07 20:31:52 Moving is finished
01.07 20:33:29 Scanning 60 point from 5264
01.07 20:33:29 Going to coordinates X=-27.434, Y=-38.433
01.07 20:33:29 Moving is finished
01.07 20:35:05 Scanning 61 point from 5264
01.07 20:35:05 Going to coordinates X=-27.424, Y=-38.433
01.07 20:35:05 Moving is finished
01.07 20:36:42 Scanning 62 point from 5264
01.07 20:36:42 Going to coordinates X=-27.414, Y=-38.433
01.07 20:36:42 Moving is finished
01.07 20:38:19 Scanning 63 point from 5264
01.07 20:38:19 Going to coordinates X=-27.404, Y=-38.433
01.07 20:38:19 Moving is finished
01.07 20:39:56 Scanning 64 point from 5264
01.07 20:39:56 Going to coordinates X=-27.394, Y=-38.433
01.07 20:39:56 Moving is finished
01.07 20:41:33 Scanning 65 point from 5264
01.07 20:41:33 Going to coordinates X=-27.384, Y=-38.433
01.07 20:41:33 Moving is finished
01.07 20:43:09 Scanning 66 point from 5264
01.07 20:43:09 Going to coordinates X=-27.374, Y=-38.433
01.07 20:43:09 Moving is finished
01.07 20:44:46 Scanning 67 point from 5264
01.07 20:44:46 Going to coordinates X=-27.364, Y=-38.433
01.07 20:44:46 Moving is finished
01.07 20:46:23 Scanning 68 point from 5264
01.07 20:46:23 Going to coordinates X=-27.354, Y=-38.433
01.07 20:46:23 Moving is finished
01.07 20:48:00 Scanning 69 point from 5264
01.07 20:48:00 Going to coordinates X=-27.344, Y=-38.433
01.07 20:48:00 Moving is finished
01.07 20:49:37 Scanning 70 point from 5264
01.07 20:49:37 Going to coordinates X=-27.334, Y=-38.433
01.07 20:49:37 Moving is finished
01.07 20:51:14 Scanning 71 point from 5264
01.07 20:51:14 Going to coordinates X=-27.324, Y=-38.433
01.07 20:51:14 Moving is finished
01.07 20:52:51 Scanning 72 point from 5264
01.07 20:52:51 Going to coordinates X=-27.314, Y=-38.433
01.07 20:52:51 Moving is finished
01.07 20:54:27 Scanning 73 point from 5264
01.07 20:54:27 Going to coordinates X=-27.304, Y=-38.433
01.07 20:54:27 Moving is finished
01.07 20:56:04 Scanning 74 point from 5264
01.07 20:56:04 Going to coordinates X=-27.294, Y=-38.433
01.07 20:56:04 Moving is finished
01.07 20:57:41 Scanning 75 point from 5264
01.07 20:57:41 Going to coordinates X=-27.284, Y=-38.433
01.07 20:57:41 Moving is finished
01.07 20:59:18 Scanning 76 point from 5264
01.07 20:59:18 Going to coordinates X=-27.274, Y=-38.433
01.07 20:59:18 Moving is finished
01.07 21:00:54 Scanning 77 point from 5264
01.07 21:00:54 Going to coordinates X=-27.264, Y=-38.433
01.07 21:00:55 Moving is finished
01.07 21:02:31 Scanning 78 point from 5264
01.07 21:02:31 Going to coordinates X=-27.254, Y=-38.433
01.07 21:02:31 Moving is finished
01.07 21:04:08 Scanning 79 point from 5264
01.07 21:04:08 Going to coordinates X=-27.244, Y=-38.433
01.07 21:04:08 Moving is finished
01.07 21:05:45 Scanning 80 point from 5264
01.07 21:05:45 Going to coordinates X=-27.234, Y=-38.433
01.07 21:05:45 Moving is finished
01.07 21:07:22 Scanning 81 point from 5264
01.07 21:07:22 Going to coordinates X=-27.224, Y=-38.433
01.07 21:07:22 Moving is finished
01.07 21:08:59 Scanning 82 point from 5264
01.07 21:08:59 Going to coordinates X=-27.214, Y=-38.433
01.07 21:08:59 Moving is finished
01.07 21:10:36 Scanning 83 point from 5264
01.07 21:10:36 Going to coordinates X=-27.204, Y=-38.433
01.07 21:10:36 Moving is finished
01.07 21:12:13 Scanning 84 point from 5264
01.07 21:12:13 Going to coordinates X=-27.194, Y=-38.433
01.07 21:12:13 Moving is finished
01.07 21:13:50 Scanning 85 point from 5264
01.07 21:13:50 Going to coordinates X=-27.184, Y=-38.433
01.07 21:13:51 Moving is finished
01.07 21:15:27 Scanning 86 point from 5264
01.07 21:15:27 Going to coordinates X=-27.174, Y=-38.433
01.07 21:15:27 Moving is finished
01.07 21:17:04 Scanning 87 point from 5264
01.07 21:17:04 Going to coordinates X=-27.164, Y=-38.433
01.07 21:17:04 Moving is finished
01.07 21:18:42 Scanning 88 point from 5264
01.07 21:18:42 Going to coordinates X=-27.154, Y=-38.433
01.07 21:18:42 Moving is finished
01.07 21:20:18 Scanning 89 point from 5264
01.07 21:20:18 Going to coordinates X=-27.144, Y=-38.433
01.07 21:20:18 Moving is finished
01.07 21:21:55 Scanning 90 point from 5264
01.07 21:21:55 Going to coordinates X=-27.134, Y=-38.433
01.07 21:21:55 Moving is finished
01.07 21:23:32 Scanning 91 point from 5264
01.07 21:23:32 Going to coordinates X=-27.124, Y=-38.433
01.07 21:23:32 Moving is finished
01.07 21:25:09 Scanning 92 point from 5264
01.07 21:25:09 Going to coordinates X=-27.114, Y=-38.433
01.07 21:25:09 Moving is finished
01.07 21:26:46 Scanning 93 point from 5264
01.07 21:26:46 Going to coordinates X=-27.104, Y=-38.433
01.07 21:26:47 Moving is finished
01.07 21:28:23 Scanning 94 point from 5264
01.07 21:28:23 Going to coordinates X=-28.034, Y=-38.423
01.07 21:28:24 Moving is finished
01.07 21:30:00 Scanning 95 point from 5264
01.07 21:30:00 Going to coordinates X=-28.024, Y=-38.423
01.07 21:30:00 Moving is finished
01.07 21:31:37 Scanning 96 point from 5264
01.07 21:31:37 Going to coordinates X=-28.014, Y=-38.423
01.07 21:31:37 Moving is finished
01.07 21:33:14 Scanning 97 point from 5264
01.07 21:33:14 Going to coordinates X=-28.004, Y=-38.423
01.07 21:33:15 Moving is finished
01.07 21:34:51 Scanning 98 point from 5264
01.07 21:34:51 Going to coordinates X=-27.994, Y=-38.423
01.07 21:34:51 Moving is finished
01.07 21:36:28 Scanning 99 point from 5264
01.07 21:36:28 Going to coordinates X=-27.984, Y=-38.423
01.07 21:36:28 Moving is finished
01.07 21:38:05 Scanning 100 point from 5264
01.07 21:38:05 Going to coordinates X=-27.974, Y=-38.423
01.07 21:38:05 Moving is finished
01.07 21:39:41 Scanning 101 point from 5264
01.07 21:39:41 Going to coordinates X=-27.964, Y=-38.423
01.07 21:39:41 Moving is finished
01.07 21:41:19 Scanning 102 point from 5264
01.07 21:41:19 Going to coordinates X=-27.954, Y=-38.423
01.07 21:41:19 Moving is finished
01.07 21:42:55 Scanning 103 point from 5264
01.07 21:42:55 Going to coordinates X=-27.944, Y=-38.423
01.07 21:42:56 Moving is finished
01.07 21:44:32 Scanning 104 point from 5264
01.07 21:44:32 Going to coordinates X=-27.934, Y=-38.423
01.07 21:44:32 Moving is finished
01.07 21:46:09 Scanning 105 point from 5264
01.07 21:46:09 Going to coordinates X=-27.924, Y=-38.423
01.07 21:46:09 Moving is finished
01.07 21:47:46 Scanning 106 point from 5264
01.07 21:47:46 Going to coordinates X=-27.914, Y=-38.423
01.07 21:47:46 Moving is finished
01.07 21:49:23 Scanning 107 point from 5264
01.07 21:49:23 Going to coordinates X=-27.904, Y=-38.423
01.07 21:49:23 Moving is finished
01.07 21:51:00 Scanning 108 point from 5264
01.07 21:51:00 Going to coordinates X=-27.894, Y=-38.423
01.07 21:51:00 Moving is finished
01.07 21:52:36 Scanning 109 point from 5264
01.07 21:52:36 Going to coordinates X=-27.884, Y=-38.423
01.07 21:52:36 Moving is finished
01.07 21:54:13 Scanning 110 point from 5264
01.07 21:54:13 Going to coordinates X=-27.874, Y=-38.423
01.07 21:54:13 Moving is finished
01.07 21:55:49 Scanning 111 point from 5264
01.07 21:55:49 Going to coordinates X=-27.864, Y=-38.423
01.07 21:55:50 Moving is finished
01.07 21:57:26 Scanning 112 point from 5264
01.07 21:57:26 Going to coordinates X=-27.854, Y=-38.423
01.07 21:57:26 Moving is finished
01.07 21:59:03 Scanning 113 point from 5264
01.07 21:59:03 Going to coordinates X=-27.844, Y=-38.423
01.07 21:59:03 Moving is finished
01.07 22:00:40 Scanning 114 point from 5264
01.07 22:00:40 Going to coordinates X=-27.834, Y=-38.423
01.07 22:00:40 Moving is finished
01.07 22:02:17 Scanning 115 point from 5264
01.07 22:02:17 Going to coordinates X=-27.824, Y=-38.423
01.07 22:02:17 Moving is finished
01.07 22:03:53 Scanning 116 point from 5264
01.07 22:03:53 Going to coordinates X=-27.814, Y=-38.423
01.07 22:03:54 Moving is finished
01.07 22:05:30 Scanning 117 point from 5264
01.07 22:05:30 Going to coordinates X=-27.804, Y=-38.423
01.07 22:05:30 Moving is finished
01.07 22:07:06 Scanning 118 point from 5264
01.07 22:07:06 Going to coordinates X=-27.794, Y=-38.423
01.07 22:07:07 Moving is finished
01.07 22:08:43 Scanning 119 point from 5264
01.07 22:08:43 Going to coordinates X=-27.784, Y=-38.423
01.07 22:08:43 Moving is finished
01.07 22:10:20 Scanning 120 point from 5264
01.07 22:10:20 Going to coordinates X=-27.774, Y=-38.423
01.07 22:10:20 Moving is finished
01.07 22:11:56 Scanning 121 point from 5264
01.07 22:11:56 Going to coordinates X=-27.764, Y=-38.423
01.07 22:11:57 Moving is finished
01.07 22:13:33 Scanning 122 point from 5264
01.07 22:13:33 Going to coordinates X=-27.754, Y=-38.423
01.07 22:13:34 Moving is finished
01.07 22:15:10 Scanning 123 point from 5264
01.07 22:15:10 Going to coordinates X=-27.744, Y=-38.423
01.07 22:15:11 Moving is finished
01.07 22:16:48 Scanning 124 point from 5264
01.07 22:16:48 Going to coordinates X=-27.734, Y=-38.423
01.07 22:16:48 Moving is finished
01.07 22:18:25 Scanning 125 point from 5264
01.07 22:18:25 Going to coordinates X=-27.724, Y=-38.423
01.07 22:18:25 Moving is finished
01.07 22:20:03 Scanning 126 point from 5264
01.07 22:20:03 Going to coordinates X=-27.714, Y=-38.423
01.07 22:20:03 Moving is finished
01.07 22:21:39 Scanning 127 point from 5264
01.07 22:21:39 Going to coordinates X=-27.704, Y=-38.423
01.07 22:21:39 Moving is finished
01.07 22:23:16 Scanning 128 point from 5264
01.07 22:23:16 Going to coordinates X=-27.694, Y=-38.423
01.07 22:23:16 Moving is finished
01.07 22:24:52 Scanning 129 point from 5264
01.07 22:24:52 Going to coordinates X=-27.684, Y=-38.423
01.07 22:24:52 Moving is finished
01.07 22:26:29 Scanning 130 point from 5264
01.07 22:26:29 Going to coordinates X=-27.674, Y=-38.423
01.07 22:26:29 Moving is finished
01.07 22:28:05 Scanning 131 point from 5264
01.07 22:28:05 Going to coordinates X=-27.664, Y=-38.423
01.07 22:28:05 Moving is finished
01.07 22:29:42 Scanning 132 point from 5264
01.07 22:29:42 Going to coordinates X=-27.654, Y=-38.423
01.07 22:29:43 Moving is finished
01.07 22:31:19 Scanning 133 point from 5264
01.07 22:31:19 Going to coordinates X=-27.644, Y=-38.423
01.07 22:31:19 Moving is finished
01.07 22:32:56 Scanning 134 point from 5264
01.07 22:32:56 Going to coordinates X=-27.634, Y=-38.423
01.07 22:32:56 Moving is finished
01.07 22:34:33 Scanning 135 point from 5264
01.07 22:34:33 Going to coordinates X=-27.624, Y=-38.423
01.07 22:34:33 Moving is finished
01.07 22:36:10 Scanning 136 point from 5264
01.07 22:36:10 Going to coordinates X=-27.614, Y=-38.423
01.07 22:36:10 Moving is finished
01.07 22:37:48 Scanning 137 point from 5264
01.07 22:37:48 Going to coordinates X=-27.604, Y=-38.423
01.07 22:37:48 Moving is finished
01.07 22:39:25 Scanning 138 point from 5264
01.07 22:39:25 Going to coordinates X=-27.594, Y=-38.423
01.07 22:39:25 Moving is finished
01.07 22:41:02 Scanning 139 point from 5264
01.07 22:41:02 Going to coordinates X=-27.584, Y=-38.423
01.07 22:41:02 Moving is finished
01.07 22:42:39 Scanning 140 point from 5264
01.07 22:42:39 Going to coordinates X=-27.574, Y=-38.423
01.07 22:42:39 Moving is finished
01.07 22:44:16 Scanning 141 point from 5264
01.07 22:44:16 Going to coordinates X=-27.564, Y=-38.423
01.07 22:44:16 Moving is finished
01.07 22:45:53 Scanning 142 point from 5264
01.07 22:45:53 Going to coordinates X=-27.554, Y=-38.423
01.07 22:45:53 Moving is finished
01.07 22:47:30 Scanning 143 point from 5264
01.07 22:47:30 Going to coordinates X=-27.544, Y=-38.423
01.07 22:47:30 Moving is finished
01.07 22:49:07 Scanning 144 point from 5264
01.07 22:49:07 Going to coordinates X=-27.534, Y=-38.423
01.07 22:49:07 Moving is finished
01.07 22:50:43 Scanning 145 point from 5264
01.07 22:50:43 Going to coordinates X=-27.524, Y=-38.423
01.07 22:50:43 Moving is finished
01.07 22:52:20 Scanning 146 point from 5264
01.07 22:52:20 Going to coordinates X=-27.514, Y=-38.423
01.07 22:52:20 Moving is finished
01.07 22:53:56 Scanning 147 point from 5264
01.07 22:53:56 Going to coordinates X=-27.504, Y=-38.423
01.07 22:53:57 Moving is finished
01.07 22:55:33 Scanning 148 point from 5264
01.07 22:55:33 Going to coordinates X=-27.494, Y=-38.423
01.07 22:55:33 Moving is finished
01.07 22:57:10 Scanning 149 point from 5264
01.07 22:57:10 Going to coordinates X=-27.484, Y=-38.423
01.07 22:57:10 Moving is finished
01.07 22:58:47 Scanning 150 point from 5264
01.07 22:58:47 Going to coordinates X=-27.474, Y=-38.423
01.07 22:58:47 Moving is finished
01.07 23:00:23 Scanning 151 point from 5264
01.07 23:00:23 Going to coordinates X=-27.464, Y=-38.423
01.07 23:00:24 Moving is finished
01.07 23:02:00 Scanning 152 point from 5264
01.07 23:02:00 Going to coordinates X=-27.454, Y=-38.423
01.07 23:02:00 Moving is finished
01.07 23:03:37 Scanning 153 point from 5264
01.07 23:03:37 Going to coordinates X=-27.444, Y=-38.423
01.07 23:03:38 Moving is finished
01.07 23:05:14 Scanning 154 point from 5264
01.07 23:05:14 Going to coordinates X=-27.434, Y=-38.423
01.07 23:05:15 Moving is finished
01.07 23:06:51 Scanning 155 point from 5264
01.07 23:06:51 Going to coordinates X=-27.424, Y=-38.423
01.07 23:06:51 Moving is finished
01.07 23:08:28 Scanning 156 point from 5264
01.07 23:08:28 Going to coordinates X=-27.414, Y=-38.423
01.07 23:08:28 Moving is finished
01.07 23:10:05 Scanning 157 point from 5264
01.07 23:10:05 Going to coordinates X=-27.404, Y=-38.423
01.07 23:10:05 Moving is finished
01.07 23:11:42 Scanning 158 point from 5264
01.07 23:11:42 Going to coordinates X=-27.394, Y=-38.423
01.07 23:11:42 Moving is finished
01.07 23:13:18 Scanning 159 point from 5264
01.07 23:13:18 Going to coordinates X=-27.384, Y=-38.423
01.07 23:13:18 Moving is finished
01.07 23:14:55 Scanning 160 point from 5264
01.07 23:14:55 Going to coordinates X=-27.374, Y=-38.423
01.07 23:14:55 Moving is finished
01.07 23:16:32 Scanning 161 point from 5264
01.07 23:16:32 Going to coordinates X=-27.364, Y=-38.423
01.07 23:16:32 Moving is finished
01.07 23:18:08 Scanning 162 point from 5264
01.07 23:18:08 Going to coordinates X=-27.354, Y=-38.423
01.07 23:18:09 Moving is finished
01.07 23:19:45 Scanning 163 point from 5264
01.07 23:19:45 Going to coordinates X=-27.344, Y=-38.423
01.07 23:19:45 Moving is finished
01.07 23:21:22 Scanning 164 point from 5264
01.07 23:21:22 Going to coordinates X=-27.334, Y=-38.423
01.07 23:21:22 Moving is finished
01.07 23:22:58 Scanning 165 point from 5264
01.07 23:22:58 Going to coordinates X=-27.324, Y=-38.423
01.07 23:22:59 Moving is finished
01.07 23:24:35 Scanning 166 point from 5264
01.07 23:24:35 Going to coordinates X=-27.314, Y=-38.423
01.07 23:24:35 Moving is finished
01.07 23:26:12 Scanning 167 point from 5264
01.07 23:26:12 Going to coordinates X=-27.304, Y=-38.423
01.07 23:26:12 Moving is finished
01.07 23:27:49 Scanning 168 point from 5264
01.07 23:27:49 Going to coordinates X=-27.294, Y=-38.423
01.07 23:27:49 Moving is finished
01.07 23:29:25 Scanning 169 point from 5264
01.07 23:29:25 Going to coordinates X=-27.284, Y=-38.423
01.07 23:29:26 Moving is finished
01.07 23:31:02 Scanning 170 point from 5264
01.07 23:31:02 Going to coordinates X=-27.274, Y=-38.423
01.07 23:31:02 Moving is finished
01.07 23:32:39 Scanning 171 point from 5264
01.07 23:32:39 Going to coordinates X=-27.264, Y=-38.423
01.07 23:32:39 Moving is finished
01.07 23:34:16 Scanning 172 point from 5264
01.07 23:34:16 Going to coordinates X=-27.254, Y=-38.423
01.07 23:34:16 Moving is finished
01.07 23:35:53 Scanning 173 point from 5264
01.07 23:35:53 Going to coordinates X=-27.244, Y=-38.423
01.07 23:35:53 Moving is finished
01.07 23:37:30 Scanning 174 point from 5264
01.07 23:37:30 Going to coordinates X=-27.234, Y=-38.423
01.07 23:37:30 Moving is finished
01.07 23:39:07 Scanning 175 point from 5264
01.07 23:39:07 Going to coordinates X=-27.224, Y=-38.423
01.07 23:39:07 Moving is finished
01.07 23:40:45 Scanning 176 point from 5264
01.07 23:40:45 Going to coordinates X=-27.214, Y=-38.423
01.07 23:40:45 Moving is finished
01.07 23:42:21 Scanning 177 point from 5264
01.07 23:42:21 Going to coordinates X=-27.204, Y=-38.423
01.07 23:42:21 Moving is finished
01.07 23:43:58 Scanning 178 point from 5264
01.07 23:43:58 Going to coordinates X=-27.194, Y=-38.423
01.07 23:43:58 Moving is finished
01.07 23:45:35 Scanning 179 point from 5264
01.07 23:45:35 Going to coordinates X=-27.184, Y=-38.423
01.07 23:45:35 Moving is finished
01.07 23:47:12 Scanning 180 point from 5264
01.07 23:47:12 Going to coordinates X=-27.174, Y=-38.423
01.07 23:47:12 Moving is finished
01.07 23:48:49 Scanning 181 point from 5264
01.07 23:48:49 Going to coordinates X=-27.164, Y=-38.423
01.07 23:48:49 Moving is finished
01.07 23:50:25 Scanning 182 point from 5264
01.07 23:50:25 Going to coordinates X=-27.154, Y=-38.423
01.07 23:50:26 Moving is finished
01.07 23:52:02 Scanning 183 point from 5264
01.07 23:52:02 Going to coordinates X=-27.144, Y=-38.423
01.07 23:52:02 Moving is finished
01.07 23:53:39 Scanning 184 point from 5264
01.07 23:53:39 Going to coordinates X=-27.134, Y=-38.423
01.07 23:53:39 Moving is finished
01.07 23:55:16 Scanning 185 point from 5264
01.07 23:55:16 Going to coordinates X=-27.124, Y=-38.423
01.07 23:55:16 Moving is finished
01.07 23:56:53 Scanning 186 point from 5264
01.07 23:56:53 Going to coordinates X=-27.114, Y=-38.423
01.07 23:56:53 Moving is finished
01.07 23:58:30 Scanning 187 point from 5264
01.07 23:58:30 Going to coordinates X=-27.104, Y=-38.423
01.07 23:58:30 Moving is finished
02.07 00:00:07 Scanning 188 point from 5264
02.07 00:00:07 Going to coordinates X=-28.034, Y=-38.413
02.07 00:00:08 Moving is finished
02.07 00:01:45 Scanning 189 point from 5264
02.07 00:01:45 Going to coordinates X=-28.024, Y=-38.413
02.07 00:01:45 Moving is finished
02.07 00:03:22 Scanning 190 point from 5264
02.07 00:03:22 Going to coordinates X=-28.014, Y=-38.413
02.07 00:03:22 Moving is finished
02.07 00:05:00 Scanning 191 point from 5264
02.07 00:05:00 Going to coordinates X=-28.004, Y=-38.413
02.07 00:05:00 Moving is finished
02.07 00:06:37 Scanning 192 point from 5264
02.07 00:06:37 Going to coordinates X=-27.994, Y=-38.413
02.07 00:06:37 Moving is finished
02.07 00:08:14 Scanning 193 point from 5264
02.07 00:08:14 Going to coordinates X=-27.984, Y=-38.413
02.07 00:08:14 Moving is finished
02.07 00:09:51 Scanning 194 point from 5264
02.07 00:09:51 Going to coordinates X=-27.974, Y=-38.413
02.07 00:09:51 Moving is finished
02.07 00:11:29 Scanning 195 point from 5264
02.07 00:11:29 Going to coordinates X=-27.964, Y=-38.413
02.07 00:11:29 Moving is finished
02.07 00:13:06 Scanning 196 point from 5264
02.07 00:13:06 Going to coordinates X=-27.954, Y=-38.413
02.07 00:13:06 Moving is finished
02.07 00:14:43 Scanning 197 point from 5264
02.07 00:14:43 Going to coordinates X=-27.944, Y=-38.413
02.07 00:14:43 Moving is finished
02.07 00:16:20 Scanning 198 point from 5264
02.07 00:16:20 Going to coordinates X=-27.934, Y=-38.413
02.07 00:16:20 Moving is finished
02.07 00:17:56 Scanning 199 point from 5264
02.07 00:17:56 Going to coordinates X=-27.924, Y=-38.413
02.07 00:17:56 Moving is finished
02.07 00:19:33 Scanning 200 point from 5264
02.07 00:19:33 Going to coordinates X=-27.914, Y=-38.413
02.07 00:19:33 Moving is finished
02.07 00:21:10 Scanning 201 point from 5264
02.07 00:21:10 Going to coordinates X=-27.904, Y=-38.413
02.07 00:21:10 Moving is finished
02.07 00:22:46 Scanning 202 point from 5264
02.07 00:22:46 Going to coordinates X=-27.894, Y=-38.413
02.07 00:22:46 Moving is finished
02.07 00:24:23 Scanning 203 point from 5264
02.07 00:24:23 Going to coordinates X=-27.884, Y=-38.413
02.07 00:24:23 Moving is finished
02.07 00:25:59 Scanning 204 point from 5264
02.07 00:25:59 Going to coordinates X=-27.874, Y=-38.413
02.07 00:25:59 Moving is finished
02.07 00:27:36 Scanning 205 point from 5264
02.07 00:27:36 Going to coordinates X=-27.864, Y=-38.413
02.07 00:27:36 Moving is finished
02.07 00:29:12 Scanning 206 point from 5264
02.07 00:29:12 Going to coordinates X=-27.854, Y=-38.413
02.07 00:29:13 Moving is finished
02.07 00:30:50 Scanning 207 point from 5264
02.07 00:30:50 Going to coordinates X=-27.844, Y=-38.413
02.07 00:30:50 Moving is finished
02.07 00:32:27 Scanning 208 point from 5264
02.07 00:32:27 Going to coordinates X=-27.834, Y=-38.413
02.07 00:32:27 Moving is finished
02.07 00:34:03 Scanning 209 point from 5264
02.07 00:34:03 Going to coordinates X=-27.824, Y=-38.413
02.07 00:34:03 Moving is finished
02.07 00:35:40 Scanning 210 point from 5264
02.07 00:35:40 Going to coordinates X=-27.814, Y=-38.413
02.07 00:35:40 Moving is finished
02.07 00:37:17 Scanning 211 point from 5264
02.07 00:37:17 Going to coordinates X=-27.804, Y=-38.413
02.07 00:37:17 Moving is finished
02.07 00:38:54 Scanning 212 point from 5264
02.07 00:38:54 Going to coordinates X=-27.794, Y=-38.413
02.07 00:38:54 Moving is finished
02.07 00:40:30 Scanning 213 point from 5264
02.07 00:40:30 Going to coordinates X=-27.784, Y=-38.413
02.07 00:40:30 Moving is finished
02.07 00:42:07 Scanning 214 point from 5264
02.07 00:42:07 Going to coordinates X=-27.774, Y=-38.413
02.07 00:42:07 Moving is finished
02.07 00:43:44 Scanning 215 point from 5264
02.07 00:43:44 Going to coordinates X=-27.764, Y=-38.413
02.07 00:43:44 Moving is finished
02.07 00:45:21 Scanning 216 point from 5264
02.07 00:45:21 Going to coordinates X=-27.754, Y=-38.413
02.07 00:45:21 Moving is finished
02.07 00:46:58 Scanning 217 point from 5264
02.07 00:46:58 Going to coordinates X=-27.744, Y=-38.413
02.07 00:46:58 Moving is finished
02.07 00:48:34 Scanning 218 point from 5264
02.07 00:48:34 Going to coordinates X=-27.734, Y=-38.413
02.07 00:48:34 Moving is finished
02.07 00:50:11 Scanning 219 point from 5264
02.07 00:50:11 Going to coordinates X=-27.724, Y=-38.413
02.07 00:50:11 Moving is finished
02.07 00:51:47 Scanning 220 point from 5264
02.07 00:51:47 Going to coordinates X=-27.714, Y=-38.413
02.07 00:51:48 Moving is finished
02.07 00:53:24 Scanning 221 point from 5264
02.07 00:53:24 Going to coordinates X=-27.704, Y=-38.413
02.07 00:53:24 Moving is finished
02.07 00:55:01 Scanning 222 point from 5264
02.07 00:55:01 Going to coordinates X=-27.694, Y=-38.413
02.07 00:55:01 Moving is finished
02.07 00:56:38 Scanning 223 point from 5264
02.07 00:56:38 Going to coordinates X=-27.684, Y=-38.413
02.07 00:56:38 Moving is finished
02.07 00:58:14 Scanning 224 point from 5264
02.07 00:58:14 Going to coordinates X=-27.674, Y=-38.413
02.07 00:58:14 Moving is finished
02.07 00:59:51 Scanning 225 point from 5264
02.07 00:59:51 Going to coordinates X=-27.664, Y=-38.413
02.07 00:59:51 Moving is finished
02.07 01:01:28 Scanning 226 point from 5264
02.07 01:01:28 Going to coordinates X=-27.654, Y=-38.413
02.07 01:01:28 Moving is finished
02.07 01:03:04 Scanning 227 point from 5264
02.07 01:03:04 Going to coordinates X=-27.644, Y=-38.413
02.07 01:03:05 Moving is finished
02.07 01:04:41 Scanning 228 point from 5264
02.07 01:04:41 Going to coordinates X=-27.634, Y=-38.413
02.07 01:04:41 Moving is finished
02.07 01:06:18 Scanning 229 point from 5264
02.07 01:06:18 Going to coordinates X=-27.624, Y=-38.413
02.07 01:06:18 Moving is finished
02.07 01:07:55 Scanning 230 point from 5264
02.07 01:07:55 Going to coordinates X=-27.614, Y=-38.413
02.07 01:07:55 Moving is finished
02.07 01:09:32 Scanning 231 point from 5264
02.07 01:09:32 Going to coordinates X=-27.604, Y=-38.413
02.07 01:09:32 Moving is finished
02.07 01:11:09 Scanning 232 point from 5264
02.07 01:11:09 Going to coordinates X=-27.594, Y=-38.413
02.07 01:11:09 Moving is finished
02.07 01:12:46 Scanning 233 point from 5264
02.07 01:12:46 Going to coordinates X=-27.584, Y=-38.413
02.07 01:12:46 Moving is finished
02.07 01:14:23 Scanning 234 point from 5264
02.07 01:14:23 Going to coordinates X=-27.574, Y=-38.413
02.07 01:14:23 Moving is finished
02.07 01:16:00 Scanning 235 point from 5264
02.07 01:16:00 Going to coordinates X=-27.564, Y=-38.413
02.07 01:16:00 Moving is finished
02.07 01:17:37 Scanning 236 point from 5264
02.07 01:17:37 Going to coordinates X=-27.554, Y=-38.413
02.07 01:17:37 Moving is finished
02.07 01:19:14 Scanning 237 point from 5264
02.07 01:19:14 Going to coordinates X=-27.544, Y=-38.413
02.07 01:19:14 Moving is finished
02.07 01:20:51 Scanning 238 point from 5264
02.07 01:20:51 Going to coordinates X=-27.534, Y=-38.413
02.07 01:20:51 Moving is finished
02.07 01:22:28 Scanning 239 point from 5264
02.07 01:22:28 Going to coordinates X=-27.524, Y=-38.413
02.07 01:22:28 Moving is finished
02.07 01:24:05 Scanning 240 point from 5264
02.07 01:24:05 Going to coordinates X=-27.514, Y=-38.413
02.07 01:24:05 Moving is finished
02.07 01:25:42 Scanning 241 point from 5264
02.07 01:25:42 Going to coordinates X=-27.504, Y=-38.413
02.07 01:25:42 Moving is finished
02.07 01:27:19 Scanning 242 point from 5264
02.07 01:27:19 Going to coordinates X=-27.494, Y=-38.413
02.07 01:27:19 Moving is finished
02.07 01:28:56 Scanning 243 point from 5264
02.07 01:28:56 Going to coordinates X=-27.484, Y=-38.413
02.07 01:28:56 Moving is finished
02.07 01:30:32 Scanning 244 point from 5264
02.07 01:30:32 Going to coordinates X=-27.474, Y=-38.413
02.07 01:30:33 Moving is finished
02.07 01:32:09 Scanning 245 point from 5264
02.07 01:32:09 Going to coordinates X=-27.464, Y=-38.413
02.07 01:32:09 Moving is finished
02.07 01:33:46 Scanning 246 point from 5264
02.07 01:33:46 Going to coordinates X=-27.454, Y=-38.413
02.07 01:33:46 Moving is finished
02.07 01:35:22 Scanning 247 point from 5264
02.07 01:35:22 Going to coordinates X=-27.444, Y=-38.413
02.07 01:35:23 Moving is finished
02.07 01:37:00 Scanning 248 point from 5264
02.07 01:37:00 Going to coordinates X=-27.434, Y=-38.413
02.07 01:37:00 Moving is finished
02.07 01:38:36 Scanning 249 point from 5264
02.07 01:38:36 Going to coordinates X=-27.424, Y=-38.413
02.07 01:38:36 Moving is finished
02.07 01:40:13 Scanning 250 point from 5264
02.07 01:40:13 Going to coordinates X=-27.414, Y=-38.413
02.07 01:40:14 Moving is finished
02.07 01:41:50 Scanning 251 point from 5264
02.07 01:41:50 Going to coordinates X=-27.404, Y=-38.413
02.07 01:41:50 Moving is finished
02.07 01:43:27 Scanning 252 point from 5264
02.07 01:43:27 Going to coordinates X=-27.394, Y=-38.413
02.07 01:43:27 Moving is finished
02.07 01:45:04 Scanning 253 point from 5264
02.07 01:45:04 Going to coordinates X=-27.384, Y=-38.413
02.07 01:45:04 Moving is finished
02.07 01:46:40 Scanning 254 point from 5264
02.07 01:46:40 Going to coordinates X=-27.374, Y=-38.413
02.07 01:46:41 Moving is finished
02.07 01:48:17 Scanning 255 point from 5264
02.07 01:48:17 Going to coordinates X=-27.364, Y=-38.413
02.07 01:48:17 Moving is finished
02.07 01:49:54 Scanning 256 point from 5264
02.07 01:49:54 Going to coordinates X=-27.354, Y=-38.413
02.07 01:49:55 Moving is finished
02.07 01:51:32 Scanning 257 point from 5264
02.07 01:51:32 Going to coordinates X=-27.344, Y=-38.413
02.07 01:51:32 Moving is finished
02.07 01:53:09 Scanning 258 point from 5264
02.07 01:53:09 Going to coordinates X=-27.334, Y=-38.413
02.07 01:53:10 Moving is finished
02.07 01:54:46 Scanning 259 point from 5264
02.07 01:54:46 Going to coordinates X=-27.324, Y=-38.413
02.07 01:54:46 Moving is finished
02.07 01:56:23 Scanning 260 point from 5264
02.07 01:56:23 Going to coordinates X=-27.314, Y=-38.413
02.07 01:56:23 Moving is finished
02.07 01:58:00 Scanning 261 point from 5264
02.07 01:58:00 Going to coordinates X=-27.304, Y=-38.413
02.07 01:58:00 Moving is finished
02.07 01:59:37 Scanning 262 point from 5264
02.07 01:59:37 Going to coordinates X=-27.294, Y=-38.413
02.07 01:59:37 Moving is finished
02.07 02:01:14 Scanning 263 point from 5264
02.07 02:01:14 Going to coordinates X=-27.284, Y=-38.413
02.07 02:01:14 Moving is finished
02.07 02:02:51 Scanning 264 point from 5264
02.07 02:02:51 Going to coordinates X=-27.274, Y=-38.413
02.07 02:02:51 Moving is finished
02.07 02:04:28 Scanning 265 point from 5264
02.07 02:04:28 Going to coordinates X=-27.264, Y=-38.413
02.07 02:04:28 Moving is finished
02.07 02:06:05 Scanning 266 point from 5264
02.07 02:06:05 Going to coordinates X=-27.254, Y=-38.413
02.07 02:06:05 Moving is finished
02.07 02:07:41 Scanning 267 point from 5264
02.07 02:07:41 Going to coordinates X=-27.244, Y=-38.413
02.07 02:07:42 Moving is finished
02.07 02:09:18 Scanning 268 point from 5264
02.07 02:09:18 Going to coordinates X=-27.234, Y=-38.413
02.07 02:09:18 Moving is finished
02.07 02:10:54 Scanning 269 point from 5264
02.07 02:10:54 Going to coordinates X=-27.224, Y=-38.413
02.07 02:10:54 Moving is finished
02.07 02:12:31 Scanning 270 point from 5264
02.07 02:12:31 Going to coordinates X=-27.214, Y=-38.413
02.07 02:12:31 Moving is finished
02.07 02:14:08 Scanning 271 point from 5264
02.07 02:14:08 Going to coordinates X=-27.204, Y=-38.413
02.07 02:14:08 Moving is finished
02.07 02:15:44 Scanning 272 point from 5264
02.07 02:15:44 Going to coordinates X=-27.194, Y=-38.413
02.07 02:15:44 Moving is finished
02.07 02:17:21 Scanning 273 point from 5264
02.07 02:17:21 Going to coordinates X=-27.184, Y=-38.413
02.07 02:17:21 Moving is finished
02.07 02:18:58 Scanning 274 point from 5264
02.07 02:18:58 Going to coordinates X=-27.174, Y=-38.413
02.07 02:18:58 Moving is finished
02.07 02:20:34 Scanning 275 point from 5264
02.07 02:20:34 Going to coordinates X=-27.164, Y=-38.413
02.07 02:20:35 Moving is finished
02.07 02:22:11 Scanning 276 point from 5264
02.07 02:22:11 Going to coordinates X=-27.154, Y=-38.413
02.07 02:22:12 Moving is finished
02.07 02:23:48 Scanning 277 point from 5264
02.07 02:23:48 Going to coordinates X=-27.144, Y=-38.413
02.07 02:23:48 Moving is finished
02.07 02:25:25 Scanning 278 point from 5264
02.07 02:25:25 Going to coordinates X=-27.134, Y=-38.413
02.07 02:25:25 Moving is finished
02.07 02:27:02 Scanning 279 point from 5264
02.07 02:27:02 Going to coordinates X=-27.124, Y=-38.413
02.07 02:27:02 Moving is finished
02.07 02:28:39 Scanning 280 point from 5264
02.07 02:28:39 Going to coordinates X=-27.114, Y=-38.413
02.07 02:28:39 Moving is finished
02.07 02:30:16 Scanning 281 point from 5264
02.07 02:30:16 Going to coordinates X=-27.104, Y=-38.413
02.07 02:30:16 Moving is finished
02.07 02:31:52 Scanning 282 point from 5264
02.07 02:31:52 Going to coordinates X=-28.034, Y=-38.403
02.07 02:31:53 Moving is finished
02.07 02:33:30 Scanning 283 point from 5264
02.07 02:33:30 Going to coordinates X=-28.024, Y=-38.403
02.07 02:33:30 Moving is finished
02.07 02:35:07 Scanning 284 point from 5264
02.07 02:35:07 Going to coordinates X=-28.014, Y=-38.403
02.07 02:35:07 Moving is finished
02.07 02:36:44 Scanning 285 point from 5264
02.07 02:36:44 Going to coordinates X=-28.004, Y=-38.403
02.07 02:36:44 Moving is finished
02.07 02:38:21 Scanning 286 point from 5264
02.07 02:38:21 Going to coordinates X=-27.994, Y=-38.403
02.07 02:38:21 Moving is finished
02.07 02:39:58 Scanning 287 point from 5264
02.07 02:39:58 Going to coordinates X=-27.984, Y=-38.403
02.07 02:39:58 Moving is finished
02.07 02:41:35 Scanning 288 point from 5264
02.07 02:41:35 Going to coordinates X=-27.974, Y=-38.403
02.07 02:41:35 Moving is finished
02.07 02:43:12 Scanning 289 point from 5264
02.07 02:43:12 Going to coordinates X=-27.964, Y=-38.403
02.07 02:43:13 Moving is finished
02.07 02:44:49 Scanning 290 point from 5264
02.07 02:44:49 Going to coordinates X=-27.954, Y=-38.403
02.07 02:44:49 Moving is finished
02.07 02:46:26 Scanning 291 point from 5264
02.07 02:46:26 Going to coordinates X=-27.944, Y=-38.403
02.07 02:46:26 Moving is finished
02.07 02:48:03 Scanning 292 point from 5264
02.07 02:48:03 Going to coordinates X=-27.934, Y=-38.403
02.07 02:48:03 Moving is finished
02.07 02:49:40 Scanning 293 point from 5264
02.07 02:49:40 Going to coordinates X=-27.924, Y=-38.403
02.07 02:49:40 Moving is finished
02.07 02:51:16 Scanning 294 point from 5264
02.07 02:51:16 Going to coordinates X=-27.914, Y=-38.403
02.07 02:51:17 Moving is finished
02.07 02:52:53 Scanning 295 point from 5264
02.07 02:52:53 Going to coordinates X=-27.904, Y=-38.403
02.07 02:52:53 Moving is finished
02.07 02:54:30 Scanning 296 point from 5264
02.07 02:54:30 Going to coordinates X=-27.894, Y=-38.403
02.07 02:54:31 Moving is finished
02.07 02:56:08 Scanning 297 point from 5264
02.07 02:56:08 Going to coordinates X=-27.884, Y=-38.403
02.07 02:56:08 Moving is finished
02.07 02:57:45 Scanning 298 point from 5264
02.07 02:57:45 Going to coordinates X=-27.874, Y=-38.403
02.07 02:57:45 Moving is finished
02.07 02:59:21 Scanning 299 point from 5264
02.07 02:59:21 Going to coordinates X=-27.864, Y=-38.403
02.07 02:59:21 Moving is finished
02.07 03:00:58 Scanning 300 point from 5264
02.07 03:00:58 Going to coordinates X=-27.854, Y=-38.403
02.07 03:00:58 Moving is finished
02.07 03:02:35 Scanning 301 point from 5264
02.07 03:02:35 Going to coordinates X=-27.844, Y=-38.403
02.07 03:02:36 Moving is finished
02.07 03:04:12 Scanning 302 point from 5264
02.07 03:04:12 Going to coordinates X=-27.834, Y=-38.403
02.07 03:04:12 Moving is finished
02.07 03:05:50 Scanning 303 point from 5264
02.07 03:05:50 Going to coordinates X=-27.824, Y=-38.403
02.07 03:05:50 Moving is finished
02.07 03:07:27 Scanning 304 point from 5264
02.07 03:07:27 Going to coordinates X=-27.814, Y=-38.403
02.07 03:07:27 Moving is finished
02.07 03:09:04 Scanning 305 point from 5264
02.07 03:09:04 Going to coordinates X=-27.804, Y=-38.403
02.07 03:09:04 Moving is finished
02.07 03:10:40 Scanning 306 point from 5264
02.07 03:10:40 Going to coordinates X=-27.794, Y=-38.403
02.07 03:10:40 Moving is finished
02.07 03:12:17 Scanning 307 point from 5264
02.07 03:12:17 Going to coordinates X=-27.784, Y=-38.403
02.07 03:12:17 Moving is finished
02.07 03:13:55 Scanning 308 point from 5264
02.07 03:13:55 Going to coordinates X=-27.774, Y=-38.403
02.07 03:13:55 Moving is finished
02.07 03:15:32 Scanning 309 point from 5264
02.07 03:15:32 Going to coordinates X=-27.764, Y=-38.403
02.07 03:15:32 Moving is finished
02.07 03:17:09 Scanning 310 point from 5264
02.07 03:17:09 Going to coordinates X=-27.754, Y=-38.403
02.07 03:17:09 Moving is finished
02.07 03:18:46 Scanning 311 point from 5264
02.07 03:18:46 Going to coordinates X=-27.744, Y=-38.403
02.07 03:18:46 Moving is finished
02.07 03:20:23 Scanning 312 point from 5264
02.07 03:20:23 Going to coordinates X=-27.734, Y=-38.403
02.07 03:20:23 Moving is finished
02.07 03:22:00 Scanning 313 point from 5264
02.07 03:22:00 Going to coordinates X=-27.724, Y=-38.403
02.07 03:22:00 Moving is finished
02.07 03:23:36 Scanning 314 point from 5264
02.07 03:23:36 Going to coordinates X=-27.714, Y=-38.403
02.07 03:23:36 Moving is finished
02.07 03:25:13 Scanning 315 point from 5264
02.07 03:25:13 Going to coordinates X=-27.704, Y=-38.403
02.07 03:25:13 Moving is finished
02.07 03:26:50 Scanning 316 point from 5264
02.07 03:26:50 Going to coordinates X=-27.694, Y=-38.403
02.07 03:26:51 Moving is finished
02.07 03:28:28 Scanning 317 point from 5264
02.07 03:28:28 Going to coordinates X=-27.684, Y=-38.403
02.07 03:28:28 Moving is finished
02.07 03:30:05 Scanning 318 point from 5264
02.07 03:30:05 Going to coordinates X=-27.674, Y=-38.403
02.07 03:30:05 Moving is finished
02.07 03:31:42 Scanning 319 point from 5264
02.07 03:31:42 Going to coordinates X=-27.664, Y=-38.403
02.07 03:31:42 Moving is finished
02.07 03:33:19 Scanning 320 point from 5264
02.07 03:33:19 Going to coordinates X=-27.654, Y=-38.403
02.07 03:33:19 Moving is finished
02.07 03:34:55 Scanning 321 point from 5264
02.07 03:34:55 Going to coordinates X=-27.644, Y=-38.403
02.07 03:34:56 Moving is finished
02.07 03:36:32 Scanning 322 point from 5264
02.07 03:36:32 Going to coordinates X=-27.634, Y=-38.403
02.07 03:36:32 Moving is finished
02.07 03:38:09 Scanning 323 point from 5264
02.07 03:38:09 Going to coordinates X=-27.624, Y=-38.403
02.07 03:38:09 Moving is finished
02.07 03:39:46 Scanning 324 point from 5264
02.07 03:39:46 Going to coordinates X=-27.614, Y=-38.403
02.07 03:39:46 Moving is finished
02.07 03:41:22 Scanning 325 point from 5264
02.07 03:41:22 Going to coordinates X=-27.604, Y=-38.403
02.07 03:41:22 Moving is finished
02.07 03:42:59 Scanning 326 point from 5264
02.07 03:42:59 Going to coordinates X=-27.594, Y=-38.403
02.07 03:42:59 Moving is finished
02.07 03:44:35 Scanning 327 point from 5264
02.07 03:44:35 Going to coordinates X=-27.584, Y=-38.403
02.07 03:44:35 Moving is finished
02.07 03:46:12 Scanning 328 point from 5264
02.07 03:46:12 Going to coordinates X=-27.574, Y=-38.403
02.07 03:46:12 Moving is finished
02.07 03:47:48 Scanning 329 point from 5264
02.07 03:47:48 Going to coordinates X=-27.564, Y=-38.403
02.07 03:47:49 Moving is finished
02.07 03:49:25 Scanning 330 point from 5264
02.07 03:49:25 Going to coordinates X=-27.554, Y=-38.403
02.07 03:49:25 Moving is finished
02.07 03:51:02 Scanning 331 point from 5264
02.07 03:51:02 Going to coordinates X=-27.544, Y=-38.403
02.07 03:51:02 Moving is finished
02.07 03:52:39 Scanning 332 point from 5264
02.07 03:52:39 Going to coordinates X=-27.534, Y=-38.403
02.07 03:52:39 Moving is finished
02.07 03:54:16 Scanning 333 point from 5264
02.07 03:54:16 Going to coordinates X=-27.524, Y=-38.403
02.07 03:54:16 Moving is finished
02.07 03:55:53 Scanning 334 point from 5264
02.07 03:55:53 Going to coordinates X=-27.514, Y=-38.403
02.07 03:55:54 Moving is finished
02.07 03:57:30 Scanning 335 point from 5264
02.07 03:57:30 Going to coordinates X=-27.504, Y=-38.403
02.07 03:57:31 Moving is finished
02.07 03:59:07 Scanning 336 point from 5264
02.07 03:59:07 Going to coordinates X=-27.494, Y=-38.403
02.07 03:59:07 Moving is finished
02.07 04:00:44 Scanning 337 point from 5264
02.07 04:00:44 Going to coordinates X=-27.484, Y=-38.403
02.07 04:00:44 Moving is finished
02.07 04:02:22 Scanning 338 point from 5264
02.07 04:02:22 Going to coordinates X=-27.474, Y=-38.403
02.07 04:02:22 Moving is finished
02.07 04:03:58 Scanning 339 point from 5264
02.07 04:03:58 Going to coordinates X=-27.464, Y=-38.403
02.07 04:03:59 Moving is finished
02.07 04:05:36 Scanning 340 point from 5264
02.07 04:05:36 Going to coordinates X=-27.454, Y=-38.403
02.07 04:05:36 Moving is finished
02.07 04:07:13 Scanning 341 point from 5264
02.07 04:07:13 Going to coordinates X=-27.444, Y=-38.403
02.07 04:07:13 Moving is finished
02.07 04:08:51 Scanning 342 point from 5264
02.07 04:08:51 Going to coordinates X=-27.434, Y=-38.403
02.07 04:08:51 Moving is finished
02.07 04:10:28 Scanning 343 point from 5264
02.07 04:10:28 Going to coordinates X=-27.424, Y=-38.403
02.07 04:10:28 Moving is finished
02.07 04:12:04 Scanning 344 point from 5264
02.07 04:12:04 Going to coordinates X=-27.414, Y=-38.403
02.07 04:12:04 Moving is finished
02.07 04:13:41 Scanning 345 point from 5264
02.07 04:13:41 Going to coordinates X=-27.404, Y=-38.403
02.07 04:13:41 Moving is finished
02.07 04:15:18 Scanning 346 point from 5264
02.07 04:15:18 Going to coordinates X=-27.394, Y=-38.403
02.07 04:15:18 Moving is finished
02.07 04:16:55 Scanning 347 point from 5264
02.07 04:16:55 Going to coordinates X=-27.384, Y=-38.403
02.07 04:16:55 Moving is finished
02.07 04:18:31 Scanning 348 point from 5264
02.07 04:18:31 Going to coordinates X=-27.374, Y=-38.403
02.07 04:18:32 Moving is finished
02.07 04:20:08 Scanning 349 point from 5264
02.07 04:20:08 Going to coordinates X=-27.364, Y=-38.403
02.07 04:20:08 Moving is finished
02.07 04:21:45 Scanning 350 point from 5264
02.07 04:21:45 Going to coordinates X=-27.354, Y=-38.403
02.07 04:21:45 Moving is finished
02.07 04:23:21 Scanning 351 point from 5264
02.07 04:23:21 Going to coordinates X=-27.344, Y=-38.403
02.07 04:23:21 Moving is finished
02.07 04:24:58 Scanning 352 point from 5264
02.07 04:24:58 Going to coordinates X=-27.334, Y=-38.403
02.07 04:24:59 Moving is finished
02.07 04:26:35 Scanning 353 point from 5264
02.07 04:26:35 Going to coordinates X=-27.324, Y=-38.403
02.07 04:26:36 Moving is finished
02.07 04:28:12 Scanning 354 point from 5264
02.07 04:28:12 Going to coordinates X=-27.314, Y=-38.403
02.07 04:28:12 Moving is finished
02.07 04:29:49 Scanning 355 point from 5264
02.07 04:29:49 Going to coordinates X=-27.304, Y=-38.403
02.07 04:29:50 Moving is finished
02.07 04:31:26 Scanning 356 point from 5264
02.07 04:31:26 Going to coordinates X=-27.294, Y=-38.403
02.07 04:31:27 Moving is finished
02.07 04:33:03 Scanning 357 point from 5264
02.07 04:33:03 Going to coordinates X=-27.284, Y=-38.403
02.07 04:33:03 Moving is finished
02.07 04:34:40 Scanning 358 point from 5264
02.07 04:34:40 Going to coordinates X=-27.274, Y=-38.403
02.07 04:34:40 Moving is finished
02.07 04:36:16 Scanning 359 point from 5264
02.07 04:36:16 Going to coordinates X=-27.264, Y=-38.403
02.07 04:36:16 Moving is finished
02.07 04:37:53 Scanning 360 point from 5264
02.07 04:37:53 Going to coordinates X=-27.254, Y=-38.403
02.07 04:37:53 Moving is finished
02.07 04:39:29 Scanning 361 point from 5264
02.07 04:39:29 Going to coordinates X=-27.244, Y=-38.403
02.07 04:39:29 Moving is finished
02.07 04:41:06 Scanning 362 point from 5264
02.07 04:41:06 Going to coordinates X=-27.234, Y=-38.403
02.07 04:41:06 Moving is finished
02.07 04:42:43 Scanning 363 point from 5264
02.07 04:42:43 Going to coordinates X=-27.224, Y=-38.403
02.07 04:42:43 Moving is finished
02.07 04:44:19 Scanning 364 point from 5264
02.07 04:44:19 Going to coordinates X=-27.214, Y=-38.403
02.07 04:44:19 Moving is finished
02.07 04:45:56 Scanning 365 point from 5264
02.07 04:45:56 Going to coordinates X=-27.204, Y=-38.403
02.07 04:45:56 Moving is finished
02.07 04:47:33 Scanning 366 point from 5264
02.07 04:47:33 Going to coordinates X=-27.194, Y=-38.403
02.07 04:47:33 Moving is finished
02.07 04:49:10 Scanning 367 point from 5264
02.07 04:49:10 Going to coordinates X=-27.184, Y=-38.403
02.07 04:49:10 Moving is finished
02.07 04:50:46 Scanning 368 point from 5264
02.07 04:50:46 Going to coordinates X=-27.174, Y=-38.403
02.07 04:50:47 Moving is finished
02.07 04:52:23 Scanning 369 point from 5264
02.07 04:52:23 Going to coordinates X=-27.164, Y=-38.403
02.07 04:52:23 Moving is finished
02.07 04:54:00 Scanning 370 point from 5264
02.07 04:54:00 Going to coordinates X=-27.154, Y=-38.403
02.07 04:54:00 Moving is finished
02.07 04:55:37 Scanning 371 point from 5264
02.07 04:55:37 Going to coordinates X=-27.144, Y=-38.403
02.07 04:55:37 Moving is finished
02.07 04:57:13 Scanning 372 point from 5264
02.07 04:57:13 Going to coordinates X=-27.134, Y=-38.403
02.07 04:57:14 Moving is finished
02.07 04:58:51 Scanning 373 point from 5264
02.07 04:58:51 Going to coordinates X=-27.124, Y=-38.403
02.07 04:58:51 Moving is finished
02.07 05:00:28 Scanning 374 point from 5264
02.07 05:00:28 Going to coordinates X=-27.114, Y=-38.403
02.07 05:00:28 Moving is finished
02.07 05:02:04 Scanning 375 point from 5264
02.07 05:02:04 Going to coordinates X=-27.104, Y=-38.403
02.07 05:02:05 Moving is finished
02.07 05:03:41 Scanning 376 point from 5264
02.07 05:03:41 Going to coordinates X=-28.034, Y=-38.393
02.07 05:03:42 Moving is finished
02.07 05:05:18 Scanning 377 point from 5264
02.07 05:05:18 Going to coordinates X=-28.024, Y=-38.393
02.07 05:05:18 Moving is finished
02.07 05:06:55 Scanning 378 point from 5264
02.07 05:06:55 Going to coordinates X=-28.014, Y=-38.393
02.07 05:06:55 Moving is finished
02.07 05:08:32 Scanning 379 point from 5264
02.07 05:08:32 Going to coordinates X=-28.004, Y=-38.393
02.07 05:08:32 Moving is finished
02.07 05:10:08 Scanning 380 point from 5264
02.07 05:10:08 Going to coordinates X=-27.994, Y=-38.393
02.07 05:10:09 Moving is finished
02.07 05:11:45 Scanning 381 point from 5264
02.07 05:11:45 Going to coordinates X=-27.984, Y=-38.393
02.07 05:11:45 Moving is finished
02.07 05:13:22 Scanning 382 point from 5264
02.07 05:13:22 Going to coordinates X=-27.974, Y=-38.393
02.07 05:13:23 Moving is finished
02.07 05:14:59 Scanning 383 point from 5264
02.07 05:14:59 Going to coordinates X=-27.964, Y=-38.393
02.07 05:14:59 Moving is finished
02.07 05:16:36 Scanning 384 point from 5264
02.07 05:16:36 Going to coordinates X=-27.954, Y=-38.393
02.07 05:16:36 Moving is finished
02.07 05:18:13 Scanning 385 point from 5264
02.07 05:18:13 Going to coordinates X=-27.944, Y=-38.393
02.07 05:18:13 Moving is finished
02.07 05:19:50 Scanning 386 point from 5264
02.07 05:19:50 Going to coordinates X=-27.934, Y=-38.393
02.07 05:19:50 Moving is finished
02.07 05:21:27 Scanning 387 point from 5264
02.07 05:21:27 Going to coordinates X=-27.924, Y=-38.393
02.07 05:21:28 Moving is finished
02.07 05:23:04 Scanning 388 point from 5264
02.07 05:23:04 Going to coordinates X=-27.914, Y=-38.393
02.07 05:23:04 Moving is finished
02.07 05:24:41 Scanning 389 point from 5264
02.07 05:24:41 Going to coordinates X=-27.904, Y=-38.393
02.07 05:24:41 Moving is finished
02.07 05:26:18 Scanning 390 point from 5264
02.07 05:26:18 Going to coordinates X=-27.894, Y=-38.393
02.07 05:26:19 Moving is finished
02.07 05:27:55 Scanning 391 point from 5264
02.07 05:27:55 Going to coordinates X=-27.884, Y=-38.393
02.07 05:27:55 Moving is finished
02.07 05:29:32 Scanning 392 point from 5264
02.07 05:29:32 Going to coordinates X=-27.874, Y=-38.393
02.07 05:29:32 Moving is finished
02.07 05:31:09 Scanning 393 point from 5264
02.07 05:31:09 Going to coordinates X=-27.864, Y=-38.393
02.07 05:31:09 Moving is finished
02.07 05:32:46 Scanning 394 point from 5264
02.07 05:32:46 Going to coordinates X=-27.854, Y=-38.393
02.07 05:32:46 Moving is finished
02.07 05:34:23 Scanning 395 point from 5264
02.07 05:34:23 Going to coordinates X=-27.844, Y=-38.393
02.07 05:34:23 Moving is finished
02.07 05:36:00 Scanning 396 point from 5264
02.07 05:36:00 Going to coordinates X=-27.834, Y=-38.393
02.07 05:36:00 Moving is finished
02.07 05:37:37 Scanning 397 point from 5264
02.07 05:37:37 Going to coordinates X=-27.824, Y=-38.393
02.07 05:37:37 Moving is finished
02.07 05:39:14 Scanning 398 point from 5264
02.07 05:39:14 Going to coordinates X=-27.814, Y=-38.393
02.07 05:39:14 Moving is finished
02.07 05:40:50 Scanning 399 point from 5264
02.07 05:40:50 Going to coordinates X=-27.804, Y=-38.393
02.07 05:40:50 Moving is finished
02.07 05:42:27 Scanning 400 point from 5264
02.07 05:42:27 Going to coordinates X=-27.794, Y=-38.393
02.07 05:42:27 Moving is finished
02.07 05:44:03 Scanning 401 point from 5264
02.07 05:44:03 Going to coordinates X=-27.784, Y=-38.393
02.07 05:44:03 Moving is finished
02.07 05:45:40 Scanning 402 point from 5264
02.07 05:45:40 Going to coordinates X=-27.774, Y=-38.393
02.07 05:45:40 Moving is finished
02.07 05:47:17 Scanning 403 point from 5264
02.07 05:47:17 Going to coordinates X=-27.764, Y=-38.393
02.07 05:47:17 Moving is finished
02.07 05:48:53 Scanning 404 point from 5264
02.07 05:48:53 Going to coordinates X=-27.754, Y=-38.393
02.07 05:48:53 Moving is finished
02.07 05:50:30 Scanning 405 point from 5264
02.07 05:50:30 Going to coordinates X=-27.744, Y=-38.393
02.07 05:50:30 Moving is finished
02.07 05:52:07 Scanning 406 point from 5264
02.07 05:52:07 Going to coordinates X=-27.734, Y=-38.393
02.07 05:52:08 Moving is finished
02.07 05:53:45 Scanning 407 point from 5264
02.07 05:53:45 Going to coordinates X=-27.724, Y=-38.393
02.07 05:53:45 Moving is finished
02.07 05:55:22 Scanning 408 point from 5264
02.07 05:55:22 Going to coordinates X=-27.714, Y=-38.393
02.07 05:55:22 Moving is finished
02.07 05:56:59 Scanning 409 point from 5264
02.07 05:56:59 Going to coordinates X=-27.704, Y=-38.393
02.07 05:56:59 Moving is finished
02.07 05:58:35 Scanning 410 point from 5264
02.07 05:58:35 Going to coordinates X=-27.694, Y=-38.393
02.07 05:58:36 Moving is finished
02.07 06:00:12 Scanning 411 point from 5264
02.07 06:00:12 Going to coordinates X=-27.684, Y=-38.393
02.07 06:00:12 Moving is finished
02.07 06:01:49 Scanning 412 point from 5264
02.07 06:01:49 Going to coordinates X=-27.674, Y=-38.393
02.07 06:01:49 Moving is finished
02.07 06:03:26 Scanning 413 point from 5264
02.07 06:03:26 Going to coordinates X=-27.664, Y=-38.393
02.07 06:03:26 Moving is finished
02.07 06:05:03 Scanning 414 point from 5264
02.07 06:05:03 Going to coordinates X=-27.654, Y=-38.393
02.07 06:05:03 Moving is finished
02.07 06:06:40 Scanning 415 point from 5264
02.07 06:06:40 Going to coordinates X=-27.644, Y=-38.393
02.07 06:06:40 Moving is finished
02.07 06:08:17 Scanning 416 point from 5264
02.07 06:08:17 Going to coordinates X=-27.634, Y=-38.393
02.07 06:08:17 Moving is finished
02.07 06:09:54 Scanning 417 point from 5264
02.07 06:09:54 Going to coordinates X=-27.624, Y=-38.393
02.07 06:09:54 Moving is finished
02.07 06:11:31 Scanning 418 point from 5264
02.07 06:11:31 Going to coordinates X=-27.614, Y=-38.393
02.07 06:11:31 Moving is finished
02.07 06:13:08 Scanning 419 point from 5264
02.07 06:13:08 Going to coordinates X=-27.604, Y=-38.393
02.07 06:13:08 Moving is finished
02.07 06:14:45 Scanning 420 point from 5264
02.07 06:14:45 Going to coordinates X=-27.594, Y=-38.393
02.07 06:14:45 Moving is finished
02.07 06:16:22 Scanning 421 point from 5264
02.07 06:16:22 Going to coordinates X=-27.584, Y=-38.393
02.07 06:16:22 Moving is finished
02.07 06:17:58 Scanning 422 point from 5264
02.07 06:17:58 Going to coordinates X=-27.574, Y=-38.393
02.07 06:17:59 Moving is finished
02.07 06:19:35 Scanning 423 point from 5264
02.07 06:19:35 Going to coordinates X=-27.564, Y=-38.393
02.07 06:19:36 Moving is finished
02.07 06:21:13 Scanning 424 point from 5264
02.07 06:21:13 Going to coordinates X=-27.554, Y=-38.393
02.07 06:21:13 Moving is finished
02.07 06:22:50 Scanning 425 point from 5264
02.07 06:22:50 Going to coordinates X=-27.544, Y=-38.393
02.07 06:22:50 Moving is finished
02.07 06:24:27 Scanning 426 point from 5264
02.07 06:24:27 Going to coordinates X=-27.534, Y=-38.393
02.07 06:24:27 Moving is finished
02.07 06:26:04 Scanning 427 point from 5264
02.07 06:26:04 Going to coordinates X=-27.524, Y=-38.393
02.07 06:26:04 Moving is finished
02.07 06:27:40 Scanning 428 point from 5264
02.07 06:27:40 Going to coordinates X=-27.514, Y=-38.393
02.07 06:27:40 Moving is finished
02.07 06:29:17 Scanning 429 point from 5264
02.07 06:29:17 Going to coordinates X=-27.504, Y=-38.393
02.07 06:29:17 Moving is finished
02.07 06:30:54 Scanning 430 point from 5264
02.07 06:30:54 Going to coordinates X=-27.494, Y=-38.393
02.07 06:30:54 Moving is finished
02.07 06:32:31 Scanning 431 point from 5264
02.07 06:32:31 Going to coordinates X=-27.484, Y=-38.393
02.07 06:32:31 Moving is finished
02.07 06:34:08 Scanning 432 point from 5264
02.07 06:34:08 Going to coordinates X=-27.474, Y=-38.393
02.07 06:34:08 Moving is finished
02.07 06:35:45 Scanning 433 point from 5264
02.07 06:35:45 Going to coordinates X=-27.464, Y=-38.393
02.07 06:35:45 Moving is finished
02.07 06:37:22 Scanning 434 point from 5264
02.07 06:37:22 Going to coordinates X=-27.454, Y=-38.393
02.07 06:37:22 Moving is finished
02.07 06:38:58 Scanning 435 point from 5264
02.07 06:38:58 Going to coordinates X=-27.444, Y=-38.393
02.07 06:38:58 Moving is finished
02.07 06:40:35 Scanning 436 point from 5264
02.07 06:40:35 Going to coordinates X=-27.434, Y=-38.393
02.07 06:40:35 Moving is finished
02.07 06:42:11 Scanning 437 point from 5264
02.07 06:42:11 Going to coordinates X=-27.424, Y=-38.393
02.07 06:42:12 Moving is finished
02.07 06:43:49 Scanning 438 point from 5264
02.07 06:43:49 Going to coordinates X=-27.414, Y=-38.393
02.07 06:43:49 Moving is finished
02.07 06:45:25 Scanning 439 point from 5264
02.07 06:45:25 Going to coordinates X=-27.404, Y=-38.393
02.07 06:45:26 Moving is finished
02.07 06:47:02 Scanning 440 point from 5264
02.07 06:47:02 Going to coordinates X=-27.394, Y=-38.393
02.07 06:47:02 Moving is finished
02.07 06:48:38 Scanning 441 point from 5264
02.07 06:48:38 Going to coordinates X=-27.384, Y=-38.393
02.07 06:48:39 Moving is finished
02.07 06:50:15 Scanning 442 point from 5264
02.07 06:50:15 Going to coordinates X=-27.374, Y=-38.393
02.07 06:50:15 Moving is finished
02.07 06:51:52 Scanning 443 point from 5264
02.07 06:51:52 Going to coordinates X=-27.364, Y=-38.393
02.07 06:51:52 Moving is finished
02.07 06:53:29 Scanning 444 point from 5264
02.07 06:53:29 Going to coordinates X=-27.354, Y=-38.393
02.07 06:53:29 Moving is finished
02.07 06:55:05 Scanning 445 point from 5264
02.07 06:55:05 Going to coordinates X=-27.344, Y=-38.393
02.07 06:55:05 Moving is finished
02.07 06:56:42 Scanning 446 point from 5264
02.07 06:56:42 Going to coordinates X=-27.334, Y=-38.393
02.07 06:56:42 Moving is finished
02.07 06:58:19 Scanning 447 point from 5264
02.07 06:58:19 Going to coordinates X=-27.324, Y=-38.393
02.07 06:58:19 Moving is finished
02.07 06:59:56 Scanning 448 point from 5264
02.07 06:59:56 Going to coordinates X=-27.314, Y=-38.393
02.07 06:59:56 Moving is finished
02.07 07:01:32 Scanning 449 point from 5264
02.07 07:01:32 Going to coordinates X=-27.304, Y=-38.393
02.07 07:01:32 Moving is finished
02.07 07:03:09 Scanning 450 point from 5264
02.07 07:03:09 Going to coordinates X=-27.294, Y=-38.393
02.07 07:03:09 Moving is finished
02.07 07:04:46 Scanning 451 point from 5264
02.07 07:04:46 Going to coordinates X=-27.284, Y=-38.393
02.07 07:04:46 Moving is finished
02.07 07:06:23 Scanning 452 point from 5264
02.07 07:06:23 Going to coordinates X=-27.274, Y=-38.393
02.07 07:06:23 Moving is finished
02.07 07:08:00 Scanning 453 point from 5264
02.07 07:08:00 Going to coordinates X=-27.264, Y=-38.393
02.07 07:08:00 Moving is finished
02.07 07:09:37 Scanning 454 point from 5264
02.07 07:09:37 Going to coordinates X=-27.254, Y=-38.393
02.07 07:09:37 Moving is finished
02.07 07:11:13 Scanning 455 point from 5264
02.07 07:11:13 Going to coordinates X=-27.244, Y=-38.393
02.07 07:11:14 Moving is finished
02.07 07:12:50 Scanning 456 point from 5264
02.07 07:12:50 Going to coordinates X=-27.234, Y=-38.393
02.07 07:12:50 Moving is finished
02.07 07:14:28 Scanning 457 point from 5264
02.07 07:14:28 Going to coordinates X=-27.224, Y=-38.393
02.07 07:14:28 Moving is finished
02.07 07:16:04 Scanning 458 point from 5264
02.07 07:16:04 Going to coordinates X=-27.214, Y=-38.393
02.07 07:16:04 Moving is finished
02.07 07:17:41 Scanning 459 point from 5264
02.07 07:17:41 Going to coordinates X=-27.204, Y=-38.393
02.07 07:17:41 Moving is finished
02.07 07:19:18 Scanning 460 point from 5264
02.07 07:19:18 Going to coordinates X=-27.194, Y=-38.393
02.07 07:19:18 Moving is finished
02.07 07:20:55 Scanning 461 point from 5264
02.07 07:20:55 Going to coordinates X=-27.184, Y=-38.393
02.07 07:20:55 Moving is finished
02.07 07:22:31 Scanning 462 point from 5264
02.07 07:22:31 Going to coordinates X=-27.174, Y=-38.393
02.07 07:22:31 Moving is finished
02.07 07:24:08 Scanning 463 point from 5264
02.07 07:24:08 Going to coordinates X=-27.164, Y=-38.393
02.07 07:24:09 Moving is finished
02.07 07:25:46 Scanning 464 point from 5264
02.07 07:25:46 Going to coordinates X=-27.154, Y=-38.393
02.07 07:25:46 Moving is finished
02.07 07:27:22 Scanning 465 point from 5264
02.07 07:27:22 Going to coordinates X=-27.144, Y=-38.393
02.07 07:27:23 Moving is finished
02.07 07:28:59 Scanning 466 point from 5264
02.07 07:28:59 Going to coordinates X=-27.134, Y=-38.393
02.07 07:28:59 Moving is finished
02.07 07:30:36 Scanning 467 point from 5264
02.07 07:30:36 Going to coordinates X=-27.124, Y=-38.393
02.07 07:30:36 Moving is finished
02.07 07:32:13 Scanning 468 point from 5264
02.07 07:32:13 Going to coordinates X=-27.114, Y=-38.393
02.07 07:32:13 Moving is finished
02.07 07:33:51 Scanning 469 point from 5264
02.07 07:33:51 Going to coordinates X=-27.104, Y=-38.393
02.07 07:33:51 Moving is finished
02.07 07:35:28 Scanning 470 point from 5264
02.07 07:35:28 Going to coordinates X=-28.034, Y=-38.383
02.07 07:35:29 Moving is finished
02.07 07:37:06 Scanning 471 point from 5264
02.07 07:37:06 Going to coordinates X=-28.024, Y=-38.383
02.07 07:37:06 Moving is finished
02.07 07:38:43 Scanning 472 point from 5264
02.07 07:38:43 Going to coordinates X=-28.014, Y=-38.383
02.07 07:38:43 Moving is finished
02.07 07:40:20 Scanning 473 point from 5264
02.07 07:40:20 Going to coordinates X=-28.004, Y=-38.383
02.07 07:40:20 Moving is finished
02.07 07:41:57 Scanning 474 point from 5264
02.07 07:41:57 Going to coordinates X=-27.994, Y=-38.383
02.07 07:41:57 Moving is finished
02.07 07:43:34 Scanning 475 point from 5264
02.07 07:43:34 Going to coordinates X=-27.984, Y=-38.383
02.07 07:43:34 Moving is finished
02.07 07:45:11 Scanning 476 point from 5264
02.07 07:45:11 Going to coordinates X=-27.974, Y=-38.383
02.07 07:45:11 Moving is finished
02.07 07:46:48 Scanning 477 point from 5264
02.07 07:46:48 Going to coordinates X=-27.964, Y=-38.383
02.07 07:46:48 Moving is finished
02.07 07:48:25 Scanning 478 point from 5264
02.07 07:48:25 Going to coordinates X=-27.954, Y=-38.383
02.07 07:48:25 Moving is finished
02.07 07:50:02 Scanning 479 point from 5264
02.07 07:50:02 Going to coordinates X=-27.944, Y=-38.383
02.07 07:50:02 Moving is finished
02.07 07:51:39 Scanning 480 point from 5264
02.07 07:51:39 Going to coordinates X=-27.934, Y=-38.383
02.07 07:51:39 Moving is finished
02.07 07:53:16 Scanning 481 point from 5264
02.07 07:53:16 Going to coordinates X=-27.924, Y=-38.383
02.07 07:53:16 Moving is finished
02.07 07:54:53 Scanning 482 point from 5264
02.07 07:54:53 Going to coordinates X=-27.914, Y=-38.383
02.07 07:54:53 Moving is finished
02.07 07:56:29 Scanning 483 point from 5264
02.07 07:56:29 Going to coordinates X=-27.904, Y=-38.383
02.07 07:56:29 Moving is finished
02.07 07:58:06 Scanning 484 point from 5264
02.07 07:58:06 Going to coordinates X=-27.894, Y=-38.383
02.07 07:58:07 Moving is finished
02.07 07:59:43 Scanning 485 point from 5264
02.07 07:59:43 Going to coordinates X=-27.884, Y=-38.383
02.07 07:59:43 Moving is finished
02.07 08:01:21 Scanning 486 point from 5264
02.07 08:01:21 Going to coordinates X=-27.874, Y=-38.383
02.07 08:01:21 Moving is finished
02.07 08:02:57 Scanning 487 point from 5264
02.07 08:02:57 Going to coordinates X=-27.864, Y=-38.383
02.07 08:02:57 Moving is finished
02.07 08:04:34 Scanning 488 point from 5264
02.07 08:04:34 Going to coordinates X=-27.854, Y=-38.383
02.07 08:04:34 Moving is finished
02.07 08:06:11 Scanning 489 point from 5264
02.07 08:06:11 Going to coordinates X=-27.844, Y=-38.383
02.07 08:06:11 Moving is finished
02.07 08:07:48 Scanning 490 point from 5264
02.07 08:07:48 Going to coordinates X=-27.834, Y=-38.383
02.07 08:07:48 Moving is finished
02.07 08:09:25 Scanning 491 point from 5264
02.07 08:09:25 Going to coordinates X=-27.824, Y=-38.383
02.07 08:09:25 Moving is finished
02.07 08:11:02 Scanning 492 point from 5264
02.07 08:11:02 Going to coordinates X=-27.814, Y=-38.383
02.07 08:11:02 Moving is finished
02.07 08:12:40 Scanning 493 point from 5264
02.07 08:12:40 Going to coordinates X=-27.804, Y=-38.383
02.07 08:12:40 Moving is finished
02.07 08:14:17 Scanning 494 point from 5264
02.07 08:14:17 Going to coordinates X=-27.794, Y=-38.383
02.07 08:14:17 Moving is finished
02.07 08:15:53 Scanning 495 point from 5264
02.07 08:15:53 Going to coordinates X=-27.784, Y=-38.383
02.07 08:15:53 Moving is finished
02.07 08:17:31 Scanning 496 point from 5264
02.07 08:17:31 Going to coordinates X=-27.774, Y=-38.383
02.07 08:17:31 Moving is finished
02.07 08:19:08 Scanning 497 point from 5264
02.07 08:19:08 Going to coordinates X=-27.764, Y=-38.383
02.07 08:19:09 Moving is finished
02.07 08:20:45 Scanning 498 point from 5264
02.07 08:20:45 Going to coordinates X=-27.754, Y=-38.383
02.07 08:20:46 Moving is finished
02.07 08:22:22 Scanning 499 point from 5264
02.07 08:22:22 Going to coordinates X=-27.744, Y=-38.383
02.07 08:22:22 Moving is finished
02.07 08:23:58 Scanning 500 point from 5264
02.07 08:23:58 Going to coordinates X=-27.734, Y=-38.383
02.07 08:23:59 Moving is finished
02.07 08:25:35 Scanning 501 point from 5264
02.07 08:25:35 Going to coordinates X=-27.724, Y=-38.383
02.07 08:25:36 Moving is finished
02.07 08:27:13 Scanning 502 point from 5264
02.07 08:27:13 Going to coordinates X=-27.714, Y=-38.383
02.07 08:27:13 Moving is finished
02.07 08:28:50 Scanning 503 point from 5264
02.07 08:28:50 Going to coordinates X=-27.704, Y=-38.383
02.07 08:28:50 Moving is finished
02.07 08:30:27 Scanning 504 point from 5264
02.07 08:30:27 Going to coordinates X=-27.694, Y=-38.383
02.07 08:30:27 Moving is finished
02.07 08:32:04 Scanning 505 point from 5264
02.07 08:32:04 Going to coordinates X=-27.684, Y=-38.383
02.07 08:32:04 Moving is finished
02.07 08:33:41 Scanning 506 point from 5264
02.07 08:33:41 Going to coordinates X=-27.674, Y=-38.383
02.07 08:33:41 Moving is finished
02.07 08:35:18 Scanning 507 point from 5264
02.07 08:35:18 Going to coordinates X=-27.664, Y=-38.383
02.07 08:35:18 Moving is finished
02.07 08:36:54 Scanning 508 point from 5264
02.07 08:36:54 Going to coordinates X=-27.654, Y=-38.383
02.07 08:36:55 Moving is finished
02.07 08:38:31 Scanning 509 point from 5264
02.07 08:38:31 Going to coordinates X=-27.644, Y=-38.383
02.07 08:38:31 Moving is finished
02.07 08:40:08 Scanning 510 point from 5264
02.07 08:40:08 Going to coordinates X=-27.634, Y=-38.383
02.07 08:40:09 Moving is finished
02.07 08:41:45 Scanning 511 point from 5264
02.07 08:41:45 Going to coordinates X=-27.624, Y=-38.383
02.07 08:41:45 Moving is finished
02.07 08:43:22 Scanning 512 point from 5264
02.07 08:43:22 Going to coordinates X=-27.614, Y=-38.383
02.07 08:43:22 Moving is finished
02.07 08:44:59 Scanning 513 point from 5264
02.07 08:44:59 Going to coordinates X=-27.604, Y=-38.383
02.07 08:44:59 Moving is finished
02.07 08:46:36 Scanning 514 point from 5264
02.07 08:46:36 Going to coordinates X=-27.594, Y=-38.383
02.07 08:46:36 Moving is finished
02.07 08:48:13 Scanning 515 point from 5264
02.07 08:48:13 Going to coordinates X=-27.584, Y=-38.383
02.07 08:48:13 Moving is finished
02.07 08:49:50 Scanning 516 point from 5264
02.07 08:49:50 Going to coordinates X=-27.574, Y=-38.383
02.07 08:49:50 Moving is finished
02.07 08:51:27 Scanning 517 point from 5264
02.07 08:51:27 Going to coordinates X=-27.564, Y=-38.383
02.07 08:51:27 Moving is finished
02.07 08:53:04 Scanning 518 point from 5264
02.07 08:53:04 Going to coordinates X=-27.554, Y=-38.383
02.07 08:53:05 Moving is finished
02.07 08:54:41 Scanning 519 point from 5264
02.07 08:54:41 Going to coordinates X=-27.544, Y=-38.383
02.07 08:54:41 Moving is finished
02.07 08:56:18 Scanning 520 point from 5264
02.07 08:56:18 Going to coordinates X=-27.534, Y=-38.383
02.07 08:56:19 Moving is finished
02.07 08:57:56 Scanning 521 point from 5264
02.07 08:57:56 Going to coordinates X=-27.524, Y=-38.383
02.07 08:57:56 Moving is finished
02.07 08:59:33 Scanning 522 point from 5264
02.07 08:59:33 Going to coordinates X=-27.514, Y=-38.383
02.07 08:59:33 Moving is finished
02.07 09:01:10 Scanning 523 point from 5264
02.07 09:01:10 Going to coordinates X=-27.504, Y=-38.383
02.07 09:01:10 Moving is finished
02.07 09:02:47 Scanning 524 point from 5264
02.07 09:02:47 Going to coordinates X=-27.494, Y=-38.383
02.07 09:02:47 Moving is finished
02.07 09:04:24 Scanning 525 point from 5264
02.07 09:04:24 Going to coordinates X=-27.484, Y=-38.383
02.07 09:04:24 Moving is finished
02.07 09:06:02 Scanning 526 point from 5264
02.07 09:06:02 Going to coordinates X=-27.474, Y=-38.383
02.07 09:06:02 Moving is finished
02.07 09:07:39 Scanning 527 point from 5264
02.07 09:07:39 Going to coordinates X=-27.464, Y=-38.383
02.07 09:07:39 Moving is finished
02.07 09:09:16 Scanning 528 point from 5264
02.07 09:09:16 Going to coordinates X=-27.454, Y=-38.383
02.07 09:09:16 Moving is finished
02.07 09:10:52 Scanning 529 point from 5264
02.07 09:10:52 Going to coordinates X=-27.444, Y=-38.383
02.07 09:10:53 Moving is finished
02.07 09:12:29 Scanning 530 point from 5264
02.07 09:12:29 Going to coordinates X=-27.434, Y=-38.383
02.07 09:12:30 Moving is finished
02.07 09:14:06 Scanning 531 point from 5264
02.07 09:14:06 Going to coordinates X=-27.424, Y=-38.383
02.07 09:14:06 Moving is finished
02.07 09:15:42 Scanning 532 point from 5264
02.07 09:15:42 Going to coordinates X=-27.414, Y=-38.383
02.07 09:15:43 Moving is finished
02.07 09:17:19 Scanning 533 point from 5264
02.07 09:17:19 Going to coordinates X=-27.404, Y=-38.383
02.07 09:17:19 Moving is finished
02.07 09:18:56 Scanning 534 point from 5264
02.07 09:18:56 Going to coordinates X=-27.394, Y=-38.383
02.07 09:18:56 Moving is finished
02.07 09:20:32 Scanning 535 point from 5264
02.07 09:20:32 Going to coordinates X=-27.384, Y=-38.383
02.07 09:20:32 Moving is finished
02.07 09:22:09 Scanning 536 point from 5264
02.07 09:22:09 Going to coordinates X=-27.374, Y=-38.383
02.07 09:22:09 Moving is finished
02.07 09:23:46 Scanning 537 point from 5264
02.07 09:23:46 Going to coordinates X=-27.364, Y=-38.383
02.07 09:23:46 Moving is finished
02.07 09:25:22 Scanning 538 point from 5264
02.07 09:25:22 Going to coordinates X=-27.354, Y=-38.383
02.07 09:25:22 Moving is finished
02.07 09:26:59 Scanning 539 point from 5264
02.07 09:26:59 Going to coordinates X=-27.344, Y=-38.383
02.07 09:26:59 Moving is finished
02.07 09:28:36 Scanning 540 point from 5264
02.07 09:28:36 Going to coordinates X=-27.334, Y=-38.383
02.07 09:28:36 Moving is finished
02.07 09:30:13 Scanning 541 point from 5264
02.07 09:30:13 Going to coordinates X=-27.324, Y=-38.383
02.07 09:30:13 Moving is finished
02.07 09:31:29 Stopped!
02.07 09:34:39 Can't send the command to GRBL
02.07 09:34:39 Write timeout02.07 09:34:39 Write timeout

02.07 09:40:25 Can't send the command to GRBL
02.07 09:40:25 Write timeout02.07 09:40:25 Write timeout
02.07 10:36:47 Row 0: 02.07 10:36:47 Map: x1: -28.034, y1: -37.887, x2: -27.107, y2: -38.433, xres: 0.010, yres: 0.010, fname: hfp2nh2
02.07 10:36:47 Scanning 0 point from 5264
02.07 10:36:47 Going to coordinates X=-28.034, Y=-38.433
02.07 10:36:48 Moving is finished
02.07 10:37:39 Stopped!
