07.05 10:13:00 Initializing grbl...
07.05 10:13:00 Got the response: b''
07.05 10:15:19 Row 0: 07.05 10:15:19 Map: x1: -30.224, y1: -39.371, x2: -29.668, y2: -39.577, xres: 0.100, yres: 0.100, fname: c3bez
07.05 10:15:19 Scanning 0 point from 28
07.05 10:15:19 Going to coordinates X=-30.224, Y=-39.577
07.05 10:15:19 Moving is finished
07.05 10:16:57 Scanning 1 point from 28
07.05 10:16:57 Going to coordinates X=-30.124, Y=-39.577
07.05 10:16:57 Moving is finished
07.05 10:18:33 Scanning 2 point from 28
07.05 10:18:33 Going to coordinates X=-30.024, Y=-39.577
07.05 10:18:34 Moving is finished
07.05 10:20:11 Scanning 3 point from 28
07.05 10:20:11 Going to coordinates X=-29.924, Y=-39.577
07.05 10:20:11 Moving is finished
07.05 10:21:47 Scanning 4 point from 28
07.05 10:21:47 Going to coordinates X=-29.824, Y=-39.577
07.05 10:21:48 Moving is finished
07.05 10:23:24 Scanning 5 point from 28
07.05 10:23:24 Going to coordinates X=-29.724, Y=-39.577
07.05 10:23:24 Moving is finished
07.05 10:25:01 Scanning 6 point from 28
07.05 10:25:01 Going to coordinates X=-29.624, Y=-39.577
07.05 10:25:01 Moving is finished
07.05 10:26:38 Scanning 7 point from 28
07.05 10:26:38 Going to coordinates X=-30.224, Y=-39.477
07.05 10:26:38 Moving is finished
07.05 10:28:15 Scanning 8 point from 28
07.05 10:28:15 Going to coordinates X=-30.124, Y=-39.477
07.05 10:28:15 Moving is finished
07.05 10:29:52 Scanning 9 point from 28
07.05 10:29:52 Going to coordinates X=-30.024, Y=-39.477
07.05 10:29:52 Moving is finished
07.05 10:31:29 Scanning 10 point from 28
07.05 10:31:29 Going to coordinates X=-29.924, Y=-39.477
07.05 10:31:30 Moving is finished
07.05 10:33:07 Scanning 11 point from 28
07.05 10:33:07 Going to coordinates X=-29.824, Y=-39.477
07.05 10:33:07 Moving is finished
07.05 10:34:44 Scanning 12 point from 28
07.05 10:34:44 Going to coordinates X=-29.724, Y=-39.477
07.05 10:34:44 Moving is finished
07.05 10:36:21 Scanning 13 point from 28
07.05 10:36:21 Going to coordinates X=-29.624, Y=-39.477
07.05 10:36:21 Moving is finished
07.05 10:37:58 Scanning 14 point from 28
07.05 10:37:58 Going to coordinates X=-30.224, Y=-39.377
07.05 10:37:58 Moving is finished
07.05 10:39:36 Scanning 15 point from 28
07.05 10:39:36 Going to coordinates X=-30.124, Y=-39.377
07.05 10:39:36 Moving is finished
07.05 10:41:13 Scanning 16 point from 28
07.05 10:41:13 Going to coordinates X=-30.024, Y=-39.377
07.05 10:41:13 Moving is finished
07.05 10:42:50 Scanning 17 point from 28
07.05 10:42:50 Going to coordinates X=-29.924, Y=-39.377
07.05 10:42:50 Moving is finished
07.05 10:44:27 Scanning 18 point from 28
07.05 10:44:27 Going to coordinates X=-29.824, Y=-39.377
07.05 10:44:28 Moving is finished
07.05 10:46:04 Scanning 19 point from 28
07.05 10:46:04 Going to coordinates X=-29.724, Y=-39.377
07.05 10:46:04 Moving is finished
07.05 10:47:41 Scanning 20 point from 28
07.05 10:47:41 Going to coordinates X=-29.624, Y=-39.377
07.05 10:47:41 Moving is finished
07.05 10:49:18 Scanning 21 point from 28
07.05 10:49:18 Going to coordinates X=-30.224, Y=-39.277
07.05 10:49:19 Moving is finished
07.05 10:50:56 Scanning 22 point from 28
07.05 10:50:56 Going to coordinates X=-30.124, Y=-39.277
07.05 10:50:56 Moving is finished
07.05 10:52:33 Scanning 23 point from 28
07.05 10:52:33 Going to coordinates X=-30.024, Y=-39.277
07.05 10:52:33 Moving is finished
07.05 10:54:10 Scanning 24 point from 28
07.05 10:54:10 Going to coordinates X=-29.924, Y=-39.277
07.05 10:54:10 Moving is finished
07.05 10:55:46 Scanning 25 point from 28
07.05 10:55:46 Going to coordinates X=-29.824, Y=-39.277
07.05 10:55:47 Moving is finished
07.05 10:57:23 Scanning 26 point from 28
07.05 10:57:23 Going to coordinates X=-29.724, Y=-39.277
07.05 10:57:23 Moving is finished
07.05 10:59:00 Scanning 27 point from 28
07.05 10:59:00 Going to coordinates X=-29.624, Y=-39.277
07.05 10:59:00 Moving is finished
07.05 11:02:54 Row 0: 07.05 11:02:54 Map: x1: -28.707, y1: -39.557, x2: -28.81, y2: -39.536, xres: 0.050, yres: 0.050, fname: c3bez
07.05 11:02:54 Scanning 0 point from 8
07.05 11:02:56 Going to coordinates X=-28.810, Y=-39.557
07.05 11:02:56 Moving is finished
07.05 11:03:02 Scanning 1 point from 8
07.05 11:03:02 Going to coordinates X=-28.760, Y=-39.557
07.05 11:03:09 Stopped!
07.05 11:03:11 Row 0: 07.05 11:03:11 Map: x1: -28.707, y1: -39.557, x2: -28.81, y2: -39.536, xres: 0.050, yres: 0.050, fname: c3bez
07.05 11:03:11 Scanning 0 point from 8
07.05 11:03:13 Stopped!
07.05 11:04:30 Row 0: 07.05 11:04:30 Map: x1: -28.0, y1: -38.0, x2: -27.922, y2: -38.062, xres: 0.010, yres: 0.010, fname: c3bez
07.05 11:04:30 Scanning 0 point from 72
07.05 11:04:30 Going to coordinates X=-28.000, Y=-38.062
07.05 11:04:30 Moving is finished
07.05 11:06:07 Scanning 1 point from 72
07.05 11:06:07 Going to coordinates X=-27.990, Y=-38.062
07.05 11:06:07 Moving is finished
07.05 11:07:44 Scanning 2 point from 72
07.05 11:07:44 Going to coordinates X=-27.980, Y=-38.062
07.05 11:07:44 Moving is finished
07.05 11:09:21 Scanning 3 point from 72
07.05 11:09:21 Going to coordinates X=-27.970, Y=-38.062
07.05 11:09:21 Moving is finished
07.05 11:10:58 Scanning 4 point from 72
07.05 11:10:58 Going to coordinates X=-27.960, Y=-38.062
07.05 11:10:59 Moving is finished
07.05 11:12:35 Scanning 5 point from 72
07.05 11:12:35 Going to coordinates X=-27.950, Y=-38.062
07.05 11:12:35 Moving is finished
07.05 11:14:12 Scanning 6 point from 72
07.05 11:14:12 Going to coordinates X=-27.940, Y=-38.062
07.05 11:14:12 Moving is finished
07.05 11:15:48 Scanning 7 point from 72
07.05 11:15:48 Going to coordinates X=-27.930, Y=-38.062
07.05 11:15:49 Moving is finished
07.05 11:17:25 Scanning 8 point from 72
07.05 11:17:25 Going to coordinates X=-27.920, Y=-38.062
07.05 11:17:25 Moving is finished
07.05 11:19:02 Scanning 9 point from 72
07.05 11:19:02 Going to coordinates X=-28.000, Y=-38.052
07.05 11:19:02 Moving is finished
07.05 11:20:39 Scanning 10 point from 72
07.05 11:20:39 Going to coordinates X=-27.990, Y=-38.052
07.05 11:20:39 Moving is finished
07.05 11:22:15 Scanning 11 point from 72
07.05 11:22:15 Going to coordinates X=-27.980, Y=-38.052
07.05 11:22:15 Moving is finished
07.05 11:23:52 Scanning 12 point from 72
07.05 11:23:52 Going to coordinates X=-27.970, Y=-38.052
07.05 11:23:52 Moving is finished
07.05 11:25:28 Scanning 13 point from 72
07.05 11:25:28 Going to coordinates X=-27.960, Y=-38.052
07.05 11:25:28 Moving is finished
07.05 11:27:06 Scanning 14 point from 72
07.05 11:27:06 Going to coordinates X=-27.950, Y=-38.052
07.05 11:27:06 Moving is finished
07.05 11:28:43 Scanning 15 point from 72
07.05 11:28:43 Going to coordinates X=-27.940, Y=-38.052
07.05 11:28:43 Moving is finished
07.05 11:30:20 Scanning 16 point from 72
07.05 11:30:20 Going to coordinates X=-27.930, Y=-38.052
07.05 11:30:20 Moving is finished
07.05 11:31:57 Scanning 17 point from 72
07.05 11:31:57 Going to coordinates X=-27.920, Y=-38.052
07.05 11:31:57 Moving is finished
07.05 11:33:33 Scanning 18 point from 72
07.05 11:33:33 Going to coordinates X=-28.000, Y=-38.042
07.05 11:33:34 Moving is finished
07.05 11:35:04 Stopped!
07.05 11:47:24 Can't send the command to GRBL
07.05 11:47:24 Write timeout07.05 11:47:24 Write timeout

07.05 11:54:33 Can't send the command to GRBL
07.05 11:54:33 Write timeout07.05 11:54:33 Write timeout

