01.06 15:46:44 Initializing grbl...
01.06 15:46:44 Got the response: b''
01.06 15:49:09 Row 0: 01.06 15:49:09 Map: x1: -28.385, y1: -38.0, x2: -27.38, y2: -38.196, xres: 0.010, yres: 0.010, fname: vemnh2
01.06 15:49:09 Scanning 0 point from 2142
01.06 15:49:09 Going to coordinates X=-28.385, Y=-38.196
01.06 15:49:10 Moving is finished
01.06 15:50:47 Scanning 1 point from 2142
01.06 15:50:47 Going to coordinates X=-28.375, Y=-38.196
01.06 15:50:47 Moving is finished
01.06 15:52:24 Scanning 2 point from 2142
01.06 15:52:24 Going to coordinates X=-28.365, Y=-38.196
01.06 15:52:24 Moving is finished
01.06 15:54:00 Scanning 3 point from 2142
01.06 15:54:00 Going to coordinates X=-28.355, Y=-38.196
01.06 15:54:01 Moving is finished
01.06 15:55:37 Scanning 4 point from 2142
01.06 15:55:37 Going to coordinates X=-28.345, Y=-38.196
01.06 15:55:37 Moving is finished
01.06 15:57:14 Scanning 5 point from 2142
01.06 15:57:14 Going to coordinates X=-28.335, Y=-38.196
01.06 15:57:14 Moving is finished
01.06 15:58:51 Scanning 6 point from 2142
01.06 15:58:51 Going to coordinates X=-28.325, Y=-38.196
01.06 15:58:51 Moving is finished
01.06 16:00:28 Scanning 7 point from 2142
01.06 16:00:28 Going to coordinates X=-28.315, Y=-38.196
01.06 16:00:28 Moving is finished
01.06 16:02:05 Scanning 8 point from 2142
01.06 16:02:05 Going to coordinates X=-28.305, Y=-38.196
01.06 16:02:05 Moving is finished
01.06 16:03:41 Scanning 9 point from 2142
01.06 16:03:41 Going to coordinates X=-28.295, Y=-38.196
01.06 16:03:41 Moving is finished
01.06 16:05:18 Scanning 10 point from 2142
01.06 16:05:18 Going to coordinates X=-28.285, Y=-38.196
01.06 16:05:18 Moving is finished
01.06 16:06:55 Scanning 11 point from 2142
01.06 16:06:55 Going to coordinates X=-28.275, Y=-38.196
01.06 16:06:55 Moving is finished
01.06 16:08:31 Scanning 12 point from 2142
01.06 16:08:31 Going to coordinates X=-28.265, Y=-38.196
01.06 16:08:31 Moving is finished
01.06 16:10:08 Scanning 13 point from 2142
01.06 16:10:08 Going to coordinates X=-28.255, Y=-38.196
01.06 16:10:08 Moving is finished
01.06 16:11:44 Scanning 14 point from 2142
01.06 16:11:44 Going to coordinates X=-28.245, Y=-38.196
01.06 16:11:45 Moving is finished
01.06 16:13:21 Scanning 15 point from 2142
01.06 16:13:21 Going to coordinates X=-28.235, Y=-38.196
01.06 16:13:21 Moving is finished
01.06 16:14:58 Scanning 16 point from 2142
01.06 16:14:58 Going to coordinates X=-28.225, Y=-38.196
01.06 16:14:58 Moving is finished
01.06 16:16:34 Scanning 17 point from 2142
01.06 16:16:34 Going to coordinates X=-28.215, Y=-38.196
01.06 16:16:35 Moving is finished
01.06 16:18:12 Scanning 18 point from 2142
01.06 16:18:12 Going to coordinates X=-28.205, Y=-38.196
01.06 16:18:12 Moving is finished
01.06 16:19:49 Scanning 19 point from 2142
01.06 16:19:49 Going to coordinates X=-28.195, Y=-38.196
01.06 16:19:49 Moving is finished
01.06 16:21:25 Scanning 20 point from 2142
01.06 16:21:25 Going to coordinates X=-28.185, Y=-38.196
01.06 16:21:25 Moving is finished
01.06 16:23:02 Scanning 21 point from 2142
01.06 16:23:02 Going to coordinates X=-28.175, Y=-38.196
01.06 16:23:02 Moving is finished
01.06 16:24:39 Scanning 22 point from 2142
01.06 16:24:39 Going to coordinates X=-28.165, Y=-38.196
01.06 16:24:39 Moving is finished
01.06 16:26:16 Scanning 23 point from 2142
01.06 16:26:16 Going to coordinates X=-28.155, Y=-38.196
01.06 16:26:16 Moving is finished
01.06 16:27:52 Scanning 24 point from 2142
01.06 16:27:52 Going to coordinates X=-28.145, Y=-38.196
01.06 16:27:53 Moving is finished
01.06 16:29:29 Scanning 25 point from 2142
01.06 16:29:29 Going to coordinates X=-28.135, Y=-38.196
01.06 16:29:29 Moving is finished
01.06 16:31:06 Scanning 26 point from 2142
01.06 16:31:06 Going to coordinates X=-28.125, Y=-38.196
01.06 16:31:06 Moving is finished
01.06 16:32:43 Scanning 27 point from 2142
01.06 16:32:43 Going to coordinates X=-28.115, Y=-38.196
01.06 16:32:43 Moving is finished
01.06 16:34:19 Scanning 28 point from 2142
01.06 16:34:19 Going to coordinates X=-28.105, Y=-38.196
01.06 16:34:19 Moving is finished
01.06 16:35:56 Scanning 29 point from 2142
01.06 16:35:56 Going to coordinates X=-28.095, Y=-38.196
01.06 16:35:56 Moving is finished
01.06 16:37:33 Scanning 30 point from 2142
01.06 16:37:33 Going to coordinates X=-28.085, Y=-38.196
01.06 16:37:33 Moving is finished
01.06 16:39:10 Scanning 31 point from 2142
01.06 16:39:10 Going to coordinates X=-28.075, Y=-38.196
01.06 16:39:10 Moving is finished
01.06 16:40:47 Scanning 32 point from 2142
01.06 16:40:47 Going to coordinates X=-28.065, Y=-38.196
01.06 16:40:47 Moving is finished
01.06 16:42:24 Scanning 33 point from 2142
01.06 16:42:24 Going to coordinates X=-28.055, Y=-38.196
01.06 16:42:24 Moving is finished
01.06 16:44:01 Scanning 34 point from 2142
01.06 16:44:01 Going to coordinates X=-28.045, Y=-38.196
01.06 16:44:01 Moving is finished
01.06 16:45:37 Scanning 35 point from 2142
01.06 16:45:37 Going to coordinates X=-28.035, Y=-38.196
01.06 16:45:37 Moving is finished
01.06 16:47:14 Scanning 36 point from 2142
01.06 16:47:14 Going to coordinates X=-28.025, Y=-38.196
01.06 16:47:14 Moving is finished
01.06 16:48:50 Scanning 37 point from 2142
01.06 16:48:50 Going to coordinates X=-28.015, Y=-38.196
01.06 16:48:50 Moving is finished
01.06 16:50:28 Scanning 38 point from 2142
01.06 16:50:28 Going to coordinates X=-28.005, Y=-38.196
01.06 16:50:28 Moving is finished
01.06 16:52:04 Scanning 39 point from 2142
01.06 16:52:04 Going to coordinates X=-27.995, Y=-38.196
01.06 16:52:05 Moving is finished
01.06 16:53:41 Scanning 40 point from 2142
01.06 16:53:41 Going to coordinates X=-27.985, Y=-38.196
01.06 16:53:41 Moving is finished
01.06 16:55:18 Scanning 41 point from 2142
01.06 16:55:18 Going to coordinates X=-27.975, Y=-38.196
01.06 16:55:18 Moving is finished
01.06 16:56:55 Scanning 42 point from 2142
01.06 16:56:55 Going to coordinates X=-27.965, Y=-38.196
01.06 16:56:55 Moving is finished
01.06 16:58:32 Scanning 43 point from 2142
01.06 16:58:32 Going to coordinates X=-27.955, Y=-38.196
01.06 16:58:32 Moving is finished
01.06 17:00:09 Scanning 44 point from 2142
01.06 17:00:09 Going to coordinates X=-27.945, Y=-38.196
01.06 17:00:09 Moving is finished
01.06 17:01:46 Scanning 45 point from 2142
01.06 17:01:46 Going to coordinates X=-27.935, Y=-38.196
01.06 17:01:47 Moving is finished
01.06 17:03:23 Scanning 46 point from 2142
01.06 17:03:23 Going to coordinates X=-27.925, Y=-38.196
01.06 17:03:23 Moving is finished
01.06 17:04:59 Scanning 47 point from 2142
01.06 17:04:59 Going to coordinates X=-27.915, Y=-38.196
01.06 17:05:00 Moving is finished
01.06 17:06:37 Scanning 48 point from 2142
01.06 17:06:37 Going to coordinates X=-27.905, Y=-38.196
01.06 17:06:37 Moving is finished
01.06 17:08:13 Scanning 49 point from 2142
01.06 17:08:13 Going to coordinates X=-27.895, Y=-38.196
01.06 17:08:13 Moving is finished
01.06 17:09:50 Scanning 50 point from 2142
01.06 17:09:50 Going to coordinates X=-27.885, Y=-38.196
01.06 17:09:50 Moving is finished
01.06 17:11:26 Scanning 51 point from 2142
01.06 17:11:26 Going to coordinates X=-27.875, Y=-38.196
01.06 17:11:27 Moving is finished
01.06 17:13:03 Scanning 52 point from 2142
01.06 17:13:03 Going to coordinates X=-27.865, Y=-38.196
01.06 17:13:03 Moving is finished
01.06 17:14:40 Scanning 53 point from 2142
01.06 17:14:40 Going to coordinates X=-27.855, Y=-38.196
01.06 17:14:40 Moving is finished
01.06 17:16:17 Scanning 54 point from 2142
01.06 17:16:17 Going to coordinates X=-27.845, Y=-38.196
01.06 17:16:17 Moving is finished
01.06 17:17:54 Scanning 55 point from 2142
01.06 17:17:54 Going to coordinates X=-27.835, Y=-38.196
01.06 17:17:54 Moving is finished
01.06 17:19:31 Scanning 56 point from 2142
01.06 17:19:31 Going to coordinates X=-27.825, Y=-38.196
01.06 17:19:31 Moving is finished
01.06 17:21:08 Scanning 57 point from 2142
01.06 17:21:08 Going to coordinates X=-27.815, Y=-38.196
01.06 17:21:08 Moving is finished
01.06 17:22:44 Scanning 58 point from 2142
01.06 17:22:44 Going to coordinates X=-27.805, Y=-38.196
01.06 17:22:44 Moving is finished
01.06 17:24:21 Scanning 59 point from 2142
01.06 17:24:21 Going to coordinates X=-27.795, Y=-38.196
01.06 17:24:21 Moving is finished
01.06 17:25:58 Scanning 60 point from 2142
01.06 17:25:58 Going to coordinates X=-27.785, Y=-38.196
01.06 17:25:58 Moving is finished
01.06 17:27:34 Scanning 61 point from 2142
01.06 17:27:34 Going to coordinates X=-27.775, Y=-38.196
01.06 17:27:34 Moving is finished
01.06 17:29:11 Scanning 62 point from 2142
01.06 17:29:11 Going to coordinates X=-27.765, Y=-38.196
01.06 17:29:11 Moving is finished
01.06 17:30:02 Could not find 'EZRaman Reader  V8.2.0 MV' in 'dict_keys([])'
01.06 17:30:08 Could not find 'EZRaman Reader  V8.2.0 MV' in 'dict_keys([])'
01.06 17:30:08 Scanning 63 point from 2142
01.06 17:30:08 Going to coordinates X=-27.755, Y=-38.196
01.06 17:30:08 Moving is finished
01.06 17:30:14 Could not find 'EZRaman Reader  V8.2.0 MV' in 'dict_keys([])'
01.06 17:30:20 Could not find 'EZRaman Reader  V8.2.0 MV' in 'dict_keys([])'
01.06 17:30:20 Scanning 64 point from 2142
01.06 17:30:20 Going to coordinates X=-27.745, Y=-38.196
01.06 17:30:20 Moving is finished
01.06 17:30:27 Could not find 'EZRaman Reader  V8.2.0 MV' in 'dict_keys([])'
01.06 17:30:32 Could not find 'EZRaman Reader  V8.2.0 MV' in 'dict_keys([])'
01.06 17:30:32 Scanning 65 point from 2142
01.06 17:30:32 Going to coordinates X=-27.735, Y=-38.196
01.06 17:30:33 Moving is finished
01.06 17:30:39 Could not find 'EZRaman Reader  V8.2.0 MV' in 'dict_keys([])'
01.06 17:30:45 Could not find 'EZRaman Reader  V8.2.0 MV' in 'dict_keys([])'
01.06 17:30:45 Scanning 66 point from 2142
01.06 17:30:45 Going to coordinates X=-27.725, Y=-38.196
01.06 17:30:45 Moving is finished
01.06 17:30:51 Could not find 'EZRaman Reader  V8.2.0 MV' in 'dict_keys([])'
01.06 17:30:56 Could not find 'EZRaman Reader  V8.2.0 MV' in 'dict_keys([])'
01.06 17:30:56 Scanning 67 point from 2142
01.06 17:30:56 Going to coordinates X=-27.715, Y=-38.196
01.06 17:30:56 Moving is finished
01.06 17:31:02 Could not find 'EZRaman Reader  V8.2.0 MV' in 'dict_keys([])'
01.06 17:31:08 Could not find 'EZRaman Reader  V8.2.0 MV' in 'dict_keys([])'
01.06 17:31:08 Scanning 68 point from 2142
01.06 17:31:08 Going to coordinates X=-27.705, Y=-38.196
01.06 17:31:08 Moving is finished
01.06 17:31:14 Could not find 'EZRaman Reader  V8.2.0 MV' in 'dict_keys([])'
01.06 17:31:19 Could not find 'EZRaman Reader  V8.2.0 MV' in 'dict_keys([])'
01.06 17:31:19 Scanning 69 point from 2142
01.06 17:31:19 Going to coordinates X=-27.695, Y=-38.196
01.06 17:31:19 Moving is finished
01.06 17:31:25 Could not find 'EZRaman Reader  V8.2.0 MV' in 'dict_keys([])'
01.06 17:31:30 Could not find 'EZRaman Reader  V8.2.0 MV' in 'dict_keys([])'
01.06 17:31:31 Scanning 70 point from 2142
01.06 17:31:31 Going to coordinates X=-27.685, Y=-38.196
01.06 17:31:31 Moving is finished
01.06 17:31:37 Could not find 'EZRaman Reader  V8.2.0 MV' in 'dict_keys([])'
01.06 17:31:42 Could not find 'EZRaman Reader  V8.2.0 MV' in 'dict_keys([])'
01.06 17:31:42 Scanning 71 point from 2142
01.06 17:31:42 Going to coordinates X=-27.675, Y=-38.196
01.06 17:31:42 Moving is finished
01.06 17:31:48 Could not find 'EZRaman Reader  V8.2.0 MV' in 'dict_keys([])'
01.06 17:31:53 Could not find 'EZRaman Reader  V8.2.0 MV' in 'dict_keys([])'
01.06 17:31:53 Scanning 72 point from 2142
01.06 17:31:53 Going to coordinates X=-27.665, Y=-38.196
01.06 17:31:53 Moving is finished
01.06 17:31:59 Could not find 'EZRaman Reader  V8.2.0 MV' in 'dict_keys([])'
01.06 17:32:05 Could not find 'EZRaman Reader  V8.2.0 MV' in 'dict_keys([])'
01.06 17:32:05 Scanning 73 point from 2142
01.06 17:32:05 Going to coordinates X=-27.655, Y=-38.196
01.06 17:32:05 Moving is finished
01.06 17:32:11 Could not find 'EZRaman Reader  V8.2.0 MV' in 'dict_keys([])'
01.06 17:32:16 Could not find 'EZRaman Reader  V8.2.0 MV' in 'dict_keys([])'
01.06 17:32:16 Scanning 74 point from 2142
01.06 17:32:16 Going to coordinates X=-27.645, Y=-38.196
01.06 17:32:16 Moving is finished
01.06 17:32:22 Could not find 'EZRaman Reader  V8.2.0 MV' in 'dict_keys([])'
01.06 17:32:28 Could not find 'EZRaman Reader  V8.2.0 MV' in 'dict_keys([])'
01.06 17:32:28 Scanning 75 point from 2142
01.06 17:32:28 Going to coordinates X=-27.635, Y=-38.196
01.06 17:32:28 Moving is finished
01.06 17:32:34 Could not find 'EZRaman Reader  V8.2.0 MV' in 'dict_keys([])'
01.06 17:32:39 Could not find 'EZRaman Reader  V8.2.0 MV' in 'dict_keys([])'
01.06 17:32:39 Scanning 76 point from 2142
01.06 17:32:39 Going to coordinates X=-27.625, Y=-38.196
01.06 17:32:39 Moving is finished
01.06 17:32:45 Could not find 'EZRaman Reader  V8.2.0 MV' in 'dict_keys([])'
01.06 17:32:50 Could not find 'EZRaman Reader  V8.2.0 MV' in 'dict_keys([])'
01.06 17:32:50 Scanning 77 point from 2142
01.06 17:32:50 Going to coordinates X=-27.615, Y=-38.196
01.06 17:32:51 Moving is finished
01.06 17:32:57 Could not find 'EZRaman Reader  V8.2.0 MV' in 'dict_keys([])'
01.06 17:33:02 Could not find 'EZRaman Reader  V8.2.0 MV' in 'dict_keys([])'
01.06 17:33:02 Scanning 78 point from 2142
01.06 17:33:02 Going to coordinates X=-27.605, Y=-38.196
01.06 17:33:02 Moving is finished
01.06 17:33:08 Could not find 'EZRaman Reader  V8.2.0 MV' in 'dict_keys([])'
01.06 17:33:13 Could not find 'EZRaman Reader  V8.2.0 MV' in 'dict_keys([])'
01.06 17:33:13 Scanning 79 point from 2142
01.06 17:33:13 Going to coordinates X=-27.595, Y=-38.196
01.06 17:33:13 Moving is finished
01.06 17:33:19 Could not find 'EZRaman Reader  V8.2.0 MV' in 'dict_keys([])'
01.06 17:33:24 Could not find 'EZRaman Reader  V8.2.0 MV' in 'dict_keys([])'
01.06 17:33:25 Scanning 80 point from 2142
01.06 17:33:25 Going to coordinates X=-27.585, Y=-38.196
01.06 17:33:25 Moving is finished
01.06 17:33:31 Could not find 'EZRaman Reader  V8.2.0 MV' in 'dict_keys([])'
01.06 17:33:36 Could not find 'EZRaman Reader  V8.2.0 MV' in 'dict_keys([])'
01.06 17:33:36 Scanning 81 point from 2142
01.06 17:33:36 Going to coordinates X=-27.575, Y=-38.196
01.06 17:33:36 Moving is finished
01.06 17:33:42 Could not find 'EZRaman Reader  V8.2.0 MV' in 'dict_keys([])'
01.06 17:33:47 Could not find 'EZRaman Reader  V8.2.0 MV' in 'dict_keys([])'
01.06 17:33:47 Scanning 82 point from 2142
01.06 17:33:47 Going to coordinates X=-27.565, Y=-38.196
01.06 17:33:48 Moving is finished
01.06 17:33:54 Could not find 'EZRaman Reader  V8.2.0 MV' in 'dict_keys([])'
01.06 17:33:59 Could not find 'EZRaman Reader  V8.2.0 MV' in 'dict_keys([])'
01.06 17:33:59 Scanning 83 point from 2142
01.06 17:33:59 Going to coordinates X=-27.555, Y=-38.196
01.06 17:33:59 Moving is finished
01.06 17:34:05 Could not find 'EZRaman Reader  V8.2.0 MV' in 'dict_keys([])'
01.06 17:34:10 Could not find 'EZRaman Reader  V8.2.0 MV' in 'dict_keys([])'
01.06 17:34:10 Scanning 84 point from 2142
01.06 17:34:10 Going to coordinates X=-27.545, Y=-38.196
01.06 17:34:10 Moving is finished
01.06 17:34:16 Could not find 'EZRaman Reader  V8.2.0 MV' in 'dict_keys([])'
01.06 17:34:22 Could not find 'EZRaman Reader  V8.2.0 MV' in 'dict_keys([])'
01.06 17:34:22 Scanning 85 point from 2142
01.06 17:34:22 Going to coordinates X=-27.535, Y=-38.196
01.06 17:34:22 Moving is finished
01.06 17:34:28 Could not find 'EZRaman Reader  V8.2.0 MV' in 'dict_keys([])'
01.06 17:34:33 Could not find 'EZRaman Reader  V8.2.0 MV' in 'dict_keys([])'
01.06 17:34:33 Scanning 86 point from 2142
01.06 17:34:33 Going to coordinates X=-27.525, Y=-38.196
01.06 17:34:33 Moving is finished
01.06 17:34:39 Could not find 'EZRaman Reader  V8.2.0 MV' in 'dict_keys([])'
01.06 17:34:44 Could not find 'EZRaman Reader  V8.2.0 MV' in 'dict_keys([])'
01.06 17:34:45 Scanning 87 point from 2142
01.06 17:34:45 Going to coordinates X=-27.515, Y=-38.196
01.06 17:34:45 Moving is finished
01.06 17:34:51 Could not find 'EZRaman Reader  V8.2.0 MV' in 'dict_keys([])'
01.06 17:34:56 Could not find 'EZRaman Reader  V8.2.0 MV' in 'dict_keys([])'
01.06 17:34:56 Scanning 88 point from 2142
01.06 17:34:56 Going to coordinates X=-27.505, Y=-38.196
01.06 17:34:56 Moving is finished
01.06 17:35:02 Could not find 'EZRaman Reader  V8.2.0 MV' in 'dict_keys([])'
01.06 17:35:07 Could not find 'EZRaman Reader  V8.2.0 MV' in 'dict_keys([])'
01.06 17:35:07 Scanning 89 point from 2142
01.06 17:35:07 Going to coordinates X=-27.495, Y=-38.196
01.06 17:35:08 Moving is finished
01.06 17:35:14 Could not find 'EZRaman Reader  V8.2.0 MV' in 'dict_keys([])'
01.06 17:35:19 Could not find 'EZRaman Reader  V8.2.0 MV' in 'dict_keys([])'
01.06 17:35:19 Scanning 90 point from 2142
01.06 17:35:19 Going to coordinates X=-27.485, Y=-38.196
01.06 17:35:19 Moving is finished
01.06 17:35:25 Could not find 'EZRaman Reader  V8.2.0 MV' in 'dict_keys([])'
01.06 17:35:30 Could not find 'EZRaman Reader  V8.2.0 MV' in 'dict_keys([])'
01.06 17:35:30 Scanning 91 point from 2142
01.06 17:35:30 Going to coordinates X=-27.475, Y=-38.196
01.06 17:35:30 Moving is finished
01.06 17:35:36 Could not find 'EZRaman Reader  V8.2.0 MV' in 'dict_keys([])'
01.06 17:35:42 Could not find 'EZRaman Reader  V8.2.0 MV' in 'dict_keys([])'
01.06 17:35:42 Scanning 92 point from 2142
01.06 17:35:42 Going to coordinates X=-27.465, Y=-38.196
01.06 17:35:42 Moving is finished
01.06 17:35:48 Could not find 'EZRaman Reader  V8.2.0 MV' in 'dict_keys([])'
01.06 17:35:53 Could not find 'EZRaman Reader  V8.2.0 MV' in 'dict_keys([])'
01.06 17:35:53 Scanning 93 point from 2142
01.06 17:35:53 Going to coordinates X=-27.455, Y=-38.196
01.06 17:35:53 Moving is finished
01.06 17:35:59 Could not find 'EZRaman Reader  V8.2.0 MV' in 'dict_keys([])'
01.06 17:36:05 Could not find 'EZRaman Reader  V8.2.0 MV' in 'dict_keys([])'
01.06 17:36:05 Scanning 94 point from 2142
01.06 17:36:05 Going to coordinates X=-27.445, Y=-38.196
01.06 17:36:05 Moving is finished
01.06 17:36:11 Could not find 'EZRaman Reader  V8.2.0 MV' in 'dict_keys([])'
01.06 17:36:16 Could not find 'EZRaman Reader  V8.2.0 MV' in 'dict_keys([])'
01.06 17:36:16 Scanning 95 point from 2142
01.06 17:36:16 Going to coordinates X=-27.435, Y=-38.196
01.06 17:36:16 Moving is finished
01.06 17:36:22 Could not find 'EZRaman Reader  V8.2.0 MV' in 'dict_keys([])'
01.06 17:36:27 Could not find 'EZRaman Reader  V8.2.0 MV' in 'dict_keys([])'
01.06 17:36:27 Scanning 96 point from 2142
01.06 17:36:27 Going to coordinates X=-27.425, Y=-38.196
01.06 17:36:28 Moving is finished
01.06 17:36:34 Could not find 'EZRaman Reader  V8.2.0 MV' in 'dict_keys([])'
01.06 17:36:39 Could not find 'EZRaman Reader  V8.2.0 MV' in 'dict_keys([])'
01.06 17:36:39 Scanning 97 point from 2142
01.06 17:36:39 Going to coordinates X=-27.415, Y=-38.196
01.06 17:36:39 Moving is finished
01.06 17:36:45 Could not find 'EZRaman Reader  V8.2.0 MV' in 'dict_keys([])'
01.06 17:36:50 Could not find 'EZRaman Reader  V8.2.0 MV' in 'dict_keys([])'
01.06 17:36:50 Scanning 98 point from 2142
01.06 17:36:50 Going to coordinates X=-27.405, Y=-38.196
01.06 17:36:50 Moving is finished
01.06 17:36:57 Could not find 'EZRaman Reader  V8.2.0 MV' in 'dict_keys([])'
01.06 17:37:02 Could not find 'EZRaman Reader  V8.2.0 MV' in 'dict_keys([])'
01.06 17:37:02 Scanning 99 point from 2142
01.06 17:37:02 Going to coordinates X=-27.395, Y=-38.196
01.06 17:37:02 Moving is finished
01.06 17:37:08 Could not find 'EZRaman Reader  V8.2.0 MV' in 'dict_keys([])'
01.06 17:37:13 Could not find 'EZRaman Reader  V8.2.0 MV' in 'dict_keys([])'
01.06 17:37:13 Scanning 100 point from 2142
01.06 17:37:13 Going to coordinates X=-27.385, Y=-38.196
01.06 17:37:13 Moving is finished
01.06 17:37:19 Could not find 'EZRaman Reader  V8.2.0 MV' in 'dict_keys([])'
01.06 17:37:25 Could not find 'EZRaman Reader  V8.2.0 MV' in 'dict_keys([])'
01.06 17:37:25 Scanning 101 point from 2142
01.06 17:37:25 Going to coordinates X=-27.375, Y=-38.196
01.06 17:37:25 Moving is finished
01.06 17:37:31 Could not find 'EZRaman Reader  V8.2.0 MV' in 'dict_keys([])'
01.06 17:37:36 Could not find 'EZRaman Reader  V8.2.0 MV' in 'dict_keys([])'
01.06 17:37:36 Scanning 102 point from 2142
01.06 17:37:36 Going to coordinates X=-28.385, Y=-38.186
01.06 17:37:37 Moving is finished
01.06 17:37:43 Could not find 'EZRaman Reader  V8.2.0 MV' in 'dict_keys([])'
01.06 17:37:48 Could not find 'EZRaman Reader  V8.2.0 MV' in 'dict_keys([])'
01.06 17:37:48 Scanning 103 point from 2142
01.06 17:37:48 Going to coordinates X=-28.375, Y=-38.186
01.06 17:37:48 Moving is finished
01.06 17:37:54 Could not find 'EZRaman Reader  V8.2.0 MV' in 'dict_keys([])'
01.06 17:37:59 Could not find 'EZRaman Reader  V8.2.0 MV' in 'dict_keys([])'
01.06 17:38:00 Scanning 104 point from 2142
01.06 17:38:00 Going to coordinates X=-28.365, Y=-38.186
01.06 17:38:00 Moving is finished
01.06 17:38:04 Stopped!
01.06 17:41:32 Can't send the command to GRBL
01.06 17:41:32 Write timeout01.06 17:41:32 Write timeout
