02.07 14:56:30 Initializing grbl...
02.07 14:56:30 Got the response: b''
02.07 14:57:36 Row 0: 02.07 14:57:36 Map: x1: -28.0, y1: -38.0, x2: -28.863, y2: -37.155, xres: 0.100, yres: 0.100, fname: pyrene gratng after
02.07 14:57:36 Scanning 0 point from 100
02.07 14:57:36 Going to coordinates X=-28.863, Y=-38.000
02.07 14:57:36 Moving is finished
02.07 14:57:42 Scanning 1 point from 100
02.07 14:57:42 Going to coordinates X=-28.763, Y=-38.000
02.07 14:57:42 Moving is finished
02.07 14:57:48 Scanning 2 point from 100
02.07 14:57:48 Paused
02.07 14:57:51 Going to coordinates X=-28.663, Y=-38.000
02.07 14:57:51 Moving is finished
02.07 14:58:42 Scanning 3 point from 100
02.07 14:58:42 Going to coordinates X=-28.563, Y=-38.000
02.07 14:58:42 Moving is finished
02.07 14:59:32 Scanning 4 point from 100
02.07 14:59:32 Going to coordinates X=-28.463, Y=-38.000
02.07 14:59:33 Moving is finished
02.07 15:00:23 Scanning 5 point from 100
02.07 15:00:23 Going to coordinates X=-28.363, Y=-38.000
02.07 15:00:23 Moving is finished
02.07 15:01:13 Scanning 6 point from 100
02.07 15:01:13 Going to coordinates X=-28.263, Y=-38.000
02.07 15:01:14 Moving is finished
02.07 15:02:04 Scanning 7 point from 100
02.07 15:02:04 Going to coordinates X=-28.163, Y=-38.000
02.07 15:02:05 Moving is finished
02.07 15:02:55 Scanning 8 point from 100
02.07 15:02:55 Going to coordinates X=-28.063, Y=-38.000
02.07 15:02:55 Moving is finished
02.07 15:03:46 Scanning 9 point from 100
02.07 15:03:46 Going to coordinates X=-27.963, Y=-38.000
02.07 15:03:46 Moving is finished
02.07 15:03:53 Stopped!
02.07 15:32:15 Can't send the command to GRBL
02.07 15:32:15 Write timeout
02.07 15:32:15 Status responce is malformed
02.07 15:32:15 list index out of range
02.07 15:33:09 Can't send the command to GRBL
02.07 15:33:09 Write timeout02.07 15:33:09 Write timeout
02.07 15:34:40 Can't send the command to GRBL
02.07 15:34:40 Write timeout02.07 15:34:40 Write timeout

02.07 15:34:42 Can't send the command to GRBL
02.07 15:34:42 Write timeout02.07 15:34:42 Write timeout

02.07 15:38:18 Can't send the command to GRBL
02.07 15:38:18 Write timeout02.07 15:38:18 Write timeout

02.07 16:18:47 Can't send the command to GRBL
02.07 16:18:47 Write timeout
02.07 17:07:54 Can't send the command to GRBL
02.07 17:07:54 Write timeout02.07 17:07:54 Write timeout

02.07 17:33:05 Can't send the command to GRBL
02.07 17:33:05 Write timeout02.07 17:33:05 Write timeout

02.07 17:52:25 Can't send the command to GRBL
02.07 17:52:25 Write timeout02.07 17:52:25 Write timeout

02.07 17:53:21 Can't send the command to GRBL
02.07 17:53:21 Write timeout02.07 17:53:21 Write timeout

02.07 18:33:59 Can't send the command to GRBL
02.07 18:33:59 Write timeout02.07 18:33:59 Write timeout
02.07 18:34:58 Can't send the command to GRBL
02.07 18:34:58 Write timeout02.07 18:34:58 Write timeout

