05.03 11:41:37 Initializing grbl...
05.03 11:41:37 Got the response: b''
05.03 13:02:40 Focused at  1
05.03 13:02:54 Row 0: 05.03 13:02:54 Map: x1: -12.615, y1: -37.559, x2: -13.192, y2: -36.913, xres: 0.050, yres: 0.050, fname: Gluc-Sol2-A
05.03 13:02:54 Scanning 0 point from 182
05.03 13:02:54 Going to coordinates X=-13.192, Y=-37.559
05.03 13:02:55 Moving is finished
05.03 13:04:40 Scanning 1 point from 182
05.03 13:04:40 Going to coordinates X=-13.142, Y=-37.559
05.03 13:04:40 Moving is finished
05.03 13:06:25 Scanning 2 point from 182
05.03 13:06:25 Going to coordinates X=-13.092, Y=-37.559
05.03 13:06:25 Moving is finished
05.03 13:08:10 Scanning 3 point from 182
05.03 13:08:10 Going to coordinates X=-13.042, Y=-37.559
05.03 13:08:10 Moving is finished
05.03 13:09:54 Scanning 4 point from 182
05.03 13:09:54 Going to coordinates X=-12.992, Y=-37.559
05.03 13:09:55 Moving is finished
05.03 13:11:39 Scanning 5 point from 182
05.03 13:11:39 Going to coordinates X=-12.942, Y=-37.559
05.03 13:11:39 Moving is finished
05.03 13:13:24 Scanning 6 point from 182
05.03 13:13:24 Going to coordinates X=-12.892, Y=-37.559
05.03 13:13:24 Moving is finished
05.03 13:15:09 Scanning 7 point from 182
05.03 13:15:09 Going to coordinates X=-12.842, Y=-37.559
05.03 13:15:09 Moving is finished
05.03 13:16:54 Scanning 8 point from 182
05.03 13:16:54 Going to coordinates X=-12.792, Y=-37.559
05.03 13:16:55 Moving is finished
05.03 13:18:39 Scanning 9 point from 182
05.03 13:18:39 Going to coordinates X=-12.742, Y=-37.559
05.03 13:18:39 Moving is finished
05.03 13:20:24 Scanning 10 point from 182
05.03 13:20:24 Going to coordinates X=-12.692, Y=-37.559
05.03 13:20:24 Moving is finished
05.03 13:22:09 Scanning 11 point from 182
05.03 13:22:09 Going to coordinates X=-12.642, Y=-37.559
05.03 13:22:09 Moving is finished
05.03 13:23:55 Scanning 12 point from 182
05.03 13:23:55 Going to coordinates X=-12.592, Y=-37.559
05.03 13:23:55 Moving is finished
05.03 13:25:40 Scanning 13 point from 182
05.03 13:25:40 Going to coordinates X=-13.192, Y=-37.509
05.03 13:25:41 Moving is finished
05.03 13:27:26 Scanning 14 point from 182
05.03 13:27:26 Going to coordinates X=-13.142, Y=-37.509
05.03 13:27:26 Moving is finished
05.03 13:29:10 Scanning 15 point from 182
05.03 13:29:10 Going to coordinates X=-13.092, Y=-37.509
05.03 13:29:11 Moving is finished
05.03 13:30:56 Scanning 16 point from 182
05.03 13:30:56 Going to coordinates X=-13.042, Y=-37.509
05.03 13:30:56 Moving is finished
05.03 13:32:42 Scanning 17 point from 182
05.03 13:32:42 Going to coordinates X=-12.992, Y=-37.509
05.03 13:32:42 Moving is finished
05.03 13:34:28 Scanning 18 point from 182
05.03 13:34:28 Going to coordinates X=-12.942, Y=-37.509
05.03 13:34:28 Moving is finished
05.03 13:36:12 Scanning 19 point from 182
05.03 13:36:12 Going to coordinates X=-12.892, Y=-37.509
05.03 13:36:12 Moving is finished
05.03 13:37:57 Scanning 20 point from 182
05.03 13:37:57 Going to coordinates X=-12.842, Y=-37.509
05.03 13:37:58 Moving is finished
05.03 13:39:42 Scanning 21 point from 182
05.03 13:39:42 Going to coordinates X=-12.792, Y=-37.509
05.03 13:39:42 Moving is finished
05.03 13:41:28 Scanning 22 point from 182
05.03 13:41:28 Going to coordinates X=-12.742, Y=-37.509
05.03 13:41:28 Moving is finished
05.03 13:43:13 Scanning 23 point from 182
05.03 13:43:13 Going to coordinates X=-12.692, Y=-37.509
05.03 13:43:13 Moving is finished
05.03 13:44:58 Scanning 24 point from 182
05.03 13:44:58 Going to coordinates X=-12.642, Y=-37.509
05.03 13:44:58 Moving is finished
05.03 13:46:43 Scanning 25 point from 182
05.03 13:46:43 Going to coordinates X=-12.592, Y=-37.509
05.03 13:46:43 Moving is finished
05.03 13:48:28 Scanning 26 point from 182
05.03 13:48:28 Going to coordinates X=-13.192, Y=-37.459
05.03 13:48:28 Moving is finished
05.03 13:50:13 Scanning 27 point from 182
05.03 13:50:13 Going to coordinates X=-13.142, Y=-37.459
05.03 13:50:13 Moving is finished
05.03 13:51:58 Scanning 28 point from 182
05.03 13:51:58 Going to coordinates X=-13.092, Y=-37.459
05.03 13:51:58 Moving is finished
05.03 13:53:43 Scanning 29 point from 182
05.03 13:53:43 Going to coordinates X=-13.042, Y=-37.459
05.03 13:53:43 Moving is finished
05.03 13:55:28 Scanning 30 point from 182
05.03 13:55:28 Going to coordinates X=-12.992, Y=-37.459
05.03 13:55:28 Moving is finished
05.03 13:57:13 Scanning 31 point from 182
05.03 13:57:13 Going to coordinates X=-12.942, Y=-37.459
05.03 13:57:13 Moving is finished
05.03 13:58:57 Scanning 32 point from 182
05.03 13:58:57 Going to coordinates X=-12.892, Y=-37.459
05.03 13:58:57 Moving is finished
05.03 14:00:42 Scanning 33 point from 182
05.03 14:00:42 Going to coordinates X=-12.842, Y=-37.459
05.03 14:00:42 Moving is finished
05.03 14:02:26 Scanning 34 point from 182
05.03 14:02:26 Going to coordinates X=-12.792, Y=-37.459
05.03 14:02:27 Moving is finished
05.03 14:04:11 Scanning 35 point from 182
05.03 14:04:11 Going to coordinates X=-12.742, Y=-37.459
05.03 14:04:12 Moving is finished
05.03 14:05:56 Scanning 36 point from 182
05.03 14:05:56 Going to coordinates X=-12.692, Y=-37.459
05.03 14:05:57 Moving is finished
05.03 14:07:42 Scanning 37 point from 182
05.03 14:07:42 Going to coordinates X=-12.642, Y=-37.459
05.03 14:07:42 Moving is finished
05.03 14:09:26 Scanning 38 point from 182
05.03 14:09:26 Going to coordinates X=-12.592, Y=-37.459
05.03 14:09:27 Moving is finished
05.03 14:11:12 Scanning 39 point from 182
05.03 14:11:12 Going to coordinates X=-13.192, Y=-37.409
05.03 14:11:12 Moving is finished
05.03 14:12:57 Scanning 40 point from 182
05.03 14:12:57 Going to coordinates X=-13.142, Y=-37.409
05.03 14:12:57 Moving is finished
05.03 14:14:42 Scanning 41 point from 182
05.03 14:14:42 Going to coordinates X=-13.092, Y=-37.409
05.03 14:14:42 Moving is finished
05.03 14:16:27 Scanning 42 point from 182
05.03 14:16:27 Going to coordinates X=-13.042, Y=-37.409
05.03 14:16:27 Moving is finished
05.03 14:18:12 Scanning 43 point from 182
05.03 14:18:12 Going to coordinates X=-12.992, Y=-37.409
05.03 14:18:12 Moving is finished
05.03 14:19:57 Scanning 44 point from 182
05.03 14:19:57 Going to coordinates X=-12.942, Y=-37.409
05.03 14:19:57 Moving is finished
05.03 14:21:42 Scanning 45 point from 182
05.03 14:21:42 Going to coordinates X=-12.892, Y=-37.409
05.03 14:21:42 Moving is finished
05.03 14:23:26 Scanning 46 point from 182
05.03 14:23:26 Going to coordinates X=-12.842, Y=-37.409
05.03 14:23:27 Moving is finished
05.03 14:25:11 Scanning 47 point from 182
05.03 14:25:11 Going to coordinates X=-12.792, Y=-37.409
05.03 14:25:12 Moving is finished
05.03 14:26:56 Scanning 48 point from 182
05.03 14:26:56 Going to coordinates X=-12.742, Y=-37.409
05.03 14:26:56 Moving is finished
05.03 14:28:41 Scanning 49 point from 182
05.03 14:28:41 Going to coordinates X=-12.692, Y=-37.409
05.03 14:28:41 Moving is finished
05.03 14:30:26 Scanning 50 point from 182
05.03 14:30:26 Going to coordinates X=-12.642, Y=-37.409
05.03 14:30:26 Moving is finished
05.03 14:32:10 Scanning 51 point from 182
05.03 14:32:10 Going to coordinates X=-12.592, Y=-37.409
05.03 14:32:10 Moving is finished
05.03 14:33:55 Scanning 52 point from 182
05.03 14:33:55 Going to coordinates X=-13.192, Y=-37.359
05.03 14:33:56 Moving is finished
05.03 14:35:40 Scanning 53 point from 182
05.03 14:35:40 Going to coordinates X=-13.142, Y=-37.359
05.03 14:35:40 Moving is finished
05.03 14:37:25 Scanning 54 point from 182
05.03 14:37:25 Going to coordinates X=-13.092, Y=-37.359
05.03 14:37:25 Moving is finished
05.03 14:39:10 Scanning 55 point from 182
05.03 14:39:10 Going to coordinates X=-13.042, Y=-37.359
05.03 14:39:10 Moving is finished
05.03 14:40:54 Scanning 56 point from 182
05.03 14:40:54 Going to coordinates X=-12.992, Y=-37.359
05.03 14:40:55 Moving is finished
05.03 14:42:39 Scanning 57 point from 182
05.03 14:42:39 Going to coordinates X=-12.942, Y=-37.359
05.03 14:42:39 Moving is finished
05.03 14:44:24 Scanning 58 point from 182
05.03 14:44:24 Going to coordinates X=-12.892, Y=-37.359
05.03 14:44:24 Moving is finished
05.03 14:46:09 Scanning 59 point from 182
05.03 14:46:09 Going to coordinates X=-12.842, Y=-37.359
05.03 14:46:09 Moving is finished
05.03 14:47:54 Scanning 60 point from 182
05.03 14:47:54 Going to coordinates X=-12.792, Y=-37.359
05.03 14:47:54 Moving is finished
05.03 14:49:38 Scanning 61 point from 182
05.03 14:49:38 Going to coordinates X=-12.742, Y=-37.359
05.03 14:49:39 Moving is finished
05.03 14:51:23 Scanning 62 point from 182
05.03 14:51:23 Going to coordinates X=-12.692, Y=-37.359
05.03 14:51:24 Moving is finished
05.03 14:53:09 Scanning 63 point from 182
05.03 14:53:09 Going to coordinates X=-12.642, Y=-37.359
05.03 14:53:09 Moving is finished
05.03 14:54:54 Scanning 64 point from 182
05.03 14:54:54 Going to coordinates X=-12.592, Y=-37.359
05.03 14:54:54 Moving is finished
05.03 14:56:38 Scanning 65 point from 182
05.03 14:56:38 Going to coordinates X=-13.192, Y=-37.309
05.03 14:56:39 Moving is finished
05.03 14:58:24 Scanning 66 point from 182
05.03 14:58:24 Going to coordinates X=-13.142, Y=-37.309
05.03 14:58:24 Moving is finished
05.03 15:00:08 Scanning 67 point from 182
05.03 15:00:08 Going to coordinates X=-13.092, Y=-37.309
05.03 15:00:09 Moving is finished
05.03 15:01:54 Scanning 68 point from 182
05.03 15:01:54 Going to coordinates X=-13.042, Y=-37.309
05.03 15:01:54 Moving is finished
05.03 15:03:39 Scanning 69 point from 182
05.03 15:03:39 Going to coordinates X=-12.992, Y=-37.309
05.03 15:03:39 Moving is finished
05.03 15:04:46 Stopped!
