20.02 11:27:42 Initializing grbl...
20.02 11:27:42 Got the response: b''
20.02 11:29:30 Focused at  82
20.02 11:29:35 Row 0: 20.02 11:29:35 Map: x1: -15.048, y1: -38.349, x2: -15.913, y2: -37.056, xres: 0.100, yres: 0.100, fname: T-6
20.02 11:29:35 Scanning 0 point from 140
20.02 11:29:35 Going to coordinates X=-15.913, Y=-38.349
20.02 11:29:36 Moving is finished
20.02 11:31:21 Scanning 1 point from 140
20.02 11:31:21 Going to coordinates X=-15.813, Y=-38.349
20.02 11:31:21 Moving is finished
20.02 11:33:06 Scanning 2 point from 140
20.02 11:33:06 Going to coordinates X=-15.713, Y=-38.349
20.02 11:33:06 Moving is finished
20.02 11:34:51 Scanning 3 point from 140
20.02 11:34:51 Going to coordinates X=-15.613, Y=-38.349
20.02 11:34:51 Moving is finished
20.02 11:36:36 Scanning 4 point from 140
20.02 11:36:36 Going to coordinates X=-15.513, Y=-38.349
20.02 11:36:36 Moving is finished
20.02 11:38:21 Scanning 5 point from 140
20.02 11:38:21 Going to coordinates X=-15.413, Y=-38.349
20.02 11:38:21 Moving is finished
20.02 11:40:06 Scanning 6 point from 140
20.02 11:40:06 Going to coordinates X=-15.313, Y=-38.349
20.02 11:40:06 Moving is finished
20.02 11:41:50 Scanning 7 point from 140
20.02 11:41:50 Going to coordinates X=-15.213, Y=-38.349
20.02 11:41:51 Moving is finished
20.02 11:43:35 Scanning 8 point from 140
20.02 11:43:35 Going to coordinates X=-15.113, Y=-38.349
20.02 11:43:36 Moving is finished
20.02 11:45:21 Scanning 9 point from 140
20.02 11:45:21 Going to coordinates X=-15.013, Y=-38.349
20.02 11:45:21 Moving is finished
20.02 11:47:06 Scanning 10 point from 140
20.02 11:47:06 Going to coordinates X=-15.913, Y=-38.249
20.02 11:47:07 Moving is finished
20.02 11:48:51 Scanning 11 point from 140
20.02 11:48:51 Going to coordinates X=-15.813, Y=-38.249
20.02 11:48:52 Moving is finished
20.02 11:50:36 Scanning 12 point from 140
20.02 11:50:36 Going to coordinates X=-15.713, Y=-38.249
20.02 11:50:36 Moving is finished
20.02 11:52:21 Scanning 13 point from 140
20.02 11:52:21 Going to coordinates X=-15.613, Y=-38.249
20.02 11:52:21 Moving is finished
20.02 11:54:06 Scanning 14 point from 140
20.02 11:54:06 Going to coordinates X=-15.513, Y=-38.249
20.02 11:54:06 Moving is finished
20.02 11:55:50 Scanning 15 point from 140
20.02 11:55:50 Going to coordinates X=-15.413, Y=-38.249
20.02 11:55:51 Moving is finished
20.02 11:57:35 Scanning 16 point from 140
20.02 11:57:35 Going to coordinates X=-15.313, Y=-38.249
20.02 11:57:36 Moving is finished
20.02 11:59:20 Scanning 17 point from 140
20.02 11:59:20 Going to coordinates X=-15.213, Y=-38.249
20.02 11:59:21 Moving is finished
20.02 12:01:05 Scanning 18 point from 140
20.02 12:01:05 Going to coordinates X=-15.113, Y=-38.249
20.02 12:01:06 Moving is finished
20.02 12:02:50 Scanning 19 point from 140
20.02 12:02:50 Going to coordinates X=-15.013, Y=-38.249
20.02 12:02:51 Moving is finished
20.02 12:04:36 Scanning 20 point from 140
20.02 12:04:36 Going to coordinates X=-15.913, Y=-38.149
20.02 12:04:37 Moving is finished
20.02 12:06:21 Scanning 21 point from 140
20.02 12:06:21 Going to coordinates X=-15.813, Y=-38.149
20.02 12:06:21 Moving is finished
20.02 12:08:06 Scanning 22 point from 140
20.02 12:08:06 Going to coordinates X=-15.713, Y=-38.149
20.02 12:08:06 Moving is finished
20.02 12:09:51 Scanning 23 point from 140
20.02 12:09:51 Going to coordinates X=-15.613, Y=-38.149
20.02 12:09:51 Moving is finished
20.02 12:11:36 Scanning 24 point from 140
20.02 12:11:36 Going to coordinates X=-15.513, Y=-38.149
20.02 12:11:36 Moving is finished
20.02 12:13:21 Scanning 25 point from 140
20.02 12:13:21 Going to coordinates X=-15.413, Y=-38.149
20.02 12:13:21 Moving is finished
20.02 12:15:06 Scanning 26 point from 140
20.02 12:15:06 Going to coordinates X=-15.313, Y=-38.149
20.02 12:15:07 Moving is finished
20.02 12:16:51 Scanning 27 point from 140
20.02 12:16:51 Going to coordinates X=-15.213, Y=-38.149
20.02 12:16:51 Moving is finished
20.02 12:18:37 Scanning 28 point from 140
20.02 12:18:37 Going to coordinates X=-15.113, Y=-38.149
20.02 12:18:37 Moving is finished
20.02 12:20:21 Scanning 29 point from 140
20.02 12:20:21 Going to coordinates X=-15.013, Y=-38.149
20.02 12:20:22 Moving is finished
20.02 12:22:06 Scanning 30 point from 140
20.02 12:22:06 Going to coordinates X=-15.913, Y=-38.049
20.02 12:22:07 Moving is finished
20.02 12:23:51 Scanning 31 point from 140
20.02 12:23:51 Going to coordinates X=-15.813, Y=-38.049
20.02 12:23:52 Moving is finished
20.02 12:25:36 Scanning 32 point from 140
20.02 12:25:36 Going to coordinates X=-15.713, Y=-38.049
20.02 12:25:37 Moving is finished
20.02 12:27:22 Scanning 33 point from 140
20.02 12:27:22 Going to coordinates X=-15.613, Y=-38.049
20.02 12:27:22 Moving is finished
20.02 12:29:06 Scanning 34 point from 140
20.02 12:29:06 Going to coordinates X=-15.513, Y=-38.049
20.02 12:29:06 Moving is finished
20.02 12:30:51 Scanning 35 point from 140
20.02 12:30:51 Going to coordinates X=-15.413, Y=-38.049
20.02 12:30:52 Moving is finished
20.02 12:32:36 Scanning 36 point from 140
20.02 12:32:36 Going to coordinates X=-15.313, Y=-38.049
20.02 12:32:36 Moving is finished
20.02 12:34:21 Scanning 37 point from 140
20.02 12:34:21 Going to coordinates X=-15.213, Y=-38.049
20.02 12:34:21 Moving is finished
20.02 12:36:07 Scanning 38 point from 140
20.02 12:36:07 Going to coordinates X=-15.113, Y=-38.049
20.02 12:36:07 Moving is finished
20.02 12:37:52 Scanning 39 point from 140
20.02 12:37:52 Going to coordinates X=-15.013, Y=-38.049
20.02 12:37:52 Moving is finished
20.02 12:39:37 Scanning 40 point from 140
20.02 12:39:37 Going to coordinates X=-15.913, Y=-37.949
20.02 12:39:38 Moving is finished
20.02 12:41:22 Scanning 41 point from 140
20.02 12:41:22 Going to coordinates X=-15.813, Y=-37.949
20.02 12:41:23 Moving is finished
20.02 12:43:08 Scanning 42 point from 140
20.02 12:43:08 Going to coordinates X=-15.713, Y=-37.949
20.02 12:43:08 Moving is finished
20.02 12:44:53 Scanning 43 point from 140
20.02 12:44:53 Going to coordinates X=-15.613, Y=-37.949
20.02 12:44:53 Moving is finished
20.02 12:46:38 Scanning 44 point from 140
20.02 12:46:38 Going to coordinates X=-15.513, Y=-37.949
20.02 12:46:39 Moving is finished
20.02 12:48:23 Scanning 45 point from 140
20.02 12:48:23 Going to coordinates X=-15.413, Y=-37.949
20.02 12:48:24 Moving is finished
20.02 12:50:08 Scanning 46 point from 140
20.02 12:50:08 Going to coordinates X=-15.313, Y=-37.949
20.02 12:50:08 Moving is finished
20.02 12:51:54 Scanning 47 point from 140
20.02 12:51:54 Going to coordinates X=-15.213, Y=-37.949
20.02 12:51:54 Moving is finished
20.02 12:53:39 Scanning 48 point from 140
20.02 12:53:39 Going to coordinates X=-15.113, Y=-37.949
20.02 12:53:39 Moving is finished
20.02 12:55:24 Scanning 49 point from 140
20.02 12:55:24 Going to coordinates X=-15.013, Y=-37.949
20.02 12:55:24 Moving is finished
20.02 12:57:09 Scanning 50 point from 140
20.02 12:57:09 Going to coordinates X=-15.913, Y=-37.849
20.02 12:57:10 Moving is finished
20.02 12:58:55 Scanning 51 point from 140
20.02 12:58:55 Going to coordinates X=-15.813, Y=-37.849
20.02 12:58:56 Moving is finished
20.02 13:00:40 Scanning 52 point from 140
20.02 13:00:40 Going to coordinates X=-15.713, Y=-37.849
20.02 13:00:40 Moving is finished
20.02 13:02:25 Scanning 53 point from 140
20.02 13:02:25 Going to coordinates X=-15.613, Y=-37.849
20.02 13:02:26 Moving is finished
20.02 13:04:11 Scanning 54 point from 140
20.02 13:04:11 Going to coordinates X=-15.513, Y=-37.849
20.02 13:04:11 Moving is finished
20.02 13:05:55 Scanning 55 point from 140
20.02 13:05:55 Going to coordinates X=-15.413, Y=-37.849
20.02 13:05:56 Moving is finished
20.02 13:07:40 Scanning 56 point from 140
20.02 13:07:40 Going to coordinates X=-15.313, Y=-37.849
20.02 13:07:40 Moving is finished
20.02 13:09:25 Scanning 57 point from 140
20.02 13:09:25 Going to coordinates X=-15.213, Y=-37.849
20.02 13:09:26 Moving is finished
20.02 13:11:10 Scanning 58 point from 140
20.02 13:11:10 Going to coordinates X=-15.113, Y=-37.849
20.02 13:11:10 Moving is finished
20.02 13:12:55 Scanning 59 point from 140
20.02 13:12:55 Going to coordinates X=-15.013, Y=-37.849
20.02 13:12:55 Moving is finished
20.02 13:14:40 Scanning 60 point from 140
20.02 13:14:40 Going to coordinates X=-15.913, Y=-37.749
20.02 13:14:41 Moving is finished
20.02 13:16:25 Scanning 61 point from 140
20.02 13:16:25 Going to coordinates X=-15.813, Y=-37.749
20.02 13:16:25 Moving is finished
20.02 13:18:10 Scanning 62 point from 140
20.02 13:18:10 Going to coordinates X=-15.713, Y=-37.749
20.02 13:18:10 Moving is finished
20.02 13:19:55 Scanning 63 point from 140
20.02 13:19:55 Going to coordinates X=-15.613, Y=-37.749
20.02 13:19:55 Moving is finished
20.02 13:21:40 Scanning 64 point from 140
20.02 13:21:40 Going to coordinates X=-15.513, Y=-37.749
20.02 13:21:40 Moving is finished
20.02 13:23:24 Scanning 65 point from 140
20.02 13:23:24 Going to coordinates X=-15.413, Y=-37.749
20.02 13:23:25 Moving is finished
20.02 13:25:10 Scanning 66 point from 140
20.02 13:25:10 Going to coordinates X=-15.313, Y=-37.749
20.02 13:25:10 Moving is finished
20.02 13:26:54 Scanning 67 point from 140
20.02 13:26:54 Going to coordinates X=-15.213, Y=-37.749
20.02 13:26:55 Moving is finished
20.02 13:28:39 Scanning 68 point from 140
20.02 13:28:39 Going to coordinates X=-15.113, Y=-37.749
20.02 13:28:40 Moving is finished
20.02 13:30:24 Scanning 69 point from 140
20.02 13:30:24 Going to coordinates X=-15.013, Y=-37.749
20.02 13:30:24 Moving is finished
20.02 13:32:09 Scanning 70 point from 140
20.02 13:32:09 Going to coordinates X=-15.913, Y=-37.649
20.02 13:32:10 Moving is finished
20.02 13:33:54 Scanning 71 point from 140
20.02 13:33:54 Going to coordinates X=-15.813, Y=-37.649
20.02 13:33:54 Moving is finished
20.02 13:35:39 Scanning 72 point from 140
20.02 13:35:39 Going to coordinates X=-15.713, Y=-37.649
20.02 13:35:40 Moving is finished
20.02 13:37:25 Scanning 73 point from 140
20.02 13:37:25 Going to coordinates X=-15.613, Y=-37.649
20.02 13:37:25 Moving is finished
20.02 13:39:10 Scanning 74 point from 140
20.02 13:39:10 Going to coordinates X=-15.513, Y=-37.649
20.02 13:39:10 Moving is finished
20.02 13:40:55 Scanning 75 point from 140
20.02 13:40:55 Going to coordinates X=-15.413, Y=-37.649
20.02 13:40:55 Moving is finished
20.02 13:42:40 Scanning 76 point from 140
20.02 13:42:40 Going to coordinates X=-15.313, Y=-37.649
20.02 13:42:40 Moving is finished
20.02 13:44:25 Scanning 77 point from 140
20.02 13:44:25 Going to coordinates X=-15.213, Y=-37.649
20.02 13:44:25 Moving is finished
20.02 13:46:10 Scanning 78 point from 140
20.02 13:46:10 Going to coordinates X=-15.113, Y=-37.649
20.02 13:46:10 Moving is finished
20.02 13:47:55 Scanning 79 point from 140
20.02 13:47:55 Going to coordinates X=-15.013, Y=-37.649
20.02 13:47:55 Moving is finished
20.02 13:49:40 Scanning 80 point from 140
20.02 13:49:40 Going to coordinates X=-15.913, Y=-37.549
20.02 13:49:41 Moving is finished
20.02 13:51:26 Scanning 81 point from 140
20.02 13:51:26 Going to coordinates X=-15.813, Y=-37.549
20.02 13:51:26 Moving is finished
20.02 13:53:11 Scanning 82 point from 140
20.02 13:53:11 Going to coordinates X=-15.713, Y=-37.549
20.02 13:53:11 Moving is finished
20.02 13:54:56 Scanning 83 point from 140
20.02 13:54:56 Going to coordinates X=-15.613, Y=-37.549
20.02 13:54:56 Moving is finished
20.02 13:56:41 Scanning 84 point from 140
20.02 13:56:41 Going to coordinates X=-15.513, Y=-37.549
20.02 13:56:41 Moving is finished
20.02 13:58:25 Scanning 85 point from 140
20.02 13:58:25 Going to coordinates X=-15.413, Y=-37.549
20.02 13:58:26 Moving is finished
20.02 14:00:10 Scanning 86 point from 140
20.02 14:00:10 Going to coordinates X=-15.313, Y=-37.549
20.02 14:00:10 Moving is finished
20.02 14:01:55 Scanning 87 point from 140
20.02 14:01:55 Going to coordinates X=-15.213, Y=-37.549
20.02 14:01:55 Moving is finished
20.02 14:03:40 Scanning 88 point from 140
20.02 14:03:40 Going to coordinates X=-15.113, Y=-37.549
20.02 14:03:40 Moving is finished
20.02 14:05:25 Scanning 89 point from 140
20.02 14:05:25 Going to coordinates X=-15.013, Y=-37.549
20.02 14:05:25 Moving is finished
20.02 14:07:10 Scanning 90 point from 140
20.02 14:07:10 Going to coordinates X=-15.913, Y=-37.449
20.02 14:07:11 Moving is finished
20.02 14:08:56 Scanning 91 point from 140
20.02 14:08:56 Going to coordinates X=-15.813, Y=-37.449
20.02 14:08:56 Moving is finished
20.02 14:10:41 Scanning 92 point from 140
20.02 14:10:41 Going to coordinates X=-15.713, Y=-37.449
20.02 14:10:41 Moving is finished
20.02 14:12:26 Scanning 93 point from 140
20.02 14:12:26 Going to coordinates X=-15.613, Y=-37.449
20.02 14:12:26 Moving is finished
20.02 14:14:11 Scanning 94 point from 140
20.02 14:14:11 Going to coordinates X=-15.513, Y=-37.449
20.02 14:14:11 Moving is finished
20.02 14:15:56 Scanning 95 point from 140
20.02 14:15:56 Going to coordinates X=-15.413, Y=-37.449
20.02 14:15:56 Moving is finished
20.02 14:17:40 Scanning 96 point from 140
20.02 14:17:40 Going to coordinates X=-15.313, Y=-37.449
20.02 14:17:41 Moving is finished
20.02 14:19:25 Scanning 97 point from 140
20.02 14:19:25 Going to coordinates X=-15.213, Y=-37.449
20.02 14:19:26 Moving is finished
20.02 14:21:11 Scanning 98 point from 140
20.02 14:21:11 Going to coordinates X=-15.113, Y=-37.449
20.02 14:21:11 Moving is finished
20.02 14:22:56 Scanning 99 point from 140
20.02 14:22:56 Going to coordinates X=-15.013, Y=-37.449
20.02 14:22:56 Moving is finished
20.02 14:24:40 Scanning 100 point from 140
20.02 14:24:40 Going to coordinates X=-15.913, Y=-37.349
20.02 14:24:41 Moving is finished
20.02 14:26:25 Scanning 101 point from 140
20.02 14:26:25 Going to coordinates X=-15.813, Y=-37.349
20.02 14:26:26 Moving is finished
20.02 14:28:11 Scanning 102 point from 140
20.02 14:28:11 Going to coordinates X=-15.713, Y=-37.349
20.02 14:28:11 Moving is finished
20.02 14:29:56 Scanning 103 point from 140
20.02 14:29:56 Going to coordinates X=-15.613, Y=-37.349
20.02 14:29:56 Moving is finished
20.02 14:31:41 Scanning 104 point from 140
20.02 14:31:41 Going to coordinates X=-15.513, Y=-37.349
20.02 14:31:41 Moving is finished
20.02 14:33:26 Scanning 105 point from 140
20.02 14:33:26 Going to coordinates X=-15.413, Y=-37.349
20.02 14:33:26 Moving is finished
20.02 14:35:11 Scanning 106 point from 140
20.02 14:35:11 Going to coordinates X=-15.313, Y=-37.349
20.02 14:35:11 Moving is finished
20.02 14:36:56 Scanning 107 point from 140
20.02 14:36:56 Going to coordinates X=-15.213, Y=-37.349
20.02 14:36:56 Moving is finished
20.02 14:38:41 Scanning 108 point from 140
20.02 14:38:41 Going to coordinates X=-15.113, Y=-37.349
20.02 14:38:42 Moving is finished
20.02 14:40:26 Scanning 109 point from 140
20.02 14:40:26 Going to coordinates X=-15.013, Y=-37.349
20.02 14:40:27 Moving is finished
20.02 14:42:11 Scanning 110 point from 140
20.02 14:42:11 Going to coordinates X=-15.913, Y=-37.249
20.02 14:42:12 Moving is finished
20.02 14:43:57 Scanning 111 point from 140
20.02 14:43:57 Going to coordinates X=-15.813, Y=-37.249
20.02 14:43:57 Moving is finished
20.02 14:45:42 Scanning 112 point from 140
20.02 14:45:42 Going to coordinates X=-15.713, Y=-37.249
20.02 14:45:42 Moving is finished
20.02 14:47:26 Scanning 113 point from 140
20.02 14:47:26 Going to coordinates X=-15.613, Y=-37.249
20.02 14:47:27 Moving is finished
20.02 14:49:11 Scanning 114 point from 140
20.02 14:49:11 Going to coordinates X=-15.513, Y=-37.249
20.02 14:49:12 Moving is finished
20.02 14:50:56 Scanning 115 point from 140
20.02 14:50:56 Going to coordinates X=-15.413, Y=-37.249
20.02 14:50:57 Moving is finished
20.02 14:52:42 Scanning 116 point from 140
20.02 14:52:42 Going to coordinates X=-15.313, Y=-37.249
20.02 14:52:43 Moving is finished
20.02 14:53:04 Stopped!
