11.02 14:45:15 Initializing grbl...
11.02 14:45:16 Got the response: b''
11.02 14:53:58 Row 0: 11.02 14:53:58 Map: x1: -14.236, y1: -37.067, x2: -13.428, y2: -36.718, xres: 0.100, yres: 0.100, fname: CuNPS -tempo
11.02 14:53:58 Scanning 0 point from 50
11.02 14:53:58 Going to coordinates X=-14.236, Y=-37.067
11.02 14:53:59 Moving is finished
11.02 14:55:44 Scanning 1 point from 50
11.02 14:55:44 Going to coordinates X=-14.136, Y=-37.067
11.02 14:55:44 Moving is finished
11.02 14:57:29 Scanning 2 point from 50
11.02 14:57:29 Going to coordinates X=-14.036, Y=-37.067
11.02 14:57:29 Moving is finished
11.02 14:59:14 Scanning 3 point from 50
11.02 14:59:14 Going to coordinates X=-13.936, Y=-37.067
11.02 14:59:14 Moving is finished
11.02 15:00:59 Scanning 4 point from 50
11.02 15:00:59 Going to coordinates X=-13.836, Y=-37.067
11.02 15:00:59 Moving is finished
11.02 15:02:44 Scanning 5 point from 50
11.02 15:02:44 Going to coordinates X=-13.736, Y=-37.067
11.02 15:02:44 Moving is finished
11.02 15:04:29 Scanning 6 point from 50
11.02 15:04:29 Going to coordinates X=-13.636, Y=-37.067
11.02 15:04:29 Moving is finished
11.02 15:06:14 Scanning 7 point from 50
11.02 15:06:14 Going to coordinates X=-13.536, Y=-37.067
11.02 15:06:15 Moving is finished
11.02 15:08:00 Scanning 8 point from 50
11.02 15:08:00 Going to coordinates X=-13.436, Y=-37.067
11.02 15:08:00 Moving is finished
11.02 15:09:45 Scanning 9 point from 50
11.02 15:09:45 Going to coordinates X=-13.336, Y=-37.067
11.02 15:09:46 Moving is finished
11.02 15:11:31 Scanning 10 point from 50
11.02 15:11:31 Going to coordinates X=-14.236, Y=-36.967
11.02 15:11:32 Moving is finished
11.02 15:13:16 Scanning 11 point from 50
11.02 15:13:16 Going to coordinates X=-14.136, Y=-36.967
11.02 15:13:17 Moving is finished
11.02 15:15:01 Scanning 12 point from 50
11.02 15:15:01 Going to coordinates X=-14.036, Y=-36.967
11.02 15:15:02 Moving is finished
11.02 15:16:47 Scanning 13 point from 50
11.02 15:16:47 Going to coordinates X=-13.936, Y=-36.967
11.02 15:16:47 Moving is finished
11.02 15:18:32 Scanning 14 point from 50
11.02 15:18:32 Going to coordinates X=-13.836, Y=-36.967
11.02 15:18:32 Moving is finished
11.02 15:20:18 Scanning 15 point from 50
11.02 15:20:18 Going to coordinates X=-13.736, Y=-36.967
11.02 15:20:18 Moving is finished
11.02 15:22:03 Scanning 16 point from 50
11.02 15:22:03 Going to coordinates X=-13.636, Y=-36.967
11.02 15:22:03 Moving is finished
11.02 15:23:49 Scanning 17 point from 50
11.02 15:23:49 Going to coordinates X=-13.536, Y=-36.967
11.02 15:23:49 Moving is finished
11.02 15:25:35 Scanning 18 point from 50
11.02 15:25:35 Going to coordinates X=-13.436, Y=-36.967
11.02 15:25:35 Moving is finished
11.02 15:27:20 Scanning 19 point from 50
11.02 15:27:20 Going to coordinates X=-13.336, Y=-36.967
11.02 15:27:21 Moving is finished
11.02 15:29:05 Scanning 20 point from 50
11.02 15:29:05 Going to coordinates X=-14.236, Y=-36.867
11.02 15:29:06 Moving is finished
11.02 15:30:50 Scanning 21 point from 50
11.02 15:30:50 Going to coordinates X=-14.136, Y=-36.867
11.02 15:30:50 Moving is finished
11.02 15:32:36 Scanning 22 point from 50
11.02 15:32:36 Going to coordinates X=-14.036, Y=-36.867
11.02 15:32:36 Moving is finished
11.02 15:34:21 Scanning 23 point from 50
11.02 15:34:21 Going to coordinates X=-13.936, Y=-36.867
11.02 15:34:21 Moving is finished
11.02 15:36:06 Scanning 24 point from 50
11.02 15:36:06 Going to coordinates X=-13.836, Y=-36.867
11.02 15:36:06 Moving is finished
11.02 15:37:51 Scanning 25 point from 50
11.02 15:37:51 Going to coordinates X=-13.736, Y=-36.867
11.02 15:37:51 Moving is finished
11.02 15:39:37 Scanning 26 point from 50
11.02 15:39:37 Going to coordinates X=-13.636, Y=-36.867
11.02 15:39:37 Moving is finished
11.02 15:41:22 Scanning 27 point from 50
11.02 15:41:22 Going to coordinates X=-13.536, Y=-36.867
11.02 15:41:22 Moving is finished
11.02 15:43:07 Scanning 28 point from 50
11.02 15:43:07 Going to coordinates X=-13.436, Y=-36.867
11.02 15:43:08 Moving is finished
11.02 15:44:52 Scanning 29 point from 50
11.02 15:44:52 Going to coordinates X=-13.336, Y=-36.867
11.02 15:44:53 Moving is finished
11.02 15:46:38 Scanning 30 point from 50
11.02 15:46:38 Going to coordinates X=-14.236, Y=-36.767
11.02 15:46:39 Moving is finished
11.02 15:48:23 Scanning 31 point from 50
11.02 15:48:23 Going to coordinates X=-14.136, Y=-36.767
11.02 15:48:24 Moving is finished
11.02 15:50:08 Scanning 32 point from 50
11.02 15:50:08 Going to coordinates X=-14.036, Y=-36.767
11.02 15:50:08 Moving is finished
11.02 15:51:54 Scanning 33 point from 50
11.02 15:51:54 Going to coordinates X=-13.936, Y=-36.767
11.02 15:51:54 Moving is finished
11.02 15:53:39 Scanning 34 point from 50
11.02 15:53:39 Going to coordinates X=-13.836, Y=-36.767
11.02 15:53:40 Moving is finished
11.02 15:55:25 Scanning 35 point from 50
11.02 15:55:25 Going to coordinates X=-13.736, Y=-36.767
11.02 15:55:25 Moving is finished
11.02 15:57:10 Scanning 36 point from 50
11.02 15:57:10 Going to coordinates X=-13.636, Y=-36.767
11.02 15:57:11 Moving is finished
11.02 15:58:56 Scanning 37 point from 50
11.02 15:58:56 Going to coordinates X=-13.536, Y=-36.767
11.02 15:58:56 Moving is finished
11.02 16:00:42 Scanning 38 point from 50
11.02 16:00:42 Going to coordinates X=-13.436, Y=-36.767
11.02 16:00:42 Moving is finished
11.02 16:02:26 Scanning 39 point from 50
11.02 16:02:26 Going to coordinates X=-13.336, Y=-36.767
11.02 16:02:27 Moving is finished
11.02 16:04:12 Scanning 40 point from 50
11.02 16:04:12 Going to coordinates X=-14.236, Y=-36.667
11.02 16:04:13 Moving is finished
11.02 16:05:58 Scanning 41 point from 50
11.02 16:05:58 Going to coordinates X=-14.136, Y=-36.667
11.02 16:05:58 Moving is finished
11.02 16:07:44 Scanning 42 point from 50
11.02 16:07:44 Going to coordinates X=-14.036, Y=-36.667
11.02 16:07:44 Moving is finished
11.02 16:09:29 Scanning 43 point from 50
11.02 16:09:29 Going to coordinates X=-13.936, Y=-36.667
11.02 16:09:29 Moving is finished
11.02 16:11:14 Scanning 44 point from 50
11.02 16:11:14 Going to coordinates X=-13.836, Y=-36.667
11.02 16:11:14 Moving is finished
11.02 16:13:00 Scanning 45 point from 50
11.02 16:13:00 Going to coordinates X=-13.736, Y=-36.667
11.02 16:13:00 Moving is finished
11.02 16:14:45 Scanning 46 point from 50
11.02 16:14:45 Going to coordinates X=-13.636, Y=-36.667
11.02 16:14:45 Moving is finished
11.02 16:16:30 Scanning 47 point from 50
11.02 16:16:30 Going to coordinates X=-13.536, Y=-36.667
11.02 16:16:30 Moving is finished
11.02 16:18:15 Scanning 48 point from 50
11.02 16:18:15 Going to coordinates X=-13.436, Y=-36.667
11.02 16:18:15 Moving is finished
11.02 16:20:01 Scanning 49 point from 50
11.02 16:20:01 Going to coordinates X=-13.336, Y=-36.667
11.02 16:20:01 Moving is finished
