13.06 13:43:09 Initializing grbl...
13.06 13:43:09 Got the response: b''
13.06 13:46:23 Can't send the command to GRBL
13.06 13:46:23 Write timeout13.06 13:46:23 Write timeout
13.06 13:46:41 Can't send the command to GRBL
13.06 13:46:41 Write timeout13.06 13:46:41 Write timeout

13.06 13:47:39 Row 0: 13.06 13:47:39 Map: x1: -27.278, y1: -36.794, x2: -26.98, y2: -36.794, xres: 0.010, yres: 0.010, fname: mseracooh2
13.06 13:47:39 Scanning 0 point from 31
13.06 13:47:39 Going to coordinates X=-27.278, Y=-36.794
13.06 13:47:39 Moving is finished
13.06 13:49:16 Scanning 1 point from 31
13.06 13:49:16 Going to coordinates X=-27.268, Y=-36.794
13.06 13:49:16 Moving is finished
13.06 13:50:53 Scanning 2 point from 31
13.06 13:50:53 Going to coordinates X=-27.258, Y=-36.794
13.06 13:50:53 Moving is finished
13.06 13:52:29 Scanning 3 point from 31
13.06 13:52:29 Going to coordinates X=-27.248, Y=-36.794
13.06 13:52:29 Moving is finished
13.06 13:54:06 Scanning 4 point from 31
13.06 13:54:06 Going to coordinates X=-27.238, Y=-36.794
13.06 13:54:06 Moving is finished
13.06 13:55:42 Scanning 5 point from 31
13.06 13:55:42 Going to coordinates X=-27.228, Y=-36.794
13.06 13:55:42 Moving is finished
13.06 13:57:19 Scanning 6 point from 31
13.06 13:57:19 Going to coordinates X=-27.218, Y=-36.794
13.06 13:57:19 Moving is finished
13.06 13:58:55 Scanning 7 point from 31
13.06 13:58:55 Going to coordinates X=-27.208, Y=-36.794
13.06 13:58:55 Moving is finished
13.06 14:00:32 Scanning 8 point from 31
13.06 14:00:32 Going to coordinates X=-27.198, Y=-36.794
13.06 14:00:32 Moving is finished
13.06 14:02:08 Scanning 9 point from 31
13.06 14:02:08 Going to coordinates X=-27.188, Y=-36.794
13.06 14:02:09 Moving is finished
13.06 14:03:45 Scanning 10 point from 31
13.06 14:03:45 Going to coordinates X=-27.178, Y=-36.794
13.06 14:03:45 Moving is finished
13.06 14:05:22 Scanning 11 point from 31
13.06 14:05:22 Going to coordinates X=-27.168, Y=-36.794
13.06 14:05:22 Moving is finished
13.06 14:06:58 Scanning 12 point from 31
13.06 14:06:58 Going to coordinates X=-27.158, Y=-36.794
13.06 14:06:58 Moving is finished
13.06 14:08:35 Scanning 13 point from 31
13.06 14:08:35 Going to coordinates X=-27.148, Y=-36.794
13.06 14:08:35 Moving is finished
13.06 14:10:12 Scanning 14 point from 31
13.06 14:10:12 Going to coordinates X=-27.138, Y=-36.794
13.06 14:10:12 Moving is finished
13.06 14:11:49 Scanning 15 point from 31
13.06 14:11:49 Going to coordinates X=-27.128, Y=-36.794
13.06 14:11:49 Moving is finished
13.06 14:13:26 Scanning 16 point from 31
13.06 14:13:26 Going to coordinates X=-27.118, Y=-36.794
13.06 14:13:26 Moving is finished
13.06 14:15:03 Scanning 17 point from 31
13.06 14:15:03 Going to coordinates X=-27.108, Y=-36.794
13.06 14:15:03 Moving is finished
13.06 14:16:40 Scanning 18 point from 31
13.06 14:16:40 Going to coordinates X=-27.098, Y=-36.794
13.06 14:16:40 Moving is finished
13.06 14:18:17 Scanning 19 point from 31
13.06 14:18:17 Going to coordinates X=-27.088, Y=-36.794
13.06 14:18:17 Moving is finished
13.06 14:19:53 Scanning 20 point from 31
13.06 14:19:53 Going to coordinates X=-27.078, Y=-36.794
13.06 14:19:53 Moving is finished
13.06 14:21:30 Scanning 21 point from 31
13.06 14:21:30 Going to coordinates X=-27.068, Y=-36.794
13.06 14:21:30 Moving is finished
13.06 14:23:07 Scanning 22 point from 31
13.06 14:23:07 Going to coordinates X=-27.058, Y=-36.794
13.06 14:23:07 Moving is finished
13.06 14:24:44 Scanning 23 point from 31
13.06 14:24:44 Going to coordinates X=-27.048, Y=-36.794
13.06 14:24:44 Moving is finished
13.06 14:26:20 Scanning 24 point from 31
13.06 14:26:20 Going to coordinates X=-27.038, Y=-36.794
13.06 14:26:20 Moving is finished
13.06 14:27:57 Scanning 25 point from 31
13.06 14:27:57 Going to coordinates X=-27.028, Y=-36.794
13.06 14:27:57 Moving is finished
13.06 14:29:34 Scanning 26 point from 31
13.06 14:29:34 Going to coordinates X=-27.018, Y=-36.794
13.06 14:29:34 Moving is finished
13.06 14:31:11 Scanning 27 point from 31
13.06 14:31:11 Going to coordinates X=-27.008, Y=-36.794
13.06 14:31:11 Moving is finished
13.06 14:32:47 Scanning 28 point from 31
13.06 14:32:47 Going to coordinates X=-26.998, Y=-36.794
13.06 14:32:47 Moving is finished
13.06 14:34:24 Scanning 29 point from 31
13.06 14:34:24 Going to coordinates X=-26.988, Y=-36.794
13.06 14:34:24 Moving is finished
13.06 14:36:01 Scanning 30 point from 31
13.06 14:36:01 Going to coordinates X=-26.978, Y=-36.794
13.06 14:36:01 Moving is finished
13.06 14:46:16 Row 0: 13.06 14:46:16 Map: x1: -27.0, y1: -37.082, x2: -27.156, y2: -36.691, xres: 0.030, yres: 0.030, fname: mseracooh2
13.06 14:46:16 Scanning 0 point from 105
13.06 14:46:16 Going to coordinates X=-27.156, Y=-37.082
13.06 14:46:17 Moving is finished
13.06 14:47:54 Scanning 1 point from 105
13.06 14:47:54 Going to coordinates X=-27.126, Y=-37.082
13.06 14:47:54 Moving is finished
13.06 14:49:31 Scanning 2 point from 105
13.06 14:49:31 Going to coordinates X=-27.096, Y=-37.082
13.06 14:49:31 Moving is finished
13.06 14:51:07 Scanning 3 point from 105
13.06 14:51:07 Going to coordinates X=-27.066, Y=-37.082
13.06 14:51:07 Moving is finished
13.06 14:52:44 Scanning 4 point from 105
13.06 14:52:44 Going to coordinates X=-27.036, Y=-37.082
13.06 14:52:44 Moving is finished
13.06 14:54:21 Scanning 5 point from 105
13.06 14:54:21 Going to coordinates X=-27.006, Y=-37.082
13.06 14:54:21 Moving is finished
13.06 14:55:58 Scanning 6 point from 105
13.06 14:55:58 Going to coordinates X=-26.976, Y=-37.082
13.06 14:55:58 Moving is finished
13.06 14:57:34 Scanning 7 point from 105
13.06 14:57:34 Going to coordinates X=-27.156, Y=-37.052
13.06 14:57:35 Moving is finished
13.06 14:59:12 Scanning 8 point from 105
13.06 14:59:12 Going to coordinates X=-27.126, Y=-37.052
13.06 14:59:12 Moving is finished
13.06 15:00:48 Scanning 9 point from 105
13.06 15:00:48 Going to coordinates X=-27.096, Y=-37.052
13.06 15:00:48 Moving is finished
13.06 15:02:25 Scanning 10 point from 105
13.06 15:02:25 Going to coordinates X=-27.066, Y=-37.052
13.06 15:02:25 Moving is finished
13.06 15:04:01 Scanning 11 point from 105
13.06 15:04:01 Going to coordinates X=-27.036, Y=-37.052
13.06 15:04:02 Moving is finished
13.06 15:05:38 Scanning 12 point from 105
13.06 15:05:38 Going to coordinates X=-27.006, Y=-37.052
13.06 15:05:39 Moving is finished
13.06 15:07:15 Scanning 13 point from 105
13.06 15:07:15 Going to coordinates X=-26.976, Y=-37.052
13.06 15:07:15 Moving is finished
13.06 15:08:52 Scanning 14 point from 105
13.06 15:08:52 Going to coordinates X=-27.156, Y=-37.022
13.06 15:08:52 Moving is finished
13.06 15:10:15 Stopped!
13.06 15:12:41 Can't send the command to GRBL
13.06 15:12:41 Write timeout13.06 15:12:41 Write timeout

13.06 15:14:48 Write timeout13.06 15:14:48 Can't send the command to GRBL

