30.08 11:46:31 Initializing grbl...
30.08 11:46:32 Got the response: b''
30.08 11:48:13 Row 0: 30.08 11:48:13 Map: x1: -13.591, y1: -38.0, x2: -12.188, y2: -38.862, xres: 0.100, yres: 0.100, fname: blmseranh2
30.08 11:48:13 Scanning 0 point from 160
30.08 11:48:13 Going to coordinates X=-13.591, Y=-38.862
30.08 11:48:14 Moving is finished
30.08 11:49:52 Scanning 1 point from 160
30.08 11:49:52 Going to coordinates X=-13.491, Y=-38.862
30.08 11:49:52 Moving is finished
30.08 11:51:30 Scanning 2 point from 160
30.08 11:51:30 Going to coordinates X=-13.391, Y=-38.862
30.08 11:51:30 Moving is finished
30.08 11:53:07 Scanning 3 point from 160
30.08 11:53:07 Going to coordinates X=-13.291, Y=-38.862
30.08 11:53:07 Moving is finished
30.08 11:54:44 Scanning 4 point from 160
30.08 11:54:44 Going to coordinates X=-13.191, Y=-38.862
30.08 11:54:45 Moving is finished
30.08 11:56:22 Scanning 5 point from 160
30.08 11:56:22 Going to coordinates X=-13.091, Y=-38.862
30.08 11:56:23 Moving is finished
30.08 11:58:00 Scanning 6 point from 160
30.08 11:58:00 Going to coordinates X=-12.991, Y=-38.862
30.08 11:58:01 Moving is finished
30.08 11:59:38 Scanning 7 point from 160
30.08 11:59:38 Going to coordinates X=-12.891, Y=-38.862
30.08 11:59:39 Moving is finished
30.08 12:01:16 Scanning 8 point from 160
30.08 12:01:16 Going to coordinates X=-12.791, Y=-38.862
30.08 12:01:16 Moving is finished
30.08 12:02:53 Scanning 9 point from 160
30.08 12:02:53 Going to coordinates X=-12.691, Y=-38.862
30.08 12:02:53 Moving is finished
30.08 12:04:31 Scanning 10 point from 160
30.08 12:04:31 Going to coordinates X=-12.591, Y=-38.862
30.08 12:04:31 Moving is finished
30.08 12:06:09 Scanning 11 point from 160
30.08 12:06:09 Going to coordinates X=-12.491, Y=-38.862
30.08 12:06:09 Moving is finished
30.08 12:07:46 Scanning 12 point from 160
30.08 12:07:46 Going to coordinates X=-12.391, Y=-38.862
30.08 12:07:46 Moving is finished
30.08 12:09:24 Scanning 13 point from 160
30.08 12:09:24 Going to coordinates X=-12.291, Y=-38.862
30.08 12:09:24 Moving is finished
30.08 12:11:02 Scanning 14 point from 160
30.08 12:11:02 Going to coordinates X=-12.191, Y=-38.862
30.08 12:11:02 Moving is finished
30.08 12:12:39 Scanning 15 point from 160
30.08 12:12:39 Going to coordinates X=-12.091, Y=-38.862
30.08 12:12:39 Moving is finished
30.08 12:14:16 Scanning 16 point from 160
30.08 12:14:16 Going to coordinates X=-13.591, Y=-38.762
30.08 12:14:17 Moving is finished
30.08 12:15:55 Scanning 17 point from 160
30.08 12:15:55 Going to coordinates X=-13.491, Y=-38.762
30.08 12:15:55 Moving is finished
30.08 12:17:32 Scanning 18 point from 160
30.08 12:17:32 Going to coordinates X=-13.391, Y=-38.762
30.08 12:17:33 Moving is finished
30.08 12:19:11 Scanning 19 point from 160
30.08 12:19:11 Going to coordinates X=-13.291, Y=-38.762
30.08 12:19:11 Moving is finished
30.08 12:20:48 Scanning 20 point from 160
30.08 12:20:48 Going to coordinates X=-13.191, Y=-38.762
30.08 12:20:48 Moving is finished
30.08 12:22:25 Scanning 21 point from 160
30.08 12:22:25 Going to coordinates X=-13.091, Y=-38.762
30.08 12:22:26 Moving is finished
30.08 12:24:02 Scanning 22 point from 160
30.08 12:24:02 Going to coordinates X=-12.991, Y=-38.762
30.08 12:24:03 Moving is finished
30.08 12:25:40 Scanning 23 point from 160
30.08 12:25:40 Going to coordinates X=-12.891, Y=-38.762
30.08 12:25:40 Moving is finished
30.08 12:27:17 Scanning 24 point from 160
30.08 12:27:17 Going to coordinates X=-12.791, Y=-38.762
30.08 12:27:17 Moving is finished
30.08 12:28:55 Scanning 25 point from 160
30.08 12:28:55 Going to coordinates X=-12.691, Y=-38.762
30.08 12:28:55 Moving is finished
30.08 12:30:32 Scanning 26 point from 160
30.08 12:30:32 Going to coordinates X=-12.591, Y=-38.762
30.08 12:30:32 Moving is finished
30.08 12:32:10 Scanning 27 point from 160
30.08 12:32:10 Going to coordinates X=-12.491, Y=-38.762
30.08 12:32:10 Moving is finished
30.08 12:33:47 Scanning 28 point from 160
30.08 12:33:47 Going to coordinates X=-12.391, Y=-38.762
30.08 12:33:47 Moving is finished
30.08 12:35:25 Scanning 29 point from 160
30.08 12:35:25 Going to coordinates X=-12.291, Y=-38.762
30.08 12:35:25 Moving is finished
30.08 12:37:02 Scanning 30 point from 160
30.08 12:37:02 Going to coordinates X=-12.191, Y=-38.762
30.08 12:37:02 Moving is finished
30.08 12:38:39 Scanning 31 point from 160
30.08 12:38:39 Going to coordinates X=-12.091, Y=-38.762
30.08 12:38:40 Moving is finished
30.08 12:40:17 Scanning 32 point from 160
30.08 12:40:17 Going to coordinates X=-13.591, Y=-38.662
30.08 12:40:18 Moving is finished
30.08 12:41:55 Scanning 33 point from 160
30.08 12:41:55 Going to coordinates X=-13.491, Y=-38.662
30.08 12:41:55 Moving is finished
30.08 12:43:33 Scanning 34 point from 160
30.08 12:43:33 Going to coordinates X=-13.391, Y=-38.662
30.08 12:43:33 Moving is finished
30.08 12:45:11 Scanning 35 point from 160
30.08 12:45:11 Going to coordinates X=-13.291, Y=-38.662
30.08 12:45:11 Moving is finished
30.08 12:46:49 Scanning 36 point from 160
30.08 12:46:49 Going to coordinates X=-13.191, Y=-38.662
30.08 12:46:49 Moving is finished
30.08 12:48:26 Scanning 37 point from 160
30.08 12:48:26 Going to coordinates X=-13.091, Y=-38.662
30.08 12:48:27 Moving is finished
30.08 12:50:04 Scanning 38 point from 160
30.08 12:50:04 Going to coordinates X=-12.991, Y=-38.662
30.08 12:50:04 Moving is finished
30.08 12:51:41 Scanning 39 point from 160
30.08 12:51:41 Going to coordinates X=-12.891, Y=-38.662
30.08 12:51:41 Moving is finished
30.08 12:53:19 Scanning 40 point from 160
30.08 12:53:19 Going to coordinates X=-12.791, Y=-38.662
30.08 12:53:19 Moving is finished
30.08 12:54:56 Scanning 41 point from 160
30.08 12:54:56 Going to coordinates X=-12.691, Y=-38.662
30.08 12:54:56 Moving is finished
30.08 12:56:34 Scanning 42 point from 160
30.08 12:56:34 Going to coordinates X=-12.591, Y=-38.662
30.08 12:56:34 Moving is finished
30.08 12:58:11 Scanning 43 point from 160
30.08 12:58:11 Going to coordinates X=-12.491, Y=-38.662
30.08 12:58:12 Moving is finished
30.08 12:58:56 Stopped!
30.08 13:01:48 Row 0: 30.08 13:01:48 Map: x1: -12.981, y1: -37.887, x2: -13.375, y2: -37.241, xres: 0.100, yres: 0.100, fname: blmseranh2
30.08 13:01:48 Scanning 0 point from 40
30.08 13:01:48 Going to coordinates X=-13.375, Y=-37.887
30.08 13:01:49 Moving is finished
30.08 13:03:26 Scanning 1 point from 40
30.08 13:03:26 Going to coordinates X=-13.275, Y=-37.887
30.08 13:03:27 Moving is finished
30.08 13:05:04 Scanning 2 point from 40
30.08 13:05:04 Going to coordinates X=-13.175, Y=-37.887
30.08 13:05:04 Moving is finished
30.08 13:06:43 Could not find 'EZRaman Reader  V8.2.0 MV' in 'dict_keys([])'
30.08 13:06:48 Could not find 'EZRaman Reader  V8.2.0 MV' in 'dict_keys([])'
30.08 13:06:49 Scanning 3 point from 40
30.08 13:06:49 Going to coordinates X=-13.075, Y=-37.887
30.08 13:06:49 Moving is finished
30.08 13:06:55 Could not find 'EZRaman Reader  V8.2.0 MV' in 'dict_keys([])'
30.08 13:07:00 Could not find 'EZRaman Reader  V8.2.0 MV' in 'dict_keys([])'
30.08 13:07:01 Scanning 4 point from 40
30.08 13:07:01 Going to coordinates X=-12.975, Y=-37.887
30.08 13:07:01 Moving is finished
30.08 13:08:38 Scanning 5 point from 40
30.08 13:08:38 Going to coordinates X=-13.375, Y=-37.787
30.08 13:08:39 Moving is finished
30.08 13:10:16 Scanning 6 point from 40
30.08 13:10:16 Going to coordinates X=-13.275, Y=-37.787
30.08 13:10:16 Moving is finished
30.08 13:11:54 Scanning 7 point from 40
30.08 13:11:54 Going to coordinates X=-13.175, Y=-37.787
30.08 13:11:54 Moving is finished
30.08 13:13:31 Scanning 8 point from 40
30.08 13:13:31 Going to coordinates X=-13.075, Y=-37.787
30.08 13:13:31 Moving is finished
30.08 13:15:09 Scanning 9 point from 40
30.08 13:15:09 Going to coordinates X=-12.975, Y=-37.787
30.08 13:15:09 Moving is finished
30.08 13:16:46 Scanning 10 point from 40
30.08 13:16:46 Going to coordinates X=-13.375, Y=-37.687
30.08 13:16:47 Moving is finished
30.08 13:18:24 Scanning 11 point from 40
30.08 13:18:24 Going to coordinates X=-13.275, Y=-37.687
30.08 13:18:24 Moving is finished
30.08 13:20:01 Scanning 12 point from 40
30.08 13:20:01 Going to coordinates X=-13.175, Y=-37.687
30.08 13:20:02 Moving is finished
30.08 13:21:39 Scanning 13 point from 40
30.08 13:21:39 Going to coordinates X=-13.075, Y=-37.687
30.08 13:21:39 Moving is finished
30.08 13:23:17 Scanning 14 point from 40
30.08 13:23:17 Going to coordinates X=-12.975, Y=-37.687
30.08 13:23:17 Moving is finished
30.08 13:24:55 Scanning 15 point from 40
30.08 13:24:55 Going to coordinates X=-13.375, Y=-37.587
30.08 13:24:55 Moving is finished
30.08 13:26:32 Scanning 16 point from 40
30.08 13:26:32 Going to coordinates X=-13.275, Y=-37.587
30.08 13:26:33 Moving is finished
30.08 13:28:10 Scanning 17 point from 40
30.08 13:28:10 Going to coordinates X=-13.175, Y=-37.587
30.08 13:28:10 Moving is finished
30.08 13:29:48 Scanning 18 point from 40
30.08 13:29:48 Going to coordinates X=-13.075, Y=-37.587
30.08 13:29:48 Moving is finished
30.08 13:31:25 Scanning 19 point from 40
30.08 13:31:25 Going to coordinates X=-12.975, Y=-37.587
30.08 13:31:26 Moving is finished
30.08 13:33:03 Scanning 20 point from 40
30.08 13:33:03 Going to coordinates X=-13.375, Y=-37.487
30.08 13:33:03 Moving is finished
30.08 13:34:41 Scanning 21 point from 40
30.08 13:34:41 Going to coordinates X=-13.275, Y=-37.487
30.08 13:34:41 Moving is finished
30.08 13:36:18 Scanning 22 point from 40
30.08 13:36:18 Going to coordinates X=-13.175, Y=-37.487
30.08 13:36:18 Moving is finished
30.08 13:37:55 Scanning 23 point from 40
30.08 13:37:55 Going to coordinates X=-13.075, Y=-37.487
30.08 13:37:56 Moving is finished
30.08 13:39:33 Scanning 24 point from 40
30.08 13:39:33 Going to coordinates X=-12.975, Y=-37.487
30.08 13:39:33 Moving is finished
30.08 13:41:10 Scanning 25 point from 40
30.08 13:41:10 Going to coordinates X=-13.375, Y=-37.387
30.08 13:41:11 Moving is finished
30.08 13:42:48 Scanning 26 point from 40
30.08 13:42:48 Going to coordinates X=-13.275, Y=-37.387
30.08 13:42:48 Moving is finished
30.08 13:44:25 Scanning 27 point from 40
30.08 13:44:25 Going to coordinates X=-13.175, Y=-37.387
30.08 13:44:25 Moving is finished
30.08 13:46:02 Scanning 28 point from 40
30.08 13:46:02 Going to coordinates X=-13.075, Y=-37.387
30.08 13:46:03 Moving is finished
30.08 13:47:40 Scanning 29 point from 40
30.08 13:47:40 Going to coordinates X=-12.975, Y=-37.387
30.08 13:47:40 Moving is finished
30.08 13:49:17 Scanning 30 point from 40
30.08 13:49:17 Going to coordinates X=-13.375, Y=-37.287
30.08 13:49:18 Moving is finished
30.08 13:50:55 Scanning 31 point from 40
30.08 13:50:55 Going to coordinates X=-13.275, Y=-37.287
30.08 13:50:55 Moving is finished
30.08 13:52:32 Scanning 32 point from 40
30.08 13:52:32 Going to coordinates X=-13.175, Y=-37.287
30.08 13:52:32 Moving is finished
30.08 13:54:10 Scanning 33 point from 40
30.08 13:54:10 Going to coordinates X=-13.075, Y=-37.287
30.08 13:54:10 Moving is finished
30.08 13:55:47 Scanning 34 point from 40
30.08 13:55:47 Going to coordinates X=-12.975, Y=-37.287
30.08 13:55:48 Moving is finished
30.08 13:57:25 Scanning 35 point from 40
30.08 13:57:25 Going to coordinates X=-13.375, Y=-37.187
30.08 13:57:25 Moving is finished
30.08 13:58:01 Stopped!
30.08 14:14:17 Row 0: 30.08 14:14:17 Map: x1: -10.923, y1: -37.436, x2: -10.341, y2: -38.051, xres: 0.100, yres: 0.100, fname: blmseranh2dvd
30.08 14:14:17 Scanning 0 point from 56
30.08 14:14:17 Going to coordinates X=-10.923, Y=-38.051
30.08 14:14:17 Moving is finished
30.08 14:15:54 Scanning 1 point from 56
30.08 14:15:54 Going to coordinates X=-10.823, Y=-38.051
30.08 14:15:55 Moving is finished
30.08 14:17:32 Scanning 2 point from 56
30.08 14:17:32 Going to coordinates X=-10.723, Y=-38.051
30.08 14:17:33 Moving is finished
30.08 14:19:10 Scanning 3 point from 56
30.08 14:19:10 Going to coordinates X=-10.623, Y=-38.051
30.08 14:19:10 Moving is finished
30.08 14:20:47 Scanning 4 point from 56
30.08 14:20:47 Going to coordinates X=-10.523, Y=-38.051
30.08 14:20:48 Moving is finished
30.08 14:22:25 Scanning 5 point from 56
30.08 14:22:25 Going to coordinates X=-10.423, Y=-38.051
30.08 14:22:25 Moving is finished
30.08 14:24:03 Scanning 6 point from 56
30.08 14:24:03 Going to coordinates X=-10.323, Y=-38.051
30.08 14:24:03 Moving is finished
30.08 14:25:41 Scanning 7 point from 56
30.08 14:25:41 Going to coordinates X=-10.923, Y=-37.951
30.08 14:25:41 Moving is finished
30.08 14:27:18 Scanning 8 point from 56
30.08 14:27:18 Going to coordinates X=-10.823, Y=-37.951
30.08 14:27:18 Moving is finished
30.08 14:28:56 Scanning 9 point from 56
30.08 14:28:56 Going to coordinates X=-10.723, Y=-37.951
30.08 14:28:56 Moving is finished
30.08 14:30:33 Scanning 10 point from 56
30.08 14:30:33 Going to coordinates X=-10.623, Y=-37.951
30.08 14:30:33 Moving is finished
30.08 14:32:11 Scanning 11 point from 56
30.08 14:32:11 Going to coordinates X=-10.523, Y=-37.951
30.08 14:32:11 Moving is finished
30.08 14:33:49 Scanning 12 point from 56
30.08 14:33:49 Going to coordinates X=-10.423, Y=-37.951
30.08 14:33:49 Moving is finished
30.08 14:35:27 Scanning 13 point from 56
30.08 14:35:27 Going to coordinates X=-10.323, Y=-37.951
30.08 14:35:27 Moving is finished
30.08 14:37:04 Scanning 14 point from 56
30.08 14:37:04 Going to coordinates X=-10.923, Y=-37.851
30.08 14:37:05 Moving is finished
30.08 14:38:42 Scanning 15 point from 56
30.08 14:38:42 Going to coordinates X=-10.823, Y=-37.851
30.08 14:38:42 Moving is finished
30.08 14:40:20 Scanning 16 point from 56
30.08 14:40:20 Going to coordinates X=-10.723, Y=-37.851
30.08 14:40:20 Moving is finished
30.08 14:41:58 Scanning 17 point from 56
30.08 14:41:58 Going to coordinates X=-10.623, Y=-37.851
30.08 14:41:58 Moving is finished
30.08 14:43:35 Scanning 18 point from 56
30.08 14:43:35 Going to coordinates X=-10.523, Y=-37.851
30.08 14:43:35 Moving is finished
30.08 14:45:13 Scanning 19 point from 56
30.08 14:45:13 Going to coordinates X=-10.423, Y=-37.851
30.08 14:45:13 Moving is finished
30.08 14:46:51 Scanning 20 point from 56
30.08 14:46:51 Going to coordinates X=-10.323, Y=-37.851
30.08 14:46:51 Moving is finished
30.08 14:48:28 Scanning 21 point from 56
30.08 14:48:28 Going to coordinates X=-10.923, Y=-37.751
30.08 14:48:29 Moving is finished
30.08 14:50:06 Scanning 22 point from 56
30.08 14:50:06 Going to coordinates X=-10.823, Y=-37.751
30.08 14:50:06 Moving is finished
30.08 14:51:43 Scanning 23 point from 56
30.08 14:51:43 Going to coordinates X=-10.723, Y=-37.751
30.08 14:51:44 Moving is finished
30.08 14:53:21 Scanning 24 point from 56
30.08 14:53:21 Going to coordinates X=-10.623, Y=-37.751
30.08 14:53:21 Moving is finished
30.08 14:54:58 Scanning 25 point from 56
30.08 14:54:58 Going to coordinates X=-10.523, Y=-37.751
30.08 14:54:58 Moving is finished
30.08 14:56:35 Scanning 26 point from 56
30.08 14:56:35 Going to coordinates X=-10.423, Y=-37.751
30.08 14:56:35 Moving is finished
30.08 14:58:13 Scanning 27 point from 56
30.08 14:58:13 Going to coordinates X=-10.323, Y=-37.751
30.08 14:58:13 Moving is finished
30.08 14:59:50 Scanning 28 point from 56
30.08 14:59:50 Going to coordinates X=-10.923, Y=-37.651
30.08 14:59:51 Moving is finished
30.08 15:01:28 Scanning 29 point from 56
30.08 15:01:28 Going to coordinates X=-10.823, Y=-37.651
30.08 15:01:28 Moving is finished
30.08 15:03:05 Scanning 30 point from 56
30.08 15:03:05 Going to coordinates X=-10.723, Y=-37.651
30.08 15:03:05 Moving is finished
30.08 15:04:42 Scanning 31 point from 56
30.08 15:04:42 Going to coordinates X=-10.623, Y=-37.651
30.08 15:04:43 Moving is finished
30.08 15:04:46 Stopped!
30.08 15:04:49 list index out of range
30.08 15:09:17 Can't send the command to GRBL
30.08 15:09:17 Write timeout
