23.12 16:22:49 Initializing grbl...
23.12 16:22:49 Got the response: b''
23.12 16:29:55 Can't send the command to GRBL
23.12 16:29:55 Write timeout
23.12 16:29:55 Status responce is malformed
23.12 16:29:55 list index out of range
23.12 16:42:06 Focused at  180
23.12 16:42:21 Focused at  88
23.12 16:42:27 Focused at  136
23.12 16:42:46 Focused at  134
23.12 16:43:08 Focused at  71
23.12 16:43:21 Focused at  1
23.12 16:43:53 Row 0: 23.12 16:43:53 Map: x1: -29.793, y1: -40.841, x2: -30.5, y2: -39.795, xres: 0.080, yres: 0.100, fname: Mart gluc Sol3-B
23.12 16:43:53 Scanning 0 point from 120
23.12 16:43:58 Going to coordinates X=-30.500, Y=-40.841
23.12 16:43:59 Moving is finished
23.12 16:45:37 Scanning 1 point from 120
23.12 16:45:37 Going to coordinates X=-30.420, Y=-40.841
23.12 16:45:37 Moving is finished
23.12 16:47:14 Scanning 2 point from 120
23.12 16:47:14 Going to coordinates X=-30.340, Y=-40.841
23.12 16:47:15 Moving is finished
23.12 16:48:52 Scanning 3 point from 120
23.12 16:48:52 Going to coordinates X=-30.260, Y=-40.841
23.12 16:48:52 Moving is finished
23.12 16:50:29 Scanning 4 point from 120
23.12 16:50:29 Going to coordinates X=-30.180, Y=-40.841
23.12 16:50:29 Moving is finished
23.12 16:52:07 Scanning 5 point from 120
23.12 16:52:07 Going to coordinates X=-30.100, Y=-40.841
23.12 16:52:07 Moving is finished
23.12 16:53:45 Scanning 6 point from 120
23.12 16:53:45 Going to coordinates X=-30.020, Y=-40.841
23.12 16:53:45 Moving is finished
23.12 16:55:22 Scanning 7 point from 120
23.12 16:55:22 Going to coordinates X=-29.940, Y=-40.841
23.12 16:55:22 Moving is finished
23.12 16:57:00 Scanning 8 point from 120
23.12 16:57:00 Going to coordinates X=-29.860, Y=-40.841
23.12 16:57:00 Moving is finished
23.12 16:58:37 Scanning 9 point from 120
23.12 16:58:37 Going to coordinates X=-29.780, Y=-40.841
23.12 16:58:37 Moving is finished
23.12 17:00:15 Scanning 10 point from 120
23.12 17:00:20 Going to coordinates X=-30.500, Y=-40.741
23.12 17:00:21 Moving is finished
23.12 17:01:58 Scanning 11 point from 120
23.12 17:01:58 Going to coordinates X=-30.420, Y=-40.741
23.12 17:01:58 Moving is finished
23.12 17:03:36 Scanning 12 point from 120
23.12 17:03:36 Going to coordinates X=-30.340, Y=-40.741
23.12 17:03:36 Moving is finished
23.12 17:05:14 Scanning 13 point from 120
23.12 17:05:14 Going to coordinates X=-30.260, Y=-40.741
23.12 17:05:14 Moving is finished
23.12 17:06:51 Scanning 14 point from 120
23.12 17:06:51 Going to coordinates X=-30.180, Y=-40.741
23.12 17:06:52 Moving is finished
23.12 17:08:29 Scanning 15 point from 120
23.12 17:08:29 Going to coordinates X=-30.100, Y=-40.741
23.12 17:08:29 Moving is finished
23.12 17:10:07 Scanning 16 point from 120
23.12 17:10:07 Going to coordinates X=-30.020, Y=-40.741
23.12 17:10:07 Moving is finished
23.12 17:11:46 Scanning 17 point from 120
23.12 17:11:46 Going to coordinates X=-29.940, Y=-40.741
23.12 17:11:46 Moving is finished
23.12 17:13:23 Scanning 18 point from 120
23.12 17:13:23 Going to coordinates X=-29.860, Y=-40.741
23.12 17:13:24 Moving is finished
23.12 17:15:01 Scanning 19 point from 120
23.12 17:15:01 Going to coordinates X=-29.780, Y=-40.741
23.12 17:15:01 Moving is finished
23.12 17:16:38 Scanning 20 point from 120
23.12 17:16:44 Going to coordinates X=-30.500, Y=-40.641
23.12 17:16:44 Moving is finished
23.12 17:18:22 Scanning 21 point from 120
23.12 17:18:22 Going to coordinates X=-30.420, Y=-40.641
23.12 17:18:22 Moving is finished
23.12 17:19:59 Scanning 22 point from 120
23.12 17:19:59 Going to coordinates X=-30.340, Y=-40.641
23.12 17:19:59 Moving is finished
23.12 17:21:37 Scanning 23 point from 120
23.12 17:21:37 Going to coordinates X=-30.260, Y=-40.641
23.12 17:21:37 Moving is finished
23.12 17:23:15 Scanning 24 point from 120
23.12 17:23:15 Going to coordinates X=-30.180, Y=-40.641
23.12 17:23:15 Moving is finished
23.12 17:24:53 Scanning 25 point from 120
23.12 17:24:53 Going to coordinates X=-30.100, Y=-40.641
23.12 17:24:53 Moving is finished
23.12 17:26:30 Scanning 26 point from 120
23.12 17:26:30 Going to coordinates X=-30.020, Y=-40.641
23.12 17:26:30 Moving is finished
23.12 17:28:08 Scanning 27 point from 120
23.12 17:28:08 Going to coordinates X=-29.940, Y=-40.641
23.12 17:28:09 Moving is finished
23.12 17:29:46 Scanning 28 point from 120
23.12 17:29:46 Going to coordinates X=-29.860, Y=-40.641
23.12 17:29:46 Moving is finished
23.12 17:30:53 Stopped!
23.12 17:30:56 list index out of range
