30.05 19:28:44 Initializing grbl...
30.05 19:28:45 Got the response: b''
30.05 19:31:47 Can't send the command to GRBL
30.05 19:31:47 Write timeout30.05 19:31:47 Write timeout

30.05 19:32:34 Row 0: 30.05 19:32:34 Map: x1: -28.995, y1: -38.278, x2: -27.049, y2: -37.835, xres: 0.030, yres: 0.030, fname: hfp2seracooh2
30.05 19:32:34 Scanning 0 point from 1056
30.05 19:32:34 Going to coordinates X=-28.995, Y=-38.278
30.05 19:32:35 Moving is finished
30.05 19:34:11 Scanning 1 point from 1056
30.05 19:34:11 Going to coordinates X=-28.965, Y=-38.278
30.05 19:34:12 Moving is finished
30.05 19:35:49 Scanning 2 point from 1056
30.05 19:35:49 Going to coordinates X=-28.935, Y=-38.278
30.05 19:35:49 Moving is finished
30.05 19:37:26 Scanning 3 point from 1056
30.05 19:37:26 Going to coordinates X=-28.905, Y=-38.278
30.05 19:37:26 Moving is finished
30.05 19:39:03 Scanning 4 point from 1056
30.05 19:39:03 Going to coordinates X=-28.875, Y=-38.278
30.05 19:39:03 Moving is finished
30.05 19:40:40 Scanning 5 point from 1056
30.05 19:40:40 Going to coordinates X=-28.845, Y=-38.278
30.05 19:40:41 Moving is finished
30.05 19:42:17 Scanning 6 point from 1056
30.05 19:42:17 Going to coordinates X=-28.815, Y=-38.278
30.05 19:42:17 Moving is finished
30.05 19:43:54 Scanning 7 point from 1056
30.05 19:43:54 Going to coordinates X=-28.785, Y=-38.278
30.05 19:43:55 Moving is finished
30.05 19:45:31 Scanning 8 point from 1056
30.05 19:45:31 Going to coordinates X=-28.755, Y=-38.278
30.05 19:45:31 Moving is finished
30.05 19:47:09 Scanning 9 point from 1056
30.05 19:47:09 Going to coordinates X=-28.725, Y=-38.278
30.05 19:47:09 Moving is finished
30.05 19:48:46 Scanning 10 point from 1056
30.05 19:48:46 Going to coordinates X=-28.695, Y=-38.278
30.05 19:48:46 Moving is finished
30.05 19:50:23 Scanning 11 point from 1056
30.05 19:50:23 Going to coordinates X=-28.665, Y=-38.278
30.05 19:50:24 Moving is finished
30.05 19:52:00 Scanning 12 point from 1056
30.05 19:52:00 Going to coordinates X=-28.635, Y=-38.278
30.05 19:52:00 Moving is finished
30.05 19:53:38 Scanning 13 point from 1056
30.05 19:53:38 Going to coordinates X=-28.605, Y=-38.278
30.05 19:53:38 Moving is finished
30.05 19:55:14 Scanning 14 point from 1056
30.05 19:55:14 Going to coordinates X=-28.575, Y=-38.278
30.05 19:55:15 Moving is finished
30.05 19:56:51 Scanning 15 point from 1056
30.05 19:56:51 Going to coordinates X=-28.545, Y=-38.278
30.05 19:56:52 Moving is finished
30.05 19:58:28 Scanning 16 point from 1056
30.05 19:58:28 Going to coordinates X=-28.515, Y=-38.278
30.05 19:58:29 Moving is finished
30.05 20:00:06 Scanning 17 point from 1056
30.05 20:00:06 Going to coordinates X=-28.485, Y=-38.278
30.05 20:00:06 Moving is finished
30.05 20:01:43 Scanning 18 point from 1056
30.05 20:01:43 Going to coordinates X=-28.455, Y=-38.278
30.05 20:01:43 Moving is finished
30.05 20:03:20 Scanning 19 point from 1056
30.05 20:03:20 Going to coordinates X=-28.425, Y=-38.278
30.05 20:03:20 Moving is finished
30.05 20:04:57 Scanning 20 point from 1056
30.05 20:04:57 Going to coordinates X=-28.395, Y=-38.278
30.05 20:04:58 Moving is finished
30.05 20:06:35 Scanning 21 point from 1056
30.05 20:06:35 Going to coordinates X=-28.365, Y=-38.278
30.05 20:06:35 Moving is finished
30.05 20:08:12 Scanning 22 point from 1056
30.05 20:08:12 Going to coordinates X=-28.335, Y=-38.278
30.05 20:08:12 Moving is finished
30.05 20:09:48 Scanning 23 point from 1056
30.05 20:09:48 Going to coordinates X=-28.305, Y=-38.278
30.05 20:09:48 Moving is finished
30.05 20:11:25 Scanning 24 point from 1056
30.05 20:11:25 Going to coordinates X=-28.275, Y=-38.278
30.05 20:11:25 Moving is finished
30.05 20:13:02 Scanning 25 point from 1056
30.05 20:13:02 Going to coordinates X=-28.245, Y=-38.278
30.05 20:13:02 Moving is finished
30.05 20:14:38 Scanning 26 point from 1056
30.05 20:14:38 Going to coordinates X=-28.215, Y=-38.278
30.05 20:14:39 Moving is finished
30.05 20:16:15 Scanning 27 point from 1056
30.05 20:16:15 Going to coordinates X=-28.185, Y=-38.278
30.05 20:16:15 Moving is finished
30.05 20:17:52 Scanning 28 point from 1056
30.05 20:17:52 Going to coordinates X=-28.155, Y=-38.278
30.05 20:17:52 Moving is finished
30.05 20:19:28 Scanning 29 point from 1056
30.05 20:19:28 Going to coordinates X=-28.125, Y=-38.278
30.05 20:19:29 Moving is finished
30.05 20:21:06 Scanning 30 point from 1056
30.05 20:21:06 Going to coordinates X=-28.095, Y=-38.278
30.05 20:21:06 Moving is finished
30.05 20:22:43 Scanning 31 point from 1056
30.05 20:22:43 Going to coordinates X=-28.065, Y=-38.278
30.05 20:22:43 Moving is finished
30.05 20:24:20 Scanning 32 point from 1056
30.05 20:24:20 Going to coordinates X=-28.035, Y=-38.278
30.05 20:24:20 Moving is finished
30.05 20:25:58 Scanning 33 point from 1056
30.05 20:25:58 Going to coordinates X=-28.005, Y=-38.278
30.05 20:25:58 Moving is finished
30.05 20:27:35 Scanning 34 point from 1056
30.05 20:27:35 Going to coordinates X=-27.975, Y=-38.278
30.05 20:27:35 Moving is finished
30.05 20:29:12 Scanning 35 point from 1056
30.05 20:29:12 Going to coordinates X=-27.945, Y=-38.278
30.05 20:29:12 Moving is finished
30.05 20:30:49 Scanning 36 point from 1056
30.05 20:30:49 Going to coordinates X=-27.915, Y=-38.278
30.05 20:30:49 Moving is finished
30.05 20:32:25 Scanning 37 point from 1056
30.05 20:32:25 Going to coordinates X=-27.885, Y=-38.278
30.05 20:32:26 Moving is finished
30.05 20:34:02 Scanning 38 point from 1056
30.05 20:34:02 Going to coordinates X=-27.855, Y=-38.278
30.05 20:34:03 Moving is finished
30.05 20:35:39 Scanning 39 point from 1056
30.05 20:35:39 Going to coordinates X=-27.825, Y=-38.278
30.05 20:35:39 Moving is finished
30.05 20:37:16 Scanning 40 point from 1056
30.05 20:37:16 Going to coordinates X=-27.795, Y=-38.278
30.05 20:37:16 Moving is finished
30.05 20:38:52 Scanning 41 point from 1056
30.05 20:38:52 Going to coordinates X=-27.765, Y=-38.278
30.05 20:38:53 Moving is finished
30.05 20:40:29 Scanning 42 point from 1056
30.05 20:40:29 Going to coordinates X=-27.735, Y=-38.278
30.05 20:40:29 Moving is finished
30.05 20:42:06 Scanning 43 point from 1056
30.05 20:42:06 Going to coordinates X=-27.705, Y=-38.278
30.05 20:42:06 Moving is finished
30.05 20:43:42 Scanning 44 point from 1056
30.05 20:43:42 Going to coordinates X=-27.675, Y=-38.278
30.05 20:43:42 Moving is finished
30.05 20:45:20 Scanning 45 point from 1056
30.05 20:45:20 Going to coordinates X=-27.645, Y=-38.278
30.05 20:45:20 Moving is finished
30.05 20:46:56 Scanning 46 point from 1056
30.05 20:46:56 Going to coordinates X=-27.615, Y=-38.278
30.05 20:46:57 Moving is finished
30.05 20:48:34 Scanning 47 point from 1056
30.05 20:48:34 Going to coordinates X=-27.585, Y=-38.278
30.05 20:48:34 Moving is finished
30.05 20:50:11 Scanning 48 point from 1056
30.05 20:50:11 Going to coordinates X=-27.555, Y=-38.278
30.05 20:50:11 Moving is finished
30.05 20:51:48 Scanning 49 point from 1056
30.05 20:51:48 Going to coordinates X=-27.525, Y=-38.278
30.05 20:51:48 Moving is finished
30.05 20:53:25 Scanning 50 point from 1056
30.05 20:53:25 Going to coordinates X=-27.495, Y=-38.278
30.05 20:53:25 Moving is finished
30.05 20:55:01 Scanning 51 point from 1056
30.05 20:55:01 Going to coordinates X=-27.465, Y=-38.278
30.05 20:55:02 Moving is finished
30.05 20:56:38 Scanning 52 point from 1056
30.05 20:56:38 Going to coordinates X=-27.435, Y=-38.278
30.05 20:56:39 Moving is finished
30.05 20:58:16 Scanning 53 point from 1056
30.05 20:58:16 Going to coordinates X=-27.405, Y=-38.278
30.05 20:58:16 Moving is finished
30.05 20:59:53 Scanning 54 point from 1056
30.05 20:59:53 Going to coordinates X=-27.375, Y=-38.278
30.05 20:59:53 Moving is finished
30.05 21:01:30 Scanning 55 point from 1056
30.05 21:01:30 Going to coordinates X=-27.345, Y=-38.278
30.05 21:01:30 Moving is finished
30.05 21:03:07 Scanning 56 point from 1056
30.05 21:03:07 Going to coordinates X=-27.315, Y=-38.278
30.05 21:03:08 Moving is finished
30.05 21:04:44 Scanning 57 point from 1056
30.05 21:04:44 Going to coordinates X=-27.285, Y=-38.278
30.05 21:04:44 Moving is finished
30.05 21:06:21 Scanning 58 point from 1056
30.05 21:06:21 Going to coordinates X=-27.255, Y=-38.278
30.05 21:06:21 Moving is finished
30.05 21:07:58 Scanning 59 point from 1056
30.05 21:07:58 Going to coordinates X=-27.225, Y=-38.278
30.05 21:07:58 Moving is finished
30.05 21:09:35 Scanning 60 point from 1056
30.05 21:09:35 Going to coordinates X=-27.195, Y=-38.278
30.05 21:09:36 Moving is finished
30.05 21:11:12 Scanning 61 point from 1056
30.05 21:11:12 Going to coordinates X=-27.165, Y=-38.278
30.05 21:11:12 Moving is finished
30.05 21:12:49 Scanning 62 point from 1056
30.05 21:12:49 Going to coordinates X=-27.135, Y=-38.278
30.05 21:12:49 Moving is finished
30.05 21:14:26 Scanning 63 point from 1056
30.05 21:14:26 Going to coordinates X=-27.105, Y=-38.278
30.05 21:14:26 Moving is finished
30.05 21:16:03 Scanning 64 point from 1056
30.05 21:16:03 Going to coordinates X=-27.075, Y=-38.278
30.05 21:16:03 Moving is finished
30.05 21:17:40 Scanning 65 point from 1056
30.05 21:17:40 Going to coordinates X=-27.045, Y=-38.278
30.05 21:17:40 Moving is finished
30.05 21:19:16 Scanning 66 point from 1056
30.05 21:19:16 Going to coordinates X=-28.995, Y=-38.248
30.05 21:19:17 Moving is finished
30.05 21:20:54 Scanning 67 point from 1056
30.05 21:20:54 Going to coordinates X=-28.965, Y=-38.248
30.05 21:20:54 Moving is finished
30.05 21:22:31 Scanning 68 point from 1056
30.05 21:22:31 Going to coordinates X=-28.935, Y=-38.248
30.05 21:22:31 Moving is finished
30.05 21:24:08 Scanning 69 point from 1056
30.05 21:24:08 Going to coordinates X=-28.905, Y=-38.248
30.05 21:24:08 Moving is finished
30.05 21:25:44 Scanning 70 point from 1056
30.05 21:25:44 Going to coordinates X=-28.875, Y=-38.248
30.05 21:25:44 Moving is finished
30.05 21:27:21 Scanning 71 point from 1056
30.05 21:27:21 Going to coordinates X=-28.845, Y=-38.248
30.05 21:27:21 Moving is finished
30.05 21:28:58 Scanning 72 point from 1056
30.05 21:28:58 Going to coordinates X=-28.815, Y=-38.248
30.05 21:28:58 Moving is finished
30.05 21:30:35 Scanning 73 point from 1056
30.05 21:30:35 Going to coordinates X=-28.785, Y=-38.248
30.05 21:30:35 Moving is finished
30.05 21:32:13 Scanning 74 point from 1056
30.05 21:32:13 Going to coordinates X=-28.755, Y=-38.248
30.05 21:32:13 Moving is finished
30.05 21:33:50 Scanning 75 point from 1056
30.05 21:33:50 Going to coordinates X=-28.725, Y=-38.248
30.05 21:33:50 Moving is finished
30.05 21:35:26 Scanning 76 point from 1056
30.05 21:35:26 Going to coordinates X=-28.695, Y=-38.248
30.05 21:35:27 Moving is finished
30.05 21:37:03 Scanning 77 point from 1056
30.05 21:37:03 Going to coordinates X=-28.665, Y=-38.248
30.05 21:37:03 Moving is finished
30.05 21:38:40 Scanning 78 point from 1056
30.05 21:38:40 Going to coordinates X=-28.635, Y=-38.248
30.05 21:38:40 Moving is finished
30.05 21:40:18 Scanning 79 point from 1056
30.05 21:40:18 Going to coordinates X=-28.605, Y=-38.248
30.05 21:40:18 Moving is finished
30.05 21:41:55 Scanning 80 point from 1056
30.05 21:41:55 Going to coordinates X=-28.575, Y=-38.248
30.05 21:41:56 Moving is finished
30.05 21:43:32 Scanning 81 point from 1056
30.05 21:43:32 Going to coordinates X=-28.545, Y=-38.248
30.05 21:43:32 Moving is finished
30.05 21:45:09 Scanning 82 point from 1056
30.05 21:45:09 Going to coordinates X=-28.515, Y=-38.248
30.05 21:45:09 Moving is finished
30.05 21:46:46 Scanning 83 point from 1056
30.05 21:46:46 Going to coordinates X=-28.485, Y=-38.248
30.05 21:46:46 Moving is finished
30.05 21:48:24 Scanning 84 point from 1056
30.05 21:48:24 Going to coordinates X=-28.455, Y=-38.248
30.05 21:48:24 Moving is finished
30.05 21:50:01 Scanning 85 point from 1056
30.05 21:50:01 Going to coordinates X=-28.425, Y=-38.248
30.05 21:50:01 Moving is finished
30.05 21:51:38 Scanning 86 point from 1056
30.05 21:51:38 Going to coordinates X=-28.395, Y=-38.248
30.05 21:51:38 Moving is finished
30.05 21:53:14 Scanning 87 point from 1056
30.05 21:53:14 Going to coordinates X=-28.365, Y=-38.248
30.05 21:53:15 Moving is finished
30.05 21:54:52 Scanning 88 point from 1056
30.05 21:54:52 Going to coordinates X=-28.335, Y=-38.248
30.05 21:54:52 Moving is finished
30.05 21:56:29 Scanning 89 point from 1056
30.05 21:56:29 Going to coordinates X=-28.305, Y=-38.248
30.05 21:56:29 Moving is finished
30.05 21:58:06 Scanning 90 point from 1056
30.05 21:58:06 Going to coordinates X=-28.275, Y=-38.248
30.05 21:58:06 Moving is finished
30.05 21:59:43 Scanning 91 point from 1056
30.05 21:59:43 Going to coordinates X=-28.245, Y=-38.248
30.05 21:59:43 Moving is finished
30.05 22:01:20 Scanning 92 point from 1056
30.05 22:01:20 Going to coordinates X=-28.215, Y=-38.248
30.05 22:01:20 Moving is finished
30.05 22:02:57 Scanning 93 point from 1056
30.05 22:02:57 Going to coordinates X=-28.185, Y=-38.248
30.05 22:02:57 Moving is finished
30.05 22:04:34 Scanning 94 point from 1056
30.05 22:04:34 Going to coordinates X=-28.155, Y=-38.248
30.05 22:04:34 Moving is finished
30.05 22:06:11 Scanning 95 point from 1056
30.05 22:06:11 Going to coordinates X=-28.125, Y=-38.248
30.05 22:06:11 Moving is finished
30.05 22:07:48 Scanning 96 point from 1056
30.05 22:07:48 Going to coordinates X=-28.095, Y=-38.248
30.05 22:07:48 Moving is finished
30.05 22:09:26 Scanning 97 point from 1056
30.05 22:09:26 Going to coordinates X=-28.065, Y=-38.248
30.05 22:09:26 Moving is finished
30.05 22:11:03 Scanning 98 point from 1056
30.05 22:11:03 Going to coordinates X=-28.035, Y=-38.248
30.05 22:11:03 Moving is finished
30.05 22:12:40 Scanning 99 point from 1056
30.05 22:12:40 Going to coordinates X=-28.005, Y=-38.248
30.05 22:12:40 Moving is finished
30.05 22:14:17 Scanning 100 point from 1056
30.05 22:14:17 Going to coordinates X=-27.975, Y=-38.248
30.05 22:14:17 Moving is finished
30.05 22:15:53 Scanning 101 point from 1056
30.05 22:15:53 Going to coordinates X=-27.945, Y=-38.248
30.05 22:15:53 Moving is finished
30.05 22:17:30 Scanning 102 point from 1056
30.05 22:17:30 Going to coordinates X=-27.915, Y=-38.248
30.05 22:17:31 Moving is finished
30.05 22:19:07 Scanning 103 point from 1056
30.05 22:19:07 Going to coordinates X=-27.885, Y=-38.248
30.05 22:19:08 Moving is finished
30.05 22:20:45 Scanning 104 point from 1056
30.05 22:20:45 Going to coordinates X=-27.855, Y=-38.248
30.05 22:20:45 Moving is finished
30.05 22:22:21 Scanning 105 point from 1056
30.05 22:22:21 Going to coordinates X=-27.825, Y=-38.248
30.05 22:22:22 Moving is finished
30.05 22:23:59 Scanning 106 point from 1056
30.05 22:23:59 Going to coordinates X=-27.795, Y=-38.248
30.05 22:23:59 Moving is finished
30.05 22:25:35 Scanning 107 point from 1056
30.05 22:25:35 Going to coordinates X=-27.765, Y=-38.248
30.05 22:25:36 Moving is finished
30.05 22:27:13 Scanning 108 point from 1056
30.05 22:27:13 Going to coordinates X=-27.735, Y=-38.248
30.05 22:27:13 Moving is finished
30.05 22:28:50 Scanning 109 point from 1056
30.05 22:28:50 Going to coordinates X=-27.705, Y=-38.248
30.05 22:28:50 Moving is finished
30.05 22:30:27 Scanning 110 point from 1056
30.05 22:30:27 Going to coordinates X=-27.675, Y=-38.248
30.05 22:30:27 Moving is finished
30.05 22:32:05 Scanning 111 point from 1056
30.05 22:32:05 Going to coordinates X=-27.645, Y=-38.248
30.05 22:32:05 Moving is finished
30.05 22:33:42 Scanning 112 point from 1056
30.05 22:33:42 Going to coordinates X=-27.615, Y=-38.248
30.05 22:33:42 Moving is finished
30.05 22:35:19 Scanning 113 point from 1056
30.05 22:35:19 Going to coordinates X=-27.585, Y=-38.248
30.05 22:35:19 Moving is finished
30.05 22:36:55 Scanning 114 point from 1056
30.05 22:36:55 Going to coordinates X=-27.555, Y=-38.248
30.05 22:36:55 Moving is finished
30.05 22:38:32 Scanning 115 point from 1056
30.05 22:38:32 Going to coordinates X=-27.525, Y=-38.248
30.05 22:38:33 Moving is finished
30.05 22:40:10 Scanning 116 point from 1056
30.05 22:40:10 Going to coordinates X=-27.495, Y=-38.248
30.05 22:40:10 Moving is finished
30.05 22:41:46 Scanning 117 point from 1056
30.05 22:41:46 Going to coordinates X=-27.465, Y=-38.248
30.05 22:41:47 Moving is finished
30.05 22:43:24 Scanning 118 point from 1056
30.05 22:43:24 Going to coordinates X=-27.435, Y=-38.248
30.05 22:43:24 Moving is finished
30.05 22:45:01 Scanning 119 point from 1056
30.05 22:45:01 Going to coordinates X=-27.405, Y=-38.248
30.05 22:45:01 Moving is finished
30.05 22:46:39 Scanning 120 point from 1056
30.05 22:46:39 Going to coordinates X=-27.375, Y=-38.248
30.05 22:46:39 Moving is finished
30.05 22:48:16 Scanning 121 point from 1056
30.05 22:48:16 Going to coordinates X=-27.345, Y=-38.248
30.05 22:48:17 Moving is finished
30.05 22:49:53 Scanning 122 point from 1056
30.05 22:49:53 Going to coordinates X=-27.315, Y=-38.248
30.05 22:49:53 Moving is finished
30.05 22:51:30 Scanning 123 point from 1056
30.05 22:51:30 Going to coordinates X=-27.285, Y=-38.248
30.05 22:51:31 Moving is finished
30.05 22:53:08 Scanning 124 point from 1056
30.05 22:53:08 Going to coordinates X=-27.255, Y=-38.248
30.05 22:53:08 Moving is finished
30.05 22:54:45 Scanning 125 point from 1056
30.05 22:54:45 Going to coordinates X=-27.225, Y=-38.248
30.05 22:54:45 Moving is finished
30.05 22:56:22 Scanning 126 point from 1056
30.05 22:56:22 Going to coordinates X=-27.195, Y=-38.248
30.05 22:56:22 Moving is finished
30.05 22:57:59 Scanning 127 point from 1056
30.05 22:57:59 Going to coordinates X=-27.165, Y=-38.248
30.05 22:57:59 Moving is finished
30.05 22:59:35 Scanning 128 point from 1056
30.05 22:59:35 Going to coordinates X=-27.135, Y=-38.248
30.05 22:59:35 Moving is finished
30.05 23:01:12 Scanning 129 point from 1056
30.05 23:01:12 Going to coordinates X=-27.105, Y=-38.248
30.05 23:01:12 Moving is finished
30.05 23:02:49 Scanning 130 point from 1056
30.05 23:02:49 Going to coordinates X=-27.075, Y=-38.248
30.05 23:02:50 Moving is finished
30.05 23:04:26 Scanning 131 point from 1056
30.05 23:04:26 Going to coordinates X=-27.045, Y=-38.248
30.05 23:04:26 Moving is finished
30.05 23:06:04 Scanning 132 point from 1056
30.05 23:06:04 Going to coordinates X=-28.995, Y=-38.218
30.05 23:06:05 Moving is finished
30.05 23:07:41 Scanning 133 point from 1056
30.05 23:07:41 Going to coordinates X=-28.965, Y=-38.218
30.05 23:07:41 Moving is finished
30.05 23:09:19 Scanning 134 point from 1056
30.05 23:09:19 Going to coordinates X=-28.935, Y=-38.218
30.05 23:09:19 Moving is finished
30.05 23:10:56 Scanning 135 point from 1056
30.05 23:10:56 Going to coordinates X=-28.905, Y=-38.218
30.05 23:10:56 Moving is finished
30.05 23:12:33 Scanning 136 point from 1056
30.05 23:12:33 Going to coordinates X=-28.875, Y=-38.218
30.05 23:12:33 Moving is finished
30.05 23:14:09 Scanning 137 point from 1056
30.05 23:14:09 Going to coordinates X=-28.845, Y=-38.218
30.05 23:14:10 Moving is finished
30.05 23:15:46 Scanning 138 point from 1056
30.05 23:15:46 Going to coordinates X=-28.815, Y=-38.218
30.05 23:15:46 Moving is finished
30.05 23:17:23 Scanning 139 point from 1056
30.05 23:17:23 Going to coordinates X=-28.785, Y=-38.218
30.05 23:17:23 Moving is finished
30.05 23:19:00 Scanning 140 point from 1056
30.05 23:19:00 Going to coordinates X=-28.755, Y=-38.218
30.05 23:19:00 Moving is finished
30.05 23:20:36 Scanning 141 point from 1056
30.05 23:20:36 Going to coordinates X=-28.725, Y=-38.218
30.05 23:20:37 Moving is finished
30.05 23:22:13 Scanning 142 point from 1056
30.05 23:22:13 Going to coordinates X=-28.695, Y=-38.218
30.05 23:22:13 Moving is finished
30.05 23:23:50 Scanning 143 point from 1056
30.05 23:23:50 Going to coordinates X=-28.665, Y=-38.218
30.05 23:23:50 Moving is finished
30.05 23:25:26 Scanning 144 point from 1056
30.05 23:25:26 Going to coordinates X=-28.635, Y=-38.218
30.05 23:25:27 Moving is finished
30.05 23:27:03 Scanning 145 point from 1056
30.05 23:27:03 Going to coordinates X=-28.605, Y=-38.218
30.05 23:27:03 Moving is finished
30.05 23:28:40 Scanning 146 point from 1056
30.05 23:28:40 Going to coordinates X=-28.575, Y=-38.218
30.05 23:28:40 Moving is finished
30.05 23:30:16 Scanning 147 point from 1056
30.05 23:30:16 Going to coordinates X=-28.545, Y=-38.218
30.05 23:30:17 Moving is finished
30.05 23:31:54 Scanning 148 point from 1056
30.05 23:31:54 Going to coordinates X=-28.515, Y=-38.218
30.05 23:31:54 Moving is finished
30.05 23:33:30 Scanning 149 point from 1056
30.05 23:33:30 Going to coordinates X=-28.485, Y=-38.218
30.05 23:33:31 Moving is finished
30.05 23:35:08 Scanning 150 point from 1056
30.05 23:35:08 Going to coordinates X=-28.455, Y=-38.218
30.05 23:35:08 Moving is finished
30.05 23:36:45 Scanning 151 point from 1056
30.05 23:36:45 Going to coordinates X=-28.425, Y=-38.218
30.05 23:36:45 Moving is finished
30.05 23:38:21 Scanning 152 point from 1056
30.05 23:38:21 Going to coordinates X=-28.395, Y=-38.218
30.05 23:38:21 Moving is finished
30.05 23:39:58 Scanning 153 point from 1056
30.05 23:39:58 Going to coordinates X=-28.365, Y=-38.218
30.05 23:39:59 Moving is finished
30.05 23:41:36 Scanning 154 point from 1056
30.05 23:41:36 Going to coordinates X=-28.335, Y=-38.218
30.05 23:41:36 Moving is finished
30.05 23:43:13 Scanning 155 point from 1056
30.05 23:43:13 Going to coordinates X=-28.305, Y=-38.218
30.05 23:43:13 Moving is finished
30.05 23:44:50 Scanning 156 point from 1056
30.05 23:44:50 Going to coordinates X=-28.275, Y=-38.218
30.05 23:44:50 Moving is finished
30.05 23:46:28 Scanning 157 point from 1056
30.05 23:46:28 Going to coordinates X=-28.245, Y=-38.218
30.05 23:46:28 Moving is finished
30.05 23:48:05 Scanning 158 point from 1056
30.05 23:48:05 Going to coordinates X=-28.215, Y=-38.218
30.05 23:48:05 Moving is finished
30.05 23:49:42 Scanning 159 point from 1056
30.05 23:49:42 Going to coordinates X=-28.185, Y=-38.218
30.05 23:49:42 Moving is finished
30.05 23:51:19 Scanning 160 point from 1056
30.05 23:51:19 Going to coordinates X=-28.155, Y=-38.218
30.05 23:51:19 Moving is finished
30.05 23:52:56 Scanning 161 point from 1056
30.05 23:52:56 Going to coordinates X=-28.125, Y=-38.218
30.05 23:52:56 Moving is finished
30.05 23:54:33 Scanning 162 point from 1056
30.05 23:54:33 Going to coordinates X=-28.095, Y=-38.218
30.05 23:54:34 Moving is finished
30.05 23:56:11 Scanning 163 point from 1056
30.05 23:56:11 Going to coordinates X=-28.065, Y=-38.218
30.05 23:56:11 Moving is finished
30.05 23:57:48 Scanning 164 point from 1056
30.05 23:57:48 Going to coordinates X=-28.035, Y=-38.218
30.05 23:57:48 Moving is finished
30.05 23:59:25 Scanning 165 point from 1056
30.05 23:59:25 Going to coordinates X=-28.005, Y=-38.218
30.05 23:59:25 Moving is finished
31.05 00:01:02 Scanning 166 point from 1056
31.05 00:01:02 Going to coordinates X=-27.975, Y=-38.218
31.05 00:01:02 Moving is finished
31.05 00:02:40 Scanning 167 point from 1056
31.05 00:02:40 Going to coordinates X=-27.945, Y=-38.218
31.05 00:02:40 Moving is finished
31.05 00:04:17 Scanning 168 point from 1056
31.05 00:04:17 Going to coordinates X=-27.915, Y=-38.218
31.05 00:04:18 Moving is finished
31.05 00:05:54 Scanning 169 point from 1056
31.05 00:05:54 Going to coordinates X=-27.885, Y=-38.218
31.05 00:05:54 Moving is finished
31.05 00:07:31 Scanning 170 point from 1056
31.05 00:07:31 Going to coordinates X=-27.855, Y=-38.218
31.05 00:07:31 Moving is finished
31.05 00:09:08 Scanning 171 point from 1056
31.05 00:09:08 Going to coordinates X=-27.825, Y=-38.218
31.05 00:09:08 Moving is finished
31.05 00:10:45 Scanning 172 point from 1056
31.05 00:10:45 Going to coordinates X=-27.795, Y=-38.218
31.05 00:10:46 Moving is finished
31.05 00:12:22 Scanning 173 point from 1056
31.05 00:12:22 Going to coordinates X=-27.765, Y=-38.218
31.05 00:12:22 Moving is finished
31.05 00:13:59 Scanning 174 point from 1056
31.05 00:13:59 Going to coordinates X=-27.735, Y=-38.218
31.05 00:13:59 Moving is finished
31.05 00:15:36 Scanning 175 point from 1056
31.05 00:15:36 Going to coordinates X=-27.705, Y=-38.218
31.05 00:15:36 Moving is finished
31.05 00:17:14 Scanning 176 point from 1056
31.05 00:17:14 Going to coordinates X=-27.675, Y=-38.218
31.05 00:17:14 Moving is finished
31.05 00:18:51 Scanning 177 point from 1056
31.05 00:18:51 Going to coordinates X=-27.645, Y=-38.218
31.05 00:18:51 Moving is finished
31.05 00:20:27 Scanning 178 point from 1056
31.05 00:20:27 Going to coordinates X=-27.615, Y=-38.218
31.05 00:20:28 Moving is finished
31.05 00:22:04 Scanning 179 point from 1056
31.05 00:22:04 Going to coordinates X=-27.585, Y=-38.218
31.05 00:22:04 Moving is finished
31.05 00:23:41 Scanning 180 point from 1056
31.05 00:23:41 Going to coordinates X=-27.555, Y=-38.218
31.05 00:23:41 Moving is finished
31.05 00:25:19 Scanning 181 point from 1056
31.05 00:25:19 Going to coordinates X=-27.525, Y=-38.218
31.05 00:25:19 Moving is finished
31.05 00:26:56 Scanning 182 point from 1056
31.05 00:26:56 Going to coordinates X=-27.495, Y=-38.218
31.05 00:26:56 Moving is finished
31.05 00:28:33 Scanning 183 point from 1056
31.05 00:28:33 Going to coordinates X=-27.465, Y=-38.218
31.05 00:28:33 Moving is finished
31.05 00:30:11 Scanning 184 point from 1056
31.05 00:30:11 Going to coordinates X=-27.435, Y=-38.218
31.05 00:30:11 Moving is finished
31.05 00:31:48 Scanning 185 point from 1056
31.05 00:31:48 Going to coordinates X=-27.405, Y=-38.218
31.05 00:31:48 Moving is finished
31.05 00:33:25 Scanning 186 point from 1056
31.05 00:33:25 Going to coordinates X=-27.375, Y=-38.218
31.05 00:33:25 Moving is finished
31.05 00:35:02 Scanning 187 point from 1056
31.05 00:35:02 Going to coordinates X=-27.345, Y=-38.218
31.05 00:35:02 Moving is finished
31.05 00:36:39 Scanning 188 point from 1056
31.05 00:36:39 Going to coordinates X=-27.315, Y=-38.218
31.05 00:36:40 Moving is finished
31.05 00:38:16 Scanning 189 point from 1056
31.05 00:38:16 Going to coordinates X=-27.285, Y=-38.218
31.05 00:38:16 Moving is finished
31.05 00:39:53 Scanning 190 point from 1056
31.05 00:39:53 Going to coordinates X=-27.255, Y=-38.218
31.05 00:39:53 Moving is finished
31.05 00:41:30 Scanning 191 point from 1056
31.05 00:41:30 Going to coordinates X=-27.225, Y=-38.218
31.05 00:41:30 Moving is finished
31.05 00:43:06 Scanning 192 point from 1056
31.05 00:43:06 Going to coordinates X=-27.195, Y=-38.218
31.05 00:43:07 Moving is finished
31.05 00:44:43 Scanning 193 point from 1056
31.05 00:44:43 Going to coordinates X=-27.165, Y=-38.218
31.05 00:44:44 Moving is finished
31.05 00:46:20 Scanning 194 point from 1056
31.05 00:46:20 Going to coordinates X=-27.135, Y=-38.218
31.05 00:46:20 Moving is finished
31.05 00:47:58 Scanning 195 point from 1056
31.05 00:47:58 Going to coordinates X=-27.105, Y=-38.218
31.05 00:47:58 Moving is finished
31.05 00:49:34 Scanning 196 point from 1056
31.05 00:49:34 Going to coordinates X=-27.075, Y=-38.218
31.05 00:49:35 Moving is finished
31.05 00:51:12 Scanning 197 point from 1056
31.05 00:51:12 Going to coordinates X=-27.045, Y=-38.218
31.05 00:51:12 Moving is finished
31.05 00:52:48 Scanning 198 point from 1056
31.05 00:52:48 Going to coordinates X=-28.995, Y=-38.188
31.05 00:52:49 Moving is finished
31.05 00:54:27 Scanning 199 point from 1056
31.05 00:54:27 Going to coordinates X=-28.965, Y=-38.188
31.05 00:54:27 Moving is finished
31.05 00:56:03 Scanning 200 point from 1056
31.05 00:56:03 Going to coordinates X=-28.935, Y=-38.188
31.05 00:56:04 Moving is finished
31.05 00:57:41 Scanning 201 point from 1056
31.05 00:57:41 Going to coordinates X=-28.905, Y=-38.188
31.05 00:57:41 Moving is finished
31.05 00:59:18 Scanning 202 point from 1056
31.05 00:59:18 Going to coordinates X=-28.875, Y=-38.188
31.05 00:59:18 Moving is finished
31.05 01:00:55 Scanning 203 point from 1056
31.05 01:00:55 Going to coordinates X=-28.845, Y=-38.188
31.05 01:00:56 Moving is finished
31.05 01:02:33 Scanning 204 point from 1056
31.05 01:02:33 Going to coordinates X=-28.815, Y=-38.188
31.05 01:02:33 Moving is finished
31.05 01:04:10 Scanning 205 point from 1056
31.05 01:04:10 Going to coordinates X=-28.785, Y=-38.188
31.05 01:04:10 Moving is finished
31.05 01:05:47 Scanning 206 point from 1056
31.05 01:05:47 Going to coordinates X=-28.755, Y=-38.188
31.05 01:05:47 Moving is finished
31.05 01:07:23 Scanning 207 point from 1056
31.05 01:07:23 Going to coordinates X=-28.725, Y=-38.188
31.05 01:07:24 Moving is finished
31.05 01:09:01 Scanning 208 point from 1056
31.05 01:09:01 Going to coordinates X=-28.695, Y=-38.188
31.05 01:09:01 Moving is finished
31.05 01:10:37 Scanning 209 point from 1056
31.05 01:10:37 Going to coordinates X=-28.665, Y=-38.188
31.05 01:10:37 Moving is finished
31.05 01:12:14 Scanning 210 point from 1056
31.05 01:12:14 Going to coordinates X=-28.635, Y=-38.188
31.05 01:12:15 Moving is finished
31.05 01:13:51 Scanning 211 point from 1056
31.05 01:13:51 Going to coordinates X=-28.605, Y=-38.188
31.05 01:13:51 Moving is finished
31.05 01:15:28 Scanning 212 point from 1056
31.05 01:15:28 Going to coordinates X=-28.575, Y=-38.188
31.05 01:15:29 Moving is finished
31.05 01:17:06 Scanning 213 point from 1056
31.05 01:17:06 Going to coordinates X=-28.545, Y=-38.188
31.05 01:17:06 Moving is finished
31.05 01:18:42 Scanning 214 point from 1056
31.05 01:18:42 Going to coordinates X=-28.515, Y=-38.188
31.05 01:18:42 Moving is finished
31.05 01:20:19 Scanning 215 point from 1056
31.05 01:20:19 Going to coordinates X=-28.485, Y=-38.188
31.05 01:20:19 Moving is finished
31.05 01:21:57 Scanning 216 point from 1056
31.05 01:21:57 Going to coordinates X=-28.455, Y=-38.188
31.05 01:21:57 Moving is finished
31.05 01:23:35 Scanning 217 point from 1056
31.05 01:23:35 Going to coordinates X=-28.425, Y=-38.188
31.05 01:23:35 Moving is finished
31.05 01:25:12 Scanning 218 point from 1056
31.05 01:25:12 Going to coordinates X=-28.395, Y=-38.188
31.05 01:25:12 Moving is finished
31.05 01:26:49 Scanning 219 point from 1056
31.05 01:26:49 Going to coordinates X=-28.365, Y=-38.188
31.05 01:26:49 Moving is finished
31.05 01:28:26 Scanning 220 point from 1056
31.05 01:28:26 Going to coordinates X=-28.335, Y=-38.188
31.05 01:28:26 Moving is finished
31.05 01:30:03 Scanning 221 point from 1056
31.05 01:30:03 Going to coordinates X=-28.305, Y=-38.188
31.05 01:30:03 Moving is finished
31.05 01:31:40 Scanning 222 point from 1056
31.05 01:31:40 Going to coordinates X=-28.275, Y=-38.188
31.05 01:31:40 Moving is finished
31.05 01:33:17 Scanning 223 point from 1056
31.05 01:33:17 Going to coordinates X=-28.245, Y=-38.188
31.05 01:33:17 Moving is finished
31.05 01:34:54 Scanning 224 point from 1056
31.05 01:34:54 Going to coordinates X=-28.215, Y=-38.188
31.05 01:34:54 Moving is finished
31.05 01:36:30 Scanning 225 point from 1056
31.05 01:36:30 Going to coordinates X=-28.185, Y=-38.188
31.05 01:36:30 Moving is finished
31.05 01:38:07 Scanning 226 point from 1056
31.05 01:38:07 Going to coordinates X=-28.155, Y=-38.188
31.05 01:38:08 Moving is finished
31.05 01:39:44 Scanning 227 point from 1056
31.05 01:39:44 Going to coordinates X=-28.125, Y=-38.188
31.05 01:39:44 Moving is finished
31.05 01:41:21 Scanning 228 point from 1056
31.05 01:41:21 Going to coordinates X=-28.095, Y=-38.188
31.05 01:41:22 Moving is finished
31.05 01:42:59 Scanning 229 point from 1056
31.05 01:42:59 Going to coordinates X=-28.065, Y=-38.188
31.05 01:42:59 Moving is finished
31.05 01:44:36 Scanning 230 point from 1056
31.05 01:44:36 Going to coordinates X=-28.035, Y=-38.188
31.05 01:44:36 Moving is finished
31.05 01:46:13 Scanning 231 point from 1056
31.05 01:46:13 Going to coordinates X=-28.005, Y=-38.188
31.05 01:46:13 Moving is finished
31.05 01:47:50 Scanning 232 point from 1056
31.05 01:47:50 Going to coordinates X=-27.975, Y=-38.188
31.05 01:47:50 Moving is finished
31.05 01:49:27 Scanning 233 point from 1056
31.05 01:49:27 Going to coordinates X=-27.945, Y=-38.188
31.05 01:49:28 Moving is finished
31.05 01:51:05 Scanning 234 point from 1056
31.05 01:51:05 Going to coordinates X=-27.915, Y=-38.188
31.05 01:51:05 Moving is finished
31.05 01:52:42 Scanning 235 point from 1056
31.05 01:52:42 Going to coordinates X=-27.885, Y=-38.188
31.05 01:52:42 Moving is finished
31.05 01:54:19 Scanning 236 point from 1056
31.05 01:54:19 Going to coordinates X=-27.855, Y=-38.188
31.05 01:54:19 Moving is finished
31.05 01:55:56 Scanning 237 point from 1056
31.05 01:55:56 Going to coordinates X=-27.825, Y=-38.188
31.05 01:55:57 Moving is finished
31.05 01:57:33 Scanning 238 point from 1056
31.05 01:57:33 Going to coordinates X=-27.795, Y=-38.188
31.05 01:57:33 Moving is finished
31.05 01:59:10 Scanning 239 point from 1056
31.05 01:59:10 Going to coordinates X=-27.765, Y=-38.188
31.05 01:59:10 Moving is finished
31.05 02:00:47 Scanning 240 point from 1056
31.05 02:00:47 Going to coordinates X=-27.735, Y=-38.188
31.05 02:00:47 Moving is finished
31.05 02:02:24 Scanning 241 point from 1056
31.05 02:02:24 Going to coordinates X=-27.705, Y=-38.188
31.05 02:02:24 Moving is finished
31.05 02:04:00 Scanning 242 point from 1056
31.05 02:04:00 Going to coordinates X=-27.675, Y=-38.188
31.05 02:04:01 Moving is finished
31.05 02:05:38 Scanning 243 point from 1056
31.05 02:05:38 Going to coordinates X=-27.645, Y=-38.188
31.05 02:05:38 Moving is finished
31.05 02:07:14 Scanning 244 point from 1056
31.05 02:07:14 Going to coordinates X=-27.615, Y=-38.188
31.05 02:07:15 Moving is finished
31.05 02:08:52 Scanning 245 point from 1056
31.05 02:08:52 Going to coordinates X=-27.585, Y=-38.188
31.05 02:08:52 Moving is finished
31.05 02:10:29 Scanning 246 point from 1056
31.05 02:10:29 Going to coordinates X=-27.555, Y=-38.188
31.05 02:10:29 Moving is finished
31.05 02:12:05 Scanning 247 point from 1056
31.05 02:12:05 Going to coordinates X=-27.525, Y=-38.188
31.05 02:12:06 Moving is finished
31.05 02:13:43 Scanning 248 point from 1056
31.05 02:13:43 Going to coordinates X=-27.495, Y=-38.188
31.05 02:13:43 Moving is finished
31.05 02:15:20 Scanning 249 point from 1056
31.05 02:15:20 Going to coordinates X=-27.465, Y=-38.188
31.05 02:15:20 Moving is finished
31.05 02:16:57 Scanning 250 point from 1056
31.05 02:16:57 Going to coordinates X=-27.435, Y=-38.188
31.05 02:16:58 Moving is finished
31.05 02:18:34 Scanning 251 point from 1056
31.05 02:18:34 Going to coordinates X=-27.405, Y=-38.188
31.05 02:18:35 Moving is finished
31.05 02:20:11 Scanning 252 point from 1056
31.05 02:20:11 Going to coordinates X=-27.375, Y=-38.188
31.05 02:20:11 Moving is finished
31.05 02:21:48 Scanning 253 point from 1056
31.05 02:21:48 Going to coordinates X=-27.345, Y=-38.188
31.05 02:21:49 Moving is finished
31.05 02:23:25 Scanning 254 point from 1056
31.05 02:23:25 Going to coordinates X=-27.315, Y=-38.188
31.05 02:23:25 Moving is finished
31.05 02:25:02 Scanning 255 point from 1056
31.05 02:25:02 Going to coordinates X=-27.285, Y=-38.188
31.05 02:25:02 Moving is finished
31.05 02:26:39 Scanning 256 point from 1056
31.05 02:26:39 Going to coordinates X=-27.255, Y=-38.188
31.05 02:26:39 Moving is finished
31.05 02:28:16 Scanning 257 point from 1056
31.05 02:28:16 Going to coordinates X=-27.225, Y=-38.188
31.05 02:28:16 Moving is finished
31.05 02:29:53 Scanning 258 point from 1056
31.05 02:29:53 Going to coordinates X=-27.195, Y=-38.188
31.05 02:29:53 Moving is finished
31.05 02:31:29 Scanning 259 point from 1056
31.05 02:31:29 Going to coordinates X=-27.165, Y=-38.188
31.05 02:31:30 Moving is finished
31.05 02:33:06 Scanning 260 point from 1056
31.05 02:33:06 Going to coordinates X=-27.135, Y=-38.188
31.05 02:33:06 Moving is finished
31.05 02:34:43 Scanning 261 point from 1056
31.05 02:34:43 Going to coordinates X=-27.105, Y=-38.188
31.05 02:34:43 Moving is finished
31.05 02:36:20 Scanning 262 point from 1056
31.05 02:36:20 Going to coordinates X=-27.075, Y=-38.188
31.05 02:36:20 Moving is finished
31.05 02:37:57 Scanning 263 point from 1056
31.05 02:37:57 Going to coordinates X=-27.045, Y=-38.188
31.05 02:37:57 Moving is finished
31.05 02:39:33 Scanning 264 point from 1056
31.05 02:39:33 Going to coordinates X=-28.995, Y=-38.158
31.05 02:39:34 Moving is finished
31.05 02:41:11 Scanning 265 point from 1056
31.05 02:41:11 Going to coordinates X=-28.965, Y=-38.158
31.05 02:41:11 Moving is finished
31.05 02:42:47 Scanning 266 point from 1056
31.05 02:42:47 Going to coordinates X=-28.935, Y=-38.158
31.05 02:42:47 Moving is finished
31.05 02:44:24 Scanning 267 point from 1056
31.05 02:44:24 Going to coordinates X=-28.905, Y=-38.158
31.05 02:44:24 Moving is finished
31.05 02:46:00 Scanning 268 point from 1056
31.05 02:46:00 Going to coordinates X=-28.875, Y=-38.158
31.05 02:46:01 Moving is finished
31.05 02:47:37 Scanning 269 point from 1056
31.05 02:47:37 Going to coordinates X=-28.845, Y=-38.158
31.05 02:47:38 Moving is finished
31.05 02:49:15 Scanning 270 point from 1056
31.05 02:49:15 Going to coordinates X=-28.815, Y=-38.158
31.05 02:49:15 Moving is finished
31.05 02:50:51 Scanning 271 point from 1056
31.05 02:50:51 Going to coordinates X=-28.785, Y=-38.158
31.05 02:50:51 Moving is finished
31.05 02:52:28 Scanning 272 point from 1056
31.05 02:52:28 Going to coordinates X=-28.755, Y=-38.158
31.05 02:52:28 Moving is finished
31.05 02:54:05 Scanning 273 point from 1056
31.05 02:54:05 Going to coordinates X=-28.725, Y=-38.158
31.05 02:54:05 Moving is finished
31.05 02:55:42 Scanning 274 point from 1056
31.05 02:55:42 Going to coordinates X=-28.695, Y=-38.158
31.05 02:55:42 Moving is finished
31.05 02:57:19 Scanning 275 point from 1056
31.05 02:57:19 Going to coordinates X=-28.665, Y=-38.158
31.05 02:57:20 Moving is finished
31.05 02:58:56 Scanning 276 point from 1056
31.05 02:58:56 Going to coordinates X=-28.635, Y=-38.158
31.05 02:58:56 Moving is finished
31.05 03:00:33 Scanning 277 point from 1056
31.05 03:00:33 Going to coordinates X=-28.605, Y=-38.158
31.05 03:00:34 Moving is finished
31.05 03:02:11 Scanning 278 point from 1056
31.05 03:02:11 Going to coordinates X=-28.575, Y=-38.158
31.05 03:02:11 Moving is finished
31.05 03:03:48 Scanning 279 point from 1056
31.05 03:03:48 Going to coordinates X=-28.545, Y=-38.158
31.05 03:03:48 Moving is finished
31.05 03:05:25 Scanning 280 point from 1056
31.05 03:05:25 Going to coordinates X=-28.515, Y=-38.158
31.05 03:05:25 Moving is finished
31.05 03:07:02 Scanning 281 point from 1056
31.05 03:07:02 Going to coordinates X=-28.485, Y=-38.158
31.05 03:07:02 Moving is finished
31.05 03:08:39 Scanning 282 point from 1056
31.05 03:08:39 Going to coordinates X=-28.455, Y=-38.158
31.05 03:08:40 Moving is finished
31.05 03:10:16 Scanning 283 point from 1056
31.05 03:10:16 Going to coordinates X=-28.425, Y=-38.158
31.05 03:10:17 Moving is finished
31.05 03:11:54 Scanning 284 point from 1056
31.05 03:11:54 Going to coordinates X=-28.395, Y=-38.158
31.05 03:11:54 Moving is finished
31.05 03:13:31 Scanning 285 point from 1056
31.05 03:13:31 Going to coordinates X=-28.365, Y=-38.158
31.05 03:13:31 Moving is finished
31.05 03:15:07 Scanning 286 point from 1056
31.05 03:15:07 Going to coordinates X=-28.335, Y=-38.158
31.05 03:15:08 Moving is finished
31.05 03:16:44 Scanning 287 point from 1056
31.05 03:16:44 Going to coordinates X=-28.305, Y=-38.158
31.05 03:16:44 Moving is finished
31.05 03:18:21 Scanning 288 point from 1056
31.05 03:18:21 Going to coordinates X=-28.275, Y=-38.158
31.05 03:18:21 Moving is finished
31.05 03:19:58 Scanning 289 point from 1056
31.05 03:19:58 Going to coordinates X=-28.245, Y=-38.158
31.05 03:19:58 Moving is finished
31.05 03:21:34 Scanning 290 point from 1056
31.05 03:21:34 Going to coordinates X=-28.215, Y=-38.158
31.05 03:21:34 Moving is finished
31.05 03:23:11 Scanning 291 point from 1056
31.05 03:23:11 Going to coordinates X=-28.185, Y=-38.158
31.05 03:23:11 Moving is finished
31.05 03:24:48 Scanning 292 point from 1056
31.05 03:24:48 Going to coordinates X=-28.155, Y=-38.158
31.05 03:24:48 Moving is finished
31.05 03:26:24 Scanning 293 point from 1056
31.05 03:26:24 Going to coordinates X=-28.125, Y=-38.158
31.05 03:26:25 Moving is finished
31.05 03:28:01 Scanning 294 point from 1056
31.05 03:28:01 Going to coordinates X=-28.095, Y=-38.158
31.05 03:28:01 Moving is finished
31.05 03:29:39 Scanning 295 point from 1056
31.05 03:29:39 Going to coordinates X=-28.065, Y=-38.158
31.05 03:29:39 Moving is finished
31.05 03:31:16 Scanning 296 point from 1056
31.05 03:31:16 Going to coordinates X=-28.035, Y=-38.158
31.05 03:31:16 Moving is finished
31.05 03:32:53 Scanning 297 point from 1056
31.05 03:32:53 Going to coordinates X=-28.005, Y=-38.158
31.05 03:32:53 Moving is finished
31.05 03:34:30 Scanning 298 point from 1056
31.05 03:34:30 Going to coordinates X=-27.975, Y=-38.158
31.05 03:34:30 Moving is finished
31.05 03:36:06 Scanning 299 point from 1056
31.05 03:36:06 Going to coordinates X=-27.945, Y=-38.158
31.05 03:36:07 Moving is finished
31.05 03:37:44 Scanning 300 point from 1056
31.05 03:37:44 Going to coordinates X=-27.915, Y=-38.158
31.05 03:37:44 Moving is finished
31.05 03:39:22 Scanning 301 point from 1056
31.05 03:39:22 Going to coordinates X=-27.885, Y=-38.158
31.05 03:39:22 Moving is finished
31.05 03:40:59 Scanning 302 point from 1056
31.05 03:40:59 Going to coordinates X=-27.855, Y=-38.158
31.05 03:40:59 Moving is finished
31.05 03:42:36 Scanning 303 point from 1056
31.05 03:42:36 Going to coordinates X=-27.825, Y=-38.158
31.05 03:42:36 Moving is finished
31.05 03:44:14 Scanning 304 point from 1056
31.05 03:44:14 Going to coordinates X=-27.795, Y=-38.158
31.05 03:44:14 Moving is finished
31.05 03:45:51 Scanning 305 point from 1056
31.05 03:45:51 Going to coordinates X=-27.765, Y=-38.158
31.05 03:45:51 Moving is finished
31.05 03:47:28 Scanning 306 point from 1056
31.05 03:47:28 Going to coordinates X=-27.735, Y=-38.158
31.05 03:47:28 Moving is finished
31.05 03:49:05 Scanning 307 point from 1056
31.05 03:49:05 Going to coordinates X=-27.705, Y=-38.158
31.05 03:49:05 Moving is finished
31.05 03:50:42 Scanning 308 point from 1056
31.05 03:50:42 Going to coordinates X=-27.675, Y=-38.158
31.05 03:50:42 Moving is finished
31.05 03:52:20 Scanning 309 point from 1056
31.05 03:52:20 Going to coordinates X=-27.645, Y=-38.158
31.05 03:52:20 Moving is finished
31.05 03:53:57 Scanning 310 point from 1056
31.05 03:53:57 Going to coordinates X=-27.615, Y=-38.158
31.05 03:53:57 Moving is finished
31.05 03:55:34 Scanning 311 point from 1056
31.05 03:55:34 Going to coordinates X=-27.585, Y=-38.158
31.05 03:55:34 Moving is finished
31.05 03:57:12 Scanning 312 point from 1056
31.05 03:57:12 Going to coordinates X=-27.555, Y=-38.158
31.05 03:57:12 Moving is finished
31.05 03:58:48 Scanning 313 point from 1056
31.05 03:58:48 Going to coordinates X=-27.525, Y=-38.158
31.05 03:58:49 Moving is finished
31.05 04:00:25 Scanning 314 point from 1056
31.05 04:00:25 Going to coordinates X=-27.495, Y=-38.158
31.05 04:00:25 Moving is finished
31.05 04:02:02 Scanning 315 point from 1056
31.05 04:02:02 Going to coordinates X=-27.465, Y=-38.158
31.05 04:02:02 Moving is finished
31.05 04:03:39 Scanning 316 point from 1056
31.05 04:03:39 Going to coordinates X=-27.435, Y=-38.158
31.05 04:03:39 Moving is finished
31.05 04:05:16 Scanning 317 point from 1056
31.05 04:05:16 Going to coordinates X=-27.405, Y=-38.158
31.05 04:05:17 Moving is finished
31.05 04:06:54 Scanning 318 point from 1056
31.05 04:06:54 Going to coordinates X=-27.375, Y=-38.158
31.05 04:06:54 Moving is finished
31.05 04:08:30 Scanning 319 point from 1056
31.05 04:08:30 Going to coordinates X=-27.345, Y=-38.158
31.05 04:08:31 Moving is finished
31.05 04:10:07 Scanning 320 point from 1056
31.05 04:10:07 Going to coordinates X=-27.315, Y=-38.158
31.05 04:10:07 Moving is finished
31.05 04:11:44 Scanning 321 point from 1056
31.05 04:11:44 Going to coordinates X=-27.285, Y=-38.158
31.05 04:11:44 Moving is finished
31.05 04:13:21 Scanning 322 point from 1056
31.05 04:13:21 Going to coordinates X=-27.255, Y=-38.158
31.05 04:13:21 Moving is finished
31.05 04:14:57 Scanning 323 point from 1056
31.05 04:14:57 Going to coordinates X=-27.225, Y=-38.158
31.05 04:14:57 Moving is finished
31.05 04:16:34 Scanning 324 point from 1056
31.05 04:16:34 Going to coordinates X=-27.195, Y=-38.158
31.05 04:16:35 Moving is finished
31.05 04:18:11 Scanning 325 point from 1056
31.05 04:18:11 Going to coordinates X=-27.165, Y=-38.158
31.05 04:18:12 Moving is finished
31.05 04:19:48 Scanning 326 point from 1056
31.05 04:19:48 Going to coordinates X=-27.135, Y=-38.158
31.05 04:19:48 Moving is finished
31.05 04:21:25 Scanning 327 point from 1056
31.05 04:21:25 Going to coordinates X=-27.105, Y=-38.158
31.05 04:21:25 Moving is finished
31.05 04:23:02 Scanning 328 point from 1056
31.05 04:23:02 Going to coordinates X=-27.075, Y=-38.158
31.05 04:23:02 Moving is finished
31.05 04:24:40 Scanning 329 point from 1056
31.05 04:24:40 Going to coordinates X=-27.045, Y=-38.158
31.05 04:24:40 Moving is finished
31.05 04:26:16 Scanning 330 point from 1056
31.05 04:26:16 Going to coordinates X=-28.995, Y=-38.128
31.05 04:26:17 Moving is finished
31.05 04:27:53 Scanning 331 point from 1056
31.05 04:27:53 Going to coordinates X=-28.965, Y=-38.128
31.05 04:27:54 Moving is finished
31.05 04:29:30 Scanning 332 point from 1056
31.05 04:29:30 Going to coordinates X=-28.935, Y=-38.128
31.05 04:29:31 Moving is finished
31.05 04:31:07 Scanning 333 point from 1056
31.05 04:31:07 Going to coordinates X=-28.905, Y=-38.128
31.05 04:31:07 Moving is finished
31.05 04:32:44 Scanning 334 point from 1056
31.05 04:32:44 Going to coordinates X=-28.875, Y=-38.128
31.05 04:32:44 Moving is finished
31.05 04:34:21 Scanning 335 point from 1056
31.05 04:34:21 Going to coordinates X=-28.845, Y=-38.128
31.05 04:34:21 Moving is finished
31.05 04:35:58 Scanning 336 point from 1056
31.05 04:35:58 Going to coordinates X=-28.815, Y=-38.128
31.05 04:35:58 Moving is finished
31.05 04:37:35 Scanning 337 point from 1056
31.05 04:37:35 Going to coordinates X=-28.785, Y=-38.128
31.05 04:37:36 Moving is finished
31.05 04:39:13 Scanning 338 point from 1056
31.05 04:39:13 Going to coordinates X=-28.755, Y=-38.128
31.05 04:39:13 Moving is finished
31.05 04:40:50 Scanning 339 point from 1056
31.05 04:40:50 Going to coordinates X=-28.725, Y=-38.128
31.05 04:40:50 Moving is finished
31.05 04:42:26 Scanning 340 point from 1056
31.05 04:42:26 Going to coordinates X=-28.695, Y=-38.128
31.05 04:42:27 Moving is finished
31.05 04:44:03 Scanning 341 point from 1056
31.05 04:44:03 Going to coordinates X=-28.665, Y=-38.128
31.05 04:44:04 Moving is finished
31.05 04:45:41 Scanning 342 point from 1056
31.05 04:45:41 Going to coordinates X=-28.635, Y=-38.128
31.05 04:45:41 Moving is finished
31.05 04:47:18 Scanning 343 point from 1056
31.05 04:47:18 Going to coordinates X=-28.605, Y=-38.128
31.05 04:47:18 Moving is finished
31.05 04:48:55 Scanning 344 point from 1056
31.05 04:48:55 Going to coordinates X=-28.575, Y=-38.128
31.05 04:48:55 Moving is finished
31.05 04:50:32 Scanning 345 point from 1056
31.05 04:50:32 Going to coordinates X=-28.545, Y=-38.128
31.05 04:50:32 Moving is finished
31.05 04:52:09 Scanning 346 point from 1056
31.05 04:52:09 Going to coordinates X=-28.515, Y=-38.128
31.05 04:52:09 Moving is finished
31.05 04:53:46 Scanning 347 point from 1056
31.05 04:53:46 Going to coordinates X=-28.485, Y=-38.128
31.05 04:53:47 Moving is finished
31.05 04:55:23 Scanning 348 point from 1056
31.05 04:55:23 Going to coordinates X=-28.455, Y=-38.128
31.05 04:55:23 Moving is finished
31.05 04:57:00 Scanning 349 point from 1056
31.05 04:57:00 Going to coordinates X=-28.425, Y=-38.128
31.05 04:57:00 Moving is finished
31.05 04:58:38 Scanning 350 point from 1056
31.05 04:58:38 Going to coordinates X=-28.395, Y=-38.128
31.05 04:58:38 Moving is finished
31.05 05:00:14 Scanning 351 point from 1056
31.05 05:00:14 Going to coordinates X=-28.365, Y=-38.128
31.05 05:00:14 Moving is finished
31.05 05:01:52 Scanning 352 point from 1056
31.05 05:01:52 Going to coordinates X=-28.335, Y=-38.128
31.05 05:01:52 Moving is finished
31.05 05:03:28 Scanning 353 point from 1056
31.05 05:03:28 Going to coordinates X=-28.305, Y=-38.128
31.05 05:03:28 Moving is finished
31.05 05:05:05 Scanning 354 point from 1056
31.05 05:05:05 Going to coordinates X=-28.275, Y=-38.128
31.05 05:05:05 Moving is finished
31.05 05:06:42 Scanning 355 point from 1056
31.05 05:06:42 Going to coordinates X=-28.245, Y=-38.128
31.05 05:06:42 Moving is finished
31.05 05:08:20 Scanning 356 point from 1056
31.05 05:08:20 Going to coordinates X=-28.215, Y=-38.128
31.05 05:08:20 Moving is finished
31.05 05:09:57 Scanning 357 point from 1056
31.05 05:09:57 Going to coordinates X=-28.185, Y=-38.128
31.05 05:09:58 Moving is finished
31.05 05:11:34 Scanning 358 point from 1056
31.05 05:11:34 Going to coordinates X=-28.155, Y=-38.128
31.05 05:11:34 Moving is finished
31.05 05:13:11 Scanning 359 point from 1056
31.05 05:13:11 Going to coordinates X=-28.125, Y=-38.128
31.05 05:13:12 Moving is finished
31.05 05:14:48 Scanning 360 point from 1056
31.05 05:14:48 Going to coordinates X=-28.095, Y=-38.128
31.05 05:14:49 Moving is finished
31.05 05:16:25 Scanning 361 point from 1056
31.05 05:16:25 Going to coordinates X=-28.065, Y=-38.128
31.05 05:16:26 Moving is finished
31.05 05:18:03 Scanning 362 point from 1056
31.05 05:18:03 Going to coordinates X=-28.035, Y=-38.128
31.05 05:18:03 Moving is finished
31.05 05:19:40 Scanning 363 point from 1056
31.05 05:19:40 Going to coordinates X=-28.005, Y=-38.128
31.05 05:19:40 Moving is finished
31.05 05:21:16 Scanning 364 point from 1056
31.05 05:21:16 Going to coordinates X=-27.975, Y=-38.128
31.05 05:21:17 Moving is finished
31.05 05:22:53 Scanning 365 point from 1056
31.05 05:22:53 Going to coordinates X=-27.945, Y=-38.128
31.05 05:22:53 Moving is finished
31.05 05:24:30 Scanning 366 point from 1056
31.05 05:24:30 Going to coordinates X=-27.915, Y=-38.128
31.05 05:24:30 Moving is finished
31.05 05:26:06 Scanning 367 point from 1056
31.05 05:26:06 Going to coordinates X=-27.885, Y=-38.128
31.05 05:26:07 Moving is finished
31.05 05:27:43 Scanning 368 point from 1056
31.05 05:27:43 Going to coordinates X=-27.855, Y=-38.128
31.05 05:27:44 Moving is finished
31.05 05:29:20 Scanning 369 point from 1056
31.05 05:29:20 Going to coordinates X=-27.825, Y=-38.128
31.05 05:29:20 Moving is finished
31.05 05:30:57 Scanning 370 point from 1056
31.05 05:30:57 Going to coordinates X=-27.795, Y=-38.128
31.05 05:30:57 Moving is finished
31.05 05:32:34 Scanning 371 point from 1056
31.05 05:32:34 Going to coordinates X=-27.765, Y=-38.128
31.05 05:32:34 Moving is finished
31.05 05:34:10 Scanning 372 point from 1056
31.05 05:34:10 Going to coordinates X=-27.735, Y=-38.128
31.05 05:34:10 Moving is finished
31.05 05:35:47 Scanning 373 point from 1056
31.05 05:35:47 Going to coordinates X=-27.705, Y=-38.128
31.05 05:35:47 Moving is finished
31.05 05:37:24 Scanning 374 point from 1056
31.05 05:37:24 Going to coordinates X=-27.675, Y=-38.128
31.05 05:37:24 Moving is finished
31.05 05:39:01 Scanning 375 point from 1056
31.05 05:39:01 Going to coordinates X=-27.645, Y=-38.128
31.05 05:39:01 Moving is finished
31.05 05:40:38 Scanning 376 point from 1056
31.05 05:40:38 Going to coordinates X=-27.615, Y=-38.128
31.05 05:40:38 Moving is finished
31.05 05:42:15 Scanning 377 point from 1056
31.05 05:42:15 Going to coordinates X=-27.585, Y=-38.128
31.05 05:42:16 Moving is finished
31.05 05:43:52 Scanning 378 point from 1056
31.05 05:43:52 Going to coordinates X=-27.555, Y=-38.128
31.05 05:43:52 Moving is finished
31.05 05:45:29 Scanning 379 point from 1056
31.05 05:45:29 Going to coordinates X=-27.525, Y=-38.128
31.05 05:45:29 Moving is finished
31.05 05:47:05 Scanning 380 point from 1056
31.05 05:47:05 Going to coordinates X=-27.495, Y=-38.128
31.05 05:47:05 Moving is finished
31.05 05:48:42 Scanning 381 point from 1056
31.05 05:48:42 Going to coordinates X=-27.465, Y=-38.128
31.05 05:48:42 Moving is finished
31.05 05:50:19 Scanning 382 point from 1056
31.05 05:50:19 Going to coordinates X=-27.435, Y=-38.128
31.05 05:50:19 Moving is finished
31.05 05:51:56 Scanning 383 point from 1056
31.05 05:51:56 Going to coordinates X=-27.405, Y=-38.128
31.05 05:51:56 Moving is finished
31.05 05:53:33 Scanning 384 point from 1056
31.05 05:53:33 Going to coordinates X=-27.375, Y=-38.128
31.05 05:53:34 Moving is finished
31.05 05:55:10 Scanning 385 point from 1056
31.05 05:55:10 Going to coordinates X=-27.345, Y=-38.128
31.05 05:55:10 Moving is finished
31.05 05:56:47 Scanning 386 point from 1056
31.05 05:56:47 Going to coordinates X=-27.315, Y=-38.128
31.05 05:56:47 Moving is finished
31.05 05:58:24 Scanning 387 point from 1056
31.05 05:58:24 Going to coordinates X=-27.285, Y=-38.128
31.05 05:58:24 Moving is finished
31.05 06:00:02 Scanning 388 point from 1056
31.05 06:00:02 Going to coordinates X=-27.255, Y=-38.128
31.05 06:00:02 Moving is finished
31.05 06:01:39 Scanning 389 point from 1056
31.05 06:01:39 Going to coordinates X=-27.225, Y=-38.128
31.05 06:01:39 Moving is finished
31.05 06:03:15 Scanning 390 point from 1056
31.05 06:03:15 Going to coordinates X=-27.195, Y=-38.128
31.05 06:03:16 Moving is finished
31.05 06:04:53 Scanning 391 point from 1056
31.05 06:04:53 Going to coordinates X=-27.165, Y=-38.128
31.05 06:04:53 Moving is finished
31.05 06:06:30 Scanning 392 point from 1056
31.05 06:06:30 Going to coordinates X=-27.135, Y=-38.128
31.05 06:06:30 Moving is finished
31.05 06:08:08 Scanning 393 point from 1056
31.05 06:08:08 Going to coordinates X=-27.105, Y=-38.128
31.05 06:08:08 Moving is finished
31.05 06:09:45 Scanning 394 point from 1056
31.05 06:09:45 Going to coordinates X=-27.075, Y=-38.128
31.05 06:09:45 Moving is finished
31.05 06:11:22 Scanning 395 point from 1056
31.05 06:11:22 Going to coordinates X=-27.045, Y=-38.128
31.05 06:11:22 Moving is finished
31.05 06:12:59 Scanning 396 point from 1056
31.05 06:12:59 Going to coordinates X=-28.995, Y=-38.098
31.05 06:13:00 Moving is finished
31.05 06:14:37 Scanning 397 point from 1056
31.05 06:14:37 Going to coordinates X=-28.965, Y=-38.098
31.05 06:14:37 Moving is finished
31.05 06:16:14 Scanning 398 point from 1056
31.05 06:16:14 Going to coordinates X=-28.935, Y=-38.098
31.05 06:16:14 Moving is finished
31.05 06:17:51 Scanning 399 point from 1056
31.05 06:17:51 Going to coordinates X=-28.905, Y=-38.098
31.05 06:17:51 Moving is finished
31.05 06:19:28 Scanning 400 point from 1056
31.05 06:19:28 Going to coordinates X=-28.875, Y=-38.098
31.05 06:19:28 Moving is finished
31.05 06:21:06 Scanning 401 point from 1056
31.05 06:21:06 Going to coordinates X=-28.845, Y=-38.098
31.05 06:21:06 Moving is finished
31.05 06:22:42 Scanning 402 point from 1056
31.05 06:22:42 Going to coordinates X=-28.815, Y=-38.098
31.05 06:22:42 Moving is finished
31.05 06:24:19 Scanning 403 point from 1056
31.05 06:24:19 Going to coordinates X=-28.785, Y=-38.098
31.05 06:24:19 Moving is finished
31.05 06:25:56 Scanning 404 point from 1056
31.05 06:25:56 Going to coordinates X=-28.755, Y=-38.098
31.05 06:25:57 Moving is finished
31.05 06:27:33 Scanning 405 point from 1056
31.05 06:27:33 Going to coordinates X=-28.725, Y=-38.098
31.05 06:27:34 Moving is finished
31.05 06:29:10 Scanning 406 point from 1056
31.05 06:29:10 Going to coordinates X=-28.695, Y=-38.098
31.05 06:29:10 Moving is finished
31.05 06:30:47 Scanning 407 point from 1056
31.05 06:30:47 Going to coordinates X=-28.665, Y=-38.098
31.05 06:30:47 Moving is finished
31.05 06:32:24 Scanning 408 point from 1056
31.05 06:32:24 Going to coordinates X=-28.635, Y=-38.098
31.05 06:32:24 Moving is finished
31.05 06:34:01 Scanning 409 point from 1056
31.05 06:34:01 Going to coordinates X=-28.605, Y=-38.098
31.05 06:34:01 Moving is finished
31.05 06:35:38 Scanning 410 point from 1056
31.05 06:35:38 Going to coordinates X=-28.575, Y=-38.098
31.05 06:35:38 Moving is finished
31.05 06:37:15 Scanning 411 point from 1056
31.05 06:37:15 Going to coordinates X=-28.545, Y=-38.098
31.05 06:37:16 Moving is finished
31.05 06:38:53 Scanning 412 point from 1056
31.05 06:38:53 Going to coordinates X=-28.515, Y=-38.098
31.05 06:38:53 Moving is finished
31.05 06:40:30 Scanning 413 point from 1056
31.05 06:40:30 Going to coordinates X=-28.485, Y=-38.098
31.05 06:40:30 Moving is finished
31.05 06:42:07 Scanning 414 point from 1056
31.05 06:42:07 Going to coordinates X=-28.455, Y=-38.098
31.05 06:42:07 Moving is finished
31.05 06:43:44 Scanning 415 point from 1056
31.05 06:43:44 Going to coordinates X=-28.425, Y=-38.098
31.05 06:43:44 Moving is finished
31.05 06:45:21 Scanning 416 point from 1056
31.05 06:45:21 Going to coordinates X=-28.395, Y=-38.098
31.05 06:45:21 Moving is finished
31.05 06:46:58 Scanning 417 point from 1056
31.05 06:46:58 Going to coordinates X=-28.365, Y=-38.098
31.05 06:46:58 Moving is finished
31.05 06:48:36 Scanning 418 point from 1056
31.05 06:48:36 Going to coordinates X=-28.335, Y=-38.098
31.05 06:48:36 Moving is finished
31.05 06:50:13 Scanning 419 point from 1056
31.05 06:50:13 Going to coordinates X=-28.305, Y=-38.098
31.05 06:50:13 Moving is finished
31.05 06:51:50 Scanning 420 point from 1056
31.05 06:51:50 Going to coordinates X=-28.275, Y=-38.098
31.05 06:51:50 Moving is finished
31.05 06:53:27 Scanning 421 point from 1056
31.05 06:53:27 Going to coordinates X=-28.245, Y=-38.098
31.05 06:53:28 Moving is finished
31.05 06:55:05 Scanning 422 point from 1056
31.05 06:55:05 Going to coordinates X=-28.215, Y=-38.098
31.05 06:55:05 Moving is finished
31.05 06:56:42 Scanning 423 point from 1056
31.05 06:56:42 Going to coordinates X=-28.185, Y=-38.098
31.05 06:56:42 Moving is finished
31.05 06:58:19 Scanning 424 point from 1056
31.05 06:58:19 Going to coordinates X=-28.155, Y=-38.098
31.05 06:58:19 Moving is finished
31.05 06:59:56 Scanning 425 point from 1056
31.05 06:59:56 Going to coordinates X=-28.125, Y=-38.098
31.05 06:59:56 Moving is finished
31.05 07:01:33 Scanning 426 point from 1056
31.05 07:01:33 Going to coordinates X=-28.095, Y=-38.098
31.05 07:01:33 Moving is finished
31.05 07:03:09 Scanning 427 point from 1056
31.05 07:03:09 Going to coordinates X=-28.065, Y=-38.098
31.05 07:03:10 Moving is finished
31.05 07:04:46 Scanning 428 point from 1056
31.05 07:04:46 Going to coordinates X=-28.035, Y=-38.098
31.05 07:04:46 Moving is finished
31.05 07:06:23 Scanning 429 point from 1056
31.05 07:06:23 Going to coordinates X=-28.005, Y=-38.098
31.05 07:06:23 Moving is finished
31.05 07:08:00 Scanning 430 point from 1056
31.05 07:08:00 Going to coordinates X=-27.975, Y=-38.098
31.05 07:08:00 Moving is finished
31.05 07:09:37 Scanning 431 point from 1056
31.05 07:09:37 Going to coordinates X=-27.945, Y=-38.098
31.05 07:09:37 Moving is finished
31.05 07:11:14 Scanning 432 point from 1056
31.05 07:11:14 Going to coordinates X=-27.915, Y=-38.098
31.05 07:11:14 Moving is finished
31.05 07:12:50 Scanning 433 point from 1056
31.05 07:12:50 Going to coordinates X=-27.885, Y=-38.098
31.05 07:12:51 Moving is finished
31.05 07:14:27 Scanning 434 point from 1056
31.05 07:14:27 Going to coordinates X=-27.855, Y=-38.098
31.05 07:14:28 Moving is finished
31.05 07:16:04 Scanning 435 point from 1056
31.05 07:16:04 Going to coordinates X=-27.825, Y=-38.098
31.05 07:16:05 Moving is finished
31.05 07:17:42 Scanning 436 point from 1056
31.05 07:17:42 Going to coordinates X=-27.795, Y=-38.098
31.05 07:17:42 Moving is finished
31.05 07:19:18 Scanning 437 point from 1056
31.05 07:19:18 Going to coordinates X=-27.765, Y=-38.098
31.05 07:19:18 Moving is finished
31.05 07:20:56 Scanning 438 point from 1056
31.05 07:20:56 Going to coordinates X=-27.735, Y=-38.098
31.05 07:20:56 Moving is finished
31.05 07:22:34 Scanning 439 point from 1056
31.05 07:22:34 Going to coordinates X=-27.705, Y=-38.098
31.05 07:22:34 Moving is finished
31.05 07:24:11 Scanning 440 point from 1056
31.05 07:24:11 Going to coordinates X=-27.675, Y=-38.098
31.05 07:24:11 Moving is finished
31.05 07:25:49 Scanning 441 point from 1056
31.05 07:25:49 Going to coordinates X=-27.645, Y=-38.098
31.05 07:25:49 Moving is finished
31.05 07:27:26 Scanning 442 point from 1056
31.05 07:27:26 Going to coordinates X=-27.615, Y=-38.098
31.05 07:27:26 Moving is finished
31.05 07:29:03 Scanning 443 point from 1056
31.05 07:29:03 Going to coordinates X=-27.585, Y=-38.098
31.05 07:29:03 Moving is finished
31.05 07:30:39 Scanning 444 point from 1056
31.05 07:30:39 Going to coordinates X=-27.555, Y=-38.098
31.05 07:30:40 Moving is finished
31.05 07:32:17 Scanning 445 point from 1056
31.05 07:32:17 Going to coordinates X=-27.525, Y=-38.098
31.05 07:32:17 Moving is finished
31.05 07:33:54 Scanning 446 point from 1056
31.05 07:33:54 Going to coordinates X=-27.495, Y=-38.098
31.05 07:33:54 Moving is finished
31.05 07:35:31 Scanning 447 point from 1056
31.05 07:35:31 Going to coordinates X=-27.465, Y=-38.098
31.05 07:35:31 Moving is finished
31.05 07:37:08 Scanning 448 point from 1056
31.05 07:37:08 Going to coordinates X=-27.435, Y=-38.098
31.05 07:37:08 Moving is finished
31.05 07:38:46 Scanning 449 point from 1056
31.05 07:38:46 Going to coordinates X=-27.405, Y=-38.098
31.05 07:38:46 Moving is finished
31.05 07:40:22 Scanning 450 point from 1056
31.05 07:40:22 Going to coordinates X=-27.375, Y=-38.098
31.05 07:40:23 Moving is finished
31.05 07:41:59 Scanning 451 point from 1056
31.05 07:41:59 Going to coordinates X=-27.345, Y=-38.098
31.05 07:41:59 Moving is finished
31.05 07:43:37 Scanning 452 point from 1056
31.05 07:43:37 Going to coordinates X=-27.315, Y=-38.098
31.05 07:43:37 Moving is finished
31.05 07:45:14 Scanning 453 point from 1056
31.05 07:45:14 Going to coordinates X=-27.285, Y=-38.098
31.05 07:45:14 Moving is finished
31.05 07:46:51 Scanning 454 point from 1056
31.05 07:46:51 Going to coordinates X=-27.255, Y=-38.098
31.05 07:46:52 Moving is finished
31.05 07:48:28 Scanning 455 point from 1056
31.05 07:48:28 Going to coordinates X=-27.225, Y=-38.098
31.05 07:48:28 Moving is finished
31.05 07:50:05 Scanning 456 point from 1056
31.05 07:50:05 Going to coordinates X=-27.195, Y=-38.098
31.05 07:50:05 Moving is finished
31.05 07:51:42 Scanning 457 point from 1056
31.05 07:51:42 Going to coordinates X=-27.165, Y=-38.098
31.05 07:51:42 Moving is finished
31.05 07:53:19 Scanning 458 point from 1056
31.05 07:53:19 Going to coordinates X=-27.135, Y=-38.098
31.05 07:53:19 Moving is finished
31.05 07:54:56 Scanning 459 point from 1056
31.05 07:54:56 Going to coordinates X=-27.105, Y=-38.098
31.05 07:54:56 Moving is finished
31.05 07:56:33 Scanning 460 point from 1056
31.05 07:56:33 Going to coordinates X=-27.075, Y=-38.098
31.05 07:56:33 Moving is finished
31.05 07:58:10 Scanning 461 point from 1056
31.05 07:58:10 Going to coordinates X=-27.045, Y=-38.098
31.05 07:58:10 Moving is finished
31.05 07:59:47 Scanning 462 point from 1056
31.05 07:59:47 Going to coordinates X=-28.995, Y=-38.068
31.05 07:59:48 Moving is finished
31.05 08:01:25 Scanning 463 point from 1056
31.05 08:01:25 Going to coordinates X=-28.965, Y=-38.068
31.05 08:01:25 Moving is finished
31.05 08:03:02 Scanning 464 point from 1056
31.05 08:03:02 Going to coordinates X=-28.935, Y=-38.068
31.05 08:03:02 Moving is finished
31.05 08:04:40 Scanning 465 point from 1056
31.05 08:04:40 Going to coordinates X=-28.905, Y=-38.068
31.05 08:04:40 Moving is finished
31.05 08:06:17 Scanning 466 point from 1056
31.05 08:06:17 Going to coordinates X=-28.875, Y=-38.068
31.05 08:06:17 Moving is finished
31.05 08:07:54 Scanning 467 point from 1056
31.05 08:07:54 Going to coordinates X=-28.845, Y=-38.068
31.05 08:07:55 Moving is finished
31.05 08:09:31 Scanning 468 point from 1056
31.05 08:09:31 Going to coordinates X=-28.815, Y=-38.068
31.05 08:09:31 Moving is finished
31.05 08:11:08 Scanning 469 point from 1056
31.05 08:11:08 Going to coordinates X=-28.785, Y=-38.068
31.05 08:11:08 Moving is finished
31.05 08:12:44 Scanning 470 point from 1056
31.05 08:12:44 Going to coordinates X=-28.755, Y=-38.068
31.05 08:12:44 Moving is finished
31.05 08:14:21 Scanning 471 point from 1056
31.05 08:14:21 Going to coordinates X=-28.725, Y=-38.068
31.05 08:14:21 Moving is finished
31.05 08:15:58 Scanning 472 point from 1056
31.05 08:15:58 Going to coordinates X=-28.695, Y=-38.068
31.05 08:15:58 Moving is finished
31.05 08:17:35 Scanning 473 point from 1056
31.05 08:17:35 Going to coordinates X=-28.665, Y=-38.068
31.05 08:17:35 Moving is finished
31.05 08:19:12 Scanning 474 point from 1056
31.05 08:19:12 Going to coordinates X=-28.635, Y=-38.068
31.05 08:19:12 Moving is finished
31.05 08:20:49 Scanning 475 point from 1056
31.05 08:20:49 Going to coordinates X=-28.605, Y=-38.068
31.05 08:20:49 Moving is finished
31.05 08:22:26 Scanning 476 point from 1056
31.05 08:22:26 Going to coordinates X=-28.575, Y=-38.068
31.05 08:22:26 Moving is finished
31.05 08:24:03 Scanning 477 point from 1056
31.05 08:24:03 Going to coordinates X=-28.545, Y=-38.068
31.05 08:24:03 Moving is finished
31.05 08:25:40 Scanning 478 point from 1056
31.05 08:25:40 Going to coordinates X=-28.515, Y=-38.068
31.05 08:25:40 Moving is finished
31.05 08:27:16 Scanning 479 point from 1056
31.05 08:27:16 Going to coordinates X=-28.485, Y=-38.068
31.05 08:27:16 Moving is finished
31.05 08:28:53 Scanning 480 point from 1056
31.05 08:28:53 Going to coordinates X=-28.455, Y=-38.068
31.05 08:28:53 Moving is finished
31.05 08:30:30 Scanning 481 point from 1056
31.05 08:30:30 Going to coordinates X=-28.425, Y=-38.068
31.05 08:30:31 Moving is finished
31.05 08:32:07 Scanning 482 point from 1056
31.05 08:32:07 Going to coordinates X=-28.395, Y=-38.068
31.05 08:32:08 Moving is finished
31.05 08:33:45 Scanning 483 point from 1056
31.05 08:33:45 Going to coordinates X=-28.365, Y=-38.068
31.05 08:33:45 Moving is finished
31.05 08:35:22 Scanning 484 point from 1056
31.05 08:35:22 Going to coordinates X=-28.335, Y=-38.068
31.05 08:35:22 Moving is finished
31.05 08:36:59 Scanning 485 point from 1056
31.05 08:36:59 Going to coordinates X=-28.305, Y=-38.068
31.05 08:36:59 Moving is finished
31.05 08:38:36 Scanning 486 point from 1056
31.05 08:38:36 Going to coordinates X=-28.275, Y=-38.068
31.05 08:38:36 Moving is finished
31.05 08:40:13 Scanning 487 point from 1056
31.05 08:40:13 Going to coordinates X=-28.245, Y=-38.068
31.05 08:40:13 Moving is finished
31.05 08:41:50 Scanning 488 point from 1056
31.05 08:41:50 Going to coordinates X=-28.215, Y=-38.068
31.05 08:41:50 Moving is finished
31.05 08:43:27 Scanning 489 point from 1056
31.05 08:43:27 Going to coordinates X=-28.185, Y=-38.068
31.05 08:43:27 Moving is finished
31.05 08:45:03 Scanning 490 point from 1056
31.05 08:45:03 Going to coordinates X=-28.155, Y=-38.068
31.05 08:45:04 Moving is finished
31.05 08:46:40 Scanning 491 point from 1056
31.05 08:46:40 Going to coordinates X=-28.125, Y=-38.068
31.05 08:46:40 Moving is finished
31.05 08:48:17 Scanning 492 point from 1056
31.05 08:48:17 Going to coordinates X=-28.095, Y=-38.068
31.05 08:48:18 Moving is finished
31.05 08:49:55 Scanning 493 point from 1056
31.05 08:49:55 Going to coordinates X=-28.065, Y=-38.068
31.05 08:49:55 Moving is finished
31.05 08:51:32 Scanning 494 point from 1056
31.05 08:51:32 Going to coordinates X=-28.035, Y=-38.068
31.05 08:51:32 Moving is finished
31.05 08:53:09 Scanning 495 point from 1056
31.05 08:53:09 Going to coordinates X=-28.005, Y=-38.068
31.05 08:53:09 Moving is finished
31.05 08:54:46 Scanning 496 point from 1056
31.05 08:54:46 Going to coordinates X=-27.975, Y=-38.068
31.05 08:54:47 Moving is finished
31.05 08:56:24 Scanning 497 point from 1056
31.05 08:56:24 Going to coordinates X=-27.945, Y=-38.068
31.05 08:56:24 Moving is finished
31.05 08:58:01 Scanning 498 point from 1056
31.05 08:58:01 Going to coordinates X=-27.915, Y=-38.068
31.05 08:58:01 Moving is finished
31.05 08:59:38 Scanning 499 point from 1056
31.05 08:59:38 Going to coordinates X=-27.885, Y=-38.068
31.05 08:59:38 Moving is finished
31.05 09:01:15 Scanning 500 point from 1056
31.05 09:01:15 Going to coordinates X=-27.855, Y=-38.068
31.05 09:01:16 Moving is finished
31.05 09:02:52 Scanning 501 point from 1056
31.05 09:02:52 Going to coordinates X=-27.825, Y=-38.068
31.05 09:02:52 Moving is finished
31.05 09:04:28 Scanning 502 point from 1056
31.05 09:04:28 Going to coordinates X=-27.795, Y=-38.068
31.05 09:04:29 Moving is finished
31.05 09:06:06 Scanning 503 point from 1056
31.05 09:06:06 Going to coordinates X=-27.765, Y=-38.068
31.05 09:06:06 Moving is finished
31.05 09:07:43 Scanning 504 point from 1056
31.05 09:07:43 Going to coordinates X=-27.735, Y=-38.068
31.05 09:07:43 Moving is finished
31.05 09:09:20 Scanning 505 point from 1056
31.05 09:09:20 Going to coordinates X=-27.705, Y=-38.068
31.05 09:09:20 Moving is finished
31.05 09:10:56 Scanning 506 point from 1056
31.05 09:10:56 Going to coordinates X=-27.675, Y=-38.068
31.05 09:10:57 Moving is finished
31.05 09:12:33 Scanning 507 point from 1056
31.05 09:12:33 Going to coordinates X=-27.645, Y=-38.068
31.05 09:12:33 Moving is finished
31.05 09:14:10 Scanning 508 point from 1056
31.05 09:14:10 Going to coordinates X=-27.615, Y=-38.068
31.05 09:14:10 Moving is finished
31.05 09:15:47 Scanning 509 point from 1056
31.05 09:15:47 Going to coordinates X=-27.585, Y=-38.068
31.05 09:15:47 Moving is finished
31.05 09:17:24 Scanning 510 point from 1056
31.05 09:17:24 Going to coordinates X=-27.555, Y=-38.068
31.05 09:17:24 Moving is finished
31.05 09:19:01 Scanning 511 point from 1056
31.05 09:19:01 Going to coordinates X=-27.525, Y=-38.068
31.05 09:19:01 Moving is finished
31.05 09:20:39 Scanning 512 point from 1056
31.05 09:20:39 Going to coordinates X=-27.495, Y=-38.068
31.05 09:20:39 Moving is finished
31.05 09:22:15 Scanning 513 point from 1056
31.05 09:22:15 Going to coordinates X=-27.465, Y=-38.068
31.05 09:22:15 Moving is finished
31.05 09:23:52 Scanning 514 point from 1056
31.05 09:23:52 Going to coordinates X=-27.435, Y=-38.068
31.05 09:23:52 Moving is finished
31.05 09:25:29 Scanning 515 point from 1056
31.05 09:25:29 Going to coordinates X=-27.405, Y=-38.068
31.05 09:25:29 Moving is finished
31.05 09:27:06 Scanning 516 point from 1056
31.05 09:27:06 Going to coordinates X=-27.375, Y=-38.068
31.05 09:27:06 Moving is finished
31.05 09:28:43 Scanning 517 point from 1056
31.05 09:28:43 Going to coordinates X=-27.345, Y=-38.068
31.05 09:28:43 Moving is finished
31.05 09:30:21 Scanning 518 point from 1056
31.05 09:30:21 Going to coordinates X=-27.315, Y=-38.068
31.05 09:30:21 Moving is finished
31.05 09:31:57 Scanning 519 point from 1056
31.05 09:31:57 Going to coordinates X=-27.285, Y=-38.068
31.05 09:31:57 Moving is finished
31.05 09:33:34 Scanning 520 point from 1056
31.05 09:33:34 Going to coordinates X=-27.255, Y=-38.068
31.05 09:33:34 Moving is finished
31.05 09:35:10 Scanning 521 point from 1056
31.05 09:35:10 Going to coordinates X=-27.225, Y=-38.068
31.05 09:35:11 Moving is finished
31.05 09:36:47 Scanning 522 point from 1056
31.05 09:36:47 Going to coordinates X=-27.195, Y=-38.068
31.05 09:36:47 Moving is finished
31.05 09:38:24 Scanning 523 point from 1056
31.05 09:38:24 Going to coordinates X=-27.165, Y=-38.068
31.05 09:38:24 Moving is finished
31.05 09:40:01 Scanning 524 point from 1056
31.05 09:40:01 Going to coordinates X=-27.135, Y=-38.068
31.05 09:40:01 Moving is finished
31.05 09:41:38 Scanning 525 point from 1056
31.05 09:41:38 Going to coordinates X=-27.105, Y=-38.068
31.05 09:41:38 Moving is finished
31.05 09:43:15 Scanning 526 point from 1056
31.05 09:43:15 Going to coordinates X=-27.075, Y=-38.068
31.05 09:43:15 Moving is finished
31.05 09:44:52 Scanning 527 point from 1056
31.05 09:44:52 Going to coordinates X=-27.045, Y=-38.068
31.05 09:44:52 Moving is finished
31.05 09:46:29 Scanning 528 point from 1056
31.05 09:46:29 Going to coordinates X=-28.995, Y=-38.038
31.05 09:46:30 Moving is finished
31.05 09:48:07 Scanning 529 point from 1056
31.05 09:48:07 Going to coordinates X=-28.965, Y=-38.038
31.05 09:48:08 Moving is finished
31.05 09:49:44 Scanning 530 point from 1056
31.05 09:49:44 Going to coordinates X=-28.935, Y=-38.038
31.05 09:49:44 Moving is finished
31.05 09:51:21 Scanning 531 point from 1056
31.05 09:51:21 Going to coordinates X=-28.905, Y=-38.038
31.05 09:51:21 Moving is finished
31.05 09:52:58 Scanning 532 point from 1056
31.05 09:52:58 Going to coordinates X=-28.875, Y=-38.038
31.05 09:52:58 Moving is finished
31.05 09:54:35 Scanning 533 point from 1056
31.05 09:54:35 Going to coordinates X=-28.845, Y=-38.038
31.05 09:54:35 Moving is finished
31.05 09:56:12 Scanning 534 point from 1056
31.05 09:56:12 Going to coordinates X=-28.815, Y=-38.038
31.05 09:56:13 Moving is finished
31.05 09:57:49 Scanning 535 point from 1056
31.05 09:57:49 Going to coordinates X=-28.785, Y=-38.038
31.05 09:57:49 Moving is finished
31.05 09:59:26 Scanning 536 point from 1056
31.05 09:59:26 Going to coordinates X=-28.755, Y=-38.038
31.05 09:59:26 Moving is finished
31.05 10:01:03 Scanning 537 point from 1056
31.05 10:01:03 Going to coordinates X=-28.725, Y=-38.038
31.05 10:01:03 Moving is finished
31.05 10:02:40 Scanning 538 point from 1056
31.05 10:02:40 Going to coordinates X=-28.695, Y=-38.038
31.05 10:02:40 Moving is finished
31.05 10:04:17 Scanning 539 point from 1056
31.05 10:04:17 Going to coordinates X=-28.665, Y=-38.038
31.05 10:04:17 Moving is finished
31.05 10:05:54 Scanning 540 point from 1056
31.05 10:05:54 Going to coordinates X=-28.635, Y=-38.038
31.05 10:05:54 Moving is finished
31.05 10:07:32 Scanning 541 point from 1056
31.05 10:07:32 Going to coordinates X=-28.605, Y=-38.038
31.05 10:07:32 Moving is finished
31.05 10:09:09 Scanning 542 point from 1056
31.05 10:09:09 Going to coordinates X=-28.575, Y=-38.038
31.05 10:09:09 Moving is finished
31.05 10:10:47 Scanning 543 point from 1056
31.05 10:10:47 Going to coordinates X=-28.545, Y=-38.038
31.05 10:10:47 Moving is finished
31.05 10:12:23 Scanning 544 point from 1056
31.05 10:12:23 Going to coordinates X=-28.515, Y=-38.038
31.05 10:12:24 Moving is finished
31.05 10:14:01 Scanning 545 point from 1056
31.05 10:14:01 Going to coordinates X=-28.485, Y=-38.038
31.05 10:14:01 Moving is finished
31.05 10:15:38 Scanning 546 point from 1056
31.05 10:15:38 Going to coordinates X=-28.455, Y=-38.038
31.05 10:15:38 Moving is finished
31.05 10:17:15 Scanning 547 point from 1056
31.05 10:17:15 Going to coordinates X=-28.425, Y=-38.038
31.05 10:17:15 Moving is finished
31.05 10:18:49 Stopped!
31.05 10:38:50 Write timeout31.05 10:38:50 Can't send the command to GRBL

31.05 11:21:32 Can't send the command to GRBL31.05 11:21:32 Write timeout

31.05 11:21:32 Write timeout31.05 11:31:35 Write timeout31.05 11:31:35 Can't send the command to GRBL

31.05 12:31:58 Can't send the command to GRBL
31.05 12:31:58 Write timeout31.05 12:31:58 Write timeout
