17.05 09:27:07 Initializing grbl...
17.05 09:27:07 Got the response: b''
17.05 09:28:42 Can't send the command to GRBL
17.05 09:28:42 Write timeout17.05 09:28:42 Write timeout

17.05 09:30:35 Row 0: 17.05 09:30:35 Map: x1: -29.293, y1: -37.021, x2: -28.434, y2: -37.144, xres: 0.050, yres: 0.050, fname: hfp3cooh
17.05 09:30:35 Scanning 0 point from 76
17.05 09:30:35 Going to coordinates X=-29.293, Y=-37.144
17.05 09:30:36 Moving is finished
17.05 09:32:13 Scanning 1 point from 76
17.05 09:32:13 Going to coordinates X=-29.243, Y=-37.144
17.05 09:32:13 Moving is finished
17.05 09:33:50 Scanning 2 point from 76
17.05 09:33:50 Going to coordinates X=-29.193, Y=-37.144
17.05 09:33:50 Moving is finished
17.05 09:35:27 Scanning 3 point from 76
17.05 09:35:27 Going to coordinates X=-29.143, Y=-37.144
17.05 09:35:27 Moving is finished
17.05 09:37:04 Scanning 4 point from 76
17.05 09:37:04 Going to coordinates X=-29.093, Y=-37.144
17.05 09:37:04 Moving is finished
17.05 09:38:40 Scanning 5 point from 76
17.05 09:38:40 Going to coordinates X=-29.043, Y=-37.144
17.05 09:38:41 Moving is finished
17.05 09:40:17 Scanning 6 point from 76
17.05 09:40:17 Going to coordinates X=-28.993, Y=-37.144
17.05 09:40:17 Moving is finished
17.05 09:41:55 Scanning 7 point from 76
17.05 09:41:55 Going to coordinates X=-28.943, Y=-37.144
17.05 09:41:55 Moving is finished
17.05 09:43:32 Scanning 8 point from 76
17.05 09:43:32 Going to coordinates X=-28.893, Y=-37.144
17.05 09:43:32 Moving is finished
17.05 09:45:08 Scanning 9 point from 76
17.05 09:45:08 Going to coordinates X=-28.843, Y=-37.144
17.05 09:45:09 Moving is finished
17.05 09:46:45 Scanning 10 point from 76
17.05 09:46:45 Going to coordinates X=-28.793, Y=-37.144
17.05 09:46:45 Moving is finished
17.05 09:48:22 Scanning 11 point from 76
17.05 09:48:22 Going to coordinates X=-28.743, Y=-37.144
17.05 09:48:22 Moving is finished
17.05 09:49:58 Scanning 12 point from 76
17.05 09:49:58 Going to coordinates X=-28.693, Y=-37.144
17.05 09:49:59 Moving is finished
17.05 09:51:35 Scanning 13 point from 76
17.05 09:51:35 Going to coordinates X=-28.643, Y=-37.144
17.05 09:51:35 Moving is finished
17.05 09:53:12 Scanning 14 point from 76
17.05 09:53:12 Going to coordinates X=-28.593, Y=-37.144
17.05 09:53:12 Moving is finished
17.05 09:54:49 Scanning 15 point from 76
17.05 09:54:49 Going to coordinates X=-28.543, Y=-37.144
17.05 09:54:49 Moving is finished
17.05 09:56:27 Scanning 16 point from 76
17.05 09:56:27 Going to coordinates X=-28.493, Y=-37.144
17.05 09:56:27 Moving is finished
17.05 09:58:04 Scanning 17 point from 76
17.05 09:58:04 Going to coordinates X=-28.443, Y=-37.144
17.05 09:58:04 Moving is finished
17.05 09:59:41 Scanning 18 point from 76
17.05 09:59:41 Going to coordinates X=-28.393, Y=-37.144
17.05 09:59:41 Moving is finished
17.05 10:01:17 Scanning 19 point from 76
17.05 10:01:17 Going to coordinates X=-29.293, Y=-37.094
17.05 10:01:18 Moving is finished
17.05 10:02:55 Scanning 20 point from 76
17.05 10:02:55 Going to coordinates X=-29.243, Y=-37.094
17.05 10:02:55 Moving is finished
17.05 10:04:32 Scanning 21 point from 76
17.05 10:04:32 Going to coordinates X=-29.193, Y=-37.094
17.05 10:04:32 Moving is finished
17.05 10:06:09 Scanning 22 point from 76
17.05 10:06:09 Going to coordinates X=-29.143, Y=-37.094
17.05 10:06:09 Moving is finished
17.05 10:07:46 Scanning 23 point from 76
17.05 10:07:46 Going to coordinates X=-29.093, Y=-37.094
17.05 10:07:46 Moving is finished
17.05 10:09:23 Scanning 24 point from 76
17.05 10:09:23 Going to coordinates X=-29.043, Y=-37.094
17.05 10:09:23 Moving is finished
17.05 10:10:59 Scanning 25 point from 76
17.05 10:10:59 Going to coordinates X=-28.993, Y=-37.094
17.05 10:11:00 Moving is finished
17.05 10:12:37 Scanning 26 point from 76
17.05 10:12:37 Going to coordinates X=-28.943, Y=-37.094
17.05 10:12:37 Moving is finished
17.05 10:14:13 Scanning 27 point from 76
17.05 10:14:13 Going to coordinates X=-28.893, Y=-37.094
17.05 10:14:13 Moving is finished
17.05 10:15:50 Scanning 28 point from 76
17.05 10:15:50 Going to coordinates X=-28.843, Y=-37.094
17.05 10:15:50 Moving is finished
17.05 10:17:27 Scanning 29 point from 76
17.05 10:17:27 Going to coordinates X=-28.793, Y=-37.094
17.05 10:17:27 Moving is finished
17.05 10:19:04 Scanning 30 point from 76
17.05 10:19:04 Going to coordinates X=-28.743, Y=-37.094
17.05 10:19:04 Moving is finished
17.05 10:20:41 Scanning 31 point from 76
17.05 10:20:41 Going to coordinates X=-28.693, Y=-37.094
17.05 10:20:42 Moving is finished
17.05 10:22:18 Scanning 32 point from 76
17.05 10:22:18 Going to coordinates X=-28.643, Y=-37.094
17.05 10:22:18 Moving is finished
17.05 10:23:55 Scanning 33 point from 76
17.05 10:23:55 Going to coordinates X=-28.593, Y=-37.094
17.05 10:23:55 Moving is finished
17.05 10:25:32 Scanning 34 point from 76
17.05 10:25:32 Going to coordinates X=-28.543, Y=-37.094
17.05 10:25:32 Moving is finished
17.05 10:27:09 Scanning 35 point from 76
17.05 10:27:09 Going to coordinates X=-28.493, Y=-37.094
17.05 10:27:10 Moving is finished
17.05 10:28:47 Scanning 36 point from 76
17.05 10:28:47 Going to coordinates X=-28.443, Y=-37.094
17.05 10:28:47 Moving is finished
17.05 10:30:24 Scanning 37 point from 76
17.05 10:30:24 Going to coordinates X=-28.393, Y=-37.094
17.05 10:30:24 Moving is finished
17.05 10:31:46 Could not find 'EZRaman Reader  V8.2.0 MV' in 'dict_keys([])'
17.05 10:31:52 Could not find 'EZRaman Reader  V8.2.0 MV' in 'dict_keys([])'
17.05 10:31:52 Scanning 38 point from 76
17.05 10:31:52 Going to coordinates X=-29.293, Y=-37.044
17.05 10:31:52 Moving is finished
17.05 10:31:59 Could not find 'EZRaman Reader  V8.2.0 MV' in 'dict_keys([])'
17.05 10:32:04 Could not find 'EZRaman Reader  V8.2.0 MV' in 'dict_keys([])'
17.05 10:32:04 Scanning 39 point from 76
17.05 10:32:04 Going to coordinates X=-29.243, Y=-37.044
17.05 10:32:04 Moving is finished
17.05 10:32:10 Could not find 'EZRaman Reader  V8.2.0 MV' in 'dict_keys([])'
17.05 10:32:15 Could not find 'EZRaman Reader  V8.2.0 MV' in 'dict_keys([])'
17.05 10:32:15 Scanning 40 point from 76
17.05 10:32:15 Going to coordinates X=-29.193, Y=-37.044
17.05 10:32:15 Moving is finished
17.05 10:32:22 Could not find 'EZRaman Reader  V8.2.0 MV' in 'dict_keys([])'
17.05 10:32:27 Could not find 'EZRaman Reader  V8.2.0 MV' in 'dict_keys([])'
17.05 10:32:27 Scanning 41 point from 76
17.05 10:32:27 Going to coordinates X=-29.143, Y=-37.044
17.05 10:32:27 Moving is finished
17.05 10:32:33 Could not find 'EZRaman Reader  V8.2.0 MV' in 'dict_keys([])'
17.05 10:32:38 Could not find 'EZRaman Reader  V8.2.0 MV' in 'dict_keys([])'
17.05 10:32:38 Scanning 42 point from 76
17.05 10:32:38 Going to coordinates X=-29.093, Y=-37.044
17.05 10:32:38 Moving is finished
17.05 10:32:44 Could not find 'EZRaman Reader  V8.2.0 MV' in 'dict_keys([])'
17.05 10:32:50 Could not find 'EZRaman Reader  V8.2.0 MV' in 'dict_keys([])'
17.05 10:32:50 Scanning 43 point from 76
17.05 10:32:50 Going to coordinates X=-29.043, Y=-37.044
17.05 10:32:50 Moving is finished
17.05 10:32:56 Could not find 'EZRaman Reader  V8.2.0 MV' in 'dict_keys([])'
17.05 10:33:01 Could not find 'EZRaman Reader  V8.2.0 MV' in 'dict_keys([])'
17.05 10:33:01 Scanning 44 point from 76
17.05 10:33:01 Going to coordinates X=-28.993, Y=-37.044
17.05 10:33:01 Moving is finished
17.05 10:33:07 Could not find 'EZRaman Reader  V8.2.0 MV' in 'dict_keys([])'
17.05 10:33:13 Could not find 'EZRaman Reader  V8.2.0 MV' in 'dict_keys([])'
17.05 10:33:13 Scanning 45 point from 76
17.05 10:33:13 Going to coordinates X=-28.943, Y=-37.044
17.05 10:33:13 Moving is finished
17.05 10:33:19 Could not find 'EZRaman Reader  V8.2.0 MV' in 'dict_keys([])'
17.05 10:33:24 Could not find 'EZRaman Reader  V8.2.0 MV' in 'dict_keys([])'
17.05 10:33:24 Scanning 46 point from 76
17.05 10:33:24 Going to coordinates X=-28.893, Y=-37.044
17.05 10:33:24 Moving is finished
17.05 10:33:30 Could not find 'EZRaman Reader  V8.2.0 MV' in 'dict_keys([])'
17.05 10:33:36 Could not find 'EZRaman Reader  V8.2.0 MV' in 'dict_keys([])'
17.05 10:33:36 Scanning 47 point from 76
17.05 10:33:36 Going to coordinates X=-28.843, Y=-37.044
17.05 10:33:36 Moving is finished
17.05 10:33:55 Could not find 'EZRaman Reader  V8.2.0 MV' in 'dict_keys([])'
17.05 10:34:01 Could not find 'EZRaman Reader  V8.2.0 MV' in 'dict_keys([])'
17.05 10:34:01 Scanning 48 point from 76
17.05 10:34:01 Going to coordinates X=-28.793, Y=-37.044
17.05 10:34:01 Moving is finished
17.05 10:34:07 Could not find 'EZRaman Reader  V8.2.0 MV' in 'dict_keys([])'
17.05 10:34:13 Could not find 'EZRaman Reader  V8.2.0 MV' in 'dict_keys([])'
17.05 10:34:13 Scanning 49 point from 76
17.05 10:34:13 Going to coordinates X=-28.743, Y=-37.044
17.05 10:34:13 Moving is finished
17.05 10:34:19 Could not find 'EZRaman Reader  V8.2.0 MV' in 'dict_keys([])'
17.05 10:34:24 Could not find 'EZRaman Reader  V8.2.0 MV' in 'dict_keys([])'
17.05 10:34:24 Scanning 50 point from 76
17.05 10:34:24 Going to coordinates X=-28.693, Y=-37.044
17.05 10:34:25 Moving is finished
17.05 10:34:31 Could not find 'EZRaman Reader  V8.2.0 MV' in 'dict_keys([])'
17.05 10:34:36 Could not find 'EZRaman Reader  V8.2.0 MV' in 'dict_keys([])'
17.05 10:34:36 Scanning 51 point from 76
17.05 10:34:36 Going to coordinates X=-28.643, Y=-37.044
17.05 10:34:37 Moving is finished
17.05 10:34:43 Could not find 'EZRaman Reader  V8.2.0 MV' in 'dict_keys([])'
17.05 10:34:48 Could not find 'EZRaman Reader  V8.2.0 MV' in 'dict_keys([])'
17.05 10:34:49 Scanning 52 point from 76
17.05 10:34:49 Going to coordinates X=-28.593, Y=-37.044
17.05 10:34:49 Moving is finished
17.05 10:35:14 Scanning 53 point from 76
17.05 10:35:14 Going to coordinates X=-28.543, Y=-37.044
17.05 10:35:14 Moving is finished
17.05 10:36:51 Scanning 54 point from 76
17.05 10:36:51 Going to coordinates X=-28.493, Y=-37.044
17.05 10:36:51 Moving is finished
17.05 10:38:28 Scanning 55 point from 76
17.05 10:38:28 Going to coordinates X=-28.443, Y=-37.044
17.05 10:38:28 Moving is finished
17.05 10:40:05 Scanning 56 point from 76
17.05 10:40:05 Going to coordinates X=-28.393, Y=-37.044
17.05 10:40:06 Moving is finished
17.05 10:41:42 Scanning 57 point from 76
17.05 10:41:42 Going to coordinates X=-29.293, Y=-36.994
17.05 10:41:43 Moving is finished
17.05 10:43:20 Scanning 58 point from 76
17.05 10:43:20 Going to coordinates X=-29.243, Y=-36.994
17.05 10:43:20 Moving is finished
17.05 10:44:57 Scanning 59 point from 76
17.05 10:44:57 Going to coordinates X=-29.193, Y=-36.994
17.05 10:44:57 Moving is finished
17.05 10:46:34 Scanning 60 point from 76
17.05 10:46:34 Going to coordinates X=-29.143, Y=-36.994
17.05 10:46:34 Moving is finished
17.05 10:48:11 Scanning 61 point from 76
17.05 10:48:11 Going to coordinates X=-29.093, Y=-36.994
17.05 10:48:11 Moving is finished
17.05 10:49:48 Scanning 62 point from 76
17.05 10:49:48 Going to coordinates X=-29.043, Y=-36.994
17.05 10:49:48 Moving is finished
17.05 10:51:25 Scanning 63 point from 76
17.05 10:51:25 Going to coordinates X=-28.993, Y=-36.994
17.05 10:51:26 Moving is finished
17.05 10:53:03 Scanning 64 point from 76
17.05 10:53:03 Going to coordinates X=-28.943, Y=-36.994
17.05 10:53:03 Moving is finished
17.05 10:54:40 Scanning 65 point from 76
17.05 10:54:40 Going to coordinates X=-28.893, Y=-36.994
17.05 10:54:40 Moving is finished
17.05 10:56:17 Scanning 66 point from 76
17.05 10:56:17 Going to coordinates X=-28.843, Y=-36.994
17.05 10:56:17 Moving is finished
17.05 10:57:54 Scanning 67 point from 76
17.05 10:57:54 Going to coordinates X=-28.793, Y=-36.994
17.05 10:57:55 Moving is finished
17.05 10:59:31 Scanning 68 point from 76
17.05 10:59:31 Going to coordinates X=-28.743, Y=-36.994
17.05 10:59:31 Moving is finished
17.05 11:01:08 Scanning 69 point from 76
17.05 11:01:08 Going to coordinates X=-28.693, Y=-36.994
17.05 11:01:08 Moving is finished
17.05 11:02:45 Scanning 70 point from 76
17.05 11:02:45 Going to coordinates X=-28.643, Y=-36.994
17.05 11:02:45 Moving is finished
17.05 11:04:22 Scanning 71 point from 76
17.05 11:04:22 Going to coordinates X=-28.593, Y=-36.994
17.05 11:04:22 Moving is finished
17.05 11:06:00 Scanning 72 point from 76
17.05 11:06:00 Going to coordinates X=-28.543, Y=-36.994
17.05 11:06:00 Moving is finished
17.05 11:07:37 Scanning 73 point from 76
17.05 11:07:37 Going to coordinates X=-28.493, Y=-36.994
17.05 11:07:37 Moving is finished
17.05 11:09:14 Scanning 74 point from 76
17.05 11:09:14 Going to coordinates X=-28.443, Y=-36.994
17.05 11:09:14 Moving is finished
17.05 11:10:51 Scanning 75 point from 76
17.05 11:10:51 Going to coordinates X=-28.393, Y=-36.994
17.05 11:10:51 Moving is finished
17.05 11:17:57 Row 0: 17.05 11:17:57 Map: x1: -32.732, y1: -41.897, x2: -31.117, y2: -42.165, xres: 0.050, yres: 0.050, fname: hfp3cooh
17.05 11:17:57 Scanning 0 point from 238
17.05 11:17:57 Going to coordinates X=-32.732, Y=-42.165
17.05 11:17:58 Moving is finished
17.05 11:19:34 Scanning 1 point from 238
17.05 11:19:34 Going to coordinates X=-32.682, Y=-42.165
17.05 11:19:34 Moving is finished
17.05 11:21:11 Scanning 2 point from 238
17.05 11:21:11 Going to coordinates X=-32.632, Y=-42.165
17.05 11:21:11 Moving is finished
17.05 11:22:48 Scanning 3 point from 238
17.05 11:22:48 Going to coordinates X=-32.582, Y=-42.165
17.05 11:22:48 Moving is finished
17.05 11:24:25 Scanning 4 point from 238
17.05 11:24:25 Going to coordinates X=-32.532, Y=-42.165
17.05 11:24:25 Moving is finished
17.05 11:26:02 Scanning 5 point from 238
17.05 11:26:02 Going to coordinates X=-32.482, Y=-42.165
17.05 11:26:03 Moving is finished
17.05 11:27:39 Scanning 6 point from 238
17.05 11:27:39 Going to coordinates X=-32.432, Y=-42.165
17.05 11:27:40 Moving is finished
17.05 11:29:16 Scanning 7 point from 238
17.05 11:29:16 Going to coordinates X=-32.382, Y=-42.165
17.05 11:29:16 Moving is finished
17.05 11:30:53 Scanning 8 point from 238
17.05 11:30:53 Going to coordinates X=-32.332, Y=-42.165
17.05 11:30:53 Moving is finished
17.05 11:32:30 Scanning 9 point from 238
17.05 11:32:30 Going to coordinates X=-32.282, Y=-42.165
17.05 11:32:30 Moving is finished
17.05 11:34:08 Scanning 10 point from 238
17.05 11:34:08 Going to coordinates X=-32.232, Y=-42.165
17.05 11:34:08 Moving is finished
17.05 11:35:45 Scanning 11 point from 238
17.05 11:35:45 Going to coordinates X=-32.182, Y=-42.165
17.05 11:35:45 Moving is finished
17.05 11:37:21 Scanning 12 point from 238
17.05 11:37:21 Going to coordinates X=-32.132, Y=-42.165
17.05 11:37:22 Moving is finished
17.05 11:38:58 Scanning 13 point from 238
17.05 11:38:58 Going to coordinates X=-32.082, Y=-42.165
17.05 11:38:58 Moving is finished
17.05 11:40:35 Scanning 14 point from 238
17.05 11:40:35 Going to coordinates X=-32.032, Y=-42.165
17.05 11:40:35 Moving is finished
17.05 11:42:12 Scanning 15 point from 238
17.05 11:42:12 Going to coordinates X=-31.982, Y=-42.165
17.05 11:42:12 Moving is finished
17.05 11:43:48 Scanning 16 point from 238
17.05 11:43:48 Going to coordinates X=-31.932, Y=-42.165
17.05 11:43:48 Moving is finished
17.05 11:45:26 Scanning 17 point from 238
17.05 11:45:26 Going to coordinates X=-31.882, Y=-42.165
17.05 11:45:26 Moving is finished
17.05 11:47:02 Scanning 18 point from 238
17.05 11:47:02 Going to coordinates X=-31.832, Y=-42.165
17.05 11:47:03 Moving is finished
17.05 11:48:39 Scanning 19 point from 238
17.05 11:48:39 Going to coordinates X=-31.782, Y=-42.165
17.05 11:48:40 Moving is finished
17.05 11:50:16 Scanning 20 point from 238
17.05 11:50:16 Going to coordinates X=-31.732, Y=-42.165
17.05 11:50:16 Moving is finished
17.05 11:51:53 Scanning 21 point from 238
17.05 11:51:53 Going to coordinates X=-31.682, Y=-42.165
17.05 11:51:53 Moving is finished
17.05 11:53:30 Scanning 22 point from 238
17.05 11:53:30 Going to coordinates X=-31.632, Y=-42.165
17.05 11:53:30 Moving is finished
17.05 11:55:06 Scanning 23 point from 238
17.05 11:55:06 Going to coordinates X=-31.582, Y=-42.165
17.05 11:55:07 Moving is finished
17.05 11:56:43 Scanning 24 point from 238
17.05 11:56:43 Going to coordinates X=-31.532, Y=-42.165
17.05 11:56:43 Moving is finished
17.05 11:58:20 Scanning 25 point from 238
17.05 11:58:20 Going to coordinates X=-31.482, Y=-42.165
17.05 11:58:20 Moving is finished
17.05 11:59:56 Scanning 26 point from 238
17.05 11:59:56 Going to coordinates X=-31.432, Y=-42.165
17.05 11:59:56 Moving is finished
17.05 12:01:33 Scanning 27 point from 238
17.05 12:01:33 Going to coordinates X=-31.382, Y=-42.165
17.05 12:01:33 Moving is finished
17.05 12:03:09 Scanning 28 point from 238
17.05 12:03:09 Going to coordinates X=-31.332, Y=-42.165
17.05 12:03:10 Moving is finished
17.05 12:04:46 Scanning 29 point from 238
17.05 12:04:46 Going to coordinates X=-31.282, Y=-42.165
17.05 12:04:47 Moving is finished
17.05 12:06:23 Scanning 30 point from 238
17.05 12:06:23 Going to coordinates X=-31.232, Y=-42.165
17.05 12:06:23 Moving is finished
17.05 12:08:00 Scanning 31 point from 238
17.05 12:08:00 Going to coordinates X=-31.182, Y=-42.165
17.05 12:08:01 Moving is finished
17.05 12:09:37 Scanning 32 point from 238
17.05 12:09:37 Going to coordinates X=-31.132, Y=-42.165
17.05 12:09:37 Moving is finished
17.05 12:11:14 Scanning 33 point from 238
17.05 12:11:14 Going to coordinates X=-31.082, Y=-42.165
17.05 12:11:14 Moving is finished
17.05 12:12:50 Scanning 34 point from 238
17.05 12:12:50 Going to coordinates X=-32.732, Y=-42.115
17.05 12:12:51 Moving is finished
17.05 12:13:20 Could not find 'EZRaman Reader  V8.2.0 MV' in 'dict_keys([])'
17.05 12:13:26 Could not find 'EZRaman Reader  V8.2.0 MV' in 'dict_keys([])'
17.05 12:13:26 Scanning 35 point from 238
17.05 12:13:26 Going to coordinates X=-32.682, Y=-42.115
17.05 12:13:26 Moving is finished
17.05 12:13:32 Could not find 'EZRaman Reader  V8.2.0 MV' in 'dict_keys([])'
17.05 12:13:38 Could not find 'EZRaman Reader  V8.2.0 MV' in 'dict_keys([])'
17.05 12:13:38 Scanning 36 point from 238
17.05 12:13:38 Going to coordinates X=-32.632, Y=-42.115
17.05 12:13:38 Moving is finished
17.05 12:13:45 Could not find 'EZRaman Reader  V8.2.0 MV' in 'dict_keys([])'
17.05 12:13:50 Could not find 'EZRaman Reader  V8.2.0 MV' in 'dict_keys([])'
17.05 12:13:50 Scanning 37 point from 238
17.05 12:13:50 Going to coordinates X=-32.582, Y=-42.115
17.05 12:13:50 Moving is finished
17.05 12:13:57 Could not find 'EZRaman Reader  V8.2.0 MV' in 'dict_keys([])'
17.05 12:14:02 Could not find 'EZRaman Reader  V8.2.0 MV' in 'dict_keys([])'
17.05 12:14:02 Scanning 38 point from 238
17.05 12:14:02 Going to coordinates X=-32.532, Y=-42.115
17.05 12:14:03 Moving is finished
17.05 12:14:09 Could not find 'EZRaman Reader  V8.2.0 MV' in 'dict_keys([])'
17.05 12:14:14 Could not find 'EZRaman Reader  V8.2.0 MV' in 'dict_keys([])'
17.05 12:14:15 Scanning 39 point from 238
17.05 12:14:15 Going to coordinates X=-32.482, Y=-42.115
17.05 12:14:15 Moving is finished
17.05 12:14:21 Could not find 'EZRaman Reader  V8.2.0 MV' in 'dict_keys([])'
17.05 12:14:26 Could not find 'EZRaman Reader  V8.2.0 MV' in 'dict_keys([])'
17.05 12:14:26 Scanning 40 point from 238
17.05 12:14:26 Going to coordinates X=-32.432, Y=-42.115
17.05 12:14:27 Moving is finished
17.05 12:14:33 Could not find 'EZRaman Reader  V8.2.0 MV' in 'dict_keys([])'
17.05 12:14:38 Could not find 'EZRaman Reader  V8.2.0 MV' in 'dict_keys([])'
17.05 12:14:38 Scanning 41 point from 238
17.05 12:14:38 Going to coordinates X=-32.382, Y=-42.115
17.05 12:14:38 Moving is finished
17.05 12:14:44 Could not find 'EZRaman Reader  V8.2.0 MV' in 'dict_keys([])'
17.05 12:14:49 Could not find 'EZRaman Reader  V8.2.0 MV' in 'dict_keys([])'
17.05 12:14:49 Scanning 42 point from 238
17.05 12:14:49 Going to coordinates X=-32.332, Y=-42.115
17.05 12:14:50 Moving is finished
17.05 12:14:56 Could not find 'EZRaman Reader  V8.2.0 MV' in 'dict_keys([])'
17.05 12:15:01 Could not find 'EZRaman Reader  V8.2.0 MV' in 'dict_keys([])'
17.05 12:15:01 Scanning 43 point from 238
17.05 12:15:01 Going to coordinates X=-32.282, Y=-42.115
17.05 12:15:01 Moving is finished
17.05 12:15:07 Could not find 'EZRaman Reader  V8.2.0 MV' in 'dict_keys([])'
17.05 12:15:12 Could not find 'EZRaman Reader  V8.2.0 MV' in 'dict_keys([])'
17.05 12:15:12 Scanning 44 point from 238
17.05 12:15:12 Going to coordinates X=-32.232, Y=-42.115
17.05 12:15:13 Moving is finished
17.05 12:15:19 Could not find 'EZRaman Reader  V8.2.0 MV' in 'dict_keys([])'
17.05 12:15:24 Could not find 'EZRaman Reader  V8.2.0 MV' in 'dict_keys([])'
17.05 12:15:24 Scanning 45 point from 238
17.05 12:15:24 Going to coordinates X=-32.182, Y=-42.115
17.05 12:15:24 Moving is finished
17.05 12:15:30 Could not find 'EZRaman Reader  V8.2.0 MV' in 'dict_keys([])'
17.05 12:15:35 Could not find 'EZRaman Reader  V8.2.0 MV' in 'dict_keys([])'
17.05 12:15:35 Scanning 46 point from 238
17.05 12:15:35 Going to coordinates X=-32.132, Y=-42.115
17.05 12:15:35 Moving is finished
17.05 12:15:41 Could not find 'EZRaman Reader  V8.2.0 MV' in 'dict_keys([])'
17.05 12:15:47 Could not find 'EZRaman Reader  V8.2.0 MV' in 'dict_keys([])'
17.05 12:15:47 Scanning 47 point from 238
17.05 12:15:47 Going to coordinates X=-32.082, Y=-42.115
17.05 12:15:47 Moving is finished
17.05 12:15:53 Could not find 'EZRaman Reader  V8.2.0 MV' in 'dict_keys([])'
17.05 12:15:58 Could not find 'EZRaman Reader  V8.2.0 MV' in 'dict_keys([])'
17.05 12:15:58 Scanning 48 point from 238
17.05 12:15:58 Going to coordinates X=-32.032, Y=-42.115
17.05 12:15:58 Moving is finished
17.05 12:16:04 Could not find 'EZRaman Reader  V8.2.0 MV' in 'dict_keys([])'
17.05 12:16:09 Could not find 'EZRaman Reader  V8.2.0 MV' in 'dict_keys([])'
17.05 12:16:09 Scanning 49 point from 238
17.05 12:16:09 Going to coordinates X=-31.982, Y=-42.115
17.05 12:16:10 Moving is finished
17.05 12:16:16 Could not find 'EZRaman Reader  V8.2.0 MV' in 'dict_keys([])'
17.05 12:16:21 Could not find 'EZRaman Reader  V8.2.0 MV' in 'dict_keys([])'
17.05 12:16:21 Scanning 50 point from 238
17.05 12:16:21 Going to coordinates X=-31.932, Y=-42.115
17.05 12:16:21 Moving is finished
17.05 12:16:27 Could not find 'EZRaman Reader  V8.2.0 MV' in 'dict_keys([])'
17.05 12:16:32 Could not find 'EZRaman Reader  V8.2.0 MV' in 'dict_keys([])'
17.05 12:16:32 Scanning 51 point from 238
17.05 12:16:32 Going to coordinates X=-31.882, Y=-42.115
17.05 12:16:33 Moving is finished
17.05 12:16:39 Could not find 'EZRaman Reader  V8.2.0 MV' in 'dict_keys([])'
17.05 12:16:44 Could not find 'EZRaman Reader  V8.2.0 MV' in 'dict_keys([])'
17.05 12:16:44 Scanning 52 point from 238
17.05 12:16:44 Going to coordinates X=-31.832, Y=-42.115
17.05 12:16:44 Moving is finished
17.05 12:16:50 Could not find 'EZRaman Reader  V8.2.0 MV' in 'dict_keys([])'
17.05 12:16:55 Could not find 'EZRaman Reader  V8.2.0 MV' in 'dict_keys([])'
17.05 12:16:55 Scanning 53 point from 238
17.05 12:16:55 Going to coordinates X=-31.782, Y=-42.115
17.05 12:16:56 Moving is finished
17.05 12:17:02 Could not find 'EZRaman Reader  V8.2.0 MV' in 'dict_keys([])'
17.05 12:17:07 Could not find 'EZRaman Reader  V8.2.0 MV' in 'dict_keys([])'
17.05 12:17:07 Scanning 54 point from 238
17.05 12:17:07 Going to coordinates X=-31.732, Y=-42.115
17.05 12:17:07 Moving is finished
17.05 12:17:13 Could not find 'EZRaman Reader  V8.2.0 MV' in 'dict_keys([])'
17.05 12:17:18 Could not find 'EZRaman Reader  V8.2.0 MV' in 'dict_keys([])'
17.05 12:17:18 Scanning 55 point from 238
17.05 12:17:18 Going to coordinates X=-31.682, Y=-42.115
17.05 12:17:19 Moving is finished
17.05 12:17:25 Could not find 'EZRaman Reader  V8.2.0 MV' in 'dict_keys([])'
17.05 12:17:30 Could not find 'EZRaman Reader  V8.2.0 MV' in 'dict_keys([])'
17.05 12:17:30 Scanning 56 point from 238
17.05 12:17:30 Going to coordinates X=-31.632, Y=-42.115
17.05 12:17:30 Moving is finished
17.05 12:17:36 Could not find 'EZRaman Reader  V8.2.0 MV' in 'dict_keys([])'
17.05 12:17:41 Could not find 'EZRaman Reader  V8.2.0 MV' in 'dict_keys([])'
17.05 12:17:41 Scanning 57 point from 238
17.05 12:17:41 Going to coordinates X=-31.582, Y=-42.115
17.05 12:17:41 Moving is finished
17.05 12:17:48 Could not find 'EZRaman Reader  V8.2.0 MV' in 'dict_keys([])'
17.05 12:17:53 Could not find 'EZRaman Reader  V8.2.0 MV' in 'dict_keys([])'
17.05 12:17:53 Scanning 58 point from 238
17.05 12:17:53 Going to coordinates X=-31.532, Y=-42.115
17.05 12:17:53 Moving is finished
17.05 12:17:59 Could not find 'EZRaman Reader  V8.2.0 MV' in 'dict_keys([])'
17.05 12:18:04 Could not find 'EZRaman Reader  V8.2.0 MV' in 'dict_keys([])'
17.05 12:18:04 Scanning 59 point from 238
17.05 12:18:04 Going to coordinates X=-31.482, Y=-42.115
17.05 12:18:04 Moving is finished
17.05 12:18:10 Could not find 'EZRaman Reader  V8.2.0 MV' in 'dict_keys([])'
17.05 12:18:16 Could not find 'EZRaman Reader  V8.2.0 MV' in 'dict_keys([])'
17.05 12:18:16 Scanning 60 point from 238
17.05 12:18:16 Going to coordinates X=-31.432, Y=-42.115
17.05 12:18:16 Moving is finished
17.05 12:18:22 Could not find 'EZRaman Reader  V8.2.0 MV' in 'dict_keys([])'
17.05 12:18:27 Could not find 'EZRaman Reader  V8.2.0 MV' in 'dict_keys([])'
17.05 12:18:27 Scanning 61 point from 238
17.05 12:18:27 Going to coordinates X=-31.382, Y=-42.115
17.05 12:18:27 Moving is finished
17.05 12:18:33 Could not find 'EZRaman Reader  V8.2.0 MV' in 'dict_keys([])'
17.05 12:18:38 Could not find 'EZRaman Reader  V8.2.0 MV' in 'dict_keys([])'
17.05 12:18:39 Scanning 62 point from 238
17.05 12:18:39 Going to coordinates X=-31.332, Y=-42.115
17.05 12:18:39 Moving is finished
17.05 12:18:45 Could not find 'EZRaman Reader  V8.2.0 MV' in 'dict_keys([])'
17.05 12:18:50 Could not find 'EZRaman Reader  V8.2.0 MV' in 'dict_keys([])'
17.05 12:18:50 Scanning 63 point from 238
17.05 12:18:50 Going to coordinates X=-31.282, Y=-42.115
17.05 12:18:50 Moving is finished
17.05 12:18:56 Could not find 'EZRaman Reader  V8.2.0 MV' in 'dict_keys([])'
17.05 12:19:01 Could not find 'EZRaman Reader  V8.2.0 MV' in 'dict_keys([])'
17.05 12:19:01 Scanning 64 point from 238
17.05 12:19:01 Going to coordinates X=-31.232, Y=-42.115
17.05 12:19:02 Moving is finished
17.05 12:19:08 Could not find 'EZRaman Reader  V8.2.0 MV' in 'dict_keys([])'
17.05 12:19:13 Could not find 'EZRaman Reader  V8.2.0 MV' in 'dict_keys([])'
17.05 12:19:13 Scanning 65 point from 238
17.05 12:19:13 Going to coordinates X=-31.182, Y=-42.115
17.05 12:19:13 Moving is finished
17.05 12:19:19 Could not find 'EZRaman Reader  V8.2.0 MV' in 'dict_keys([])'
17.05 12:19:24 Could not find 'EZRaman Reader  V8.2.0 MV' in 'dict_keys([])'
17.05 12:19:24 Scanning 66 point from 238
17.05 12:19:24 Going to coordinates X=-31.132, Y=-42.115
17.05 12:19:25 Moving is finished
17.05 12:19:31 Could not find 'EZRaman Reader  V8.2.0 MV' in 'dict_keys([])'
17.05 12:19:36 Could not find 'EZRaman Reader  V8.2.0 MV' in 'dict_keys([])'
17.05 12:19:36 Scanning 67 point from 238
17.05 12:19:36 Going to coordinates X=-31.082, Y=-42.115
17.05 12:19:36 Moving is finished
17.05 12:19:42 Could not find 'EZRaman Reader  V8.2.0 MV' in 'dict_keys([])'
17.05 12:19:47 Could not find 'EZRaman Reader  V8.2.0 MV' in 'dict_keys([])'
17.05 12:19:47 Scanning 68 point from 238
17.05 12:19:47 Going to coordinates X=-32.732, Y=-42.065
17.05 12:19:48 Moving is finished
17.05 12:19:54 Could not find 'EZRaman Reader  V8.2.0 MV' in 'dict_keys([])'
17.05 12:19:59 Could not find 'EZRaman Reader  V8.2.0 MV' in 'dict_keys([])'
17.05 12:19:59 Scanning 69 point from 238
17.05 12:19:59 Going to coordinates X=-32.682, Y=-42.065
17.05 12:20:00 Moving is finished
17.05 12:20:06 Could not find 'EZRaman Reader  V8.2.0 MV' in 'dict_keys([])'
17.05 12:20:11 Could not find 'EZRaman Reader  V8.2.0 MV' in 'dict_keys([])'
17.05 12:20:11 Scanning 70 point from 238
17.05 12:20:11 Going to coordinates X=-32.632, Y=-42.065
17.05 12:20:11 Moving is finished
17.05 12:20:17 Could not find 'EZRaman Reader  V8.2.0 MV' in 'dict_keys([])'
17.05 12:20:22 Could not find 'EZRaman Reader  V8.2.0 MV' in 'dict_keys([])'
17.05 12:20:22 Scanning 71 point from 238
17.05 12:20:22 Going to coordinates X=-32.582, Y=-42.065
17.05 12:20:22 Moving is finished
17.05 12:20:29 Could not find 'EZRaman Reader  V8.2.0 MV' in 'dict_keys([])'
17.05 12:20:34 Could not find 'EZRaman Reader  V8.2.0 MV' in 'dict_keys([])'
17.05 12:20:34 Scanning 72 point from 238
17.05 12:20:34 Going to coordinates X=-32.532, Y=-42.065
17.05 12:20:34 Moving is finished
17.05 12:20:40 Could not find 'EZRaman Reader  V8.2.0 MV' in 'dict_keys([])'
17.05 12:20:45 Could not find 'EZRaman Reader  V8.2.0 MV' in 'dict_keys([])'
17.05 12:20:45 Scanning 73 point from 238
17.05 12:20:45 Going to coordinates X=-32.482, Y=-42.065
17.05 12:20:45 Moving is finished
17.05 12:20:52 Could not find 'EZRaman Reader  V8.2.0 MV' in 'dict_keys([])'
17.05 12:20:57 Could not find 'EZRaman Reader  V8.2.0 MV' in 'dict_keys([])'
17.05 12:20:57 Scanning 74 point from 238
17.05 12:20:57 Going to coordinates X=-32.432, Y=-42.065
17.05 12:20:57 Moving is finished
17.05 12:21:03 Could not find 'EZRaman Reader  V8.2.0 MV' in 'dict_keys([])'
17.05 12:21:08 Could not find 'EZRaman Reader  V8.2.0 MV' in 'dict_keys([])'
17.05 12:21:08 Scanning 75 point from 238
17.05 12:21:08 Going to coordinates X=-32.382, Y=-42.065
17.05 12:21:08 Moving is finished
17.05 12:21:14 Could not find 'EZRaman Reader  V8.2.0 MV' in 'dict_keys([])'
17.05 12:21:19 Could not find 'EZRaman Reader  V8.2.0 MV' in 'dict_keys([])'
17.05 12:21:20 Scanning 76 point from 238
17.05 12:21:20 Going to coordinates X=-32.332, Y=-42.065
17.05 12:21:20 Moving is finished
17.05 12:21:26 Could not find 'EZRaman Reader  V8.2.0 MV' in 'dict_keys([])'
17.05 12:21:31 Could not find 'EZRaman Reader  V8.2.0 MV' in 'dict_keys([])'
17.05 12:21:31 Scanning 77 point from 238
17.05 12:21:31 Going to coordinates X=-32.282, Y=-42.065
17.05 12:21:31 Moving is finished
17.05 12:21:37 Could not find 'EZRaman Reader  V8.2.0 MV' in 'dict_keys([])'
17.05 12:21:42 Could not find 'EZRaman Reader  V8.2.0 MV' in 'dict_keys([])'
17.05 12:21:42 Scanning 78 point from 238
17.05 12:21:42 Going to coordinates X=-32.232, Y=-42.065
17.05 12:21:43 Moving is finished
17.05 12:21:49 Could not find 'EZRaman Reader  V8.2.0 MV' in 'dict_keys([])'
17.05 12:21:54 Could not find 'EZRaman Reader  V8.2.0 MV' in 'dict_keys([])'
17.05 12:21:54 Scanning 79 point from 238
17.05 12:21:54 Going to coordinates X=-32.182, Y=-42.065
17.05 12:21:54 Moving is finished
17.05 12:22:00 Could not find 'EZRaman Reader  V8.2.0 MV' in 'dict_keys([])'
17.05 12:22:05 Could not find 'EZRaman Reader  V8.2.0 MV' in 'dict_keys([])'
17.05 12:22:05 Scanning 80 point from 238
17.05 12:22:05 Going to coordinates X=-32.132, Y=-42.065
17.05 12:22:06 Moving is finished
17.05 12:22:12 Could not find 'EZRaman Reader  V8.2.0 MV' in 'dict_keys([])'
17.05 12:22:17 Could not find 'EZRaman Reader  V8.2.0 MV' in 'dict_keys([])'
17.05 12:22:17 Scanning 81 point from 238
17.05 12:22:17 Going to coordinates X=-32.082, Y=-42.065
17.05 12:22:17 Moving is finished
17.05 12:22:23 Could not find 'EZRaman Reader  V8.2.0 MV' in 'dict_keys([])'
17.05 12:22:28 Could not find 'EZRaman Reader  V8.2.0 MV' in 'dict_keys([])'
17.05 12:22:28 Scanning 82 point from 238
17.05 12:22:28 Going to coordinates X=-32.032, Y=-42.065
17.05 12:22:28 Moving is finished
17.05 12:22:35 Could not find 'EZRaman Reader  V8.2.0 MV' in 'dict_keys([])'
17.05 12:22:40 Could not find 'EZRaman Reader  V8.2.0 MV' in 'dict_keys([])'
17.05 12:22:40 Scanning 83 point from 238
17.05 12:22:40 Going to coordinates X=-31.982, Y=-42.065
17.05 12:22:40 Moving is finished
17.05 12:22:46 Could not find 'EZRaman Reader  V8.2.0 MV' in 'dict_keys([])'
17.05 12:22:51 Could not find 'EZRaman Reader  V8.2.0 MV' in 'dict_keys([])'
17.05 12:22:51 Scanning 84 point from 238
17.05 12:22:51 Going to coordinates X=-31.932, Y=-42.065
17.05 12:22:51 Moving is finished
17.05 12:22:57 Could not find 'EZRaman Reader  V8.2.0 MV' in 'dict_keys([])'
17.05 12:23:02 Could not find 'EZRaman Reader  V8.2.0 MV' in 'dict_keys([])'
17.05 12:23:02 Scanning 85 point from 238
17.05 12:23:02 Going to coordinates X=-31.882, Y=-42.065
17.05 12:23:03 Moving is finished
17.05 12:23:09 Could not find 'EZRaman Reader  V8.2.0 MV' in 'dict_keys([])'
17.05 12:23:14 Could not find 'EZRaman Reader  V8.2.0 MV' in 'dict_keys([])'
17.05 12:23:14 Scanning 86 point from 238
17.05 12:23:14 Going to coordinates X=-31.832, Y=-42.065
17.05 12:23:14 Moving is finished
17.05 12:23:20 Could not find 'EZRaman Reader  V8.2.0 MV' in 'dict_keys([])'
17.05 12:23:25 Could not find 'EZRaman Reader  V8.2.0 MV' in 'dict_keys([])'
17.05 12:23:25 Scanning 87 point from 238
17.05 12:23:25 Going to coordinates X=-31.782, Y=-42.065
17.05 12:23:26 Moving is finished
17.05 12:23:32 Could not find 'EZRaman Reader  V8.2.0 MV' in 'dict_keys([])'
17.05 12:23:37 Could not find 'EZRaman Reader  V8.2.0 MV' in 'dict_keys([])'
17.05 12:23:37 Scanning 88 point from 238
17.05 12:23:37 Going to coordinates X=-31.732, Y=-42.065
17.05 12:23:37 Moving is finished
17.05 12:23:43 Could not find 'EZRaman Reader  V8.2.0 MV' in 'dict_keys([])'
17.05 12:23:48 Could not find 'EZRaman Reader  V8.2.0 MV' in 'dict_keys([])'
17.05 12:23:48 Scanning 89 point from 238
17.05 12:23:48 Going to coordinates X=-31.682, Y=-42.065
17.05 12:23:49 Moving is finished
17.05 12:23:55 Could not find 'EZRaman Reader  V8.2.0 MV' in 'dict_keys([])'
17.05 12:24:00 Could not find 'EZRaman Reader  V8.2.0 MV' in 'dict_keys([])'
17.05 12:24:00 Scanning 90 point from 238
17.05 12:24:00 Going to coordinates X=-31.632, Y=-42.065
17.05 12:24:00 Moving is finished
17.05 12:24:06 Could not find 'EZRaman Reader  V8.2.0 MV' in 'dict_keys([])'
17.05 12:24:11 Could not find 'EZRaman Reader  V8.2.0 MV' in 'dict_keys([])'
17.05 12:24:11 Scanning 91 point from 238
17.05 12:24:11 Going to coordinates X=-31.582, Y=-42.065
17.05 12:24:11 Moving is finished
17.05 12:24:17 Could not find 'EZRaman Reader  V8.2.0 MV' in 'dict_keys([])'
17.05 12:24:23 Could not find 'EZRaman Reader  V8.2.0 MV' in 'dict_keys([])'
17.05 12:24:23 Scanning 92 point from 238
17.05 12:24:23 Going to coordinates X=-31.532, Y=-42.065
17.05 12:24:23 Moving is finished
17.05 12:24:29 Could not find 'EZRaman Reader  V8.2.0 MV' in 'dict_keys([])'
17.05 12:24:34 Could not find 'EZRaman Reader  V8.2.0 MV' in 'dict_keys([])'
17.05 12:24:34 Scanning 93 point from 238
17.05 12:24:34 Going to coordinates X=-31.482, Y=-42.065
17.05 12:24:34 Moving is finished
17.05 12:24:40 Could not find 'EZRaman Reader  V8.2.0 MV' in 'dict_keys([])'
17.05 12:24:46 Could not find 'EZRaman Reader  V8.2.0 MV' in 'dict_keys([])'
17.05 12:24:46 Scanning 94 point from 238
17.05 12:24:46 Going to coordinates X=-31.432, Y=-42.065
17.05 12:24:46 Moving is finished
17.05 12:24:52 Could not find 'EZRaman Reader  V8.2.0 MV' in 'dict_keys([])'
17.05 12:24:57 Scanning 95 point from 238
17.05 12:24:57 Going to coordinates X=-31.382, Y=-42.065
17.05 12:24:58 Moving is finished
17.05 12:26:35 Scanning 96 point from 238
17.05 12:26:35 Going to coordinates X=-31.332, Y=-42.065
17.05 12:26:35 Moving is finished
17.05 12:28:12 Scanning 97 point from 238
17.05 12:28:12 Going to coordinates X=-31.282, Y=-42.065
17.05 12:28:12 Moving is finished
17.05 12:29:49 Scanning 98 point from 238
17.05 12:29:49 Going to coordinates X=-31.232, Y=-42.065
17.05 12:29:49 Moving is finished
17.05 12:31:25 Scanning 99 point from 238
17.05 12:31:25 Going to coordinates X=-31.182, Y=-42.065
17.05 12:31:26 Moving is finished
17.05 12:33:03 Scanning 100 point from 238
17.05 12:33:03 Going to coordinates X=-31.132, Y=-42.065
17.05 12:33:03 Moving is finished
17.05 12:34:39 Scanning 101 point from 238
17.05 12:34:39 Going to coordinates X=-31.082, Y=-42.065
17.05 12:34:39 Moving is finished
17.05 12:36:15 Scanning 102 point from 238
17.05 12:36:15 Going to coordinates X=-32.732, Y=-42.015
17.05 12:36:16 Moving is finished
17.05 12:37:53 Scanning 103 point from 238
17.05 12:37:53 Going to coordinates X=-32.682, Y=-42.015
17.05 12:37:53 Moving is finished
17.05 12:39:30 Scanning 104 point from 238
17.05 12:39:30 Going to coordinates X=-32.632, Y=-42.015
17.05 12:39:30 Moving is finished
17.05 12:41:07 Scanning 105 point from 238
17.05 12:41:07 Going to coordinates X=-32.582, Y=-42.015
17.05 12:41:07 Moving is finished
17.05 12:42:44 Scanning 106 point from 238
17.05 12:42:44 Going to coordinates X=-32.532, Y=-42.015
17.05 12:42:44 Moving is finished
17.05 12:44:21 Scanning 107 point from 238
17.05 12:44:21 Going to coordinates X=-32.482, Y=-42.015
17.05 12:44:21 Moving is finished
17.05 12:45:58 Scanning 108 point from 238
17.05 12:45:58 Going to coordinates X=-32.432, Y=-42.015
17.05 12:45:58 Moving is finished
17.05 12:47:35 Scanning 109 point from 238
17.05 12:47:35 Going to coordinates X=-32.382, Y=-42.015
17.05 12:47:35 Moving is finished
17.05 12:49:11 Scanning 110 point from 238
17.05 12:49:11 Going to coordinates X=-32.332, Y=-42.015
17.05 12:49:12 Moving is finished
17.05 12:50:48 Scanning 111 point from 238
17.05 12:50:48 Going to coordinates X=-32.282, Y=-42.015
17.05 12:50:48 Moving is finished
17.05 12:52:25 Scanning 112 point from 238
17.05 12:52:25 Going to coordinates X=-32.232, Y=-42.015
17.05 12:52:26 Moving is finished
17.05 12:54:02 Scanning 113 point from 238
17.05 12:54:02 Going to coordinates X=-32.182, Y=-42.015
17.05 12:54:03 Moving is finished
17.05 12:55:40 Scanning 114 point from 238
17.05 12:55:40 Going to coordinates X=-32.132, Y=-42.015
17.05 12:55:40 Moving is finished
17.05 12:57:17 Scanning 115 point from 238
17.05 12:57:17 Going to coordinates X=-32.082, Y=-42.015
17.05 12:57:17 Moving is finished
17.05 12:58:54 Scanning 116 point from 238
17.05 12:58:54 Going to coordinates X=-32.032, Y=-42.015
17.05 12:58:54 Moving is finished
17.05 13:00:32 Scanning 117 point from 238
17.05 13:00:32 Going to coordinates X=-31.982, Y=-42.015
17.05 13:00:32 Moving is finished
17.05 13:02:09 Scanning 118 point from 238
17.05 13:02:09 Going to coordinates X=-31.932, Y=-42.015
17.05 13:02:09 Moving is finished
17.05 13:03:46 Scanning 119 point from 238
17.05 13:03:46 Going to coordinates X=-31.882, Y=-42.015
17.05 13:03:46 Moving is finished
17.05 13:05:23 Scanning 120 point from 238
17.05 13:05:23 Going to coordinates X=-31.832, Y=-42.015
17.05 13:05:23 Moving is finished
17.05 13:07:00 Scanning 121 point from 238
17.05 13:07:00 Going to coordinates X=-31.782, Y=-42.015
17.05 13:07:00 Moving is finished
17.05 13:08:37 Scanning 122 point from 238
17.05 13:08:37 Going to coordinates X=-31.732, Y=-42.015
17.05 13:08:37 Moving is finished
17.05 13:10:14 Scanning 123 point from 238
17.05 13:10:14 Going to coordinates X=-31.682, Y=-42.015
17.05 13:10:14 Moving is finished
17.05 13:11:51 Scanning 124 point from 238
17.05 13:11:51 Going to coordinates X=-31.632, Y=-42.015
17.05 13:11:51 Moving is finished
17.05 13:13:28 Scanning 125 point from 238
17.05 13:13:28 Going to coordinates X=-31.582, Y=-42.015
17.05 13:13:28 Moving is finished
17.05 13:13:36 Stopped!
