01.06 18:48:29 Initializing grbl...
01.06 18:48:29 Got the response: b''
01.06 18:50:41 Row 0: 01.06 18:50:41 Map: x1: -29.371, y1: -39.351, x2: -28.785, y2: -38.918, xres: 0.020, yres: 0.020, fname: vemnh2
01.06 18:50:41 Scanning 0 point from 713
01.06 18:50:41 Going to coordinates X=-29.371, Y=-39.351
01.06 18:50:42 Moving is finished
01.06 18:52:19 Scanning 1 point from 713
01.06 18:52:19 Going to coordinates X=-29.351, Y=-39.351
01.06 18:52:19 Moving is finished
01.06 18:53:56 Scanning 2 point from 713
01.06 18:53:56 Going to coordinates X=-29.331, Y=-39.351
01.06 18:53:56 Moving is finished
01.06 18:55:33 Scanning 3 point from 713
01.06 18:55:33 Going to coordinates X=-29.311, Y=-39.351
01.06 18:55:33 Moving is finished
01.06 18:57:10 Scanning 4 point from 713
01.06 18:57:10 Going to coordinates X=-29.291, Y=-39.351
01.06 18:57:10 Moving is finished
01.06 18:58:46 Scanning 5 point from 713
01.06 18:58:46 Going to coordinates X=-29.271, Y=-39.351
01.06 18:58:47 Moving is finished
01.06 19:00:24 Scanning 6 point from 713
01.06 19:00:24 Going to coordinates X=-29.251, Y=-39.351
01.06 19:00:24 Moving is finished
01.06 19:02:01 Scanning 7 point from 713
01.06 19:02:01 Going to coordinates X=-29.231, Y=-39.351
01.06 19:02:01 Moving is finished
01.06 19:03:37 Scanning 8 point from 713
01.06 19:03:37 Going to coordinates X=-29.211, Y=-39.351
01.06 19:03:37 Moving is finished
01.06 19:05:14 Scanning 9 point from 713
01.06 19:05:14 Going to coordinates X=-29.191, Y=-39.351
01.06 19:05:14 Moving is finished
01.06 19:06:51 Scanning 10 point from 713
01.06 19:06:51 Going to coordinates X=-29.171, Y=-39.351
01.06 19:06:51 Moving is finished
01.06 19:08:28 Scanning 11 point from 713
01.06 19:08:28 Going to coordinates X=-29.151, Y=-39.351
01.06 19:08:28 Moving is finished
01.06 19:10:05 Scanning 12 point from 713
01.06 19:10:05 Going to coordinates X=-29.131, Y=-39.351
01.06 19:10:05 Moving is finished
01.06 19:11:41 Scanning 13 point from 713
01.06 19:11:41 Going to coordinates X=-29.111, Y=-39.351
01.06 19:11:41 Moving is finished
01.06 19:13:18 Scanning 14 point from 713
01.06 19:13:18 Going to coordinates X=-29.091, Y=-39.351
01.06 19:13:18 Moving is finished
01.06 19:14:55 Scanning 15 point from 713
01.06 19:14:55 Going to coordinates X=-29.071, Y=-39.351
01.06 19:14:55 Moving is finished
01.06 19:16:31 Scanning 16 point from 713
01.06 19:16:31 Going to coordinates X=-29.051, Y=-39.351
01.06 19:16:31 Moving is finished
01.06 19:18:08 Scanning 17 point from 713
01.06 19:18:08 Going to coordinates X=-29.031, Y=-39.351
01.06 19:18:08 Moving is finished
01.06 19:19:45 Scanning 18 point from 713
01.06 19:19:45 Going to coordinates X=-29.011, Y=-39.351
01.06 19:19:45 Moving is finished
01.06 19:21:22 Scanning 19 point from 713
01.06 19:21:22 Going to coordinates X=-28.991, Y=-39.351
01.06 19:21:22 Moving is finished
01.06 19:22:58 Scanning 20 point from 713
01.06 19:22:58 Going to coordinates X=-28.971, Y=-39.351
01.06 19:22:58 Moving is finished
01.06 19:24:35 Scanning 21 point from 713
01.06 19:24:35 Going to coordinates X=-28.951, Y=-39.351
01.06 19:24:35 Moving is finished
01.06 19:26:12 Scanning 22 point from 713
01.06 19:26:12 Going to coordinates X=-28.931, Y=-39.351
01.06 19:26:12 Moving is finished
01.06 19:27:48 Scanning 23 point from 713
01.06 19:27:48 Going to coordinates X=-28.911, Y=-39.351
01.06 19:27:49 Moving is finished
01.06 19:29:25 Scanning 24 point from 713
01.06 19:29:25 Going to coordinates X=-28.891, Y=-39.351
01.06 19:29:25 Moving is finished
01.06 19:31:02 Scanning 25 point from 713
01.06 19:31:02 Going to coordinates X=-28.871, Y=-39.351
01.06 19:31:02 Moving is finished
01.06 19:32:39 Scanning 26 point from 713
01.06 19:32:39 Going to coordinates X=-28.851, Y=-39.351
01.06 19:32:39 Moving is finished
01.06 19:34:16 Scanning 27 point from 713
01.06 19:34:16 Going to coordinates X=-28.831, Y=-39.351
01.06 19:34:16 Moving is finished
01.06 19:35:53 Scanning 28 point from 713
01.06 19:35:53 Going to coordinates X=-28.811, Y=-39.351
01.06 19:35:54 Moving is finished
01.06 19:37:30 Scanning 29 point from 713
01.06 19:37:30 Going to coordinates X=-28.791, Y=-39.351
01.06 19:37:30 Moving is finished
01.06 19:39:07 Scanning 30 point from 713
01.06 19:39:07 Going to coordinates X=-28.771, Y=-39.351
01.06 19:39:07 Moving is finished
01.06 19:40:44 Scanning 31 point from 713
01.06 19:40:44 Going to coordinates X=-29.371, Y=-39.331
01.06 19:40:44 Moving is finished
01.06 19:42:21 Scanning 32 point from 713
01.06 19:42:21 Going to coordinates X=-29.351, Y=-39.331
01.06 19:42:21 Moving is finished
01.06 19:43:58 Scanning 33 point from 713
01.06 19:43:58 Going to coordinates X=-29.331, Y=-39.331
01.06 19:43:58 Moving is finished
01.06 19:45:35 Scanning 34 point from 713
01.06 19:45:35 Going to coordinates X=-29.311, Y=-39.331
01.06 19:45:35 Moving is finished
01.06 19:47:11 Scanning 35 point from 713
01.06 19:47:11 Going to coordinates X=-29.291, Y=-39.331
01.06 19:47:11 Moving is finished
01.06 19:48:48 Scanning 36 point from 713
01.06 19:48:48 Going to coordinates X=-29.271, Y=-39.331
01.06 19:48:48 Moving is finished
01.06 19:50:24 Scanning 37 point from 713
01.06 19:50:24 Going to coordinates X=-29.251, Y=-39.331
01.06 19:50:25 Moving is finished
01.06 19:52:01 Scanning 38 point from 713
01.06 19:52:01 Going to coordinates X=-29.231, Y=-39.331
01.06 19:52:02 Moving is finished
01.06 19:53:39 Scanning 39 point from 713
01.06 19:53:39 Going to coordinates X=-29.211, Y=-39.331
01.06 19:53:39 Moving is finished
01.06 19:55:15 Scanning 40 point from 713
01.06 19:55:15 Going to coordinates X=-29.191, Y=-39.331
01.06 19:55:15 Moving is finished
01.06 19:56:52 Scanning 41 point from 713
01.06 19:56:52 Going to coordinates X=-29.171, Y=-39.331
01.06 19:56:52 Moving is finished
01.06 19:58:28 Scanning 42 point from 713
01.06 19:58:28 Going to coordinates X=-29.151, Y=-39.331
01.06 19:58:28 Moving is finished
01.06 20:00:05 Scanning 43 point from 713
01.06 20:00:05 Going to coordinates X=-29.131, Y=-39.331
01.06 20:00:05 Moving is finished
01.06 20:01:42 Scanning 44 point from 713
01.06 20:01:42 Going to coordinates X=-29.111, Y=-39.331
01.06 20:01:42 Moving is finished
01.06 20:03:19 Scanning 45 point from 713
01.06 20:03:19 Going to coordinates X=-29.091, Y=-39.331
01.06 20:03:19 Moving is finished
01.06 20:04:56 Scanning 46 point from 713
01.06 20:04:56 Going to coordinates X=-29.071, Y=-39.331
01.06 20:04:56 Moving is finished
01.06 20:06:32 Scanning 47 point from 713
01.06 20:06:32 Going to coordinates X=-29.051, Y=-39.331
01.06 20:06:32 Moving is finished
01.06 20:08:09 Scanning 48 point from 713
01.06 20:08:09 Going to coordinates X=-29.031, Y=-39.331
01.06 20:08:09 Moving is finished
01.06 20:09:46 Scanning 49 point from 713
01.06 20:09:46 Going to coordinates X=-29.011, Y=-39.331
01.06 20:09:46 Moving is finished
01.06 20:11:22 Scanning 50 point from 713
01.06 20:11:22 Going to coordinates X=-28.991, Y=-39.331
01.06 20:11:23 Moving is finished
01.06 20:12:59 Scanning 51 point from 713
01.06 20:12:59 Going to coordinates X=-28.971, Y=-39.331
01.06 20:12:59 Moving is finished
01.06 20:14:35 Scanning 52 point from 713
01.06 20:14:35 Going to coordinates X=-28.951, Y=-39.331
01.06 20:14:36 Moving is finished
01.06 20:16:12 Scanning 53 point from 713
01.06 20:16:12 Going to coordinates X=-28.931, Y=-39.331
01.06 20:16:12 Moving is finished
01.06 20:17:48 Scanning 54 point from 713
01.06 20:17:48 Going to coordinates X=-28.911, Y=-39.331
01.06 20:17:49 Moving is finished
01.06 20:19:25 Scanning 55 point from 713
01.06 20:19:25 Going to coordinates X=-28.891, Y=-39.331
01.06 20:19:25 Moving is finished
01.06 20:21:02 Scanning 56 point from 713
01.06 20:21:02 Going to coordinates X=-28.871, Y=-39.331
01.06 20:21:02 Moving is finished
01.06 20:22:38 Scanning 57 point from 713
01.06 20:22:38 Going to coordinates X=-28.851, Y=-39.331
01.06 20:22:38 Moving is finished
01.06 20:24:15 Scanning 58 point from 713
01.06 20:24:15 Going to coordinates X=-28.831, Y=-39.331
01.06 20:24:15 Moving is finished
01.06 20:25:52 Scanning 59 point from 713
01.06 20:25:52 Going to coordinates X=-28.811, Y=-39.331
01.06 20:25:52 Moving is finished
01.06 20:27:28 Scanning 60 point from 713
01.06 20:27:28 Going to coordinates X=-28.791, Y=-39.331
01.06 20:27:29 Moving is finished
01.06 20:29:05 Scanning 61 point from 713
01.06 20:29:05 Going to coordinates X=-28.771, Y=-39.331
01.06 20:29:05 Moving is finished
01.06 20:30:42 Scanning 62 point from 713
01.06 20:30:42 Going to coordinates X=-29.371, Y=-39.311
01.06 20:30:42 Moving is finished
01.06 20:32:19 Scanning 63 point from 713
01.06 20:32:19 Going to coordinates X=-29.351, Y=-39.311
01.06 20:32:19 Moving is finished
01.06 20:33:56 Scanning 64 point from 713
01.06 20:33:56 Going to coordinates X=-29.331, Y=-39.311
01.06 20:33:56 Moving is finished
01.06 20:35:33 Scanning 65 point from 713
01.06 20:35:33 Going to coordinates X=-29.311, Y=-39.311
01.06 20:35:33 Moving is finished
01.06 20:37:09 Scanning 66 point from 713
01.06 20:37:09 Going to coordinates X=-29.291, Y=-39.311
01.06 20:37:10 Moving is finished
01.06 20:38:46 Scanning 67 point from 713
01.06 20:38:46 Going to coordinates X=-29.271, Y=-39.311
01.06 20:38:46 Moving is finished
01.06 20:40:23 Scanning 68 point from 713
01.06 20:40:23 Going to coordinates X=-29.251, Y=-39.311
01.06 20:40:23 Moving is finished
01.06 20:42:00 Scanning 69 point from 713
01.06 20:42:00 Going to coordinates X=-29.231, Y=-39.311
01.06 20:42:00 Moving is finished
01.06 20:43:36 Scanning 70 point from 713
01.06 20:43:36 Going to coordinates X=-29.211, Y=-39.311
01.06 20:43:36 Moving is finished
01.06 20:45:13 Scanning 71 point from 713
01.06 20:45:13 Going to coordinates X=-29.191, Y=-39.311
01.06 20:45:14 Moving is finished
01.06 20:46:51 Scanning 72 point from 713
01.06 20:46:51 Going to coordinates X=-29.171, Y=-39.311
01.06 20:46:51 Moving is finished
01.06 20:48:28 Scanning 73 point from 713
01.06 20:48:28 Going to coordinates X=-29.151, Y=-39.311
01.06 20:48:28 Moving is finished
01.06 20:50:05 Scanning 74 point from 713
01.06 20:50:05 Going to coordinates X=-29.131, Y=-39.311
01.06 20:50:05 Moving is finished
01.06 20:51:42 Scanning 75 point from 713
01.06 20:51:42 Going to coordinates X=-29.111, Y=-39.311
01.06 20:51:42 Moving is finished
01.06 20:53:19 Scanning 76 point from 713
01.06 20:53:19 Going to coordinates X=-29.091, Y=-39.311
01.06 20:53:19 Moving is finished
01.06 20:54:56 Scanning 77 point from 713
01.06 20:54:56 Going to coordinates X=-29.071, Y=-39.311
01.06 20:54:56 Moving is finished
01.06 20:56:33 Scanning 78 point from 713
01.06 20:56:33 Going to coordinates X=-29.051, Y=-39.311
01.06 20:56:33 Moving is finished
01.06 20:58:09 Scanning 79 point from 713
01.06 20:58:09 Going to coordinates X=-29.031, Y=-39.311
01.06 20:58:09 Moving is finished
01.06 20:59:46 Scanning 80 point from 713
01.06 20:59:46 Going to coordinates X=-29.011, Y=-39.311
01.06 20:59:46 Moving is finished
01.06 21:01:23 Scanning 81 point from 713
01.06 21:01:23 Going to coordinates X=-28.991, Y=-39.311
01.06 21:01:23 Moving is finished
01.06 21:03:00 Scanning 82 point from 713
01.06 21:03:00 Going to coordinates X=-28.971, Y=-39.311
01.06 21:03:00 Moving is finished
01.06 21:04:37 Scanning 83 point from 713
01.06 21:04:37 Going to coordinates X=-28.951, Y=-39.311
01.06 21:04:37 Moving is finished
01.06 21:06:14 Scanning 84 point from 713
01.06 21:06:14 Going to coordinates X=-28.931, Y=-39.311
01.06 21:06:14 Moving is finished
01.06 21:07:51 Scanning 85 point from 713
01.06 21:07:51 Going to coordinates X=-28.911, Y=-39.311
01.06 21:07:51 Moving is finished
01.06 21:09:28 Scanning 86 point from 713
01.06 21:09:28 Going to coordinates X=-28.891, Y=-39.311
01.06 21:09:28 Moving is finished
01.06 21:11:05 Scanning 87 point from 713
01.06 21:11:05 Going to coordinates X=-28.871, Y=-39.311
01.06 21:11:05 Moving is finished
01.06 21:12:42 Scanning 88 point from 713
01.06 21:12:42 Going to coordinates X=-28.851, Y=-39.311
01.06 21:12:42 Moving is finished
01.06 21:14:19 Scanning 89 point from 713
01.06 21:14:19 Going to coordinates X=-28.831, Y=-39.311
01.06 21:14:19 Moving is finished
01.06 21:15:56 Scanning 90 point from 713
01.06 21:15:56 Going to coordinates X=-28.811, Y=-39.311
01.06 21:15:56 Moving is finished
01.06 21:17:33 Scanning 91 point from 713
01.06 21:17:33 Going to coordinates X=-28.791, Y=-39.311
01.06 21:17:33 Moving is finished
01.06 21:19:10 Scanning 92 point from 713
01.06 21:19:10 Going to coordinates X=-28.771, Y=-39.311
01.06 21:19:10 Moving is finished
01.06 21:20:46 Scanning 93 point from 713
01.06 21:20:46 Going to coordinates X=-29.371, Y=-39.291
01.06 21:20:47 Moving is finished
01.06 21:22:24 Scanning 94 point from 713
01.06 21:22:24 Going to coordinates X=-29.351, Y=-39.291
01.06 21:22:24 Moving is finished
01.06 21:24:00 Scanning 95 point from 713
01.06 21:24:00 Going to coordinates X=-29.331, Y=-39.291
01.06 21:24:00 Moving is finished
01.06 21:25:37 Scanning 96 point from 713
01.06 21:25:37 Going to coordinates X=-29.311, Y=-39.291
01.06 21:25:37 Moving is finished
01.06 21:27:13 Scanning 97 point from 713
01.06 21:27:13 Going to coordinates X=-29.291, Y=-39.291
01.06 21:27:13 Moving is finished
01.06 21:28:50 Scanning 98 point from 713
01.06 21:28:50 Going to coordinates X=-29.271, Y=-39.291
01.06 21:28:50 Moving is finished
01.06 21:30:27 Scanning 99 point from 713
01.06 21:30:27 Going to coordinates X=-29.251, Y=-39.291
01.06 21:30:27 Moving is finished
01.06 21:32:04 Scanning 100 point from 713
01.06 21:32:04 Going to coordinates X=-29.231, Y=-39.291
01.06 21:32:04 Moving is finished
01.06 21:33:40 Scanning 101 point from 713
01.06 21:33:40 Going to coordinates X=-29.211, Y=-39.291
01.06 21:33:41 Moving is finished
01.06 21:35:17 Scanning 102 point from 713
01.06 21:35:17 Going to coordinates X=-29.191, Y=-39.291
01.06 21:35:18 Moving is finished
01.06 21:36:54 Scanning 103 point from 713
01.06 21:36:54 Going to coordinates X=-29.171, Y=-39.291
01.06 21:36:54 Moving is finished
01.06 21:38:31 Scanning 104 point from 713
01.06 21:38:31 Going to coordinates X=-29.151, Y=-39.291
01.06 21:38:32 Moving is finished
01.06 21:40:08 Scanning 105 point from 713
01.06 21:40:08 Going to coordinates X=-29.131, Y=-39.291
01.06 21:40:08 Moving is finished
01.06 21:41:44 Scanning 106 point from 713
01.06 21:41:44 Going to coordinates X=-29.111, Y=-39.291
01.06 21:41:45 Moving is finished
01.06 21:43:21 Scanning 107 point from 713
01.06 21:43:21 Going to coordinates X=-29.091, Y=-39.291
01.06 21:43:22 Moving is finished
01.06 21:44:58 Scanning 108 point from 713
01.06 21:44:58 Going to coordinates X=-29.071, Y=-39.291
01.06 21:44:58 Moving is finished
01.06 21:46:35 Scanning 109 point from 713
01.06 21:46:35 Going to coordinates X=-29.051, Y=-39.291
01.06 21:46:35 Moving is finished
01.06 21:48:11 Scanning 110 point from 713
01.06 21:48:11 Going to coordinates X=-29.031, Y=-39.291
01.06 21:48:11 Moving is finished
01.06 21:49:48 Scanning 111 point from 713
01.06 21:49:48 Going to coordinates X=-29.011, Y=-39.291
01.06 21:49:48 Moving is finished
01.06 21:51:25 Scanning 112 point from 713
01.06 21:51:25 Going to coordinates X=-28.991, Y=-39.291
01.06 21:51:25 Moving is finished
01.06 21:53:02 Scanning 113 point from 713
01.06 21:53:02 Going to coordinates X=-28.971, Y=-39.291
01.06 21:53:02 Moving is finished
01.06 21:54:38 Scanning 114 point from 713
01.06 21:54:38 Going to coordinates X=-28.951, Y=-39.291
01.06 21:54:38 Moving is finished
01.06 21:56:15 Scanning 115 point from 713
01.06 21:56:15 Going to coordinates X=-28.931, Y=-39.291
01.06 21:56:15 Moving is finished
01.06 21:57:52 Scanning 116 point from 713
01.06 21:57:52 Going to coordinates X=-28.911, Y=-39.291
01.06 21:57:52 Moving is finished
01.06 21:59:29 Scanning 117 point from 713
01.06 21:59:29 Going to coordinates X=-28.891, Y=-39.291
01.06 21:59:29 Moving is finished
01.06 22:01:06 Scanning 118 point from 713
01.06 22:01:06 Going to coordinates X=-28.871, Y=-39.291
01.06 22:01:06 Moving is finished
01.06 22:02:43 Scanning 119 point from 713
01.06 22:02:43 Going to coordinates X=-28.851, Y=-39.291
01.06 22:02:43 Moving is finished
01.06 22:04:20 Scanning 120 point from 713
01.06 22:04:20 Going to coordinates X=-28.831, Y=-39.291
01.06 22:04:20 Moving is finished
01.06 22:05:57 Scanning 121 point from 713
01.06 22:05:57 Going to coordinates X=-28.811, Y=-39.291
01.06 22:05:57 Moving is finished
01.06 22:07:34 Scanning 122 point from 713
01.06 22:07:34 Going to coordinates X=-28.791, Y=-39.291
01.06 22:07:34 Moving is finished
01.06 22:09:11 Scanning 123 point from 713
01.06 22:09:11 Going to coordinates X=-28.771, Y=-39.291
01.06 22:09:11 Moving is finished
01.06 22:10:47 Scanning 124 point from 713
01.06 22:10:47 Going to coordinates X=-29.371, Y=-39.271
01.06 22:10:48 Moving is finished
01.06 22:12:25 Scanning 125 point from 713
01.06 22:12:25 Going to coordinates X=-29.351, Y=-39.271
01.06 22:12:25 Moving is finished
01.06 22:14:01 Scanning 126 point from 713
01.06 22:14:01 Going to coordinates X=-29.331, Y=-39.271
01.06 22:14:02 Moving is finished
01.06 22:15:39 Scanning 127 point from 713
01.06 22:15:39 Going to coordinates X=-29.311, Y=-39.271
01.06 22:15:39 Moving is finished
01.06 22:17:15 Scanning 128 point from 713
01.06 22:17:15 Going to coordinates X=-29.291, Y=-39.271
01.06 22:17:15 Moving is finished
01.06 22:18:52 Scanning 129 point from 713
01.06 22:18:52 Going to coordinates X=-29.271, Y=-39.271
01.06 22:18:52 Moving is finished
01.06 22:20:29 Scanning 130 point from 713
01.06 22:20:29 Going to coordinates X=-29.251, Y=-39.271
01.06 22:20:29 Moving is finished
01.06 22:22:06 Scanning 131 point from 713
01.06 22:22:06 Going to coordinates X=-29.231, Y=-39.271
01.06 22:22:06 Moving is finished
01.06 22:23:42 Scanning 132 point from 713
01.06 22:23:42 Going to coordinates X=-29.211, Y=-39.271
01.06 22:23:42 Moving is finished
01.06 22:25:19 Scanning 133 point from 713
01.06 22:25:19 Going to coordinates X=-29.191, Y=-39.271
01.06 22:25:19 Moving is finished
01.06 22:26:56 Scanning 134 point from 713
01.06 22:26:56 Going to coordinates X=-29.171, Y=-39.271
01.06 22:26:56 Moving is finished
01.06 22:28:33 Scanning 135 point from 713
01.06 22:28:33 Going to coordinates X=-29.151, Y=-39.271
01.06 22:28:33 Moving is finished
01.06 22:30:10 Scanning 136 point from 713
01.06 22:30:10 Going to coordinates X=-29.131, Y=-39.271
01.06 22:30:10 Moving is finished
01.06 22:31:47 Scanning 137 point from 713
01.06 22:31:47 Going to coordinates X=-29.111, Y=-39.271
01.06 22:31:47 Moving is finished
01.06 22:33:24 Scanning 138 point from 713
01.06 22:33:24 Going to coordinates X=-29.091, Y=-39.271
01.06 22:33:24 Moving is finished
01.06 22:35:01 Scanning 139 point from 713
01.06 22:35:01 Going to coordinates X=-29.071, Y=-39.271
01.06 22:35:01 Moving is finished
01.06 22:36:37 Scanning 140 point from 713
01.06 22:36:37 Going to coordinates X=-29.051, Y=-39.271
01.06 22:36:38 Moving is finished
01.06 22:38:15 Scanning 141 point from 713
01.06 22:38:15 Going to coordinates X=-29.031, Y=-39.271
01.06 22:38:15 Moving is finished
01.06 22:39:52 Scanning 142 point from 713
01.06 22:39:52 Going to coordinates X=-29.011, Y=-39.271
01.06 22:39:52 Moving is finished
01.06 22:41:29 Scanning 143 point from 713
01.06 22:41:29 Going to coordinates X=-28.991, Y=-39.271
01.06 22:41:29 Moving is finished
01.06 22:43:05 Scanning 144 point from 713
01.06 22:43:05 Going to coordinates X=-28.971, Y=-39.271
01.06 22:43:05 Moving is finished
01.06 22:44:42 Scanning 145 point from 713
01.06 22:44:42 Going to coordinates X=-28.951, Y=-39.271
01.06 22:44:42 Moving is finished
01.06 22:46:19 Scanning 146 point from 713
01.06 22:46:19 Going to coordinates X=-28.931, Y=-39.271
01.06 22:46:19 Moving is finished
01.06 22:47:56 Scanning 147 point from 713
01.06 22:47:56 Going to coordinates X=-28.911, Y=-39.271
01.06 22:47:56 Moving is finished
01.06 22:49:33 Scanning 148 point from 713
01.06 22:49:33 Going to coordinates X=-28.891, Y=-39.271
01.06 22:49:33 Moving is finished
01.06 22:51:10 Scanning 149 point from 713
01.06 22:51:10 Going to coordinates X=-28.871, Y=-39.271
01.06 22:51:10 Moving is finished
01.06 22:52:47 Scanning 150 point from 713
01.06 22:52:47 Going to coordinates X=-28.851, Y=-39.271
01.06 22:52:47 Moving is finished
01.06 22:54:24 Scanning 151 point from 713
01.06 22:54:24 Going to coordinates X=-28.831, Y=-39.271
01.06 22:54:24 Moving is finished
01.06 22:56:00 Scanning 152 point from 713
01.06 22:56:00 Going to coordinates X=-28.811, Y=-39.271
01.06 22:56:00 Moving is finished
01.06 22:57:38 Scanning 153 point from 713
01.06 22:57:38 Going to coordinates X=-28.791, Y=-39.271
01.06 22:57:38 Moving is finished
01.06 22:59:15 Scanning 154 point from 713
01.06 22:59:15 Going to coordinates X=-28.771, Y=-39.271
01.06 22:59:15 Moving is finished
01.06 23:00:52 Scanning 155 point from 713
01.06 23:00:52 Going to coordinates X=-29.371, Y=-39.251
01.06 23:00:52 Moving is finished
01.06 23:02:29 Scanning 156 point from 713
01.06 23:02:29 Going to coordinates X=-29.351, Y=-39.251
01.06 23:02:29 Moving is finished
01.06 23:04:06 Scanning 157 point from 713
01.06 23:04:06 Going to coordinates X=-29.331, Y=-39.251
01.06 23:04:06 Moving is finished
01.06 23:05:43 Scanning 158 point from 713
01.06 23:05:43 Going to coordinates X=-29.311, Y=-39.251
01.06 23:05:43 Moving is finished
01.06 23:07:19 Scanning 159 point from 713
01.06 23:07:19 Going to coordinates X=-29.291, Y=-39.251
01.06 23:07:20 Moving is finished
01.06 23:08:56 Scanning 160 point from 713
01.06 23:08:56 Going to coordinates X=-29.271, Y=-39.251
01.06 23:08:56 Moving is finished
01.06 23:10:33 Scanning 161 point from 713
01.06 23:10:33 Going to coordinates X=-29.251, Y=-39.251
01.06 23:10:33 Moving is finished
01.06 23:12:10 Scanning 162 point from 713
01.06 23:12:10 Going to coordinates X=-29.231, Y=-39.251
01.06 23:12:10 Moving is finished
01.06 23:13:47 Scanning 163 point from 713
01.06 23:13:47 Going to coordinates X=-29.211, Y=-39.251
01.06 23:13:47 Moving is finished
01.06 23:15:24 Scanning 164 point from 713
01.06 23:15:24 Going to coordinates X=-29.191, Y=-39.251
01.06 23:15:24 Moving is finished
01.06 23:17:00 Scanning 165 point from 713
01.06 23:17:00 Going to coordinates X=-29.171, Y=-39.251
01.06 23:17:01 Moving is finished
01.06 23:18:38 Scanning 166 point from 713
01.06 23:18:38 Going to coordinates X=-29.151, Y=-39.251
01.06 23:18:38 Moving is finished
01.06 23:20:14 Scanning 167 point from 713
01.06 23:20:14 Going to coordinates X=-29.131, Y=-39.251
01.06 23:20:14 Moving is finished
01.06 23:21:51 Scanning 168 point from 713
01.06 23:21:51 Going to coordinates X=-29.111, Y=-39.251
01.06 23:21:51 Moving is finished
01.06 23:23:27 Scanning 169 point from 713
01.06 23:23:27 Going to coordinates X=-29.091, Y=-39.251
01.06 23:23:28 Moving is finished
01.06 23:25:05 Scanning 170 point from 713
01.06 23:25:05 Going to coordinates X=-29.071, Y=-39.251
01.06 23:25:05 Moving is finished
01.06 23:26:41 Scanning 171 point from 713
01.06 23:26:41 Going to coordinates X=-29.051, Y=-39.251
01.06 23:26:41 Moving is finished
01.06 23:28:18 Scanning 172 point from 713
01.06 23:28:18 Going to coordinates X=-29.031, Y=-39.251
01.06 23:28:18 Moving is finished
01.06 23:29:54 Scanning 173 point from 713
01.06 23:29:54 Going to coordinates X=-29.011, Y=-39.251
01.06 23:29:54 Moving is finished
01.06 23:31:31 Scanning 174 point from 713
01.06 23:31:31 Going to coordinates X=-28.991, Y=-39.251
01.06 23:31:31 Moving is finished
01.06 23:33:08 Scanning 175 point from 713
01.06 23:33:08 Going to coordinates X=-28.971, Y=-39.251
01.06 23:33:08 Moving is finished
01.06 23:34:45 Scanning 176 point from 713
01.06 23:34:45 Going to coordinates X=-28.951, Y=-39.251
01.06 23:34:45 Moving is finished
01.06 23:36:21 Scanning 177 point from 713
01.06 23:36:21 Going to coordinates X=-28.931, Y=-39.251
01.06 23:36:21 Moving is finished
01.06 23:37:57 Scanning 178 point from 713
01.06 23:37:57 Going to coordinates X=-28.911, Y=-39.251
01.06 23:37:58 Moving is finished
01.06 23:39:34 Scanning 179 point from 713
01.06 23:39:34 Going to coordinates X=-28.891, Y=-39.251
01.06 23:39:34 Moving is finished
01.06 23:41:11 Scanning 180 point from 713
01.06 23:41:11 Going to coordinates X=-28.871, Y=-39.251
01.06 23:41:12 Moving is finished
01.06 23:42:48 Scanning 181 point from 713
01.06 23:42:48 Going to coordinates X=-28.851, Y=-39.251
01.06 23:42:49 Moving is finished
01.06 23:44:25 Scanning 182 point from 713
01.06 23:44:25 Going to coordinates X=-28.831, Y=-39.251
01.06 23:44:25 Moving is finished
01.06 23:46:02 Scanning 183 point from 713
01.06 23:46:02 Going to coordinates X=-28.811, Y=-39.251
01.06 23:46:02 Moving is finished
01.06 23:47:39 Scanning 184 point from 713
01.06 23:47:39 Going to coordinates X=-28.791, Y=-39.251
01.06 23:47:39 Moving is finished
01.06 23:49:16 Scanning 185 point from 713
01.06 23:49:16 Going to coordinates X=-28.771, Y=-39.251
01.06 23:49:16 Moving is finished
01.06 23:50:52 Scanning 186 point from 713
01.06 23:50:52 Going to coordinates X=-29.371, Y=-39.231
01.06 23:50:53 Moving is finished
01.06 23:52:29 Scanning 187 point from 713
01.06 23:52:29 Going to coordinates X=-29.351, Y=-39.231
01.06 23:52:29 Moving is finished
01.06 23:54:06 Scanning 188 point from 713
01.06 23:54:06 Going to coordinates X=-29.331, Y=-39.231
01.06 23:54:06 Moving is finished
01.06 23:55:42 Scanning 189 point from 713
01.06 23:55:42 Going to coordinates X=-29.311, Y=-39.231
01.06 23:55:42 Moving is finished
01.06 23:57:19 Scanning 190 point from 713
01.06 23:57:19 Going to coordinates X=-29.291, Y=-39.231
01.06 23:57:19 Moving is finished
01.06 23:58:56 Scanning 191 point from 713
01.06 23:58:56 Going to coordinates X=-29.271, Y=-39.231
01.06 23:58:57 Moving is finished
02.06 00:00:33 Scanning 192 point from 713
02.06 00:00:33 Going to coordinates X=-29.251, Y=-39.231
02.06 00:00:33 Moving is finished
02.06 00:02:10 Scanning 193 point from 713
02.06 00:02:10 Going to coordinates X=-29.231, Y=-39.231
02.06 00:02:10 Moving is finished
02.06 00:03:47 Scanning 194 point from 713
02.06 00:03:47 Going to coordinates X=-29.211, Y=-39.231
02.06 00:03:47 Moving is finished
02.06 00:05:24 Scanning 195 point from 713
02.06 00:05:24 Going to coordinates X=-29.191, Y=-39.231
02.06 00:05:24 Moving is finished
02.06 00:07:01 Scanning 196 point from 713
02.06 00:07:01 Going to coordinates X=-29.171, Y=-39.231
02.06 00:07:01 Moving is finished
02.06 00:08:38 Scanning 197 point from 713
02.06 00:08:38 Going to coordinates X=-29.151, Y=-39.231
02.06 00:08:38 Moving is finished
02.06 00:10:14 Scanning 198 point from 713
02.06 00:10:14 Going to coordinates X=-29.131, Y=-39.231
02.06 00:10:14 Moving is finished
02.06 00:11:51 Scanning 199 point from 713
02.06 00:11:51 Going to coordinates X=-29.111, Y=-39.231
02.06 00:11:52 Moving is finished
02.06 00:13:28 Scanning 200 point from 713
02.06 00:13:28 Going to coordinates X=-29.091, Y=-39.231
02.06 00:13:28 Moving is finished
02.06 00:15:05 Scanning 201 point from 713
02.06 00:15:05 Going to coordinates X=-29.071, Y=-39.231
02.06 00:15:05 Moving is finished
02.06 00:16:41 Scanning 202 point from 713
02.06 00:16:41 Going to coordinates X=-29.051, Y=-39.231
02.06 00:16:41 Moving is finished
02.06 00:18:18 Scanning 203 point from 713
02.06 00:18:18 Going to coordinates X=-29.031, Y=-39.231
02.06 00:18:19 Moving is finished
02.06 00:19:55 Scanning 204 point from 713
02.06 00:19:55 Going to coordinates X=-29.011, Y=-39.231
02.06 00:19:55 Moving is finished
02.06 00:21:32 Scanning 205 point from 713
02.06 00:21:32 Going to coordinates X=-28.991, Y=-39.231
02.06 00:21:32 Moving is finished
02.06 00:23:09 Scanning 206 point from 713
02.06 00:23:09 Going to coordinates X=-28.971, Y=-39.231
02.06 00:23:09 Moving is finished
02.06 00:24:45 Scanning 207 point from 713
02.06 00:24:45 Going to coordinates X=-28.951, Y=-39.231
02.06 00:24:45 Moving is finished
02.06 00:26:22 Scanning 208 point from 713
02.06 00:26:22 Going to coordinates X=-28.931, Y=-39.231
02.06 00:26:22 Moving is finished
02.06 00:27:59 Scanning 209 point from 713
02.06 00:27:59 Going to coordinates X=-28.911, Y=-39.231
02.06 00:27:59 Moving is finished
02.06 00:29:35 Scanning 210 point from 713
02.06 00:29:35 Going to coordinates X=-28.891, Y=-39.231
02.06 00:29:35 Moving is finished
02.06 00:31:12 Scanning 211 point from 713
02.06 00:31:12 Going to coordinates X=-28.871, Y=-39.231
02.06 00:31:12 Moving is finished
02.06 00:32:48 Scanning 212 point from 713
02.06 00:32:48 Going to coordinates X=-28.851, Y=-39.231
02.06 00:32:49 Moving is finished
02.06 00:34:25 Scanning 213 point from 713
02.06 00:34:25 Going to coordinates X=-28.831, Y=-39.231
02.06 00:34:25 Moving is finished
02.06 00:36:02 Scanning 214 point from 713
02.06 00:36:02 Going to coordinates X=-28.811, Y=-39.231
02.06 00:36:02 Moving is finished
02.06 00:37:38 Scanning 215 point from 713
02.06 00:37:38 Going to coordinates X=-28.791, Y=-39.231
02.06 00:37:39 Moving is finished
02.06 00:39:15 Scanning 216 point from 713
02.06 00:39:15 Going to coordinates X=-28.771, Y=-39.231
02.06 00:39:15 Moving is finished
02.06 00:40:52 Scanning 217 point from 713
02.06 00:40:52 Going to coordinates X=-29.371, Y=-39.211
02.06 00:40:53 Moving is finished
02.06 00:42:29 Scanning 218 point from 713
02.06 00:42:29 Going to coordinates X=-29.351, Y=-39.211
02.06 00:42:29 Moving is finished
02.06 00:44:06 Scanning 219 point from 713
02.06 00:44:06 Going to coordinates X=-29.331, Y=-39.211
02.06 00:44:06 Moving is finished
02.06 00:45:42 Scanning 220 point from 713
02.06 00:45:42 Going to coordinates X=-29.311, Y=-39.211
02.06 00:45:43 Moving is finished
02.06 00:47:19 Scanning 221 point from 713
02.06 00:47:19 Going to coordinates X=-29.291, Y=-39.211
02.06 00:47:19 Moving is finished
02.06 00:48:55 Scanning 222 point from 713
02.06 00:48:55 Going to coordinates X=-29.271, Y=-39.211
02.06 00:48:56 Moving is finished
02.06 00:50:32 Scanning 223 point from 713
02.06 00:50:32 Going to coordinates X=-29.251, Y=-39.211
02.06 00:50:33 Moving is finished
02.06 00:52:09 Scanning 224 point from 713
02.06 00:52:09 Going to coordinates X=-29.231, Y=-39.211
02.06 00:52:09 Moving is finished
02.06 00:53:46 Scanning 225 point from 713
02.06 00:53:46 Going to coordinates X=-29.211, Y=-39.211
02.06 00:53:46 Moving is finished
02.06 00:55:22 Scanning 226 point from 713
02.06 00:55:22 Going to coordinates X=-29.191, Y=-39.211
02.06 00:55:22 Moving is finished
02.06 00:56:59 Scanning 227 point from 713
02.06 00:56:59 Going to coordinates X=-29.171, Y=-39.211
02.06 00:56:59 Moving is finished
02.06 00:58:35 Scanning 228 point from 713
02.06 00:58:35 Going to coordinates X=-29.151, Y=-39.211
02.06 00:58:35 Moving is finished
02.06 01:00:11 Scanning 229 point from 713
02.06 01:00:11 Going to coordinates X=-29.131, Y=-39.211
02.06 01:00:12 Moving is finished
02.06 01:01:48 Scanning 230 point from 713
02.06 01:01:48 Going to coordinates X=-29.111, Y=-39.211
02.06 01:01:49 Moving is finished
02.06 01:03:25 Scanning 231 point from 713
02.06 01:03:25 Going to coordinates X=-29.091, Y=-39.211
02.06 01:03:25 Moving is finished
02.06 01:05:02 Scanning 232 point from 713
02.06 01:05:02 Going to coordinates X=-29.071, Y=-39.211
02.06 01:05:02 Moving is finished
02.06 01:06:39 Scanning 233 point from 713
02.06 01:06:39 Going to coordinates X=-29.051, Y=-39.211
02.06 01:06:39 Moving is finished
02.06 01:08:16 Scanning 234 point from 713
02.06 01:08:16 Going to coordinates X=-29.031, Y=-39.211
02.06 01:08:16 Moving is finished
02.06 01:09:52 Scanning 235 point from 713
02.06 01:09:52 Going to coordinates X=-29.011, Y=-39.211
02.06 01:09:52 Moving is finished
02.06 01:11:29 Scanning 236 point from 713
02.06 01:11:29 Going to coordinates X=-28.991, Y=-39.211
02.06 01:11:29 Moving is finished
02.06 01:13:06 Scanning 237 point from 713
02.06 01:13:06 Going to coordinates X=-28.971, Y=-39.211
02.06 01:13:06 Moving is finished
02.06 01:14:42 Scanning 238 point from 713
02.06 01:14:42 Going to coordinates X=-28.951, Y=-39.211
02.06 01:14:43 Moving is finished
02.06 01:16:20 Scanning 239 point from 713
02.06 01:16:20 Going to coordinates X=-28.931, Y=-39.211
02.06 01:16:20 Moving is finished
02.06 01:17:57 Scanning 240 point from 713
02.06 01:17:57 Going to coordinates X=-28.911, Y=-39.211
02.06 01:17:57 Moving is finished
02.06 01:19:34 Scanning 241 point from 713
02.06 01:19:34 Going to coordinates X=-28.891, Y=-39.211
02.06 01:19:34 Moving is finished
02.06 01:21:10 Scanning 242 point from 713
02.06 01:21:10 Going to coordinates X=-28.871, Y=-39.211
02.06 01:21:10 Moving is finished
02.06 01:22:47 Scanning 243 point from 713
02.06 01:22:47 Going to coordinates X=-28.851, Y=-39.211
02.06 01:22:47 Moving is finished
02.06 01:24:24 Scanning 244 point from 713
02.06 01:24:24 Going to coordinates X=-28.831, Y=-39.211
02.06 01:24:24 Moving is finished
02.06 01:26:01 Scanning 245 point from 713
02.06 01:26:01 Going to coordinates X=-28.811, Y=-39.211
02.06 01:26:01 Moving is finished
02.06 01:27:38 Scanning 246 point from 713
02.06 01:27:38 Going to coordinates X=-28.791, Y=-39.211
02.06 01:27:38 Moving is finished
02.06 01:29:14 Scanning 247 point from 713
02.06 01:29:14 Going to coordinates X=-28.771, Y=-39.211
02.06 01:29:14 Moving is finished
02.06 01:30:51 Scanning 248 point from 713
02.06 01:30:51 Going to coordinates X=-29.371, Y=-39.191
02.06 01:30:51 Moving is finished
02.06 01:32:28 Scanning 249 point from 713
02.06 01:32:28 Going to coordinates X=-29.351, Y=-39.191
02.06 01:32:28 Moving is finished
02.06 01:34:05 Scanning 250 point from 713
02.06 01:34:05 Going to coordinates X=-29.331, Y=-39.191
02.06 01:34:05 Moving is finished
02.06 01:35:42 Scanning 251 point from 713
02.06 01:35:42 Going to coordinates X=-29.311, Y=-39.191
02.06 01:35:42 Moving is finished
02.06 01:37:18 Scanning 252 point from 713
02.06 01:37:18 Going to coordinates X=-29.291, Y=-39.191
02.06 01:37:18 Moving is finished
02.06 01:38:55 Scanning 253 point from 713
02.06 01:38:55 Going to coordinates X=-29.271, Y=-39.191
02.06 01:38:55 Moving is finished
02.06 01:40:31 Scanning 254 point from 713
02.06 01:40:31 Going to coordinates X=-29.251, Y=-39.191
02.06 01:40:31 Moving is finished
02.06 01:42:08 Scanning 255 point from 713
02.06 01:42:08 Going to coordinates X=-29.231, Y=-39.191
02.06 01:42:08 Moving is finished
02.06 01:43:45 Scanning 256 point from 713
02.06 01:43:45 Going to coordinates X=-29.211, Y=-39.191
02.06 01:43:45 Moving is finished
02.06 01:45:21 Scanning 257 point from 713
02.06 01:45:21 Going to coordinates X=-29.191, Y=-39.191
02.06 01:45:21 Moving is finished
02.06 01:46:58 Scanning 258 point from 713
02.06 01:46:58 Going to coordinates X=-29.171, Y=-39.191
02.06 01:46:58 Moving is finished
02.06 01:48:35 Scanning 259 point from 713
02.06 01:48:35 Going to coordinates X=-29.151, Y=-39.191
02.06 01:48:35 Moving is finished
02.06 01:50:12 Scanning 260 point from 713
02.06 01:50:12 Going to coordinates X=-29.131, Y=-39.191
02.06 01:50:12 Moving is finished
02.06 01:51:48 Scanning 261 point from 713
02.06 01:51:48 Going to coordinates X=-29.111, Y=-39.191
02.06 01:51:49 Moving is finished
02.06 01:53:25 Scanning 262 point from 713
02.06 01:53:25 Going to coordinates X=-29.091, Y=-39.191
02.06 01:53:25 Moving is finished
02.06 01:55:02 Scanning 263 point from 713
02.06 01:55:02 Going to coordinates X=-29.071, Y=-39.191
02.06 01:55:02 Moving is finished
02.06 01:56:40 Scanning 264 point from 713
02.06 01:56:40 Going to coordinates X=-29.051, Y=-39.191
02.06 01:56:40 Moving is finished
02.06 01:58:17 Scanning 265 point from 713
02.06 01:58:17 Going to coordinates X=-29.031, Y=-39.191
02.06 01:58:17 Moving is finished
02.06 01:59:53 Scanning 266 point from 713
02.06 01:59:53 Going to coordinates X=-29.011, Y=-39.191
02.06 01:59:54 Moving is finished
02.06 02:01:30 Scanning 267 point from 713
02.06 02:01:30 Going to coordinates X=-28.991, Y=-39.191
02.06 02:01:31 Moving is finished
02.06 02:03:08 Scanning 268 point from 713
02.06 02:03:08 Going to coordinates X=-28.971, Y=-39.191
02.06 02:03:08 Moving is finished
02.06 02:04:44 Scanning 269 point from 713
02.06 02:04:44 Going to coordinates X=-28.951, Y=-39.191
02.06 02:04:45 Moving is finished
02.06 02:06:21 Scanning 270 point from 713
02.06 02:06:21 Going to coordinates X=-28.931, Y=-39.191
02.06 02:06:21 Moving is finished
02.06 02:07:58 Scanning 271 point from 713
02.06 02:07:58 Going to coordinates X=-28.911, Y=-39.191
02.06 02:07:58 Moving is finished
02.06 02:09:34 Scanning 272 point from 713
02.06 02:09:34 Going to coordinates X=-28.891, Y=-39.191
02.06 02:09:34 Moving is finished
02.06 02:11:11 Scanning 273 point from 713
02.06 02:11:11 Going to coordinates X=-28.871, Y=-39.191
02.06 02:11:12 Moving is finished
02.06 02:12:49 Scanning 274 point from 713
02.06 02:12:49 Going to coordinates X=-28.851, Y=-39.191
02.06 02:12:49 Moving is finished
02.06 02:14:26 Scanning 275 point from 713
02.06 02:14:26 Going to coordinates X=-28.831, Y=-39.191
02.06 02:14:26 Moving is finished
02.06 02:16:02 Scanning 276 point from 713
02.06 02:16:02 Going to coordinates X=-28.811, Y=-39.191
02.06 02:16:02 Moving is finished
02.06 02:17:39 Scanning 277 point from 713
02.06 02:17:39 Going to coordinates X=-28.791, Y=-39.191
02.06 02:17:40 Moving is finished
02.06 02:19:17 Scanning 278 point from 713
02.06 02:19:17 Going to coordinates X=-28.771, Y=-39.191
02.06 02:19:17 Moving is finished
02.06 02:20:53 Scanning 279 point from 713
02.06 02:20:53 Going to coordinates X=-29.371, Y=-39.171
02.06 02:20:54 Moving is finished
02.06 02:22:30 Scanning 280 point from 713
02.06 02:22:30 Going to coordinates X=-29.351, Y=-39.171
02.06 02:22:31 Moving is finished
02.06 02:24:07 Scanning 281 point from 713
02.06 02:24:07 Going to coordinates X=-29.331, Y=-39.171
02.06 02:24:07 Moving is finished
02.06 02:25:44 Scanning 282 point from 713
02.06 02:25:44 Going to coordinates X=-29.311, Y=-39.171
02.06 02:25:44 Moving is finished
02.06 02:27:20 Scanning 283 point from 713
02.06 02:27:20 Going to coordinates X=-29.291, Y=-39.171
02.06 02:27:21 Moving is finished
02.06 02:28:57 Scanning 284 point from 713
02.06 02:28:57 Going to coordinates X=-29.271, Y=-39.171
02.06 02:28:57 Moving is finished
02.06 02:30:34 Scanning 285 point from 713
02.06 02:30:34 Going to coordinates X=-29.251, Y=-39.171
02.06 02:30:34 Moving is finished
02.06 02:32:11 Scanning 286 point from 713
02.06 02:32:11 Going to coordinates X=-29.231, Y=-39.171
02.06 02:32:11 Moving is finished
02.06 02:33:48 Scanning 287 point from 713
02.06 02:33:48 Going to coordinates X=-29.211, Y=-39.171
02.06 02:33:48 Moving is finished
02.06 02:35:25 Scanning 288 point from 713
02.06 02:35:25 Going to coordinates X=-29.191, Y=-39.171
02.06 02:35:25 Moving is finished
02.06 02:37:02 Scanning 289 point from 713
02.06 02:37:02 Going to coordinates X=-29.171, Y=-39.171
02.06 02:37:02 Moving is finished
02.06 02:38:38 Scanning 290 point from 713
02.06 02:38:38 Going to coordinates X=-29.151, Y=-39.171
02.06 02:38:38 Moving is finished
02.06 02:40:15 Scanning 291 point from 713
02.06 02:40:15 Going to coordinates X=-29.131, Y=-39.171
02.06 02:40:15 Moving is finished
02.06 02:41:52 Scanning 292 point from 713
02.06 02:41:52 Going to coordinates X=-29.111, Y=-39.171
02.06 02:41:52 Moving is finished
02.06 02:43:29 Scanning 293 point from 713
02.06 02:43:29 Going to coordinates X=-29.091, Y=-39.171
02.06 02:43:29 Moving is finished
02.06 02:45:05 Scanning 294 point from 713
02.06 02:45:05 Going to coordinates X=-29.071, Y=-39.171
02.06 02:45:06 Moving is finished
02.06 02:46:42 Scanning 295 point from 713
02.06 02:46:42 Going to coordinates X=-29.051, Y=-39.171
02.06 02:46:42 Moving is finished
02.06 02:48:19 Scanning 296 point from 713
02.06 02:48:19 Going to coordinates X=-29.031, Y=-39.171
02.06 02:48:19 Moving is finished
02.06 02:49:55 Scanning 297 point from 713
02.06 02:49:55 Going to coordinates X=-29.011, Y=-39.171
02.06 02:49:55 Moving is finished
02.06 02:51:32 Scanning 298 point from 713
02.06 02:51:32 Going to coordinates X=-28.991, Y=-39.171
02.06 02:51:32 Moving is finished
02.06 02:53:09 Scanning 299 point from 713
02.06 02:53:09 Going to coordinates X=-28.971, Y=-39.171
02.06 02:53:09 Moving is finished
02.06 02:54:46 Scanning 300 point from 713
02.06 02:54:46 Going to coordinates X=-28.951, Y=-39.171
02.06 02:54:46 Moving is finished
02.06 02:56:23 Scanning 301 point from 713
02.06 02:56:23 Going to coordinates X=-28.931, Y=-39.171
02.06 02:56:23 Moving is finished
02.06 02:58:00 Scanning 302 point from 713
02.06 02:58:00 Going to coordinates X=-28.911, Y=-39.171
02.06 02:58:00 Moving is finished
02.06 02:59:36 Scanning 303 point from 713
02.06 02:59:36 Going to coordinates X=-28.891, Y=-39.171
02.06 02:59:37 Moving is finished
02.06 03:01:13 Scanning 304 point from 713
02.06 03:01:13 Going to coordinates X=-28.871, Y=-39.171
02.06 03:01:13 Moving is finished
02.06 03:02:50 Scanning 305 point from 713
02.06 03:02:50 Going to coordinates X=-28.851, Y=-39.171
02.06 03:02:50 Moving is finished
02.06 03:04:27 Scanning 306 point from 713
02.06 03:04:27 Going to coordinates X=-28.831, Y=-39.171
02.06 03:04:27 Moving is finished
02.06 03:06:04 Scanning 307 point from 713
02.06 03:06:04 Going to coordinates X=-28.811, Y=-39.171
02.06 03:06:04 Moving is finished
02.06 03:07:41 Scanning 308 point from 713
02.06 03:07:41 Going to coordinates X=-28.791, Y=-39.171
02.06 03:07:41 Moving is finished
02.06 03:09:18 Scanning 309 point from 713
02.06 03:09:18 Going to coordinates X=-28.771, Y=-39.171
02.06 03:09:18 Moving is finished
02.06 03:10:55 Scanning 310 point from 713
02.06 03:10:55 Going to coordinates X=-29.371, Y=-39.151
02.06 03:10:56 Moving is finished
02.06 03:12:32 Scanning 311 point from 713
02.06 03:12:32 Going to coordinates X=-29.351, Y=-39.151
02.06 03:12:32 Moving is finished
02.06 03:14:09 Scanning 312 point from 713
02.06 03:14:09 Going to coordinates X=-29.331, Y=-39.151
02.06 03:14:10 Moving is finished
02.06 03:15:46 Scanning 313 point from 713
02.06 03:15:46 Going to coordinates X=-29.311, Y=-39.151
02.06 03:15:46 Moving is finished
02.06 03:17:23 Scanning 314 point from 713
02.06 03:17:23 Going to coordinates X=-29.291, Y=-39.151
02.06 03:17:23 Moving is finished
02.06 03:19:00 Scanning 315 point from 713
02.06 03:19:00 Going to coordinates X=-29.271, Y=-39.151
02.06 03:19:00 Moving is finished
02.06 03:20:37 Scanning 316 point from 713
02.06 03:20:37 Going to coordinates X=-29.251, Y=-39.151
02.06 03:20:37 Moving is finished
02.06 03:22:14 Scanning 317 point from 713
02.06 03:22:14 Going to coordinates X=-29.231, Y=-39.151
02.06 03:22:14 Moving is finished
02.06 03:23:51 Scanning 318 point from 713
02.06 03:23:51 Going to coordinates X=-29.211, Y=-39.151
02.06 03:23:51 Moving is finished
02.06 03:25:28 Scanning 319 point from 713
02.06 03:25:28 Going to coordinates X=-29.191, Y=-39.151
02.06 03:25:28 Moving is finished
02.06 03:27:05 Scanning 320 point from 713
02.06 03:27:05 Going to coordinates X=-29.171, Y=-39.151
02.06 03:27:05 Moving is finished
02.06 03:28:42 Scanning 321 point from 713
02.06 03:28:42 Going to coordinates X=-29.151, Y=-39.151
02.06 03:28:42 Moving is finished
02.06 03:30:18 Scanning 322 point from 713
02.06 03:30:18 Going to coordinates X=-29.131, Y=-39.151
02.06 03:30:18 Moving is finished
02.06 03:31:55 Scanning 323 point from 713
02.06 03:31:55 Going to coordinates X=-29.111, Y=-39.151
02.06 03:31:55 Moving is finished
02.06 03:33:32 Scanning 324 point from 713
02.06 03:33:32 Going to coordinates X=-29.091, Y=-39.151
02.06 03:33:32 Moving is finished
02.06 03:35:08 Scanning 325 point from 713
02.06 03:35:08 Going to coordinates X=-29.071, Y=-39.151
02.06 03:35:08 Moving is finished
02.06 03:36:45 Scanning 326 point from 713
02.06 03:36:45 Going to coordinates X=-29.051, Y=-39.151
02.06 03:36:45 Moving is finished
02.06 03:38:22 Scanning 327 point from 713
02.06 03:38:22 Going to coordinates X=-29.031, Y=-39.151
02.06 03:38:22 Moving is finished
02.06 03:39:59 Scanning 328 point from 713
02.06 03:39:59 Going to coordinates X=-29.011, Y=-39.151
02.06 03:39:59 Moving is finished
02.06 03:41:35 Scanning 329 point from 713
02.06 03:41:35 Going to coordinates X=-28.991, Y=-39.151
02.06 03:41:35 Moving is finished
02.06 03:43:12 Scanning 330 point from 713
02.06 03:43:12 Going to coordinates X=-28.971, Y=-39.151
02.06 03:43:12 Moving is finished
02.06 03:44:49 Scanning 331 point from 713
02.06 03:44:49 Going to coordinates X=-28.951, Y=-39.151
02.06 03:44:49 Moving is finished
02.06 03:46:26 Scanning 332 point from 713
02.06 03:46:26 Going to coordinates X=-28.931, Y=-39.151
02.06 03:46:26 Moving is finished
02.06 03:48:03 Scanning 333 point from 713
02.06 03:48:03 Going to coordinates X=-28.911, Y=-39.151
02.06 03:48:03 Moving is finished
02.06 03:49:40 Scanning 334 point from 713
02.06 03:49:40 Going to coordinates X=-28.891, Y=-39.151
02.06 03:49:40 Moving is finished
02.06 03:51:17 Scanning 335 point from 713
02.06 03:51:17 Going to coordinates X=-28.871, Y=-39.151
02.06 03:51:17 Moving is finished
02.06 03:52:54 Scanning 336 point from 713
02.06 03:52:54 Going to coordinates X=-28.851, Y=-39.151
02.06 03:52:54 Moving is finished
02.06 03:54:31 Scanning 337 point from 713
02.06 03:54:31 Going to coordinates X=-28.831, Y=-39.151
02.06 03:54:31 Moving is finished
02.06 03:56:08 Scanning 338 point from 713
02.06 03:56:08 Going to coordinates X=-28.811, Y=-39.151
02.06 03:56:08 Moving is finished
02.06 03:57:44 Scanning 339 point from 713
02.06 03:57:44 Going to coordinates X=-28.791, Y=-39.151
02.06 03:57:45 Moving is finished
02.06 03:59:21 Scanning 340 point from 713
02.06 03:59:21 Going to coordinates X=-28.771, Y=-39.151
02.06 03:59:21 Moving is finished
02.06 04:00:58 Scanning 341 point from 713
02.06 04:00:58 Going to coordinates X=-29.371, Y=-39.131
02.06 04:00:59 Moving is finished
02.06 04:02:36 Scanning 342 point from 713
02.06 04:02:36 Going to coordinates X=-29.351, Y=-39.131
02.06 04:02:36 Moving is finished
02.06 04:04:12 Scanning 343 point from 713
02.06 04:04:12 Going to coordinates X=-29.331, Y=-39.131
02.06 04:04:12 Moving is finished
02.06 04:05:49 Scanning 344 point from 713
02.06 04:05:49 Going to coordinates X=-29.311, Y=-39.131
02.06 04:05:49 Moving is finished
02.06 04:07:26 Scanning 345 point from 713
02.06 04:07:26 Going to coordinates X=-29.291, Y=-39.131
02.06 04:07:26 Moving is finished
02.06 04:09:02 Scanning 346 point from 713
02.06 04:09:02 Going to coordinates X=-29.271, Y=-39.131
02.06 04:09:02 Moving is finished
02.06 04:10:39 Scanning 347 point from 713
02.06 04:10:39 Going to coordinates X=-29.251, Y=-39.131
02.06 04:10:39 Moving is finished
02.06 04:12:16 Scanning 348 point from 713
02.06 04:12:16 Going to coordinates X=-29.231, Y=-39.131
02.06 04:12:16 Moving is finished
02.06 04:13:52 Scanning 349 point from 713
02.06 04:13:52 Going to coordinates X=-29.211, Y=-39.131
02.06 04:13:53 Moving is finished
02.06 04:15:29 Scanning 350 point from 713
02.06 04:15:29 Going to coordinates X=-29.191, Y=-39.131
02.06 04:15:30 Moving is finished
02.06 04:17:06 Scanning 351 point from 713
02.06 04:17:06 Going to coordinates X=-29.171, Y=-39.131
02.06 04:17:06 Moving is finished
02.06 04:18:43 Scanning 352 point from 713
02.06 04:18:43 Going to coordinates X=-29.151, Y=-39.131
02.06 04:18:43 Moving is finished
02.06 04:20:20 Scanning 353 point from 713
02.06 04:20:20 Going to coordinates X=-29.131, Y=-39.131
02.06 04:20:20 Moving is finished
02.06 04:21:57 Scanning 354 point from 713
02.06 04:21:57 Going to coordinates X=-29.111, Y=-39.131
02.06 04:21:57 Moving is finished
02.06 04:23:33 Scanning 355 point from 713
02.06 04:23:33 Going to coordinates X=-29.091, Y=-39.131
02.06 04:23:34 Moving is finished
02.06 04:25:10 Scanning 356 point from 713
02.06 04:25:10 Going to coordinates X=-29.071, Y=-39.131
02.06 04:25:10 Moving is finished
02.06 04:26:47 Scanning 357 point from 713
02.06 04:26:47 Going to coordinates X=-29.051, Y=-39.131
02.06 04:26:47 Moving is finished
02.06 04:28:24 Scanning 358 point from 713
02.06 04:28:24 Going to coordinates X=-29.031, Y=-39.131
02.06 04:28:24 Moving is finished
02.06 04:30:01 Scanning 359 point from 713
02.06 04:30:01 Going to coordinates X=-29.011, Y=-39.131
02.06 04:30:01 Moving is finished
02.06 04:31:38 Scanning 360 point from 713
02.06 04:31:38 Going to coordinates X=-28.991, Y=-39.131
02.06 04:31:38 Moving is finished
02.06 04:33:14 Scanning 361 point from 713
02.06 04:33:14 Going to coordinates X=-28.971, Y=-39.131
02.06 04:33:14 Moving is finished
02.06 04:34:51 Scanning 362 point from 713
02.06 04:34:51 Going to coordinates X=-28.951, Y=-39.131
02.06 04:34:51 Moving is finished
02.06 04:36:28 Scanning 363 point from 713
02.06 04:36:28 Going to coordinates X=-28.931, Y=-39.131
02.06 04:36:28 Moving is finished
02.06 04:38:05 Scanning 364 point from 713
02.06 04:38:05 Going to coordinates X=-28.911, Y=-39.131
02.06 04:38:05 Moving is finished
02.06 04:39:42 Scanning 365 point from 713
02.06 04:39:42 Going to coordinates X=-28.891, Y=-39.131
02.06 04:39:42 Moving is finished
02.06 04:41:19 Scanning 366 point from 713
02.06 04:41:19 Going to coordinates X=-28.871, Y=-39.131
02.06 04:41:20 Moving is finished
02.06 04:42:56 Scanning 367 point from 713
02.06 04:42:56 Going to coordinates X=-28.851, Y=-39.131
02.06 04:42:56 Moving is finished
02.06 04:44:33 Scanning 368 point from 713
02.06 04:44:33 Going to coordinates X=-28.831, Y=-39.131
02.06 04:44:33 Moving is finished
02.06 04:46:09 Scanning 369 point from 713
02.06 04:46:09 Going to coordinates X=-28.811, Y=-39.131
02.06 04:46:09 Moving is finished
02.06 04:47:46 Scanning 370 point from 713
02.06 04:47:46 Going to coordinates X=-28.791, Y=-39.131
02.06 04:47:46 Moving is finished
02.06 04:49:23 Scanning 371 point from 713
02.06 04:49:23 Going to coordinates X=-28.771, Y=-39.131
02.06 04:49:23 Moving is finished
02.06 04:50:59 Scanning 372 point from 713
02.06 04:50:59 Going to coordinates X=-29.371, Y=-39.111
02.06 04:51:00 Moving is finished
02.06 04:52:36 Scanning 373 point from 713
02.06 04:52:36 Going to coordinates X=-29.351, Y=-39.111
02.06 04:52:36 Moving is finished
02.06 04:54:13 Scanning 374 point from 713
02.06 04:54:13 Going to coordinates X=-29.331, Y=-39.111
02.06 04:54:13 Moving is finished
02.06 04:55:49 Scanning 375 point from 713
02.06 04:55:49 Going to coordinates X=-29.311, Y=-39.111
02.06 04:55:49 Moving is finished
02.06 04:57:26 Scanning 376 point from 713
02.06 04:57:26 Going to coordinates X=-29.291, Y=-39.111
02.06 04:57:26 Moving is finished
02.06 04:59:02 Scanning 377 point from 713
02.06 04:59:02 Going to coordinates X=-29.271, Y=-39.111
02.06 04:59:03 Moving is finished
02.06 05:00:39 Scanning 378 point from 713
02.06 05:00:39 Going to coordinates X=-29.251, Y=-39.111
02.06 05:00:39 Moving is finished
02.06 05:02:17 Scanning 379 point from 713
02.06 05:02:17 Going to coordinates X=-29.231, Y=-39.111
02.06 05:02:17 Moving is finished
02.06 05:03:54 Scanning 380 point from 713
02.06 05:03:54 Going to coordinates X=-29.211, Y=-39.111
02.06 05:03:54 Moving is finished
02.06 05:05:31 Scanning 381 point from 713
02.06 05:05:31 Going to coordinates X=-29.191, Y=-39.111
02.06 05:05:31 Moving is finished
02.06 05:07:08 Scanning 382 point from 713
02.06 05:07:08 Going to coordinates X=-29.171, Y=-39.111
02.06 05:07:08 Moving is finished
02.06 05:08:44 Scanning 383 point from 713
02.06 05:08:44 Going to coordinates X=-29.151, Y=-39.111
02.06 05:08:44 Moving is finished
02.06 05:10:21 Scanning 384 point from 713
02.06 05:10:21 Going to coordinates X=-29.131, Y=-39.111
02.06 05:10:21 Moving is finished
02.06 05:11:58 Scanning 385 point from 713
02.06 05:11:58 Going to coordinates X=-29.111, Y=-39.111
02.06 05:11:58 Moving is finished
02.06 05:13:35 Scanning 386 point from 713
02.06 05:13:35 Going to coordinates X=-29.091, Y=-39.111
02.06 05:13:35 Moving is finished
02.06 05:15:11 Scanning 387 point from 713
02.06 05:15:11 Going to coordinates X=-29.071, Y=-39.111
02.06 05:15:12 Moving is finished
02.06 05:16:48 Scanning 388 point from 713
02.06 05:16:48 Going to coordinates X=-29.051, Y=-39.111
02.06 05:16:48 Moving is finished
02.06 05:18:25 Scanning 389 point from 713
02.06 05:18:25 Going to coordinates X=-29.031, Y=-39.111
02.06 05:18:25 Moving is finished
02.06 05:20:01 Scanning 390 point from 713
02.06 05:20:01 Going to coordinates X=-29.011, Y=-39.111
02.06 05:20:01 Moving is finished
02.06 05:21:38 Scanning 391 point from 713
02.06 05:21:38 Going to coordinates X=-28.991, Y=-39.111
02.06 05:21:39 Moving is finished
02.06 05:23:16 Scanning 392 point from 713
02.06 05:23:16 Going to coordinates X=-28.971, Y=-39.111
02.06 05:23:16 Moving is finished
02.06 05:24:52 Scanning 393 point from 713
02.06 05:24:52 Going to coordinates X=-28.951, Y=-39.111
02.06 05:24:52 Moving is finished
02.06 05:26:29 Scanning 394 point from 713
02.06 05:26:29 Going to coordinates X=-28.931, Y=-39.111
02.06 05:26:29 Moving is finished
02.06 05:28:05 Scanning 395 point from 713
02.06 05:28:05 Going to coordinates X=-28.911, Y=-39.111
02.06 05:28:06 Moving is finished
02.06 05:29:42 Scanning 396 point from 713
02.06 05:29:42 Going to coordinates X=-28.891, Y=-39.111
02.06 05:29:42 Moving is finished
02.06 05:31:19 Scanning 397 point from 713
02.06 05:31:19 Going to coordinates X=-28.871, Y=-39.111
02.06 05:31:19 Moving is finished
02.06 05:32:55 Scanning 398 point from 713
02.06 05:32:55 Going to coordinates X=-28.851, Y=-39.111
02.06 05:32:56 Moving is finished
02.06 05:34:32 Scanning 399 point from 713
02.06 05:34:32 Going to coordinates X=-28.831, Y=-39.111
02.06 05:34:32 Moving is finished
02.06 05:36:09 Scanning 400 point from 713
02.06 05:36:09 Going to coordinates X=-28.811, Y=-39.111
02.06 05:36:09 Moving is finished
02.06 05:37:47 Scanning 401 point from 713
02.06 05:37:47 Going to coordinates X=-28.791, Y=-39.111
02.06 05:37:47 Moving is finished
02.06 05:39:24 Scanning 402 point from 713
02.06 05:39:24 Going to coordinates X=-28.771, Y=-39.111
02.06 05:39:24 Moving is finished
02.06 05:41:01 Scanning 403 point from 713
02.06 05:41:01 Going to coordinates X=-29.371, Y=-39.091
02.06 05:41:01 Moving is finished
02.06 05:42:38 Scanning 404 point from 713
02.06 05:42:38 Going to coordinates X=-29.351, Y=-39.091
02.06 05:42:38 Moving is finished
02.06 05:44:16 Scanning 405 point from 713
02.06 05:44:16 Going to coordinates X=-29.331, Y=-39.091
02.06 05:44:16 Moving is finished
02.06 05:45:53 Scanning 406 point from 713
02.06 05:45:53 Going to coordinates X=-29.311, Y=-39.091
02.06 05:45:53 Moving is finished
02.06 05:47:29 Scanning 407 point from 713
02.06 05:47:29 Going to coordinates X=-29.291, Y=-39.091
02.06 05:47:30 Moving is finished
02.06 05:49:06 Scanning 408 point from 713
02.06 05:49:06 Going to coordinates X=-29.271, Y=-39.091
02.06 05:49:07 Moving is finished
02.06 05:50:44 Scanning 409 point from 713
02.06 05:50:44 Going to coordinates X=-29.251, Y=-39.091
02.06 05:50:44 Moving is finished
02.06 05:52:21 Scanning 410 point from 713
02.06 05:52:21 Going to coordinates X=-29.231, Y=-39.091
02.06 05:52:21 Moving is finished
02.06 05:53:58 Scanning 411 point from 713
02.06 05:53:58 Going to coordinates X=-29.211, Y=-39.091
02.06 05:53:58 Moving is finished
02.06 05:55:35 Scanning 412 point from 713
02.06 05:55:35 Going to coordinates X=-29.191, Y=-39.091
02.06 05:55:35 Moving is finished
02.06 05:57:12 Scanning 413 point from 713
02.06 05:57:12 Going to coordinates X=-29.171, Y=-39.091
02.06 05:57:12 Moving is finished
02.06 05:58:50 Scanning 414 point from 713
02.06 05:58:50 Going to coordinates X=-29.151, Y=-39.091
02.06 05:58:50 Moving is finished
02.06 06:00:27 Scanning 415 point from 713
02.06 06:00:27 Going to coordinates X=-29.131, Y=-39.091
02.06 06:00:27 Moving is finished
02.06 06:02:03 Scanning 416 point from 713
02.06 06:02:03 Going to coordinates X=-29.111, Y=-39.091
02.06 06:02:03 Moving is finished
02.06 06:03:40 Scanning 417 point from 713
02.06 06:03:40 Going to coordinates X=-29.091, Y=-39.091
02.06 06:03:40 Moving is finished
02.06 06:05:16 Scanning 418 point from 713
02.06 06:05:16 Going to coordinates X=-29.071, Y=-39.091
02.06 06:05:16 Moving is finished
02.06 06:06:53 Scanning 419 point from 713
02.06 06:06:53 Going to coordinates X=-29.051, Y=-39.091
02.06 06:06:54 Moving is finished
02.06 06:08:30 Scanning 420 point from 713
02.06 06:08:30 Going to coordinates X=-29.031, Y=-39.091
02.06 06:08:30 Moving is finished
02.06 06:10:07 Scanning 421 point from 713
02.06 06:10:07 Going to coordinates X=-29.011, Y=-39.091
02.06 06:10:07 Moving is finished
02.06 06:11:44 Scanning 422 point from 713
02.06 06:11:44 Going to coordinates X=-28.991, Y=-39.091
02.06 06:11:44 Moving is finished
02.06 06:13:21 Scanning 423 point from 713
02.06 06:13:21 Going to coordinates X=-28.971, Y=-39.091
02.06 06:13:21 Moving is finished
02.06 06:14:58 Scanning 424 point from 713
02.06 06:14:58 Going to coordinates X=-28.951, Y=-39.091
02.06 06:14:58 Moving is finished
02.06 06:16:36 Scanning 425 point from 713
02.06 06:16:36 Going to coordinates X=-28.931, Y=-39.091
02.06 06:16:36 Moving is finished
02.06 06:18:12 Scanning 426 point from 713
02.06 06:18:12 Going to coordinates X=-28.911, Y=-39.091
02.06 06:18:12 Moving is finished
02.06 06:19:49 Scanning 427 point from 713
02.06 06:19:49 Going to coordinates X=-28.891, Y=-39.091
02.06 06:19:49 Moving is finished
02.06 06:21:26 Scanning 428 point from 713
02.06 06:21:26 Going to coordinates X=-28.871, Y=-39.091
02.06 06:21:26 Moving is finished
02.06 06:23:03 Scanning 429 point from 713
02.06 06:23:03 Going to coordinates X=-28.851, Y=-39.091
02.06 06:23:04 Moving is finished
02.06 06:24:40 Scanning 430 point from 713
02.06 06:24:40 Going to coordinates X=-28.831, Y=-39.091
02.06 06:24:40 Moving is finished
02.06 06:26:17 Scanning 431 point from 713
02.06 06:26:17 Going to coordinates X=-28.811, Y=-39.091
02.06 06:26:17 Moving is finished
02.06 06:27:54 Scanning 432 point from 713
02.06 06:27:54 Going to coordinates X=-28.791, Y=-39.091
02.06 06:27:54 Moving is finished
02.06 06:29:31 Scanning 433 point from 713
02.06 06:29:31 Going to coordinates X=-28.771, Y=-39.091
02.06 06:29:32 Moving is finished
02.06 06:31:08 Scanning 434 point from 713
02.06 06:31:08 Going to coordinates X=-29.371, Y=-39.071
02.06 06:31:08 Moving is finished
02.06 06:32:45 Scanning 435 point from 713
02.06 06:32:45 Going to coordinates X=-29.351, Y=-39.071
02.06 06:32:45 Moving is finished
02.06 06:34:22 Scanning 436 point from 713
02.06 06:34:22 Going to coordinates X=-29.331, Y=-39.071
02.06 06:34:22 Moving is finished
02.06 06:35:58 Scanning 437 point from 713
02.06 06:35:58 Going to coordinates X=-29.311, Y=-39.071
02.06 06:35:59 Moving is finished
02.06 06:37:35 Scanning 438 point from 713
02.06 06:37:35 Going to coordinates X=-29.291, Y=-39.071
02.06 06:37:35 Moving is finished
02.06 06:39:11 Scanning 439 point from 713
02.06 06:39:11 Going to coordinates X=-29.271, Y=-39.071
02.06 06:39:12 Moving is finished
02.06 06:40:48 Scanning 440 point from 713
02.06 06:40:48 Going to coordinates X=-29.251, Y=-39.071
02.06 06:40:48 Moving is finished
02.06 06:42:25 Scanning 441 point from 713
02.06 06:42:25 Going to coordinates X=-29.231, Y=-39.071
02.06 06:42:25 Moving is finished
02.06 06:44:02 Scanning 442 point from 713
02.06 06:44:02 Going to coordinates X=-29.211, Y=-39.071
02.06 06:44:02 Moving is finished
02.06 06:45:38 Scanning 443 point from 713
02.06 06:45:38 Going to coordinates X=-29.191, Y=-39.071
02.06 06:45:39 Moving is finished
02.06 06:47:15 Scanning 444 point from 713
02.06 06:47:15 Going to coordinates X=-29.171, Y=-39.071
02.06 06:47:15 Moving is finished
02.06 06:48:52 Scanning 445 point from 713
02.06 06:48:52 Going to coordinates X=-29.151, Y=-39.071
02.06 06:48:52 Moving is finished
02.06 06:50:28 Scanning 446 point from 713
02.06 06:50:28 Going to coordinates X=-29.131, Y=-39.071
02.06 06:50:28 Moving is finished
02.06 06:52:05 Scanning 447 point from 713
02.06 06:52:05 Going to coordinates X=-29.111, Y=-39.071
02.06 06:52:05 Moving is finished
02.06 06:53:42 Scanning 448 point from 713
02.06 06:53:42 Going to coordinates X=-29.091, Y=-39.071
02.06 06:53:42 Moving is finished
02.06 06:55:19 Scanning 449 point from 713
02.06 06:55:19 Going to coordinates X=-29.071, Y=-39.071
02.06 06:55:19 Moving is finished
02.06 06:56:55 Scanning 450 point from 713
02.06 06:56:55 Going to coordinates X=-29.051, Y=-39.071
02.06 06:56:55 Moving is finished
02.06 06:58:32 Scanning 451 point from 713
02.06 06:58:32 Going to coordinates X=-29.031, Y=-39.071
02.06 06:58:32 Moving is finished
02.06 07:00:09 Scanning 452 point from 713
02.06 07:00:09 Going to coordinates X=-29.011, Y=-39.071
02.06 07:00:09 Moving is finished
02.06 07:01:45 Scanning 453 point from 713
02.06 07:01:45 Going to coordinates X=-28.991, Y=-39.071
02.06 07:01:45 Moving is finished
02.06 07:03:22 Scanning 454 point from 713
02.06 07:03:22 Going to coordinates X=-28.971, Y=-39.071
02.06 07:03:22 Moving is finished
02.06 07:04:59 Scanning 455 point from 713
02.06 07:04:59 Going to coordinates X=-28.951, Y=-39.071
02.06 07:04:59 Moving is finished
02.06 07:06:35 Scanning 456 point from 713
02.06 07:06:35 Going to coordinates X=-28.931, Y=-39.071
02.06 07:06:35 Moving is finished
02.06 07:08:13 Scanning 457 point from 713
02.06 07:08:13 Going to coordinates X=-28.911, Y=-39.071
02.06 07:08:13 Moving is finished
02.06 07:09:50 Scanning 458 point from 713
02.06 07:09:50 Going to coordinates X=-28.891, Y=-39.071
02.06 07:09:50 Moving is finished
02.06 07:11:26 Scanning 459 point from 713
02.06 07:11:26 Going to coordinates X=-28.871, Y=-39.071
02.06 07:11:27 Moving is finished
02.06 07:13:03 Scanning 460 point from 713
02.06 07:13:03 Going to coordinates X=-28.851, Y=-39.071
02.06 07:13:03 Moving is finished
02.06 07:14:40 Scanning 461 point from 713
02.06 07:14:40 Going to coordinates X=-28.831, Y=-39.071
02.06 07:14:40 Moving is finished
02.06 07:16:16 Scanning 462 point from 713
02.06 07:16:16 Going to coordinates X=-28.811, Y=-39.071
02.06 07:16:16 Moving is finished
02.06 07:17:53 Scanning 463 point from 713
02.06 07:17:53 Going to coordinates X=-28.791, Y=-39.071
02.06 07:17:53 Moving is finished
02.06 07:19:30 Scanning 464 point from 713
02.06 07:19:30 Going to coordinates X=-28.771, Y=-39.071
02.06 07:19:30 Moving is finished
02.06 07:21:07 Scanning 465 point from 713
02.06 07:21:07 Going to coordinates X=-29.371, Y=-39.051
02.06 07:21:07 Moving is finished
02.06 07:22:44 Scanning 466 point from 713
02.06 07:22:44 Going to coordinates X=-29.351, Y=-39.051
02.06 07:22:44 Moving is finished
02.06 07:24:21 Scanning 467 point from 713
02.06 07:24:21 Going to coordinates X=-29.331, Y=-39.051
02.06 07:24:21 Moving is finished
02.06 07:25:58 Scanning 468 point from 713
02.06 07:25:58 Going to coordinates X=-29.311, Y=-39.051
02.06 07:25:58 Moving is finished
02.06 07:27:35 Scanning 469 point from 713
02.06 07:27:35 Going to coordinates X=-29.291, Y=-39.051
02.06 07:27:35 Moving is finished
02.06 07:29:11 Scanning 470 point from 713
02.06 07:29:11 Going to coordinates X=-29.271, Y=-39.051
02.06 07:29:12 Moving is finished
02.06 07:30:49 Scanning 471 point from 713
02.06 07:30:49 Going to coordinates X=-29.251, Y=-39.051
02.06 07:30:49 Moving is finished
02.06 07:32:25 Scanning 472 point from 713
02.06 07:32:25 Going to coordinates X=-29.231, Y=-39.051
02.06 07:32:26 Moving is finished
02.06 07:34:02 Scanning 473 point from 713
02.06 07:34:02 Going to coordinates X=-29.211, Y=-39.051
02.06 07:34:02 Moving is finished
02.06 07:35:39 Scanning 474 point from 713
02.06 07:35:39 Going to coordinates X=-29.191, Y=-39.051
02.06 07:35:39 Moving is finished
02.06 07:37:16 Scanning 475 point from 713
02.06 07:37:16 Going to coordinates X=-29.171, Y=-39.051
02.06 07:37:16 Moving is finished
02.06 07:38:53 Scanning 476 point from 713
02.06 07:38:53 Going to coordinates X=-29.151, Y=-39.051
02.06 07:38:53 Moving is finished
02.06 07:40:29 Scanning 477 point from 713
02.06 07:40:29 Going to coordinates X=-29.131, Y=-39.051
02.06 07:40:29 Moving is finished
02.06 07:42:06 Scanning 478 point from 713
02.06 07:42:06 Going to coordinates X=-29.111, Y=-39.051
02.06 07:42:06 Moving is finished
02.06 07:43:42 Scanning 479 point from 713
02.06 07:43:42 Going to coordinates X=-29.091, Y=-39.051
02.06 07:43:42 Moving is finished
02.06 07:45:19 Scanning 480 point from 713
02.06 07:45:19 Going to coordinates X=-29.071, Y=-39.051
02.06 07:45:19 Moving is finished
02.06 07:46:55 Scanning 481 point from 713
02.06 07:46:55 Going to coordinates X=-29.051, Y=-39.051
02.06 07:46:56 Moving is finished
02.06 07:48:33 Scanning 482 point from 713
02.06 07:48:33 Going to coordinates X=-29.031, Y=-39.051
02.06 07:48:33 Moving is finished
02.06 07:50:09 Scanning 483 point from 713
02.06 07:50:09 Going to coordinates X=-29.011, Y=-39.051
02.06 07:50:09 Moving is finished
02.06 07:51:46 Scanning 484 point from 713
02.06 07:51:46 Going to coordinates X=-28.991, Y=-39.051
02.06 07:51:46 Moving is finished
02.06 07:53:22 Scanning 485 point from 713
02.06 07:53:22 Going to coordinates X=-28.971, Y=-39.051
02.06 07:53:23 Moving is finished
02.06 07:54:59 Scanning 486 point from 713
02.06 07:54:59 Going to coordinates X=-28.951, Y=-39.051
02.06 07:54:59 Moving is finished
02.06 07:56:36 Scanning 487 point from 713
02.06 07:56:36 Going to coordinates X=-28.931, Y=-39.051
02.06 07:56:36 Moving is finished
02.06 07:58:13 Scanning 488 point from 713
02.06 07:58:13 Going to coordinates X=-28.911, Y=-39.051
02.06 07:58:13 Moving is finished
02.06 07:59:50 Scanning 489 point from 713
02.06 07:59:50 Going to coordinates X=-28.891, Y=-39.051
02.06 07:59:50 Moving is finished
02.06 08:01:27 Scanning 490 point from 713
02.06 08:01:27 Going to coordinates X=-28.871, Y=-39.051
02.06 08:01:27 Moving is finished
02.06 08:03:03 Scanning 491 point from 713
02.06 08:03:03 Going to coordinates X=-28.851, Y=-39.051
02.06 08:03:04 Moving is finished
02.06 08:04:40 Scanning 492 point from 713
02.06 08:04:40 Going to coordinates X=-28.831, Y=-39.051
02.06 08:04:41 Moving is finished
02.06 08:06:17 Scanning 493 point from 713
02.06 08:06:17 Going to coordinates X=-28.811, Y=-39.051
02.06 08:06:17 Moving is finished
02.06 08:07:54 Scanning 494 point from 713
02.06 08:07:54 Going to coordinates X=-28.791, Y=-39.051
02.06 08:07:54 Moving is finished
02.06 08:09:31 Scanning 495 point from 713
02.06 08:09:31 Going to coordinates X=-28.771, Y=-39.051
02.06 08:09:31 Moving is finished
02.06 08:11:08 Scanning 496 point from 713
02.06 08:11:08 Going to coordinates X=-29.371, Y=-39.031
02.06 08:11:08 Moving is finished
02.06 08:12:45 Scanning 497 point from 713
02.06 08:12:45 Going to coordinates X=-29.351, Y=-39.031
02.06 08:12:45 Moving is finished
02.06 08:14:22 Scanning 498 point from 713
02.06 08:14:22 Going to coordinates X=-29.331, Y=-39.031
02.06 08:14:22 Moving is finished
02.06 08:15:59 Scanning 499 point from 713
02.06 08:15:59 Going to coordinates X=-29.311, Y=-39.031
02.06 08:15:59 Moving is finished
02.06 08:17:36 Scanning 500 point from 713
02.06 08:17:36 Going to coordinates X=-29.291, Y=-39.031
02.06 08:17:36 Moving is finished
02.06 08:19:13 Scanning 501 point from 713
02.06 08:19:13 Going to coordinates X=-29.271, Y=-39.031
02.06 08:19:13 Moving is finished
02.06 08:20:49 Scanning 502 point from 713
02.06 08:20:49 Going to coordinates X=-29.251, Y=-39.031
02.06 08:20:49 Moving is finished
02.06 08:22:26 Scanning 503 point from 713
02.06 08:22:26 Going to coordinates X=-29.231, Y=-39.031
02.06 08:22:26 Moving is finished
02.06 08:24:03 Scanning 504 point from 713
02.06 08:24:03 Going to coordinates X=-29.211, Y=-39.031
02.06 08:24:03 Moving is finished
02.06 08:25:39 Scanning 505 point from 713
02.06 08:25:39 Going to coordinates X=-29.191, Y=-39.031
02.06 08:25:39 Moving is finished
02.06 08:27:16 Scanning 506 point from 713
02.06 08:27:16 Going to coordinates X=-29.171, Y=-39.031
02.06 08:27:16 Moving is finished
02.06 08:28:53 Scanning 507 point from 713
02.06 08:28:53 Going to coordinates X=-29.151, Y=-39.031
02.06 08:28:53 Moving is finished
02.06 08:30:30 Scanning 508 point from 713
02.06 08:30:30 Going to coordinates X=-29.131, Y=-39.031
02.06 08:30:30 Moving is finished
02.06 08:32:06 Scanning 509 point from 713
02.06 08:32:06 Going to coordinates X=-29.111, Y=-39.031
02.06 08:32:07 Moving is finished
02.06 08:33:43 Scanning 510 point from 713
02.06 08:33:43 Going to coordinates X=-29.091, Y=-39.031
02.06 08:33:43 Moving is finished
02.06 08:35:20 Scanning 511 point from 713
02.06 08:35:20 Going to coordinates X=-29.071, Y=-39.031
02.06 08:35:20 Moving is finished
02.06 08:36:57 Scanning 512 point from 713
02.06 08:36:57 Going to coordinates X=-29.051, Y=-39.031
02.06 08:36:57 Moving is finished
02.06 08:38:34 Scanning 513 point from 713
02.06 08:38:34 Going to coordinates X=-29.031, Y=-39.031
02.06 08:38:34 Moving is finished
02.06 08:40:11 Scanning 514 point from 713
02.06 08:40:11 Going to coordinates X=-29.011, Y=-39.031
02.06 08:40:11 Moving is finished
02.06 08:41:48 Scanning 515 point from 713
02.06 08:41:48 Going to coordinates X=-28.991, Y=-39.031
02.06 08:41:48 Moving is finished
02.06 08:43:25 Scanning 516 point from 713
02.06 08:43:25 Going to coordinates X=-28.971, Y=-39.031
02.06 08:43:25 Moving is finished
02.06 08:45:02 Scanning 517 point from 713
02.06 08:45:02 Going to coordinates X=-28.951, Y=-39.031
02.06 08:45:02 Moving is finished
02.06 08:46:39 Scanning 518 point from 713
02.06 08:46:39 Going to coordinates X=-28.931, Y=-39.031
02.06 08:46:39 Moving is finished
02.06 08:48:16 Scanning 519 point from 713
02.06 08:48:16 Going to coordinates X=-28.911, Y=-39.031
02.06 08:48:16 Moving is finished
02.06 08:49:53 Scanning 520 point from 713
02.06 08:49:53 Going to coordinates X=-28.891, Y=-39.031
02.06 08:49:53 Moving is finished
02.06 08:51:29 Scanning 521 point from 713
02.06 08:51:29 Going to coordinates X=-28.871, Y=-39.031
02.06 08:51:30 Moving is finished
02.06 08:53:06 Scanning 522 point from 713
02.06 08:53:06 Going to coordinates X=-28.851, Y=-39.031
02.06 08:53:06 Moving is finished
02.06 08:54:43 Scanning 523 point from 713
02.06 08:54:43 Going to coordinates X=-28.831, Y=-39.031
02.06 08:54:43 Moving is finished
02.06 08:56:20 Scanning 524 point from 713
02.06 08:56:20 Going to coordinates X=-28.811, Y=-39.031
02.06 08:56:20 Moving is finished
02.06 08:57:56 Scanning 525 point from 713
02.06 08:57:56 Going to coordinates X=-28.791, Y=-39.031
02.06 08:57:56 Moving is finished
02.06 08:59:34 Scanning 526 point from 713
02.06 08:59:34 Going to coordinates X=-28.771, Y=-39.031
02.06 08:59:34 Moving is finished
02.06 09:01:10 Scanning 527 point from 713
02.06 09:01:10 Going to coordinates X=-29.371, Y=-39.011
02.06 09:01:11 Moving is finished
02.06 09:02:47 Scanning 528 point from 713
02.06 09:02:47 Going to coordinates X=-29.351, Y=-39.011
02.06 09:02:47 Moving is finished
02.06 09:04:24 Scanning 529 point from 713
02.06 09:04:24 Going to coordinates X=-29.331, Y=-39.011
02.06 09:04:24 Moving is finished
02.06 09:06:01 Scanning 530 point from 713
02.06 09:06:01 Going to coordinates X=-29.311, Y=-39.011
02.06 09:06:01 Moving is finished
02.06 09:07:38 Scanning 531 point from 713
02.06 09:07:38 Going to coordinates X=-29.291, Y=-39.011
02.06 09:07:38 Moving is finished
02.06 09:09:14 Scanning 532 point from 713
02.06 09:09:14 Going to coordinates X=-29.271, Y=-39.011
02.06 09:09:14 Moving is finished
02.06 09:10:51 Scanning 533 point from 713
02.06 09:10:51 Going to coordinates X=-29.251, Y=-39.011
02.06 09:10:51 Moving is finished
02.06 09:12:27 Scanning 534 point from 713
02.06 09:12:27 Going to coordinates X=-29.231, Y=-39.011
02.06 09:12:28 Moving is finished
02.06 09:14:04 Scanning 535 point from 713
02.06 09:14:04 Going to coordinates X=-29.211, Y=-39.011
02.06 09:14:04 Moving is finished
02.06 09:15:41 Scanning 536 point from 713
02.06 09:15:41 Going to coordinates X=-29.191, Y=-39.011
02.06 09:15:41 Moving is finished
02.06 09:17:18 Scanning 537 point from 713
02.06 09:17:18 Going to coordinates X=-29.171, Y=-39.011
02.06 09:17:18 Moving is finished
02.06 09:18:55 Scanning 538 point from 713
02.06 09:18:55 Going to coordinates X=-29.151, Y=-39.011
02.06 09:18:55 Moving is finished
02.06 09:20:31 Scanning 539 point from 713
02.06 09:20:31 Going to coordinates X=-29.131, Y=-39.011
02.06 09:20:31 Moving is finished
02.06 09:22:07 Scanning 540 point from 713
02.06 09:22:07 Going to coordinates X=-29.111, Y=-39.011
02.06 09:22:08 Moving is finished
02.06 09:23:44 Scanning 541 point from 713
02.06 09:23:44 Going to coordinates X=-29.091, Y=-39.011
02.06 09:23:44 Moving is finished
02.06 09:25:21 Scanning 542 point from 713
02.06 09:25:21 Going to coordinates X=-29.071, Y=-39.011
02.06 09:25:21 Moving is finished
02.06 09:26:58 Scanning 543 point from 713
02.06 09:26:58 Going to coordinates X=-29.051, Y=-39.011
02.06 09:26:58 Moving is finished
02.06 09:28:34 Scanning 544 point from 713
02.06 09:28:34 Going to coordinates X=-29.031, Y=-39.011
02.06 09:28:34 Moving is finished
02.06 09:30:11 Scanning 545 point from 713
02.06 09:30:11 Going to coordinates X=-29.011, Y=-39.011
02.06 09:30:11 Moving is finished
02.06 09:31:48 Scanning 546 point from 713
02.06 09:31:48 Going to coordinates X=-28.991, Y=-39.011
02.06 09:31:48 Moving is finished
02.06 09:33:25 Scanning 547 point from 713
02.06 09:33:25 Going to coordinates X=-28.971, Y=-39.011
02.06 09:33:25 Moving is finished
02.06 09:35:01 Scanning 548 point from 713
02.06 09:35:01 Going to coordinates X=-28.951, Y=-39.011
02.06 09:35:01 Moving is finished
02.06 09:36:38 Scanning 549 point from 713
02.06 09:36:38 Going to coordinates X=-28.931, Y=-39.011
02.06 09:36:38 Moving is finished
02.06 09:38:15 Scanning 550 point from 713
02.06 09:38:15 Going to coordinates X=-28.911, Y=-39.011
02.06 09:38:15 Moving is finished
02.06 09:39:51 Scanning 551 point from 713
02.06 09:39:51 Going to coordinates X=-28.891, Y=-39.011
02.06 09:39:52 Moving is finished
02.06 09:41:28 Scanning 552 point from 713
02.06 09:41:28 Going to coordinates X=-28.871, Y=-39.011
02.06 09:41:28 Moving is finished
02.06 09:43:05 Scanning 553 point from 713
02.06 09:43:05 Going to coordinates X=-28.851, Y=-39.011
02.06 09:43:05 Moving is finished
02.06 09:44:41 Scanning 554 point from 713
02.06 09:44:41 Going to coordinates X=-28.831, Y=-39.011
02.06 09:44:42 Moving is finished
02.06 09:46:18 Scanning 555 point from 713
02.06 09:46:18 Going to coordinates X=-28.811, Y=-39.011
02.06 09:46:18 Moving is finished
02.06 09:47:55 Scanning 556 point from 713
02.06 09:47:55 Going to coordinates X=-28.791, Y=-39.011
02.06 09:47:55 Moving is finished
02.06 09:49:31 Scanning 557 point from 713
02.06 09:49:31 Going to coordinates X=-28.771, Y=-39.011
02.06 09:49:31 Moving is finished
02.06 09:51:08 Scanning 558 point from 713
02.06 09:51:08 Going to coordinates X=-29.371, Y=-38.991
02.06 09:51:09 Moving is finished
02.06 09:52:45 Scanning 559 point from 713
02.06 09:52:45 Going to coordinates X=-29.351, Y=-38.991
02.06 09:52:46 Moving is finished
02.06 09:54:22 Scanning 560 point from 713
02.06 09:54:22 Going to coordinates X=-29.331, Y=-38.991
02.06 09:54:22 Moving is finished
02.06 09:55:58 Scanning 561 point from 713
02.06 09:55:58 Going to coordinates X=-29.311, Y=-38.991
02.06 09:55:59 Moving is finished
02.06 09:57:35 Scanning 562 point from 713
02.06 09:57:35 Going to coordinates X=-29.291, Y=-38.991
02.06 09:57:35 Moving is finished
02.06 09:59:12 Scanning 563 point from 713
02.06 09:59:12 Going to coordinates X=-29.271, Y=-38.991
02.06 09:59:12 Moving is finished
02.06 10:00:48 Scanning 564 point from 713
02.06 10:00:48 Going to coordinates X=-29.251, Y=-38.991
02.06 10:00:48 Moving is finished
02.06 10:02:25 Scanning 565 point from 713
02.06 10:02:25 Going to coordinates X=-29.231, Y=-38.991
02.06 10:02:25 Moving is finished
02.06 10:04:02 Scanning 566 point from 713
02.06 10:04:02 Going to coordinates X=-29.211, Y=-38.991
02.06 10:04:02 Moving is finished
02.06 10:05:39 Scanning 567 point from 713
02.06 10:05:39 Going to coordinates X=-29.191, Y=-38.991
02.06 10:05:39 Moving is finished
02.06 10:07:15 Scanning 568 point from 713
02.06 10:07:15 Going to coordinates X=-29.171, Y=-38.991
02.06 10:07:16 Moving is finished
02.06 10:08:53 Scanning 569 point from 713
02.06 10:08:53 Going to coordinates X=-29.151, Y=-38.991
02.06 10:08:53 Moving is finished
02.06 10:10:30 Scanning 570 point from 713
02.06 10:10:30 Going to coordinates X=-29.131, Y=-38.991
02.06 10:10:30 Moving is finished
02.06 10:12:06 Scanning 571 point from 713
02.06 10:12:06 Going to coordinates X=-29.111, Y=-38.991
02.06 10:12:07 Moving is finished
02.06 10:13:44 Scanning 572 point from 713
02.06 10:13:44 Going to coordinates X=-29.091, Y=-38.991
02.06 10:13:44 Moving is finished
02.06 10:15:21 Scanning 573 point from 713
02.06 10:15:21 Going to coordinates X=-29.071, Y=-38.991
02.06 10:15:21 Moving is finished
02.06 10:16:57 Scanning 574 point from 713
02.06 10:16:57 Going to coordinates X=-29.051, Y=-38.991
02.06 10:16:57 Moving is finished
02.06 10:18:34 Scanning 575 point from 713
02.06 10:18:34 Going to coordinates X=-29.031, Y=-38.991
02.06 10:18:34 Moving is finished
02.06 10:20:11 Scanning 576 point from 713
02.06 10:20:11 Going to coordinates X=-29.011, Y=-38.991
02.06 10:20:11 Moving is finished
02.06 10:21:48 Scanning 577 point from 713
02.06 10:21:48 Going to coordinates X=-28.991, Y=-38.991
02.06 10:21:48 Moving is finished
02.06 10:23:25 Scanning 578 point from 713
02.06 10:23:25 Going to coordinates X=-28.971, Y=-38.991
02.06 10:23:25 Moving is finished
02.06 10:25:02 Scanning 579 point from 713
02.06 10:25:02 Going to coordinates X=-28.951, Y=-38.991
02.06 10:25:02 Moving is finished
02.06 10:26:38 Scanning 580 point from 713
02.06 10:26:38 Going to coordinates X=-28.931, Y=-38.991
02.06 10:26:39 Moving is finished
02.06 10:28:16 Scanning 581 point from 713
02.06 10:28:16 Going to coordinates X=-28.911, Y=-38.991
02.06 10:28:16 Moving is finished
02.06 10:29:52 Scanning 582 point from 713
02.06 10:29:52 Going to coordinates X=-28.891, Y=-38.991
02.06 10:29:52 Moving is finished
02.06 10:31:29 Scanning 583 point from 713
02.06 10:31:29 Going to coordinates X=-28.871, Y=-38.991
02.06 10:31:29 Moving is finished
02.06 10:33:06 Scanning 584 point from 713
02.06 10:33:06 Going to coordinates X=-28.851, Y=-38.991
02.06 10:33:06 Moving is finished
02.06 10:34:43 Scanning 585 point from 713
02.06 10:34:43 Going to coordinates X=-28.831, Y=-38.991
02.06 10:34:43 Moving is finished
02.06 10:36:20 Scanning 586 point from 713
02.06 10:36:20 Going to coordinates X=-28.811, Y=-38.991
02.06 10:36:20 Moving is finished
02.06 10:37:56 Scanning 587 point from 713
02.06 10:37:56 Going to coordinates X=-28.791, Y=-38.991
02.06 10:37:57 Moving is finished
02.06 10:39:34 Scanning 588 point from 713
02.06 10:39:34 Going to coordinates X=-28.771, Y=-38.991
02.06 10:39:34 Moving is finished
02.06 10:41:11 Scanning 589 point from 713
02.06 10:41:11 Going to coordinates X=-29.371, Y=-38.971
02.06 10:41:11 Moving is finished
02.06 10:42:48 Scanning 590 point from 713
02.06 10:42:48 Going to coordinates X=-29.351, Y=-38.971
02.06 10:42:48 Moving is finished
02.06 10:44:25 Scanning 591 point from 713
02.06 10:44:25 Going to coordinates X=-29.331, Y=-38.971
02.06 10:44:25 Moving is finished
02.06 10:46:01 Scanning 592 point from 713
02.06 10:46:01 Going to coordinates X=-29.311, Y=-38.971
02.06 10:46:02 Moving is finished
02.06 10:47:38 Scanning 593 point from 713
02.06 10:47:38 Going to coordinates X=-29.291, Y=-38.971
02.06 10:47:38 Moving is finished
02.06 10:49:15 Scanning 594 point from 713
02.06 10:49:15 Going to coordinates X=-29.271, Y=-38.971
02.06 10:49:15 Moving is finished
02.06 10:50:51 Scanning 595 point from 713
02.06 10:50:51 Going to coordinates X=-29.251, Y=-38.971
02.06 10:50:51 Moving is finished
02.06 10:52:28 Scanning 596 point from 713
02.06 10:52:28 Going to coordinates X=-29.231, Y=-38.971
02.06 10:52:28 Moving is finished
02.06 10:54:05 Scanning 597 point from 713
02.06 10:54:05 Going to coordinates X=-29.211, Y=-38.971
02.06 10:54:05 Moving is finished
02.06 10:55:42 Scanning 598 point from 713
02.06 10:55:42 Going to coordinates X=-29.191, Y=-38.971
02.06 10:55:42 Moving is finished
02.06 10:57:18 Scanning 599 point from 713
02.06 10:57:18 Going to coordinates X=-29.171, Y=-38.971
02.06 10:57:19 Moving is finished
02.06 10:58:55 Scanning 600 point from 713
02.06 10:58:55 Going to coordinates X=-29.151, Y=-38.971
02.06 10:58:55 Moving is finished
02.06 11:00:32 Scanning 601 point from 713
02.06 11:00:32 Going to coordinates X=-29.131, Y=-38.971
02.06 11:00:32 Moving is finished
02.06 11:02:09 Scanning 602 point from 713
02.06 11:02:09 Going to coordinates X=-29.111, Y=-38.971
02.06 11:02:09 Moving is finished
02.06 11:03:45 Scanning 603 point from 713
02.06 11:03:45 Going to coordinates X=-29.091, Y=-38.971
02.06 11:03:46 Moving is finished
02.06 11:05:22 Scanning 604 point from 713
02.06 11:05:22 Going to coordinates X=-29.071, Y=-38.971
02.06 11:05:22 Moving is finished
02.06 11:06:58 Scanning 605 point from 713
02.06 11:06:58 Going to coordinates X=-29.051, Y=-38.971
02.06 11:06:59 Moving is finished
02.06 11:08:35 Scanning 606 point from 713
02.06 11:08:35 Going to coordinates X=-29.031, Y=-38.971
02.06 11:08:36 Moving is finished
02.06 11:10:13 Scanning 607 point from 713
02.06 11:10:13 Going to coordinates X=-29.011, Y=-38.971
02.06 11:10:13 Moving is finished
02.06 11:11:50 Scanning 608 point from 713
02.06 11:11:50 Going to coordinates X=-28.991, Y=-38.971
02.06 11:11:50 Moving is finished
02.06 11:13:27 Scanning 609 point from 713
02.06 11:13:27 Going to coordinates X=-28.971, Y=-38.971
02.06 11:13:27 Moving is finished
02.06 11:15:04 Scanning 610 point from 713
02.06 11:15:04 Going to coordinates X=-28.951, Y=-38.971
02.06 11:15:04 Moving is finished
02.06 11:16:41 Scanning 611 point from 713
02.06 11:16:41 Going to coordinates X=-28.931, Y=-38.971
02.06 11:16:41 Moving is finished
02.06 11:18:18 Scanning 612 point from 713
02.06 11:18:18 Going to coordinates X=-28.911, Y=-38.971
02.06 11:18:18 Moving is finished
02.06 11:19:54 Scanning 613 point from 713
02.06 11:19:54 Going to coordinates X=-28.891, Y=-38.971
02.06 11:19:54 Moving is finished
02.06 11:21:31 Scanning 614 point from 713
02.06 11:21:31 Going to coordinates X=-28.871, Y=-38.971
02.06 11:21:31 Moving is finished
02.06 11:23:08 Scanning 615 point from 713
02.06 11:23:08 Going to coordinates X=-28.851, Y=-38.971
02.06 11:23:08 Moving is finished
02.06 11:24:45 Scanning 616 point from 713
02.06 11:24:45 Going to coordinates X=-28.831, Y=-38.971
02.06 11:24:45 Moving is finished
02.06 11:26:22 Scanning 617 point from 713
02.06 11:26:22 Going to coordinates X=-28.811, Y=-38.971
02.06 11:26:23 Moving is finished
02.06 11:27:59 Scanning 618 point from 713
02.06 11:27:59 Going to coordinates X=-28.791, Y=-38.971
02.06 11:27:59 Moving is finished
02.06 11:29:36 Scanning 619 point from 713
02.06 11:29:36 Going to coordinates X=-28.771, Y=-38.971
02.06 11:29:36 Moving is finished
02.06 11:31:13 Scanning 620 point from 713
02.06 11:31:13 Going to coordinates X=-29.371, Y=-38.951
02.06 11:31:14 Moving is finished
02.06 11:32:50 Scanning 621 point from 713
02.06 11:32:50 Going to coordinates X=-29.351, Y=-38.951
02.06 11:32:50 Moving is finished
02.06 11:34:27 Scanning 622 point from 713
02.06 11:34:27 Going to coordinates X=-29.331, Y=-38.951
02.06 11:34:27 Moving is finished
02.06 11:36:04 Scanning 623 point from 713
02.06 11:36:04 Going to coordinates X=-29.311, Y=-38.951
02.06 11:36:04 Moving is finished
02.06 11:37:41 Scanning 624 point from 713
02.06 11:37:41 Going to coordinates X=-29.291, Y=-38.951
02.06 11:37:41 Moving is finished
02.06 11:39:18 Scanning 625 point from 713
02.06 11:39:18 Going to coordinates X=-29.271, Y=-38.951
02.06 11:39:18 Moving is finished
02.06 11:40:55 Scanning 626 point from 713
02.06 11:40:55 Going to coordinates X=-29.251, Y=-38.951
02.06 11:40:55 Moving is finished
02.06 11:42:31 Scanning 627 point from 713
02.06 11:42:31 Going to coordinates X=-29.231, Y=-38.951
02.06 11:42:31 Moving is finished
02.06 11:44:08 Scanning 628 point from 713
02.06 11:44:08 Going to coordinates X=-29.211, Y=-38.951
02.06 11:44:08 Moving is finished
02.06 11:45:45 Scanning 629 point from 713
02.06 11:45:45 Going to coordinates X=-29.191, Y=-38.951
02.06 11:45:45 Moving is finished
02.06 11:47:22 Scanning 630 point from 713
02.06 11:47:22 Going to coordinates X=-29.171, Y=-38.951
02.06 11:47:22 Moving is finished
02.06 11:48:59 Scanning 631 point from 713
02.06 11:48:59 Going to coordinates X=-29.151, Y=-38.951
02.06 11:48:59 Moving is finished
02.06 11:50:36 Scanning 632 point from 713
02.06 11:50:36 Going to coordinates X=-29.131, Y=-38.951
02.06 11:50:36 Moving is finished
02.06 11:52:12 Scanning 633 point from 713
02.06 11:52:12 Going to coordinates X=-29.111, Y=-38.951
02.06 11:52:13 Moving is finished
02.06 11:53:49 Scanning 634 point from 713
02.06 11:53:49 Going to coordinates X=-29.091, Y=-38.951
02.06 11:53:49 Moving is finished
02.06 11:55:26 Scanning 635 point from 713
02.06 11:55:26 Going to coordinates X=-29.071, Y=-38.951
02.06 11:55:26 Moving is finished
02.06 11:57:02 Scanning 636 point from 713
02.06 11:57:02 Going to coordinates X=-29.051, Y=-38.951
02.06 11:57:03 Moving is finished
02.06 11:58:39 Scanning 637 point from 713
02.06 11:58:39 Going to coordinates X=-29.031, Y=-38.951
02.06 11:58:40 Moving is finished
02.06 12:00:16 Scanning 638 point from 713
02.06 12:00:16 Going to coordinates X=-29.011, Y=-38.951
02.06 12:00:16 Moving is finished
02.06 12:01:53 Scanning 639 point from 713
02.06 12:01:53 Going to coordinates X=-28.991, Y=-38.951
02.06 12:01:53 Moving is finished
02.06 12:03:30 Scanning 640 point from 713
02.06 12:03:30 Going to coordinates X=-28.971, Y=-38.951
02.06 12:03:30 Moving is finished
02.06 12:05:07 Scanning 641 point from 713
02.06 12:05:07 Going to coordinates X=-28.951, Y=-38.951
02.06 12:05:07 Moving is finished
02.06 12:06:44 Scanning 642 point from 713
02.06 12:06:44 Going to coordinates X=-28.931, Y=-38.951
02.06 12:06:44 Moving is finished
02.06 12:08:21 Scanning 643 point from 713
02.06 12:08:21 Going to coordinates X=-28.911, Y=-38.951
02.06 12:08:21 Moving is finished
02.06 12:09:58 Scanning 644 point from 713
02.06 12:09:58 Going to coordinates X=-28.891, Y=-38.951
02.06 12:09:58 Moving is finished
02.06 12:11:34 Scanning 645 point from 713
02.06 12:11:34 Going to coordinates X=-28.871, Y=-38.951
02.06 12:11:35 Moving is finished
02.06 12:13:12 Scanning 646 point from 713
02.06 12:13:12 Going to coordinates X=-28.851, Y=-38.951
02.06 12:13:12 Moving is finished
02.06 12:14:49 Scanning 647 point from 713
02.06 12:14:49 Going to coordinates X=-28.831, Y=-38.951
02.06 12:14:49 Moving is finished
02.06 12:16:26 Scanning 648 point from 713
02.06 12:16:26 Going to coordinates X=-28.811, Y=-38.951
02.06 12:16:26 Moving is finished
02.06 12:18:03 Scanning 649 point from 713
02.06 12:18:03 Going to coordinates X=-28.791, Y=-38.951
02.06 12:18:03 Moving is finished
02.06 12:19:39 Scanning 650 point from 713
02.06 12:19:39 Going to coordinates X=-28.771, Y=-38.951
02.06 12:19:40 Moving is finished
02.06 12:21:17 Scanning 651 point from 713
02.06 12:21:17 Going to coordinates X=-29.371, Y=-38.931
02.06 12:21:17 Moving is finished
02.06 12:22:54 Scanning 652 point from 713
02.06 12:22:54 Going to coordinates X=-29.351, Y=-38.931
02.06 12:22:54 Moving is finished
02.06 12:24:31 Scanning 653 point from 713
02.06 12:24:31 Going to coordinates X=-29.331, Y=-38.931
02.06 12:24:31 Moving is finished
02.06 12:26:08 Scanning 654 point from 713
02.06 12:26:08 Going to coordinates X=-29.311, Y=-38.931
02.06 12:26:08 Moving is finished
02.06 12:27:46 Scanning 655 point from 713
02.06 12:27:46 Going to coordinates X=-29.291, Y=-38.931
02.06 12:27:46 Moving is finished
02.06 12:29:22 Scanning 656 point from 713
02.06 12:29:22 Going to coordinates X=-29.271, Y=-38.931
02.06 12:29:22 Moving is finished
02.06 12:30:59 Scanning 657 point from 713
02.06 12:30:59 Going to coordinates X=-29.251, Y=-38.931
02.06 12:31:00 Moving is finished
02.06 12:32:36 Scanning 658 point from 713
02.06 12:32:36 Going to coordinates X=-29.231, Y=-38.931
02.06 12:32:36 Moving is finished
02.06 12:34:12 Scanning 659 point from 713
02.06 12:34:12 Going to coordinates X=-29.211, Y=-38.931
02.06 12:34:13 Moving is finished
02.06 12:35:49 Scanning 660 point from 713
02.06 12:35:49 Going to coordinates X=-29.191, Y=-38.931
02.06 12:35:49 Moving is finished
02.06 12:37:27 Scanning 661 point from 713
02.06 12:37:27 Going to coordinates X=-29.171, Y=-38.931
02.06 12:37:27 Moving is finished
02.06 12:39:03 Scanning 662 point from 713
02.06 12:39:03 Going to coordinates X=-29.151, Y=-38.931
02.06 12:39:04 Moving is finished
02.06 12:40:41 Scanning 663 point from 713
02.06 12:40:41 Going to coordinates X=-29.131, Y=-38.931
02.06 12:40:41 Moving is finished
02.06 12:42:18 Scanning 664 point from 713
02.06 12:42:18 Going to coordinates X=-29.111, Y=-38.931
02.06 12:42:18 Moving is finished
02.06 12:43:54 Scanning 665 point from 713
02.06 12:43:54 Going to coordinates X=-29.091, Y=-38.931
02.06 12:43:55 Moving is finished
02.06 12:45:31 Scanning 666 point from 713
02.06 12:45:31 Going to coordinates X=-29.071, Y=-38.931
02.06 12:45:31 Moving is finished
02.06 12:47:08 Scanning 667 point from 713
02.06 12:47:08 Going to coordinates X=-29.051, Y=-38.931
02.06 12:47:08 Moving is finished
02.06 12:48:45 Scanning 668 point from 713
02.06 12:48:45 Going to coordinates X=-29.031, Y=-38.931
02.06 12:48:46 Moving is finished
02.06 12:50:22 Scanning 669 point from 713
02.06 12:50:22 Going to coordinates X=-29.011, Y=-38.931
02.06 12:50:23 Moving is finished
02.06 12:52:00 Scanning 670 point from 713
02.06 12:52:00 Going to coordinates X=-28.991, Y=-38.931
02.06 12:52:00 Moving is finished
02.06 12:53:37 Scanning 671 point from 713
02.06 12:53:37 Going to coordinates X=-28.971, Y=-38.931
02.06 12:53:37 Moving is finished
02.06 12:55:13 Scanning 672 point from 713
02.06 12:55:13 Going to coordinates X=-28.951, Y=-38.931
02.06 12:55:13 Moving is finished
02.06 12:56:50 Scanning 673 point from 713
02.06 12:56:50 Going to coordinates X=-28.931, Y=-38.931
02.06 12:56:50 Moving is finished
02.06 12:58:27 Scanning 674 point from 713
02.06 12:58:27 Going to coordinates X=-28.911, Y=-38.931
02.06 12:58:27 Status responce is malformed
02.06 12:58:27 list index out of range
02.06 12:58:27 Moving is finished
02.06 13:00:04 Scanning 675 point from 713
02.06 13:00:04 Going to coordinates X=-28.891, Y=-38.931
02.06 13:00:04 Moving is finished
02.06 13:01:41 Scanning 676 point from 713
02.06 13:01:41 Going to coordinates X=-28.871, Y=-38.931
02.06 13:01:41 Moving is finished
02.06 13:03:18 Scanning 677 point from 713
02.06 13:03:18 Going to coordinates X=-28.851, Y=-38.931
02.06 13:03:18 Moving is finished
02.06 13:04:54 Scanning 678 point from 713
02.06 13:04:54 Going to coordinates X=-28.831, Y=-38.931
02.06 13:04:54 Moving is finished
02.06 13:06:31 Scanning 679 point from 713
02.06 13:06:31 Going to coordinates X=-28.811, Y=-38.931
02.06 13:06:31 Moving is finished
02.06 13:08:08 Scanning 680 point from 713
02.06 13:08:08 Going to coordinates X=-28.791, Y=-38.931
02.06 13:08:08 Moving is finished
02.06 13:09:45 Scanning 681 point from 713
02.06 13:09:45 Going to coordinates X=-28.771, Y=-38.931
02.06 13:09:45 Moving is finished
02.06 13:11:22 Scanning 682 point from 713
02.06 13:11:22 Going to coordinates X=-29.371, Y=-38.911
02.06 13:11:22 Moving is finished
02.06 13:12:59 Scanning 683 point from 713
02.06 13:12:59 Going to coordinates X=-29.351, Y=-38.911
02.06 13:12:59 Moving is finished
02.06 13:14:36 Scanning 684 point from 713
02.06 13:14:36 Going to coordinates X=-29.331, Y=-38.911
02.06 13:14:36 Moving is finished
02.06 13:16:12 Scanning 685 point from 713
02.06 13:16:12 Going to coordinates X=-29.311, Y=-38.911
02.06 13:16:12 Moving is finished
02.06 13:17:49 Scanning 686 point from 713
02.06 13:17:49 Going to coordinates X=-29.291, Y=-38.911
02.06 13:17:49 Moving is finished
02.06 13:19:26 Scanning 687 point from 713
02.06 13:19:26 Going to coordinates X=-29.271, Y=-38.911
02.06 13:19:26 Moving is finished
02.06 13:21:03 Scanning 688 point from 713
02.06 13:21:03 Going to coordinates X=-29.251, Y=-38.911
02.06 13:21:03 Moving is finished
02.06 13:22:39 Scanning 689 point from 713
02.06 13:22:39 Going to coordinates X=-29.231, Y=-38.911
02.06 13:22:39 Moving is finished
02.06 13:24:16 Scanning 690 point from 713
02.06 13:24:16 Going to coordinates X=-29.211, Y=-38.911
02.06 13:24:16 Moving is finished
02.06 13:25:52 Scanning 691 point from 713
02.06 13:25:52 Going to coordinates X=-29.191, Y=-38.911
02.06 13:25:53 Moving is finished
02.06 13:27:29 Scanning 692 point from 713
02.06 13:27:29 Going to coordinates X=-29.171, Y=-38.911
02.06 13:27:29 Moving is finished
02.06 13:29:06 Scanning 693 point from 713
02.06 13:29:06 Going to coordinates X=-29.151, Y=-38.911
02.06 13:29:06 Moving is finished
02.06 13:30:42 Scanning 694 point from 713
02.06 13:30:42 Going to coordinates X=-29.131, Y=-38.911
02.06 13:30:43 Moving is finished
02.06 13:32:19 Scanning 695 point from 713
02.06 13:32:19 Going to coordinates X=-29.111, Y=-38.911
02.06 13:32:19 Moving is finished
02.06 13:33:56 Scanning 696 point from 713
02.06 13:33:56 Going to coordinates X=-29.091, Y=-38.911
02.06 13:33:56 Moving is finished
02.06 13:35:33 Scanning 697 point from 713
02.06 13:35:33 Going to coordinates X=-29.071, Y=-38.911
02.06 13:35:33 Moving is finished
02.06 13:37:10 Scanning 698 point from 713
02.06 13:37:10 Going to coordinates X=-29.051, Y=-38.911
02.06 13:37:10 Moving is finished
02.06 13:38:46 Scanning 699 point from 713
02.06 13:38:46 Going to coordinates X=-29.031, Y=-38.911
02.06 13:38:46 Moving is finished
02.06 13:40:23 Scanning 700 point from 713
02.06 13:40:23 Going to coordinates X=-29.011, Y=-38.911
02.06 13:40:23 Moving is finished
02.06 13:41:59 Scanning 701 point from 713
02.06 13:41:59 Going to coordinates X=-28.991, Y=-38.911
02.06 13:41:59 Moving is finished
02.06 13:43:36 Scanning 702 point from 713
02.06 13:43:36 Going to coordinates X=-28.971, Y=-38.911
02.06 13:43:36 Moving is finished
02.06 13:45:13 Scanning 703 point from 713
02.06 13:45:13 Going to coordinates X=-28.951, Y=-38.911
02.06 13:45:13 Moving is finished
02.06 13:46:49 Scanning 704 point from 713
02.06 13:46:49 Going to coordinates X=-28.931, Y=-38.911
02.06 13:46:49 Moving is finished
02.06 13:48:26 Scanning 705 point from 713
02.06 13:48:26 Going to coordinates X=-28.911, Y=-38.911
02.06 13:48:26 Moving is finished
02.06 13:50:04 Scanning 706 point from 713
02.06 13:50:04 Going to coordinates X=-28.891, Y=-38.911
02.06 13:50:04 Moving is finished
02.06 13:51:40 Scanning 707 point from 713
02.06 13:51:40 Going to coordinates X=-28.871, Y=-38.911
02.06 13:51:40 Moving is finished
02.06 13:53:17 Scanning 708 point from 713
02.06 13:53:17 Going to coordinates X=-28.851, Y=-38.911
02.06 13:53:17 Moving is finished
02.06 13:54:54 Scanning 709 point from 713
02.06 13:54:54 Going to coordinates X=-28.831, Y=-38.911
02.06 13:54:54 Moving is finished
02.06 13:56:30 Scanning 710 point from 713
02.06 13:56:30 Going to coordinates X=-28.811, Y=-38.911
02.06 13:56:31 Moving is finished
02.06 13:58:08 Scanning 711 point from 713
02.06 13:58:08 Going to coordinates X=-28.791, Y=-38.911
02.06 13:58:08 Moving is finished
02.06 13:59:45 Scanning 712 point from 713
02.06 13:59:45 Going to coordinates X=-28.771, Y=-38.911
02.06 13:59:45 Moving is finished
03.06 10:32:17 Can't send the command to GRBL
03.06 10:32:17 Write timeout03.06 10:32:17 Write timeout

03.06 10:43:37 Write timeout03.06 10:43:37 Can't send the command to GRBL

