22.11 15:37:39 Initializing grbl...
22.11 15:37:39 Got the response: b''
22.11 18:11:57 Can't send the command to GRBL
22.11 18:11:57 Write timeout22.11 18:11:57 Write timeout

22.11 18:37:33 Can't send the command to GRBL
22.11 18:37:33 Write timeout22.11 18:37:33 Write timeout

22.11 18:54:41 Row 0: 22.11 18:54:41 Map: x1: -16.399, y1: -36.4, x2: -17.644, y2: -37.621, xres: 0.050, yres: 0.100, fname: Mart Sol3 A
22.11 18:54:41 Scanning 0 point from 364
22.11 18:54:41 Going to coordinates X=-17.644, Y=-37.621
22.11 18:54:41 Moving is finished
22.11 18:56:50 Scanning 1 point from 364
22.11 18:56:50 Going to coordinates X=-17.594, Y=-37.621
22.11 18:56:50 Moving is finished
22.11 18:58:58 Scanning 2 point from 364
22.11 18:58:58 Going to coordinates X=-17.544, Y=-37.621
22.11 18:58:59 Moving is finished
22.11 19:01:07 Scanning 3 point from 364
22.11 19:01:07 Going to coordinates X=-17.494, Y=-37.621
22.11 19:01:07 Moving is finished
22.11 19:03:15 Scanning 4 point from 364
22.11 19:03:15 Going to coordinates X=-17.444, Y=-37.621
22.11 19:03:15 Moving is finished
22.11 19:05:24 Scanning 5 point from 364
22.11 19:05:24 Going to coordinates X=-17.394, Y=-37.621
22.11 19:05:24 Moving is finished
22.11 19:07:32 Scanning 6 point from 364
22.11 19:07:32 Going to coordinates X=-17.344, Y=-37.621
22.11 19:07:32 Moving is finished
22.11 19:09:40 Scanning 7 point from 364
22.11 19:09:40 Going to coordinates X=-17.294, Y=-37.621
22.11 19:09:41 Moving is finished
22.11 19:11:48 Scanning 8 point from 364
22.11 19:11:48 Going to coordinates X=-17.244, Y=-37.621
22.11 19:11:49 Moving is finished
22.11 19:13:57 Scanning 9 point from 364
22.11 19:13:57 Going to coordinates X=-17.194, Y=-37.621
22.11 19:13:57 Moving is finished
22.11 19:16:05 Scanning 10 point from 364
22.11 19:16:05 Going to coordinates X=-17.144, Y=-37.621
22.11 19:16:05 Moving is finished
22.11 19:18:13 Scanning 11 point from 364
22.11 19:18:13 Going to coordinates X=-17.094, Y=-37.621
22.11 19:18:13 Moving is finished
22.11 19:20:21 Scanning 12 point from 364
22.11 19:20:21 Going to coordinates X=-17.044, Y=-37.621
22.11 19:20:22 Moving is finished
22.11 19:22:31 Scanning 13 point from 364
22.11 19:22:31 Going to coordinates X=-16.994, Y=-37.621
22.11 19:22:31 Moving is finished
22.11 19:24:39 Scanning 14 point from 364
22.11 19:24:39 Going to coordinates X=-16.944, Y=-37.621
22.11 19:24:39 Moving is finished
22.11 19:26:47 Scanning 15 point from 364
22.11 19:26:47 Going to coordinates X=-16.894, Y=-37.621
22.11 19:26:47 Moving is finished
22.11 19:28:56 Scanning 16 point from 364
22.11 19:28:56 Going to coordinates X=-16.844, Y=-37.621
22.11 19:28:56 Moving is finished
22.11 19:31:04 Scanning 17 point from 364
22.11 19:31:04 Going to coordinates X=-16.794, Y=-37.621
22.11 19:31:05 Moving is finished
22.11 19:33:13 Scanning 18 point from 364
22.11 19:33:13 Going to coordinates X=-16.744, Y=-37.621
22.11 19:33:13 Moving is finished
22.11 19:35:21 Scanning 19 point from 364
22.11 19:35:21 Going to coordinates X=-16.694, Y=-37.621
22.11 19:35:21 Moving is finished
22.11 19:37:30 Scanning 20 point from 364
22.11 19:37:30 Going to coordinates X=-16.644, Y=-37.621
22.11 19:37:30 Moving is finished
22.11 19:39:38 Scanning 21 point from 364
22.11 19:39:38 Going to coordinates X=-16.594, Y=-37.621
22.11 19:39:38 Moving is finished
22.11 19:41:46 Scanning 22 point from 364
22.11 19:41:46 Going to coordinates X=-16.544, Y=-37.621
22.11 19:41:47 Moving is finished
22.11 19:43:55 Scanning 23 point from 364
22.11 19:43:55 Going to coordinates X=-16.494, Y=-37.621
22.11 19:43:55 Moving is finished
22.11 19:46:03 Scanning 24 point from 364
22.11 19:46:03 Going to coordinates X=-16.444, Y=-37.621
22.11 19:46:04 Moving is finished
22.11 19:48:11 Scanning 25 point from 364
22.11 19:48:11 Going to coordinates X=-16.394, Y=-37.621
22.11 19:48:12 Moving is finished
22.11 19:50:20 Scanning 26 point from 364
22.11 19:50:20 Going to coordinates X=-17.644, Y=-37.521
22.11 19:50:21 Moving is finished
22.11 19:52:29 Scanning 27 point from 364
22.11 19:52:29 Going to coordinates X=-17.594, Y=-37.521
22.11 19:52:30 Moving is finished
22.11 19:54:37 Scanning 28 point from 364
22.11 19:54:37 Going to coordinates X=-17.544, Y=-37.521
22.11 19:54:38 Moving is finished
22.11 19:56:46 Scanning 29 point from 364
22.11 19:56:46 Going to coordinates X=-17.494, Y=-37.521
22.11 19:56:46 Moving is finished
22.11 19:58:54 Scanning 30 point from 364
22.11 19:58:54 Going to coordinates X=-17.444, Y=-37.521
22.11 19:58:54 Moving is finished
22.11 20:01:02 Scanning 31 point from 364
22.11 20:01:02 Going to coordinates X=-17.394, Y=-37.521
22.11 20:01:02 Moving is finished
22.11 20:03:10 Scanning 32 point from 364
22.11 20:03:10 Going to coordinates X=-17.344, Y=-37.521
22.11 20:03:11 Moving is finished
22.11 20:05:19 Scanning 33 point from 364
22.11 20:05:19 Going to coordinates X=-17.294, Y=-37.521
22.11 20:05:19 Moving is finished
22.11 20:07:28 Scanning 34 point from 364
22.11 20:07:28 Going to coordinates X=-17.244, Y=-37.521
22.11 20:07:28 Moving is finished
22.11 20:09:37 Scanning 35 point from 364
22.11 20:09:37 Going to coordinates X=-17.194, Y=-37.521
22.11 20:09:37 Moving is finished
22.11 20:11:45 Scanning 36 point from 364
22.11 20:11:45 Going to coordinates X=-17.144, Y=-37.521
22.11 20:11:45 Moving is finished
22.11 20:13:54 Scanning 37 point from 364
22.11 20:13:54 Going to coordinates X=-17.094, Y=-37.521
22.11 20:13:54 Moving is finished
22.11 20:16:02 Scanning 38 point from 364
22.11 20:16:02 Going to coordinates X=-17.044, Y=-37.521
22.11 20:16:03 Moving is finished
22.11 20:18:11 Scanning 39 point from 364
22.11 20:18:11 Going to coordinates X=-16.994, Y=-37.521
22.11 20:18:11 Moving is finished
22.11 20:20:20 Scanning 40 point from 364
22.11 20:20:20 Going to coordinates X=-16.944, Y=-37.521
22.11 20:20:20 Moving is finished
22.11 20:22:28 Scanning 41 point from 364
22.11 20:22:28 Going to coordinates X=-16.894, Y=-37.521
22.11 20:22:28 Moving is finished
22.11 20:24:36 Scanning 42 point from 364
22.11 20:24:36 Going to coordinates X=-16.844, Y=-37.521
22.11 20:24:37 Moving is finished
22.11 20:26:44 Scanning 43 point from 364
22.11 20:26:44 Going to coordinates X=-16.794, Y=-37.521
22.11 20:26:45 Moving is finished
22.11 20:28:54 Scanning 44 point from 364
22.11 20:28:54 Going to coordinates X=-16.744, Y=-37.521
22.11 20:28:54 Moving is finished
22.11 20:31:02 Scanning 45 point from 364
22.11 20:31:02 Going to coordinates X=-16.694, Y=-37.521
22.11 20:31:03 Moving is finished
22.11 20:33:11 Scanning 46 point from 364
22.11 20:33:11 Going to coordinates X=-16.644, Y=-37.521
22.11 20:33:11 Moving is finished
22.11 20:35:19 Scanning 47 point from 364
22.11 20:35:19 Going to coordinates X=-16.594, Y=-37.521
22.11 20:35:19 Moving is finished
22.11 20:37:27 Scanning 48 point from 364
22.11 20:37:27 Going to coordinates X=-16.544, Y=-37.521
22.11 20:37:27 Moving is finished
22.11 20:39:35 Scanning 49 point from 364
22.11 20:39:35 Going to coordinates X=-16.494, Y=-37.521
22.11 20:39:36 Moving is finished
22.11 20:41:44 Scanning 50 point from 364
22.11 20:41:44 Going to coordinates X=-16.444, Y=-37.521
22.11 20:41:44 Moving is finished
22.11 20:43:52 Scanning 51 point from 364
22.11 20:43:52 Going to coordinates X=-16.394, Y=-37.521
22.11 20:43:52 Moving is finished
22.11 20:46:00 Scanning 52 point from 364
22.11 20:46:00 Going to coordinates X=-17.644, Y=-37.421
22.11 20:46:01 Moving is finished
22.11 20:48:09 Scanning 53 point from 364
22.11 20:48:09 Going to coordinates X=-17.594, Y=-37.421
22.11 20:48:09 Moving is finished
22.11 20:50:17 Scanning 54 point from 364
22.11 20:50:17 Going to coordinates X=-17.544, Y=-37.421
22.11 20:50:17 Moving is finished
22.11 20:52:25 Scanning 55 point from 364
22.11 20:52:25 Going to coordinates X=-17.494, Y=-37.421
22.11 20:52:25 Moving is finished
22.11 20:54:33 Scanning 56 point from 364
22.11 20:54:33 Going to coordinates X=-17.444, Y=-37.421
22.11 20:54:34 Moving is finished
22.11 20:56:41 Scanning 57 point from 364
22.11 20:56:41 Going to coordinates X=-17.394, Y=-37.421
22.11 20:56:42 Moving is finished
22.11 20:58:50 Scanning 58 point from 364
22.11 20:58:50 Going to coordinates X=-17.344, Y=-37.421
22.11 20:58:50 Moving is finished
22.11 21:00:58 Scanning 59 point from 364
22.11 21:00:58 Going to coordinates X=-17.294, Y=-37.421
22.11 21:00:58 Moving is finished
22.11 21:03:06 Scanning 60 point from 364
22.11 21:03:06 Going to coordinates X=-17.244, Y=-37.421
22.11 21:03:06 Moving is finished
22.11 21:05:14 Scanning 61 point from 364
22.11 21:05:14 Going to coordinates X=-17.194, Y=-37.421
22.11 21:05:15 Moving is finished
22.11 21:07:23 Scanning 62 point from 364
22.11 21:07:23 Going to coordinates X=-17.144, Y=-37.421
22.11 21:07:23 Moving is finished
22.11 21:09:31 Scanning 63 point from 364
22.11 21:09:31 Going to coordinates X=-17.094, Y=-37.421
22.11 21:09:31 Moving is finished
22.11 21:11:39 Scanning 64 point from 364
22.11 21:11:39 Going to coordinates X=-17.044, Y=-37.421
22.11 21:11:39 Moving is finished
22.11 21:13:47 Scanning 65 point from 364
22.11 21:13:47 Going to coordinates X=-16.994, Y=-37.421
22.11 21:13:48 Moving is finished
22.11 21:15:55 Scanning 66 point from 364
22.11 21:15:55 Going to coordinates X=-16.944, Y=-37.421
22.11 21:15:56 Moving is finished
22.11 21:18:04 Scanning 67 point from 364
22.11 21:18:04 Going to coordinates X=-16.894, Y=-37.421
22.11 21:18:04 Moving is finished
22.11 21:20:13 Scanning 68 point from 364
22.11 21:20:13 Going to coordinates X=-16.844, Y=-37.421
22.11 21:20:13 Moving is finished
22.11 21:22:22 Scanning 69 point from 364
22.11 21:22:22 Going to coordinates X=-16.794, Y=-37.421
22.11 21:22:22 Moving is finished
22.11 21:24:30 Scanning 70 point from 364
22.11 21:24:30 Going to coordinates X=-16.744, Y=-37.421
22.11 21:24:30 Moving is finished
22.11 21:26:39 Scanning 71 point from 364
22.11 21:26:39 Going to coordinates X=-16.694, Y=-37.421
22.11 21:26:39 Moving is finished
22.11 21:28:47 Scanning 72 point from 364
22.11 21:28:47 Going to coordinates X=-16.644, Y=-37.421
22.11 21:28:48 Moving is finished
22.11 21:30:56 Scanning 73 point from 364
22.11 21:30:56 Going to coordinates X=-16.594, Y=-37.421
22.11 21:30:56 Moving is finished
22.11 21:33:04 Scanning 74 point from 364
22.11 21:33:04 Going to coordinates X=-16.544, Y=-37.421
22.11 21:33:04 Moving is finished
22.11 21:35:13 Scanning 75 point from 364
22.11 21:35:13 Going to coordinates X=-16.494, Y=-37.421
22.11 21:35:13 Moving is finished
22.11 21:37:21 Scanning 76 point from 364
22.11 21:37:21 Going to coordinates X=-16.444, Y=-37.421
22.11 21:37:21 Moving is finished
22.11 21:39:29 Scanning 77 point from 364
22.11 21:39:29 Going to coordinates X=-16.394, Y=-37.421
22.11 21:39:29 Moving is finished
22.11 21:41:38 Scanning 78 point from 364
22.11 21:41:38 Going to coordinates X=-17.644, Y=-37.321
22.11 21:41:39 Moving is finished
22.11 21:43:47 Scanning 79 point from 364
22.11 21:43:47 Going to coordinates X=-17.594, Y=-37.321
22.11 21:43:47 Moving is finished
22.11 21:45:55 Scanning 80 point from 364
22.11 21:45:55 Going to coordinates X=-17.544, Y=-37.321
22.11 21:45:55 Moving is finished
22.11 21:48:03 Scanning 81 point from 364
22.11 21:48:03 Going to coordinates X=-17.494, Y=-37.321
22.11 21:48:03 Moving is finished
22.11 21:50:11 Scanning 82 point from 364
22.11 21:50:11 Going to coordinates X=-17.444, Y=-37.321
22.11 21:50:12 Moving is finished
22.11 21:52:20 Scanning 83 point from 364
22.11 21:52:20 Going to coordinates X=-17.394, Y=-37.321
22.11 21:52:20 Moving is finished
22.11 21:54:29 Scanning 84 point from 364
22.11 21:54:29 Going to coordinates X=-17.344, Y=-37.321
22.11 21:54:29 Moving is finished
22.11 21:56:38 Scanning 85 point from 364
22.11 21:56:38 Going to coordinates X=-17.294, Y=-37.321
22.11 21:56:38 Moving is finished
22.11 21:58:46 Scanning 86 point from 364
22.11 21:58:46 Going to coordinates X=-17.244, Y=-37.321
22.11 21:58:46 Moving is finished
22.11 22:00:54 Scanning 87 point from 364
22.11 22:00:54 Going to coordinates X=-17.194, Y=-37.321
22.11 22:00:54 Moving is finished
22.11 22:03:03 Scanning 88 point from 364
22.11 22:03:03 Going to coordinates X=-17.144, Y=-37.321
22.11 22:03:03 Moving is finished
22.11 22:05:11 Scanning 89 point from 364
22.11 22:05:11 Going to coordinates X=-17.094, Y=-37.321
22.11 22:05:11 Moving is finished
22.11 22:07:20 Scanning 90 point from 364
22.11 22:07:20 Going to coordinates X=-17.044, Y=-37.321
22.11 22:07:20 Moving is finished
22.11 22:09:28 Scanning 91 point from 364
22.11 22:09:28 Going to coordinates X=-16.994, Y=-37.321
22.11 22:09:28 Moving is finished
22.11 22:11:36 Scanning 92 point from 364
22.11 22:11:36 Going to coordinates X=-16.944, Y=-37.321
22.11 22:11:36 Moving is finished
22.11 22:13:44 Scanning 93 point from 364
22.11 22:13:44 Going to coordinates X=-16.894, Y=-37.321
22.11 22:13:45 Moving is finished
22.11 22:15:53 Scanning 94 point from 364
22.11 22:15:53 Going to coordinates X=-16.844, Y=-37.321
22.11 22:15:53 Moving is finished
22.11 22:18:01 Scanning 95 point from 364
22.11 22:18:01 Going to coordinates X=-16.794, Y=-37.321
22.11 22:18:02 Moving is finished
22.11 22:20:10 Scanning 96 point from 364
22.11 22:20:10 Going to coordinates X=-16.744, Y=-37.321
22.11 22:20:10 Moving is finished
22.11 22:22:18 Scanning 97 point from 364
22.11 22:22:18 Going to coordinates X=-16.694, Y=-37.321
22.11 22:22:18 Moving is finished
22.11 22:24:26 Scanning 98 point from 364
22.11 22:24:26 Going to coordinates X=-16.644, Y=-37.321
22.11 22:24:26 Moving is finished
22.11 22:26:35 Scanning 99 point from 364
22.11 22:26:35 Going to coordinates X=-16.594, Y=-37.321
22.11 22:26:35 Moving is finished
22.11 22:28:43 Scanning 100 point from 364
22.11 22:28:43 Going to coordinates X=-16.544, Y=-37.321
22.11 22:28:43 Moving is finished
22.11 22:30:51 Scanning 101 point from 364
22.11 22:30:51 Going to coordinates X=-16.494, Y=-37.321
22.11 22:30:51 Moving is finished
22.11 22:32:59 Scanning 102 point from 364
22.11 22:32:59 Going to coordinates X=-16.444, Y=-37.321
22.11 22:33:00 Moving is finished
22.11 22:35:08 Scanning 103 point from 364
22.11 22:35:08 Going to coordinates X=-16.394, Y=-37.321
22.11 22:35:08 Moving is finished
22.11 22:37:16 Scanning 104 point from 364
22.11 22:37:16 Going to coordinates X=-17.644, Y=-37.221
22.11 22:37:17 Moving is finished
22.11 22:39:25 Scanning 105 point from 364
22.11 22:39:25 Going to coordinates X=-17.594, Y=-37.221
22.11 22:39:25 Moving is finished
22.11 22:41:33 Scanning 106 point from 364
22.11 22:41:33 Going to coordinates X=-17.544, Y=-37.221
22.11 22:41:33 Moving is finished
22.11 22:43:41 Scanning 107 point from 364
22.11 22:43:41 Going to coordinates X=-17.494, Y=-37.221
22.11 22:43:41 Moving is finished
22.11 22:45:49 Scanning 108 point from 364
22.11 22:45:49 Going to coordinates X=-17.444, Y=-37.221
22.11 22:45:50 Moving is finished
22.11 22:47:57 Scanning 109 point from 364
22.11 22:47:57 Going to coordinates X=-17.394, Y=-37.221
22.11 22:47:58 Moving is finished
22.11 22:50:06 Scanning 110 point from 364
22.11 22:50:06 Going to coordinates X=-17.344, Y=-37.221
22.11 22:50:06 Moving is finished
22.11 22:52:14 Scanning 111 point from 364
22.11 22:52:14 Going to coordinates X=-17.294, Y=-37.221
22.11 22:52:14 Moving is finished
22.11 22:54:23 Scanning 112 point from 364
22.11 22:54:23 Going to coordinates X=-17.244, Y=-37.221
22.11 22:54:23 Moving is finished
22.11 22:56:31 Scanning 113 point from 364
22.11 22:56:31 Going to coordinates X=-17.194, Y=-37.221
22.11 22:56:31 Moving is finished
22.11 22:58:40 Scanning 114 point from 364
22.11 22:58:40 Going to coordinates X=-17.144, Y=-37.221
22.11 22:58:40 Moving is finished
22.11 23:00:48 Scanning 115 point from 364
22.11 23:00:48 Going to coordinates X=-17.094, Y=-37.221
22.11 23:00:48 Moving is finished
22.11 23:02:57 Scanning 116 point from 364
22.11 23:02:57 Going to coordinates X=-17.044, Y=-37.221
22.11 23:02:57 Moving is finished
22.11 23:05:05 Scanning 117 point from 364
22.11 23:05:05 Going to coordinates X=-16.994, Y=-37.221
22.11 23:05:05 Moving is finished
22.11 23:07:13 Scanning 118 point from 364
22.11 23:07:13 Going to coordinates X=-16.944, Y=-37.221
22.11 23:07:14 Moving is finished
22.11 23:09:22 Scanning 119 point from 364
22.11 23:09:22 Going to coordinates X=-16.894, Y=-37.221
22.11 23:09:22 Moving is finished
22.11 23:11:30 Scanning 120 point from 364
22.11 23:11:30 Going to coordinates X=-16.844, Y=-37.221
22.11 23:11:30 Moving is finished
22.11 23:13:39 Scanning 121 point from 364
22.11 23:13:39 Going to coordinates X=-16.794, Y=-37.221
22.11 23:13:39 Moving is finished
22.11 23:15:47 Scanning 122 point from 364
22.11 23:15:47 Going to coordinates X=-16.744, Y=-37.221
22.11 23:15:47 Moving is finished
22.11 23:17:55 Scanning 123 point from 364
22.11 23:17:55 Going to coordinates X=-16.694, Y=-37.221
22.11 23:17:56 Moving is finished
22.11 23:20:04 Scanning 124 point from 364
22.11 23:20:04 Going to coordinates X=-16.644, Y=-37.221
22.11 23:20:04 Moving is finished
22.11 23:22:12 Scanning 125 point from 364
22.11 23:22:12 Going to coordinates X=-16.594, Y=-37.221
22.11 23:22:13 Moving is finished
22.11 23:24:21 Scanning 126 point from 364
22.11 23:24:21 Going to coordinates X=-16.544, Y=-37.221
22.11 23:24:21 Moving is finished
22.11 23:26:29 Scanning 127 point from 364
22.11 23:26:29 Going to coordinates X=-16.494, Y=-37.221
22.11 23:26:29 Moving is finished
22.11 23:28:37 Scanning 128 point from 364
22.11 23:28:37 Going to coordinates X=-16.444, Y=-37.221
22.11 23:28:37 Moving is finished
22.11 23:30:46 Scanning 129 point from 364
22.11 23:30:46 Going to coordinates X=-16.394, Y=-37.221
22.11 23:30:46 Moving is finished
22.11 23:32:54 Scanning 130 point from 364
22.11 23:32:54 Going to coordinates X=-17.644, Y=-37.121
22.11 23:32:55 Moving is finished
22.11 23:35:03 Scanning 131 point from 364
22.11 23:35:03 Going to coordinates X=-17.594, Y=-37.121
22.11 23:35:03 Moving is finished
22.11 23:37:12 Scanning 132 point from 364
22.11 23:37:12 Going to coordinates X=-17.544, Y=-37.121
22.11 23:37:12 Moving is finished
22.11 23:39:21 Scanning 133 point from 364
22.11 23:39:21 Going to coordinates X=-17.494, Y=-37.121
22.11 23:39:21 Moving is finished
22.11 23:41:30 Scanning 134 point from 364
22.11 23:41:30 Going to coordinates X=-17.444, Y=-37.121
22.11 23:41:30 Moving is finished
22.11 23:43:38 Scanning 135 point from 364
22.11 23:43:38 Going to coordinates X=-17.394, Y=-37.121
22.11 23:43:38 Moving is finished
22.11 23:45:46 Scanning 136 point from 364
22.11 23:45:46 Going to coordinates X=-17.344, Y=-37.121
22.11 23:45:46 Moving is finished
22.11 23:47:55 Scanning 137 point from 364
22.11 23:47:55 Going to coordinates X=-17.294, Y=-37.121
22.11 23:47:55 Moving is finished
22.11 23:50:03 Scanning 138 point from 364
22.11 23:50:03 Going to coordinates X=-17.244, Y=-37.121
22.11 23:50:03 Moving is finished
22.11 23:52:11 Scanning 139 point from 364
22.11 23:52:11 Going to coordinates X=-17.194, Y=-37.121
22.11 23:52:12 Moving is finished
22.11 23:54:20 Scanning 140 point from 364
22.11 23:54:20 Going to coordinates X=-17.144, Y=-37.121
22.11 23:54:20 Moving is finished
22.11 23:56:28 Scanning 141 point from 364
22.11 23:56:28 Going to coordinates X=-17.094, Y=-37.121
22.11 23:56:28 Moving is finished
22.11 23:58:36 Scanning 142 point from 364
22.11 23:58:36 Going to coordinates X=-17.044, Y=-37.121
22.11 23:58:36 Moving is finished
23.11 00:00:44 Scanning 143 point from 364
23.11 00:00:44 Going to coordinates X=-16.994, Y=-37.121
23.11 00:00:45 Moving is finished
23.11 00:02:53 Scanning 144 point from 364
23.11 00:02:53 Going to coordinates X=-16.944, Y=-37.121
23.11 00:02:53 Moving is finished
23.11 00:05:02 Scanning 145 point from 364
23.11 00:05:02 Going to coordinates X=-16.894, Y=-37.121
23.11 00:05:02 Moving is finished
23.11 00:07:10 Scanning 146 point from 364
23.11 00:07:10 Going to coordinates X=-16.844, Y=-37.121
23.11 00:07:10 Moving is finished
23.11 00:09:18 Scanning 147 point from 364
23.11 00:09:18 Going to coordinates X=-16.794, Y=-37.121
23.11 00:09:18 Moving is finished
23.11 00:11:26 Scanning 148 point from 364
23.11 00:11:26 Going to coordinates X=-16.744, Y=-37.121
23.11 00:11:27 Moving is finished
23.11 00:13:35 Scanning 149 point from 364
23.11 00:13:35 Going to coordinates X=-16.694, Y=-37.121
23.11 00:13:35 Moving is finished
23.11 00:15:43 Scanning 150 point from 364
23.11 00:15:43 Going to coordinates X=-16.644, Y=-37.121
23.11 00:15:43 Moving is finished
23.11 00:17:51 Scanning 151 point from 364
23.11 00:17:51 Going to coordinates X=-16.594, Y=-37.121
23.11 00:17:51 Moving is finished
23.11 00:20:00 Scanning 152 point from 364
23.11 00:20:00 Going to coordinates X=-16.544, Y=-37.121
23.11 00:20:00 Moving is finished
23.11 00:22:08 Scanning 153 point from 364
23.11 00:22:08 Going to coordinates X=-16.494, Y=-37.121
23.11 00:22:08 Moving is finished
23.11 00:24:16 Scanning 154 point from 364
23.11 00:24:16 Going to coordinates X=-16.444, Y=-37.121
23.11 00:24:16 Moving is finished
23.11 00:26:24 Scanning 155 point from 364
23.11 00:26:24 Going to coordinates X=-16.394, Y=-37.121
23.11 00:26:24 Moving is finished
23.11 00:28:33 Scanning 156 point from 364
23.11 00:28:33 Going to coordinates X=-17.644, Y=-37.021
23.11 00:28:34 Moving is finished
23.11 00:30:42 Scanning 157 point from 364
23.11 00:30:42 Going to coordinates X=-17.594, Y=-37.021
23.11 00:30:42 Moving is finished
23.11 00:32:50 Scanning 158 point from 364
23.11 00:32:50 Going to coordinates X=-17.544, Y=-37.021
23.11 00:32:50 Moving is finished
23.11 00:34:59 Scanning 159 point from 364
23.11 00:34:59 Going to coordinates X=-17.494, Y=-37.021
23.11 00:34:59 Moving is finished
23.11 00:37:07 Scanning 160 point from 364
23.11 00:37:07 Going to coordinates X=-17.444, Y=-37.021
23.11 00:37:08 Moving is finished
23.11 00:39:16 Scanning 161 point from 364
23.11 00:39:16 Going to coordinates X=-17.394, Y=-37.021
23.11 00:39:16 Moving is finished
23.11 00:41:24 Scanning 162 point from 364
23.11 00:41:24 Going to coordinates X=-17.344, Y=-37.021
23.11 00:41:24 Moving is finished
23.11 00:43:32 Scanning 163 point from 364
23.11 00:43:32 Going to coordinates X=-17.294, Y=-37.021
23.11 00:43:32 Moving is finished
23.11 00:45:40 Scanning 164 point from 364
23.11 00:45:40 Going to coordinates X=-17.244, Y=-37.021
23.11 00:45:41 Moving is finished
23.11 00:47:48 Scanning 165 point from 364
23.11 00:47:48 Going to coordinates X=-17.194, Y=-37.021
23.11 00:47:49 Moving is finished
23.11 00:49:57 Scanning 166 point from 364
23.11 00:49:57 Going to coordinates X=-17.144, Y=-37.021
23.11 00:49:57 Moving is finished
23.11 00:52:06 Scanning 167 point from 364
23.11 00:52:06 Going to coordinates X=-17.094, Y=-37.021
23.11 00:52:06 Moving is finished
23.11 00:54:14 Scanning 168 point from 364
23.11 00:54:14 Going to coordinates X=-17.044, Y=-37.021
23.11 00:54:14 Moving is finished
23.11 00:56:22 Scanning 169 point from 364
23.11 00:56:22 Going to coordinates X=-16.994, Y=-37.021
23.11 00:56:22 Moving is finished
23.11 00:58:30 Scanning 170 point from 364
23.11 00:58:30 Going to coordinates X=-16.944, Y=-37.021
23.11 00:58:30 Moving is finished
23.11 01:00:38 Scanning 171 point from 364
23.11 01:00:38 Going to coordinates X=-16.894, Y=-37.021
23.11 01:00:39 Moving is finished
23.11 01:02:47 Scanning 172 point from 364
23.11 01:02:47 Going to coordinates X=-16.844, Y=-37.021
23.11 01:02:47 Moving is finished
23.11 01:04:55 Scanning 173 point from 364
23.11 01:04:55 Going to coordinates X=-16.794, Y=-37.021
23.11 01:04:55 Moving is finished
23.11 01:07:04 Scanning 174 point from 364
23.11 01:07:04 Going to coordinates X=-16.744, Y=-37.021
23.11 01:07:04 Moving is finished
23.11 01:09:12 Scanning 175 point from 364
23.11 01:09:12 Going to coordinates X=-16.694, Y=-37.021
23.11 01:09:12 Moving is finished
23.11 01:11:20 Scanning 176 point from 364
23.11 01:11:20 Going to coordinates X=-16.644, Y=-37.021
23.11 01:11:20 Moving is finished
23.11 01:13:28 Scanning 177 point from 364
23.11 01:13:28 Going to coordinates X=-16.594, Y=-37.021
23.11 01:13:29 Moving is finished
23.11 01:15:37 Scanning 178 point from 364
23.11 01:15:37 Going to coordinates X=-16.544, Y=-37.021
23.11 01:15:37 Moving is finished
23.11 01:17:46 Scanning 179 point from 364
23.11 01:17:46 Going to coordinates X=-16.494, Y=-37.021
23.11 01:17:46 Moving is finished
23.11 01:19:54 Scanning 180 point from 364
23.11 01:19:54 Going to coordinates X=-16.444, Y=-37.021
23.11 01:19:55 Moving is finished
23.11 01:22:03 Scanning 181 point from 364
23.11 01:22:03 Going to coordinates X=-16.394, Y=-37.021
23.11 01:22:03 Moving is finished
23.11 01:24:11 Scanning 182 point from 364
23.11 01:24:11 Going to coordinates X=-17.644, Y=-36.921
23.11 01:24:12 Moving is finished
23.11 01:26:20 Scanning 183 point from 364
23.11 01:26:20 Going to coordinates X=-17.594, Y=-36.921
23.11 01:26:20 Moving is finished
23.11 01:28:28 Scanning 184 point from 364
23.11 01:28:28 Going to coordinates X=-17.544, Y=-36.921
23.11 01:28:28 Moving is finished
23.11 01:30:37 Scanning 185 point from 364
23.11 01:30:37 Going to coordinates X=-17.494, Y=-36.921
23.11 01:30:37 Moving is finished
23.11 01:32:45 Scanning 186 point from 364
23.11 01:32:45 Going to coordinates X=-17.444, Y=-36.921
23.11 01:32:45 Moving is finished
23.11 01:34:53 Scanning 187 point from 364
23.11 01:34:53 Going to coordinates X=-17.394, Y=-36.921
23.11 01:34:53 Moving is finished
23.11 01:37:01 Scanning 188 point from 364
23.11 01:37:01 Going to coordinates X=-17.344, Y=-36.921
23.11 01:37:01 Moving is finished
23.11 01:39:10 Scanning 189 point from 364
23.11 01:39:10 Going to coordinates X=-17.294, Y=-36.921
23.11 01:39:10 Moving is finished
23.11 01:41:19 Scanning 190 point from 364
23.11 01:41:19 Going to coordinates X=-17.244, Y=-36.921
23.11 01:41:19 Moving is finished
23.11 01:43:28 Scanning 191 point from 364
23.11 01:43:28 Going to coordinates X=-17.194, Y=-36.921
23.11 01:43:28 Moving is finished
23.11 01:45:36 Scanning 192 point from 364
23.11 01:45:36 Going to coordinates X=-17.144, Y=-36.921
23.11 01:45:37 Moving is finished
23.11 01:47:45 Scanning 193 point from 364
23.11 01:47:45 Going to coordinates X=-17.094, Y=-36.921
23.11 01:47:45 Moving is finished
23.11 01:49:53 Scanning 194 point from 364
23.11 01:49:53 Going to coordinates X=-17.044, Y=-36.921
23.11 01:49:53 Moving is finished
23.11 01:52:02 Scanning 195 point from 364
23.11 01:52:02 Going to coordinates X=-16.994, Y=-36.921
23.11 01:52:02 Moving is finished
23.11 01:54:11 Scanning 196 point from 364
23.11 01:54:11 Going to coordinates X=-16.944, Y=-36.921
23.11 01:54:11 Moving is finished
23.11 01:56:19 Scanning 197 point from 364
23.11 01:56:19 Going to coordinates X=-16.894, Y=-36.921
23.11 01:56:20 Moving is finished
23.11 01:58:27 Scanning 198 point from 364
23.11 01:58:27 Going to coordinates X=-16.844, Y=-36.921
23.11 01:58:28 Moving is finished
23.11 02:00:36 Scanning 199 point from 364
23.11 02:00:36 Going to coordinates X=-16.794, Y=-36.921
23.11 02:00:36 Moving is finished
23.11 02:02:44 Scanning 200 point from 364
23.11 02:02:44 Going to coordinates X=-16.744, Y=-36.921
23.11 02:02:45 Moving is finished
23.11 02:04:53 Scanning 201 point from 364
23.11 02:04:53 Going to coordinates X=-16.694, Y=-36.921
23.11 02:04:53 Moving is finished
23.11 02:07:01 Scanning 202 point from 364
23.11 02:07:01 Going to coordinates X=-16.644, Y=-36.921
23.11 02:07:01 Moving is finished
23.11 02:09:09 Scanning 203 point from 364
23.11 02:09:09 Going to coordinates X=-16.594, Y=-36.921
23.11 02:09:10 Moving is finished
23.11 02:11:18 Scanning 204 point from 364
23.11 02:11:18 Going to coordinates X=-16.544, Y=-36.921
23.11 02:11:18 Moving is finished
23.11 02:13:27 Scanning 205 point from 364
23.11 02:13:27 Going to coordinates X=-16.494, Y=-36.921
23.11 02:13:27 Moving is finished
23.11 02:15:35 Scanning 206 point from 364
23.11 02:15:35 Going to coordinates X=-16.444, Y=-36.921
23.11 02:15:35 Moving is finished
23.11 02:17:43 Scanning 207 point from 364
23.11 02:17:43 Going to coordinates X=-16.394, Y=-36.921
23.11 02:17:44 Moving is finished
23.11 02:19:51 Scanning 208 point from 364
23.11 02:19:51 Going to coordinates X=-17.644, Y=-36.821
23.11 02:19:52 Moving is finished
23.11 02:22:00 Scanning 209 point from 364
23.11 02:22:00 Going to coordinates X=-17.594, Y=-36.821
23.11 02:22:01 Moving is finished
23.11 02:24:09 Scanning 210 point from 364
23.11 02:24:09 Going to coordinates X=-17.544, Y=-36.821
23.11 02:24:09 Moving is finished
23.11 02:26:17 Scanning 211 point from 364
23.11 02:26:17 Going to coordinates X=-17.494, Y=-36.821
23.11 02:26:18 Moving is finished
23.11 02:28:26 Scanning 212 point from 364
23.11 02:28:26 Going to coordinates X=-17.444, Y=-36.821
23.11 02:28:26 Moving is finished
23.11 02:30:34 Scanning 213 point from 364
23.11 02:30:34 Going to coordinates X=-17.394, Y=-36.821
23.11 02:30:35 Moving is finished
23.11 02:32:43 Scanning 214 point from 364
23.11 02:32:43 Going to coordinates X=-17.344, Y=-36.821
23.11 02:32:43 Moving is finished
23.11 02:34:51 Scanning 215 point from 364
23.11 02:34:51 Going to coordinates X=-17.294, Y=-36.821
23.11 02:34:51 Moving is finished
23.11 02:37:00 Scanning 216 point from 364
23.11 02:37:00 Going to coordinates X=-17.244, Y=-36.821
23.11 02:37:00 Moving is finished
23.11 02:39:08 Scanning 217 point from 364
23.11 02:39:08 Going to coordinates X=-17.194, Y=-36.821
23.11 02:39:08 Moving is finished
23.11 02:41:17 Scanning 218 point from 364
23.11 02:41:17 Going to coordinates X=-17.144, Y=-36.821
23.11 02:41:18 Moving is finished
23.11 02:43:26 Scanning 219 point from 364
23.11 02:43:26 Going to coordinates X=-17.094, Y=-36.821
23.11 02:43:26 Moving is finished
23.11 02:45:34 Scanning 220 point from 364
23.11 02:45:34 Going to coordinates X=-17.044, Y=-36.821
23.11 02:45:34 Moving is finished
23.11 02:47:42 Scanning 221 point from 364
23.11 02:47:42 Going to coordinates X=-16.994, Y=-36.821
23.11 02:47:42 Moving is finished
23.11 02:49:51 Scanning 222 point from 364
23.11 02:49:51 Going to coordinates X=-16.944, Y=-36.821
23.11 02:49:51 Moving is finished
23.11 02:51:59 Scanning 223 point from 364
23.11 02:51:59 Going to coordinates X=-16.894, Y=-36.821
23.11 02:51:59 Moving is finished
23.11 02:54:08 Scanning 224 point from 364
23.11 02:54:08 Going to coordinates X=-16.844, Y=-36.821
23.11 02:54:08 Moving is finished
23.11 02:56:16 Scanning 225 point from 364
23.11 02:56:16 Going to coordinates X=-16.794, Y=-36.821
23.11 02:56:16 Moving is finished
23.11 02:58:24 Scanning 226 point from 364
23.11 02:58:24 Going to coordinates X=-16.744, Y=-36.821
23.11 02:58:25 Moving is finished
23.11 03:00:33 Scanning 227 point from 364
23.11 03:00:33 Going to coordinates X=-16.694, Y=-36.821
23.11 03:00:33 Moving is finished
23.11 03:02:41 Scanning 228 point from 364
23.11 03:02:41 Going to coordinates X=-16.644, Y=-36.821
23.11 03:02:41 Moving is finished
23.11 03:04:49 Scanning 229 point from 364
23.11 03:04:49 Going to coordinates X=-16.594, Y=-36.821
23.11 03:04:49 Moving is finished
23.11 03:06:58 Scanning 230 point from 364
23.11 03:06:58 Going to coordinates X=-16.544, Y=-36.821
23.11 03:06:58 Moving is finished
23.11 03:09:06 Scanning 231 point from 364
23.11 03:09:06 Going to coordinates X=-16.494, Y=-36.821
23.11 03:09:06 Moving is finished
23.11 03:11:14 Scanning 232 point from 364
23.11 03:11:14 Going to coordinates X=-16.444, Y=-36.821
23.11 03:11:14 Moving is finished
23.11 03:13:22 Scanning 233 point from 364
23.11 03:13:22 Going to coordinates X=-16.394, Y=-36.821
23.11 03:13:23 Moving is finished
23.11 03:15:30 Scanning 234 point from 364
23.11 03:15:30 Going to coordinates X=-17.644, Y=-36.721
23.11 03:15:31 Moving is finished
23.11 03:17:40 Scanning 235 point from 364
23.11 03:17:40 Going to coordinates X=-17.594, Y=-36.721
23.11 03:17:40 Moving is finished
23.11 03:19:48 Scanning 236 point from 364
23.11 03:19:48 Going to coordinates X=-17.544, Y=-36.721
23.11 03:19:48 Moving is finished
23.11 03:21:57 Scanning 237 point from 364
23.11 03:21:57 Going to coordinates X=-17.494, Y=-36.721
23.11 03:21:57 Moving is finished
23.11 03:24:05 Scanning 238 point from 364
23.11 03:24:05 Going to coordinates X=-17.444, Y=-36.721
23.11 03:24:05 Moving is finished
23.11 03:26:13 Scanning 239 point from 364
23.11 03:26:13 Going to coordinates X=-17.394, Y=-36.721
23.11 03:26:14 Moving is finished
23.11 03:28:22 Scanning 240 point from 364
23.11 03:28:22 Going to coordinates X=-17.344, Y=-36.721
23.11 03:28:23 Moving is finished
23.11 03:30:31 Scanning 241 point from 364
23.11 03:30:31 Going to coordinates X=-17.294, Y=-36.721
23.11 03:30:31 Moving is finished
23.11 03:32:39 Scanning 242 point from 364
23.11 03:32:39 Going to coordinates X=-17.244, Y=-36.721
23.11 03:32:39 Moving is finished
23.11 03:34:48 Scanning 243 point from 364
23.11 03:34:48 Going to coordinates X=-17.194, Y=-36.721
23.11 03:34:48 Moving is finished
23.11 03:36:57 Scanning 244 point from 364
23.11 03:36:57 Going to coordinates X=-17.144, Y=-36.721
23.11 03:36:57 Moving is finished
23.11 03:39:05 Scanning 245 point from 364
23.11 03:39:05 Going to coordinates X=-17.094, Y=-36.721
23.11 03:39:05 Moving is finished
23.11 03:41:13 Scanning 246 point from 364
23.11 03:41:13 Going to coordinates X=-17.044, Y=-36.721
23.11 03:41:13 Moving is finished
23.11 03:43:22 Scanning 247 point from 364
23.11 03:43:22 Going to coordinates X=-16.994, Y=-36.721
23.11 03:43:22 Moving is finished
23.11 03:45:30 Scanning 248 point from 364
23.11 03:45:30 Going to coordinates X=-16.944, Y=-36.721
23.11 03:45:30 Moving is finished
23.11 03:47:39 Scanning 249 point from 364
23.11 03:47:39 Going to coordinates X=-16.894, Y=-36.721
23.11 03:47:39 Moving is finished
23.11 03:49:48 Scanning 250 point from 364
23.11 03:49:48 Going to coordinates X=-16.844, Y=-36.721
23.11 03:49:48 Moving is finished
23.11 03:51:56 Scanning 251 point from 364
23.11 03:51:56 Going to coordinates X=-16.794, Y=-36.721
23.11 03:51:56 Moving is finished
23.11 03:54:04 Scanning 252 point from 364
23.11 03:54:04 Going to coordinates X=-16.744, Y=-36.721
23.11 03:54:05 Moving is finished
23.11 03:56:12 Scanning 253 point from 364
23.11 03:56:12 Going to coordinates X=-16.694, Y=-36.721
23.11 03:56:13 Moving is finished
23.11 03:58:21 Scanning 254 point from 364
23.11 03:58:21 Going to coordinates X=-16.644, Y=-36.721
23.11 03:58:21 Moving is finished
23.11 04:00:30 Scanning 255 point from 364
23.11 04:00:30 Going to coordinates X=-16.594, Y=-36.721
23.11 04:00:30 Moving is finished
23.11 04:02:38 Scanning 256 point from 364
23.11 04:02:38 Going to coordinates X=-16.544, Y=-36.721
23.11 04:02:39 Moving is finished
23.11 04:04:47 Scanning 257 point from 364
23.11 04:04:47 Going to coordinates X=-16.494, Y=-36.721
23.11 04:04:47 Moving is finished
23.11 04:06:56 Scanning 258 point from 364
23.11 04:06:56 Going to coordinates X=-16.444, Y=-36.721
23.11 04:06:56 Moving is finished
23.11 04:09:04 Scanning 259 point from 364
23.11 04:09:04 Going to coordinates X=-16.394, Y=-36.721
23.11 04:09:05 Moving is finished
23.11 04:11:13 Scanning 260 point from 364
23.11 04:11:13 Going to coordinates X=-17.644, Y=-36.621
23.11 04:11:13 Moving is finished
23.11 04:13:22 Scanning 261 point from 364
23.11 04:13:22 Going to coordinates X=-17.594, Y=-36.621
23.11 04:13:22 Moving is finished
23.11 04:15:30 Scanning 262 point from 364
23.11 04:15:30 Going to coordinates X=-17.544, Y=-36.621
23.11 04:15:30 Moving is finished
23.11 04:17:38 Scanning 263 point from 364
23.11 04:17:38 Going to coordinates X=-17.494, Y=-36.621
23.11 04:17:38 Moving is finished
23.11 04:19:46 Scanning 264 point from 364
23.11 04:19:46 Going to coordinates X=-17.444, Y=-36.621
23.11 04:19:46 Moving is finished
23.11 04:21:55 Scanning 265 point from 364
23.11 04:21:55 Going to coordinates X=-17.394, Y=-36.621
23.11 04:21:55 Moving is finished
23.11 04:24:03 Scanning 266 point from 364
23.11 04:24:03 Going to coordinates X=-17.344, Y=-36.621
23.11 04:24:03 Moving is finished
23.11 04:26:11 Scanning 267 point from 364
23.11 04:26:11 Going to coordinates X=-17.294, Y=-36.621
23.11 04:26:12 Moving is finished
23.11 04:28:21 Scanning 268 point from 364
23.11 04:28:21 Going to coordinates X=-17.244, Y=-36.621
23.11 04:28:21 Moving is finished
23.11 04:30:29 Scanning 269 point from 364
23.11 04:30:29 Going to coordinates X=-17.194, Y=-36.621
23.11 04:30:29 Moving is finished
23.11 04:32:37 Scanning 270 point from 364
23.11 04:32:37 Going to coordinates X=-17.144, Y=-36.621
23.11 04:32:38 Moving is finished
23.11 04:34:46 Scanning 271 point from 364
23.11 04:34:46 Going to coordinates X=-17.094, Y=-36.621
23.11 04:34:46 Moving is finished
23.11 04:36:54 Scanning 272 point from 364
23.11 04:36:54 Going to coordinates X=-17.044, Y=-36.621
23.11 04:36:54 Moving is finished
23.11 04:39:02 Scanning 273 point from 364
23.11 04:39:02 Going to coordinates X=-16.994, Y=-36.621
23.11 04:39:02 Moving is finished
23.11 04:41:10 Scanning 274 point from 364
23.11 04:41:10 Going to coordinates X=-16.944, Y=-36.621
23.11 04:41:11 Moving is finished
23.11 04:43:18 Scanning 275 point from 364
23.11 04:43:18 Going to coordinates X=-16.894, Y=-36.621
23.11 04:43:19 Moving is finished
23.11 04:45:27 Scanning 276 point from 364
23.11 04:45:27 Going to coordinates X=-16.844, Y=-36.621
23.11 04:45:27 Moving is finished
23.11 04:47:35 Scanning 277 point from 364
23.11 04:47:35 Going to coordinates X=-16.794, Y=-36.621
23.11 04:47:35 Moving is finished
23.11 04:49:44 Scanning 278 point from 364
23.11 04:49:44 Going to coordinates X=-16.744, Y=-36.621
23.11 04:49:44 Moving is finished
23.11 04:51:52 Scanning 279 point from 364
23.11 04:51:52 Going to coordinates X=-16.694, Y=-36.621
23.11 04:51:52 Moving is finished
23.11 04:54:00 Scanning 280 point from 364
23.11 04:54:00 Going to coordinates X=-16.644, Y=-36.621
23.11 04:54:01 Moving is finished
23.11 04:56:09 Scanning 281 point from 364
23.11 04:56:09 Going to coordinates X=-16.594, Y=-36.621
23.11 04:56:09 Moving is finished
23.11 04:58:17 Scanning 282 point from 364
23.11 04:58:17 Going to coordinates X=-16.544, Y=-36.621
23.11 04:58:17 Moving is finished
23.11 05:00:25 Scanning 283 point from 364
23.11 05:00:25 Going to coordinates X=-16.494, Y=-36.621
23.11 05:00:25 Moving is finished
23.11 05:02:33 Scanning 284 point from 364
23.11 05:02:33 Going to coordinates X=-16.444, Y=-36.621
23.11 05:02:33 Moving is finished
23.11 05:04:41 Scanning 285 point from 364
23.11 05:04:41 Going to coordinates X=-16.394, Y=-36.621
23.11 05:04:41 Moving is finished
23.11 05:06:50 Scanning 286 point from 364
23.11 05:06:50 Going to coordinates X=-17.644, Y=-36.521
23.11 05:06:51 Moving is finished
23.11 05:08:59 Scanning 287 point from 364
23.11 05:08:59 Going to coordinates X=-17.594, Y=-36.521
23.11 05:08:59 Moving is finished
23.11 05:11:07 Scanning 288 point from 364
23.11 05:11:07 Going to coordinates X=-17.544, Y=-36.521
23.11 05:11:07 Moving is finished
23.11 05:13:15 Scanning 289 point from 364
23.11 05:13:15 Going to coordinates X=-17.494, Y=-36.521
23.11 05:13:16 Moving is finished
23.11 05:15:24 Scanning 290 point from 364
23.11 05:15:24 Going to coordinates X=-17.444, Y=-36.521
23.11 05:15:24 Moving is finished
23.11 05:17:33 Scanning 291 point from 364
23.11 05:17:33 Going to coordinates X=-17.394, Y=-36.521
23.11 05:17:33 Moving is finished
23.11 05:19:42 Scanning 292 point from 364
23.11 05:19:42 Going to coordinates X=-17.344, Y=-36.521
23.11 05:19:42 Moving is finished
23.11 05:21:51 Scanning 293 point from 364
23.11 05:21:51 Going to coordinates X=-17.294, Y=-36.521
23.11 05:21:51 Moving is finished
23.11 05:23:59 Scanning 294 point from 364
23.11 05:23:59 Going to coordinates X=-17.244, Y=-36.521
23.11 05:23:59 Moving is finished
23.11 05:26:07 Scanning 295 point from 364
23.11 05:26:07 Going to coordinates X=-17.194, Y=-36.521
23.11 05:26:08 Moving is finished
23.11 05:28:16 Scanning 296 point from 364
23.11 05:28:16 Going to coordinates X=-17.144, Y=-36.521
23.11 05:28:16 Moving is finished
23.11 05:30:24 Scanning 297 point from 364
23.11 05:30:24 Going to coordinates X=-17.094, Y=-36.521
23.11 05:30:24 Moving is finished
23.11 05:32:32 Scanning 298 point from 364
23.11 05:32:32 Going to coordinates X=-17.044, Y=-36.521
23.11 05:32:33 Moving is finished
23.11 05:34:40 Scanning 299 point from 364
23.11 05:34:40 Going to coordinates X=-16.994, Y=-36.521
23.11 05:34:41 Moving is finished
23.11 05:36:49 Scanning 300 point from 364
23.11 05:36:49 Going to coordinates X=-16.944, Y=-36.521
23.11 05:36:49 Moving is finished
23.11 05:38:58 Scanning 301 point from 364
23.11 05:38:58 Going to coordinates X=-16.894, Y=-36.521
23.11 05:38:58 Moving is finished
23.11 05:41:07 Scanning 302 point from 364
23.11 05:41:07 Going to coordinates X=-16.844, Y=-36.521
23.11 05:41:07 Moving is finished
23.11 05:43:15 Scanning 303 point from 364
23.11 05:43:15 Going to coordinates X=-16.794, Y=-36.521
23.11 05:43:15 Moving is finished
23.11 05:45:24 Scanning 304 point from 364
23.11 05:45:24 Going to coordinates X=-16.744, Y=-36.521
23.11 05:45:24 Moving is finished
23.11 05:47:32 Scanning 305 point from 364
23.11 05:47:32 Going to coordinates X=-16.694, Y=-36.521
23.11 05:47:33 Moving is finished
23.11 05:49:41 Scanning 306 point from 364
23.11 05:49:41 Going to coordinates X=-16.644, Y=-36.521
23.11 05:49:41 Moving is finished
23.11 05:51:50 Scanning 307 point from 364
23.11 05:51:50 Going to coordinates X=-16.594, Y=-36.521
23.11 05:51:50 Moving is finished
23.11 05:53:58 Scanning 308 point from 364
23.11 05:53:58 Going to coordinates X=-16.544, Y=-36.521
23.11 05:53:58 Moving is finished
23.11 05:56:06 Scanning 309 point from 364
23.11 05:56:06 Going to coordinates X=-16.494, Y=-36.521
23.11 05:56:07 Moving is finished
23.11 05:58:15 Scanning 310 point from 364
23.11 05:58:15 Going to coordinates X=-16.444, Y=-36.521
23.11 05:58:15 Moving is finished
23.11 06:00:23 Scanning 311 point from 364
23.11 06:00:23 Going to coordinates X=-16.394, Y=-36.521
23.11 06:00:23 Moving is finished
23.11 06:02:31 Scanning 312 point from 364
23.11 06:02:31 Going to coordinates X=-17.644, Y=-36.421
23.11 06:02:32 Moving is finished
23.11 06:04:41 Scanning 313 point from 364
23.11 06:04:41 Going to coordinates X=-17.594, Y=-36.421
23.11 06:04:41 Moving is finished
23.11 06:06:49 Scanning 314 point from 364
23.11 06:06:49 Going to coordinates X=-17.544, Y=-36.421
23.11 06:06:49 Moving is finished
23.11 06:08:58 Scanning 315 point from 364
23.11 06:08:58 Going to coordinates X=-17.494, Y=-36.421
23.11 06:08:58 Moving is finished
23.11 06:11:06 Scanning 316 point from 364
23.11 06:11:06 Going to coordinates X=-17.444, Y=-36.421
23.11 06:11:06 Moving is finished
23.11 06:13:14 Scanning 317 point from 364
23.11 06:13:14 Going to coordinates X=-17.394, Y=-36.421
23.11 06:13:14 Moving is finished
23.11 06:15:23 Scanning 318 point from 364
23.11 06:15:23 Going to coordinates X=-17.344, Y=-36.421
23.11 06:15:23 Moving is finished
23.11 06:17:31 Scanning 319 point from 364
23.11 06:17:31 Going to coordinates X=-17.294, Y=-36.421
23.11 06:17:31 Moving is finished
23.11 06:19:40 Scanning 320 point from 364
23.11 06:19:40 Going to coordinates X=-17.244, Y=-36.421
23.11 06:19:40 Moving is finished
23.11 06:21:48 Scanning 321 point from 364
23.11 06:21:48 Going to coordinates X=-17.194, Y=-36.421
23.11 06:21:48 Moving is finished
23.11 06:23:56 Scanning 322 point from 364
23.11 06:23:56 Going to coordinates X=-17.144, Y=-36.421
23.11 06:23:56 Moving is finished
23.11 06:26:04 Scanning 323 point from 364
23.11 06:26:04 Going to coordinates X=-17.094, Y=-36.421
23.11 06:26:05 Moving is finished
23.11 06:28:13 Scanning 324 point from 364
23.11 06:28:13 Going to coordinates X=-17.044, Y=-36.421
23.11 06:28:13 Moving is finished
23.11 06:30:21 Scanning 325 point from 364
23.11 06:30:21 Going to coordinates X=-16.994, Y=-36.421
23.11 06:30:21 Moving is finished
23.11 06:32:30 Scanning 326 point from 364
23.11 06:32:30 Going to coordinates X=-16.944, Y=-36.421
23.11 06:32:30 Moving is finished
23.11 06:34:38 Scanning 327 point from 364
23.11 06:34:38 Going to coordinates X=-16.894, Y=-36.421
23.11 06:34:38 Moving is finished
23.11 06:36:46 Scanning 328 point from 364
23.11 06:36:46 Going to coordinates X=-16.844, Y=-36.421
23.11 06:36:46 Moving is finished
23.11 06:38:54 Scanning 329 point from 364
23.11 06:38:54 Going to coordinates X=-16.794, Y=-36.421
23.11 06:38:55 Moving is finished
23.11 06:41:03 Scanning 330 point from 364
23.11 06:41:03 Going to coordinates X=-16.744, Y=-36.421
23.11 06:41:04 Moving is finished
23.11 06:43:12 Scanning 331 point from 364
23.11 06:43:12 Going to coordinates X=-16.694, Y=-36.421
23.11 06:43:12 Moving is finished
23.11 06:45:20 Scanning 332 point from 364
23.11 06:45:20 Going to coordinates X=-16.644, Y=-36.421
23.11 06:45:20 Moving is finished
23.11 06:47:28 Scanning 333 point from 364
23.11 06:47:28 Going to coordinates X=-16.594, Y=-36.421
23.11 06:47:28 Moving is finished
23.11 06:49:36 Scanning 334 point from 364
23.11 06:49:36 Going to coordinates X=-16.544, Y=-36.421
23.11 06:49:37 Moving is finished
23.11 06:51:45 Scanning 335 point from 364
23.11 06:51:45 Going to coordinates X=-16.494, Y=-36.421
23.11 06:51:45 Moving is finished
23.11 06:53:53 Scanning 336 point from 364
23.11 06:53:53 Going to coordinates X=-16.444, Y=-36.421
23.11 06:53:54 Moving is finished
23.11 06:56:02 Scanning 337 point from 364
23.11 06:56:02 Going to coordinates X=-16.394, Y=-36.421
23.11 06:56:02 Moving is finished
23.11 06:58:10 Scanning 338 point from 364
23.11 06:58:10 Going to coordinates X=-17.644, Y=-36.321
23.11 06:58:11 Moving is finished
23.11 07:00:19 Scanning 339 point from 364
23.11 07:00:19 Going to coordinates X=-17.594, Y=-36.321
23.11 07:00:19 Moving is finished
23.11 07:02:28 Scanning 340 point from 364
23.11 07:02:28 Going to coordinates X=-17.544, Y=-36.321
23.11 07:02:28 Moving is finished
23.11 07:04:36 Scanning 341 point from 364
23.11 07:04:36 Going to coordinates X=-17.494, Y=-36.321
23.11 07:04:37 Moving is finished
23.11 07:06:44 Scanning 342 point from 364
23.11 07:06:44 Going to coordinates X=-17.444, Y=-36.321
23.11 07:06:45 Moving is finished
23.11 07:08:53 Scanning 343 point from 364
23.11 07:08:53 Going to coordinates X=-17.394, Y=-36.321
23.11 07:08:53 Moving is finished
23.11 07:11:02 Scanning 344 point from 364
23.11 07:11:02 Going to coordinates X=-17.344, Y=-36.321
23.11 07:11:02 Moving is finished
23.11 07:13:10 Scanning 345 point from 364
23.11 07:13:10 Going to coordinates X=-17.294, Y=-36.321
23.11 07:13:10 Moving is finished
23.11 07:15:19 Scanning 346 point from 364
23.11 07:15:19 Going to coordinates X=-17.244, Y=-36.321
23.11 07:15:19 Moving is finished
23.11 07:17:28 Scanning 347 point from 364
23.11 07:17:28 Going to coordinates X=-17.194, Y=-36.321
23.11 07:17:28 Moving is finished
23.11 07:19:36 Scanning 348 point from 364
23.11 07:19:36 Going to coordinates X=-17.144, Y=-36.321
23.11 07:19:36 Moving is finished
23.11 07:21:44 Scanning 349 point from 364
23.11 07:21:44 Going to coordinates X=-17.094, Y=-36.321
23.11 07:21:44 Moving is finished
23.11 07:23:53 Scanning 350 point from 364
23.11 07:23:53 Going to coordinates X=-17.044, Y=-36.321
23.11 07:23:53 Moving is finished
23.11 07:26:01 Scanning 351 point from 364
23.11 07:26:01 Going to coordinates X=-16.994, Y=-36.321
23.11 07:26:01 Moving is finished
23.11 07:28:09 Scanning 352 point from 364
23.11 07:28:09 Going to coordinates X=-16.944, Y=-36.321
23.11 07:28:09 Moving is finished
23.11 07:30:17 Scanning 353 point from 364
23.11 07:30:17 Going to coordinates X=-16.894, Y=-36.321
23.11 07:30:17 Moving is finished
23.11 07:32:25 Scanning 354 point from 364
23.11 07:32:25 Going to coordinates X=-16.844, Y=-36.321
23.11 07:32:26 Moving is finished
23.11 07:34:34 Scanning 355 point from 364
23.11 07:34:34 Going to coordinates X=-16.794, Y=-36.321
23.11 07:34:34 Moving is finished
23.11 07:36:43 Scanning 356 point from 364
23.11 07:36:43 Going to coordinates X=-16.744, Y=-36.321
23.11 07:36:43 Moving is finished
23.11 07:38:51 Scanning 357 point from 364
23.11 07:38:51 Going to coordinates X=-16.694, Y=-36.321
23.11 07:38:51 Moving is finished
23.11 07:40:59 Scanning 358 point from 364
23.11 07:40:59 Going to coordinates X=-16.644, Y=-36.321
23.11 07:41:00 Moving is finished
23.11 07:43:08 Scanning 359 point from 364
23.11 07:43:08 Going to coordinates X=-16.594, Y=-36.321
23.11 07:43:08 Moving is finished
23.11 07:45:17 Scanning 360 point from 364
23.11 07:45:17 Going to coordinates X=-16.544, Y=-36.321
23.11 07:45:17 Moving is finished
23.11 07:47:26 Scanning 361 point from 364
23.11 07:47:26 Going to coordinates X=-16.494, Y=-36.321
23.11 07:47:26 Moving is finished
23.11 07:49:34 Scanning 362 point from 364
23.11 07:49:34 Going to coordinates X=-16.444, Y=-36.321
23.11 07:49:34 Moving is finished
23.11 07:51:42 Scanning 363 point from 364
23.11 07:51:42 Going to coordinates X=-16.394, Y=-36.321
23.11 07:51:42 Moving is finished
