26.10 09:49:28 Initializing grbl...
26.10 09:49:28 Got the response: b''
26.10 09:50:49 Row 0: 26.10 09:50:49 Map: x1: -28.183, y1: -38.677, x2: -28.731, y2: -39.918, xres: 0.050, yres: 0.070, fname: M2-A2
26.10 09:50:49 Scanning 0 point from 228
26.10 09:50:49 Going to coordinates X=-28.731, Y=-39.918
26.10 09:50:49 Moving is finished
26.10 09:54:14 Scanning 1 point from 228
26.10 09:54:14 Going to coordinates X=-28.681, Y=-39.918
26.10 09:54:14 Moving is finished
26.10 09:57:39 Scanning 2 point from 228
26.10 09:57:39 Going to coordinates X=-28.631, Y=-39.918
26.10 09:57:39 Moving is finished
26.10 10:01:04 Scanning 3 point from 228
26.10 10:01:04 Going to coordinates X=-28.581, Y=-39.918
26.10 10:01:04 Moving is finished
26.10 10:04:29 Scanning 4 point from 228
26.10 10:04:29 Going to coordinates X=-28.531, Y=-39.918
26.10 10:04:29 Moving is finished
26.10 10:07:54 Scanning 5 point from 228
26.10 10:07:54 Going to coordinates X=-28.481, Y=-39.918
26.10 10:07:54 Moving is finished
26.10 10:11:19 Scanning 6 point from 228
26.10 10:11:19 Going to coordinates X=-28.431, Y=-39.918
26.10 10:11:19 Moving is finished
26.10 10:14:44 Scanning 7 point from 228
26.10 10:14:44 Going to coordinates X=-28.381, Y=-39.918
26.10 10:14:44 Moving is finished
26.10 10:18:08 Scanning 8 point from 228
26.10 10:18:08 Going to coordinates X=-28.331, Y=-39.918
26.10 10:18:09 Moving is finished
26.10 10:21:34 Scanning 9 point from 228
26.10 10:21:34 Going to coordinates X=-28.281, Y=-39.918
26.10 10:21:34 Moving is finished
26.10 10:24:59 Scanning 10 point from 228
26.10 10:24:59 Going to coordinates X=-28.231, Y=-39.918
26.10 10:24:59 Moving is finished
26.10 10:28:24 Scanning 11 point from 228
26.10 10:28:24 Going to coordinates X=-28.181, Y=-39.918
26.10 10:28:24 Moving is finished
26.10 10:31:48 Scanning 12 point from 228
26.10 10:31:48 Going to coordinates X=-28.731, Y=-39.848
26.10 10:31:49 Moving is finished
26.10 10:35:13 Scanning 13 point from 228
26.10 10:35:13 Going to coordinates X=-28.681, Y=-39.848
26.10 10:35:13 Moving is finished
26.10 10:38:39 Scanning 14 point from 228
26.10 10:38:39 Going to coordinates X=-28.631, Y=-39.848
26.10 10:38:39 Moving is finished
26.10 10:42:03 Scanning 15 point from 228
26.10 10:42:03 Going to coordinates X=-28.581, Y=-39.848
26.10 10:42:03 Moving is finished
26.10 10:45:28 Scanning 16 point from 228
26.10 10:45:28 Going to coordinates X=-28.531, Y=-39.848
26.10 10:45:28 Moving is finished
26.10 10:48:53 Scanning 17 point from 228
26.10 10:48:53 Going to coordinates X=-28.481, Y=-39.848
26.10 10:48:53 Moving is finished
26.10 10:52:18 Scanning 18 point from 228
26.10 10:52:18 Going to coordinates X=-28.431, Y=-39.848
26.10 10:52:18 Moving is finished
26.10 10:55:43 Scanning 19 point from 228
26.10 10:55:43 Going to coordinates X=-28.381, Y=-39.848
26.10 10:55:43 Moving is finished
26.10 10:59:08 Scanning 20 point from 228
26.10 10:59:08 Going to coordinates X=-28.331, Y=-39.848
26.10 10:59:08 Moving is finished
26.10 11:02:33 Scanning 21 point from 228
26.10 11:02:33 Going to coordinates X=-28.281, Y=-39.848
26.10 11:02:33 Moving is finished
26.10 11:05:58 Scanning 22 point from 228
26.10 11:05:58 Going to coordinates X=-28.231, Y=-39.848
26.10 11:05:58 Moving is finished
26.10 11:09:23 Scanning 23 point from 228
26.10 11:09:23 Going to coordinates X=-28.181, Y=-39.848
26.10 11:09:23 Moving is finished
26.10 11:12:48 Scanning 24 point from 228
26.10 11:12:48 Going to coordinates X=-28.731, Y=-39.778
26.10 11:12:48 Moving is finished
26.10 11:16:13 Scanning 25 point from 228
26.10 11:16:13 Going to coordinates X=-28.681, Y=-39.778
26.10 11:16:14 Moving is finished
26.10 11:19:38 Scanning 26 point from 228
26.10 11:19:38 Going to coordinates X=-28.631, Y=-39.778
26.10 11:19:38 Moving is finished
26.10 11:23:03 Scanning 27 point from 228
26.10 11:23:03 Going to coordinates X=-28.581, Y=-39.778
26.10 11:23:03 Moving is finished
26.10 11:26:28 Scanning 28 point from 228
26.10 11:26:28 Going to coordinates X=-28.531, Y=-39.778
26.10 11:26:28 Moving is finished
26.10 11:29:53 Scanning 29 point from 228
26.10 11:29:53 Going to coordinates X=-28.481, Y=-39.778
26.10 11:29:53 Moving is finished
26.10 11:33:18 Scanning 30 point from 228
26.10 11:33:18 Going to coordinates X=-28.431, Y=-39.778
26.10 11:33:18 Moving is finished
26.10 11:36:43 Scanning 31 point from 228
26.10 11:36:43 Going to coordinates X=-28.381, Y=-39.778
26.10 11:36:43 Moving is finished
26.10 11:40:08 Scanning 32 point from 228
26.10 11:40:08 Going to coordinates X=-28.331, Y=-39.778
26.10 11:40:08 Moving is finished
26.10 11:43:33 Scanning 33 point from 228
26.10 11:43:33 Going to coordinates X=-28.281, Y=-39.778
26.10 11:43:33 Moving is finished
26.10 11:46:58 Scanning 34 point from 228
26.10 11:46:58 Going to coordinates X=-28.231, Y=-39.778
26.10 11:46:59 Moving is finished
26.10 11:50:23 Scanning 35 point from 228
26.10 11:50:23 Going to coordinates X=-28.181, Y=-39.778
26.10 11:50:23 Moving is finished
26.10 11:53:48 Scanning 36 point from 228
26.10 11:53:48 Going to coordinates X=-28.731, Y=-39.708
26.10 11:53:49 Moving is finished
26.10 11:57:13 Scanning 37 point from 228
26.10 11:57:13 Going to coordinates X=-28.681, Y=-39.708
26.10 11:57:14 Moving is finished
26.10 12:00:38 Scanning 38 point from 228
26.10 12:00:38 Going to coordinates X=-28.631, Y=-39.708
26.10 12:00:38 Moving is finished
26.10 12:04:03 Scanning 39 point from 228
26.10 12:04:03 Going to coordinates X=-28.581, Y=-39.708
26.10 12:04:03 Moving is finished
26.10 12:07:28 Scanning 40 point from 228
26.10 12:07:28 Going to coordinates X=-28.531, Y=-39.708
26.10 12:07:28 Moving is finished
26.10 12:10:52 Scanning 41 point from 228
26.10 12:10:52 Going to coordinates X=-28.481, Y=-39.708
26.10 12:10:52 Moving is finished
26.10 12:14:17 Scanning 42 point from 228
26.10 12:14:17 Going to coordinates X=-28.431, Y=-39.708
26.10 12:14:18 Moving is finished
26.10 12:17:43 Scanning 43 point from 228
26.10 12:17:43 Going to coordinates X=-28.381, Y=-39.708
26.10 12:17:43 Moving is finished
26.10 12:21:08 Scanning 44 point from 228
26.10 12:21:08 Going to coordinates X=-28.331, Y=-39.708
26.10 12:21:08 Moving is finished
26.10 12:24:33 Scanning 45 point from 228
26.10 12:24:33 Going to coordinates X=-28.281, Y=-39.708
26.10 12:24:34 Moving is finished
26.10 12:27:58 Scanning 46 point from 228
26.10 12:27:58 Going to coordinates X=-28.231, Y=-39.708
26.10 12:27:59 Moving is finished
26.10 12:31:23 Scanning 47 point from 228
26.10 12:31:23 Going to coordinates X=-28.181, Y=-39.708
26.10 12:31:23 Moving is finished
26.10 12:34:48 Scanning 48 point from 228
26.10 12:34:48 Going to coordinates X=-28.731, Y=-39.638
26.10 12:34:48 Moving is finished
26.10 12:38:14 Scanning 49 point from 228
26.10 12:38:14 Going to coordinates X=-28.681, Y=-39.638
26.10 12:38:14 Moving is finished
26.10 12:41:38 Scanning 50 point from 228
26.10 12:41:38 Going to coordinates X=-28.631, Y=-39.638
26.10 12:41:39 Moving is finished
26.10 12:45:03 Scanning 51 point from 228
26.10 12:45:03 Going to coordinates X=-28.581, Y=-39.638
26.10 12:45:04 Moving is finished
26.10 12:48:28 Scanning 52 point from 228
26.10 12:48:28 Going to coordinates X=-28.531, Y=-39.638
26.10 12:48:29 Moving is finished
26.10 12:51:53 Scanning 53 point from 228
26.10 12:52:44 Going to coordinates X=-28.481, Y=-39.638
26.10 12:53:44 Moving is finished
26.10 12:57:08 Scanning 54 point from 228
26.10 12:57:58 Going to coordinates X=-28.431, Y=-39.638
26.10 12:58:59 Moving is finished
26.10 13:02:23 Scanning 55 point from 228
26.10 13:03:13 Going to coordinates X=-28.381, Y=-39.638
26.10 13:04:13 Moving is finished
26.10 13:07:38 Scanning 56 point from 228
26.10 13:08:28 Going to coordinates X=-28.331, Y=-39.638
26.10 13:09:28 Moving is finished
26.10 13:12:53 Scanning 57 point from 228
26.10 13:13:43 Going to coordinates X=-28.281, Y=-39.638
26.10 13:14:43 Moving is finished
26.10 13:18:09 Scanning 58 point from 228
26.10 13:18:59 Going to coordinates X=-28.231, Y=-39.638
26.10 13:19:59 Moving is finished
26.10 13:23:24 Scanning 59 point from 228
26.10 13:24:14 Going to coordinates X=-28.181, Y=-39.638
26.10 13:25:14 Moving is finished
26.10 13:28:39 Scanning 60 point from 228
26.10 13:29:29 Going to coordinates X=-28.731, Y=-39.568
26.10 13:30:29 Moving is finished
26.10 13:33:54 Scanning 61 point from 228
26.10 13:34:44 Going to coordinates X=-28.681, Y=-39.568
26.10 13:35:44 Moving is finished
26.10 13:39:10 Scanning 62 point from 228
26.10 13:40:00 Going to coordinates X=-28.631, Y=-39.568
26.10 13:41:00 Moving is finished
26.10 13:44:24 Scanning 63 point from 228
26.10 13:45:14 Going to coordinates X=-28.581, Y=-39.568
26.10 13:46:15 Moving is finished
26.10 13:49:39 Scanning 64 point from 228
26.10 13:50:29 Going to coordinates X=-28.531, Y=-39.568
26.10 13:51:29 Moving is finished
26.10 13:54:54 Scanning 65 point from 228
26.10 13:55:44 Going to coordinates X=-28.481, Y=-39.568
26.10 13:56:44 Moving is finished
26.10 14:00:09 Scanning 66 point from 228
26.10 14:00:59 Going to coordinates X=-28.431, Y=-39.568
26.10 14:01:59 Moving is finished
26.10 14:05:24 Scanning 67 point from 228
26.10 14:06:14 Going to coordinates X=-28.381, Y=-39.568
26.10 14:07:14 Moving is finished
26.10 14:10:38 Scanning 68 point from 228
26.10 14:11:28 Going to coordinates X=-28.331, Y=-39.568
26.10 14:12:28 Moving is finished
26.10 14:15:53 Scanning 69 point from 228
26.10 14:16:43 Going to coordinates X=-28.281, Y=-39.568
26.10 14:17:44 Moving is finished
26.10 14:21:08 Scanning 70 point from 228
26.10 14:21:58 Going to coordinates X=-28.231, Y=-39.568
26.10 14:22:58 Moving is finished
26.10 14:26:24 Scanning 71 point from 228
26.10 14:27:14 Going to coordinates X=-28.181, Y=-39.568
26.10 14:28:14 Moving is finished
26.10 14:31:39 Scanning 72 point from 228
26.10 14:32:29 Going to coordinates X=-28.731, Y=-39.498
26.10 14:33:29 Moving is finished
26.10 14:36:54 Scanning 73 point from 228
26.10 14:37:44 Going to coordinates X=-28.681, Y=-39.498
26.10 14:38:44 Moving is finished
26.10 14:42:09 Scanning 74 point from 228
26.10 14:42:59 Going to coordinates X=-28.631, Y=-39.498
26.10 14:43:59 Moving is finished
26.10 14:47:24 Scanning 75 point from 228
26.10 14:48:14 Going to coordinates X=-28.581, Y=-39.498
26.10 14:49:14 Moving is finished
26.10 14:52:38 Scanning 76 point from 228
26.10 14:53:28 Going to coordinates X=-28.531, Y=-39.498
26.10 14:54:28 Moving is finished
26.10 14:57:53 Scanning 77 point from 228
26.10 14:58:43 Going to coordinates X=-28.481, Y=-39.498
26.10 14:59:43 Moving is finished
26.10 15:03:08 Scanning 78 point from 228
26.10 15:03:58 Going to coordinates X=-28.431, Y=-39.498
26.10 15:04:58 Moving is finished
26.10 15:08:22 Scanning 79 point from 228
26.10 15:09:12 Going to coordinates X=-28.381, Y=-39.498
26.10 15:10:13 Moving is finished
26.10 15:13:38 Scanning 80 point from 228
26.10 15:14:28 Going to coordinates X=-28.331, Y=-39.498
26.10 15:15:28 Moving is finished
26.10 15:18:53 Scanning 81 point from 228
26.10 15:19:43 Going to coordinates X=-28.281, Y=-39.498
26.10 15:20:43 Moving is finished
26.10 15:24:07 Scanning 82 point from 228
26.10 15:24:57 Going to coordinates X=-28.231, Y=-39.498
26.10 15:25:57 Moving is finished
26.10 15:29:22 Scanning 83 point from 228
26.10 15:30:12 Going to coordinates X=-28.181, Y=-39.498
26.10 15:31:12 Moving is finished
26.10 15:34:37 Scanning 84 point from 228
26.10 15:35:27 Going to coordinates X=-28.731, Y=-39.428
26.10 15:36:27 Moving is finished
26.10 15:39:52 Scanning 85 point from 228
26.10 15:40:42 Going to coordinates X=-28.681, Y=-39.428
26.10 15:41:42 Moving is finished
26.10 15:45:07 Scanning 86 point from 228
26.10 15:45:57 Going to coordinates X=-28.631, Y=-39.428
26.10 15:46:57 Moving is finished
26.10 15:50:22 Scanning 87 point from 228
26.10 15:51:12 Going to coordinates X=-28.581, Y=-39.428
26.10 15:52:12 Moving is finished
26.10 15:55:37 Scanning 88 point from 228
26.10 15:56:27 Going to coordinates X=-28.531, Y=-39.428
26.10 15:57:27 Moving is finished
26.10 16:00:52 Scanning 89 point from 228
26.10 16:01:42 Going to coordinates X=-28.481, Y=-39.428
26.10 16:02:42 Moving is finished
26.10 16:06:07 Scanning 90 point from 228
26.10 16:06:57 Going to coordinates X=-28.431, Y=-39.428
26.10 16:07:57 Moving is finished
26.10 16:11:22 Scanning 91 point from 228
26.10 16:12:12 Going to coordinates X=-28.381, Y=-39.428
26.10 16:13:12 Moving is finished
26.10 16:16:37 Scanning 92 point from 228
26.10 16:17:27 Going to coordinates X=-28.331, Y=-39.428
26.10 16:18:27 Moving is finished
26.10 16:21:52 Scanning 93 point from 228
26.10 16:22:42 Going to coordinates X=-28.281, Y=-39.428
26.10 16:23:42 Moving is finished
26.10 16:27:07 Scanning 94 point from 228
26.10 16:27:57 Going to coordinates X=-28.231, Y=-39.428
26.10 16:28:57 Moving is finished
26.10 16:32:22 Scanning 95 point from 228
26.10 16:33:12 Going to coordinates X=-28.181, Y=-39.428
26.10 16:34:12 Moving is finished
26.10 16:37:37 Scanning 96 point from 228
26.10 16:38:27 Going to coordinates X=-28.731, Y=-39.358
26.10 16:39:28 Moving is finished
26.10 16:42:52 Scanning 97 point from 228
26.10 16:43:42 Going to coordinates X=-28.681, Y=-39.358
26.10 16:44:42 Moving is finished
26.10 16:48:07 Scanning 98 point from 228
26.10 16:48:57 Going to coordinates X=-28.631, Y=-39.358
26.10 16:49:57 Moving is finished
26.10 16:53:22 Scanning 99 point from 228
26.10 16:54:12 Going to coordinates X=-28.581, Y=-39.358
26.10 16:55:12 Moving is finished
26.10 16:58:37 Scanning 100 point from 228
26.10 16:59:27 Going to coordinates X=-28.531, Y=-39.358
26.10 17:00:27 Moving is finished
26.10 17:03:52 Scanning 101 point from 228
26.10 17:04:42 Going to coordinates X=-28.481, Y=-39.358
26.10 17:05:42 Moving is finished
26.10 17:09:07 Scanning 102 point from 228
26.10 17:09:57 Going to coordinates X=-28.431, Y=-39.358
26.10 17:10:57 Moving is finished
26.10 17:14:21 Scanning 103 point from 228
26.10 17:15:11 Going to coordinates X=-28.381, Y=-39.358
26.10 17:16:11 Moving is finished
26.10 17:19:36 Scanning 104 point from 228
26.10 17:20:26 Going to coordinates X=-28.331, Y=-39.358
26.10 17:21:26 Moving is finished
26.10 17:24:51 Scanning 105 point from 228
26.10 17:25:41 Going to coordinates X=-28.281, Y=-39.358
26.10 17:26:41 Moving is finished
26.10 17:30:05 Scanning 106 point from 228
26.10 17:30:55 Going to coordinates X=-28.231, Y=-39.358
26.10 17:31:56 Moving is finished
26.10 17:35:20 Scanning 107 point from 228
26.10 17:36:10 Going to coordinates X=-28.181, Y=-39.358
26.10 17:37:10 Moving is finished
26.10 17:40:36 Scanning 108 point from 228
26.10 17:41:26 Going to coordinates X=-28.731, Y=-39.288
26.10 17:42:26 Moving is finished
26.10 17:45:50 Scanning 109 point from 228
26.10 17:46:40 Going to coordinates X=-28.681, Y=-39.288
26.10 17:47:41 Moving is finished
26.10 17:51:05 Scanning 110 point from 228
26.10 17:51:55 Going to coordinates X=-28.631, Y=-39.288
26.10 17:52:55 Moving is finished
26.10 17:56:20 Scanning 111 point from 228
26.10 17:57:10 Going to coordinates X=-28.581, Y=-39.288
26.10 17:58:10 Moving is finished
26.10 18:01:35 Scanning 112 point from 228
26.10 18:02:25 Going to coordinates X=-28.531, Y=-39.288
26.10 18:03:25 Moving is finished
26.10 18:06:50 Scanning 113 point from 228
26.10 18:07:40 Going to coordinates X=-28.481, Y=-39.288
26.10 18:08:40 Moving is finished
26.10 18:11:04 Stopped!
