15.12 09:56:22 Initializing grbl...
15.12 09:56:22 Got the response: b''
15.12 09:58:09 Row 0: 15.12 09:58:09 Map: x1: -14.0, y1: -38.0, x2: -15.048, y2: -36.133, xres: 0.100, yres: 0.100, fname: DVD-M1-1
15.12 09:58:09 Scanning 0 point from 240
15.12 09:58:09 Going to coordinates X=-15.048, Y=-38.000
15.12 09:58:10 Moving is finished
15.12 09:59:55 Scanning 1 point from 240
15.12 09:59:55 Going to coordinates X=-14.948, Y=-38.000
15.12 09:59:55 Moving is finished
15.12 10:01:40 Scanning 2 point from 240
15.12 10:01:40 Going to coordinates X=-14.848, Y=-38.000
15.12 10:01:40 Moving is finished
15.12 10:03:25 Scanning 3 point from 240
15.12 10:03:25 Going to coordinates X=-14.748, Y=-38.000
15.12 10:03:25 Moving is finished
15.12 10:05:10 Scanning 4 point from 240
15.12 10:05:10 Going to coordinates X=-14.648, Y=-38.000
15.12 10:05:10 Moving is finished
15.12 10:06:55 Scanning 5 point from 240
15.12 10:06:55 Going to coordinates X=-14.548, Y=-38.000
15.12 10:06:55 Moving is finished
15.12 10:08:40 Scanning 6 point from 240
15.12 10:08:40 Going to coordinates X=-14.448, Y=-38.000
15.12 10:08:40 Moving is finished
15.12 10:10:25 Scanning 7 point from 240
15.12 10:10:25 Going to coordinates X=-14.348, Y=-38.000
15.12 10:10:25 Moving is finished
15.12 10:12:11 Scanning 8 point from 240
15.12 10:12:11 Going to coordinates X=-14.248, Y=-38.000
15.12 10:12:11 Moving is finished
15.12 10:13:56 Scanning 9 point from 240
15.12 10:13:56 Going to coordinates X=-14.148, Y=-38.000
15.12 10:13:56 Moving is finished
15.12 10:15:41 Scanning 10 point from 240
15.12 10:15:41 Going to coordinates X=-14.048, Y=-38.000
15.12 10:15:41 Moving is finished
15.12 10:17:26 Scanning 11 point from 240
15.12 10:17:26 Going to coordinates X=-13.948, Y=-38.000
15.12 10:17:27 Moving is finished
15.12 10:19:12 Scanning 12 point from 240
15.12 10:19:12 Going to coordinates X=-15.048, Y=-37.900
15.12 10:19:13 Moving is finished
15.12 10:20:57 Scanning 13 point from 240
15.12 10:20:57 Going to coordinates X=-14.948, Y=-37.900
15.12 10:20:57 Moving is finished
15.12 10:22:42 Scanning 14 point from 240
15.12 10:22:42 Going to coordinates X=-14.848, Y=-37.900
15.12 10:22:43 Moving is finished
15.12 10:24:27 Scanning 15 point from 240
15.12 10:24:27 Going to coordinates X=-14.748, Y=-37.900
15.12 10:24:27 Moving is finished
15.12 10:26:12 Scanning 16 point from 240
15.12 10:26:12 Going to coordinates X=-14.648, Y=-37.900
15.12 10:26:12 Moving is finished
15.12 10:27:57 Scanning 17 point from 240
15.12 10:27:57 Going to coordinates X=-14.548, Y=-37.900
15.12 10:27:57 Moving is finished
15.12 10:29:41 Scanning 18 point from 240
15.12 10:29:41 Going to coordinates X=-14.448, Y=-37.900
15.12 10:29:42 Moving is finished
15.12 10:31:26 Scanning 19 point from 240
15.12 10:31:26 Going to coordinates X=-14.348, Y=-37.900
15.12 10:31:26 Moving is finished
15.12 10:33:11 Scanning 20 point from 240
15.12 10:33:11 Going to coordinates X=-14.248, Y=-37.900
15.12 10:33:11 Moving is finished
15.12 10:34:55 Scanning 21 point from 240
15.12 10:34:55 Going to coordinates X=-14.148, Y=-37.900
15.12 10:34:56 Moving is finished
15.12 10:36:40 Scanning 22 point from 240
15.12 10:36:40 Going to coordinates X=-14.048, Y=-37.900
15.12 10:36:41 Moving is finished
15.12 10:38:26 Scanning 23 point from 240
15.12 10:38:26 Going to coordinates X=-13.948, Y=-37.900
15.12 10:38:26 Moving is finished
15.12 10:40:11 Scanning 24 point from 240
15.12 10:40:11 Going to coordinates X=-15.048, Y=-37.800
15.12 10:40:11 Moving is finished
15.12 10:41:56 Scanning 25 point from 240
15.12 10:41:56 Going to coordinates X=-14.948, Y=-37.800
15.12 10:41:57 Moving is finished
15.12 10:43:41 Scanning 26 point from 240
15.12 10:43:41 Going to coordinates X=-14.848, Y=-37.800
15.12 10:43:42 Moving is finished
15.12 10:45:27 Scanning 27 point from 240
15.12 10:45:27 Going to coordinates X=-14.748, Y=-37.800
15.12 10:45:27 Moving is finished
15.12 10:47:12 Scanning 28 point from 240
15.12 10:47:12 Going to coordinates X=-14.648, Y=-37.800
15.12 10:47:12 Moving is finished
15.12 10:48:56 Scanning 29 point from 240
15.12 10:48:56 Going to coordinates X=-14.548, Y=-37.800
15.12 10:48:57 Moving is finished
15.12 10:50:42 Scanning 30 point from 240
15.12 10:50:42 Going to coordinates X=-14.448, Y=-37.800
15.12 10:50:42 Moving is finished
15.12 10:52:27 Scanning 31 point from 240
15.12 10:52:27 Going to coordinates X=-14.348, Y=-37.800
15.12 10:52:27 Moving is finished
15.12 10:54:12 Scanning 32 point from 240
15.12 10:54:12 Going to coordinates X=-14.248, Y=-37.800
15.12 10:54:12 Moving is finished
15.12 10:55:56 Scanning 33 point from 240
15.12 10:55:56 Going to coordinates X=-14.148, Y=-37.800
15.12 10:55:57 Moving is finished
15.12 10:57:42 Scanning 34 point from 240
15.12 10:57:42 Going to coordinates X=-14.048, Y=-37.800
15.12 10:57:42 Moving is finished
15.12 10:59:27 Scanning 35 point from 240
15.12 10:59:27 Going to coordinates X=-13.948, Y=-37.800
15.12 10:59:27 Moving is finished
15.12 11:01:12 Scanning 36 point from 240
15.12 11:01:12 Going to coordinates X=-15.048, Y=-37.700
15.12 11:01:13 Moving is finished
15.12 11:02:58 Scanning 37 point from 240
15.12 11:02:58 Going to coordinates X=-14.948, Y=-37.700
15.12 11:02:58 Moving is finished
15.12 11:04:43 Scanning 38 point from 240
15.12 11:04:43 Going to coordinates X=-14.848, Y=-37.700
15.12 11:04:43 Moving is finished
15.12 11:06:27 Scanning 39 point from 240
15.12 11:06:27 Going to coordinates X=-14.748, Y=-37.700
15.12 11:06:28 Moving is finished
15.12 11:08:12 Scanning 40 point from 240
15.12 11:08:12 Going to coordinates X=-14.648, Y=-37.700
15.12 11:08:13 Moving is finished
15.12 11:09:57 Scanning 41 point from 240
15.12 11:09:57 Going to coordinates X=-14.548, Y=-37.700
15.12 11:09:57 Moving is finished
15.12 11:11:42 Scanning 42 point from 240
15.12 11:11:42 Going to coordinates X=-14.448, Y=-37.700
15.12 11:11:42 Moving is finished
15.12 11:13:27 Scanning 43 point from 240
15.12 11:13:27 Going to coordinates X=-14.348, Y=-37.700
15.12 11:13:27 Moving is finished
15.12 11:15:12 Scanning 44 point from 240
15.12 11:15:12 Going to coordinates X=-14.248, Y=-37.700
15.12 11:15:12 Moving is finished
15.12 11:16:57 Scanning 45 point from 240
15.12 11:16:57 Going to coordinates X=-14.148, Y=-37.700
15.12 11:16:57 Moving is finished
15.12 11:18:42 Scanning 46 point from 240
15.12 11:18:42 Going to coordinates X=-14.048, Y=-37.700
15.12 11:18:43 Moving is finished
15.12 11:20:28 Scanning 47 point from 240
15.12 11:20:28 Going to coordinates X=-13.948, Y=-37.700
15.12 11:20:28 Moving is finished
15.12 11:22:13 Scanning 48 point from 240
15.12 11:22:13 Going to coordinates X=-15.048, Y=-37.600
15.12 11:22:13 Moving is finished
15.12 11:23:58 Scanning 49 point from 240
15.12 11:23:58 Going to coordinates X=-14.948, Y=-37.600
15.12 11:23:59 Moving is finished
15.12 11:25:43 Scanning 50 point from 240
15.12 11:25:43 Going to coordinates X=-14.848, Y=-37.600
15.12 11:25:43 Moving is finished
15.12 11:27:28 Scanning 51 point from 240
15.12 11:27:28 Going to coordinates X=-14.748, Y=-37.600
15.12 11:27:29 Moving is finished
15.12 11:29:13 Scanning 52 point from 240
15.12 11:29:13 Going to coordinates X=-14.648, Y=-37.600
15.12 11:29:14 Moving is finished
15.12 11:30:59 Scanning 53 point from 240
15.12 11:30:59 Going to coordinates X=-14.548, Y=-37.600
15.12 11:30:59 Moving is finished
15.12 11:32:44 Scanning 54 point from 240
15.12 11:32:44 Going to coordinates X=-14.448, Y=-37.600
15.12 11:32:44 Moving is finished
15.12 11:34:29 Scanning 55 point from 240
15.12 11:34:29 Going to coordinates X=-14.348, Y=-37.600
15.12 11:34:29 Moving is finished
15.12 11:36:14 Scanning 56 point from 240
15.12 11:36:14 Going to coordinates X=-14.248, Y=-37.600
15.12 11:36:14 Moving is finished
15.12 11:37:59 Scanning 57 point from 240
15.12 11:37:59 Going to coordinates X=-14.148, Y=-37.600
15.12 11:37:59 Moving is finished
15.12 11:39:44 Scanning 58 point from 240
15.12 11:39:44 Going to coordinates X=-14.048, Y=-37.600
15.12 11:39:45 Moving is finished
15.12 11:41:29 Scanning 59 point from 240
15.12 11:41:29 Going to coordinates X=-13.948, Y=-37.600
15.12 11:41:30 Moving is finished
15.12 11:43:15 Scanning 60 point from 240
15.12 11:43:15 Going to coordinates X=-15.048, Y=-37.500
15.12 11:43:16 Moving is finished
15.12 11:45:01 Scanning 61 point from 240
15.12 11:45:01 Going to coordinates X=-14.948, Y=-37.500
15.12 11:45:01 Moving is finished
15.12 11:46:46 Scanning 62 point from 240
15.12 11:46:46 Going to coordinates X=-14.848, Y=-37.500
15.12 11:46:46 Moving is finished
15.12 11:48:32 Scanning 63 point from 240
15.12 11:48:32 Going to coordinates X=-14.748, Y=-37.500
15.12 11:48:32 Moving is finished
15.12 11:50:17 Scanning 64 point from 240
15.12 11:50:17 Going to coordinates X=-14.648, Y=-37.500
15.12 11:50:18 Moving is finished
15.12 11:52:02 Scanning 65 point from 240
15.12 11:52:02 Going to coordinates X=-14.548, Y=-37.500
15.12 11:52:03 Moving is finished
15.12 11:53:47 Scanning 66 point from 240
15.12 11:53:47 Going to coordinates X=-14.448, Y=-37.500
15.12 11:53:48 Moving is finished
15.12 11:55:32 Scanning 67 point from 240
15.12 11:55:32 Going to coordinates X=-14.348, Y=-37.500
15.12 11:55:33 Moving is finished
15.12 11:57:17 Scanning 68 point from 240
15.12 11:57:17 Going to coordinates X=-14.248, Y=-37.500
15.12 11:57:17 Moving is finished
15.12 11:59:02 Scanning 69 point from 240
15.12 11:59:02 Going to coordinates X=-14.148, Y=-37.500
15.12 11:59:03 Moving is finished
15.12 12:00:48 Scanning 70 point from 240
15.12 12:00:48 Going to coordinates X=-14.048, Y=-37.500
15.12 12:00:48 Moving is finished
15.12 12:02:33 Scanning 71 point from 240
15.12 12:02:33 Going to coordinates X=-13.948, Y=-37.500
15.12 12:02:34 Moving is finished
15.12 12:04:19 Scanning 72 point from 240
15.12 12:04:19 Going to coordinates X=-15.048, Y=-37.400
15.12 12:04:19 Moving is finished
15.12 12:06:04 Scanning 73 point from 240
15.12 12:06:04 Going to coordinates X=-14.948, Y=-37.400
15.12 12:06:04 Moving is finished
15.12 12:07:49 Scanning 74 point from 240
15.12 12:07:49 Going to coordinates X=-14.848, Y=-37.400
15.12 12:07:49 Moving is finished
15.12 12:09:34 Scanning 75 point from 240
15.12 12:09:34 Going to coordinates X=-14.748, Y=-37.400
15.12 12:09:34 Moving is finished
15.12 12:11:20 Scanning 76 point from 240
15.12 12:11:20 Going to coordinates X=-14.648, Y=-37.400
15.12 12:11:20 Moving is finished
15.12 12:13:05 Scanning 77 point from 240
15.12 12:13:05 Going to coordinates X=-14.548, Y=-37.400
15.12 12:13:05 Moving is finished
15.12 12:14:50 Scanning 78 point from 240
15.12 12:14:50 Going to coordinates X=-14.448, Y=-37.400
15.12 12:14:50 Moving is finished
15.12 12:16:35 Scanning 79 point from 240
15.12 12:16:35 Going to coordinates X=-14.348, Y=-37.400
15.12 12:16:35 Moving is finished
15.12 12:18:20 Scanning 80 point from 240
15.12 12:18:20 Going to coordinates X=-14.248, Y=-37.400
15.12 12:18:20 Moving is finished
15.12 12:20:05 Scanning 81 point from 240
15.12 12:20:05 Going to coordinates X=-14.148, Y=-37.400
15.12 12:20:06 Moving is finished
15.12 12:21:51 Scanning 82 point from 240
15.12 12:21:51 Going to coordinates X=-14.048, Y=-37.400
15.12 12:21:52 Moving is finished
15.12 12:23:37 Scanning 83 point from 240
15.12 12:23:37 Going to coordinates X=-13.948, Y=-37.400
15.12 12:23:37 Moving is finished
15.12 12:25:22 Scanning 84 point from 240
15.12 12:25:22 Going to coordinates X=-15.048, Y=-37.300
15.12 12:25:23 Moving is finished
15.12 12:27:08 Scanning 85 point from 240
15.12 12:27:08 Going to coordinates X=-14.948, Y=-37.300
15.12 12:27:08 Moving is finished
15.12 12:28:53 Scanning 86 point from 240
15.12 12:28:53 Going to coordinates X=-14.848, Y=-37.300
15.12 12:28:53 Moving is finished
15.12 12:30:38 Scanning 87 point from 240
15.12 12:30:38 Going to coordinates X=-14.748, Y=-37.300
15.12 12:30:39 Moving is finished
15.12 12:32:23 Scanning 88 point from 240
15.12 12:32:23 Going to coordinates X=-14.648, Y=-37.300
15.12 12:32:24 Moving is finished
15.12 12:34:08 Scanning 89 point from 240
15.12 12:34:08 Going to coordinates X=-14.548, Y=-37.300
15.12 12:34:09 Moving is finished
15.12 12:35:54 Scanning 90 point from 240
15.12 12:35:54 Going to coordinates X=-14.448, Y=-37.300
15.12 12:35:54 Moving is finished
15.12 12:37:39 Scanning 91 point from 240
15.12 12:37:39 Going to coordinates X=-14.348, Y=-37.300
15.12 12:37:39 Moving is finished
15.12 12:39:23 Scanning 92 point from 240
15.12 12:39:23 Going to coordinates X=-14.248, Y=-37.300
15.12 12:39:24 Moving is finished
15.12 12:41:08 Scanning 93 point from 240
15.12 12:41:08 Going to coordinates X=-14.148, Y=-37.300
15.12 12:41:09 Moving is finished
15.12 12:42:53 Scanning 94 point from 240
15.12 12:42:53 Going to coordinates X=-14.048, Y=-37.300
15.12 12:42:54 Moving is finished
15.12 12:44:38 Scanning 95 point from 240
15.12 12:44:38 Going to coordinates X=-13.948, Y=-37.300
15.12 12:44:38 Moving is finished
15.12 12:46:23 Scanning 96 point from 240
15.12 12:46:23 Going to coordinates X=-15.048, Y=-37.200
15.12 12:46:24 Moving is finished
15.12 12:48:09 Scanning 97 point from 240
15.12 12:48:09 Going to coordinates X=-14.948, Y=-37.200
15.12 12:48:09 Moving is finished
15.12 12:49:54 Scanning 98 point from 240
15.12 12:49:54 Going to coordinates X=-14.848, Y=-37.200
15.12 12:49:54 Moving is finished
15.12 12:51:39 Scanning 99 point from 240
15.12 12:51:39 Going to coordinates X=-14.748, Y=-37.200
15.12 12:51:39 Moving is finished
15.12 12:53:24 Scanning 100 point from 240
15.12 12:53:24 Going to coordinates X=-14.648, Y=-37.200
15.12 12:53:24 Moving is finished
15.12 12:55:10 Scanning 101 point from 240
15.12 12:55:10 Going to coordinates X=-14.548, Y=-37.200
15.12 12:55:10 Moving is finished
15.12 12:56:55 Scanning 102 point from 240
15.12 12:56:55 Going to coordinates X=-14.448, Y=-37.200
15.12 12:56:55 Moving is finished
15.12 12:58:40 Scanning 103 point from 240
15.12 12:58:40 Going to coordinates X=-14.348, Y=-37.200
15.12 12:58:40 Moving is finished
15.12 13:00:25 Scanning 104 point from 240
15.12 13:00:25 Going to coordinates X=-14.248, Y=-37.200
15.12 13:00:25 Moving is finished
15.12 13:02:10 Scanning 105 point from 240
15.12 13:02:10 Going to coordinates X=-14.148, Y=-37.200
15.12 13:02:10 Moving is finished
15.12 13:03:55 Scanning 106 point from 240
15.12 13:03:55 Going to coordinates X=-14.048, Y=-37.200
15.12 13:03:55 Moving is finished
15.12 13:05:40 Scanning 107 point from 240
15.12 13:05:40 Going to coordinates X=-13.948, Y=-37.200
15.12 13:05:40 Moving is finished
15.12 13:07:25 Scanning 108 point from 240
15.12 13:07:25 Going to coordinates X=-15.048, Y=-37.100
15.12 13:07:26 Moving is finished
15.12 13:09:10 Scanning 109 point from 240
15.12 13:09:10 Going to coordinates X=-14.948, Y=-37.100
15.12 13:09:11 Moving is finished
15.12 13:10:55 Scanning 110 point from 240
15.12 13:10:55 Going to coordinates X=-14.848, Y=-37.100
15.12 13:10:55 Moving is finished
15.12 13:12:41 Scanning 111 point from 240
15.12 13:12:41 Going to coordinates X=-14.748, Y=-37.100
15.12 13:12:41 Moving is finished
15.12 13:14:26 Scanning 112 point from 240
15.12 13:14:26 Going to coordinates X=-14.648, Y=-37.100
15.12 13:14:26 Moving is finished
15.12 13:16:11 Scanning 113 point from 240
15.12 13:16:11 Going to coordinates X=-14.548, Y=-37.100
15.12 13:16:11 Moving is finished
15.12 13:17:56 Scanning 114 point from 240
15.12 13:17:56 Going to coordinates X=-14.448, Y=-37.100
15.12 13:17:56 Moving is finished
15.12 13:19:40 Scanning 115 point from 240
15.12 13:19:40 Going to coordinates X=-14.348, Y=-37.100
15.12 13:19:41 Moving is finished
15.12 13:21:25 Scanning 116 point from 240
15.12 13:21:25 Going to coordinates X=-14.248, Y=-37.100
15.12 13:21:26 Moving is finished
15.12 13:23:10 Scanning 117 point from 240
15.12 13:23:10 Going to coordinates X=-14.148, Y=-37.100
15.12 13:23:10 Moving is finished
15.12 13:24:55 Scanning 118 point from 240
15.12 13:24:55 Going to coordinates X=-14.048, Y=-37.100
15.12 13:24:55 Moving is finished
15.12 13:26:40 Scanning 119 point from 240
15.12 13:26:40 Going to coordinates X=-13.948, Y=-37.100
15.12 13:26:40 Moving is finished
15.12 13:28:25 Scanning 120 point from 240
15.12 13:28:25 Going to coordinates X=-15.048, Y=-37.000
15.12 13:28:26 Moving is finished
15.12 13:30:11 Scanning 121 point from 240
15.12 13:30:11 Going to coordinates X=-14.948, Y=-37.000
15.12 13:30:11 Moving is finished
15.12 13:31:55 Scanning 122 point from 240
15.12 13:31:55 Going to coordinates X=-14.848, Y=-37.000
15.12 13:31:55 Moving is finished
15.12 13:33:40 Scanning 123 point from 240
15.12 13:33:40 Going to coordinates X=-14.748, Y=-37.000
15.12 13:33:40 Moving is finished
15.12 13:35:25 Scanning 124 point from 240
15.12 13:35:25 Going to coordinates X=-14.648, Y=-37.000
15.12 13:35:25 Moving is finished
15.12 13:37:11 Scanning 125 point from 240
15.12 13:37:11 Going to coordinates X=-14.548, Y=-37.000
15.12 13:37:11 Moving is finished
15.12 13:38:56 Scanning 126 point from 240
15.12 13:38:56 Going to coordinates X=-14.448, Y=-37.000
15.12 13:38:56 Moving is finished
15.12 13:40:41 Scanning 127 point from 240
15.12 13:40:41 Going to coordinates X=-14.348, Y=-37.000
15.12 13:40:41 Moving is finished
15.12 13:42:26 Scanning 128 point from 240
15.12 13:42:26 Going to coordinates X=-14.248, Y=-37.000
15.12 13:42:26 Moving is finished
15.12 13:44:11 Scanning 129 point from 240
15.12 13:44:11 Going to coordinates X=-14.148, Y=-37.000
15.12 13:44:11 Moving is finished
15.12 13:45:56 Scanning 130 point from 240
15.12 13:45:56 Going to coordinates X=-14.048, Y=-37.000
15.12 13:45:56 Moving is finished
15.12 13:47:41 Scanning 131 point from 240
15.12 13:47:41 Going to coordinates X=-13.948, Y=-37.000
15.12 13:47:41 Moving is finished
15.12 13:49:27 Scanning 132 point from 240
15.12 13:49:27 Going to coordinates X=-15.048, Y=-36.900
15.12 13:49:27 Moving is finished
15.12 13:51:12 Scanning 133 point from 240
15.12 13:51:12 Going to coordinates X=-14.948, Y=-36.900
15.12 13:51:12 Moving is finished
15.12 13:52:57 Scanning 134 point from 240
15.12 13:52:57 Going to coordinates X=-14.848, Y=-36.900
15.12 13:52:58 Moving is finished
15.12 13:54:43 Scanning 135 point from 240
15.12 13:54:43 Going to coordinates X=-14.748, Y=-36.900
15.12 13:54:43 Moving is finished
15.12 13:56:28 Scanning 136 point from 240
15.12 13:56:28 Going to coordinates X=-14.648, Y=-36.900
15.12 13:56:28 Moving is finished
15.12 13:58:13 Scanning 137 point from 240
15.12 13:58:13 Going to coordinates X=-14.548, Y=-36.900
15.12 13:58:13 Moving is finished
15.12 13:59:57 Scanning 138 point from 240
15.12 13:59:57 Going to coordinates X=-14.448, Y=-36.900
15.12 13:59:58 Moving is finished
15.12 14:01:42 Scanning 139 point from 240
15.12 14:01:42 Going to coordinates X=-14.348, Y=-36.900
15.12 14:01:43 Moving is finished
15.12 14:03:28 Scanning 140 point from 240
15.12 14:03:28 Going to coordinates X=-14.248, Y=-36.900
15.12 14:03:28 Moving is finished
15.12 14:05:13 Scanning 141 point from 240
15.12 14:05:13 Going to coordinates X=-14.148, Y=-36.900
15.12 14:05:13 Moving is finished
15.12 14:06:58 Scanning 142 point from 240
15.12 14:06:58 Going to coordinates X=-14.048, Y=-36.900
15.12 14:06:58 Moving is finished
15.12 14:08:43 Scanning 143 point from 240
15.12 14:08:43 Going to coordinates X=-13.948, Y=-36.900
15.12 14:08:43 Moving is finished
15.12 14:10:28 Scanning 144 point from 240
15.12 14:10:28 Going to coordinates X=-15.048, Y=-36.800
15.12 14:10:29 Moving is finished
15.12 14:12:13 Scanning 145 point from 240
15.12 14:12:13 Going to coordinates X=-14.948, Y=-36.800
15.12 14:12:14 Moving is finished
15.12 14:13:58 Scanning 146 point from 240
15.12 14:13:58 Going to coordinates X=-14.848, Y=-36.800
15.12 14:13:58 Moving is finished
15.12 14:15:44 Scanning 147 point from 240
15.12 14:15:44 Going to coordinates X=-14.748, Y=-36.800
15.12 14:15:44 Moving is finished
15.12 14:17:28 Scanning 148 point from 240
15.12 14:17:28 Going to coordinates X=-14.648, Y=-36.800
15.12 14:17:29 Moving is finished
15.12 14:19:14 Scanning 149 point from 240
15.12 14:19:14 Going to coordinates X=-14.548, Y=-36.800
15.12 14:19:14 Moving is finished
15.12 14:20:58 Scanning 150 point from 240
15.12 14:20:58 Going to coordinates X=-14.448, Y=-36.800
15.12 14:20:58 Moving is finished
15.12 14:22:43 Scanning 151 point from 240
15.12 14:22:43 Going to coordinates X=-14.348, Y=-36.800
15.12 14:22:43 Moving is finished
15.12 14:24:29 Scanning 152 point from 240
15.12 14:24:29 Going to coordinates X=-14.248, Y=-36.800
15.12 14:24:29 Moving is finished
15.12 14:26:14 Scanning 153 point from 240
15.12 14:26:14 Going to coordinates X=-14.148, Y=-36.800
15.12 14:26:15 Moving is finished
15.12 14:28:00 Scanning 154 point from 240
15.12 14:28:00 Going to coordinates X=-14.048, Y=-36.800
15.12 14:28:00 Moving is finished
15.12 14:29:45 Scanning 155 point from 240
15.12 14:29:45 Going to coordinates X=-13.948, Y=-36.800
15.12 14:29:45 Moving is finished
15.12 14:31:30 Scanning 156 point from 240
15.12 14:31:30 Going to coordinates X=-15.048, Y=-36.700
15.12 14:31:30 Moving is finished
15.12 14:33:15 Scanning 157 point from 240
15.12 14:33:15 Going to coordinates X=-14.948, Y=-36.700
15.12 14:33:15 Moving is finished
15.12 14:35:00 Scanning 158 point from 240
15.12 14:35:00 Going to coordinates X=-14.848, Y=-36.700
15.12 14:35:01 Moving is finished
15.12 14:36:45 Scanning 159 point from 240
15.12 14:36:45 Going to coordinates X=-14.748, Y=-36.700
15.12 14:36:45 Moving is finished
15.12 14:38:30 Scanning 160 point from 240
15.12 14:38:30 Going to coordinates X=-14.648, Y=-36.700
15.12 14:38:30 Moving is finished
15.12 14:40:15 Scanning 161 point from 240
15.12 14:40:15 Going to coordinates X=-14.548, Y=-36.700
15.12 14:40:15 Moving is finished
15.12 14:42:00 Scanning 162 point from 240
15.12 14:42:00 Going to coordinates X=-14.448, Y=-36.700
15.12 14:42:00 Moving is finished
15.12 14:43:45 Scanning 163 point from 240
15.12 14:43:45 Going to coordinates X=-14.348, Y=-36.700
15.12 14:43:46 Moving is finished
15.12 14:45:30 Scanning 164 point from 240
15.12 14:45:30 Going to coordinates X=-14.248, Y=-36.700
15.12 14:45:31 Moving is finished
15.12 14:47:16 Scanning 165 point from 240
15.12 14:47:16 Going to coordinates X=-14.148, Y=-36.700
15.12 14:47:16 Moving is finished
15.12 14:49:00 Scanning 166 point from 240
15.12 14:49:00 Going to coordinates X=-14.048, Y=-36.700
15.12 14:49:01 Moving is finished
15.12 14:50:45 Scanning 167 point from 240
15.12 14:50:45 Going to coordinates X=-13.948, Y=-36.700
15.12 14:50:46 Moving is finished
15.12 14:52:31 Scanning 168 point from 240
15.12 14:52:31 Going to coordinates X=-15.048, Y=-36.600
15.12 14:52:32 Moving is finished
15.12 14:54:16 Scanning 169 point from 240
15.12 14:54:16 Going to coordinates X=-14.948, Y=-36.600
15.12 14:54:16 Moving is finished
15.12 14:56:01 Scanning 170 point from 240
15.12 14:56:01 Going to coordinates X=-14.848, Y=-36.600
15.12 14:56:02 Moving is finished
15.12 14:57:46 Scanning 171 point from 240
15.12 14:57:46 Going to coordinates X=-14.748, Y=-36.600
15.12 14:57:46 Moving is finished
15.12 14:59:31 Scanning 172 point from 240
15.12 14:59:31 Going to coordinates X=-14.648, Y=-36.600
15.12 14:59:31 Moving is finished
15.12 15:01:15 Scanning 173 point from 240
15.12 15:01:15 Going to coordinates X=-14.548, Y=-36.600
15.12 15:01:16 Moving is finished
15.12 15:03:00 Scanning 174 point from 240
15.12 15:03:00 Going to coordinates X=-14.448, Y=-36.600
15.12 15:03:01 Moving is finished
15.12 15:04:45 Scanning 175 point from 240
15.12 15:04:45 Going to coordinates X=-14.348, Y=-36.600
15.12 15:04:45 Moving is finished
15.12 15:06:30 Scanning 176 point from 240
15.12 15:06:30 Going to coordinates X=-14.248, Y=-36.600
15.12 15:06:30 Moving is finished
15.12 15:08:16 Scanning 177 point from 240
15.12 15:08:16 Going to coordinates X=-14.148, Y=-36.600
15.12 15:08:16 Moving is finished
15.12 15:10:01 Scanning 178 point from 240
15.12 15:10:01 Going to coordinates X=-14.048, Y=-36.600
15.12 15:10:01 Moving is finished
15.12 15:11:46 Scanning 179 point from 240
15.12 15:11:46 Going to coordinates X=-13.948, Y=-36.600
15.12 15:11:47 Moving is finished
15.12 15:13:31 Scanning 180 point from 240
15.12 15:13:31 Going to coordinates X=-15.048, Y=-36.500
15.12 15:13:32 Moving is finished
15.12 15:15:17 Scanning 181 point from 240
15.12 15:15:17 Going to coordinates X=-14.948, Y=-36.500
15.12 15:15:17 Moving is finished
15.12 15:17:01 Scanning 182 point from 240
15.12 15:17:01 Going to coordinates X=-14.848, Y=-36.500
15.12 15:17:02 Moving is finished
15.12 15:18:46 Scanning 183 point from 240
15.12 15:18:46 Going to coordinates X=-14.748, Y=-36.500
15.12 15:18:47 Moving is finished
15.12 15:20:31 Scanning 184 point from 240
15.12 15:20:31 Going to coordinates X=-14.648, Y=-36.500
15.12 15:20:31 Moving is finished
15.12 15:22:16 Scanning 185 point from 240
15.12 15:22:16 Going to coordinates X=-14.548, Y=-36.500
15.12 15:22:16 Moving is finished
15.12 15:24:01 Scanning 186 point from 240
15.12 15:24:01 Going to coordinates X=-14.448, Y=-36.500
15.12 15:24:02 Moving is finished
15.12 15:25:46 Scanning 187 point from 240
15.12 15:25:46 Going to coordinates X=-14.348, Y=-36.500
15.12 15:25:46 Moving is finished
15.12 15:27:31 Scanning 188 point from 240
15.12 15:27:31 Going to coordinates X=-14.248, Y=-36.500
15.12 15:27:32 Moving is finished
15.12 15:29:17 Scanning 189 point from 240
15.12 15:29:17 Going to coordinates X=-14.148, Y=-36.500
15.12 15:29:17 Moving is finished
15.12 15:31:02 Scanning 190 point from 240
15.12 15:31:02 Going to coordinates X=-14.048, Y=-36.500
15.12 15:31:02 Moving is finished
15.12 15:32:47 Scanning 191 point from 240
15.12 15:32:47 Going to coordinates X=-13.948, Y=-36.500
15.12 15:32:48 Moving is finished
15.12 15:34:32 Scanning 192 point from 240
15.12 15:34:32 Going to coordinates X=-15.048, Y=-36.400
15.12 15:34:33 Moving is finished
15.12 15:36:18 Scanning 193 point from 240
15.12 15:36:18 Going to coordinates X=-14.948, Y=-36.400
15.12 15:36:18 Moving is finished
15.12 15:38:03 Scanning 194 point from 240
15.12 15:38:03 Going to coordinates X=-14.848, Y=-36.400
15.12 15:38:03 Moving is finished
15.12 15:39:47 Scanning 195 point from 240
15.12 15:39:47 Going to coordinates X=-14.748, Y=-36.400
15.12 15:39:48 Moving is finished
15.12 15:41:32 Scanning 196 point from 240
15.12 15:41:32 Going to coordinates X=-14.648, Y=-36.400
15.12 15:41:33 Moving is finished
15.12 15:43:17 Scanning 197 point from 240
15.12 15:43:17 Going to coordinates X=-14.548, Y=-36.400
15.12 15:43:18 Moving is finished
15.12 15:45:02 Scanning 198 point from 240
15.12 15:45:02 Going to coordinates X=-14.448, Y=-36.400
15.12 15:45:03 Moving is finished
15.12 15:46:48 Scanning 199 point from 240
15.12 15:46:48 Going to coordinates X=-14.348, Y=-36.400
15.12 15:46:48 Moving is finished
15.12 15:48:33 Scanning 200 point from 240
15.12 15:48:33 Going to coordinates X=-14.248, Y=-36.400
15.12 15:48:33 Moving is finished
15.12 15:50:18 Scanning 201 point from 240
15.12 15:50:18 Going to coordinates X=-14.148, Y=-36.400
15.12 15:50:19 Moving is finished
15.12 15:52:04 Scanning 202 point from 240
15.12 15:52:04 Going to coordinates X=-14.048, Y=-36.400
15.12 15:52:05 Moving is finished
15.12 15:53:49 Scanning 203 point from 240
15.12 15:53:49 Going to coordinates X=-13.948, Y=-36.400
15.12 15:53:49 Moving is finished
15.12 15:55:34 Scanning 204 point from 240
15.12 15:55:34 Going to coordinates X=-15.048, Y=-36.300
15.12 15:55:35 Moving is finished
15.12 15:57:19 Scanning 205 point from 240
15.12 15:57:19 Going to coordinates X=-14.948, Y=-36.300
15.12 15:57:20 Moving is finished
15.12 15:59:04 Scanning 206 point from 240
15.12 15:59:04 Going to coordinates X=-14.848, Y=-36.300
15.12 15:59:04 Moving is finished
15.12 16:00:50 Scanning 207 point from 240
15.12 16:00:50 Going to coordinates X=-14.748, Y=-36.300
15.12 16:00:50 Moving is finished
15.12 16:02:35 Scanning 208 point from 240
15.12 16:02:35 Going to coordinates X=-14.648, Y=-36.300
15.12 16:02:35 Moving is finished
15.12 16:04:20 Scanning 209 point from 240
15.12 16:04:20 Going to coordinates X=-14.548, Y=-36.300
15.12 16:04:20 Moving is finished
15.12 16:06:06 Scanning 210 point from 240
15.12 16:06:06 Going to coordinates X=-14.448, Y=-36.300
15.12 16:06:06 Moving is finished
15.12 16:07:50 Scanning 211 point from 240
15.12 16:07:50 Going to coordinates X=-14.348, Y=-36.300
15.12 16:07:51 Moving is finished
15.12 16:09:36 Scanning 212 point from 240
15.12 16:09:36 Going to coordinates X=-14.248, Y=-36.300
15.12 16:09:36 Moving is finished
15.12 16:11:21 Scanning 213 point from 240
15.12 16:11:21 Going to coordinates X=-14.148, Y=-36.300
15.12 16:11:21 Moving is finished
15.12 16:13:06 Scanning 214 point from 240
15.12 16:13:06 Going to coordinates X=-14.048, Y=-36.300
15.12 16:13:06 Moving is finished
15.12 16:14:50 Scanning 215 point from 240
15.12 16:14:50 Going to coordinates X=-13.948, Y=-36.300
15.12 16:14:51 Moving is finished
15.12 16:16:36 Scanning 216 point from 240
15.12 16:16:36 Going to coordinates X=-15.048, Y=-36.200
15.12 16:16:36 Moving is finished
15.12 16:18:22 Scanning 217 point from 240
15.12 16:18:22 Going to coordinates X=-14.948, Y=-36.200
15.12 16:18:22 Moving is finished
15.12 16:20:06 Scanning 218 point from 240
15.12 16:20:06 Going to coordinates X=-14.848, Y=-36.200
15.12 16:20:06 Moving is finished
15.12 16:21:51 Scanning 219 point from 240
15.12 16:21:51 Going to coordinates X=-14.748, Y=-36.200
15.12 16:21:51 Moving is finished
15.12 16:23:36 Scanning 220 point from 240
15.12 16:23:36 Going to coordinates X=-14.648, Y=-36.200
15.12 16:23:36 Moving is finished
15.12 16:25:21 Scanning 221 point from 240
15.12 16:25:21 Going to coordinates X=-14.548, Y=-36.200
15.12 16:25:21 Moving is finished
15.12 16:27:05 Scanning 222 point from 240
15.12 16:27:05 Going to coordinates X=-14.448, Y=-36.200
15.12 16:27:06 Moving is finished
15.12 16:28:51 Scanning 223 point from 240
15.12 16:28:51 Going to coordinates X=-14.348, Y=-36.200
15.12 16:28:51 Moving is finished
15.12 16:30:36 Scanning 224 point from 240
15.12 16:30:36 Going to coordinates X=-14.248, Y=-36.200
15.12 16:30:36 Moving is finished
15.12 16:32:21 Scanning 225 point from 240
15.12 16:32:21 Going to coordinates X=-14.148, Y=-36.200
15.12 16:32:21 Moving is finished
15.12 16:34:06 Scanning 226 point from 240
15.12 16:34:06 Going to coordinates X=-14.048, Y=-36.200
15.12 16:34:06 Moving is finished
15.12 16:35:51 Scanning 227 point from 240
15.12 16:35:51 Going to coordinates X=-13.948, Y=-36.200
15.12 16:35:52 Moving is finished
15.12 16:37:37 Scanning 228 point from 240
15.12 16:37:37 Going to coordinates X=-15.048, Y=-36.100
15.12 16:37:38 Moving is finished
15.12 16:39:22 Scanning 229 point from 240
15.12 16:39:22 Going to coordinates X=-14.948, Y=-36.100
15.12 16:39:22 Moving is finished
15.12 16:41:07 Scanning 230 point from 240
15.12 16:41:07 Going to coordinates X=-14.848, Y=-36.100
15.12 16:41:07 Moving is finished
15.12 16:42:52 Scanning 231 point from 240
15.12 16:42:52 Going to coordinates X=-14.748, Y=-36.100
15.12 16:42:52 Moving is finished
15.12 16:44:37 Scanning 232 point from 240
15.12 16:44:37 Going to coordinates X=-14.648, Y=-36.100
15.12 16:44:37 Moving is finished
15.12 16:46:22 Scanning 233 point from 240
15.12 16:46:22 Going to coordinates X=-14.548, Y=-36.100
15.12 16:46:22 Moving is finished
15.12 16:48:07 Scanning 234 point from 240
15.12 16:48:07 Going to coordinates X=-14.448, Y=-36.100
15.12 16:48:08 Moving is finished
15.12 16:49:52 Scanning 235 point from 240
15.12 16:49:52 Going to coordinates X=-14.348, Y=-36.100
15.12 16:49:53 Moving is finished
15.12 16:51:38 Scanning 236 point from 240
15.12 16:51:38 Going to coordinates X=-14.248, Y=-36.100
15.12 16:51:38 Moving is finished
15.12 16:53:22 Scanning 237 point from 240
15.12 16:53:22 Going to coordinates X=-14.148, Y=-36.100
15.12 16:53:23 Moving is finished
15.12 16:55:07 Scanning 238 point from 240
15.12 16:55:07 Going to coordinates X=-14.048, Y=-36.100
15.12 16:55:08 Moving is finished
15.12 16:56:53 Scanning 239 point from 240
15.12 16:56:53 Going to coordinates X=-13.948, Y=-36.100
15.12 16:56:53 Moving is finished
15.12 16:57:56 Stopped!

