16.08 12:59:12 Initializing grbl...
16.08 12:59:12 Got the response: b''
16.08 13:00:20 Row 0: 16.08 13:00:20 Map: x1: -14.0, y1: -38.0, x2: -13.327, y2: -38.615, xres: 0.050, yres: 0.050, fname: M3-8 new
16.08 13:00:20 Scanning 0 point from 210
16.08 13:00:20 Going to coordinates X=-14.000, Y=-38.615
16.08 13:00:21 Moving is finished
16.08 13:01:25 Scanning 1 point from 210
16.08 13:01:25 Going to coordinates X=-13.950, Y=-38.615
16.08 13:01:26 Moving is finished
16.08 13:02:31 Scanning 2 point from 210
16.08 13:02:31 Going to coordinates X=-13.900, Y=-38.615
16.08 13:02:31 Moving is finished
16.08 13:03:36 Scanning 3 point from 210
16.08 13:03:36 Going to coordinates X=-13.850, Y=-38.615
16.08 13:03:36 Moving is finished
16.08 13:04:41 Scanning 4 point from 210
16.08 13:04:41 Going to coordinates X=-13.800, Y=-38.615
16.08 13:04:42 Moving is finished
16.08 13:05:46 Scanning 5 point from 210
16.08 13:05:46 Going to coordinates X=-13.750, Y=-38.615
16.08 13:05:46 Moving is finished
16.08 13:06:51 Scanning 6 point from 210
16.08 13:06:51 Going to coordinates X=-13.700, Y=-38.615
16.08 13:06:52 Moving is finished
16.08 13:07:56 Scanning 7 point from 210
16.08 13:07:56 Going to coordinates X=-13.650, Y=-38.615
16.08 13:07:57 Moving is finished
16.08 13:09:01 Scanning 8 point from 210
16.08 13:09:01 Going to coordinates X=-13.600, Y=-38.615
16.08 13:09:01 Moving is finished
16.08 13:10:06 Scanning 9 point from 210
16.08 13:10:06 Going to coordinates X=-13.550, Y=-38.615
16.08 13:10:07 Moving is finished
16.08 13:11:11 Scanning 10 point from 210
16.08 13:11:11 Going to coordinates X=-13.500, Y=-38.615
16.08 13:11:12 Moving is finished
16.08 13:12:16 Scanning 11 point from 210
16.08 13:12:16 Going to coordinates X=-13.450, Y=-38.615
16.08 13:12:17 Moving is finished
16.08 13:13:22 Scanning 12 point from 210
16.08 13:13:22 Going to coordinates X=-13.400, Y=-38.615
16.08 13:13:22 Moving is finished
16.08 13:14:26 Scanning 13 point from 210
16.08 13:14:26 Going to coordinates X=-13.350, Y=-38.615
16.08 13:14:27 Moving is finished
16.08 13:15:31 Scanning 14 point from 210
16.08 13:15:31 Going to coordinates X=-13.300, Y=-38.615
16.08 13:15:32 Moving is finished
16.08 13:16:36 Scanning 15 point from 210
16.08 13:16:36 Going to coordinates X=-14.000, Y=-38.565
16.08 13:16:37 Moving is finished
16.08 13:17:42 Scanning 16 point from 210
16.08 13:17:42 Going to coordinates X=-13.950, Y=-38.565
16.08 13:17:42 Moving is finished
16.08 13:18:47 Scanning 17 point from 210
16.08 13:18:47 Going to coordinates X=-13.900, Y=-38.565
16.08 13:18:47 Moving is finished
16.08 13:19:52 Scanning 18 point from 210
16.08 13:19:52 Going to coordinates X=-13.850, Y=-38.565
16.08 13:19:52 Moving is finished
16.08 13:20:57 Scanning 19 point from 210
16.08 13:20:57 Going to coordinates X=-13.800, Y=-38.565
16.08 13:20:57 Moving is finished
16.08 13:22:02 Scanning 20 point from 210
16.08 13:22:02 Going to coordinates X=-13.750, Y=-38.565
16.08 13:22:02 Moving is finished
16.08 13:23:07 Scanning 21 point from 210
16.08 13:23:07 Going to coordinates X=-13.700, Y=-38.565
16.08 13:23:07 Moving is finished
16.08 13:24:12 Scanning 22 point from 210
16.08 13:24:12 Going to coordinates X=-13.650, Y=-38.565
16.08 13:24:12 Moving is finished
16.08 13:25:17 Scanning 23 point from 210
16.08 13:25:17 Going to coordinates X=-13.600, Y=-38.565
16.08 13:25:17 Moving is finished
16.08 13:26:21 Scanning 24 point from 210
16.08 13:26:21 Going to coordinates X=-13.550, Y=-38.565
16.08 13:26:21 Moving is finished
16.08 13:27:26 Scanning 25 point from 210
16.08 13:27:26 Going to coordinates X=-13.500, Y=-38.565
16.08 13:27:26 Moving is finished
16.08 13:28:31 Scanning 26 point from 210
16.08 13:28:31 Going to coordinates X=-13.450, Y=-38.565
16.08 13:28:31 Moving is finished
16.08 13:29:36 Scanning 27 point from 210
16.08 13:29:36 Going to coordinates X=-13.400, Y=-38.565
16.08 13:29:36 Moving is finished
16.08 13:30:41 Scanning 28 point from 210
16.08 13:30:41 Going to coordinates X=-13.350, Y=-38.565
16.08 13:30:41 Moving is finished
16.08 13:31:46 Scanning 29 point from 210
16.08 13:31:46 Going to coordinates X=-13.300, Y=-38.565
16.08 13:31:46 Moving is finished
16.08 13:32:51 Scanning 30 point from 210
16.08 13:32:51 Going to coordinates X=-14.000, Y=-38.515
16.08 13:32:52 Moving is finished
16.08 13:33:57 Scanning 31 point from 210
16.08 13:33:57 Going to coordinates X=-13.950, Y=-38.515
16.08 13:33:57 Moving is finished
16.08 13:35:02 Scanning 32 point from 210
16.08 13:35:02 Going to coordinates X=-13.900, Y=-38.515
16.08 13:35:02 Moving is finished
16.08 13:36:07 Scanning 33 point from 210
16.08 13:36:07 Going to coordinates X=-13.850, Y=-38.515
16.08 13:36:07 Moving is finished
16.08 13:37:11 Scanning 34 point from 210
16.08 13:37:11 Going to coordinates X=-13.800, Y=-38.515
16.08 13:37:11 Moving is finished
16.08 13:38:16 Scanning 35 point from 210
16.08 13:38:16 Going to coordinates X=-13.750, Y=-38.515
16.08 13:38:16 Moving is finished
16.08 13:39:21 Scanning 36 point from 210
16.08 13:39:21 Going to coordinates X=-13.700, Y=-38.515
16.08 13:39:21 Moving is finished
16.08 13:40:26 Scanning 37 point from 210
16.08 13:40:26 Going to coordinates X=-13.650, Y=-38.515
16.08 13:40:26 Moving is finished
16.08 13:41:30 Scanning 38 point from 210
16.08 13:41:30 Going to coordinates X=-13.600, Y=-38.515
16.08 13:41:30 Moving is finished
16.08 13:42:35 Scanning 39 point from 210
16.08 13:42:35 Going to coordinates X=-13.550, Y=-38.515
16.08 13:42:35 Moving is finished
16.08 13:43:40 Scanning 40 point from 210
16.08 13:43:40 Going to coordinates X=-13.500, Y=-38.515
16.08 13:43:41 Moving is finished
16.08 13:44:45 Scanning 41 point from 210
16.08 13:44:45 Going to coordinates X=-13.450, Y=-38.515
16.08 13:44:45 Moving is finished
16.08 13:45:50 Scanning 42 point from 210
16.08 13:45:50 Going to coordinates X=-13.400, Y=-38.515
16.08 13:45:50 Moving is finished
16.08 13:46:55 Scanning 43 point from 210
16.08 13:46:55 Going to coordinates X=-13.350, Y=-38.515
16.08 13:46:55 Moving is finished
16.08 13:47:59 Scanning 44 point from 210
16.08 13:47:59 Going to coordinates X=-13.300, Y=-38.515
16.08 13:47:59 Moving is finished
16.08 13:49:04 Scanning 45 point from 210
16.08 13:49:04 Going to coordinates X=-14.000, Y=-38.465
16.08 13:49:05 Moving is finished
16.08 13:50:09 Scanning 46 point from 210
16.08 13:50:09 Going to coordinates X=-13.950, Y=-38.465
16.08 13:50:09 Moving is finished
16.08 13:51:14 Scanning 47 point from 210
16.08 13:51:14 Going to coordinates X=-13.900, Y=-38.465
16.08 13:51:14 Moving is finished
16.08 13:52:18 Scanning 48 point from 210
16.08 13:52:18 Going to coordinates X=-13.850, Y=-38.465
16.08 13:52:19 Moving is finished
16.08 13:53:23 Scanning 49 point from 210
16.08 13:53:23 Going to coordinates X=-13.800, Y=-38.465
16.08 13:53:23 Moving is finished
16.08 13:54:28 Scanning 50 point from 210
16.08 13:54:28 Going to coordinates X=-13.750, Y=-38.465
16.08 13:54:28 Moving is finished
16.08 13:55:32 Scanning 51 point from 210
16.08 13:55:32 Going to coordinates X=-13.700, Y=-38.465
16.08 13:55:33 Moving is finished
16.08 13:56:37 Scanning 52 point from 210
16.08 13:56:37 Going to coordinates X=-13.650, Y=-38.465
16.08 13:56:38 Moving is finished
16.08 13:57:42 Scanning 53 point from 210
16.08 13:57:42 Going to coordinates X=-13.600, Y=-38.465
16.08 13:57:43 Moving is finished
16.08 13:58:48 Scanning 54 point from 210
16.08 13:58:48 Going to coordinates X=-13.550, Y=-38.465
16.08 13:58:48 Moving is finished
16.08 13:59:52 Scanning 55 point from 210
16.08 13:59:52 Going to coordinates X=-13.500, Y=-38.465
16.08 13:59:52 Moving is finished
16.08 14:00:57 Scanning 56 point from 210
16.08 14:00:57 Going to coordinates X=-13.450, Y=-38.465
16.08 14:00:57 Moving is finished
16.08 14:02:02 Scanning 57 point from 210
16.08 14:02:02 Going to coordinates X=-13.400, Y=-38.465
16.08 14:02:02 Moving is finished
16.08 14:03:06 Scanning 58 point from 210
16.08 14:03:06 Going to coordinates X=-13.350, Y=-38.465
16.08 14:03:07 Moving is finished
16.08 14:04:11 Scanning 59 point from 210
16.08 14:04:11 Going to coordinates X=-13.300, Y=-38.465
16.08 14:04:11 Moving is finished
16.08 14:05:16 Scanning 60 point from 210
16.08 14:05:16 Going to coordinates X=-14.000, Y=-38.415
16.08 14:05:17 Moving is finished
16.08 14:06:21 Scanning 61 point from 210
16.08 14:06:21 Going to coordinates X=-13.950, Y=-38.415
16.08 14:06:21 Moving is finished
16.08 14:07:26 Scanning 62 point from 210
16.08 14:07:26 Going to coordinates X=-13.900, Y=-38.415
16.08 14:07:26 Moving is finished
16.08 14:08:31 Scanning 63 point from 210
16.08 14:08:31 Going to coordinates X=-13.850, Y=-38.415
16.08 14:08:31 Moving is finished
16.08 14:09:35 Scanning 64 point from 210
16.08 14:09:35 Going to coordinates X=-13.800, Y=-38.415
16.08 14:09:36 Moving is finished
16.08 14:10:03 Stopped!
