16.10 17:24:16 Initializing grbl...
16.10 17:24:17 Got the response: b''
16.10 17:26:54 Row 0: 16.10 17:26:54 Map: x1: -15.404, y1: -38.082, x2: -16.471, y2: -38.41, xres: 0.020, yres: 0.050, fname: M1- 1A
16.10 17:26:54 Scanning 0 point from 440
16.10 17:26:54 Going to coordinates X=-16.471, Y=-38.410
16.10 17:26:54 Status responce is malformed
16.10 17:26:54 list index out of range
16.10 17:27:54 Moving is finished
16.10 17:31:20 Scanning 1 point from 440
16.10 17:31:20 Going to coordinates X=-16.451, Y=-38.410
16.10 17:31:20 Moving is finished
16.10 17:34:45 Scanning 2 point from 440
16.10 17:34:45 Going to coordinates X=-16.431, Y=-38.410
16.10 17:34:45 Moving is finished
16.10 17:38:10 Scanning 3 point from 440
16.10 17:38:10 Going to coordinates X=-16.411, Y=-38.410
16.10 17:38:10 Moving is finished
16.10 17:41:34 Scanning 4 point from 440
16.10 17:41:34 Going to coordinates X=-16.391, Y=-38.410
16.10 17:41:35 Moving is finished
16.10 17:44:59 Scanning 5 point from 440
16.10 17:44:59 Going to coordinates X=-16.371, Y=-38.410
16.10 17:44:59 Moving is finished
16.10 17:48:24 Scanning 6 point from 440
16.10 17:48:24 Going to coordinates X=-16.351, Y=-38.410
16.10 17:48:24 Moving is finished
16.10 17:51:49 Scanning 7 point from 440
16.10 17:51:49 Going to coordinates X=-16.331, Y=-38.410
16.10 17:51:50 Moving is finished
16.10 17:55:15 Scanning 8 point from 440
16.10 17:55:15 Going to coordinates X=-16.311, Y=-38.410
16.10 17:55:15 Moving is finished
16.10 17:58:39 Scanning 9 point from 440
16.10 17:58:39 Going to coordinates X=-16.291, Y=-38.410
16.10 17:58:40 Moving is finished
16.10 18:02:04 Scanning 10 point from 440
16.10 18:02:04 Going to coordinates X=-16.271, Y=-38.410
16.10 18:02:05 Moving is finished
16.10 18:02:48 Scanning 11 point from 440
16.10 18:02:48 Going to coordinates X=-16.251, Y=-38.410
16.10 18:02:49 Moving is finished
16.10 18:06:13 Scanning 12 point from 440
16.10 18:06:13 Going to coordinates X=-16.231, Y=-38.410
16.10 18:06:13 Moving is finished
16.10 18:09:38 Scanning 13 point from 440
16.10 18:09:38 Going to coordinates X=-16.211, Y=-38.410
16.10 18:09:38 Moving is finished
16.10 18:13:02 Scanning 14 point from 440
16.10 18:13:02 Going to coordinates X=-16.191, Y=-38.410
16.10 18:13:02 Moving is finished
16.10 18:16:28 Scanning 15 point from 440
16.10 18:16:28 Going to coordinates X=-16.171, Y=-38.410
16.10 18:16:28 Moving is finished
16.10 18:19:53 Scanning 16 point from 440
16.10 18:19:53 Going to coordinates X=-16.151, Y=-38.410
16.10 18:19:54 Moving is finished
16.10 18:23:18 Scanning 17 point from 440
16.10 18:23:18 Going to coordinates X=-16.131, Y=-38.410
16.10 18:23:19 Moving is finished
16.10 18:26:43 Scanning 18 point from 440
16.10 18:26:43 Going to coordinates X=-16.111, Y=-38.410
16.10 18:26:43 Moving is finished
16.10 18:30:08 Scanning 19 point from 440
16.10 18:30:08 Going to coordinates X=-16.091, Y=-38.410
16.10 18:30:09 Moving is finished
16.10 18:33:34 Scanning 20 point from 440
16.10 18:33:34 Going to coordinates X=-16.071, Y=-38.410
16.10 18:33:34 Moving is finished
16.10 18:36:59 Scanning 21 point from 440
16.10 18:36:59 Going to coordinates X=-16.051, Y=-38.410
16.10 18:37:00 Moving is finished
16.10 18:40:24 Scanning 22 point from 440
16.10 18:40:24 Going to coordinates X=-16.031, Y=-38.410
16.10 18:40:24 Moving is finished
16.10 18:43:49 Scanning 23 point from 440
16.10 18:43:49 Going to coordinates X=-16.011, Y=-38.410
16.10 18:43:49 Moving is finished
16.10 18:47:14 Scanning 24 point from 440
16.10 18:47:14 Going to coordinates X=-15.991, Y=-38.410
16.10 18:47:14 Moving is finished
16.10 18:47:31 Scanning 25 point from 440
16.10 18:47:31 Paused
16.10 18:47:38 Going to coordinates X=-15.971, Y=-38.410
16.10 18:47:38 Moving is finished
16.10 18:51:02 Scanning 26 point from 440
16.10 18:51:02 Going to coordinates X=-15.951, Y=-38.410
16.10 18:51:02 Moving is finished
16.10 18:54:27 Scanning 27 point from 440
16.10 18:54:27 Going to coordinates X=-15.931, Y=-38.410
16.10 18:54:27 Moving is finished
16.10 18:57:52 Scanning 28 point from 440
16.10 18:57:52 Going to coordinates X=-15.911, Y=-38.410
16.10 18:57:52 Moving is finished
16.10 19:00:06 Stopped!
16.10 19:12:29 Row 0: 16.10 19:12:29 Map: x1: -26.957, y1: -33.805, x2: -26.904, y2: -34.246, xres: 0.010, yres: 0.010, fname: M1- 1A
16.10 19:12:29 Scanning 0 point from 322
16.10 19:12:29 Going to coordinates X=-26.957, Y=-34.246
16.10 19:12:29 Moving is finished
16.10 19:15:54 Scanning 1 point from 322
16.10 19:15:54 Going to coordinates X=-26.947, Y=-34.246
16.10 19:15:54 Moving is finished
16.10 19:19:19 Scanning 2 point from 322
16.10 19:19:19 Going to coordinates X=-26.937, Y=-34.246
16.10 19:19:19 Moving is finished
16.10 19:22:44 Scanning 3 point from 322
16.10 19:22:44 Going to coordinates X=-26.927, Y=-34.246
16.10 19:22:44 Moving is finished
16.10 19:26:08 Scanning 4 point from 322
16.10 19:26:08 Going to coordinates X=-26.917, Y=-34.246
16.10 19:26:08 Moving is finished
16.10 19:29:34 Scanning 5 point from 322
16.10 19:29:34 Going to coordinates X=-26.907, Y=-34.246
16.10 19:29:34 Moving is finished
16.10 19:32:59 Scanning 6 point from 322
16.10 19:32:59 Going to coordinates X=-26.897, Y=-34.246
16.10 19:32:59 Moving is finished
16.10 19:36:24 Scanning 7 point from 322
16.10 19:36:24 Going to coordinates X=-26.957, Y=-34.236
16.10 19:36:24 Moving is finished
16.10 19:39:49 Scanning 8 point from 322
16.10 19:39:49 Going to coordinates X=-26.947, Y=-34.236
16.10 19:39:49 Moving is finished
16.10 19:43:14 Scanning 9 point from 322
16.10 19:43:14 Going to coordinates X=-26.937, Y=-34.236
16.10 19:43:14 Moving is finished
16.10 19:46:40 Scanning 10 point from 322
16.10 19:46:40 Going to coordinates X=-26.927, Y=-34.236
16.10 19:46:40 Moving is finished
16.10 19:50:05 Scanning 11 point from 322
16.10 19:50:05 Going to coordinates X=-26.917, Y=-34.236
16.10 19:50:05 Moving is finished
16.10 19:53:30 Scanning 12 point from 322
16.10 19:53:30 Going to coordinates X=-26.907, Y=-34.236
16.10 19:53:30 Moving is finished
16.10 19:56:55 Scanning 13 point from 322
16.10 19:56:55 Going to coordinates X=-26.897, Y=-34.236
16.10 19:56:55 Moving is finished
16.10 20:00:20 Scanning 14 point from 322
16.10 20:00:20 Going to coordinates X=-26.957, Y=-34.226
16.10 20:00:20 Moving is finished
16.10 20:03:45 Scanning 15 point from 322
16.10 20:03:45 Going to coordinates X=-26.947, Y=-34.226
16.10 20:03:45 Moving is finished
16.10 20:07:10 Scanning 16 point from 322
16.10 20:07:10 Going to coordinates X=-26.937, Y=-34.226
16.10 20:07:10 Moving is finished
16.10 20:10:34 Scanning 17 point from 322
16.10 20:10:34 Going to coordinates X=-26.927, Y=-34.226
16.10 20:10:35 Moving is finished
16.10 20:13:59 Scanning 18 point from 322
16.10 20:13:59 Going to coordinates X=-26.917, Y=-34.226
16.10 20:13:59 Moving is finished
16.10 20:17:24 Scanning 19 point from 322
16.10 20:17:24 Going to coordinates X=-26.907, Y=-34.226
16.10 20:17:24 Moving is finished
16.10 20:20:49 Scanning 20 point from 322
16.10 20:20:49 Going to coordinates X=-26.897, Y=-34.226
16.10 20:20:49 Moving is finished
16.10 20:24:13 Scanning 21 point from 322
16.10 20:24:13 Going to coordinates X=-26.957, Y=-34.216
16.10 20:24:13 Moving is finished
16.10 20:27:38 Scanning 22 point from 322
16.10 20:27:38 Going to coordinates X=-26.947, Y=-34.216
16.10 20:27:38 Moving is finished
16.10 20:31:03 Scanning 23 point from 322
16.10 20:31:03 Going to coordinates X=-26.937, Y=-34.216
16.10 20:31:03 Moving is finished
16.10 20:34:27 Scanning 24 point from 322
16.10 20:34:27 Going to coordinates X=-26.927, Y=-34.216
16.10 20:34:27 Moving is finished
16.10 20:37:53 Scanning 25 point from 322
16.10 20:37:53 Going to coordinates X=-26.917, Y=-34.216
16.10 20:37:53 Moving is finished
16.10 20:41:18 Scanning 26 point from 322
16.10 20:41:18 Going to coordinates X=-26.907, Y=-34.216
16.10 20:41:18 Moving is finished
16.10 20:44:43 Scanning 27 point from 322
16.10 20:44:43 Going to coordinates X=-26.897, Y=-34.216
16.10 20:44:43 Moving is finished
16.10 20:48:07 Scanning 28 point from 322
16.10 20:48:07 Going to coordinates X=-26.957, Y=-34.206
16.10 20:48:08 Moving is finished
16.10 20:51:33 Scanning 29 point from 322
16.10 20:51:33 Going to coordinates X=-26.947, Y=-34.206
16.10 20:51:33 Moving is finished
16.10 20:54:58 Scanning 30 point from 322
16.10 20:54:58 Going to coordinates X=-26.937, Y=-34.206
16.10 20:54:58 Moving is finished
16.10 20:58:23 Scanning 31 point from 322
16.10 20:58:23 Going to coordinates X=-26.927, Y=-34.206
16.10 20:58:23 Moving is finished
16.10 21:01:47 Scanning 32 point from 322
16.10 21:01:47 Going to coordinates X=-26.917, Y=-34.206
16.10 21:01:48 Moving is finished
16.10 21:05:12 Scanning 33 point from 322
16.10 21:05:12 Going to coordinates X=-26.907, Y=-34.206
16.10 21:05:12 Moving is finished
16.10 21:08:38 Scanning 34 point from 322
16.10 21:08:38 Going to coordinates X=-26.897, Y=-34.206
16.10 21:08:38 Moving is finished
16.10 21:12:03 Scanning 35 point from 322
16.10 21:12:03 Going to coordinates X=-26.957, Y=-34.196
16.10 21:12:04 Moving is finished
16.10 21:15:28 Scanning 36 point from 322
16.10 21:15:28 Going to coordinates X=-26.947, Y=-34.196
16.10 21:15:28 Moving is finished
16.10 21:18:53 Scanning 37 point from 322
16.10 21:18:53 Going to coordinates X=-26.937, Y=-34.196
16.10 21:18:53 Moving is finished
16.10 21:22:18 Scanning 38 point from 322
16.10 21:22:18 Going to coordinates X=-26.927, Y=-34.196
16.10 21:22:18 Moving is finished
16.10 21:25:43 Scanning 39 point from 322
16.10 21:25:43 Going to coordinates X=-26.917, Y=-34.196
16.10 21:25:43 Moving is finished
16.10 21:29:08 Scanning 40 point from 322
16.10 21:29:08 Going to coordinates X=-26.907, Y=-34.196
16.10 21:29:08 Moving is finished
16.10 21:32:32 Scanning 41 point from 322
16.10 21:32:32 Going to coordinates X=-26.897, Y=-34.196
16.10 21:32:32 Moving is finished
16.10 21:35:57 Scanning 42 point from 322
16.10 21:35:57 Going to coordinates X=-26.957, Y=-34.186
16.10 21:35:57 Moving is finished
16.10 21:39:22 Scanning 43 point from 322
16.10 21:39:22 Going to coordinates X=-26.947, Y=-34.186
16.10 21:39:22 Moving is finished
16.10 21:42:47 Scanning 44 point from 322
16.10 21:42:47 Going to coordinates X=-26.937, Y=-34.186
16.10 21:42:47 Moving is finished
16.10 21:46:12 Scanning 45 point from 322
16.10 21:46:12 Going to coordinates X=-26.927, Y=-34.186
16.10 21:46:12 Moving is finished
16.10 21:49:36 Scanning 46 point from 322
16.10 21:49:36 Going to coordinates X=-26.917, Y=-34.186
16.10 21:49:37 Moving is finished
16.10 21:53:01 Scanning 47 point from 322
16.10 21:53:01 Going to coordinates X=-26.907, Y=-34.186
16.10 21:53:01 Moving is finished
16.10 21:56:26 Scanning 48 point from 322
16.10 21:56:26 Going to coordinates X=-26.897, Y=-34.186
16.10 21:56:26 Moving is finished
16.10 21:59:51 Scanning 49 point from 322
16.10 21:59:51 Going to coordinates X=-26.957, Y=-34.176
16.10 21:59:51 Moving is finished
16.10 22:03:16 Scanning 50 point from 322
16.10 22:03:16 Going to coordinates X=-26.947, Y=-34.176
16.10 22:03:16 Moving is finished
16.10 22:06:40 Scanning 51 point from 322
16.10 22:06:40 Going to coordinates X=-26.937, Y=-34.176
16.10 22:06:40 Moving is finished
16.10 22:10:05 Scanning 52 point from 322
16.10 22:10:05 Going to coordinates X=-26.927, Y=-34.176
16.10 22:10:05 Moving is finished
16.10 22:13:30 Scanning 53 point from 322
16.10 22:13:30 Going to coordinates X=-26.917, Y=-34.176
16.10 22:13:30 Moving is finished
16.10 22:16:54 Scanning 54 point from 322
16.10 22:16:54 Going to coordinates X=-26.907, Y=-34.176
16.10 22:16:54 Moving is finished
16.10 22:20:19 Scanning 55 point from 322
16.10 22:20:19 Going to coordinates X=-26.897, Y=-34.176
16.10 22:20:19 Moving is finished
16.10 22:23:44 Scanning 56 point from 322
16.10 22:23:44 Going to coordinates X=-26.957, Y=-34.166
16.10 22:23:44 Moving is finished
16.10 22:27:10 Scanning 57 point from 322
16.10 22:27:10 Going to coordinates X=-26.947, Y=-34.166
16.10 22:27:10 Moving is finished
16.10 22:30:34 Scanning 58 point from 322
16.10 22:30:34 Going to coordinates X=-26.937, Y=-34.166
16.10 22:30:35 Moving is finished
16.10 22:33:59 Scanning 59 point from 322
16.10 22:33:59 Going to coordinates X=-26.927, Y=-34.166
16.10 22:33:59 Moving is finished
16.10 22:37:24 Scanning 60 point from 322
16.10 22:37:24 Going to coordinates X=-26.917, Y=-34.166
16.10 22:37:24 Moving is finished
16.10 22:40:50 Scanning 61 point from 322
16.10 22:40:50 Going to coordinates X=-26.907, Y=-34.166
16.10 22:40:50 Moving is finished
16.10 22:44:15 Scanning 62 point from 322
16.10 22:44:15 Going to coordinates X=-26.897, Y=-34.166
16.10 22:44:15 Moving is finished
16.10 22:47:39 Scanning 63 point from 322
16.10 22:47:39 Going to coordinates X=-26.957, Y=-34.156
16.10 22:47:40 Moving is finished
16.10 22:51:04 Scanning 64 point from 322
16.10 22:51:04 Going to coordinates X=-26.947, Y=-34.156
16.10 22:51:04 Moving is finished
16.10 22:54:29 Scanning 65 point from 322
16.10 22:54:29 Going to coordinates X=-26.937, Y=-34.156
16.10 22:54:29 Moving is finished
16.10 22:57:54 Scanning 66 point from 322
16.10 22:57:54 Going to coordinates X=-26.927, Y=-34.156
16.10 22:57:54 Moving is finished
16.10 23:01:18 Scanning 67 point from 322
16.10 23:01:18 Going to coordinates X=-26.917, Y=-34.156
16.10 23:01:19 Moving is finished
16.10 23:04:43 Scanning 68 point from 322
16.10 23:04:43 Going to coordinates X=-26.907, Y=-34.156
16.10 23:04:43 Moving is finished
16.10 23:08:08 Scanning 69 point from 322
16.10 23:08:08 Going to coordinates X=-26.897, Y=-34.156
16.10 23:08:08 Moving is finished
16.10 23:11:34 Scanning 70 point from 322
16.10 23:11:34 Going to coordinates X=-26.957, Y=-34.146
16.10 23:11:34 Moving is finished
16.10 23:14:59 Scanning 71 point from 322
16.10 23:14:59 Going to coordinates X=-26.947, Y=-34.146
16.10 23:14:59 Moving is finished
16.10 23:18:24 Scanning 72 point from 322
16.10 23:18:24 Going to coordinates X=-26.937, Y=-34.146
16.10 23:18:24 Moving is finished
16.10 23:21:48 Scanning 73 point from 322
16.10 23:21:48 Going to coordinates X=-26.927, Y=-34.146
16.10 23:21:48 Moving is finished
16.10 23:25:14 Scanning 74 point from 322
16.10 23:25:14 Going to coordinates X=-26.917, Y=-34.146
16.10 23:25:14 Moving is finished
16.10 23:28:39 Scanning 75 point from 322
16.10 23:28:39 Going to coordinates X=-26.907, Y=-34.146
16.10 23:28:39 Moving is finished
16.10 23:32:04 Scanning 76 point from 322
16.10 23:32:04 Going to coordinates X=-26.897, Y=-34.146
16.10 23:32:04 Moving is finished
16.10 23:35:28 Scanning 77 point from 322
16.10 23:35:28 Going to coordinates X=-26.957, Y=-34.136
16.10 23:35:28 Moving is finished
16.10 23:38:53 Scanning 78 point from 322
16.10 23:38:53 Going to coordinates X=-26.947, Y=-34.136
16.10 23:38:53 Moving is finished
16.10 23:42:17 Scanning 79 point from 322
16.10 23:42:17 Going to coordinates X=-26.937, Y=-34.136
16.10 23:42:18 Moving is finished
16.10 23:45:42 Scanning 80 point from 322
16.10 23:45:42 Going to coordinates X=-26.927, Y=-34.136
16.10 23:45:42 Moving is finished
16.10 23:49:06 Scanning 81 point from 322
16.10 23:49:06 Going to coordinates X=-26.917, Y=-34.136
16.10 23:49:07 Moving is finished
16.10 23:52:31 Scanning 82 point from 322
16.10 23:52:31 Going to coordinates X=-26.907, Y=-34.136
16.10 23:52:31 Moving is finished
16.10 23:55:57 Scanning 83 point from 322
16.10 23:55:57 Going to coordinates X=-26.897, Y=-34.136
16.10 23:55:57 Moving is finished
16.10 23:59:22 Scanning 84 point from 322
16.10 23:59:22 Going to coordinates X=-26.957, Y=-34.126
16.10 23:59:22 Moving is finished
17.10 00:02:47 Scanning 85 point from 322
17.10 00:02:47 Going to coordinates X=-26.947, Y=-34.126
17.10 00:02:47 Moving is finished
17.10 00:06:11 Scanning 86 point from 322
17.10 00:06:11 Going to coordinates X=-26.937, Y=-34.126
17.10 00:06:11 Moving is finished
17.10 00:09:36 Scanning 87 point from 322
17.10 00:09:36 Going to coordinates X=-26.927, Y=-34.126
17.10 00:09:36 Moving is finished
17.10 00:13:03 Scanning 88 point from 322
17.10 00:13:03 Going to coordinates X=-26.917, Y=-34.126
17.10 00:13:03 Moving is finished
17.10 00:16:27 Scanning 89 point from 322
17.10 00:16:27 Going to coordinates X=-26.907, Y=-34.126
17.10 00:16:27 Moving is finished
17.10 00:19:52 Scanning 90 point from 322
17.10 00:19:52 Going to coordinates X=-26.897, Y=-34.126
17.10 00:19:52 Moving is finished
17.10 00:23:18 Scanning 91 point from 322
17.10 00:23:18 Going to coordinates X=-26.957, Y=-34.116
17.10 00:23:18 Moving is finished
17.10 00:26:43 Scanning 92 point from 322
17.10 00:26:43 Going to coordinates X=-26.947, Y=-34.116
17.10 00:26:43 Moving is finished
17.10 00:30:08 Scanning 93 point from 322
17.10 00:30:08 Going to coordinates X=-26.937, Y=-34.116
17.10 00:30:08 Moving is finished
17.10 00:33:34 Scanning 94 point from 322
17.10 00:33:34 Going to coordinates X=-26.927, Y=-34.116
17.10 00:33:34 Moving is finished
17.10 00:36:58 Scanning 95 point from 322
17.10 00:36:58 Going to coordinates X=-26.917, Y=-34.116
17.10 00:36:59 Moving is finished
17.10 00:40:23 Scanning 96 point from 322
17.10 00:40:23 Going to coordinates X=-26.907, Y=-34.116
17.10 00:40:23 Moving is finished
17.10 00:43:48 Scanning 97 point from 322
17.10 00:43:48 Going to coordinates X=-26.897, Y=-34.116
17.10 00:43:49 Moving is finished
17.10 00:47:13 Scanning 98 point from 322
17.10 00:47:13 Going to coordinates X=-26.957, Y=-34.106
17.10 00:47:14 Moving is finished
17.10 00:50:39 Scanning 99 point from 322
17.10 00:50:39 Going to coordinates X=-26.947, Y=-34.106
17.10 00:50:39 Moving is finished
17.10 00:54:05 Scanning 100 point from 322
17.10 00:54:05 Going to coordinates X=-26.937, Y=-34.106
17.10 00:54:05 Moving is finished
17.10 00:57:30 Scanning 101 point from 322
17.10 00:57:30 Going to coordinates X=-26.927, Y=-34.106
17.10 00:57:30 Moving is finished
17.10 01:00:56 Scanning 102 point from 322
17.10 01:00:56 Going to coordinates X=-26.917, Y=-34.106
17.10 01:00:56 Moving is finished
17.10 01:04:20 Scanning 103 point from 322
17.10 01:04:20 Going to coordinates X=-26.907, Y=-34.106
17.10 01:04:20 Moving is finished
17.10 01:07:45 Scanning 104 point from 322
17.10 01:07:45 Going to coordinates X=-26.897, Y=-34.106
17.10 01:07:45 Moving is finished
17.10 01:11:10 Scanning 105 point from 322
17.10 01:11:10 Going to coordinates X=-26.957, Y=-34.096
17.10 01:11:10 Moving is finished
17.10 01:14:35 Scanning 106 point from 322
17.10 01:14:35 Going to coordinates X=-26.947, Y=-34.096
17.10 01:14:35 Moving is finished
17.10 01:18:00 Scanning 107 point from 322
17.10 01:18:00 Going to coordinates X=-26.937, Y=-34.096
17.10 01:18:00 Moving is finished
17.10 01:21:25 Scanning 108 point from 322
17.10 01:21:25 Going to coordinates X=-26.927, Y=-34.096
17.10 01:21:25 Moving is finished
17.10 01:24:51 Scanning 109 point from 322
17.10 01:24:51 Going to coordinates X=-26.917, Y=-34.096
17.10 01:24:51 Moving is finished
17.10 01:28:16 Scanning 110 point from 322
17.10 01:28:16 Going to coordinates X=-26.907, Y=-34.096
17.10 01:28:16 Moving is finished
17.10 01:31:41 Scanning 111 point from 322
17.10 01:31:41 Going to coordinates X=-26.897, Y=-34.096
17.10 01:31:41 Moving is finished
17.10 01:35:05 Scanning 112 point from 322
17.10 01:35:05 Going to coordinates X=-26.957, Y=-34.086
17.10 01:35:06 Moving is finished
17.10 01:38:31 Scanning 113 point from 322
17.10 01:38:31 Going to coordinates X=-26.947, Y=-34.086
17.10 01:38:31 Moving is finished
17.10 01:41:56 Scanning 114 point from 322
17.10 01:41:56 Going to coordinates X=-26.937, Y=-34.086
17.10 01:41:56 Moving is finished
17.10 01:45:21 Scanning 115 point from 322
17.10 01:45:21 Going to coordinates X=-26.927, Y=-34.086
17.10 01:45:22 Moving is finished
17.10 01:48:47 Scanning 116 point from 322
17.10 01:48:47 Going to coordinates X=-26.917, Y=-34.086
17.10 01:48:47 Moving is finished
17.10 01:52:12 Scanning 117 point from 322
17.10 01:52:12 Going to coordinates X=-26.907, Y=-34.086
17.10 01:52:12 Moving is finished
17.10 01:55:37 Scanning 118 point from 322
17.10 01:55:37 Going to coordinates X=-26.897, Y=-34.086
17.10 01:55:37 Moving is finished
17.10 01:59:02 Scanning 119 point from 322
17.10 01:59:02 Going to coordinates X=-26.957, Y=-34.076
17.10 01:59:03 Moving is finished
17.10 02:02:27 Scanning 120 point from 322
17.10 02:02:27 Going to coordinates X=-26.947, Y=-34.076
17.10 02:02:28 Moving is finished
17.10 02:05:53 Scanning 121 point from 322
17.10 02:05:53 Going to coordinates X=-26.937, Y=-34.076
17.10 02:05:53 Moving is finished
17.10 02:09:18 Scanning 122 point from 322
17.10 02:09:18 Going to coordinates X=-26.927, Y=-34.076
17.10 02:09:18 Moving is finished
17.10 02:12:43 Scanning 123 point from 322
17.10 02:12:43 Going to coordinates X=-26.917, Y=-34.076
17.10 02:12:44 Moving is finished
17.10 02:16:08 Scanning 124 point from 322
17.10 02:16:08 Going to coordinates X=-26.907, Y=-34.076
17.10 02:16:08 Moving is finished
17.10 02:19:32 Scanning 125 point from 322
17.10 02:19:32 Going to coordinates X=-26.897, Y=-34.076
17.10 02:19:33 Moving is finished
17.10 02:22:58 Scanning 126 point from 322
17.10 02:22:58 Going to coordinates X=-26.957, Y=-34.066
17.10 02:22:58 Moving is finished
17.10 02:26:23 Scanning 127 point from 322
17.10 02:26:23 Going to coordinates X=-26.947, Y=-34.066
17.10 02:26:23 Moving is finished
17.10 02:29:47 Scanning 128 point from 322
17.10 02:29:47 Going to coordinates X=-26.937, Y=-34.066
17.10 02:29:48 Moving is finished
17.10 02:33:13 Scanning 129 point from 322
17.10 02:33:13 Going to coordinates X=-26.927, Y=-34.066
17.10 02:33:14 Moving is finished
17.10 02:36:38 Scanning 130 point from 322
17.10 02:36:38 Going to coordinates X=-26.917, Y=-34.066
17.10 02:36:38 Moving is finished
17.10 02:40:03 Scanning 131 point from 322
17.10 02:40:03 Going to coordinates X=-26.907, Y=-34.066
17.10 02:40:03 Moving is finished
17.10 02:43:27 Scanning 132 point from 322
17.10 02:43:27 Going to coordinates X=-26.897, Y=-34.066
17.10 02:43:28 Moving is finished
17.10 02:46:53 Scanning 133 point from 322
17.10 02:46:53 Going to coordinates X=-26.957, Y=-34.056
17.10 02:46:53 Moving is finished
17.10 02:50:18 Scanning 134 point from 322
17.10 02:50:18 Going to coordinates X=-26.947, Y=-34.056
17.10 02:50:18 Moving is finished
17.10 02:53:43 Scanning 135 point from 322
17.10 02:53:43 Going to coordinates X=-26.937, Y=-34.056
17.10 02:53:43 Moving is finished
17.10 02:57:08 Scanning 136 point from 322
17.10 02:57:08 Going to coordinates X=-26.927, Y=-34.056
17.10 02:57:08 Moving is finished
17.10 03:00:33 Scanning 137 point from 322
17.10 03:00:33 Going to coordinates X=-26.917, Y=-34.056
17.10 03:00:33 Moving is finished
17.10 03:03:58 Scanning 138 point from 322
17.10 03:03:58 Going to coordinates X=-26.907, Y=-34.056
17.10 03:03:58 Moving is finished
17.10 03:07:23 Scanning 139 point from 322
17.10 03:07:23 Going to coordinates X=-26.897, Y=-34.056
17.10 03:07:23 Moving is finished
17.10 03:10:48 Scanning 140 point from 322
17.10 03:10:48 Going to coordinates X=-26.957, Y=-34.046
17.10 03:10:48 Moving is finished
17.10 03:14:12 Scanning 141 point from 322
17.10 03:14:12 Going to coordinates X=-26.947, Y=-34.046
17.10 03:14:13 Moving is finished
17.10 03:17:37 Scanning 142 point from 322
17.10 03:17:37 Going to coordinates X=-26.937, Y=-34.046
17.10 03:17:37 Moving is finished
17.10 03:21:02 Scanning 143 point from 322
17.10 03:21:02 Going to coordinates X=-26.927, Y=-34.046
17.10 03:21:02 Moving is finished
17.10 03:24:27 Scanning 144 point from 322
17.10 03:24:27 Going to coordinates X=-26.917, Y=-34.046
17.10 03:24:27 Moving is finished
17.10 03:27:52 Scanning 145 point from 322
17.10 03:27:52 Going to coordinates X=-26.907, Y=-34.046
17.10 03:27:52 Moving is finished
17.10 03:31:17 Scanning 146 point from 322
17.10 03:31:17 Going to coordinates X=-26.897, Y=-34.046
17.10 03:31:17 Moving is finished
17.10 03:34:42 Scanning 147 point from 322
17.10 03:34:42 Going to coordinates X=-26.957, Y=-34.036
17.10 03:34:42 Moving is finished
17.10 03:38:07 Scanning 148 point from 322
17.10 03:38:07 Going to coordinates X=-26.947, Y=-34.036
17.10 03:38:08 Moving is finished
17.10 03:41:33 Scanning 149 point from 322
17.10 03:41:33 Going to coordinates X=-26.937, Y=-34.036
17.10 03:41:33 Moving is finished
17.10 03:44:58 Scanning 150 point from 322
17.10 03:44:58 Going to coordinates X=-26.927, Y=-34.036
17.10 03:44:58 Moving is finished
17.10 03:48:22 Scanning 151 point from 322
17.10 03:48:22 Going to coordinates X=-26.917, Y=-34.036
17.10 03:48:23 Moving is finished
17.10 03:51:48 Scanning 152 point from 322
17.10 03:51:48 Going to coordinates X=-26.907, Y=-34.036
17.10 03:51:48 Moving is finished
17.10 03:55:13 Scanning 153 point from 322
17.10 03:55:13 Going to coordinates X=-26.897, Y=-34.036
17.10 03:55:13 Moving is finished
17.10 03:58:37 Scanning 154 point from 322
17.10 03:58:37 Going to coordinates X=-26.957, Y=-34.026
17.10 03:58:38 Moving is finished
17.10 04:02:03 Scanning 155 point from 322
17.10 04:02:03 Going to coordinates X=-26.947, Y=-34.026
17.10 04:02:03 Moving is finished
17.10 04:05:28 Scanning 156 point from 322
17.10 04:05:28 Going to coordinates X=-26.937, Y=-34.026
17.10 04:05:28 Moving is finished
17.10 04:08:53 Scanning 157 point from 322
17.10 04:08:53 Going to coordinates X=-26.927, Y=-34.026
17.10 04:08:53 Moving is finished
17.10 04:12:17 Scanning 158 point from 322
17.10 04:12:17 Going to coordinates X=-26.917, Y=-34.026
17.10 04:12:17 Moving is finished
17.10 04:15:42 Scanning 159 point from 322
17.10 04:15:42 Going to coordinates X=-26.907, Y=-34.026
17.10 04:15:42 Moving is finished
17.10 04:19:07 Scanning 160 point from 322
17.10 04:19:07 Going to coordinates X=-26.897, Y=-34.026
17.10 04:19:07 Moving is finished
17.10 04:22:32 Scanning 161 point from 322
17.10 04:22:32 Going to coordinates X=-26.957, Y=-34.016
17.10 04:22:32 Moving is finished
17.10 04:25:57 Scanning 162 point from 322
17.10 04:25:57 Going to coordinates X=-26.947, Y=-34.016
17.10 04:25:57 Moving is finished
17.10 04:29:22 Scanning 163 point from 322
17.10 04:29:22 Going to coordinates X=-26.937, Y=-34.016
17.10 04:29:22 Moving is finished
17.10 04:32:48 Scanning 164 point from 322
17.10 04:32:48 Going to coordinates X=-26.927, Y=-34.016
17.10 04:32:48 Moving is finished
17.10 04:36:13 Scanning 165 point from 322
17.10 04:36:13 Going to coordinates X=-26.917, Y=-34.016
17.10 04:36:14 Moving is finished
17.10 04:39:38 Scanning 166 point from 322
17.10 04:39:38 Going to coordinates X=-26.907, Y=-34.016
17.10 04:39:38 Moving is finished
17.10 04:43:03 Scanning 167 point from 322
17.10 04:43:03 Going to coordinates X=-26.897, Y=-34.016
17.10 04:43:04 Moving is finished
17.10 04:46:28 Scanning 168 point from 322
17.10 04:46:28 Going to coordinates X=-26.957, Y=-34.006
17.10 04:46:29 Moving is finished
17.10 04:49:54 Scanning 169 point from 322
17.10 04:49:54 Going to coordinates X=-26.947, Y=-34.006
17.10 04:49:54 Moving is finished
17.10 04:53:19 Scanning 170 point from 322
17.10 04:53:19 Going to coordinates X=-26.937, Y=-34.006
17.10 04:53:19 Moving is finished
17.10 04:56:43 Scanning 171 point from 322
17.10 04:56:43 Going to coordinates X=-26.927, Y=-34.006
17.10 04:56:43 Moving is finished
17.10 05:00:08 Scanning 172 point from 322
17.10 05:00:08 Going to coordinates X=-26.917, Y=-34.006
17.10 05:00:08 Moving is finished
17.10 05:03:34 Scanning 173 point from 322
17.10 05:03:34 Going to coordinates X=-26.907, Y=-34.006
17.10 05:03:34 Moving is finished
17.10 05:06:58 Scanning 174 point from 322
17.10 05:06:58 Going to coordinates X=-26.897, Y=-34.006
17.10 05:06:58 Moving is finished
17.10 05:10:23 Scanning 175 point from 322
17.10 05:10:23 Going to coordinates X=-26.957, Y=-33.996
17.10 05:10:23 Moving is finished
17.10 05:13:49 Scanning 176 point from 322
17.10 05:13:49 Going to coordinates X=-26.947, Y=-33.996
17.10 05:13:49 Moving is finished
17.10 05:17:14 Scanning 177 point from 322
17.10 05:17:14 Going to coordinates X=-26.937, Y=-33.996
17.10 05:17:14 Moving is finished
17.10 05:20:38 Scanning 178 point from 322
17.10 05:20:38 Going to coordinates X=-26.927, Y=-33.996
17.10 05:20:38 Moving is finished
17.10 05:24:03 Scanning 179 point from 322
17.10 05:24:03 Going to coordinates X=-26.917, Y=-33.996
17.10 05:24:03 Moving is finished
17.10 05:27:28 Scanning 180 point from 322
17.10 05:27:28 Going to coordinates X=-26.907, Y=-33.996
17.10 05:27:28 Moving is finished
17.10 05:30:52 Scanning 181 point from 322
17.10 05:30:52 Going to coordinates X=-26.897, Y=-33.996
17.10 05:30:53 Moving is finished
17.10 05:34:17 Scanning 182 point from 322
17.10 05:34:17 Going to coordinates X=-26.957, Y=-33.986
17.10 05:34:18 Moving is finished
17.10 05:37:43 Scanning 183 point from 322
17.10 05:37:43 Going to coordinates X=-26.947, Y=-33.986
17.10 05:37:43 Moving is finished
17.10 05:41:07 Scanning 184 point from 322
17.10 05:41:07 Going to coordinates X=-26.937, Y=-33.986
17.10 05:41:08 Moving is finished
17.10 05:44:33 Scanning 185 point from 322
17.10 05:44:33 Going to coordinates X=-26.927, Y=-33.986
17.10 05:44:33 Moving is finished
17.10 05:47:57 Scanning 186 point from 322
17.10 05:47:57 Going to coordinates X=-26.917, Y=-33.986
17.10 05:47:57 Moving is finished
17.10 05:51:22 Scanning 187 point from 322
17.10 05:51:22 Going to coordinates X=-26.907, Y=-33.986
17.10 05:51:22 Moving is finished
17.10 05:54:46 Scanning 188 point from 322
17.10 05:54:46 Going to coordinates X=-26.897, Y=-33.986
17.10 05:54:47 Moving is finished
17.10 05:58:11 Scanning 189 point from 322
17.10 05:58:11 Going to coordinates X=-26.957, Y=-33.976
17.10 05:58:11 Moving is finished
17.10 06:01:37 Scanning 190 point from 322
17.10 06:01:37 Going to coordinates X=-26.947, Y=-33.976
17.10 06:01:37 Moving is finished
17.10 06:05:01 Scanning 191 point from 322
17.10 06:05:01 Going to coordinates X=-26.937, Y=-33.976
17.10 06:05:01 Moving is finished
17.10 06:08:27 Scanning 192 point from 322
17.10 06:08:27 Going to coordinates X=-26.927, Y=-33.976
17.10 06:08:27 Moving is finished
17.10 06:11:52 Scanning 193 point from 322
17.10 06:11:52 Going to coordinates X=-26.917, Y=-33.976
17.10 06:11:53 Moving is finished
17.10 06:15:18 Scanning 194 point from 322
17.10 06:15:18 Going to coordinates X=-26.907, Y=-33.976
17.10 06:15:18 Moving is finished
17.10 06:18:42 Scanning 195 point from 322
17.10 06:18:42 Going to coordinates X=-26.897, Y=-33.976
17.10 06:18:42 Moving is finished
17.10 06:22:07 Scanning 196 point from 322
17.10 06:22:07 Going to coordinates X=-26.957, Y=-33.966
17.10 06:22:08 Moving is finished
17.10 06:25:32 Scanning 197 point from 322
17.10 06:25:32 Going to coordinates X=-26.947, Y=-33.966
17.10 06:25:33 Moving is finished
17.10 06:28:57 Scanning 198 point from 322
17.10 06:28:57 Going to coordinates X=-26.937, Y=-33.966
17.10 06:28:57 Moving is finished
17.10 06:32:22 Scanning 199 point from 322
17.10 06:32:22 Going to coordinates X=-26.927, Y=-33.966
17.10 06:32:22 Moving is finished
17.10 06:35:47 Scanning 200 point from 322
17.10 06:35:47 Going to coordinates X=-26.917, Y=-33.966
17.10 06:35:47 Moving is finished
17.10 06:39:12 Scanning 201 point from 322
17.10 06:39:12 Going to coordinates X=-26.907, Y=-33.966
17.10 06:39:12 Moving is finished
17.10 06:42:37 Scanning 202 point from 322
17.10 06:42:37 Going to coordinates X=-26.897, Y=-33.966
17.10 06:42:37 Moving is finished
17.10 06:46:01 Scanning 203 point from 322
17.10 06:46:01 Going to coordinates X=-26.957, Y=-33.956
17.10 06:46:01 Moving is finished
17.10 06:49:26 Scanning 204 point from 322
17.10 06:49:26 Going to coordinates X=-26.947, Y=-33.956
17.10 06:49:26 Moving is finished
17.10 06:52:51 Scanning 205 point from 322
17.10 06:52:51 Going to coordinates X=-26.937, Y=-33.956
17.10 06:52:51 Moving is finished
17.10 06:56:16 Scanning 206 point from 322
17.10 06:56:16 Going to coordinates X=-26.927, Y=-33.956
17.10 06:56:16 Moving is finished
17.10 06:59:41 Scanning 207 point from 322
17.10 06:59:41 Going to coordinates X=-26.917, Y=-33.956
17.10 06:59:41 Moving is finished
17.10 07:03:07 Scanning 208 point from 322
17.10 07:03:07 Going to coordinates X=-26.907, Y=-33.956
17.10 07:03:07 Moving is finished
17.10 07:06:32 Scanning 209 point from 322
17.10 07:06:32 Going to coordinates X=-26.897, Y=-33.956
17.10 07:06:32 Moving is finished
17.10 07:09:56 Scanning 210 point from 322
17.10 07:09:56 Going to coordinates X=-26.957, Y=-33.946
17.10 07:09:57 Moving is finished
17.10 07:13:21 Scanning 211 point from 322
17.10 07:13:21 Going to coordinates X=-26.947, Y=-33.946
17.10 07:13:21 Moving is finished
17.10 07:16:46 Scanning 212 point from 322
17.10 07:16:46 Going to coordinates X=-26.937, Y=-33.946
17.10 07:16:46 Moving is finished
17.10 07:20:11 Scanning 213 point from 322
17.10 07:20:11 Going to coordinates X=-26.927, Y=-33.946
17.10 07:20:11 Moving is finished
17.10 07:23:36 Scanning 214 point from 322
17.10 07:23:36 Going to coordinates X=-26.917, Y=-33.946
17.10 07:23:36 Moving is finished
17.10 07:27:02 Scanning 215 point from 322
17.10 07:27:02 Going to coordinates X=-26.907, Y=-33.946
17.10 07:27:02 Moving is finished
17.10 07:30:27 Scanning 216 point from 322
17.10 07:30:27 Going to coordinates X=-26.897, Y=-33.946
17.10 07:30:27 Moving is finished
17.10 07:33:52 Scanning 217 point from 322
17.10 07:33:52 Going to coordinates X=-26.957, Y=-33.936
17.10 07:33:52 Moving is finished
17.10 07:37:17 Scanning 218 point from 322
17.10 07:37:17 Going to coordinates X=-26.947, Y=-33.936
17.10 07:37:17 Moving is finished
17.10 07:40:42 Scanning 219 point from 322
17.10 07:40:42 Going to coordinates X=-26.937, Y=-33.936
17.10 07:40:42 Moving is finished
17.10 07:44:07 Scanning 220 point from 322
17.10 07:44:07 Going to coordinates X=-26.927, Y=-33.936
17.10 07:44:08 Moving is finished
17.10 07:47:32 Scanning 221 point from 322
17.10 07:47:32 Going to coordinates X=-26.917, Y=-33.936
17.10 07:47:32 Moving is finished
17.10 07:52:34 Timeout of 300 seconds is reached, stopping current point...
17.10 07:52:39 Scanning 222 point from 322
17.10 07:52:39 Going to coordinates X=-26.907, Y=-33.936
17.10 07:52:39 Moving is finished
17.10 07:57:40 Timeout of 300 seconds is reached, stopping current point...
17.10 07:57:45 Scanning 223 point from 322
17.10 07:57:45 Going to coordinates X=-26.897, Y=-33.936
17.10 07:57:45 Moving is finished
17.10 08:02:46 Timeout of 300 seconds is reached, stopping current point...
17.10 08:02:51 Scanning 224 point from 322
17.10 08:02:51 Going to coordinates X=-26.957, Y=-33.926
17.10 08:02:52 Moving is finished
17.10 08:07:53 Timeout of 300 seconds is reached, stopping current point...
17.10 08:07:58 Scanning 225 point from 322
17.10 08:07:58 Going to coordinates X=-26.947, Y=-33.926
17.10 08:07:58 Moving is finished
17.10 08:12:59 Timeout of 300 seconds is reached, stopping current point...
17.10 08:13:04 Scanning 226 point from 322
17.10 08:13:04 Going to coordinates X=-26.937, Y=-33.926
17.10 08:13:04 Moving is finished
17.10 08:18:06 Timeout of 300 seconds is reached, stopping current point...
17.10 08:18:11 Scanning 227 point from 322
17.10 08:18:11 Going to coordinates X=-26.927, Y=-33.926
17.10 08:18:11 Moving is finished
17.10 08:23:12 Timeout of 300 seconds is reached, stopping current point...
17.10 08:23:17 Scanning 228 point from 322
17.10 08:23:17 Going to coordinates X=-26.917, Y=-33.926
17.10 08:23:17 Moving is finished
17.10 08:28:18 Timeout of 300 seconds is reached, stopping current point...
17.10 08:28:23 Scanning 229 point from 322
17.10 08:28:23 Going to coordinates X=-26.907, Y=-33.926
17.10 08:28:24 Moving is finished
17.10 08:33:25 Timeout of 300 seconds is reached, stopping current point...
17.10 08:33:30 Scanning 230 point from 322
17.10 08:33:30 Going to coordinates X=-26.897, Y=-33.926
17.10 08:33:30 Moving is finished
17.10 08:38:31 Timeout of 300 seconds is reached, stopping current point...
17.10 08:38:36 Scanning 231 point from 322
17.10 08:38:36 Going to coordinates X=-26.957, Y=-33.916
17.10 08:38:36 Moving is finished
17.10 08:43:38 Timeout of 300 seconds is reached, stopping current point...
17.10 08:43:43 Scanning 232 point from 322
17.10 08:43:43 Going to coordinates X=-26.947, Y=-33.916
17.10 08:43:43 Moving is finished
17.10 08:48:44 Timeout of 300 seconds is reached, stopping current point...
17.10 08:48:49 Scanning 233 point from 322
17.10 08:48:49 Going to coordinates X=-26.937, Y=-33.916
17.10 08:48:49 Moving is finished
17.10 08:53:50 Timeout of 300 seconds is reached, stopping current point...
17.10 08:53:55 Scanning 234 point from 322
17.10 08:53:55 Going to coordinates X=-26.927, Y=-33.916
17.10 08:53:56 Moving is finished
17.10 08:58:57 Timeout of 300 seconds is reached, stopping current point...
17.10 08:59:02 Scanning 235 point from 322
17.10 08:59:02 Going to coordinates X=-26.917, Y=-33.916
17.10 08:59:02 Moving is finished
17.10 09:04:03 Timeout of 300 seconds is reached, stopping current point...
17.10 09:04:08 Scanning 236 point from 322
17.10 09:04:08 Going to coordinates X=-26.907, Y=-33.916
17.10 09:04:08 Moving is finished
17.10 09:09:10 Timeout of 300 seconds is reached, stopping current point...
17.10 09:09:15 Scanning 237 point from 322
17.10 09:09:15 Going to coordinates X=-26.897, Y=-33.916
17.10 09:09:15 Moving is finished
17.10 09:14:16 Timeout of 300 seconds is reached, stopping current point...
17.10 09:14:21 Scanning 238 point from 322
17.10 09:14:21 Going to coordinates X=-26.957, Y=-33.906
17.10 09:14:21 Moving is finished
17.10 09:19:22 Timeout of 300 seconds is reached, stopping current point...
17.10 09:19:27 Scanning 239 point from 322
17.10 09:19:27 Going to coordinates X=-26.947, Y=-33.906
17.10 09:19:28 Moving is finished
17.10 09:24:40 Timeout of 300 seconds is reached, stopping current point...
17.10 09:24:45 Scanning 240 point from 322
17.10 09:24:45 Going to coordinates X=-26.937, Y=-33.906
17.10 09:24:45 Moving is finished
17.10 09:29:47 Timeout of 300 seconds is reached, stopping current point...
17.10 09:29:52 Scanning 241 point from 322
17.10 09:29:52 Going to coordinates X=-26.927, Y=-33.906
17.10 09:29:52 Moving is finished
17.10 09:30:11 Stopped!
