14.05 17:47:47 Initializing grbl...
14.05 17:47:48 Got the response: b''
14.05 17:52:15 Row 0: 14.05 17:52:15 Map: x1: -28.117, y1: -38.0, x2: -26.888, y2: -40.577, xres: 0.050, yres: 0.050, fname: M3
14.05 17:52:15 Scanning 0 point from 1378
14.05 17:52:15 Going to coordinates X=-28.117, Y=-40.577
14.05 17:52:15 Moving is finished
14.05 17:53:52 Scanning 1 point from 1378
14.05 17:53:52 Going to coordinates X=-28.067, Y=-40.577
14.05 17:53:52 Moving is finished
14.05 17:55:29 Scanning 2 point from 1378
14.05 17:55:29 Going to coordinates X=-28.017, Y=-40.577
14.05 17:55:29 Moving is finished
14.05 17:55:45 Could not find 'EZRaman Reader  V8.2.0 MV' in 'dict_keys([])'
14.05 17:55:50 Could not find 'EZRaman Reader  V8.2.0 MV' in 'dict_keys([])'
14.05 17:55:50 Scanning 3 point from 1378
14.05 17:55:50 Going to coordinates X=-27.967, Y=-40.577
14.05 17:55:51 Moving is finished
14.05 17:55:57 Could not find 'EZRaman Reader  V8.2.0 MV' in 'dict_keys([])'
14.05 17:56:02 Could not find 'EZRaman Reader  V8.2.0 MV' in 'dict_keys([])'
14.05 17:56:02 Scanning 4 point from 1378
14.05 17:56:02 Going to coordinates X=-27.917, Y=-40.577
14.05 17:56:02 Moving is finished
14.05 17:56:09 Could not find 'EZRaman Reader  V8.2.0 MV' in 'dict_keys([])'
14.05 17:56:14 Could not find 'EZRaman Reader  V8.2.0 MV' in 'dict_keys([])'
14.05 17:56:14 Scanning 5 point from 1378
14.05 17:56:14 Going to coordinates X=-27.867, Y=-40.577
14.05 17:56:14 Moving is finished
14.05 17:56:20 Could not find 'EZRaman Reader  V8.2.0 MV' in 'dict_keys([])'
14.05 17:56:26 Could not find 'EZRaman Reader  V8.2.0 MV' in 'dict_keys([])'
14.05 17:56:26 Scanning 6 point from 1378
14.05 17:56:26 Going to coordinates X=-27.817, Y=-40.577
14.05 17:56:27 Moving is finished
14.05 17:56:33 Could not find 'EZRaman Reader  V8.2.0 MV' in 'dict_keys([])'
14.05 17:56:39 Could not find 'EZRaman Reader  V8.2.0 MV' in 'dict_keys([])'
14.05 17:56:39 Scanning 7 point from 1378
14.05 17:56:39 Going to coordinates X=-27.767, Y=-40.577
14.05 17:56:39 Moving is finished
14.05 17:57:06 Scanning 8 point from 1378
14.05 17:57:06 Going to coordinates X=-27.717, Y=-40.577
14.05 17:57:06 Moving is finished
14.05 17:58:42 Scanning 9 point from 1378
14.05 17:58:42 Going to coordinates X=-27.667, Y=-40.577
14.05 17:58:43 Moving is finished
14.05 18:00:19 Scanning 10 point from 1378
14.05 18:00:19 Going to coordinates X=-27.617, Y=-40.577
14.05 18:00:19 Moving is finished
14.05 18:01:56 Scanning 11 point from 1378
14.05 18:01:56 Going to coordinates X=-27.567, Y=-40.577
14.05 18:01:56 Moving is finished
14.05 18:03:33 Scanning 12 point from 1378
14.05 18:03:33 Going to coordinates X=-27.517, Y=-40.577
14.05 18:03:33 Moving is finished
14.05 18:05:10 Scanning 13 point from 1378
14.05 18:05:10 Going to coordinates X=-27.467, Y=-40.577
14.05 18:05:10 Moving is finished
14.05 18:06:47 Scanning 14 point from 1378
14.05 18:06:47 Going to coordinates X=-27.417, Y=-40.577
14.05 18:06:47 Moving is finished
14.05 18:08:24 Scanning 15 point from 1378
14.05 18:08:24 Going to coordinates X=-27.367, Y=-40.577
14.05 18:08:24 Moving is finished
14.05 18:10:01 Scanning 16 point from 1378
14.05 18:10:01 Going to coordinates X=-27.317, Y=-40.577
14.05 18:10:01 Moving is finished
14.05 18:11:38 Scanning 17 point from 1378
14.05 18:11:38 Going to coordinates X=-27.267, Y=-40.577
14.05 18:11:38 Moving is finished
14.05 18:13:15 Scanning 18 point from 1378
14.05 18:13:15 Going to coordinates X=-27.217, Y=-40.577
14.05 18:13:15 Moving is finished
14.05 18:14:51 Scanning 19 point from 1378
14.05 18:14:51 Going to coordinates X=-27.167, Y=-40.577
14.05 18:14:52 Moving is finished
14.05 18:16:28 Scanning 20 point from 1378
14.05 18:16:28 Going to coordinates X=-27.117, Y=-40.577
14.05 18:16:28 Moving is finished
14.05 18:18:05 Scanning 21 point from 1378
14.05 18:18:05 Going to coordinates X=-27.067, Y=-40.577
14.05 18:18:05 Moving is finished
14.05 18:19:42 Scanning 22 point from 1378
14.05 18:19:42 Going to coordinates X=-27.017, Y=-40.577
14.05 18:19:42 Moving is finished
14.05 18:21:20 Scanning 23 point from 1378
14.05 18:21:20 Going to coordinates X=-26.967, Y=-40.577
14.05 18:21:20 Moving is finished
14.05 18:22:56 Scanning 24 point from 1378
14.05 18:22:56 Going to coordinates X=-26.917, Y=-40.577
14.05 18:22:56 Moving is finished
14.05 18:24:33 Scanning 25 point from 1378
14.05 18:24:33 Going to coordinates X=-26.867, Y=-40.577
14.05 18:24:33 Moving is finished
14.05 18:26:10 Scanning 26 point from 1378
14.05 18:26:10 Going to coordinates X=-28.117, Y=-40.527
14.05 18:26:10 Moving is finished
14.05 18:27:47 Scanning 27 point from 1378
14.05 18:27:47 Going to coordinates X=-28.067, Y=-40.527
14.05 18:27:47 Moving is finished
14.05 18:29:24 Scanning 28 point from 1378
14.05 18:29:24 Going to coordinates X=-28.017, Y=-40.527
14.05 18:29:24 Moving is finished
14.05 18:31:01 Scanning 29 point from 1378
14.05 18:31:01 Going to coordinates X=-27.967, Y=-40.527
14.05 18:31:01 Moving is finished
14.05 18:32:37 Scanning 30 point from 1378
14.05 18:32:37 Going to coordinates X=-27.917, Y=-40.527
14.05 18:32:37 Moving is finished
14.05 18:34:14 Scanning 31 point from 1378
14.05 18:34:14 Going to coordinates X=-27.867, Y=-40.527
14.05 18:34:14 Moving is finished
14.05 18:35:51 Scanning 32 point from 1378
14.05 18:35:51 Going to coordinates X=-27.817, Y=-40.527
14.05 18:35:51 Moving is finished
14.05 18:37:27 Scanning 33 point from 1378
14.05 18:37:27 Going to coordinates X=-27.767, Y=-40.527
14.05 18:37:28 Moving is finished
14.05 18:39:04 Scanning 34 point from 1378
14.05 18:39:04 Going to coordinates X=-27.717, Y=-40.527
14.05 18:39:05 Moving is finished
14.05 18:40:41 Scanning 35 point from 1378
14.05 18:40:41 Going to coordinates X=-27.667, Y=-40.527
14.05 18:40:41 Moving is finished
14.05 18:42:19 Scanning 36 point from 1378
14.05 18:42:19 Going to coordinates X=-27.617, Y=-40.527
14.05 18:42:19 Moving is finished
14.05 18:43:55 Scanning 37 point from 1378
14.05 18:43:55 Going to coordinates X=-27.567, Y=-40.527
14.05 18:43:55 Moving is finished
14.05 18:45:32 Scanning 38 point from 1378
14.05 18:45:32 Going to coordinates X=-27.517, Y=-40.527
14.05 18:45:32 Moving is finished
14.05 18:47:09 Scanning 39 point from 1378
14.05 18:47:09 Going to coordinates X=-27.467, Y=-40.527
14.05 18:47:09 Moving is finished
14.05 18:48:46 Scanning 40 point from 1378
14.05 18:48:46 Going to coordinates X=-27.417, Y=-40.527
14.05 18:48:46 Moving is finished
14.05 18:50:23 Scanning 41 point from 1378
14.05 18:50:23 Going to coordinates X=-27.367, Y=-40.527
14.05 18:50:23 Moving is finished
14.05 18:52:00 Scanning 42 point from 1378
14.05 18:52:00 Going to coordinates X=-27.317, Y=-40.527
14.05 18:52:00 Moving is finished
14.05 18:53:37 Scanning 43 point from 1378
14.05 18:53:37 Going to coordinates X=-27.267, Y=-40.527
14.05 18:53:37 Moving is finished
14.05 18:55:13 Scanning 44 point from 1378
14.05 18:55:13 Going to coordinates X=-27.217, Y=-40.527
14.05 18:55:13 Moving is finished
14.05 18:56:50 Scanning 45 point from 1378
14.05 18:56:50 Going to coordinates X=-27.167, Y=-40.527
14.05 18:56:50 Moving is finished
14.05 18:58:27 Scanning 46 point from 1378
14.05 18:58:27 Going to coordinates X=-27.117, Y=-40.527
14.05 18:58:27 Moving is finished
14.05 19:00:03 Scanning 47 point from 1378
14.05 19:00:03 Going to coordinates X=-27.067, Y=-40.527
14.05 19:00:04 Moving is finished
14.05 19:01:40 Scanning 48 point from 1378
14.05 19:01:40 Going to coordinates X=-27.017, Y=-40.527
14.05 19:01:40 Moving is finished
14.05 19:03:17 Scanning 49 point from 1378
14.05 19:03:17 Going to coordinates X=-26.967, Y=-40.527
14.05 19:03:17 Moving is finished
14.05 19:04:53 Scanning 50 point from 1378
14.05 19:04:53 Going to coordinates X=-26.917, Y=-40.527
14.05 19:04:54 Moving is finished
14.05 19:06:30 Scanning 51 point from 1378
14.05 19:06:30 Going to coordinates X=-26.867, Y=-40.527
14.05 19:06:30 Moving is finished
14.05 19:08:07 Scanning 52 point from 1378
14.05 19:08:07 Going to coordinates X=-28.117, Y=-40.477
14.05 19:08:08 Moving is finished
14.05 19:09:45 Scanning 53 point from 1378
14.05 19:09:45 Going to coordinates X=-28.067, Y=-40.477
14.05 19:09:45 Moving is finished
14.05 19:11:21 Scanning 54 point from 1378
14.05 19:11:21 Going to coordinates X=-28.017, Y=-40.477
14.05 19:11:22 Moving is finished
14.05 19:12:58 Scanning 55 point from 1378
14.05 19:12:58 Going to coordinates X=-27.967, Y=-40.477
14.05 19:12:58 Moving is finished
14.05 19:14:35 Scanning 56 point from 1378
14.05 19:14:35 Going to coordinates X=-27.917, Y=-40.477
14.05 19:14:35 Moving is finished
14.05 19:16:12 Scanning 57 point from 1378
14.05 19:16:12 Going to coordinates X=-27.867, Y=-40.477
14.05 19:16:12 Moving is finished
14.05 19:17:50 Scanning 58 point from 1378
14.05 19:17:50 Going to coordinates X=-27.817, Y=-40.477
14.05 19:17:50 Moving is finished
14.05 19:19:27 Scanning 59 point from 1378
14.05 19:19:27 Going to coordinates X=-27.767, Y=-40.477
14.05 19:19:27 Moving is finished
14.05 19:21:04 Scanning 60 point from 1378
14.05 19:21:04 Going to coordinates X=-27.717, Y=-40.477
14.05 19:21:04 Moving is finished
14.05 19:22:40 Scanning 61 point from 1378
14.05 19:22:40 Going to coordinates X=-27.667, Y=-40.477
14.05 19:22:41 Moving is finished
14.05 19:24:17 Scanning 62 point from 1378
14.05 19:24:17 Going to coordinates X=-27.617, Y=-40.477
14.05 19:24:17 Moving is finished
14.05 19:25:54 Scanning 63 point from 1378
14.05 19:25:54 Going to coordinates X=-27.567, Y=-40.477
14.05 19:25:54 Moving is finished
14.05 19:27:31 Scanning 64 point from 1378
14.05 19:27:31 Going to coordinates X=-27.517, Y=-40.477
14.05 19:27:31 Moving is finished
14.05 19:29:08 Scanning 65 point from 1378
14.05 19:29:08 Going to coordinates X=-27.467, Y=-40.477
14.05 19:29:08 Moving is finished
14.05 19:30:44 Scanning 66 point from 1378
14.05 19:30:44 Going to coordinates X=-27.417, Y=-40.477
14.05 19:30:45 Moving is finished
14.05 19:32:21 Scanning 67 point from 1378
14.05 19:32:21 Going to coordinates X=-27.367, Y=-40.477
14.05 19:32:21 Moving is finished
14.05 19:33:58 Scanning 68 point from 1378
14.05 19:33:58 Going to coordinates X=-27.317, Y=-40.477
14.05 19:33:58 Moving is finished
14.05 19:35:35 Scanning 69 point from 1378
14.05 19:35:35 Going to coordinates X=-27.267, Y=-40.477
14.05 19:35:35 Moving is finished
14.05 19:37:11 Scanning 70 point from 1378
14.05 19:37:11 Going to coordinates X=-27.217, Y=-40.477
14.05 19:37:11 Moving is finished
14.05 19:38:48 Scanning 71 point from 1378
14.05 19:38:48 Going to coordinates X=-27.167, Y=-40.477
14.05 19:38:48 Moving is finished
14.05 19:40:25 Scanning 72 point from 1378
14.05 19:40:25 Going to coordinates X=-27.117, Y=-40.477
14.05 19:40:25 Moving is finished
14.05 19:42:01 Scanning 73 point from 1378
14.05 19:42:01 Going to coordinates X=-27.067, Y=-40.477
14.05 19:42:02 Moving is finished
14.05 19:43:38 Scanning 74 point from 1378
14.05 19:43:38 Going to coordinates X=-27.017, Y=-40.477
14.05 19:43:38 Moving is finished
14.05 19:45:15 Scanning 75 point from 1378
14.05 19:45:15 Going to coordinates X=-26.967, Y=-40.477
14.05 19:45:16 Moving is finished
14.05 19:46:52 Scanning 76 point from 1378
14.05 19:46:52 Going to coordinates X=-26.917, Y=-40.477
14.05 19:46:52 Moving is finished
14.05 19:48:29 Scanning 77 point from 1378
14.05 19:48:29 Going to coordinates X=-26.867, Y=-40.477
14.05 19:48:29 Moving is finished
14.05 19:50:06 Scanning 78 point from 1378
14.05 19:50:06 Going to coordinates X=-28.117, Y=-40.427
14.05 19:50:06 Moving is finished
14.05 19:51:43 Scanning 79 point from 1378
14.05 19:51:43 Going to coordinates X=-28.067, Y=-40.427
14.05 19:51:43 Moving is finished
14.05 19:53:20 Scanning 80 point from 1378
14.05 19:53:20 Going to coordinates X=-28.017, Y=-40.427
14.05 19:53:20 Moving is finished
14.05 19:54:56 Scanning 81 point from 1378
14.05 19:54:56 Going to coordinates X=-27.967, Y=-40.427
14.05 19:54:57 Moving is finished
14.05 19:56:33 Scanning 82 point from 1378
14.05 19:56:33 Going to coordinates X=-27.917, Y=-40.427
14.05 19:56:33 Moving is finished
14.05 19:58:10 Scanning 83 point from 1378
14.05 19:58:10 Going to coordinates X=-27.867, Y=-40.427
14.05 19:58:10 Moving is finished
14.05 19:59:46 Scanning 84 point from 1378
14.05 19:59:46 Going to coordinates X=-27.817, Y=-40.427
14.05 19:59:46 Moving is finished
14.05 19:59:46 Status responce is malformed
14.05 19:59:46 list index out of range
14.05 20:01:23 Scanning 85 point from 1378
14.05 20:01:23 Going to coordinates X=-27.767, Y=-40.427
14.05 20:01:23 Moving is finished
14.05 20:03:00 Scanning 86 point from 1378
14.05 20:03:00 Going to coordinates X=-27.717, Y=-40.427
14.05 20:03:00 Moving is finished
14.05 20:04:36 Scanning 87 point from 1378
14.05 20:04:36 Going to coordinates X=-27.667, Y=-40.427
14.05 20:04:37 Moving is finished
14.05 20:06:13 Scanning 88 point from 1378
14.05 20:06:13 Going to coordinates X=-27.617, Y=-40.427
14.05 20:06:13 Moving is finished
14.05 20:07:50 Scanning 89 point from 1378
14.05 20:07:50 Going to coordinates X=-27.567, Y=-40.427
14.05 20:07:50 Moving is finished
14.05 20:09:27 Scanning 90 point from 1378
14.05 20:09:27 Going to coordinates X=-27.517, Y=-40.427
14.05 20:09:27 Moving is finished
14.05 20:11:03 Scanning 91 point from 1378
14.05 20:11:03 Going to coordinates X=-27.467, Y=-40.427
14.05 20:11:04 Moving is finished
14.05 20:12:40 Scanning 92 point from 1378
14.05 20:12:40 Going to coordinates X=-27.417, Y=-40.427
14.05 20:12:40 Moving is finished
14.05 20:14:17 Scanning 93 point from 1378
14.05 20:14:17 Going to coordinates X=-27.367, Y=-40.427
14.05 20:14:17 Moving is finished
14.05 20:15:53 Scanning 94 point from 1378
14.05 20:15:53 Going to coordinates X=-27.317, Y=-40.427
14.05 20:15:54 Moving is finished
14.05 20:17:30 Scanning 95 point from 1378
14.05 20:17:30 Going to coordinates X=-27.267, Y=-40.427
14.05 20:17:30 Moving is finished
14.05 20:19:07 Scanning 96 point from 1378
14.05 20:19:07 Going to coordinates X=-27.217, Y=-40.427
14.05 20:19:07 Moving is finished
14.05 20:20:43 Scanning 97 point from 1378
14.05 20:20:43 Going to coordinates X=-27.167, Y=-40.427
14.05 20:20:44 Moving is finished
14.05 20:22:20 Scanning 98 point from 1378
14.05 20:22:20 Going to coordinates X=-27.117, Y=-40.427
14.05 20:22:20 Moving is finished
14.05 20:23:57 Scanning 99 point from 1378
14.05 20:23:57 Going to coordinates X=-27.067, Y=-40.427
14.05 20:23:57 Moving is finished
14.05 20:25:33 Scanning 100 point from 1378
14.05 20:25:33 Going to coordinates X=-27.017, Y=-40.427
14.05 20:25:33 Moving is finished
14.05 20:27:10 Scanning 101 point from 1378
14.05 20:27:10 Going to coordinates X=-26.967, Y=-40.427
14.05 20:27:10 Moving is finished
14.05 20:28:47 Scanning 102 point from 1378
14.05 20:28:47 Going to coordinates X=-26.917, Y=-40.427
14.05 20:28:47 Moving is finished
14.05 20:30:23 Scanning 103 point from 1378
14.05 20:30:23 Going to coordinates X=-26.867, Y=-40.427
14.05 20:30:24 Moving is finished
14.05 20:32:00 Scanning 104 point from 1378
14.05 20:32:00 Going to coordinates X=-28.117, Y=-40.377
14.05 20:32:01 Moving is finished
14.05 20:33:37 Scanning 105 point from 1378
14.05 20:33:37 Going to coordinates X=-28.067, Y=-40.377
14.05 20:33:38 Moving is finished
14.05 20:35:14 Scanning 106 point from 1378
14.05 20:35:14 Going to coordinates X=-28.017, Y=-40.377
14.05 20:35:15 Moving is finished
14.05 20:36:51 Scanning 107 point from 1378
14.05 20:36:51 Going to coordinates X=-27.967, Y=-40.377
14.05 20:36:51 Moving is finished
14.05 20:38:28 Scanning 108 point from 1378
14.05 20:38:28 Going to coordinates X=-27.917, Y=-40.377
14.05 20:38:28 Moving is finished
14.05 20:40:05 Scanning 109 point from 1378
14.05 20:40:05 Going to coordinates X=-27.867, Y=-40.377
14.05 20:40:05 Moving is finished
14.05 20:41:42 Scanning 110 point from 1378
14.05 20:41:42 Going to coordinates X=-27.817, Y=-40.377
14.05 20:41:42 Moving is finished
14.05 20:43:18 Scanning 111 point from 1378
14.05 20:43:18 Going to coordinates X=-27.767, Y=-40.377
14.05 20:43:19 Moving is finished
14.05 20:44:55 Scanning 112 point from 1378
14.05 20:44:55 Going to coordinates X=-27.717, Y=-40.377
14.05 20:44:55 Moving is finished
14.05 20:46:31 Scanning 113 point from 1378
14.05 20:46:31 Going to coordinates X=-27.667, Y=-40.377
14.05 20:46:32 Moving is finished
14.05 20:48:08 Scanning 114 point from 1378
14.05 20:48:08 Going to coordinates X=-27.617, Y=-40.377
14.05 20:48:08 Moving is finished
14.05 20:49:45 Scanning 115 point from 1378
14.05 20:49:45 Going to coordinates X=-27.567, Y=-40.377
14.05 20:49:45 Moving is finished
14.05 20:51:21 Scanning 116 point from 1378
14.05 20:51:21 Going to coordinates X=-27.517, Y=-40.377
14.05 20:51:22 Moving is finished
14.05 20:52:58 Scanning 117 point from 1378
14.05 20:52:58 Going to coordinates X=-27.467, Y=-40.377
14.05 20:52:58 Moving is finished
14.05 20:54:35 Scanning 118 point from 1378
14.05 20:54:35 Going to coordinates X=-27.417, Y=-40.377
14.05 20:54:35 Moving is finished
14.05 20:56:11 Scanning 119 point from 1378
14.05 20:56:11 Going to coordinates X=-27.367, Y=-40.377
14.05 20:56:12 Moving is finished
14.05 20:57:48 Scanning 120 point from 1378
14.05 20:57:48 Going to coordinates X=-27.317, Y=-40.377
14.05 20:57:48 Moving is finished
14.05 20:59:25 Scanning 121 point from 1378
14.05 20:59:25 Going to coordinates X=-27.267, Y=-40.377
14.05 20:59:25 Moving is finished
14.05 21:01:02 Scanning 122 point from 1378
14.05 21:01:02 Going to coordinates X=-27.217, Y=-40.377
14.05 21:01:02 Moving is finished
14.05 21:02:39 Scanning 123 point from 1378
14.05 21:02:39 Going to coordinates X=-27.167, Y=-40.377
14.05 21:02:39 Moving is finished
14.05 21:04:15 Scanning 124 point from 1378
14.05 21:04:15 Going to coordinates X=-27.117, Y=-40.377
14.05 21:04:15 Moving is finished
14.05 21:05:52 Scanning 125 point from 1378
14.05 21:05:52 Going to coordinates X=-27.067, Y=-40.377
14.05 21:05:52 Moving is finished
14.05 21:07:29 Scanning 126 point from 1378
14.05 21:07:29 Going to coordinates X=-27.017, Y=-40.377
14.05 21:07:29 Moving is finished
14.05 21:09:05 Scanning 127 point from 1378
14.05 21:09:05 Going to coordinates X=-26.967, Y=-40.377
14.05 21:09:06 Moving is finished
14.05 21:10:42 Scanning 128 point from 1378
14.05 21:10:42 Going to coordinates X=-26.917, Y=-40.377
14.05 21:10:42 Moving is finished
14.05 21:12:18 Scanning 129 point from 1378
14.05 21:12:18 Going to coordinates X=-26.867, Y=-40.377
14.05 21:12:19 Moving is finished
14.05 21:13:55 Scanning 130 point from 1378
14.05 21:13:55 Going to coordinates X=-28.117, Y=-40.327
14.05 21:13:56 Moving is finished
14.05 21:15:32 Scanning 131 point from 1378
14.05 21:15:32 Going to coordinates X=-28.067, Y=-40.327
14.05 21:15:33 Moving is finished
14.05 21:17:09 Scanning 132 point from 1378
14.05 21:17:09 Going to coordinates X=-28.017, Y=-40.327
14.05 21:17:09 Moving is finished
14.05 21:18:46 Scanning 133 point from 1378
14.05 21:18:46 Going to coordinates X=-27.967, Y=-40.327
14.05 21:18:46 Moving is finished
14.05 21:20:22 Scanning 134 point from 1378
14.05 21:20:22 Going to coordinates X=-27.917, Y=-40.327
14.05 21:20:23 Moving is finished
14.05 21:21:59 Scanning 135 point from 1378
14.05 21:21:59 Going to coordinates X=-27.867, Y=-40.327
14.05 21:21:59 Moving is finished
14.05 21:23:36 Scanning 136 point from 1378
14.05 21:23:36 Going to coordinates X=-27.817, Y=-40.327
14.05 21:23:36 Moving is finished
14.05 21:25:13 Scanning 137 point from 1378
14.05 21:25:13 Going to coordinates X=-27.767, Y=-40.327
14.05 21:25:13 Moving is finished
14.05 21:26:50 Scanning 138 point from 1378
14.05 21:26:50 Going to coordinates X=-27.717, Y=-40.327
14.05 21:26:50 Moving is finished
14.05 21:28:26 Scanning 139 point from 1378
14.05 21:28:26 Going to coordinates X=-27.667, Y=-40.327
14.05 21:28:27 Moving is finished
14.05 21:30:03 Scanning 140 point from 1378
14.05 21:30:03 Going to coordinates X=-27.617, Y=-40.327
14.05 21:30:03 Moving is finished
14.05 21:31:40 Scanning 141 point from 1378
14.05 21:31:40 Going to coordinates X=-27.567, Y=-40.327
14.05 21:31:40 Moving is finished
14.05 21:33:17 Scanning 142 point from 1378
14.05 21:33:17 Going to coordinates X=-27.517, Y=-40.327
14.05 21:33:17 Moving is finished
14.05 21:34:54 Scanning 143 point from 1378
14.05 21:34:54 Going to coordinates X=-27.467, Y=-40.327
14.05 21:34:54 Moving is finished
14.05 21:36:31 Scanning 144 point from 1378
14.05 21:36:31 Going to coordinates X=-27.417, Y=-40.327
14.05 21:36:31 Moving is finished
14.05 21:38:07 Scanning 145 point from 1378
14.05 21:38:07 Going to coordinates X=-27.367, Y=-40.327
14.05 21:38:08 Moving is finished
14.05 21:39:44 Scanning 146 point from 1378
14.05 21:39:44 Going to coordinates X=-27.317, Y=-40.327
14.05 21:39:44 Moving is finished
14.05 21:41:21 Scanning 147 point from 1378
14.05 21:41:21 Going to coordinates X=-27.267, Y=-40.327
14.05 21:41:21 Moving is finished
14.05 21:42:57 Scanning 148 point from 1378
14.05 21:42:57 Going to coordinates X=-27.217, Y=-40.327
14.05 21:42:58 Moving is finished
14.05 21:44:34 Scanning 149 point from 1378
14.05 21:44:34 Going to coordinates X=-27.167, Y=-40.327
14.05 21:44:34 Moving is finished
14.05 21:46:11 Scanning 150 point from 1378
14.05 21:46:11 Going to coordinates X=-27.117, Y=-40.327
14.05 21:46:11 Moving is finished
14.05 21:47:47 Scanning 151 point from 1378
14.05 21:47:47 Going to coordinates X=-27.067, Y=-40.327
14.05 21:47:48 Moving is finished
14.05 21:49:24 Scanning 152 point from 1378
14.05 21:49:24 Going to coordinates X=-27.017, Y=-40.327
14.05 21:49:24 Moving is finished
14.05 21:51:01 Scanning 153 point from 1378
14.05 21:51:01 Going to coordinates X=-26.967, Y=-40.327
14.05 21:51:01 Moving is finished
14.05 21:52:38 Scanning 154 point from 1378
14.05 21:52:38 Going to coordinates X=-26.917, Y=-40.327
14.05 21:52:38 Moving is finished
14.05 21:54:15 Scanning 155 point from 1378
14.05 21:54:15 Going to coordinates X=-26.867, Y=-40.327
14.05 21:54:15 Moving is finished
14.05 21:55:52 Scanning 156 point from 1378
14.05 21:55:52 Going to coordinates X=-28.117, Y=-40.277
14.05 21:55:53 Moving is finished
14.05 21:57:29 Scanning 157 point from 1378
14.05 21:57:29 Going to coordinates X=-28.067, Y=-40.277
14.05 21:57:30 Moving is finished
14.05 21:59:06 Scanning 158 point from 1378
14.05 21:59:06 Going to coordinates X=-28.017, Y=-40.277
14.05 21:59:06 Moving is finished
14.05 22:00:43 Scanning 159 point from 1378
14.05 22:00:43 Going to coordinates X=-27.967, Y=-40.277
14.05 22:00:43 Moving is finished
14.05 22:02:19 Scanning 160 point from 1378
14.05 22:02:19 Going to coordinates X=-27.917, Y=-40.277
14.05 22:02:19 Moving is finished
14.05 22:03:56 Scanning 161 point from 1378
14.05 22:03:56 Going to coordinates X=-27.867, Y=-40.277
14.05 22:03:56 Moving is finished
14.05 22:05:33 Scanning 162 point from 1378
14.05 22:05:33 Going to coordinates X=-27.817, Y=-40.277
14.05 22:05:33 Moving is finished
14.05 22:07:09 Scanning 163 point from 1378
14.05 22:07:09 Going to coordinates X=-27.767, Y=-40.277
14.05 22:07:10 Moving is finished
14.05 22:08:46 Scanning 164 point from 1378
14.05 22:08:46 Going to coordinates X=-27.717, Y=-40.277
14.05 22:08:46 Moving is finished
14.05 22:10:23 Scanning 165 point from 1378
14.05 22:10:23 Going to coordinates X=-27.667, Y=-40.277
14.05 22:10:23 Moving is finished
14.05 22:11:59 Scanning 166 point from 1378
14.05 22:11:59 Going to coordinates X=-27.617, Y=-40.277
14.05 22:12:00 Moving is finished
14.05 22:13:36 Scanning 167 point from 1378
14.05 22:13:36 Going to coordinates X=-27.567, Y=-40.277
14.05 22:13:36 Moving is finished
14.05 22:15:13 Scanning 168 point from 1378
14.05 22:15:13 Going to coordinates X=-27.517, Y=-40.277
14.05 22:15:13 Moving is finished
14.05 22:16:50 Scanning 169 point from 1378
14.05 22:16:50 Going to coordinates X=-27.467, Y=-40.277
14.05 22:16:50 Moving is finished
14.05 22:18:26 Scanning 170 point from 1378
14.05 22:18:26 Going to coordinates X=-27.417, Y=-40.277
14.05 22:18:27 Moving is finished
14.05 22:20:03 Scanning 171 point from 1378
14.05 22:20:03 Going to coordinates X=-27.367, Y=-40.277
14.05 22:20:04 Moving is finished
14.05 22:21:40 Scanning 172 point from 1378
14.05 22:21:40 Going to coordinates X=-27.317, Y=-40.277
14.05 22:21:40 Moving is finished
14.05 22:23:17 Scanning 173 point from 1378
14.05 22:23:17 Going to coordinates X=-27.267, Y=-40.277
14.05 22:23:17 Moving is finished
14.05 22:24:54 Scanning 174 point from 1378
14.05 22:24:54 Going to coordinates X=-27.217, Y=-40.277
14.05 22:24:54 Moving is finished
14.05 22:26:31 Scanning 175 point from 1378
14.05 22:26:31 Going to coordinates X=-27.167, Y=-40.277
14.05 22:26:31 Moving is finished
14.05 22:28:07 Scanning 176 point from 1378
14.05 22:28:07 Going to coordinates X=-27.117, Y=-40.277
14.05 22:28:08 Moving is finished
14.05 22:29:44 Scanning 177 point from 1378
14.05 22:29:44 Going to coordinates X=-27.067, Y=-40.277
14.05 22:29:44 Moving is finished
14.05 22:31:21 Scanning 178 point from 1378
14.05 22:31:21 Going to coordinates X=-27.017, Y=-40.277
14.05 22:31:21 Moving is finished
14.05 22:32:57 Scanning 179 point from 1378
14.05 22:32:57 Going to coordinates X=-26.967, Y=-40.277
14.05 22:32:58 Moving is finished
14.05 22:34:34 Scanning 180 point from 1378
14.05 22:34:34 Going to coordinates X=-26.917, Y=-40.277
14.05 22:34:34 Moving is finished
14.05 22:36:12 Scanning 181 point from 1378
14.05 22:36:12 Going to coordinates X=-26.867, Y=-40.277
14.05 22:36:12 Moving is finished
14.05 22:37:49 Scanning 182 point from 1378
14.05 22:37:49 Going to coordinates X=-28.117, Y=-40.227
14.05 22:37:50 Moving is finished
14.05 22:39:26 Scanning 183 point from 1378
14.05 22:39:26 Going to coordinates X=-28.067, Y=-40.227
14.05 22:39:26 Moving is finished
14.05 22:41:03 Scanning 184 point from 1378
14.05 22:41:03 Going to coordinates X=-28.017, Y=-40.227
14.05 22:41:03 Moving is finished
14.05 22:42:39 Scanning 185 point from 1378
14.05 22:42:39 Going to coordinates X=-27.967, Y=-40.227
14.05 22:42:39 Moving is finished
14.05 22:44:16 Scanning 186 point from 1378
14.05 22:44:16 Going to coordinates X=-27.917, Y=-40.227
14.05 22:44:16 Moving is finished
14.05 22:45:53 Scanning 187 point from 1378
14.05 22:45:53 Going to coordinates X=-27.867, Y=-40.227
14.05 22:45:53 Moving is finished
14.05 22:47:29 Scanning 188 point from 1378
14.05 22:47:29 Going to coordinates X=-27.817, Y=-40.227
14.05 22:47:30 Moving is finished
14.05 22:49:06 Scanning 189 point from 1378
14.05 22:49:06 Going to coordinates X=-27.767, Y=-40.227
14.05 22:49:06 Moving is finished
14.05 22:50:43 Scanning 190 point from 1378
14.05 22:50:43 Going to coordinates X=-27.717, Y=-40.227
14.05 22:50:43 Moving is finished
14.05 22:52:20 Scanning 191 point from 1378
14.05 22:52:20 Going to coordinates X=-27.667, Y=-40.227
14.05 22:52:20 Moving is finished
14.05 22:53:56 Scanning 192 point from 1378
14.05 22:53:56 Going to coordinates X=-27.617, Y=-40.227
14.05 22:53:57 Moving is finished
14.05 22:55:33 Scanning 193 point from 1378
14.05 22:55:33 Going to coordinates X=-27.567, Y=-40.227
14.05 22:55:33 Moving is finished
14.05 22:57:09 Scanning 194 point from 1378
14.05 22:57:09 Going to coordinates X=-27.517, Y=-40.227
14.05 22:57:09 Moving is finished
14.05 22:58:46 Scanning 195 point from 1378
14.05 22:58:46 Going to coordinates X=-27.467, Y=-40.227
14.05 22:58:46 Moving is finished
14.05 23:00:22 Scanning 196 point from 1378
14.05 23:00:23 Going to coordinates X=-27.417, Y=-40.227
14.05 23:00:23 Moving is finished
14.05 23:02:00 Scanning 197 point from 1378
14.05 23:02:00 Going to coordinates X=-27.367, Y=-40.227
14.05 23:02:00 Moving is finished
14.05 23:03:36 Scanning 198 point from 1378
14.05 23:03:36 Going to coordinates X=-27.317, Y=-40.227
14.05 23:03:37 Moving is finished
14.05 23:05:14 Scanning 199 point from 1378
14.05 23:05:14 Going to coordinates X=-27.267, Y=-40.227
14.05 23:05:14 Moving is finished
14.05 23:06:50 Scanning 200 point from 1378
14.05 23:06:50 Going to coordinates X=-27.217, Y=-40.227
14.05 23:06:51 Moving is finished
14.05 23:08:27 Scanning 201 point from 1378
14.05 23:08:27 Going to coordinates X=-27.167, Y=-40.227
14.05 23:08:27 Moving is finished
14.05 23:10:04 Scanning 202 point from 1378
14.05 23:10:04 Going to coordinates X=-27.117, Y=-40.227
14.05 23:10:04 Moving is finished
14.05 23:11:41 Scanning 203 point from 1378
14.05 23:11:41 Going to coordinates X=-27.067, Y=-40.227
14.05 23:11:41 Moving is finished
14.05 23:13:18 Scanning 204 point from 1378
14.05 23:13:18 Going to coordinates X=-27.017, Y=-40.227
14.05 23:13:18 Moving is finished
14.05 23:14:55 Scanning 205 point from 1378
14.05 23:14:55 Going to coordinates X=-26.967, Y=-40.227
14.05 23:14:55 Moving is finished
14.05 23:16:31 Scanning 206 point from 1378
14.05 23:16:31 Going to coordinates X=-26.917, Y=-40.227
14.05 23:16:31 Moving is finished
14.05 23:18:08 Scanning 207 point from 1378
14.05 23:18:08 Going to coordinates X=-26.867, Y=-40.227
14.05 23:18:08 Moving is finished
14.05 23:19:45 Scanning 208 point from 1378
14.05 23:19:45 Going to coordinates X=-28.117, Y=-40.177
14.05 23:19:46 Moving is finished
14.05 23:21:22 Scanning 209 point from 1378
14.05 23:21:22 Going to coordinates X=-28.067, Y=-40.177
14.05 23:21:22 Moving is finished
14.05 23:22:59 Scanning 210 point from 1378
14.05 23:22:59 Going to coordinates X=-28.017, Y=-40.177
14.05 23:22:59 Moving is finished
14.05 23:24:36 Scanning 211 point from 1378
14.05 23:24:36 Going to coordinates X=-27.967, Y=-40.177
14.05 23:24:36 Moving is finished
14.05 23:26:14 Scanning 212 point from 1378
14.05 23:26:14 Going to coordinates X=-27.917, Y=-40.177
14.05 23:26:14 Moving is finished
14.05 23:27:51 Scanning 213 point from 1378
14.05 23:27:51 Going to coordinates X=-27.867, Y=-40.177
14.05 23:27:51 Moving is finished
14.05 23:29:28 Scanning 214 point from 1378
14.05 23:29:28 Going to coordinates X=-27.817, Y=-40.177
14.05 23:29:28 Moving is finished
14.05 23:31:05 Scanning 215 point from 1378
14.05 23:31:05 Going to coordinates X=-27.767, Y=-40.177
14.05 23:31:05 Moving is finished
14.05 23:32:42 Scanning 216 point from 1378
14.05 23:32:42 Going to coordinates X=-27.717, Y=-40.177
14.05 23:32:43 Moving is finished
14.05 23:34:19 Scanning 217 point from 1378
14.05 23:34:19 Going to coordinates X=-27.667, Y=-40.177
14.05 23:34:19 Moving is finished
14.05 23:35:56 Scanning 218 point from 1378
14.05 23:35:56 Going to coordinates X=-27.617, Y=-40.177
14.05 23:35:56 Moving is finished
14.05 23:37:33 Scanning 219 point from 1378
14.05 23:37:33 Going to coordinates X=-27.567, Y=-40.177
14.05 23:37:33 Moving is finished
14.05 23:39:10 Scanning 220 point from 1378
14.05 23:39:10 Going to coordinates X=-27.517, Y=-40.177
14.05 23:39:10 Moving is finished
14.05 23:40:47 Scanning 221 point from 1378
14.05 23:40:47 Going to coordinates X=-27.467, Y=-40.177
14.05 23:40:47 Moving is finished
14.05 23:42:24 Scanning 222 point from 1378
14.05 23:42:24 Going to coordinates X=-27.417, Y=-40.177
14.05 23:42:24 Moving is finished
14.05 23:44:01 Scanning 223 point from 1378
14.05 23:44:01 Going to coordinates X=-27.367, Y=-40.177
14.05 23:44:01 Moving is finished
14.05 23:45:37 Scanning 224 point from 1378
14.05 23:45:37 Going to coordinates X=-27.317, Y=-40.177
14.05 23:45:37 Moving is finished
14.05 23:47:14 Scanning 225 point from 1378
14.05 23:47:14 Going to coordinates X=-27.267, Y=-40.177
14.05 23:47:14 Moving is finished
14.05 23:48:51 Scanning 226 point from 1378
14.05 23:48:51 Going to coordinates X=-27.217, Y=-40.177
14.05 23:48:51 Moving is finished
14.05 23:50:28 Scanning 227 point from 1378
14.05 23:50:28 Going to coordinates X=-27.167, Y=-40.177
14.05 23:50:28 Moving is finished
14.05 23:52:04 Scanning 228 point from 1378
14.05 23:52:04 Going to coordinates X=-27.117, Y=-40.177
14.05 23:52:05 Moving is finished
14.05 23:53:41 Scanning 229 point from 1378
14.05 23:53:41 Going to coordinates X=-27.067, Y=-40.177
14.05 23:53:41 Moving is finished
14.05 23:55:18 Scanning 230 point from 1378
14.05 23:55:18 Going to coordinates X=-27.017, Y=-40.177
14.05 23:55:18 Moving is finished
14.05 23:56:55 Scanning 231 point from 1378
14.05 23:56:55 Going to coordinates X=-26.967, Y=-40.177
14.05 23:56:55 Moving is finished
14.05 23:58:32 Scanning 232 point from 1378
14.05 23:58:32 Going to coordinates X=-26.917, Y=-40.177
14.05 23:58:32 Moving is finished
15.05 00:00:08 Scanning 233 point from 1378
15.05 00:00:08 Going to coordinates X=-26.867, Y=-40.177
15.05 00:00:09 Moving is finished
15.05 00:01:45 Scanning 234 point from 1378
15.05 00:01:45 Going to coordinates X=-28.117, Y=-40.127
15.05 00:01:46 Moving is finished
15.05 00:03:22 Scanning 235 point from 1378
15.05 00:03:22 Going to coordinates X=-28.067, Y=-40.127
15.05 00:03:23 Moving is finished
15.05 00:04:59 Scanning 236 point from 1378
15.05 00:04:59 Going to coordinates X=-28.017, Y=-40.127
15.05 00:05:00 Moving is finished
15.05 00:06:36 Scanning 237 point from 1378
15.05 00:06:36 Going to coordinates X=-27.967, Y=-40.127
15.05 00:06:37 Moving is finished
15.05 00:08:13 Scanning 238 point from 1378
15.05 00:08:13 Going to coordinates X=-27.917, Y=-40.127
15.05 00:08:13 Moving is finished
15.05 00:09:50 Scanning 239 point from 1378
15.05 00:09:50 Going to coordinates X=-27.867, Y=-40.127
15.05 00:09:50 Moving is finished
15.05 00:11:27 Scanning 240 point from 1378
15.05 00:11:27 Going to coordinates X=-27.817, Y=-40.127
15.05 00:11:27 Moving is finished
15.05 00:13:04 Scanning 241 point from 1378
15.05 00:13:04 Going to coordinates X=-27.767, Y=-40.127
15.05 00:13:05 Moving is finished
15.05 00:14:41 Scanning 242 point from 1378
15.05 00:14:41 Going to coordinates X=-27.717, Y=-40.127
15.05 00:14:41 Moving is finished
15.05 00:16:18 Scanning 243 point from 1378
15.05 00:16:18 Going to coordinates X=-27.667, Y=-40.127
15.05 00:16:19 Moving is finished
15.05 00:17:56 Scanning 244 point from 1378
15.05 00:17:56 Going to coordinates X=-27.617, Y=-40.127
15.05 00:17:56 Moving is finished
15.05 00:19:32 Scanning 245 point from 1378
15.05 00:19:32 Going to coordinates X=-27.567, Y=-40.127
15.05 00:19:33 Moving is finished
15.05 00:21:09 Scanning 246 point from 1378
15.05 00:21:09 Going to coordinates X=-27.517, Y=-40.127
15.05 00:21:10 Moving is finished
15.05 00:22:46 Scanning 247 point from 1378
15.05 00:22:46 Going to coordinates X=-27.467, Y=-40.127
15.05 00:22:46 Moving is finished
15.05 00:24:23 Scanning 248 point from 1378
15.05 00:24:23 Going to coordinates X=-27.417, Y=-40.127
15.05 00:24:23 Moving is finished
15.05 00:26:00 Scanning 249 point from 1378
15.05 00:26:00 Going to coordinates X=-27.367, Y=-40.127
15.05 00:26:00 Moving is finished
15.05 00:27:36 Scanning 250 point from 1378
15.05 00:27:36 Going to coordinates X=-27.317, Y=-40.127
15.05 00:27:37 Moving is finished
15.05 00:29:13 Scanning 251 point from 1378
15.05 00:29:13 Going to coordinates X=-27.267, Y=-40.127
15.05 00:29:13 Moving is finished
15.05 00:30:50 Scanning 252 point from 1378
15.05 00:30:50 Going to coordinates X=-27.217, Y=-40.127
15.05 00:30:50 Moving is finished
15.05 00:32:27 Scanning 253 point from 1378
15.05 00:32:27 Going to coordinates X=-27.167, Y=-40.127
15.05 00:32:28 Moving is finished
15.05 00:34:04 Scanning 254 point from 1378
15.05 00:34:04 Going to coordinates X=-27.117, Y=-40.127
15.05 00:34:05 Moving is finished
15.05 00:35:41 Scanning 255 point from 1378
15.05 00:35:41 Going to coordinates X=-27.067, Y=-40.127
15.05 00:35:41 Moving is finished
15.05 00:37:18 Scanning 256 point from 1378
15.05 00:37:18 Going to coordinates X=-27.017, Y=-40.127
15.05 00:37:18 Moving is finished
15.05 00:38:54 Scanning 257 point from 1378
15.05 00:38:54 Going to coordinates X=-26.967, Y=-40.127
15.05 00:38:55 Moving is finished
15.05 00:40:31 Scanning 258 point from 1378
15.05 00:40:31 Going to coordinates X=-26.917, Y=-40.127
15.05 00:40:31 Moving is finished
15.05 00:42:08 Scanning 259 point from 1378
15.05 00:42:08 Going to coordinates X=-26.867, Y=-40.127
15.05 00:42:08 Moving is finished
15.05 00:43:44 Scanning 260 point from 1378
15.05 00:43:44 Going to coordinates X=-28.117, Y=-40.077
15.05 00:43:45 Moving is finished
15.05 00:45:22 Scanning 261 point from 1378
15.05 00:45:22 Going to coordinates X=-28.067, Y=-40.077
15.05 00:45:22 Moving is finished
15.05 00:46:58 Scanning 262 point from 1378
15.05 00:46:58 Going to coordinates X=-28.017, Y=-40.077
15.05 00:46:59 Moving is finished
15.05 00:48:35 Scanning 263 point from 1378
15.05 00:48:35 Going to coordinates X=-27.967, Y=-40.077
15.05 00:48:35 Moving is finished
15.05 00:50:12 Scanning 264 point from 1378
15.05 00:50:12 Going to coordinates X=-27.917, Y=-40.077
15.05 00:50:12 Moving is finished
15.05 00:51:49 Scanning 265 point from 1378
15.05 00:51:49 Going to coordinates X=-27.867, Y=-40.077
15.05 00:51:49 Moving is finished
15.05 00:53:25 Scanning 266 point from 1378
15.05 00:53:25 Going to coordinates X=-27.817, Y=-40.077
15.05 00:53:26 Moving is finished
15.05 00:55:02 Scanning 267 point from 1378
15.05 00:55:02 Going to coordinates X=-27.767, Y=-40.077
15.05 00:55:03 Moving is finished
15.05 00:56:39 Scanning 268 point from 1378
15.05 00:56:39 Going to coordinates X=-27.717, Y=-40.077
15.05 00:56:39 Moving is finished
15.05 00:58:16 Scanning 269 point from 1378
15.05 00:58:16 Going to coordinates X=-27.667, Y=-40.077
15.05 00:58:16 Moving is finished
15.05 00:59:53 Scanning 270 point from 1378
15.05 00:59:53 Going to coordinates X=-27.617, Y=-40.077
15.05 00:59:53 Moving is finished
15.05 01:01:29 Scanning 271 point from 1378
15.05 01:01:29 Going to coordinates X=-27.567, Y=-40.077
15.05 01:01:30 Moving is finished
15.05 01:03:06 Scanning 272 point from 1378
15.05 01:03:06 Going to coordinates X=-27.517, Y=-40.077
15.05 01:03:06 Moving is finished
15.05 01:04:43 Scanning 273 point from 1378
15.05 01:04:43 Going to coordinates X=-27.467, Y=-40.077
15.05 01:04:43 Moving is finished
15.05 01:06:20 Scanning 274 point from 1378
15.05 01:06:20 Going to coordinates X=-27.417, Y=-40.077
15.05 01:06:20 Moving is finished
15.05 01:07:57 Scanning 275 point from 1378
15.05 01:07:57 Going to coordinates X=-27.367, Y=-40.077
15.05 01:07:57 Moving is finished
15.05 01:09:34 Scanning 276 point from 1378
15.05 01:09:34 Going to coordinates X=-27.317, Y=-40.077
15.05 01:09:34 Moving is finished
15.05 01:11:11 Scanning 277 point from 1378
15.05 01:11:11 Going to coordinates X=-27.267, Y=-40.077
15.05 01:11:12 Moving is finished
15.05 01:12:49 Scanning 278 point from 1378
15.05 01:12:49 Going to coordinates X=-27.217, Y=-40.077
15.05 01:12:49 Moving is finished
15.05 01:14:25 Scanning 279 point from 1378
15.05 01:14:25 Going to coordinates X=-27.167, Y=-40.077
15.05 01:14:26 Moving is finished
15.05 01:16:02 Scanning 280 point from 1378
15.05 01:16:02 Going to coordinates X=-27.117, Y=-40.077
15.05 01:16:02 Moving is finished
15.05 01:17:39 Scanning 281 point from 1378
15.05 01:17:39 Going to coordinates X=-27.067, Y=-40.077
15.05 01:17:39 Moving is finished
15.05 01:19:16 Scanning 282 point from 1378
15.05 01:19:16 Going to coordinates X=-27.017, Y=-40.077
15.05 01:19:16 Moving is finished
15.05 01:20:52 Scanning 283 point from 1378
15.05 01:20:52 Going to coordinates X=-26.967, Y=-40.077
15.05 01:20:53 Moving is finished
15.05 01:22:29 Scanning 284 point from 1378
15.05 01:22:29 Going to coordinates X=-26.917, Y=-40.077
15.05 01:22:29 Moving is finished
15.05 01:24:06 Scanning 285 point from 1378
15.05 01:24:06 Going to coordinates X=-26.867, Y=-40.077
15.05 01:24:06 Moving is finished
15.05 01:25:43 Scanning 286 point from 1378
15.05 01:25:43 Going to coordinates X=-28.117, Y=-40.027
15.05 01:25:43 Moving is finished
15.05 01:27:20 Scanning 287 point from 1378
15.05 01:27:20 Going to coordinates X=-28.067, Y=-40.027
15.05 01:27:20 Moving is finished
15.05 01:28:57 Scanning 288 point from 1378
15.05 01:28:57 Going to coordinates X=-28.017, Y=-40.027
15.05 01:28:57 Moving is finished
15.05 01:30:34 Scanning 289 point from 1378
15.05 01:30:34 Going to coordinates X=-27.967, Y=-40.027
15.05 01:30:34 Moving is finished
15.05 01:32:11 Scanning 290 point from 1378
15.05 01:32:11 Going to coordinates X=-27.917, Y=-40.027
15.05 01:32:11 Moving is finished
15.05 01:33:48 Scanning 291 point from 1378
15.05 01:33:48 Going to coordinates X=-27.867, Y=-40.027
15.05 01:33:48 Moving is finished
15.05 01:35:25 Scanning 292 point from 1378
15.05 01:35:25 Going to coordinates X=-27.817, Y=-40.027
15.05 01:35:25 Moving is finished
15.05 01:37:02 Scanning 293 point from 1378
15.05 01:37:02 Going to coordinates X=-27.767, Y=-40.027
15.05 01:37:02 Moving is finished
15.05 01:38:39 Scanning 294 point from 1378
15.05 01:38:39 Going to coordinates X=-27.717, Y=-40.027
15.05 01:38:39 Moving is finished
15.05 01:40:15 Scanning 295 point from 1378
15.05 01:40:15 Going to coordinates X=-27.667, Y=-40.027
15.05 01:40:16 Moving is finished
15.05 01:41:53 Scanning 296 point from 1378
15.05 01:41:53 Going to coordinates X=-27.617, Y=-40.027
15.05 01:41:53 Moving is finished
15.05 01:43:31 Scanning 297 point from 1378
15.05 01:43:31 Going to coordinates X=-27.567, Y=-40.027
15.05 01:43:31 Moving is finished
15.05 01:45:08 Scanning 298 point from 1378
15.05 01:45:08 Going to coordinates X=-27.517, Y=-40.027
15.05 01:45:08 Moving is finished
15.05 01:46:45 Scanning 299 point from 1378
15.05 01:46:45 Going to coordinates X=-27.467, Y=-40.027
15.05 01:46:45 Moving is finished
15.05 01:48:21 Scanning 300 point from 1378
15.05 01:48:21 Going to coordinates X=-27.417, Y=-40.027
15.05 01:48:22 Moving is finished
15.05 01:49:58 Scanning 301 point from 1378
15.05 01:49:58 Going to coordinates X=-27.367, Y=-40.027
15.05 01:49:59 Moving is finished
15.05 01:51:35 Scanning 302 point from 1378
15.05 01:51:35 Going to coordinates X=-27.317, Y=-40.027
15.05 01:51:36 Moving is finished
15.05 01:53:12 Scanning 303 point from 1378
15.05 01:53:12 Going to coordinates X=-27.267, Y=-40.027
15.05 01:53:12 Moving is finished
15.05 01:54:49 Scanning 304 point from 1378
15.05 01:54:49 Going to coordinates X=-27.217, Y=-40.027
15.05 01:54:49 Moving is finished
15.05 01:56:25 Scanning 305 point from 1378
15.05 01:56:25 Going to coordinates X=-27.167, Y=-40.027
15.05 01:56:25 Moving is finished
15.05 01:58:02 Scanning 306 point from 1378
15.05 01:58:02 Going to coordinates X=-27.117, Y=-40.027
15.05 01:58:02 Moving is finished
15.05 01:59:39 Scanning 307 point from 1378
15.05 01:59:39 Going to coordinates X=-27.067, Y=-40.027
15.05 01:59:39 Moving is finished
15.05 02:01:16 Scanning 308 point from 1378
15.05 02:01:16 Going to coordinates X=-27.017, Y=-40.027
15.05 02:01:16 Moving is finished
15.05 02:02:52 Scanning 309 point from 1378
15.05 02:02:52 Going to coordinates X=-26.967, Y=-40.027
15.05 02:02:53 Moving is finished
15.05 02:04:29 Scanning 310 point from 1378
15.05 02:04:29 Going to coordinates X=-26.917, Y=-40.027
15.05 02:04:29 Moving is finished
15.05 02:06:06 Scanning 311 point from 1378
15.05 02:06:06 Going to coordinates X=-26.867, Y=-40.027
15.05 02:06:06 Moving is finished
15.05 02:07:44 Scanning 312 point from 1378
15.05 02:07:44 Going to coordinates X=-28.117, Y=-39.977
15.05 02:07:44 Moving is finished
15.05 02:09:21 Scanning 313 point from 1378
15.05 02:09:21 Going to coordinates X=-28.067, Y=-39.977
15.05 02:09:21 Moving is finished
15.05 02:10:58 Scanning 314 point from 1378
15.05 02:10:58 Going to coordinates X=-28.017, Y=-39.977
15.05 02:10:58 Moving is finished
15.05 02:12:34 Scanning 315 point from 1378
15.05 02:12:34 Going to coordinates X=-27.967, Y=-39.977
15.05 02:12:35 Moving is finished
15.05 02:14:11 Scanning 316 point from 1378
15.05 02:14:11 Going to coordinates X=-27.917, Y=-39.977
15.05 02:14:11 Moving is finished
15.05 02:15:48 Scanning 317 point from 1378
15.05 02:15:48 Going to coordinates X=-27.867, Y=-39.977
15.05 02:15:48 Moving is finished
15.05 02:17:25 Scanning 318 point from 1378
15.05 02:17:25 Going to coordinates X=-27.817, Y=-39.977
15.05 02:17:25 Moving is finished
15.05 02:19:02 Scanning 319 point from 1378
15.05 02:19:02 Going to coordinates X=-27.767, Y=-39.977
15.05 02:19:02 Moving is finished
15.05 02:20:39 Scanning 320 point from 1378
15.05 02:20:39 Going to coordinates X=-27.717, Y=-39.977
15.05 02:20:39 Moving is finished
15.05 02:22:16 Scanning 321 point from 1378
15.05 02:22:16 Going to coordinates X=-27.667, Y=-39.977
15.05 02:22:16 Moving is finished
15.05 02:23:53 Scanning 322 point from 1378
15.05 02:23:53 Going to coordinates X=-27.617, Y=-39.977
15.05 02:23:53 Moving is finished
15.05 02:25:30 Scanning 323 point from 1378
15.05 02:25:30 Going to coordinates X=-27.567, Y=-39.977
15.05 02:25:30 Moving is finished
15.05 02:27:07 Scanning 324 point from 1378
15.05 02:27:07 Going to coordinates X=-27.517, Y=-39.977
15.05 02:27:07 Moving is finished
15.05 02:28:43 Scanning 325 point from 1378
15.05 02:28:43 Going to coordinates X=-27.467, Y=-39.977
15.05 02:28:43 Moving is finished
15.05 02:30:20 Scanning 326 point from 1378
15.05 02:30:20 Going to coordinates X=-27.417, Y=-39.977
15.05 02:30:20 Moving is finished
15.05 02:31:57 Scanning 327 point from 1378
15.05 02:31:57 Going to coordinates X=-27.367, Y=-39.977
15.05 02:31:57 Moving is finished
15.05 02:33:34 Scanning 328 point from 1378
15.05 02:33:34 Going to coordinates X=-27.317, Y=-39.977
15.05 02:33:34 Moving is finished
15.05 02:35:11 Scanning 329 point from 1378
15.05 02:35:11 Going to coordinates X=-27.267, Y=-39.977
15.05 02:35:11 Moving is finished
15.05 02:36:49 Scanning 330 point from 1378
15.05 02:36:49 Going to coordinates X=-27.217, Y=-39.977
15.05 02:36:49 Moving is finished
15.05 02:38:25 Scanning 331 point from 1378
15.05 02:38:25 Going to coordinates X=-27.167, Y=-39.977
15.05 02:38:26 Moving is finished
15.05 02:40:02 Scanning 332 point from 1378
15.05 02:40:02 Going to coordinates X=-27.117, Y=-39.977
15.05 02:40:03 Moving is finished
15.05 02:41:39 Scanning 333 point from 1378
15.05 02:41:39 Going to coordinates X=-27.067, Y=-39.977
15.05 02:41:39 Moving is finished
15.05 02:43:16 Scanning 334 point from 1378
15.05 02:43:16 Going to coordinates X=-27.017, Y=-39.977
15.05 02:43:16 Moving is finished
15.05 02:44:53 Scanning 335 point from 1378
15.05 02:44:53 Going to coordinates X=-26.967, Y=-39.977
15.05 02:44:54 Moving is finished
15.05 02:46:30 Scanning 336 point from 1378
15.05 02:46:30 Going to coordinates X=-26.917, Y=-39.977
15.05 02:46:30 Moving is finished
15.05 02:48:07 Scanning 337 point from 1378
15.05 02:48:07 Going to coordinates X=-26.867, Y=-39.977
15.05 02:48:07 Moving is finished
15.05 02:49:44 Scanning 338 point from 1378
15.05 02:49:44 Going to coordinates X=-28.117, Y=-39.927
15.05 02:49:45 Moving is finished
15.05 02:51:21 Scanning 339 point from 1378
15.05 02:51:21 Going to coordinates X=-28.067, Y=-39.927
15.05 02:51:21 Moving is finished
15.05 02:52:58 Scanning 340 point from 1378
15.05 02:52:58 Going to coordinates X=-28.017, Y=-39.927
15.05 02:52:58 Moving is finished
15.05 02:54:34 Scanning 341 point from 1378
15.05 02:54:34 Going to coordinates X=-27.967, Y=-39.927
15.05 02:54:34 Moving is finished
15.05 02:56:12 Scanning 342 point from 1378
15.05 02:56:12 Going to coordinates X=-27.917, Y=-39.927
15.05 02:56:12 Moving is finished
15.05 02:57:49 Scanning 343 point from 1378
15.05 02:57:49 Going to coordinates X=-27.867, Y=-39.927
15.05 02:57:49 Moving is finished
15.05 02:59:26 Scanning 344 point from 1378
15.05 02:59:26 Going to coordinates X=-27.817, Y=-39.927
15.05 02:59:26 Moving is finished
15.05 03:01:03 Scanning 345 point from 1378
15.05 03:01:03 Going to coordinates X=-27.767, Y=-39.927
15.05 03:01:03 Moving is finished
15.05 03:02:39 Scanning 346 point from 1378
15.05 03:02:39 Going to coordinates X=-27.717, Y=-39.927
15.05 03:02:40 Moving is finished
15.05 03:04:16 Scanning 347 point from 1378
15.05 03:04:16 Going to coordinates X=-27.667, Y=-39.927
15.05 03:04:16 Moving is finished
15.05 03:05:52 Scanning 348 point from 1378
15.05 03:05:52 Going to coordinates X=-27.617, Y=-39.927
15.05 03:05:53 Moving is finished
15.05 03:07:29 Scanning 349 point from 1378
15.05 03:07:29 Going to coordinates X=-27.567, Y=-39.927
15.05 03:07:29 Moving is finished
15.05 03:09:05 Scanning 350 point from 1378
15.05 03:09:05 Going to coordinates X=-27.517, Y=-39.927
15.05 03:09:05 Moving is finished
15.05 03:10:41 Scanning 351 point from 1378
15.05 03:10:41 Going to coordinates X=-27.467, Y=-39.927
15.05 03:10:41 Moving is finished
15.05 03:12:17 Scanning 352 point from 1378
15.05 03:12:17 Going to coordinates X=-27.417, Y=-39.927
15.05 03:12:17 Moving is finished
15.05 03:13:53 Scanning 353 point from 1378
15.05 03:13:53 Going to coordinates X=-27.367, Y=-39.927
15.05 03:13:53 Moving is finished
15.05 03:15:29 Scanning 354 point from 1378
15.05 03:15:29 Going to coordinates X=-27.317, Y=-39.927
15.05 03:15:30 Moving is finished
15.05 03:17:05 Scanning 355 point from 1378
15.05 03:17:05 Going to coordinates X=-27.267, Y=-39.927
15.05 03:17:06 Moving is finished
15.05 03:18:41 Scanning 356 point from 1378
15.05 03:18:41 Going to coordinates X=-27.217, Y=-39.927
15.05 03:18:42 Moving is finished
15.05 03:20:18 Scanning 357 point from 1378
15.05 03:20:18 Going to coordinates X=-27.167, Y=-39.927
15.05 03:20:18 Moving is finished
15.05 03:21:54 Scanning 358 point from 1378
15.05 03:21:54 Going to coordinates X=-27.117, Y=-39.927
15.05 03:21:55 Moving is finished
