18.12 18:29:47 Initializing grbl...
18.12 18:29:48 Got the response: b''
18.12 18:31:17 Row 0: 18.12 18:31:17 Map: x1: -12.317, y1: -39.456, x2: -11.019, y2: -40.605, xres: 0.050, yres: 0.100, fname: DVD-M2-1
18.12 18:31:17 Scanning 0 point from 351
18.12 18:31:17 Going to coordinates X=-12.317, Y=-40.605
18.12 18:31:18 Moving is finished
18.12 18:33:03 Scanning 1 point from 351
18.12 18:33:03 Going to coordinates X=-12.267, Y=-40.605
18.12 18:33:03 Moving is finished
18.12 18:34:47 Scanning 2 point from 351
18.12 18:34:47 Going to coordinates X=-12.217, Y=-40.605
18.12 18:34:47 Moving is finished
18.12 18:36:32 Scanning 3 point from 351
18.12 18:36:32 Going to coordinates X=-12.167, Y=-40.605
18.12 18:36:33 Moving is finished
18.12 18:38:17 Scanning 4 point from 351
18.12 18:38:17 Going to coordinates X=-12.117, Y=-40.605
18.12 18:38:17 Moving is finished
18.12 18:40:02 Scanning 5 point from 351
18.12 18:40:02 Going to coordinates X=-12.067, Y=-40.605
18.12 18:40:02 Moving is finished
18.12 18:41:11 Scanning 6 point from 351
18.12 18:41:11 Paused
18.12 18:41:21 Going to coordinates X=-12.017, Y=-40.605
18.12 18:41:21 Moving is finished
18.12 18:43:05 Scanning 7 point from 351
18.12 18:43:05 Going to coordinates X=-11.967, Y=-40.605
18.12 18:43:06 Moving is finished
18.12 18:44:51 Scanning 8 point from 351
18.12 18:44:51 Going to coordinates X=-11.917, Y=-40.605
18.12 18:44:51 Moving is finished
18.12 18:46:36 Scanning 9 point from 351
18.12 18:46:36 Going to coordinates X=-11.867, Y=-40.605
18.12 18:46:36 Moving is finished
18.12 18:48:21 Scanning 10 point from 351
18.12 18:48:21 Going to coordinates X=-11.817, Y=-40.605
18.12 18:48:21 Moving is finished
18.12 18:50:05 Scanning 11 point from 351
18.12 18:50:05 Going to coordinates X=-11.767, Y=-40.605
18.12 18:50:05 Moving is finished
18.12 18:51:50 Scanning 12 point from 351
18.12 18:51:50 Going to coordinates X=-11.717, Y=-40.605
18.12 18:51:50 Moving is finished
18.12 18:53:34 Scanning 13 point from 351
18.12 18:53:34 Going to coordinates X=-11.667, Y=-40.605
18.12 18:53:35 Moving is finished
18.12 18:55:20 Scanning 14 point from 351
18.12 18:55:20 Going to coordinates X=-11.617, Y=-40.605
18.12 18:55:20 Moving is finished
18.12 18:57:04 Scanning 15 point from 351
18.12 18:57:04 Going to coordinates X=-11.567, Y=-40.605
18.12 18:57:04 Moving is finished
18.12 18:58:49 Scanning 16 point from 351
18.12 18:58:49 Going to coordinates X=-11.517, Y=-40.605
18.12 18:58:49 Moving is finished
18.12 19:00:34 Scanning 17 point from 351
18.12 19:00:34 Going to coordinates X=-11.467, Y=-40.605
18.12 19:00:34 Moving is finished
18.12 19:02:19 Scanning 18 point from 351
18.12 19:02:19 Going to coordinates X=-11.417, Y=-40.605
18.12 19:02:19 Moving is finished
18.12 19:04:04 Scanning 19 point from 351
18.12 19:04:04 Going to coordinates X=-11.367, Y=-40.605
18.12 19:04:04 Moving is finished
18.12 19:05:48 Scanning 20 point from 351
18.12 19:05:48 Going to coordinates X=-11.317, Y=-40.605
18.12 19:05:49 Moving is finished
18.12 19:07:34 Scanning 21 point from 351
18.12 19:07:34 Going to coordinates X=-11.267, Y=-40.605
18.12 19:07:34 Moving is finished
18.12 19:09:19 Scanning 22 point from 351
18.12 19:09:19 Going to coordinates X=-11.217, Y=-40.605
18.12 19:09:19 Moving is finished
18.12 19:11:04 Scanning 23 point from 351
18.12 19:11:04 Going to coordinates X=-11.167, Y=-40.605
18.12 19:11:04 Moving is finished
18.12 19:12:49 Scanning 24 point from 351
18.12 19:12:49 Going to coordinates X=-11.117, Y=-40.605
18.12 19:12:49 Moving is finished
18.12 19:14:34 Scanning 25 point from 351
18.12 19:14:34 Going to coordinates X=-11.067, Y=-40.605
18.12 19:14:34 Moving is finished
18.12 19:16:19 Scanning 26 point from 351
18.12 19:16:19 Going to coordinates X=-11.017, Y=-40.605
18.12 19:16:19 Moving is finished
18.12 19:18:04 Scanning 27 point from 351
18.12 19:18:04 Going to coordinates X=-12.317, Y=-40.505
18.12 19:18:05 Moving is finished
18.12 19:19:49 Scanning 28 point from 351
18.12 19:19:49 Going to coordinates X=-12.267, Y=-40.505
18.12 19:19:49 Moving is finished
18.12 19:21:34 Scanning 29 point from 351
18.12 19:21:34 Going to coordinates X=-12.217, Y=-40.505
18.12 19:21:35 Moving is finished
18.12 19:23:20 Scanning 30 point from 351
18.12 19:23:20 Going to coordinates X=-12.167, Y=-40.505
18.12 19:23:20 Moving is finished
18.12 19:25:04 Scanning 31 point from 351
18.12 19:25:04 Going to coordinates X=-12.117, Y=-40.505
18.12 19:25:05 Moving is finished
18.12 19:26:50 Scanning 32 point from 351
18.12 19:26:50 Going to coordinates X=-12.067, Y=-40.505
18.12 19:26:50 Moving is finished
18.12 19:28:35 Scanning 33 point from 351
18.12 19:28:35 Going to coordinates X=-12.017, Y=-40.505
18.12 19:28:35 Moving is finished
18.12 19:30:20 Scanning 34 point from 351
18.12 19:30:20 Going to coordinates X=-11.967, Y=-40.505
18.12 19:30:20 Moving is finished
18.12 19:32:05 Scanning 35 point from 351
18.12 19:32:05 Going to coordinates X=-11.917, Y=-40.505
18.12 19:32:05 Moving is finished
18.12 19:33:50 Scanning 36 point from 351
18.12 19:33:50 Going to coordinates X=-11.867, Y=-40.505
18.12 19:33:50 Moving is finished
18.12 19:35:34 Scanning 37 point from 351
18.12 19:35:34 Going to coordinates X=-11.817, Y=-40.505
18.12 19:35:34 Moving is finished
18.12 19:37:19 Scanning 38 point from 351
18.12 19:37:19 Going to coordinates X=-11.767, Y=-40.505
18.12 19:37:19 Moving is finished
18.12 19:39:04 Scanning 39 point from 351
18.12 19:39:04 Going to coordinates X=-11.717, Y=-40.505
18.12 19:39:05 Moving is finished
18.12 19:40:50 Scanning 40 point from 351
18.12 19:40:50 Going to coordinates X=-11.667, Y=-40.505
18.12 19:40:50 Moving is finished
18.12 19:42:35 Scanning 41 point from 351
18.12 19:42:35 Going to coordinates X=-11.617, Y=-40.505
18.12 19:42:35 Moving is finished
18.12 19:44:19 Scanning 42 point from 351
18.12 19:44:19 Going to coordinates X=-11.567, Y=-40.505
18.12 19:44:19 Moving is finished
18.12 19:46:04 Scanning 43 point from 351
18.12 19:46:04 Going to coordinates X=-11.517, Y=-40.505
18.12 19:46:05 Moving is finished
18.12 19:47:49 Scanning 44 point from 351
18.12 19:47:49 Going to coordinates X=-11.467, Y=-40.505
18.12 19:47:50 Moving is finished
18.12 19:49:34 Scanning 45 point from 351
18.12 19:49:34 Going to coordinates X=-11.417, Y=-40.505
18.12 19:49:35 Moving is finished
18.12 19:51:19 Scanning 46 point from 351
18.12 19:51:19 Going to coordinates X=-11.367, Y=-40.505
18.12 19:51:20 Moving is finished
18.12 19:53:04 Scanning 47 point from 351
18.12 19:53:04 Going to coordinates X=-11.317, Y=-40.505
18.12 19:53:05 Moving is finished
18.12 19:54:50 Scanning 48 point from 351
18.12 19:54:50 Going to coordinates X=-11.267, Y=-40.505
18.12 19:54:50 Moving is finished
18.12 19:56:35 Scanning 49 point from 351
18.12 19:56:35 Going to coordinates X=-11.217, Y=-40.505
18.12 19:56:35 Moving is finished
18.12 19:58:20 Scanning 50 point from 351
18.12 19:58:20 Going to coordinates X=-11.167, Y=-40.505
18.12 19:58:20 Moving is finished
18.12 20:00:05 Scanning 51 point from 351
18.12 20:00:05 Going to coordinates X=-11.117, Y=-40.505
18.12 20:00:05 Moving is finished
18.12 20:01:50 Scanning 52 point from 351
18.12 20:01:50 Going to coordinates X=-11.067, Y=-40.505
18.12 20:01:50 Moving is finished
18.12 20:03:35 Scanning 53 point from 351
18.12 20:03:35 Going to coordinates X=-11.017, Y=-40.505
18.12 20:03:35 Moving is finished
18.12 20:05:20 Scanning 54 point from 351
18.12 20:05:20 Going to coordinates X=-12.317, Y=-40.405
18.12 20:05:21 Moving is finished
18.12 20:07:06 Scanning 55 point from 351
18.12 20:07:06 Going to coordinates X=-12.267, Y=-40.405
18.12 20:07:06 Moving is finished
18.12 20:08:51 Scanning 56 point from 351
18.12 20:08:51 Going to coordinates X=-12.217, Y=-40.405
18.12 20:08:52 Moving is finished
18.12 20:10:36 Scanning 57 point from 351
18.12 20:10:36 Going to coordinates X=-12.167, Y=-40.405
18.12 20:10:37 Moving is finished
18.12 20:12:21 Scanning 58 point from 351
18.12 20:12:21 Going to coordinates X=-12.117, Y=-40.405
18.12 20:12:21 Moving is finished
18.12 20:14:06 Scanning 59 point from 351
18.12 20:14:06 Going to coordinates X=-12.067, Y=-40.405
18.12 20:14:06 Moving is finished
18.12 20:15:51 Scanning 60 point from 351
18.12 20:15:51 Going to coordinates X=-12.017, Y=-40.405
18.12 20:15:51 Moving is finished
18.12 20:17:36 Scanning 61 point from 351
18.12 20:17:36 Going to coordinates X=-11.967, Y=-40.405
18.12 20:17:36 Moving is finished
18.12 20:19:21 Scanning 62 point from 351
18.12 20:19:21 Going to coordinates X=-11.917, Y=-40.405
18.12 20:19:22 Moving is finished
18.12 20:21:06 Scanning 63 point from 351
18.12 20:21:06 Going to coordinates X=-11.867, Y=-40.405
18.12 20:21:07 Moving is finished
18.12 20:22:51 Scanning 64 point from 351
18.12 20:22:51 Going to coordinates X=-11.817, Y=-40.405
18.12 20:22:51 Moving is finished
18.12 20:24:36 Scanning 65 point from 351
18.12 20:24:36 Going to coordinates X=-11.767, Y=-40.405
18.12 20:24:36 Moving is finished
18.12 20:26:21 Scanning 66 point from 351
18.12 20:26:21 Going to coordinates X=-11.717, Y=-40.405
18.12 20:26:21 Moving is finished
18.12 20:28:06 Scanning 67 point from 351
18.12 20:28:06 Going to coordinates X=-11.667, Y=-40.405
18.12 20:28:06 Moving is finished
18.12 20:29:51 Scanning 68 point from 351
18.12 20:29:51 Going to coordinates X=-11.617, Y=-40.405
18.12 20:29:51 Moving is finished
18.12 20:31:35 Scanning 69 point from 351
18.12 20:31:35 Going to coordinates X=-11.567, Y=-40.405
18.12 20:31:35 Moving is finished
18.12 20:33:20 Scanning 70 point from 351
18.12 20:33:20 Going to coordinates X=-11.517, Y=-40.405
18.12 20:33:20 Moving is finished
18.12 20:35:05 Scanning 71 point from 351
18.12 20:35:05 Going to coordinates X=-11.467, Y=-40.405
18.12 20:35:05 Moving is finished
18.12 20:36:50 Scanning 72 point from 351
18.12 20:36:50 Going to coordinates X=-11.417, Y=-40.405
18.12 20:36:50 Moving is finished
18.12 20:38:34 Scanning 73 point from 351
18.12 20:38:34 Going to coordinates X=-11.367, Y=-40.405
18.12 20:38:35 Moving is finished
18.12 20:40:19 Scanning 74 point from 351
18.12 20:40:19 Going to coordinates X=-11.317, Y=-40.405
18.12 20:40:19 Moving is finished
18.12 20:42:04 Scanning 75 point from 351
18.12 20:42:04 Going to coordinates X=-11.267, Y=-40.405
18.12 20:42:04 Moving is finished
18.12 20:43:49 Scanning 76 point from 351
18.12 20:43:49 Going to coordinates X=-11.217, Y=-40.405
18.12 20:43:49 Moving is finished
18.12 20:45:34 Scanning 77 point from 351
18.12 20:45:34 Going to coordinates X=-11.167, Y=-40.405
18.12 20:45:34 Moving is finished
18.12 20:47:19 Scanning 78 point from 351
18.12 20:47:19 Going to coordinates X=-11.117, Y=-40.405
18.12 20:47:19 Moving is finished
18.12 20:49:03 Scanning 79 point from 351
18.12 20:49:03 Going to coordinates X=-11.067, Y=-40.405
18.12 20:49:04 Moving is finished
18.12 20:50:49 Scanning 80 point from 351
18.12 20:50:49 Going to coordinates X=-11.017, Y=-40.405
18.12 20:50:49 Moving is finished
18.12 20:52:34 Scanning 81 point from 351
18.12 20:52:34 Going to coordinates X=-12.317, Y=-40.305
18.12 20:52:34 Moving is finished
18.12 20:54:19 Scanning 82 point from 351
18.12 20:54:19 Going to coordinates X=-12.267, Y=-40.305
18.12 20:54:19 Moving is finished
18.12 20:56:04 Scanning 83 point from 351
18.12 20:56:04 Going to coordinates X=-12.217, Y=-40.305
18.12 20:56:04 Moving is finished
18.12 20:57:49 Scanning 84 point from 351
18.12 20:57:49 Going to coordinates X=-12.167, Y=-40.305
18.12 20:57:49 Moving is finished
18.12 20:59:33 Scanning 85 point from 351
18.12 20:59:33 Going to coordinates X=-12.117, Y=-40.305
18.12 20:59:34 Moving is finished
18.12 21:01:18 Scanning 86 point from 351
18.12 21:01:18 Going to coordinates X=-12.067, Y=-40.305
18.12 21:01:18 Moving is finished
18.12 21:03:03 Scanning 87 point from 351
18.12 21:03:03 Going to coordinates X=-12.017, Y=-40.305
18.12 21:03:03 Moving is finished
18.12 21:04:48 Scanning 88 point from 351
18.12 21:04:48 Going to coordinates X=-11.967, Y=-40.305
18.12 21:04:48 Moving is finished
18.12 21:06:33 Scanning 89 point from 351
18.12 21:06:33 Going to coordinates X=-11.917, Y=-40.305
18.12 21:06:34 Moving is finished
18.12 21:08:18 Scanning 90 point from 351
18.12 21:08:18 Going to coordinates X=-11.867, Y=-40.305
18.12 21:08:19 Moving is finished
18.12 21:10:03 Scanning 91 point from 351
18.12 21:10:03 Going to coordinates X=-11.817, Y=-40.305
18.12 21:10:04 Moving is finished
18.12 21:11:48 Scanning 92 point from 351
18.12 21:11:48 Going to coordinates X=-11.767, Y=-40.305
18.12 21:11:48 Moving is finished
18.12 21:13:33 Scanning 93 point from 351
18.12 21:13:33 Going to coordinates X=-11.717, Y=-40.305
18.12 21:13:34 Moving is finished
18.12 21:15:18 Scanning 94 point from 351
18.12 21:15:18 Going to coordinates X=-11.667, Y=-40.305
18.12 21:15:18 Moving is finished
18.12 21:17:03 Scanning 95 point from 351
18.12 21:17:03 Going to coordinates X=-11.617, Y=-40.305
18.12 21:17:03 Moving is finished
18.12 21:18:48 Scanning 96 point from 351
18.12 21:18:48 Going to coordinates X=-11.567, Y=-40.305
18.12 21:18:48 Moving is finished
18.12 21:20:33 Scanning 97 point from 351
18.12 21:20:33 Going to coordinates X=-11.517, Y=-40.305
18.12 21:20:33 Moving is finished
18.12 21:22:18 Scanning 98 point from 351
18.12 21:22:18 Going to coordinates X=-11.467, Y=-40.305
18.12 21:22:18 Moving is finished
18.12 21:24:03 Scanning 99 point from 351
18.12 21:24:03 Going to coordinates X=-11.417, Y=-40.305
18.12 21:24:03 Moving is finished
18.12 21:25:47 Scanning 100 point from 351
18.12 21:25:47 Going to coordinates X=-11.367, Y=-40.305
18.12 21:25:47 Moving is finished
18.12 21:27:32 Scanning 101 point from 351
18.12 21:27:32 Going to coordinates X=-11.317, Y=-40.305
18.12 21:27:32 Moving is finished
18.12 21:29:17 Scanning 102 point from 351
18.12 21:29:17 Going to coordinates X=-11.267, Y=-40.305
18.12 21:29:17 Moving is finished
18.12 21:31:02 Scanning 103 point from 351
18.12 21:31:02 Going to coordinates X=-11.217, Y=-40.305
18.12 21:31:02 Moving is finished
18.12 21:32:47 Scanning 104 point from 351
18.12 21:32:47 Going to coordinates X=-11.167, Y=-40.305
18.12 21:32:47 Moving is finished
18.12 21:34:32 Scanning 105 point from 351
18.12 21:34:32 Going to coordinates X=-11.117, Y=-40.305
18.12 21:34:33 Moving is finished
18.12 21:36:17 Scanning 106 point from 351
18.12 21:36:17 Going to coordinates X=-11.067, Y=-40.305
18.12 21:36:17 Moving is finished
18.12 21:38:02 Scanning 107 point from 351
18.12 21:38:02 Going to coordinates X=-11.017, Y=-40.305
18.12 21:38:02 Moving is finished
18.12 21:39:46 Scanning 108 point from 351
18.12 21:39:46 Going to coordinates X=-12.317, Y=-40.205
18.12 21:39:47 Moving is finished
18.12 21:41:32 Scanning 109 point from 351
18.12 21:41:32 Going to coordinates X=-12.267, Y=-40.205
18.12 21:41:32 Moving is finished
18.12 21:43:17 Scanning 110 point from 351
18.12 21:43:17 Going to coordinates X=-12.217, Y=-40.205
18.12 21:43:17 Moving is finished
18.12 21:45:02 Scanning 111 point from 351
18.12 21:45:02 Going to coordinates X=-12.167, Y=-40.205
18.12 21:45:02 Moving is finished
18.12 21:46:47 Scanning 112 point from 351
18.12 21:46:47 Going to coordinates X=-12.117, Y=-40.205
18.12 21:46:47 Moving is finished
18.12 21:48:32 Scanning 113 point from 351
18.12 21:48:32 Going to coordinates X=-12.067, Y=-40.205
18.12 21:48:32 Moving is finished
18.12 21:50:17 Scanning 114 point from 351
18.12 21:50:17 Going to coordinates X=-12.017, Y=-40.205
18.12 21:50:17 Moving is finished
18.12 21:52:02 Scanning 115 point from 351
18.12 21:52:02 Going to coordinates X=-11.967, Y=-40.205
18.12 21:52:02 Moving is finished
18.12 21:53:46 Scanning 116 point from 351
18.12 21:53:46 Going to coordinates X=-11.917, Y=-40.205
18.12 21:53:47 Moving is finished
18.12 21:55:32 Scanning 117 point from 351
18.12 21:55:32 Going to coordinates X=-11.867, Y=-40.205
18.12 21:55:32 Moving is finished
18.12 21:57:17 Scanning 118 point from 351
18.12 21:57:17 Going to coordinates X=-11.817, Y=-40.205
18.12 21:57:17 Moving is finished
18.12 21:59:02 Scanning 119 point from 351
18.12 21:59:02 Going to coordinates X=-11.767, Y=-40.205
18.12 21:59:02 Moving is finished
18.12 22:00:47 Scanning 120 point from 351
18.12 22:00:47 Going to coordinates X=-11.717, Y=-40.205
18.12 22:00:47 Moving is finished
18.12 22:02:32 Scanning 121 point from 351
18.12 22:02:32 Going to coordinates X=-11.667, Y=-40.205
18.12 22:02:32 Moving is finished
18.12 22:04:17 Scanning 122 point from 351
18.12 22:04:17 Going to coordinates X=-11.617, Y=-40.205
18.12 22:04:17 Moving is finished
18.12 22:06:02 Scanning 123 point from 351
18.12 22:06:02 Going to coordinates X=-11.567, Y=-40.205
18.12 22:06:02 Moving is finished
18.12 22:07:47 Scanning 124 point from 351
18.12 22:07:47 Going to coordinates X=-11.517, Y=-40.205
18.12 22:07:47 Moving is finished
18.12 22:09:32 Scanning 125 point from 351
18.12 22:09:32 Going to coordinates X=-11.467, Y=-40.205
18.12 22:09:32 Moving is finished
18.12 22:11:17 Scanning 126 point from 351
18.12 22:11:17 Going to coordinates X=-11.417, Y=-40.205
18.12 22:11:17 Moving is finished
18.12 22:13:01 Scanning 127 point from 351
18.12 22:13:01 Going to coordinates X=-11.367, Y=-40.205
18.12 22:13:02 Moving is finished
18.12 22:14:47 Scanning 128 point from 351
18.12 22:14:47 Going to coordinates X=-11.317, Y=-40.205
18.12 22:14:47 Moving is finished
18.12 22:16:31 Scanning 129 point from 351
18.12 22:16:31 Going to coordinates X=-11.267, Y=-40.205
18.12 22:16:32 Moving is finished
18.12 22:18:17 Scanning 130 point from 351
18.12 22:18:17 Going to coordinates X=-11.217, Y=-40.205
18.12 22:18:17 Moving is finished
18.12 22:20:02 Scanning 131 point from 351
18.12 22:20:02 Going to coordinates X=-11.167, Y=-40.205
18.12 22:20:02 Moving is finished
18.12 22:21:47 Scanning 132 point from 351
18.12 22:21:47 Going to coordinates X=-11.117, Y=-40.205
18.12 22:21:47 Moving is finished
18.12 22:23:31 Scanning 133 point from 351
18.12 22:23:31 Going to coordinates X=-11.067, Y=-40.205
18.12 22:23:31 Moving is finished
18.12 22:25:16 Scanning 134 point from 351
18.12 22:25:16 Going to coordinates X=-11.017, Y=-40.205
18.12 22:25:17 Moving is finished
18.12 22:27:01 Scanning 135 point from 351
18.12 22:27:01 Going to coordinates X=-12.317, Y=-40.105
18.12 22:27:02 Moving is finished
18.12 22:28:47 Scanning 136 point from 351
18.12 22:28:47 Going to coordinates X=-12.267, Y=-40.105
18.12 22:28:47 Moving is finished
18.12 22:30:32 Scanning 137 point from 351
18.12 22:30:32 Going to coordinates X=-12.217, Y=-40.105
18.12 22:30:32 Moving is finished
18.12 22:32:17 Scanning 138 point from 351
18.12 22:32:17 Going to coordinates X=-12.167, Y=-40.105
18.12 22:32:17 Moving is finished
18.12 22:34:01 Scanning 139 point from 351
18.12 22:34:01 Going to coordinates X=-12.117, Y=-40.105
18.12 22:34:01 Moving is finished
18.12 22:35:46 Scanning 140 point from 351
18.12 22:35:46 Going to coordinates X=-12.067, Y=-40.105
18.12 22:35:46 Moving is finished
18.12 22:37:30 Scanning 141 point from 351
18.12 22:37:30 Going to coordinates X=-12.017, Y=-40.105
18.12 22:37:31 Moving is finished
18.12 22:39:15 Scanning 142 point from 351
18.12 22:39:15 Going to coordinates X=-11.967, Y=-40.105
18.12 22:39:15 Moving is finished
18.12 22:41:00 Scanning 143 point from 351
18.12 22:41:00 Going to coordinates X=-11.917, Y=-40.105
18.12 22:41:00 Moving is finished
18.12 22:42:45 Scanning 144 point from 351
18.12 22:42:45 Going to coordinates X=-11.867, Y=-40.105
18.12 22:42:45 Moving is finished
18.12 22:44:29 Scanning 145 point from 351
18.12 22:44:29 Going to coordinates X=-11.817, Y=-40.105
18.12 22:44:29 Moving is finished
18.12 22:46:15 Scanning 146 point from 351
18.12 22:46:15 Going to coordinates X=-11.767, Y=-40.105
18.12 22:46:15 Moving is finished
18.12 22:47:59 Scanning 147 point from 351
18.12 22:47:59 Going to coordinates X=-11.717, Y=-40.105
18.12 22:47:59 Moving is finished
18.12 22:49:44 Scanning 148 point from 351
18.12 22:49:44 Going to coordinates X=-11.667, Y=-40.105
18.12 22:49:44 Moving is finished
18.12 22:51:29 Scanning 149 point from 351
18.12 22:51:29 Going to coordinates X=-11.617, Y=-40.105
18.12 22:51:29 Moving is finished
18.12 22:53:13 Scanning 150 point from 351
18.12 22:53:13 Going to coordinates X=-11.567, Y=-40.105
18.12 22:53:14 Moving is finished
18.12 22:54:59 Scanning 151 point from 351
18.12 22:54:59 Going to coordinates X=-11.517, Y=-40.105
18.12 22:54:59 Moving is finished
18.12 22:56:43 Scanning 152 point from 351
18.12 22:56:43 Going to coordinates X=-11.467, Y=-40.105
18.12 22:56:43 Moving is finished
18.12 22:58:28 Scanning 153 point from 351
18.12 22:58:28 Going to coordinates X=-11.417, Y=-40.105
18.12 22:58:28 Moving is finished
18.12 23:00:14 Scanning 154 point from 351
18.12 23:00:14 Going to coordinates X=-11.367, Y=-40.105
18.12 23:00:14 Moving is finished
18.12 23:01:58 Scanning 155 point from 351
18.12 23:01:58 Going to coordinates X=-11.317, Y=-40.105
18.12 23:01:58 Moving is finished
18.12 23:03:43 Scanning 156 point from 351
18.12 23:03:43 Going to coordinates X=-11.267, Y=-40.105
18.12 23:03:43 Moving is finished
18.12 23:05:28 Scanning 157 point from 351
18.12 23:05:28 Going to coordinates X=-11.217, Y=-40.105
18.12 23:05:28 Moving is finished
18.12 23:07:13 Scanning 158 point from 351
18.12 23:07:13 Going to coordinates X=-11.167, Y=-40.105
18.12 23:07:13 Moving is finished
18.12 23:08:58 Scanning 159 point from 351
18.12 23:08:58 Going to coordinates X=-11.117, Y=-40.105
18.12 23:08:58 Moving is finished
18.12 23:10:43 Scanning 160 point from 351
18.12 23:10:43 Going to coordinates X=-11.067, Y=-40.105
18.12 23:10:43 Moving is finished
18.12 23:12:27 Scanning 161 point from 351
18.12 23:12:27 Going to coordinates X=-11.017, Y=-40.105
18.12 23:12:28 Moving is finished
18.12 23:14:12 Scanning 162 point from 351
18.12 23:14:12 Going to coordinates X=-12.317, Y=-40.005
18.12 23:14:13 Moving is finished
18.12 23:15:57 Scanning 163 point from 351
18.12 23:15:57 Going to coordinates X=-12.267, Y=-40.005
18.12 23:15:58 Moving is finished
18.12 23:17:42 Scanning 164 point from 351
18.12 23:17:42 Going to coordinates X=-12.217, Y=-40.005
18.12 23:17:42 Moving is finished
18.12 23:19:27 Scanning 165 point from 351
18.12 23:19:27 Going to coordinates X=-12.167, Y=-40.005
18.12 23:19:27 Moving is finished
18.12 23:21:12 Scanning 166 point from 351
18.12 23:21:12 Going to coordinates X=-12.117, Y=-40.005
18.12 23:21:12 Moving is finished
18.12 23:22:57 Scanning 167 point from 351
18.12 23:22:57 Going to coordinates X=-12.067, Y=-40.005
18.12 23:22:57 Moving is finished
18.12 23:24:42 Scanning 168 point from 351
18.12 23:24:42 Going to coordinates X=-12.017, Y=-40.005
18.12 23:24:42 Moving is finished
18.12 23:26:27 Scanning 169 point from 351
18.12 23:26:27 Going to coordinates X=-11.967, Y=-40.005
18.12 23:26:27 Moving is finished
18.12 23:28:11 Scanning 170 point from 351
18.12 23:28:11 Going to coordinates X=-11.917, Y=-40.005
18.12 23:28:11 Moving is finished
18.12 23:29:56 Scanning 171 point from 351
18.12 23:29:56 Going to coordinates X=-11.867, Y=-40.005
18.12 23:29:56 Moving is finished
18.12 23:31:41 Scanning 172 point from 351
18.12 23:31:41 Going to coordinates X=-11.817, Y=-40.005
18.12 23:31:41 Moving is finished
18.12 23:33:26 Scanning 173 point from 351
18.12 23:33:26 Going to coordinates X=-11.767, Y=-40.005
18.12 23:33:26 Moving is finished
18.12 23:35:10 Scanning 174 point from 351
18.12 23:35:10 Going to coordinates X=-11.717, Y=-40.005
18.12 23:35:11 Moving is finished
18.12 23:36:55 Scanning 175 point from 351
18.12 23:36:55 Going to coordinates X=-11.667, Y=-40.005
18.12 23:36:56 Moving is finished
18.12 23:38:41 Scanning 176 point from 351
18.12 23:38:41 Going to coordinates X=-11.617, Y=-40.005
18.12 23:38:41 Moving is finished
18.12 23:40:25 Scanning 177 point from 351
18.12 23:40:25 Going to coordinates X=-11.567, Y=-40.005
18.12 23:40:26 Moving is finished
18.12 23:42:10 Scanning 178 point from 351
18.12 23:42:10 Going to coordinates X=-11.517, Y=-40.005
18.12 23:42:11 Moving is finished
18.12 23:43:55 Scanning 179 point from 351
18.12 23:43:55 Going to coordinates X=-11.467, Y=-40.005
18.12 23:43:55 Moving is finished
18.12 23:45:40 Scanning 180 point from 351
18.12 23:45:40 Going to coordinates X=-11.417, Y=-40.005
18.12 23:45:40 Moving is finished
18.12 23:47:25 Scanning 181 point from 351
18.12 23:47:25 Going to coordinates X=-11.367, Y=-40.005
18.12 23:47:25 Moving is finished
18.12 23:49:10 Scanning 182 point from 351
18.12 23:49:10 Going to coordinates X=-11.317, Y=-40.005
18.12 23:49:10 Moving is finished
18.12 23:50:55 Scanning 183 point from 351
18.12 23:50:55 Going to coordinates X=-11.267, Y=-40.005
18.12 23:50:55 Moving is finished
18.12 23:52:39 Scanning 184 point from 351
18.12 23:52:39 Going to coordinates X=-11.217, Y=-40.005
18.12 23:52:39 Moving is finished
18.12 23:54:24 Scanning 185 point from 351
18.12 23:54:24 Going to coordinates X=-11.167, Y=-40.005
18.12 23:54:24 Moving is finished
18.12 23:56:09 Scanning 186 point from 351
18.12 23:56:09 Going to coordinates X=-11.117, Y=-40.005
18.12 23:56:09 Moving is finished
18.12 23:57:54 Scanning 187 point from 351
18.12 23:57:54 Going to coordinates X=-11.067, Y=-40.005
18.12 23:57:54 Moving is finished
18.12 23:59:39 Scanning 188 point from 351
18.12 23:59:39 Going to coordinates X=-11.017, Y=-40.005
18.12 23:59:39 Moving is finished
19.12 00:01:23 Scanning 189 point from 351
19.12 00:01:23 Going to coordinates X=-12.317, Y=-39.905
19.12 00:01:24 Moving is finished
19.12 00:03:09 Scanning 190 point from 351
19.12 00:03:09 Going to coordinates X=-12.267, Y=-39.905
19.12 00:03:10 Moving is finished
19.12 00:04:55 Scanning 191 point from 351
19.12 00:04:55 Going to coordinates X=-12.217, Y=-39.905
19.12 00:04:55 Moving is finished
19.12 00:06:40 Scanning 192 point from 351
19.12 00:06:40 Going to coordinates X=-12.167, Y=-39.905
19.12 00:06:40 Moving is finished
19.12 00:08:25 Scanning 193 point from 351
19.12 00:08:25 Going to coordinates X=-12.117, Y=-39.905
19.12 00:08:25 Moving is finished
19.12 00:10:10 Scanning 194 point from 351
19.12 00:10:10 Going to coordinates X=-12.067, Y=-39.905
19.12 00:10:10 Moving is finished
19.12 00:11:54 Scanning 195 point from 351
19.12 00:11:54 Going to coordinates X=-12.017, Y=-39.905
19.12 00:11:54 Moving is finished
19.12 00:13:39 Scanning 196 point from 351
19.12 00:13:39 Going to coordinates X=-11.967, Y=-39.905
19.12 00:13:39 Moving is finished
19.12 00:15:24 Scanning 197 point from 351
19.12 00:15:24 Going to coordinates X=-11.917, Y=-39.905
19.12 00:15:24 Moving is finished
19.12 00:17:08 Scanning 198 point from 351
19.12 00:17:08 Going to coordinates X=-11.867, Y=-39.905
19.12 00:17:08 Moving is finished
19.12 00:18:53 Scanning 199 point from 351
19.12 00:18:53 Going to coordinates X=-11.817, Y=-39.905
19.12 00:18:53 Moving is finished
19.12 00:20:38 Scanning 200 point from 351
19.12 00:20:38 Going to coordinates X=-11.767, Y=-39.905
19.12 00:20:38 Moving is finished
19.12 00:22:22 Scanning 201 point from 351
19.12 00:22:22 Going to coordinates X=-11.717, Y=-39.905
19.12 00:22:23 Moving is finished
19.12 00:24:07 Scanning 202 point from 351
19.12 00:24:07 Going to coordinates X=-11.667, Y=-39.905
19.12 00:24:08 Moving is finished
19.12 00:25:52 Scanning 203 point from 351
19.12 00:25:52 Going to coordinates X=-11.617, Y=-39.905
19.12 00:25:52 Moving is finished
19.12 00:27:37 Scanning 204 point from 351
19.12 00:27:37 Going to coordinates X=-11.567, Y=-39.905
19.12 00:27:37 Moving is finished
19.12 00:29:22 Scanning 205 point from 351
19.12 00:29:22 Going to coordinates X=-11.517, Y=-39.905
19.12 00:29:22 Moving is finished
19.12 00:31:07 Scanning 206 point from 351
19.12 00:31:07 Going to coordinates X=-11.467, Y=-39.905
19.12 00:31:07 Moving is finished
19.12 00:32:52 Scanning 207 point from 351
19.12 00:32:52 Going to coordinates X=-11.417, Y=-39.905
19.12 00:32:52 Moving is finished
19.12 00:34:37 Scanning 208 point from 351
19.12 00:34:37 Going to coordinates X=-11.367, Y=-39.905
19.12 00:34:37 Moving is finished
19.12 00:36:22 Scanning 209 point from 351
19.12 00:36:22 Going to coordinates X=-11.317, Y=-39.905
19.12 00:36:22 Moving is finished
19.12 00:38:07 Scanning 210 point from 351
19.12 00:38:07 Going to coordinates X=-11.267, Y=-39.905
19.12 00:38:07 Moving is finished
19.12 00:39:52 Scanning 211 point from 351
19.12 00:39:52 Going to coordinates X=-11.217, Y=-39.905
19.12 00:39:52 Moving is finished
19.12 00:41:37 Scanning 212 point from 351
19.12 00:41:37 Going to coordinates X=-11.167, Y=-39.905
19.12 00:41:37 Moving is finished
19.12 00:43:21 Scanning 213 point from 351
19.12 00:43:21 Going to coordinates X=-11.117, Y=-39.905
19.12 00:43:21 Moving is finished
19.12 00:45:06 Scanning 214 point from 351
19.12 00:45:06 Going to coordinates X=-11.067, Y=-39.905
19.12 00:45:06 Moving is finished
19.12 00:46:52 Scanning 215 point from 351
19.12 00:46:52 Going to coordinates X=-11.017, Y=-39.905
19.12 00:46:52 Moving is finished
19.12 00:48:36 Scanning 216 point from 351
19.12 00:48:36 Going to coordinates X=-12.317, Y=-39.805
19.12 00:48:37 Moving is finished
19.12 00:50:22 Scanning 217 point from 351
19.12 00:50:22 Going to coordinates X=-12.267, Y=-39.805
19.12 00:50:22 Moving is finished
19.12 00:52:07 Scanning 218 point from 351
19.12 00:52:07 Going to coordinates X=-12.217, Y=-39.805
19.12 00:52:08 Moving is finished
19.12 00:53:52 Scanning 219 point from 351
19.12 00:53:52 Going to coordinates X=-12.167, Y=-39.805
19.12 00:53:52 Moving is finished
19.12 00:55:37 Scanning 220 point from 351
19.12 00:55:37 Going to coordinates X=-12.117, Y=-39.805
19.12 00:55:37 Moving is finished
19.12 00:57:22 Scanning 221 point from 351
19.12 00:57:22 Going to coordinates X=-12.067, Y=-39.805
19.12 00:57:22 Moving is finished
19.12 00:59:07 Scanning 222 point from 351
19.12 00:59:07 Going to coordinates X=-12.017, Y=-39.805
19.12 00:59:07 Moving is finished
19.12 01:00:52 Scanning 223 point from 351
19.12 01:00:52 Going to coordinates X=-11.967, Y=-39.805
19.12 01:00:52 Moving is finished
19.12 01:02:36 Scanning 224 point from 351
19.12 01:02:36 Going to coordinates X=-11.917, Y=-39.805
19.12 01:02:37 Moving is finished
19.12 01:04:21 Scanning 225 point from 351
19.12 01:04:21 Going to coordinates X=-11.867, Y=-39.805
19.12 01:04:21 Moving is finished
19.12 01:06:06 Scanning 226 point from 351
19.12 01:06:06 Going to coordinates X=-11.817, Y=-39.805
19.12 01:06:06 Moving is finished
19.12 01:07:50 Scanning 227 point from 351
19.12 01:07:50 Going to coordinates X=-11.767, Y=-39.805
19.12 01:07:51 Moving is finished
19.12 01:09:36 Scanning 228 point from 351
19.12 01:09:36 Going to coordinates X=-11.717, Y=-39.805
19.12 01:09:36 Moving is finished
19.12 01:11:21 Scanning 229 point from 351
19.12 01:11:21 Going to coordinates X=-11.667, Y=-39.805
19.12 01:11:21 Moving is finished
19.12 01:13:06 Scanning 230 point from 351
19.12 01:13:06 Going to coordinates X=-11.617, Y=-39.805
19.12 01:13:06 Moving is finished
19.12 01:14:51 Scanning 231 point from 351
19.12 01:14:51 Going to coordinates X=-11.567, Y=-39.805
19.12 01:14:51 Moving is finished
19.12 01:16:36 Scanning 232 point from 351
19.12 01:16:36 Going to coordinates X=-11.517, Y=-39.805
19.12 01:16:36 Moving is finished
19.12 01:18:21 Scanning 233 point from 351
19.12 01:18:21 Going to coordinates X=-11.467, Y=-39.805
19.12 01:18:21 Moving is finished
19.12 01:20:06 Scanning 234 point from 351
19.12 01:20:06 Going to coordinates X=-11.417, Y=-39.805
19.12 01:20:06 Moving is finished
19.12 01:21:51 Scanning 235 point from 351
19.12 01:21:51 Going to coordinates X=-11.367, Y=-39.805
19.12 01:21:51 Moving is finished
19.12 01:23:36 Scanning 236 point from 351
19.12 01:23:36 Going to coordinates X=-11.317, Y=-39.805
19.12 01:23:36 Moving is finished
19.12 01:25:21 Scanning 237 point from 351
19.12 01:25:21 Going to coordinates X=-11.267, Y=-39.805
19.12 01:25:21 Moving is finished
19.12 01:27:06 Scanning 238 point from 351
19.12 01:27:06 Going to coordinates X=-11.217, Y=-39.805
19.12 01:27:06 Moving is finished
19.12 01:28:51 Scanning 239 point from 351
19.12 01:28:51 Going to coordinates X=-11.167, Y=-39.805
19.12 01:28:51 Moving is finished
19.12 01:30:36 Scanning 240 point from 351
19.12 01:30:36 Going to coordinates X=-11.117, Y=-39.805
19.12 01:30:36 Moving is finished
19.12 01:32:21 Scanning 241 point from 351
19.12 01:32:21 Going to coordinates X=-11.067, Y=-39.805
19.12 01:32:21 Moving is finished
19.12 01:34:06 Scanning 242 point from 351
19.12 01:34:06 Going to coordinates X=-11.017, Y=-39.805
19.12 01:34:06 Moving is finished
19.12 01:35:50 Scanning 243 point from 351
19.12 01:35:50 Going to coordinates X=-12.317, Y=-39.705
19.12 01:35:51 Moving is finished
19.12 01:37:36 Scanning 244 point from 351
19.12 01:37:36 Going to coordinates X=-12.267, Y=-39.705
19.12 01:37:36 Moving is finished
19.12 01:39:21 Scanning 245 point from 351
19.12 01:39:21 Going to coordinates X=-12.217, Y=-39.705
19.12 01:39:21 Moving is finished
19.12 01:41:05 Scanning 246 point from 351
19.12 01:41:05 Going to coordinates X=-12.167, Y=-39.705
19.12 01:41:06 Moving is finished
19.12 01:42:50 Scanning 247 point from 351
19.12 01:42:50 Going to coordinates X=-12.117, Y=-39.705
19.12 01:42:51 Moving is finished
19.12 01:44:35 Scanning 248 point from 351
19.12 01:44:35 Going to coordinates X=-12.067, Y=-39.705
19.12 01:44:36 Moving is finished
19.12 01:46:20 Scanning 249 point from 351
19.12 01:46:20 Going to coordinates X=-12.017, Y=-39.705
19.12 01:46:20 Moving is finished
19.12 01:48:05 Scanning 250 point from 351
19.12 01:48:05 Going to coordinates X=-11.967, Y=-39.705
19.12 01:48:05 Moving is finished
19.12 01:49:50 Scanning 251 point from 351
19.12 01:49:50 Going to coordinates X=-11.917, Y=-39.705
19.12 01:49:50 Moving is finished
19.12 01:51:34 Scanning 252 point from 351
19.12 01:51:34 Going to coordinates X=-11.867, Y=-39.705
19.12 01:51:35 Moving is finished
19.12 01:53:19 Scanning 253 point from 351
19.12 01:53:19 Going to coordinates X=-11.817, Y=-39.705
19.12 01:53:19 Moving is finished
19.12 01:55:04 Scanning 254 point from 351
19.12 01:55:04 Going to coordinates X=-11.767, Y=-39.705
19.12 01:55:04 Moving is finished
19.12 01:56:49 Scanning 255 point from 351
19.12 01:56:49 Going to coordinates X=-11.717, Y=-39.705
19.12 01:56:49 Moving is finished
19.12 01:58:34 Scanning 256 point from 351
19.12 01:58:34 Going to coordinates X=-11.667, Y=-39.705
19.12 01:58:34 Moving is finished
19.12 02:00:19 Scanning 257 point from 351
19.12 02:00:19 Going to coordinates X=-11.617, Y=-39.705
19.12 02:00:19 Moving is finished
19.12 02:02:04 Scanning 258 point from 351
19.12 02:02:04 Going to coordinates X=-11.567, Y=-39.705
19.12 02:02:04 Moving is finished
19.12 02:03:48 Scanning 259 point from 351
19.12 02:03:48 Going to coordinates X=-11.517, Y=-39.705
19.12 02:03:49 Moving is finished
19.12 02:05:34 Scanning 260 point from 351
19.12 02:05:34 Going to coordinates X=-11.467, Y=-39.705
19.12 02:05:34 Moving is finished
19.12 02:07:19 Scanning 261 point from 351
19.12 02:07:19 Going to coordinates X=-11.417, Y=-39.705
19.12 02:07:19 Moving is finished
19.12 02:09:04 Scanning 262 point from 351
19.12 02:09:04 Going to coordinates X=-11.367, Y=-39.705
19.12 02:09:04 Moving is finished
19.12 02:10:49 Scanning 263 point from 351
19.12 02:10:49 Going to coordinates X=-11.317, Y=-39.705
19.12 02:10:49 Moving is finished
19.12 02:12:34 Scanning 264 point from 351
19.12 02:12:34 Going to coordinates X=-11.267, Y=-39.705
19.12 02:12:34 Moving is finished
19.12 02:14:18 Scanning 265 point from 351
19.12 02:14:18 Going to coordinates X=-11.217, Y=-39.705
19.12 02:14:19 Moving is finished
19.12 02:16:03 Scanning 266 point from 351
19.12 02:16:03 Going to coordinates X=-11.167, Y=-39.705
19.12 02:16:03 Moving is finished
19.12 02:17:48 Scanning 267 point from 351
19.12 02:17:48 Going to coordinates X=-11.117, Y=-39.705
19.12 02:17:48 Moving is finished
19.12 02:19:33 Scanning 268 point from 351
19.12 02:19:33 Going to coordinates X=-11.067, Y=-39.705
19.12 02:19:33 Moving is finished
19.12 02:21:17 Scanning 269 point from 351
19.12 02:21:17 Going to coordinates X=-11.017, Y=-39.705
19.12 02:21:18 Moving is finished
19.12 02:23:03 Scanning 270 point from 351
19.12 02:23:03 Going to coordinates X=-12.317, Y=-39.605
19.12 02:23:03 Moving is finished
19.12 02:24:48 Scanning 271 point from 351
19.12 02:24:48 Going to coordinates X=-12.267, Y=-39.605
19.12 02:24:49 Moving is finished
19.12 02:26:33 Scanning 272 point from 351
19.12 02:26:33 Going to coordinates X=-12.217, Y=-39.605
19.12 02:26:34 Moving is finished
19.12 02:28:18 Scanning 273 point from 351
19.12 02:28:18 Going to coordinates X=-12.167, Y=-39.605
19.12 02:28:18 Moving is finished
19.12 02:30:04 Scanning 274 point from 351
19.12 02:30:04 Going to coordinates X=-12.117, Y=-39.605
19.12 02:30:04 Moving is finished
19.12 02:31:49 Scanning 275 point from 351
19.12 02:31:49 Going to coordinates X=-12.067, Y=-39.605
19.12 02:31:49 Moving is finished
19.12 02:33:34 Scanning 276 point from 351
19.12 02:33:34 Going to coordinates X=-12.017, Y=-39.605
19.12 02:33:34 Moving is finished
19.12 02:35:18 Scanning 277 point from 351
19.12 02:35:18 Going to coordinates X=-11.967, Y=-39.605
19.12 02:35:19 Moving is finished
19.12 02:37:03 Scanning 278 point from 351
19.12 02:37:03 Going to coordinates X=-11.917, Y=-39.605
19.12 02:37:03 Moving is finished
19.12 02:38:48 Scanning 279 point from 351
19.12 02:38:48 Going to coordinates X=-11.867, Y=-39.605
19.12 02:38:48 Moving is finished
19.12 02:40:33 Scanning 280 point from 351
19.12 02:40:33 Going to coordinates X=-11.817, Y=-39.605
19.12 02:40:33 Moving is finished
19.12 02:42:18 Scanning 281 point from 351
19.12 02:42:18 Going to coordinates X=-11.767, Y=-39.605
19.12 02:42:18 Moving is finished
19.12 02:44:03 Scanning 282 point from 351
19.12 02:44:03 Going to coordinates X=-11.717, Y=-39.605
19.12 02:44:03 Moving is finished
19.12 02:45:47 Scanning 283 point from 351
19.12 02:45:47 Going to coordinates X=-11.667, Y=-39.605
19.12 02:45:48 Moving is finished
19.12 02:47:32 Scanning 284 point from 351
19.12 02:47:32 Going to coordinates X=-11.617, Y=-39.605
19.12 02:47:32 Moving is finished
19.12 02:49:17 Scanning 285 point from 351
19.12 02:49:17 Going to coordinates X=-11.567, Y=-39.605
19.12 02:49:18 Moving is finished
19.12 02:51:02 Scanning 286 point from 351
19.12 02:51:02 Going to coordinates X=-11.517, Y=-39.605
19.12 02:51:02 Moving is finished
19.12 02:52:47 Scanning 287 point from 351
19.12 02:52:47 Going to coordinates X=-11.467, Y=-39.605
19.12 02:52:47 Moving is finished
19.12 02:54:32 Scanning 288 point from 351
19.12 02:54:32 Going to coordinates X=-11.417, Y=-39.605
19.12 02:54:32 Moving is finished
19.12 02:56:16 Scanning 289 point from 351
19.12 02:56:16 Going to coordinates X=-11.367, Y=-39.605
19.12 02:56:16 Moving is finished
19.12 02:58:02 Scanning 290 point from 351
19.12 02:58:02 Going to coordinates X=-11.317, Y=-39.605
19.12 02:58:02 Moving is finished
19.12 02:59:47 Scanning 291 point from 351
19.12 02:59:47 Going to coordinates X=-11.267, Y=-39.605
19.12 02:59:47 Moving is finished
19.12 03:01:32 Scanning 292 point from 351
19.12 03:01:32 Going to coordinates X=-11.217, Y=-39.605
19.12 03:01:32 Moving is finished
19.12 03:03:17 Scanning 293 point from 351
19.12 03:03:17 Going to coordinates X=-11.167, Y=-39.605
19.12 03:03:17 Moving is finished
19.12 03:05:01 Scanning 294 point from 351
19.12 03:05:01 Going to coordinates X=-11.117, Y=-39.605
19.12 03:05:02 Moving is finished
19.12 03:06:46 Scanning 295 point from 351
19.12 03:06:46 Going to coordinates X=-11.067, Y=-39.605
19.12 03:06:46 Moving is finished
19.12 03:08:31 Scanning 296 point from 351
19.12 03:08:31 Going to coordinates X=-11.017, Y=-39.605
19.12 03:08:31 Moving is finished
19.12 03:10:15 Scanning 297 point from 351
19.12 03:10:15 Going to coordinates X=-12.317, Y=-39.505
19.12 03:10:16 Moving is finished
19.12 03:12:01 Scanning 298 point from 351
19.12 03:12:01 Going to coordinates X=-12.267, Y=-39.505
19.12 03:12:01 Moving is finished
19.12 03:13:46 Scanning 299 point from 351
19.12 03:13:46 Going to coordinates X=-12.217, Y=-39.505
19.12 03:13:46 Moving is finished
19.12 03:15:30 Scanning 300 point from 351
19.12 03:15:30 Going to coordinates X=-12.167, Y=-39.505
19.12 03:15:30 Moving is finished
19.12 03:17:15 Scanning 301 point from 351
19.12 03:17:15 Going to coordinates X=-12.117, Y=-39.505
19.12 03:17:15 Moving is finished
19.12 03:19:00 Scanning 302 point from 351
19.12 03:19:00 Going to coordinates X=-12.067, Y=-39.505
19.12 03:19:00 Moving is finished
19.12 03:20:45 Scanning 303 point from 351
19.12 03:20:45 Going to coordinates X=-12.017, Y=-39.505
19.12 03:20:45 Moving is finished
19.12 03:22:30 Scanning 304 point from 351
19.12 03:22:30 Going to coordinates X=-11.967, Y=-39.505
19.12 03:22:30 Moving is finished
19.12 03:24:14 Scanning 305 point from 351
19.12 03:24:14 Going to coordinates X=-11.917, Y=-39.505
19.12 03:24:14 Moving is finished
19.12 03:25:59 Scanning 306 point from 351
19.12 03:25:59 Going to coordinates X=-11.867, Y=-39.505
19.12 03:25:59 Moving is finished
19.12 03:27:44 Scanning 307 point from 351
19.12 03:27:44 Going to coordinates X=-11.817, Y=-39.505
19.12 03:27:44 Moving is finished
19.12 03:29:28 Scanning 308 point from 351
19.12 03:29:28 Going to coordinates X=-11.767, Y=-39.505
19.12 03:29:28 Moving is finished
19.12 03:31:13 Scanning 309 point from 351
19.12 03:31:13 Going to coordinates X=-11.717, Y=-39.505
19.12 03:31:13 Moving is finished
19.12 03:32:58 Scanning 310 point from 351
19.12 03:32:58 Going to coordinates X=-11.667, Y=-39.505
19.12 03:32:58 Moving is finished
19.12 03:34:43 Scanning 311 point from 351
19.12 03:34:43 Going to coordinates X=-11.617, Y=-39.505
19.12 03:34:43 Moving is finished
19.12 03:36:28 Scanning 312 point from 351
19.12 03:36:28 Going to coordinates X=-11.567, Y=-39.505
19.12 03:36:28 Moving is finished
19.12 03:38:13 Scanning 313 point from 351
19.12 03:38:13 Going to coordinates X=-11.517, Y=-39.505
19.12 03:38:13 Moving is finished
19.12 03:39:58 Scanning 314 point from 351
19.12 03:39:58 Going to coordinates X=-11.467, Y=-39.505
19.12 03:39:58 Moving is finished
19.12 03:41:43 Scanning 315 point from 351
19.12 03:41:43 Going to coordinates X=-11.417, Y=-39.505
19.12 03:41:43 Moving is finished
19.12 03:43:28 Scanning 316 point from 351
19.12 03:43:28 Going to coordinates X=-11.367, Y=-39.505
19.12 03:43:28 Moving is finished
19.12 03:45:13 Scanning 317 point from 351
19.12 03:45:13 Going to coordinates X=-11.317, Y=-39.505
19.12 03:45:13 Moving is finished
19.12 03:46:58 Scanning 318 point from 351
19.12 03:46:58 Going to coordinates X=-11.267, Y=-39.505
19.12 03:46:58 Moving is finished
19.12 03:48:43 Scanning 319 point from 351
19.12 03:48:43 Going to coordinates X=-11.217, Y=-39.505
19.12 03:48:43 Moving is finished
19.12 03:50:28 Scanning 320 point from 351
19.12 03:50:28 Going to coordinates X=-11.167, Y=-39.505
19.12 03:50:28 Moving is finished
19.12 03:52:12 Scanning 321 point from 351
19.12 03:52:12 Going to coordinates X=-11.117, Y=-39.505
19.12 03:52:12 Moving is finished
19.12 03:53:57 Scanning 322 point from 351
19.12 03:53:57 Going to coordinates X=-11.067, Y=-39.505
19.12 03:53:57 Moving is finished
19.12 03:55:42 Scanning 323 point from 351
19.12 03:55:42 Going to coordinates X=-11.017, Y=-39.505
19.12 03:55:43 Moving is finished
19.12 03:57:28 Scanning 324 point from 351
19.12 03:57:28 Going to coordinates X=-12.317, Y=-39.405
19.12 03:57:28 Moving is finished
19.12 03:59:13 Scanning 325 point from 351
19.12 03:59:13 Going to coordinates X=-12.267, Y=-39.405
19.12 03:59:13 Moving is finished
19.12 04:00:58 Scanning 326 point from 351
19.12 04:00:58 Going to coordinates X=-12.217, Y=-39.405
19.12 04:00:58 Moving is finished
19.12 04:02:43 Scanning 327 point from 351
19.12 04:02:43 Going to coordinates X=-12.167, Y=-39.405
19.12 04:02:43 Moving is finished
19.12 04:04:27 Scanning 328 point from 351
19.12 04:04:27 Going to coordinates X=-12.117, Y=-39.405
19.12 04:04:27 Moving is finished
19.12 04:06:12 Scanning 329 point from 351
19.12 04:06:12 Going to coordinates X=-12.067, Y=-39.405
19.12 04:06:12 Moving is finished
19.12 04:07:57 Scanning 330 point from 351
19.12 04:07:57 Going to coordinates X=-12.017, Y=-39.405
19.12 04:07:58 Moving is finished
19.12 04:09:42 Scanning 331 point from 351
19.12 04:09:42 Going to coordinates X=-11.967, Y=-39.405
19.12 04:09:42 Moving is finished
19.12 04:11:27 Scanning 332 point from 351
19.12 04:11:27 Going to coordinates X=-11.917, Y=-39.405
19.12 04:11:27 Moving is finished
19.12 04:13:12 Scanning 333 point from 351
19.12 04:13:12 Going to coordinates X=-11.867, Y=-39.405
19.12 04:13:12 Moving is finished
19.12 04:14:56 Scanning 334 point from 351
19.12 04:14:56 Going to coordinates X=-11.817, Y=-39.405
19.12 04:14:57 Moving is finished
19.12 04:16:41 Scanning 335 point from 351
19.12 04:16:41 Going to coordinates X=-11.767, Y=-39.405
19.12 04:16:42 Moving is finished
19.12 04:18:26 Scanning 336 point from 351
19.12 04:18:26 Going to coordinates X=-11.717, Y=-39.405
19.12 04:18:26 Moving is finished
19.12 04:20:11 Scanning 337 point from 351
19.12 04:20:11 Going to coordinates X=-11.667, Y=-39.405
19.12 04:20:11 Moving is finished
19.12 04:21:56 Scanning 338 point from 351
19.12 04:21:56 Going to coordinates X=-11.617, Y=-39.405
19.12 04:21:56 Moving is finished
19.12 04:23:40 Scanning 339 point from 351
19.12 04:23:40 Going to coordinates X=-11.567, Y=-39.405
19.12 04:23:41 Moving is finished
19.12 04:25:25 Scanning 340 point from 351
19.12 04:25:25 Going to coordinates X=-11.517, Y=-39.405
19.12 04:25:26 Moving is finished
19.12 04:27:10 Scanning 341 point from 351
19.12 04:27:10 Going to coordinates X=-11.467, Y=-39.405
19.12 04:27:11 Moving is finished
19.12 04:28:55 Scanning 342 point from 351
19.12 04:28:55 Going to coordinates X=-11.417, Y=-39.405
19.12 04:28:55 Moving is finished
19.12 04:30:40 Scanning 343 point from 351
19.12 04:30:40 Going to coordinates X=-11.367, Y=-39.405
19.12 04:30:40 Moving is finished
19.12 04:32:24 Scanning 344 point from 351
19.12 04:32:24 Going to coordinates X=-11.317, Y=-39.405
19.12 04:32:25 Moving is finished
19.12 04:34:09 Scanning 345 point from 351
19.12 04:34:09 Going to coordinates X=-11.267, Y=-39.405
19.12 04:34:10 Moving is finished
19.12 04:35:54 Scanning 346 point from 351
19.12 04:35:54 Going to coordinates X=-11.217, Y=-39.405
19.12 04:35:54 Moving is finished
19.12 04:37:39 Scanning 347 point from 351
19.12 04:37:39 Going to coordinates X=-11.167, Y=-39.405
19.12 04:37:39 Moving is finished
19.12 04:39:24 Scanning 348 point from 351
19.12 04:39:24 Going to coordinates X=-11.117, Y=-39.405
19.12 04:39:25 Moving is finished
19.12 04:41:09 Scanning 349 point from 351
19.12 04:41:09 Going to coordinates X=-11.067, Y=-39.405
19.12 04:41:10 Moving is finished
19.12 04:42:54 Scanning 350 point from 351
19.12 04:42:54 Going to coordinates X=-11.017, Y=-39.405
19.12 04:42:54 Moving is finished
