06.05 17:40:08 Initializing grbl...
06.05 17:40:09 Got the response: b''
06.05 17:41:35 Can't send the command to GRBL
06.05 17:41:35 Write timeout06.05 17:41:35 Write timeout

06.05 17:43:35 Row 0: 06.05 17:43:35 Map: x1: -27.698, y1: -39.041, x2: -26.654, y2: -37.825, xres: 0.050, yres: 0.050, fname: 3bezNH2
06.05 17:43:35 Scanning 0 point from 572
06.05 17:43:35 Going to coordinates X=-27.698, Y=-39.041
06.05 17:43:36 Moving is finished
06.05 17:45:12 Scanning 1 point from 572
06.05 17:45:12 Going to coordinates X=-27.648, Y=-39.041
06.05 17:45:13 Moving is finished
06.05 17:46:49 Scanning 2 point from 572
06.05 17:46:49 Going to coordinates X=-27.598, Y=-39.041
06.05 17:46:49 Moving is finished
06.05 17:48:26 Scanning 3 point from 572
06.05 17:48:26 Going to coordinates X=-27.548, Y=-39.041
06.05 17:48:26 Moving is finished
06.05 17:50:02 Scanning 4 point from 572
06.05 17:50:02 Going to coordinates X=-27.498, Y=-39.041
06.05 17:50:02 Moving is finished
06.05 17:51:39 Scanning 5 point from 572
06.05 17:51:39 Going to coordinates X=-27.448, Y=-39.041
06.05 17:51:39 Moving is finished
06.05 17:53:16 Scanning 6 point from 572
06.05 17:53:16 Going to coordinates X=-27.398, Y=-39.041
06.05 17:53:16 Moving is finished
06.05 17:54:53 Scanning 7 point from 572
06.05 17:54:53 Going to coordinates X=-27.348, Y=-39.041
06.05 17:54:53 Moving is finished
06.05 17:56:30 Scanning 8 point from 572
06.05 17:56:30 Going to coordinates X=-27.298, Y=-39.041
06.05 17:56:31 Moving is finished
06.05 17:58:07 Scanning 9 point from 572
06.05 17:58:07 Going to coordinates X=-27.248, Y=-39.041
06.05 17:58:07 Moving is finished
06.05 17:59:44 Scanning 10 point from 572
06.05 17:59:44 Going to coordinates X=-27.198, Y=-39.041
06.05 17:59:44 Moving is finished
06.05 18:01:20 Scanning 11 point from 572
06.05 18:01:20 Going to coordinates X=-27.148, Y=-39.041
06.05 18:01:21 Moving is finished
06.05 18:02:57 Scanning 12 point from 572
06.05 18:02:57 Going to coordinates X=-27.098, Y=-39.041
06.05 18:02:57 Moving is finished
06.05 18:04:34 Scanning 13 point from 572
06.05 18:04:34 Going to coordinates X=-27.048, Y=-39.041
06.05 18:04:34 Moving is finished
06.05 18:06:11 Scanning 14 point from 572
06.05 18:06:11 Going to coordinates X=-26.998, Y=-39.041
06.05 18:06:11 Moving is finished
06.05 18:07:47 Scanning 15 point from 572
06.05 18:07:47 Going to coordinates X=-26.948, Y=-39.041
06.05 18:07:47 Moving is finished
06.05 18:09:24 Scanning 16 point from 572
06.05 18:09:24 Going to coordinates X=-26.898, Y=-39.041
06.05 18:09:24 Moving is finished
06.05 18:11:01 Scanning 17 point from 572
06.05 18:11:01 Going to coordinates X=-26.848, Y=-39.041
06.05 18:11:01 Moving is finished
06.05 18:12:38 Scanning 18 point from 572
06.05 18:12:38 Going to coordinates X=-26.798, Y=-39.041
06.05 18:12:38 Moving is finished
06.05 18:14:14 Scanning 19 point from 572
06.05 18:14:14 Going to coordinates X=-26.748, Y=-39.041
06.05 18:14:14 Moving is finished
06.05 18:15:51 Scanning 20 point from 572
06.05 18:15:51 Going to coordinates X=-26.698, Y=-39.041
06.05 18:15:51 Moving is finished
06.05 18:17:28 Scanning 21 point from 572
06.05 18:17:28 Going to coordinates X=-26.648, Y=-39.041
06.05 18:17:28 Moving is finished
06.05 18:19:04 Scanning 22 point from 572
06.05 18:19:04 Going to coordinates X=-27.698, Y=-38.991
06.05 18:19:05 Moving is finished
06.05 18:20:42 Scanning 23 point from 572
06.05 18:20:42 Going to coordinates X=-27.648, Y=-38.991
06.05 18:20:42 Moving is finished
06.05 18:22:19 Scanning 24 point from 572
06.05 18:22:19 Going to coordinates X=-27.598, Y=-38.991
06.05 18:22:19 Moving is finished
06.05 18:23:56 Scanning 25 point from 572
06.05 18:23:56 Going to coordinates X=-27.548, Y=-38.991
06.05 18:23:56 Moving is finished
06.05 18:25:32 Scanning 26 point from 572
06.05 18:25:32 Going to coordinates X=-27.498, Y=-38.991
06.05 18:25:33 Moving is finished
06.05 18:27:10 Scanning 27 point from 572
06.05 18:27:10 Going to coordinates X=-27.448, Y=-38.991
06.05 18:27:10 Moving is finished
06.05 18:28:47 Scanning 28 point from 572
06.05 18:28:47 Going to coordinates X=-27.398, Y=-38.991
06.05 18:28:47 Moving is finished
06.05 18:30:24 Scanning 29 point from 572
06.05 18:30:24 Going to coordinates X=-27.348, Y=-38.991
06.05 18:30:24 Moving is finished
06.05 18:32:01 Scanning 30 point from 572
06.05 18:32:01 Going to coordinates X=-27.298, Y=-38.991
06.05 18:32:01 Moving is finished
06.05 18:33:38 Scanning 31 point from 572
06.05 18:33:38 Going to coordinates X=-27.248, Y=-38.991
06.05 18:33:38 Moving is finished
06.05 18:35:14 Scanning 32 point from 572
06.05 18:35:14 Going to coordinates X=-27.198, Y=-38.991
06.05 18:35:15 Moving is finished
06.05 18:36:51 Scanning 33 point from 572
06.05 18:36:51 Going to coordinates X=-27.148, Y=-38.991
06.05 18:36:51 Moving is finished
06.05 18:38:28 Scanning 34 point from 572
06.05 18:38:28 Going to coordinates X=-27.098, Y=-38.991
06.05 18:38:28 Moving is finished
06.05 18:40:05 Scanning 35 point from 572
06.05 18:40:05 Going to coordinates X=-27.048, Y=-38.991
06.05 18:40:05 Moving is finished
06.05 18:41:42 Scanning 36 point from 572
06.05 18:41:42 Going to coordinates X=-26.998, Y=-38.991
06.05 18:41:42 Moving is finished
06.05 18:43:19 Scanning 37 point from 572
06.05 18:43:19 Going to coordinates X=-26.948, Y=-38.991
06.05 18:43:19 Moving is finished
06.05 18:44:55 Scanning 38 point from 572
06.05 18:44:55 Going to coordinates X=-26.898, Y=-38.991
06.05 18:44:56 Moving is finished
06.05 18:46:32 Scanning 39 point from 572
06.05 18:46:32 Going to coordinates X=-26.848, Y=-38.991
06.05 18:46:32 Moving is finished
06.05 18:48:09 Scanning 40 point from 572
06.05 18:48:09 Going to coordinates X=-26.798, Y=-38.991
06.05 18:48:09 Moving is finished
06.05 18:49:46 Scanning 41 point from 572
06.05 18:49:46 Going to coordinates X=-26.748, Y=-38.991
06.05 18:49:46 Moving is finished
06.05 18:51:23 Scanning 42 point from 572
06.05 18:51:23 Going to coordinates X=-26.698, Y=-38.991
06.05 18:51:23 Moving is finished
06.05 18:53:00 Scanning 43 point from 572
06.05 18:53:00 Going to coordinates X=-26.648, Y=-38.991
06.05 18:53:00 Moving is finished
06.05 18:54:37 Scanning 44 point from 572
06.05 18:54:37 Going to coordinates X=-27.698, Y=-38.941
06.05 18:54:37 Moving is finished
06.05 18:56:14 Scanning 45 point from 572
06.05 18:56:14 Going to coordinates X=-27.648, Y=-38.941
06.05 18:56:14 Moving is finished
06.05 18:57:50 Scanning 46 point from 572
06.05 18:57:50 Going to coordinates X=-27.598, Y=-38.941
06.05 18:57:51 Moving is finished
06.05 18:59:27 Scanning 47 point from 572
06.05 18:59:27 Going to coordinates X=-27.548, Y=-38.941
06.05 18:59:28 Moving is finished
06.05 19:01:05 Scanning 48 point from 572
06.05 19:01:05 Going to coordinates X=-27.498, Y=-38.941
06.05 19:01:05 Moving is finished
06.05 19:02:41 Scanning 49 point from 572
06.05 19:02:41 Going to coordinates X=-27.448, Y=-38.941
06.05 19:02:41 Moving is finished
06.05 19:04:19 Scanning 50 point from 572
06.05 19:04:19 Going to coordinates X=-27.398, Y=-38.941
06.05 19:04:19 Moving is finished
06.05 19:05:56 Scanning 51 point from 572
06.05 19:05:56 Going to coordinates X=-27.348, Y=-38.941
06.05 19:05:56 Moving is finished
06.05 19:07:32 Scanning 52 point from 572
06.05 19:07:32 Going to coordinates X=-27.298, Y=-38.941
06.05 19:07:33 Moving is finished
06.05 19:09:10 Scanning 53 point from 572
06.05 19:09:10 Going to coordinates X=-27.248, Y=-38.941
06.05 19:09:10 Moving is finished
06.05 19:10:47 Scanning 54 point from 572
06.05 19:10:47 Going to coordinates X=-27.198, Y=-38.941
06.05 19:10:47 Moving is finished
06.05 19:12:23 Scanning 55 point from 572
06.05 19:12:23 Going to coordinates X=-27.148, Y=-38.941
06.05 19:12:24 Moving is finished
06.05 19:14:00 Scanning 56 point from 572
06.05 19:14:00 Going to coordinates X=-27.098, Y=-38.941
06.05 19:14:00 Moving is finished
06.05 19:15:37 Scanning 57 point from 572
06.05 19:15:37 Going to coordinates X=-27.048, Y=-38.941
06.05 19:15:37 Moving is finished
06.05 19:17:14 Scanning 58 point from 572
06.05 19:17:14 Going to coordinates X=-26.998, Y=-38.941
06.05 19:17:14 Moving is finished
06.05 19:18:51 Scanning 59 point from 572
06.05 19:18:51 Going to coordinates X=-26.948, Y=-38.941
06.05 19:18:51 Moving is finished
06.05 19:20:27 Scanning 60 point from 572
06.05 19:20:27 Going to coordinates X=-26.898, Y=-38.941
06.05 19:20:28 Moving is finished
06.05 19:22:04 Scanning 61 point from 572
06.05 19:22:04 Going to coordinates X=-26.848, Y=-38.941
06.05 19:22:04 Moving is finished
06.05 19:23:41 Scanning 62 point from 572
06.05 19:23:41 Going to coordinates X=-26.798, Y=-38.941
06.05 19:23:41 Moving is finished
06.05 19:25:17 Scanning 63 point from 572
06.05 19:25:17 Going to coordinates X=-26.748, Y=-38.941
06.05 19:25:17 Moving is finished
06.05 19:26:54 Scanning 64 point from 572
06.05 19:26:54 Going to coordinates X=-26.698, Y=-38.941
06.05 19:26:54 Moving is finished
06.05 19:28:31 Scanning 65 point from 572
06.05 19:28:31 Going to coordinates X=-26.648, Y=-38.941
06.05 19:28:31 Moving is finished
06.05 19:30:08 Scanning 66 point from 572
06.05 19:30:08 Going to coordinates X=-27.698, Y=-38.891
06.05 19:30:08 Moving is finished
06.05 19:31:45 Scanning 67 point from 572
06.05 19:31:45 Going to coordinates X=-27.648, Y=-38.891
06.05 19:31:45 Moving is finished
06.05 19:33:21 Scanning 68 point from 572
06.05 19:33:21 Going to coordinates X=-27.598, Y=-38.891
06.05 19:33:22 Moving is finished
06.05 19:34:58 Scanning 69 point from 572
06.05 19:34:58 Going to coordinates X=-27.548, Y=-38.891
06.05 19:34:58 Moving is finished
06.05 19:36:35 Scanning 70 point from 572
06.05 19:36:35 Going to coordinates X=-27.498, Y=-38.891
06.05 19:36:35 Moving is finished
06.05 19:38:12 Scanning 71 point from 572
06.05 19:38:12 Going to coordinates X=-27.448, Y=-38.891
06.05 19:38:13 Moving is finished
06.05 19:39:49 Scanning 72 point from 572
06.05 19:39:49 Going to coordinates X=-27.398, Y=-38.891
06.05 19:39:49 Moving is finished
06.05 19:41:26 Scanning 73 point from 572
06.05 19:41:26 Going to coordinates X=-27.348, Y=-38.891
06.05 19:41:26 Moving is finished
06.05 19:43:02 Scanning 74 point from 572
06.05 19:43:02 Going to coordinates X=-27.298, Y=-38.891
06.05 19:43:03 Moving is finished
06.05 19:44:39 Scanning 75 point from 572
06.05 19:44:39 Going to coordinates X=-27.248, Y=-38.891
06.05 19:44:39 Moving is finished
06.05 19:46:15 Scanning 76 point from 572
06.05 19:46:15 Going to coordinates X=-27.198, Y=-38.891
06.05 19:46:16 Moving is finished
06.05 19:47:52 Scanning 77 point from 572
06.05 19:47:52 Going to coordinates X=-27.148, Y=-38.891
06.05 19:47:52 Moving is finished
06.05 19:49:29 Scanning 78 point from 572
06.05 19:49:29 Going to coordinates X=-27.098, Y=-38.891
06.05 19:49:29 Moving is finished
06.05 19:51:06 Scanning 79 point from 572
06.05 19:51:06 Going to coordinates X=-27.048, Y=-38.891
06.05 19:51:06 Moving is finished
06.05 19:52:42 Scanning 80 point from 572
06.05 19:52:42 Going to coordinates X=-26.998, Y=-38.891
06.05 19:52:42 Moving is finished
06.05 19:54:19 Scanning 81 point from 572
06.05 19:54:19 Going to coordinates X=-26.948, Y=-38.891
06.05 19:54:19 Moving is finished
06.05 19:55:56 Scanning 82 point from 572
06.05 19:55:56 Going to coordinates X=-26.898, Y=-38.891
06.05 19:55:56 Moving is finished
06.05 19:57:34 Scanning 83 point from 572
06.05 19:57:34 Going to coordinates X=-26.848, Y=-38.891
06.05 19:57:34 Moving is finished
06.05 19:59:11 Scanning 84 point from 572
06.05 19:59:11 Going to coordinates X=-26.798, Y=-38.891
06.05 19:59:11 Moving is finished
06.05 20:00:47 Scanning 85 point from 572
06.05 20:00:47 Going to coordinates X=-26.748, Y=-38.891
06.05 20:00:47 Moving is finished
06.05 20:02:24 Scanning 86 point from 572
06.05 20:02:24 Going to coordinates X=-26.698, Y=-38.891
06.05 20:02:24 Moving is finished
06.05 20:04:01 Scanning 87 point from 572
06.05 20:04:01 Going to coordinates X=-26.648, Y=-38.891
06.05 20:04:01 Moving is finished
06.05 20:05:38 Scanning 88 point from 572
06.05 20:05:38 Going to coordinates X=-27.698, Y=-38.841
06.05 20:05:39 Moving is finished
06.05 20:07:15 Scanning 89 point from 572
06.05 20:07:15 Going to coordinates X=-27.648, Y=-38.841
06.05 20:07:15 Moving is finished
06.05 20:08:52 Scanning 90 point from 572
06.05 20:08:52 Going to coordinates X=-27.598, Y=-38.841
06.05 20:08:52 Moving is finished
06.05 20:10:29 Scanning 91 point from 572
06.05 20:10:29 Going to coordinates X=-27.548, Y=-38.841
06.05 20:10:29 Moving is finished
06.05 20:12:06 Scanning 92 point from 572
06.05 20:12:06 Going to coordinates X=-27.498, Y=-38.841
06.05 20:12:06 Moving is finished
06.05 20:13:42 Scanning 93 point from 572
06.05 20:13:42 Going to coordinates X=-27.448, Y=-38.841
06.05 20:13:42 Moving is finished
06.05 20:15:19 Scanning 94 point from 572
06.05 20:15:19 Going to coordinates X=-27.398, Y=-38.841
06.05 20:15:19 Moving is finished
06.05 20:16:55 Scanning 95 point from 572
06.05 20:16:55 Going to coordinates X=-27.348, Y=-38.841
06.05 20:16:56 Moving is finished
06.05 20:18:32 Scanning 96 point from 572
06.05 20:18:32 Going to coordinates X=-27.298, Y=-38.841
06.05 20:18:32 Moving is finished
06.05 20:20:09 Scanning 97 point from 572
06.05 20:20:09 Going to coordinates X=-27.248, Y=-38.841
06.05 20:20:09 Moving is finished
06.05 20:21:45 Scanning 98 point from 572
06.05 20:21:45 Going to coordinates X=-27.198, Y=-38.841
06.05 20:21:45 Moving is finished
06.05 20:23:22 Scanning 99 point from 572
06.05 20:23:22 Going to coordinates X=-27.148, Y=-38.841
06.05 20:23:22 Moving is finished
06.05 20:24:58 Scanning 100 point from 572
06.05 20:24:58 Going to coordinates X=-27.098, Y=-38.841
06.05 20:24:59 Moving is finished
06.05 20:26:35 Scanning 101 point from 572
06.05 20:26:35 Going to coordinates X=-27.048, Y=-38.841
06.05 20:26:35 Moving is finished
06.05 20:28:12 Scanning 102 point from 572
06.05 20:28:12 Going to coordinates X=-26.998, Y=-38.841
06.05 20:28:12 Moving is finished
06.05 20:29:49 Scanning 103 point from 572
06.05 20:29:49 Going to coordinates X=-26.948, Y=-38.841
06.05 20:29:49 Moving is finished
06.05 20:31:26 Scanning 104 point from 572
06.05 20:31:26 Going to coordinates X=-26.898, Y=-38.841
06.05 20:31:26 Moving is finished
06.05 20:33:03 Scanning 105 point from 572
06.05 20:33:03 Going to coordinates X=-26.848, Y=-38.841
06.05 20:33:03 Moving is finished
06.05 20:34:39 Scanning 106 point from 572
06.05 20:34:39 Going to coordinates X=-26.798, Y=-38.841
06.05 20:34:39 Moving is finished
06.05 20:36:16 Scanning 107 point from 572
06.05 20:36:16 Going to coordinates X=-26.748, Y=-38.841
06.05 20:36:16 Moving is finished
06.05 20:37:53 Scanning 108 point from 572
06.05 20:37:53 Going to coordinates X=-26.698, Y=-38.841
06.05 20:37:53 Moving is finished
06.05 20:39:30 Scanning 109 point from 572
06.05 20:39:30 Going to coordinates X=-26.648, Y=-38.841
06.05 20:39:30 Moving is finished
06.05 20:41:06 Scanning 110 point from 572
06.05 20:41:06 Going to coordinates X=-27.698, Y=-38.791
06.05 20:41:07 Moving is finished
06.05 20:42:44 Scanning 111 point from 572
06.05 20:42:44 Going to coordinates X=-27.648, Y=-38.791
06.05 20:42:44 Moving is finished
06.05 20:44:21 Scanning 112 point from 572
06.05 20:44:21 Going to coordinates X=-27.598, Y=-38.791
06.05 20:44:21 Moving is finished
06.05 20:45:57 Scanning 113 point from 572
06.05 20:45:57 Going to coordinates X=-27.548, Y=-38.791
06.05 20:45:58 Moving is finished
06.05 20:47:34 Scanning 114 point from 572
06.05 20:47:34 Going to coordinates X=-27.498, Y=-38.791
06.05 20:47:34 Moving is finished
06.05 20:49:11 Scanning 115 point from 572
06.05 20:49:11 Going to coordinates X=-27.448, Y=-38.791
06.05 20:49:11 Moving is finished
06.05 20:50:47 Scanning 116 point from 572
06.05 20:50:47 Going to coordinates X=-27.398, Y=-38.791
06.05 20:50:47 Moving is finished
06.05 20:52:25 Scanning 117 point from 572
06.05 20:52:25 Going to coordinates X=-27.348, Y=-38.791
06.05 20:52:25 Moving is finished
06.05 20:54:02 Scanning 118 point from 572
06.05 20:54:02 Going to coordinates X=-27.298, Y=-38.791
06.05 20:54:02 Moving is finished
06.05 20:55:39 Scanning 119 point from 572
06.05 20:55:39 Going to coordinates X=-27.248, Y=-38.791
06.05 20:55:39 Moving is finished
06.05 20:57:16 Scanning 120 point from 572
06.05 20:57:16 Going to coordinates X=-27.198, Y=-38.791
06.05 20:57:16 Moving is finished
06.05 20:58:52 Scanning 121 point from 572
06.05 20:58:52 Going to coordinates X=-27.148, Y=-38.791
06.05 20:58:53 Moving is finished
06.05 21:00:29 Scanning 122 point from 572
06.05 21:00:29 Going to coordinates X=-27.098, Y=-38.791
06.05 21:00:30 Moving is finished
06.05 21:02:06 Scanning 123 point from 572
06.05 21:02:06 Going to coordinates X=-27.048, Y=-38.791
06.05 21:02:07 Moving is finished
06.05 21:03:43 Scanning 124 point from 572
06.05 21:03:43 Going to coordinates X=-26.998, Y=-38.791
06.05 21:03:43 Moving is finished
06.05 21:05:20 Scanning 125 point from 572
06.05 21:05:20 Going to coordinates X=-26.948, Y=-38.791
06.05 21:05:20 Moving is finished
06.05 21:06:57 Scanning 126 point from 572
06.05 21:06:57 Going to coordinates X=-26.898, Y=-38.791
06.05 21:06:57 Moving is finished
06.05 21:08:34 Scanning 127 point from 572
06.05 21:08:34 Going to coordinates X=-26.848, Y=-38.791
06.05 21:08:34 Moving is finished
06.05 21:10:10 Scanning 128 point from 572
06.05 21:10:10 Going to coordinates X=-26.798, Y=-38.791
06.05 21:10:11 Moving is finished
06.05 21:11:47 Scanning 129 point from 572
06.05 21:11:47 Going to coordinates X=-26.748, Y=-38.791
06.05 21:11:48 Moving is finished
06.05 21:13:24 Scanning 130 point from 572
06.05 21:13:24 Going to coordinates X=-26.698, Y=-38.791
06.05 21:13:24 Moving is finished
06.05 21:15:01 Scanning 131 point from 572
06.05 21:15:01 Going to coordinates X=-26.648, Y=-38.791
06.05 21:15:01 Moving is finished
06.05 21:16:37 Scanning 132 point from 572
06.05 21:16:37 Going to coordinates X=-27.698, Y=-38.741
06.05 21:16:38 Moving is finished
06.05 21:18:15 Scanning 133 point from 572
06.05 21:18:15 Going to coordinates X=-27.648, Y=-38.741
06.05 21:18:15 Moving is finished
06.05 21:19:51 Scanning 134 point from 572
06.05 21:19:51 Going to coordinates X=-27.598, Y=-38.741
06.05 21:19:51 Moving is finished
06.05 21:21:28 Scanning 135 point from 572
06.05 21:21:28 Going to coordinates X=-27.548, Y=-38.741
06.05 21:21:28 Moving is finished
06.05 21:23:05 Scanning 136 point from 572
06.05 21:23:05 Going to coordinates X=-27.498, Y=-38.741
06.05 21:23:05 Moving is finished
06.05 21:24:41 Scanning 137 point from 572
06.05 21:24:41 Going to coordinates X=-27.448, Y=-38.741
06.05 21:24:41 Moving is finished
06.05 21:26:18 Scanning 138 point from 572
06.05 21:26:18 Going to coordinates X=-27.398, Y=-38.741
06.05 21:26:18 Moving is finished
06.05 21:27:54 Scanning 139 point from 572
06.05 21:27:54 Going to coordinates X=-27.348, Y=-38.741
06.05 21:27:55 Moving is finished
06.05 21:29:31 Scanning 140 point from 572
06.05 21:29:31 Going to coordinates X=-27.298, Y=-38.741
06.05 21:29:31 Moving is finished
06.05 21:31:08 Scanning 141 point from 572
06.05 21:31:08 Going to coordinates X=-27.248, Y=-38.741
06.05 21:31:08 Moving is finished
06.05 21:32:45 Scanning 142 point from 572
06.05 21:32:45 Going to coordinates X=-27.198, Y=-38.741
06.05 21:32:45 Moving is finished
06.05 21:34:22 Scanning 143 point from 572
06.05 21:34:22 Going to coordinates X=-27.148, Y=-38.741
06.05 21:34:22 Moving is finished
06.05 21:35:58 Scanning 144 point from 572
06.05 21:35:58 Going to coordinates X=-27.098, Y=-38.741
06.05 21:35:58 Moving is finished
06.05 21:37:35 Scanning 145 point from 572
06.05 21:37:35 Going to coordinates X=-27.048, Y=-38.741
06.05 21:37:35 Moving is finished
06.05 21:39:12 Scanning 146 point from 572
06.05 21:39:12 Going to coordinates X=-26.998, Y=-38.741
06.05 21:39:12 Moving is finished
06.05 21:40:49 Scanning 147 point from 572
06.05 21:40:49 Going to coordinates X=-26.948, Y=-38.741
06.05 21:40:49 Moving is finished
06.05 21:42:26 Scanning 148 point from 572
06.05 21:42:26 Going to coordinates X=-26.898, Y=-38.741
06.05 21:42:26 Moving is finished
06.05 21:44:03 Scanning 149 point from 572
06.05 21:44:03 Going to coordinates X=-26.848, Y=-38.741
06.05 21:44:03 Moving is finished
06.05 21:45:40 Scanning 150 point from 572
06.05 21:45:40 Going to coordinates X=-26.798, Y=-38.741
06.05 21:45:41 Moving is finished
06.05 21:47:17 Scanning 151 point from 572
06.05 21:47:17 Going to coordinates X=-26.748, Y=-38.741
06.05 21:47:17 Moving is finished
06.05 21:48:54 Scanning 152 point from 572
06.05 21:48:54 Going to coordinates X=-26.698, Y=-38.741
06.05 21:48:54 Moving is finished
06.05 21:50:30 Scanning 153 point from 572
06.05 21:50:30 Going to coordinates X=-26.648, Y=-38.741
06.05 21:50:31 Moving is finished
06.05 21:52:07 Scanning 154 point from 572
06.05 21:52:07 Going to coordinates X=-27.698, Y=-38.691
06.05 21:52:08 Moving is finished
06.05 21:53:44 Scanning 155 point from 572
06.05 21:53:44 Going to coordinates X=-27.648, Y=-38.691
06.05 21:53:44 Moving is finished
06.05 21:55:21 Scanning 156 point from 572
06.05 21:55:21 Going to coordinates X=-27.598, Y=-38.691
06.05 21:55:21 Moving is finished
06.05 21:56:57 Scanning 157 point from 572
06.05 21:56:57 Going to coordinates X=-27.548, Y=-38.691
06.05 21:56:58 Moving is finished
06.05 21:58:34 Scanning 158 point from 572
06.05 21:58:34 Going to coordinates X=-27.498, Y=-38.691
06.05 21:58:34 Moving is finished
06.05 22:00:11 Scanning 159 point from 572
06.05 22:00:11 Going to coordinates X=-27.448, Y=-38.691
06.05 22:00:11 Moving is finished
06.05 22:01:48 Scanning 160 point from 572
06.05 22:01:48 Going to coordinates X=-27.398, Y=-38.691
06.05 22:01:48 Moving is finished
06.05 22:03:25 Scanning 161 point from 572
06.05 22:03:25 Going to coordinates X=-27.348, Y=-38.691
06.05 22:03:25 Moving is finished
06.05 22:05:02 Scanning 162 point from 572
06.05 22:05:02 Going to coordinates X=-27.298, Y=-38.691
06.05 22:05:02 Moving is finished
06.05 22:06:38 Scanning 163 point from 572
06.05 22:06:38 Going to coordinates X=-27.248, Y=-38.691
06.05 22:06:39 Moving is finished
06.05 22:08:15 Scanning 164 point from 572
06.05 22:08:15 Going to coordinates X=-27.198, Y=-38.691
06.05 22:08:16 Moving is finished
06.05 22:09:52 Scanning 165 point from 572
06.05 22:09:52 Going to coordinates X=-27.148, Y=-38.691
06.05 22:09:52 Moving is finished
06.05 22:11:28 Scanning 166 point from 572
06.05 22:11:28 Going to coordinates X=-27.098, Y=-38.691
06.05 22:11:29 Moving is finished
06.05 22:13:05 Scanning 167 point from 572
06.05 22:13:05 Going to coordinates X=-27.048, Y=-38.691
06.05 22:13:05 Moving is finished
06.05 22:14:42 Scanning 168 point from 572
06.05 22:14:42 Going to coordinates X=-26.998, Y=-38.691
06.05 22:14:42 Moving is finished
06.05 22:16:19 Scanning 169 point from 572
06.05 22:16:19 Going to coordinates X=-26.948, Y=-38.691
06.05 22:16:19 Moving is finished
06.05 22:17:56 Scanning 170 point from 572
06.05 22:17:56 Going to coordinates X=-26.898, Y=-38.691
06.05 22:17:56 Moving is finished
06.05 22:19:32 Scanning 171 point from 572
06.05 22:19:32 Going to coordinates X=-26.848, Y=-38.691
06.05 22:19:32 Moving is finished
06.05 22:21:09 Scanning 172 point from 572
06.05 22:21:09 Going to coordinates X=-26.798, Y=-38.691
06.05 22:21:10 Moving is finished
06.05 22:22:47 Scanning 173 point from 572
06.05 22:22:47 Going to coordinates X=-26.748, Y=-38.691
06.05 22:22:47 Moving is finished
06.05 22:24:24 Scanning 174 point from 572
06.05 22:24:24 Going to coordinates X=-26.698, Y=-38.691
06.05 22:24:24 Moving is finished
06.05 22:26:01 Scanning 175 point from 572
06.05 22:26:01 Going to coordinates X=-26.648, Y=-38.691
06.05 22:26:01 Moving is finished
06.05 22:27:38 Scanning 176 point from 572
06.05 22:27:38 Going to coordinates X=-27.698, Y=-38.641
06.05 22:27:39 Moving is finished
06.05 22:29:15 Scanning 177 point from 572
06.05 22:29:15 Going to coordinates X=-27.648, Y=-38.641
06.05 22:29:16 Moving is finished
06.05 22:30:52 Scanning 178 point from 572
06.05 22:30:52 Going to coordinates X=-27.598, Y=-38.641
06.05 22:30:52 Moving is finished
06.05 22:32:29 Scanning 179 point from 572
06.05 22:32:29 Going to coordinates X=-27.548, Y=-38.641
06.05 22:32:29 Moving is finished
06.05 22:34:05 Scanning 180 point from 572
06.05 22:34:05 Going to coordinates X=-27.498, Y=-38.641
06.05 22:34:06 Moving is finished
06.05 22:35:42 Scanning 181 point from 572
06.05 22:35:42 Going to coordinates X=-27.448, Y=-38.641
06.05 22:35:42 Moving is finished
06.05 22:37:19 Scanning 182 point from 572
06.05 22:37:19 Going to coordinates X=-27.398, Y=-38.641
06.05 22:37:19 Moving is finished
06.05 22:38:55 Scanning 183 point from 572
06.05 22:38:55 Going to coordinates X=-27.348, Y=-38.641
06.05 22:38:56 Moving is finished
06.05 22:40:33 Scanning 184 point from 572
06.05 22:40:33 Going to coordinates X=-27.298, Y=-38.641
06.05 22:40:33 Moving is finished
06.05 22:42:10 Scanning 185 point from 572
06.05 22:42:10 Going to coordinates X=-27.248, Y=-38.641
06.05 22:42:10 Moving is finished
06.05 22:43:46 Scanning 186 point from 572
06.05 22:43:46 Going to coordinates X=-27.198, Y=-38.641
06.05 22:43:46 Moving is finished
06.05 22:45:23 Scanning 187 point from 572
06.05 22:45:23 Going to coordinates X=-27.148, Y=-38.641
06.05 22:45:23 Moving is finished
06.05 22:46:59 Scanning 188 point from 572
06.05 22:46:59 Going to coordinates X=-27.098, Y=-38.641
06.05 22:46:59 Moving is finished
06.05 22:48:36 Scanning 189 point from 572
06.05 22:48:36 Going to coordinates X=-27.048, Y=-38.641
06.05 22:48:36 Moving is finished
06.05 22:50:12 Scanning 190 point from 572
06.05 22:50:12 Going to coordinates X=-26.998, Y=-38.641
06.05 22:50:13 Moving is finished
06.05 22:51:49 Scanning 191 point from 572
06.05 22:51:49 Going to coordinates X=-26.948, Y=-38.641
06.05 22:51:49 Moving is finished
06.05 22:53:26 Scanning 192 point from 572
06.05 22:53:26 Going to coordinates X=-26.898, Y=-38.641
06.05 22:53:26 Moving is finished
06.05 22:55:02 Scanning 193 point from 572
06.05 22:55:02 Going to coordinates X=-26.848, Y=-38.641
06.05 22:55:02 Moving is finished
06.05 22:56:39 Scanning 194 point from 572
06.05 22:56:39 Going to coordinates X=-26.798, Y=-38.641
06.05 22:56:39 Moving is finished
06.05 22:58:15 Scanning 195 point from 572
06.05 22:58:15 Going to coordinates X=-26.748, Y=-38.641
06.05 22:58:16 Moving is finished
06.05 22:59:52 Scanning 196 point from 572
06.05 22:59:52 Going to coordinates X=-26.698, Y=-38.641
06.05 22:59:52 Moving is finished
06.05 23:01:29 Scanning 197 point from 572
06.05 23:01:29 Going to coordinates X=-26.648, Y=-38.641
06.05 23:01:29 Moving is finished
06.05 23:03:05 Scanning 198 point from 572
06.05 23:03:05 Going to coordinates X=-27.698, Y=-38.591
06.05 23:03:06 Moving is finished
06.05 23:04:42 Scanning 199 point from 572
06.05 23:04:42 Going to coordinates X=-27.648, Y=-38.591
06.05 23:04:42 Moving is finished
06.05 23:06:18 Scanning 200 point from 572
06.05 23:06:18 Going to coordinates X=-27.598, Y=-38.591
06.05 23:06:19 Moving is finished
06.05 23:07:56 Scanning 201 point from 572
06.05 23:07:56 Going to coordinates X=-27.548, Y=-38.591
06.05 23:07:56 Moving is finished
06.05 23:09:32 Scanning 202 point from 572
06.05 23:09:32 Going to coordinates X=-27.498, Y=-38.591
06.05 23:09:33 Moving is finished
06.05 23:11:09 Scanning 203 point from 572
06.05 23:11:09 Going to coordinates X=-27.448, Y=-38.591
06.05 23:11:09 Moving is finished
06.05 23:12:46 Scanning 204 point from 572
06.05 23:12:46 Going to coordinates X=-27.398, Y=-38.591
06.05 23:12:46 Moving is finished
06.05 23:14:23 Scanning 205 point from 572
06.05 23:14:23 Going to coordinates X=-27.348, Y=-38.591
06.05 23:14:23 Moving is finished
06.05 23:15:59 Scanning 206 point from 572
06.05 23:15:59 Going to coordinates X=-27.298, Y=-38.591
06.05 23:15:59 Moving is finished
06.05 23:17:36 Scanning 207 point from 572
06.05 23:17:36 Going to coordinates X=-27.248, Y=-38.591
06.05 23:17:36 Moving is finished
06.05 23:19:12 Scanning 208 point from 572
06.05 23:19:12 Going to coordinates X=-27.198, Y=-38.591
06.05 23:19:12 Moving is finished
06.05 23:20:49 Scanning 209 point from 572
06.05 23:20:49 Going to coordinates X=-27.148, Y=-38.591
06.05 23:20:49 Moving is finished
06.05 23:22:26 Scanning 210 point from 572
06.05 23:22:26 Going to coordinates X=-27.098, Y=-38.591
06.05 23:22:26 Moving is finished
06.05 23:24:02 Scanning 211 point from 572
06.05 23:24:02 Going to coordinates X=-27.048, Y=-38.591
06.05 23:24:02 Moving is finished
06.05 23:25:39 Scanning 212 point from 572
06.05 23:25:39 Going to coordinates X=-26.998, Y=-38.591
06.05 23:25:39 Moving is finished
06.05 23:27:16 Scanning 213 point from 572
06.05 23:27:16 Going to coordinates X=-26.948, Y=-38.591
06.05 23:27:16 Moving is finished
06.05 23:28:52 Scanning 214 point from 572
06.05 23:28:52 Going to coordinates X=-26.898, Y=-38.591
06.05 23:28:53 Moving is finished
06.05 23:30:29 Scanning 215 point from 572
06.05 23:30:29 Going to coordinates X=-26.848, Y=-38.591
06.05 23:30:29 Moving is finished
06.05 23:32:06 Scanning 216 point from 572
06.05 23:32:06 Going to coordinates X=-26.798, Y=-38.591
06.05 23:32:06 Moving is finished
06.05 23:33:42 Scanning 217 point from 572
06.05 23:33:42 Going to coordinates X=-26.748, Y=-38.591
06.05 23:33:43 Moving is finished
06.05 23:35:20 Scanning 218 point from 572
06.05 23:35:20 Going to coordinates X=-26.698, Y=-38.591
06.05 23:35:20 Moving is finished
06.05 23:36:57 Scanning 219 point from 572
06.05 23:36:57 Going to coordinates X=-26.648, Y=-38.591
06.05 23:36:57 Moving is finished
06.05 23:38:34 Scanning 220 point from 572
06.05 23:38:34 Going to coordinates X=-27.698, Y=-38.541
06.05 23:38:35 Moving is finished
06.05 23:40:11 Scanning 221 point from 572
06.05 23:40:11 Going to coordinates X=-27.648, Y=-38.541
06.05 23:40:11 Moving is finished
06.05 23:41:48 Scanning 222 point from 572
06.05 23:41:48 Going to coordinates X=-27.598, Y=-38.541
06.05 23:41:48 Moving is finished
06.05 23:43:25 Scanning 223 point from 572
06.05 23:43:25 Going to coordinates X=-27.548, Y=-38.541
06.05 23:43:25 Moving is finished
06.05 23:45:03 Scanning 224 point from 572
06.05 23:45:03 Going to coordinates X=-27.498, Y=-38.541
06.05 23:45:03 Moving is finished
06.05 23:46:40 Scanning 225 point from 572
06.05 23:46:40 Going to coordinates X=-27.448, Y=-38.541
06.05 23:46:40 Moving is finished
06.05 23:48:17 Scanning 226 point from 572
06.05 23:48:17 Going to coordinates X=-27.398, Y=-38.541
06.05 23:48:17 Moving is finished
06.05 23:49:54 Scanning 227 point from 572
06.05 23:49:54 Going to coordinates X=-27.348, Y=-38.541
06.05 23:49:54 Moving is finished
06.05 23:51:31 Scanning 228 point from 572
06.05 23:51:31 Going to coordinates X=-27.298, Y=-38.541
06.05 23:51:31 Moving is finished
06.05 23:53:08 Scanning 229 point from 572
06.05 23:53:08 Going to coordinates X=-27.248, Y=-38.541
06.05 23:53:08 Moving is finished
06.05 23:54:45 Scanning 230 point from 572
06.05 23:54:45 Going to coordinates X=-27.198, Y=-38.541
06.05 23:54:45 Moving is finished
06.05 23:56:21 Scanning 231 point from 572
06.05 23:56:21 Going to coordinates X=-27.148, Y=-38.541
06.05 23:56:22 Moving is finished
06.05 23:57:58 Scanning 232 point from 572
06.05 23:57:58 Going to coordinates X=-27.098, Y=-38.541
06.05 23:57:58 Moving is finished
06.05 23:59:35 Scanning 233 point from 572
06.05 23:59:35 Going to coordinates X=-27.048, Y=-38.541
06.05 23:59:35 Moving is finished
07.05 00:01:12 Scanning 234 point from 572
07.05 00:01:12 Going to coordinates X=-26.998, Y=-38.541
07.05 00:01:12 Moving is finished
07.05 00:02:49 Scanning 235 point from 572
07.05 00:02:49 Going to coordinates X=-26.948, Y=-38.541
07.05 00:02:49 Moving is finished
07.05 00:04:26 Scanning 236 point from 572
07.05 00:04:26 Going to coordinates X=-26.898, Y=-38.541
07.05 00:04:26 Moving is finished
07.05 00:06:02 Scanning 237 point from 572
07.05 00:06:02 Going to coordinates X=-26.848, Y=-38.541
07.05 00:06:03 Moving is finished
07.05 00:07:39 Scanning 238 point from 572
07.05 00:07:39 Going to coordinates X=-26.798, Y=-38.541
07.05 00:07:39 Moving is finished
07.05 00:09:16 Scanning 239 point from 572
07.05 00:09:16 Going to coordinates X=-26.748, Y=-38.541
07.05 00:09:16 Moving is finished
07.05 00:10:53 Scanning 240 point from 572
07.05 00:10:53 Going to coordinates X=-26.698, Y=-38.541
07.05 00:10:53 Moving is finished
07.05 00:12:29 Scanning 241 point from 572
07.05 00:12:29 Going to coordinates X=-26.648, Y=-38.541
07.05 00:12:30 Moving is finished
07.05 00:14:06 Scanning 242 point from 572
07.05 00:14:06 Going to coordinates X=-27.698, Y=-38.491
07.05 00:14:07 Moving is finished
07.05 00:15:43 Scanning 243 point from 572
07.05 00:15:43 Going to coordinates X=-27.648, Y=-38.491
07.05 00:15:43 Moving is finished
07.05 00:17:20 Scanning 244 point from 572
07.05 00:17:20 Going to coordinates X=-27.598, Y=-38.491
07.05 00:17:20 Moving is finished
07.05 00:18:56 Scanning 245 point from 572
07.05 00:18:56 Going to coordinates X=-27.548, Y=-38.491
07.05 00:18:57 Moving is finished
07.05 00:20:33 Scanning 246 point from 572
07.05 00:20:33 Going to coordinates X=-27.498, Y=-38.491
07.05 00:20:33 Moving is finished
07.05 00:22:09 Scanning 247 point from 572
07.05 00:22:09 Going to coordinates X=-27.448, Y=-38.491
07.05 00:22:10 Moving is finished
07.05 00:23:47 Scanning 248 point from 572
07.05 00:23:47 Going to coordinates X=-27.398, Y=-38.491
07.05 00:23:47 Moving is finished
07.05 00:25:23 Scanning 249 point from 572
07.05 00:25:23 Going to coordinates X=-27.348, Y=-38.491
07.05 00:25:24 Moving is finished
07.05 00:27:00 Scanning 250 point from 572
07.05 00:27:00 Going to coordinates X=-27.298, Y=-38.491
07.05 00:27:00 Moving is finished
07.05 00:28:37 Scanning 251 point from 572
07.05 00:28:37 Going to coordinates X=-27.248, Y=-38.491
07.05 00:28:37 Moving is finished
07.05 00:30:14 Scanning 252 point from 572
07.05 00:30:14 Going to coordinates X=-27.198, Y=-38.491
07.05 00:30:14 Moving is finished
07.05 00:31:51 Scanning 253 point from 572
07.05 00:31:51 Going to coordinates X=-27.148, Y=-38.491
07.05 00:31:51 Moving is finished
07.05 00:33:27 Scanning 254 point from 572
07.05 00:33:27 Going to coordinates X=-27.098, Y=-38.491
07.05 00:33:27 Moving is finished
07.05 00:35:04 Scanning 255 point from 572
07.05 00:35:04 Going to coordinates X=-27.048, Y=-38.491
07.05 00:35:04 Moving is finished
07.05 00:36:41 Scanning 256 point from 572
07.05 00:36:41 Going to coordinates X=-26.998, Y=-38.491
07.05 00:36:41 Moving is finished
07.05 00:38:18 Scanning 257 point from 572
07.05 00:38:18 Going to coordinates X=-26.948, Y=-38.491
07.05 00:38:18 Moving is finished
07.05 00:39:54 Scanning 258 point from 572
07.05 00:39:54 Going to coordinates X=-26.898, Y=-38.491
07.05 00:39:55 Moving is finished
07.05 00:41:32 Scanning 259 point from 572
07.05 00:41:32 Going to coordinates X=-26.848, Y=-38.491
07.05 00:41:32 Moving is finished
07.05 00:43:09 Scanning 260 point from 572
07.05 00:43:09 Going to coordinates X=-26.798, Y=-38.491
07.05 00:43:09 Moving is finished
07.05 00:44:45 Scanning 261 point from 572
07.05 00:44:45 Going to coordinates X=-26.748, Y=-38.491
07.05 00:44:46 Moving is finished
07.05 00:46:23 Scanning 262 point from 572
07.05 00:46:23 Going to coordinates X=-26.698, Y=-38.491
07.05 00:46:23 Moving is finished
07.05 00:48:00 Scanning 263 point from 572
07.05 00:48:00 Going to coordinates X=-26.648, Y=-38.491
07.05 00:48:00 Moving is finished
07.05 00:49:37 Scanning 264 point from 572
07.05 00:49:37 Going to coordinates X=-27.698, Y=-38.441
07.05 00:49:38 Moving is finished
07.05 00:51:14 Scanning 265 point from 572
07.05 00:51:14 Going to coordinates X=-27.648, Y=-38.441
07.05 00:51:14 Moving is finished
07.05 00:52:51 Scanning 266 point from 572
07.05 00:52:51 Going to coordinates X=-27.598, Y=-38.441
07.05 00:52:51 Moving is finished
07.05 00:54:28 Scanning 267 point from 572
07.05 00:54:28 Going to coordinates X=-27.548, Y=-38.441
07.05 00:54:28 Moving is finished
07.05 00:56:04 Scanning 268 point from 572
07.05 00:56:04 Going to coordinates X=-27.498, Y=-38.441
07.05 00:56:04 Moving is finished
07.05 00:57:41 Scanning 269 point from 572
07.05 00:57:41 Going to coordinates X=-27.448, Y=-38.441
07.05 00:57:41 Moving is finished
07.05 00:59:18 Scanning 270 point from 572
07.05 00:59:18 Going to coordinates X=-27.398, Y=-38.441
07.05 00:59:18 Moving is finished
07.05 01:00:54 Scanning 271 point from 572
07.05 01:00:54 Going to coordinates X=-27.348, Y=-38.441
07.05 01:00:54 Moving is finished
07.05 01:02:31 Scanning 272 point from 572
07.05 01:02:31 Going to coordinates X=-27.298, Y=-38.441
07.05 01:02:31 Moving is finished
07.05 01:04:08 Scanning 273 point from 572
07.05 01:04:08 Going to coordinates X=-27.248, Y=-38.441
07.05 01:04:08 Moving is finished
07.05 01:05:45 Scanning 274 point from 572
07.05 01:05:45 Going to coordinates X=-27.198, Y=-38.441
07.05 01:05:45 Moving is finished
07.05 01:07:21 Scanning 275 point from 572
07.05 01:07:21 Going to coordinates X=-27.148, Y=-38.441
07.05 01:07:22 Moving is finished
07.05 01:08:58 Scanning 276 point from 572
07.05 01:08:58 Going to coordinates X=-27.098, Y=-38.441
07.05 01:08:58 Moving is finished
07.05 01:10:35 Scanning 277 point from 572
07.05 01:10:35 Going to coordinates X=-27.048, Y=-38.441
07.05 01:10:36 Moving is finished
07.05 01:12:12 Scanning 278 point from 572
07.05 01:12:12 Going to coordinates X=-26.998, Y=-38.441
07.05 01:12:12 Moving is finished
07.05 01:13:49 Scanning 279 point from 572
07.05 01:13:49 Going to coordinates X=-26.948, Y=-38.441
07.05 01:13:49 Moving is finished
07.05 01:15:25 Scanning 280 point from 572
07.05 01:15:25 Going to coordinates X=-26.898, Y=-38.441
07.05 01:15:26 Moving is finished
07.05 01:17:02 Scanning 281 point from 572
07.05 01:17:02 Going to coordinates X=-26.848, Y=-38.441
07.05 01:17:02 Moving is finished
07.05 01:18:39 Scanning 282 point from 572
07.05 01:18:39 Going to coordinates X=-26.798, Y=-38.441
07.05 01:18:39 Moving is finished
07.05 01:20:16 Scanning 283 point from 572
07.05 01:20:16 Going to coordinates X=-26.748, Y=-38.441
07.05 01:20:16 Moving is finished
07.05 01:21:52 Scanning 284 point from 572
07.05 01:21:52 Going to coordinates X=-26.698, Y=-38.441
07.05 01:21:52 Moving is finished
07.05 01:23:29 Scanning 285 point from 572
07.05 01:23:29 Going to coordinates X=-26.648, Y=-38.441
07.05 01:23:29 Moving is finished
07.05 01:25:05 Scanning 286 point from 572
07.05 01:25:05 Going to coordinates X=-27.698, Y=-38.391
07.05 01:25:06 Moving is finished
07.05 01:26:43 Scanning 287 point from 572
07.05 01:26:43 Going to coordinates X=-27.648, Y=-38.391
07.05 01:26:43 Moving is finished
07.05 01:28:19 Scanning 288 point from 572
07.05 01:28:19 Going to coordinates X=-27.598, Y=-38.391
07.05 01:28:19 Moving is finished
07.05 01:29:56 Scanning 289 point from 572
07.05 01:29:56 Going to coordinates X=-27.548, Y=-38.391
07.05 01:29:56 Moving is finished
07.05 01:31:33 Scanning 290 point from 572
07.05 01:31:33 Going to coordinates X=-27.498, Y=-38.391
07.05 01:31:33 Moving is finished
07.05 01:33:09 Scanning 291 point from 572
07.05 01:33:09 Going to coordinates X=-27.448, Y=-38.391
07.05 01:33:09 Moving is finished
07.05 01:34:46 Scanning 292 point from 572
07.05 01:34:46 Going to coordinates X=-27.398, Y=-38.391
07.05 01:34:47 Moving is finished
07.05 01:36:23 Scanning 293 point from 572
07.05 01:36:23 Going to coordinates X=-27.348, Y=-38.391
07.05 01:36:23 Moving is finished
07.05 01:37:59 Scanning 294 point from 572
07.05 01:37:59 Going to coordinates X=-27.298, Y=-38.391
07.05 01:38:00 Moving is finished
07.05 01:39:36 Scanning 295 point from 572
07.05 01:39:36 Going to coordinates X=-27.248, Y=-38.391
07.05 01:39:36 Moving is finished
07.05 01:41:13 Scanning 296 point from 572
07.05 01:41:13 Going to coordinates X=-27.198, Y=-38.391
07.05 01:41:13 Moving is finished
07.05 01:42:50 Scanning 297 point from 572
07.05 01:42:50 Going to coordinates X=-27.148, Y=-38.391
07.05 01:42:50 Moving is finished
07.05 01:44:27 Scanning 298 point from 572
07.05 01:44:27 Going to coordinates X=-27.098, Y=-38.391
07.05 01:44:27 Moving is finished
07.05 01:46:05 Scanning 299 point from 572
07.05 01:46:05 Going to coordinates X=-27.048, Y=-38.391
07.05 01:46:05 Moving is finished
07.05 01:47:41 Scanning 300 point from 572
07.05 01:47:41 Going to coordinates X=-26.998, Y=-38.391
07.05 01:47:42 Moving is finished
07.05 01:49:18 Scanning 301 point from 572
07.05 01:49:18 Going to coordinates X=-26.948, Y=-38.391
07.05 01:49:18 Moving is finished
07.05 01:50:55 Scanning 302 point from 572
07.05 01:50:55 Going to coordinates X=-26.898, Y=-38.391
07.05 01:50:55 Moving is finished
07.05 01:52:32 Scanning 303 point from 572
07.05 01:52:32 Going to coordinates X=-26.848, Y=-38.391
07.05 01:52:32 Moving is finished
07.05 01:54:09 Scanning 304 point from 572
07.05 01:54:09 Going to coordinates X=-26.798, Y=-38.391
07.05 01:54:09 Moving is finished
07.05 01:55:46 Scanning 305 point from 572
07.05 01:55:46 Going to coordinates X=-26.748, Y=-38.391
07.05 01:55:47 Moving is finished
07.05 01:57:23 Scanning 306 point from 572
07.05 01:57:23 Going to coordinates X=-26.698, Y=-38.391
07.05 01:57:23 Moving is finished
07.05 01:59:00 Scanning 307 point from 572
07.05 01:59:00 Going to coordinates X=-26.648, Y=-38.391
07.05 01:59:00 Moving is finished
07.05 02:00:36 Scanning 308 point from 572
07.05 02:00:36 Going to coordinates X=-27.698, Y=-38.341
07.05 02:00:37 Moving is finished
07.05 02:02:13 Scanning 309 point from 572
07.05 02:02:13 Going to coordinates X=-27.648, Y=-38.341
07.05 02:02:13 Moving is finished
07.05 02:03:50 Scanning 310 point from 572
07.05 02:03:50 Going to coordinates X=-27.598, Y=-38.341
07.05 02:03:50 Moving is finished
07.05 02:05:26 Scanning 311 point from 572
07.05 02:05:26 Going to coordinates X=-27.548, Y=-38.341
07.05 02:05:27 Moving is finished
07.05 02:07:03 Scanning 312 point from 572
07.05 02:07:03 Going to coordinates X=-27.498, Y=-38.341
07.05 02:07:03 Moving is finished
07.05 02:08:40 Scanning 313 point from 572
07.05 02:08:40 Going to coordinates X=-27.448, Y=-38.341
07.05 02:08:40 Moving is finished
07.05 02:10:16 Scanning 314 point from 572
07.05 02:10:16 Going to coordinates X=-27.398, Y=-38.341
07.05 02:10:16 Moving is finished
07.05 02:11:53 Scanning 315 point from 572
07.05 02:11:53 Going to coordinates X=-27.348, Y=-38.341
07.05 02:11:53 Moving is finished
07.05 02:13:29 Scanning 316 point from 572
07.05 02:13:29 Going to coordinates X=-27.298, Y=-38.341
07.05 02:13:30 Moving is finished
07.05 02:15:06 Scanning 317 point from 572
07.05 02:15:06 Going to coordinates X=-27.248, Y=-38.341
07.05 02:15:06 Moving is finished
07.05 02:16:43 Scanning 318 point from 572
07.05 02:16:43 Going to coordinates X=-27.198, Y=-38.341
07.05 02:16:43 Moving is finished
07.05 02:18:20 Scanning 319 point from 572
07.05 02:18:20 Going to coordinates X=-27.148, Y=-38.341
07.05 02:18:20 Moving is finished
07.05 02:19:57 Scanning 320 point from 572
07.05 02:19:57 Going to coordinates X=-27.098, Y=-38.341
07.05 02:19:57 Moving is finished
07.05 02:21:34 Scanning 321 point from 572
07.05 02:21:34 Going to coordinates X=-27.048, Y=-38.341
07.05 02:21:34 Moving is finished
07.05 02:23:11 Scanning 322 point from 572
07.05 02:23:11 Going to coordinates X=-26.998, Y=-38.341
07.05 02:23:11 Moving is finished
07.05 02:24:47 Scanning 323 point from 572
07.05 02:24:47 Going to coordinates X=-26.948, Y=-38.341
07.05 02:24:48 Moving is finished
07.05 02:26:24 Scanning 324 point from 572
07.05 02:26:24 Going to coordinates X=-26.898, Y=-38.341
07.05 02:26:24 Moving is finished
07.05 02:28:01 Scanning 325 point from 572
07.05 02:28:01 Going to coordinates X=-26.848, Y=-38.341
07.05 02:28:01 Moving is finished
07.05 02:29:37 Scanning 326 point from 572
07.05 02:29:37 Going to coordinates X=-26.798, Y=-38.341
07.05 02:29:38 Moving is finished
07.05 02:31:14 Scanning 327 point from 572
07.05 02:31:14 Going to coordinates X=-26.748, Y=-38.341
07.05 02:31:14 Moving is finished
07.05 02:32:50 Scanning 328 point from 572
07.05 02:32:50 Going to coordinates X=-26.698, Y=-38.341
07.05 02:32:50 Moving is finished
07.05 02:34:27 Scanning 329 point from 572
07.05 02:34:27 Going to coordinates X=-26.648, Y=-38.341
07.05 02:34:27 Moving is finished
07.05 02:36:04 Scanning 330 point from 572
07.05 02:36:04 Going to coordinates X=-27.698, Y=-38.291
07.05 02:36:05 Moving is finished
07.05 02:37:41 Scanning 331 point from 572
07.05 02:37:41 Going to coordinates X=-27.648, Y=-38.291
07.05 02:37:41 Moving is finished
07.05 02:39:18 Scanning 332 point from 572
07.05 02:39:18 Going to coordinates X=-27.598, Y=-38.291
07.05 02:39:19 Moving is finished
07.05 02:40:56 Scanning 333 point from 572
07.05 02:40:56 Going to coordinates X=-27.548, Y=-38.291
07.05 02:40:56 Moving is finished
07.05 02:42:32 Scanning 334 point from 572
07.05 02:42:32 Going to coordinates X=-27.498, Y=-38.291
07.05 02:42:32 Moving is finished
07.05 02:44:08 Scanning 335 point from 572
07.05 02:44:08 Going to coordinates X=-27.448, Y=-38.291
07.05 02:44:09 Moving is finished
07.05 02:45:45 Scanning 336 point from 572
07.05 02:45:45 Going to coordinates X=-27.398, Y=-38.291
07.05 02:45:45 Moving is finished
07.05 02:47:22 Scanning 337 point from 572
07.05 02:47:22 Going to coordinates X=-27.348, Y=-38.291
07.05 02:47:22 Moving is finished
07.05 02:48:58 Scanning 338 point from 572
07.05 02:48:58 Going to coordinates X=-27.298, Y=-38.291
07.05 02:48:58 Moving is finished
07.05 02:50:35 Scanning 339 point from 572
07.05 02:50:35 Going to coordinates X=-27.248, Y=-38.291
07.05 02:50:35 Moving is finished
07.05 02:52:12 Scanning 340 point from 572
07.05 02:52:12 Going to coordinates X=-27.198, Y=-38.291
07.05 02:52:12 Moving is finished
07.05 02:53:48 Scanning 341 point from 572
07.05 02:53:48 Going to coordinates X=-27.148, Y=-38.291
07.05 02:53:48 Moving is finished
07.05 02:55:25 Scanning 342 point from 572
07.05 02:55:25 Going to coordinates X=-27.098, Y=-38.291
07.05 02:55:26 Moving is finished
07.05 02:57:02 Scanning 343 point from 572
07.05 02:57:02 Going to coordinates X=-27.048, Y=-38.291
07.05 02:57:02 Moving is finished
07.05 02:58:39 Scanning 344 point from 572
07.05 02:58:39 Going to coordinates X=-26.998, Y=-38.291
07.05 02:58:39 Moving is finished
07.05 03:00:15 Scanning 345 point from 572
07.05 03:00:15 Going to coordinates X=-26.948, Y=-38.291
07.05 03:00:16 Moving is finished
07.05 03:01:53 Scanning 346 point from 572
07.05 03:01:53 Going to coordinates X=-26.898, Y=-38.291
07.05 03:01:53 Moving is finished
07.05 03:03:29 Scanning 347 point from 572
07.05 03:03:29 Going to coordinates X=-26.848, Y=-38.291
07.05 03:03:30 Moving is finished
07.05 03:05:07 Scanning 348 point from 572
07.05 03:05:07 Going to coordinates X=-26.798, Y=-38.291
07.05 03:05:07 Moving is finished
07.05 03:06:44 Scanning 349 point from 572
07.05 03:06:44 Going to coordinates X=-26.748, Y=-38.291
07.05 03:06:44 Moving is finished
07.05 03:08:20 Scanning 350 point from 572
07.05 03:08:20 Going to coordinates X=-26.698, Y=-38.291
07.05 03:08:21 Moving is finished
07.05 03:09:58 Scanning 351 point from 572
07.05 03:09:58 Going to coordinates X=-26.648, Y=-38.291
07.05 03:09:58 Moving is finished
07.05 03:11:34 Scanning 352 point from 572
07.05 03:11:34 Going to coordinates X=-27.698, Y=-38.241
07.05 03:11:35 Moving is finished
07.05 03:13:12 Scanning 353 point from 572
07.05 03:13:12 Going to coordinates X=-27.648, Y=-38.241
07.05 03:13:12 Moving is finished
07.05 03:14:49 Scanning 354 point from 572
07.05 03:14:49 Going to coordinates X=-27.598, Y=-38.241
07.05 03:14:50 Moving is finished
07.05 03:16:27 Scanning 355 point from 572
07.05 03:16:27 Going to coordinates X=-27.548, Y=-38.241
07.05 03:16:27 Moving is finished
07.05 03:18:03 Scanning 356 point from 572
07.05 03:18:03 Going to coordinates X=-27.498, Y=-38.241
07.05 03:18:04 Moving is finished
07.05 03:19:40 Scanning 357 point from 572
07.05 03:19:40 Going to coordinates X=-27.448, Y=-38.241
07.05 03:19:40 Moving is finished
07.05 03:21:16 Scanning 358 point from 572
07.05 03:21:16 Going to coordinates X=-27.398, Y=-38.241
07.05 03:21:17 Moving is finished
07.05 03:22:53 Scanning 359 point from 572
07.05 03:22:53 Going to coordinates X=-27.348, Y=-38.241
07.05 03:22:53 Moving is finished
07.05 03:24:30 Scanning 360 point from 572
07.05 03:24:30 Going to coordinates X=-27.298, Y=-38.241
07.05 03:24:30 Moving is finished
07.05 03:26:07 Scanning 361 point from 572
07.05 03:26:07 Going to coordinates X=-27.248, Y=-38.241
07.05 03:26:07 Moving is finished
07.05 03:27:44 Scanning 362 point from 572
07.05 03:27:44 Going to coordinates X=-27.198, Y=-38.241
07.05 03:27:44 Moving is finished
07.05 03:29:21 Scanning 363 point from 572
07.05 03:29:21 Going to coordinates X=-27.148, Y=-38.241
07.05 03:29:21 Moving is finished
07.05 03:30:57 Scanning 364 point from 572
07.05 03:30:57 Going to coordinates X=-27.098, Y=-38.241
07.05 03:30:58 Moving is finished
07.05 03:32:35 Scanning 365 point from 572
07.05 03:32:35 Going to coordinates X=-27.048, Y=-38.241
07.05 03:32:35 Moving is finished
07.05 03:34:12 Scanning 366 point from 572
07.05 03:34:12 Going to coordinates X=-26.998, Y=-38.241
07.05 03:34:12 Moving is finished
07.05 03:35:48 Scanning 367 point from 572
07.05 03:35:48 Going to coordinates X=-26.948, Y=-38.241
07.05 03:35:48 Moving is finished
07.05 03:37:25 Scanning 368 point from 572
07.05 03:37:25 Going to coordinates X=-26.898, Y=-38.241
07.05 03:37:25 Moving is finished
07.05 03:39:01 Scanning 369 point from 572
07.05 03:39:01 Going to coordinates X=-26.848, Y=-38.241
07.05 03:39:01 Moving is finished
07.05 03:40:38 Scanning 370 point from 572
07.05 03:40:38 Going to coordinates X=-26.798, Y=-38.241
07.05 03:40:39 Moving is finished
07.05 03:42:15 Scanning 371 point from 572
07.05 03:42:15 Going to coordinates X=-26.748, Y=-38.241
07.05 03:42:16 Moving is finished
07.05 03:43:52 Scanning 372 point from 572
07.05 03:43:52 Going to coordinates X=-26.698, Y=-38.241
07.05 03:43:52 Moving is finished
07.05 03:45:29 Scanning 373 point from 572
07.05 03:45:29 Going to coordinates X=-26.648, Y=-38.241
07.05 03:45:29 Moving is finished
07.05 03:47:06 Scanning 374 point from 572
07.05 03:47:06 Going to coordinates X=-27.698, Y=-38.191
07.05 03:47:06 Moving is finished
07.05 03:48:43 Scanning 375 point from 572
07.05 03:48:43 Going to coordinates X=-27.648, Y=-38.191
07.05 03:48:43 Moving is finished
07.05 03:50:19 Scanning 376 point from 572
07.05 03:50:19 Going to coordinates X=-27.598, Y=-38.191
07.05 03:50:20 Moving is finished
07.05 03:51:56 Scanning 377 point from 572
07.05 03:51:56 Going to coordinates X=-27.548, Y=-38.191
07.05 03:51:57 Moving is finished
07.05 03:53:33 Scanning 378 point from 572
07.05 03:53:33 Going to coordinates X=-27.498, Y=-38.191
07.05 03:53:33 Moving is finished
07.05 03:55:10 Scanning 379 point from 572
07.05 03:55:10 Going to coordinates X=-27.448, Y=-38.191
07.05 03:55:10 Moving is finished
07.05 03:56:47 Scanning 380 point from 572
07.05 03:56:47 Going to coordinates X=-27.398, Y=-38.191
07.05 03:56:47 Moving is finished
07.05 03:58:23 Scanning 381 point from 572
07.05 03:58:23 Going to coordinates X=-27.348, Y=-38.191
07.05 03:58:23 Moving is finished
07.05 04:00:00 Scanning 382 point from 572
07.05 04:00:00 Going to coordinates X=-27.298, Y=-38.191
07.05 04:00:00 Moving is finished
07.05 04:01:37 Scanning 383 point from 572
07.05 04:01:37 Going to coordinates X=-27.248, Y=-38.191
07.05 04:01:37 Moving is finished
07.05 04:03:13 Scanning 384 point from 572
07.05 04:03:13 Going to coordinates X=-27.198, Y=-38.191
07.05 04:03:14 Moving is finished
07.05 04:04:50 Scanning 385 point from 572
07.05 04:04:50 Going to coordinates X=-27.148, Y=-38.191
07.05 04:04:50 Moving is finished
07.05 04:06:27 Scanning 386 point from 572
07.05 04:06:27 Going to coordinates X=-27.098, Y=-38.191
07.05 04:06:27 Moving is finished
07.05 04:08:03 Scanning 387 point from 572
07.05 04:08:03 Going to coordinates X=-27.048, Y=-38.191
07.05 04:08:03 Moving is finished
07.05 04:09:40 Scanning 388 point from 572
07.05 04:09:40 Going to coordinates X=-26.998, Y=-38.191
07.05 04:09:40 Moving is finished
07.05 04:11:17 Scanning 389 point from 572
07.05 04:11:17 Going to coordinates X=-26.948, Y=-38.191
07.05 04:11:17 Moving is finished
07.05 04:12:53 Scanning 390 point from 572
07.05 04:12:53 Going to coordinates X=-26.898, Y=-38.191
07.05 04:12:54 Moving is finished
07.05 04:14:30 Scanning 391 point from 572
07.05 04:14:30 Going to coordinates X=-26.848, Y=-38.191
07.05 04:14:30 Moving is finished
07.05 04:16:07 Scanning 392 point from 572
07.05 04:16:07 Going to coordinates X=-26.798, Y=-38.191
07.05 04:16:07 Moving is finished
07.05 04:17:44 Scanning 393 point from 572
07.05 04:17:44 Going to coordinates X=-26.748, Y=-38.191
07.05 04:17:44 Moving is finished
07.05 04:19:21 Scanning 394 point from 572
07.05 04:19:21 Going to coordinates X=-26.698, Y=-38.191
07.05 04:19:21 Moving is finished
07.05 04:20:57 Scanning 395 point from 572
07.05 04:20:57 Going to coordinates X=-26.648, Y=-38.191
07.05 04:20:57 Moving is finished
07.05 04:22:34 Scanning 396 point from 572
07.05 04:22:34 Going to coordinates X=-27.698, Y=-38.141
07.05 04:22:35 Moving is finished
07.05 04:24:11 Scanning 397 point from 572
07.05 04:24:11 Going to coordinates X=-27.648, Y=-38.141
07.05 04:24:12 Moving is finished
07.05 04:25:49 Scanning 398 point from 572
07.05 04:25:49 Going to coordinates X=-27.598, Y=-38.141
07.05 04:25:49 Moving is finished
07.05 04:27:25 Scanning 399 point from 572
07.05 04:27:25 Going to coordinates X=-27.548, Y=-38.141
07.05 04:27:26 Moving is finished
07.05 04:29:03 Scanning 400 point from 572
07.05 04:29:03 Going to coordinates X=-27.498, Y=-38.141
07.05 04:29:03 Moving is finished
07.05 04:30:39 Scanning 401 point from 572
07.05 04:30:39 Going to coordinates X=-27.448, Y=-38.141
07.05 04:30:40 Moving is finished
07.05 04:32:16 Scanning 402 point from 572
07.05 04:32:16 Going to coordinates X=-27.398, Y=-38.141
07.05 04:32:16 Moving is finished
07.05 04:33:53 Scanning 403 point from 572
07.05 04:33:53 Going to coordinates X=-27.348, Y=-38.141
07.05 04:33:53 Moving is finished
07.05 04:35:29 Scanning 404 point from 572
07.05 04:35:29 Going to coordinates X=-27.298, Y=-38.141
07.05 04:35:30 Moving is finished
07.05 04:37:07 Scanning 405 point from 572
07.05 04:37:07 Going to coordinates X=-27.248, Y=-38.141
07.05 04:37:07 Moving is finished
07.05 04:38:43 Scanning 406 point from 572
07.05 04:38:43 Going to coordinates X=-27.198, Y=-38.141
07.05 04:38:44 Moving is finished
07.05 04:40:20 Scanning 407 point from 572
07.05 04:40:20 Going to coordinates X=-27.148, Y=-38.141
07.05 04:40:21 Moving is finished
07.05 04:41:57 Scanning 408 point from 572
07.05 04:41:57 Going to coordinates X=-27.098, Y=-38.141
07.05 04:41:57 Moving is finished
07.05 04:43:35 Scanning 409 point from 572
07.05 04:43:35 Going to coordinates X=-27.048, Y=-38.141
07.05 04:43:35 Moving is finished
07.05 04:45:11 Scanning 410 point from 572
07.05 04:45:11 Going to coordinates X=-26.998, Y=-38.141
07.05 04:45:11 Moving is finished
07.05 04:46:48 Scanning 411 point from 572
07.05 04:46:48 Going to coordinates X=-26.948, Y=-38.141
07.05 04:46:48 Moving is finished
07.05 04:48:25 Scanning 412 point from 572
07.05 04:48:25 Going to coordinates X=-26.898, Y=-38.141
07.05 04:48:25 Moving is finished
07.05 04:50:01 Scanning 413 point from 572
07.05 04:50:01 Going to coordinates X=-26.848, Y=-38.141
07.05 04:50:01 Moving is finished
07.05 04:51:38 Scanning 414 point from 572
07.05 04:51:38 Going to coordinates X=-26.798, Y=-38.141
07.05 04:51:38 Moving is finished
07.05 04:53:15 Scanning 415 point from 572
07.05 04:53:15 Going to coordinates X=-26.748, Y=-38.141
07.05 04:53:15 Moving is finished
07.05 04:54:52 Scanning 416 point from 572
07.05 04:54:52 Going to coordinates X=-26.698, Y=-38.141
07.05 04:54:52 Moving is finished
07.05 04:56:29 Scanning 417 point from 572
07.05 04:56:29 Going to coordinates X=-26.648, Y=-38.141
07.05 04:56:29 Moving is finished
07.05 04:58:06 Scanning 418 point from 572
07.05 04:58:06 Going to coordinates X=-27.698, Y=-38.091
07.05 04:58:07 Moving is finished
07.05 04:59:44 Scanning 419 point from 572
07.05 04:59:44 Going to coordinates X=-27.648, Y=-38.091
07.05 04:59:44 Moving is finished
07.05 05:01:20 Scanning 420 point from 572
07.05 05:01:20 Going to coordinates X=-27.598, Y=-38.091
07.05 05:01:21 Moving is finished
07.05 05:02:57 Scanning 421 point from 572
07.05 05:02:57 Going to coordinates X=-27.548, Y=-38.091
07.05 05:02:57 Moving is finished
07.05 05:04:34 Scanning 422 point from 572
07.05 05:04:34 Going to coordinates X=-27.498, Y=-38.091
07.05 05:04:34 Moving is finished
07.05 05:06:11 Scanning 423 point from 572
07.05 05:06:11 Going to coordinates X=-27.448, Y=-38.091
07.05 05:06:11 Moving is finished
07.05 05:07:48 Scanning 424 point from 572
07.05 05:07:48 Going to coordinates X=-27.398, Y=-38.091
07.05 05:07:48 Moving is finished
07.05 05:09:24 Scanning 425 point from 572
07.05 05:09:24 Going to coordinates X=-27.348, Y=-38.091
07.05 05:09:24 Moving is finished
07.05 05:11:01 Scanning 426 point from 572
07.05 05:11:01 Going to coordinates X=-27.298, Y=-38.091
07.05 05:11:01 Moving is finished
07.05 05:12:37 Scanning 427 point from 572
07.05 05:12:37 Going to coordinates X=-27.248, Y=-38.091
07.05 05:12:38 Moving is finished
07.05 05:14:14 Scanning 428 point from 572
07.05 05:14:14 Going to coordinates X=-27.198, Y=-38.091
07.05 05:14:14 Moving is finished
07.05 05:15:52 Scanning 429 point from 572
07.05 05:15:52 Going to coordinates X=-27.148, Y=-38.091
07.05 05:15:52 Moving is finished
07.05 05:17:28 Scanning 430 point from 572
07.05 05:17:28 Going to coordinates X=-27.098, Y=-38.091
07.05 05:17:28 Moving is finished
07.05 05:19:05 Scanning 431 point from 572
07.05 05:19:05 Going to coordinates X=-27.048, Y=-38.091
07.05 05:19:05 Moving is finished
07.05 05:20:42 Scanning 432 point from 572
07.05 05:20:42 Going to coordinates X=-26.998, Y=-38.091
07.05 05:20:42 Moving is finished
07.05 05:22:19 Scanning 433 point from 572
07.05 05:22:19 Going to coordinates X=-26.948, Y=-38.091
07.05 05:22:20 Moving is finished
07.05 05:23:57 Scanning 434 point from 572
07.05 05:23:57 Going to coordinates X=-26.898, Y=-38.091
07.05 05:23:57 Moving is finished
07.05 05:25:34 Scanning 435 point from 572
07.05 05:25:34 Going to coordinates X=-26.848, Y=-38.091
07.05 05:25:34 Moving is finished
07.05 05:27:11 Scanning 436 point from 572
07.05 05:27:11 Going to coordinates X=-26.798, Y=-38.091
07.05 05:27:12 Moving is finished
07.05 05:28:48 Scanning 437 point from 572
07.05 05:28:48 Going to coordinates X=-26.748, Y=-38.091
07.05 05:28:49 Moving is finished
07.05 05:30:25 Scanning 438 point from 572
07.05 05:30:25 Going to coordinates X=-26.698, Y=-38.091
07.05 05:30:25 Moving is finished
07.05 05:32:02 Scanning 439 point from 572
07.05 05:32:02 Going to coordinates X=-26.648, Y=-38.091
07.05 05:32:02 Moving is finished
07.05 05:33:38 Scanning 440 point from 572
07.05 05:33:38 Going to coordinates X=-27.698, Y=-38.041
07.05 05:33:39 Moving is finished
07.05 05:35:16 Scanning 441 point from 572
07.05 05:35:16 Going to coordinates X=-27.648, Y=-38.041
07.05 05:35:16 Moving is finished
07.05 05:36:53 Scanning 442 point from 572
07.05 05:36:53 Going to coordinates X=-27.598, Y=-38.041
07.05 05:36:53 Moving is finished
07.05 05:38:30 Scanning 443 point from 572
07.05 05:38:30 Going to coordinates X=-27.548, Y=-38.041
07.05 05:38:30 Moving is finished
07.05 05:40:07 Scanning 444 point from 572
07.05 05:40:07 Going to coordinates X=-27.498, Y=-38.041
07.05 05:40:07 Moving is finished
07.05 05:41:44 Scanning 445 point from 572
07.05 05:41:44 Going to coordinates X=-27.448, Y=-38.041
07.05 05:41:44 Moving is finished
07.05 05:43:21 Scanning 446 point from 572
07.05 05:43:21 Going to coordinates X=-27.398, Y=-38.041
07.05 05:43:21 Moving is finished
07.05 05:44:58 Scanning 447 point from 572
07.05 05:44:58 Going to coordinates X=-27.348, Y=-38.041
07.05 05:44:58 Moving is finished
07.05 05:46:35 Scanning 448 point from 572
07.05 05:46:35 Going to coordinates X=-27.298, Y=-38.041
07.05 05:46:35 Moving is finished
07.05 05:48:12 Scanning 449 point from 572
07.05 05:48:12 Going to coordinates X=-27.248, Y=-38.041
07.05 05:48:12 Moving is finished
07.05 05:49:48 Scanning 450 point from 572
07.05 05:49:48 Going to coordinates X=-27.198, Y=-38.041
07.05 05:49:49 Moving is finished
07.05 05:51:25 Scanning 451 point from 572
07.05 05:51:25 Going to coordinates X=-27.148, Y=-38.041
07.05 05:51:25 Moving is finished
07.05 05:53:02 Scanning 452 point from 572
07.05 05:53:02 Going to coordinates X=-27.098, Y=-38.041
07.05 05:53:02 Moving is finished
07.05 05:54:39 Scanning 453 point from 572
07.05 05:54:39 Going to coordinates X=-27.048, Y=-38.041
07.05 05:54:39 Moving is finished
07.05 05:56:17 Scanning 454 point from 572
07.05 05:56:17 Going to coordinates X=-26.998, Y=-38.041
07.05 05:56:17 Moving is finished
07.05 05:57:54 Scanning 455 point from 572
07.05 05:57:54 Going to coordinates X=-26.948, Y=-38.041
07.05 05:57:54 Moving is finished
07.05 05:59:30 Scanning 456 point from 572
07.05 05:59:30 Going to coordinates X=-26.898, Y=-38.041
07.05 05:59:31 Moving is finished
07.05 06:01:08 Scanning 457 point from 572
07.05 06:01:08 Going to coordinates X=-26.848, Y=-38.041
07.05 06:01:08 Moving is finished
07.05 06:02:45 Scanning 458 point from 572
07.05 06:02:45 Going to coordinates X=-26.798, Y=-38.041
07.05 06:02:45 Moving is finished
07.05 06:04:22 Scanning 459 point from 572
07.05 06:04:22 Going to coordinates X=-26.748, Y=-38.041
07.05 06:04:22 Moving is finished
07.05 06:05:59 Scanning 460 point from 572
07.05 06:05:59 Going to coordinates X=-26.698, Y=-38.041
07.05 06:05:59 Moving is finished
07.05 06:07:36 Scanning 461 point from 572
07.05 06:07:36 Going to coordinates X=-26.648, Y=-38.041
07.05 06:07:36 Moving is finished
07.05 06:09:13 Scanning 462 point from 572
07.05 06:09:13 Going to coordinates X=-27.698, Y=-37.991
07.05 06:09:13 Moving is finished
07.05 06:10:50 Scanning 463 point from 572
07.05 06:10:50 Going to coordinates X=-27.648, Y=-37.991
07.05 06:10:51 Moving is finished
07.05 06:12:28 Scanning 464 point from 572
07.05 06:12:28 Going to coordinates X=-27.598, Y=-37.991
07.05 06:12:28 Moving is finished
07.05 06:14:05 Scanning 465 point from 572
07.05 06:14:05 Going to coordinates X=-27.548, Y=-37.991
07.05 06:14:05 Moving is finished
07.05 06:15:42 Scanning 466 point from 572
07.05 06:15:42 Going to coordinates X=-27.498, Y=-37.991
07.05 06:15:43 Moving is finished
07.05 06:17:19 Scanning 467 point from 572
07.05 06:17:19 Going to coordinates X=-27.448, Y=-37.991
07.05 06:17:19 Moving is finished
07.05 06:18:56 Scanning 468 point from 572
07.05 06:18:56 Going to coordinates X=-27.398, Y=-37.991
07.05 06:18:56 Moving is finished
07.05 06:20:33 Scanning 469 point from 572
07.05 06:20:33 Going to coordinates X=-27.348, Y=-37.991
07.05 06:20:33 Moving is finished
07.05 06:22:10 Scanning 470 point from 572
07.05 06:22:10 Going to coordinates X=-27.298, Y=-37.991
07.05 06:22:10 Moving is finished
07.05 06:23:47 Scanning 471 point from 572
07.05 06:23:47 Going to coordinates X=-27.248, Y=-37.991
07.05 06:23:47 Moving is finished
07.05 06:25:23 Scanning 472 point from 572
07.05 06:25:23 Going to coordinates X=-27.198, Y=-37.991
07.05 06:25:24 Moving is finished
07.05 06:27:00 Scanning 473 point from 572
07.05 06:27:00 Going to coordinates X=-27.148, Y=-37.991
07.05 06:27:01 Moving is finished
07.05 06:28:37 Scanning 474 point from 572
07.05 06:28:37 Going to coordinates X=-27.098, Y=-37.991
07.05 06:28:37 Moving is finished
07.05 06:30:13 Scanning 475 point from 572
07.05 06:30:13 Going to coordinates X=-27.048, Y=-37.991
07.05 06:30:14 Moving is finished
07.05 06:31:50 Scanning 476 point from 572
07.05 06:31:50 Going to coordinates X=-26.998, Y=-37.991
07.05 06:31:50 Moving is finished
07.05 06:33:27 Scanning 477 point from 572
07.05 06:33:27 Going to coordinates X=-26.948, Y=-37.991
07.05 06:33:27 Moving is finished
07.05 06:35:04 Scanning 478 point from 572
07.05 06:35:04 Going to coordinates X=-26.898, Y=-37.991
07.05 06:35:04 Moving is finished
07.05 06:36:41 Scanning 479 point from 572
07.05 06:36:41 Going to coordinates X=-26.848, Y=-37.991
07.05 06:36:41 Moving is finished
07.05 06:38:18 Scanning 480 point from 572
07.05 06:38:18 Going to coordinates X=-26.798, Y=-37.991
07.05 06:38:18 Moving is finished
07.05 06:39:55 Scanning 481 point from 572
07.05 06:39:55 Going to coordinates X=-26.748, Y=-37.991
07.05 06:39:55 Moving is finished
07.05 06:41:31 Scanning 482 point from 572
07.05 06:41:31 Going to coordinates X=-26.698, Y=-37.991
07.05 06:41:31 Moving is finished
07.05 06:43:08 Scanning 483 point from 572
07.05 06:43:08 Going to coordinates X=-26.648, Y=-37.991
07.05 06:43:08 Moving is finished
07.05 06:44:45 Scanning 484 point from 572
07.05 06:44:45 Going to coordinates X=-27.698, Y=-37.941
07.05 06:44:45 Moving is finished
07.05 06:46:22 Scanning 485 point from 572
07.05 06:46:22 Going to coordinates X=-27.648, Y=-37.941
07.05 06:46:22 Moving is finished
07.05 06:47:58 Scanning 486 point from 572
07.05 06:47:58 Going to coordinates X=-27.598, Y=-37.941
07.05 06:47:58 Moving is finished
07.05 06:49:35 Scanning 487 point from 572
07.05 06:49:35 Going to coordinates X=-27.548, Y=-37.941
07.05 06:49:35 Moving is finished
07.05 06:51:12 Scanning 488 point from 572
07.05 06:51:12 Going to coordinates X=-27.498, Y=-37.941
07.05 06:51:12 Moving is finished
07.05 06:52:49 Scanning 489 point from 572
07.05 06:52:49 Going to coordinates X=-27.448, Y=-37.941
07.05 06:52:49 Moving is finished
07.05 06:54:26 Scanning 490 point from 572
07.05 06:54:26 Going to coordinates X=-27.398, Y=-37.941
07.05 06:54:26 Moving is finished
07.05 06:56:03 Scanning 491 point from 572
07.05 06:56:03 Going to coordinates X=-27.348, Y=-37.941
07.05 06:56:03 Moving is finished
07.05 06:57:39 Scanning 492 point from 572
07.05 06:57:39 Going to coordinates X=-27.298, Y=-37.941
07.05 06:57:40 Moving is finished
07.05 06:59:16 Scanning 493 point from 572
07.05 06:59:16 Going to coordinates X=-27.248, Y=-37.941
07.05 06:59:16 Moving is finished
07.05 07:00:53 Scanning 494 point from 572
07.05 07:00:53 Going to coordinates X=-27.198, Y=-37.941
07.05 07:00:54 Moving is finished
07.05 07:02:30 Scanning 495 point from 572
07.05 07:02:30 Going to coordinates X=-27.148, Y=-37.941
07.05 07:02:30 Moving is finished
07.05 07:04:07 Scanning 496 point from 572
07.05 07:04:07 Going to coordinates X=-27.098, Y=-37.941
07.05 07:04:07 Moving is finished
07.05 07:05:44 Scanning 497 point from 572
07.05 07:05:44 Going to coordinates X=-27.048, Y=-37.941
07.05 07:05:45 Moving is finished
07.05 07:07:21 Scanning 498 point from 572
07.05 07:07:21 Going to coordinates X=-26.998, Y=-37.941
07.05 07:07:21 Moving is finished
07.05 07:08:58 Scanning 499 point from 572
07.05 07:08:58 Going to coordinates X=-26.948, Y=-37.941
07.05 07:08:58 Moving is finished
07.05 07:10:34 Scanning 500 point from 572
07.05 07:10:34 Going to coordinates X=-26.898, Y=-37.941
07.05 07:10:35 Moving is finished
07.05 07:12:12 Scanning 501 point from 572
07.05 07:12:12 Going to coordinates X=-26.848, Y=-37.941
07.05 07:12:12 Moving is finished
07.05 07:13:49 Scanning 502 point from 572
07.05 07:13:49 Going to coordinates X=-26.798, Y=-37.941
07.05 07:13:49 Moving is finished
07.05 07:15:26 Scanning 503 point from 572
07.05 07:15:26 Going to coordinates X=-26.748, Y=-37.941
07.05 07:15:26 Moving is finished
07.05 07:17:03 Scanning 504 point from 572
07.05 07:17:03 Going to coordinates X=-26.698, Y=-37.941
07.05 07:17:03 Moving is finished
07.05 07:18:40 Scanning 505 point from 572
07.05 07:18:40 Going to coordinates X=-26.648, Y=-37.941
07.05 07:18:40 Moving is finished
07.05 07:20:16 Scanning 506 point from 572
07.05 07:20:16 Going to coordinates X=-27.698, Y=-37.891
07.05 07:20:17 Moving is finished
07.05 07:21:53 Scanning 507 point from 572
07.05 07:21:53 Going to coordinates X=-27.648, Y=-37.891
07.05 07:21:54 Moving is finished
07.05 07:23:30 Scanning 508 point from 572
07.05 07:23:30 Going to coordinates X=-27.598, Y=-37.891
07.05 07:23:31 Moving is finished
07.05 07:25:07 Scanning 509 point from 572
07.05 07:25:07 Going to coordinates X=-27.548, Y=-37.891
07.05 07:25:07 Moving is finished
07.05 07:26:44 Scanning 510 point from 572
07.05 07:26:44 Going to coordinates X=-27.498, Y=-37.891
07.05 07:26:44 Moving is finished
07.05 07:28:21 Scanning 511 point from 572
07.05 07:28:21 Going to coordinates X=-27.448, Y=-37.891
07.05 07:28:21 Moving is finished
07.05 07:29:58 Scanning 512 point from 572
07.05 07:29:58 Going to coordinates X=-27.398, Y=-37.891
07.05 07:29:58 Moving is finished
07.05 07:31:35 Scanning 513 point from 572
07.05 07:31:35 Going to coordinates X=-27.348, Y=-37.891
07.05 07:31:35 Moving is finished
07.05 07:33:12 Scanning 514 point from 572
07.05 07:33:12 Going to coordinates X=-27.298, Y=-37.891
07.05 07:33:12 Moving is finished
07.05 07:34:48 Scanning 515 point from 572
07.05 07:34:48 Going to coordinates X=-27.248, Y=-37.891
07.05 07:34:48 Moving is finished
07.05 07:36:25 Scanning 516 point from 572
07.05 07:36:25 Going to coordinates X=-27.198, Y=-37.891
07.05 07:36:25 Moving is finished
07.05 07:38:02 Scanning 517 point from 572
07.05 07:38:02 Going to coordinates X=-27.148, Y=-37.891
07.05 07:38:02 Moving is finished
07.05 07:39:38 Scanning 518 point from 572
07.05 07:39:38 Going to coordinates X=-27.098, Y=-37.891
07.05 07:39:38 Moving is finished
07.05 07:41:15 Scanning 519 point from 572
07.05 07:41:15 Going to coordinates X=-27.048, Y=-37.891
07.05 07:41:15 Moving is finished
07.05 07:42:52 Scanning 520 point from 572
07.05 07:42:52 Going to coordinates X=-26.998, Y=-37.891
07.05 07:42:52 Moving is finished
07.05 07:44:29 Scanning 521 point from 572
07.05 07:44:29 Going to coordinates X=-26.948, Y=-37.891
07.05 07:44:29 Moving is finished
07.05 07:46:06 Scanning 522 point from 572
07.05 07:46:06 Going to coordinates X=-26.898, Y=-37.891
07.05 07:46:06 Moving is finished
07.05 07:47:43 Scanning 523 point from 572
07.05 07:47:43 Going to coordinates X=-26.848, Y=-37.891
07.05 07:47:43 Moving is finished
07.05 07:49:19 Scanning 524 point from 572
07.05 07:49:19 Going to coordinates X=-26.798, Y=-37.891
07.05 07:49:20 Moving is finished
07.05 07:50:57 Scanning 525 point from 572
07.05 07:50:57 Going to coordinates X=-26.748, Y=-37.891
07.05 07:50:57 Moving is finished
07.05 07:52:33 Scanning 526 point from 572
07.05 07:52:33 Going to coordinates X=-26.698, Y=-37.891
07.05 07:52:33 Moving is finished
07.05 07:54:10 Scanning 527 point from 572
07.05 07:54:10 Going to coordinates X=-26.648, Y=-37.891
07.05 07:54:11 Moving is finished
07.05 07:55:47 Scanning 528 point from 572
07.05 07:55:47 Going to coordinates X=-27.698, Y=-37.841
07.05 07:55:48 Moving is finished
07.05 07:57:25 Scanning 529 point from 572
07.05 07:57:25 Going to coordinates X=-27.648, Y=-37.841
07.05 07:57:25 Moving is finished
07.05 07:59:02 Scanning 530 point from 572
07.05 07:59:02 Going to coordinates X=-27.598, Y=-37.841
07.05 07:59:02 Moving is finished
07.05 08:00:38 Scanning 531 point from 572
07.05 08:00:38 Going to coordinates X=-27.548, Y=-37.841
07.05 08:00:39 Moving is finished
07.05 08:02:15 Scanning 532 point from 572
07.05 08:02:15 Going to coordinates X=-27.498, Y=-37.841
07.05 08:02:15 Moving is finished
07.05 08:03:52 Scanning 533 point from 572
07.05 08:03:52 Going to coordinates X=-27.448, Y=-37.841
07.05 08:03:52 Moving is finished
07.05 08:05:29 Scanning 534 point from 572
07.05 08:05:29 Going to coordinates X=-27.398, Y=-37.841
07.05 08:05:29 Moving is finished
07.05 08:07:06 Scanning 535 point from 572
07.05 08:07:06 Going to coordinates X=-27.348, Y=-37.841
07.05 08:07:06 Moving is finished
07.05 08:08:43 Scanning 536 point from 572
07.05 08:08:43 Going to coordinates X=-27.298, Y=-37.841
07.05 08:08:43 Moving is finished
07.05 08:10:19 Scanning 537 point from 572
07.05 08:10:19 Going to coordinates X=-27.248, Y=-37.841
07.05 08:10:20 Moving is finished
07.05 08:11:56 Scanning 538 point from 572
07.05 08:11:56 Going to coordinates X=-27.198, Y=-37.841
07.05 08:11:56 Moving is finished
07.05 08:13:34 Scanning 539 point from 572
07.05 08:13:34 Going to coordinates X=-27.148, Y=-37.841
07.05 08:13:34 Moving is finished
07.05 08:15:10 Scanning 540 point from 572
07.05 08:15:10 Going to coordinates X=-27.098, Y=-37.841
07.05 08:15:10 Moving is finished
07.05 08:16:47 Scanning 541 point from 572
07.05 08:16:47 Going to coordinates X=-27.048, Y=-37.841
07.05 08:16:48 Moving is finished
07.05 08:18:24 Scanning 542 point from 572
07.05 08:18:24 Going to coordinates X=-26.998, Y=-37.841
07.05 08:18:24 Moving is finished
07.05 08:20:00 Scanning 543 point from 572
07.05 08:20:00 Going to coordinates X=-26.948, Y=-37.841
07.05 08:20:01 Moving is finished
07.05 08:21:37 Scanning 544 point from 572
07.05 08:21:37 Going to coordinates X=-26.898, Y=-37.841
07.05 08:21:37 Moving is finished
07.05 08:23:14 Scanning 545 point from 572
07.05 08:23:14 Going to coordinates X=-26.848, Y=-37.841
07.05 08:23:14 Moving is finished
07.05 08:24:50 Scanning 546 point from 572
07.05 08:24:50 Going to coordinates X=-26.798, Y=-37.841
07.05 08:24:50 Moving is finished
07.05 08:26:27 Scanning 547 point from 572
07.05 08:26:27 Going to coordinates X=-26.748, Y=-37.841
07.05 08:26:27 Moving is finished
07.05 08:28:04 Scanning 548 point from 572
07.05 08:28:04 Going to coordinates X=-26.698, Y=-37.841
07.05 08:28:04 Moving is finished
07.05 08:29:40 Scanning 549 point from 572
07.05 08:29:40 Going to coordinates X=-26.648, Y=-37.841
07.05 08:29:40 Moving is finished
07.05 08:31:17 Scanning 550 point from 572
07.05 08:31:17 Going to coordinates X=-27.698, Y=-37.791
07.05 08:31:17 Moving is finished
07.05 08:32:54 Scanning 551 point from 572
07.05 08:32:54 Going to coordinates X=-27.648, Y=-37.791
07.05 08:32:54 Moving is finished
07.05 08:34:31 Scanning 552 point from 572
07.05 08:34:31 Going to coordinates X=-27.598, Y=-37.791
07.05 08:34:31 Moving is finished
07.05 08:36:08 Scanning 553 point from 572
07.05 08:36:08 Going to coordinates X=-27.548, Y=-37.791
07.05 08:36:08 Moving is finished
07.05 08:37:44 Scanning 554 point from 572
07.05 08:37:44 Going to coordinates X=-27.498, Y=-37.791
07.05 08:37:45 Moving is finished
07.05 08:39:22 Scanning 555 point from 572
07.05 08:39:22 Going to coordinates X=-27.448, Y=-37.791
07.05 08:39:22 Moving is finished
07.05 08:40:58 Scanning 556 point from 572
07.05 08:40:58 Going to coordinates X=-27.398, Y=-37.791
07.05 08:40:58 Moving is finished
07.05 08:42:35 Scanning 557 point from 572
07.05 08:42:35 Going to coordinates X=-27.348, Y=-37.791
07.05 08:42:35 Moving is finished
07.05 08:44:12 Scanning 558 point from 572
07.05 08:44:12 Going to coordinates X=-27.298, Y=-37.791
07.05 08:44:12 Moving is finished
07.05 08:45:49 Scanning 559 point from 572
07.05 08:45:49 Going to coordinates X=-27.248, Y=-37.791
07.05 08:45:49 Moving is finished
07.05 08:47:26 Scanning 560 point from 572
07.05 08:47:26 Going to coordinates X=-27.198, Y=-37.791
07.05 08:47:26 Moving is finished
07.05 08:49:02 Scanning 561 point from 572
07.05 08:49:02 Going to coordinates X=-27.148, Y=-37.791
07.05 08:49:03 Moving is finished
07.05 08:50:39 Scanning 562 point from 572
07.05 08:50:39 Going to coordinates X=-27.098, Y=-37.791
07.05 08:50:39 Moving is finished
07.05 08:52:16 Scanning 563 point from 572
07.05 08:52:16 Going to coordinates X=-27.048, Y=-37.791
07.05 08:52:16 Moving is finished
07.05 08:53:53 Scanning 564 point from 572
07.05 08:53:53 Going to coordinates X=-26.998, Y=-37.791
07.05 08:53:53 Moving is finished
07.05 08:55:29 Scanning 565 point from 572
07.05 08:55:29 Going to coordinates X=-26.948, Y=-37.791
07.05 08:55:30 Moving is finished
07.05 08:57:06 Scanning 566 point from 572
07.05 08:57:06 Going to coordinates X=-26.898, Y=-37.791
07.05 08:57:06 Moving is finished
07.05 08:58:43 Scanning 567 point from 572
07.05 08:58:43 Going to coordinates X=-26.848, Y=-37.791
07.05 08:58:43 Moving is finished
07.05 09:00:20 Scanning 568 point from 572
07.05 09:00:20 Going to coordinates X=-26.798, Y=-37.791
07.05 09:00:21 Moving is finished
07.05 09:01:57 Scanning 569 point from 572
07.05 09:01:57 Going to coordinates X=-26.748, Y=-37.791
07.05 09:01:57 Moving is finished
07.05 09:03:33 Scanning 570 point from 572
07.05 09:03:33 Going to coordinates X=-26.698, Y=-37.791
07.05 09:03:34 Moving is finished
07.05 09:05:11 Scanning 571 point from 572
07.05 09:05:11 Going to coordinates X=-26.648, Y=-37.791
07.05 09:05:11 Moving is finished
07.05 10:06:10 Row 0: 07.05 10:06:10 Map: x1: -27.698, y1: -39.041, x2: -26.654, y2: -37.825, xres: 0.050, yres: 0.050, fname: 3bezNH2
07.05 10:06:10 Scanning 0 point from 572
07.05 10:06:10 Going to coordinates X=-27.698, Y=-39.041
07.05 10:06:10 Moving is finished
07.05 10:06:57 Stopped!
