23.12 12:31:56 Initializing grbl...
23.12 12:31:57 Got the response: b''
23.12 12:32:57 Row 0: 23.12 12:32:57 Map: x1: -14.0, y1: -38.0, x2: 0.0, y2: 0.0, xres: 1.000, yres: 1.000, fname: drhgedrh
23.12 12:32:57 Scanning 0 point from 585
23.12 12:32:57 Going to coordinates X=-14.000, Y=-38.000
23.12 12:32:57 Moving is finished
23.12 12:33:03 Scanning 1 point from 585
23.12 12:33:03 Going to coordinates X=-13.000, Y=-38.000
23.12 12:33:04 Moving is finished
23.12 12:33:10 Scanning 2 point from 585
23.12 12:33:10 Going to coordinates X=-12.000, Y=-38.000
23.12 12:33:10 Moving is finished
23.12 12:33:16 Scanning 3 point from 585
23.12 12:33:16 Going to coordinates X=-11.000, Y=-38.000
23.12 12:33:17 Moving is finished
23.12 12:33:22 Scanning 4 point from 585
23.12 12:33:22 Going to coordinates X=-10.000, Y=-38.000
23.12 12:33:23 Moving is finished
23.12 12:33:29 Scanning 5 point from 585
23.12 12:33:29 Going to coordinates X=-9.000, Y=-38.000
23.12 12:33:29 Moving is finished
23.12 12:33:35 Scanning 6 point from 585
23.12 12:33:35 Going to coordinates X=-8.000, Y=-38.000
23.12 12:33:36 Moving is finished
23.12 12:33:41 Scanning 7 point from 585
23.12 12:33:41 Going to coordinates X=-7.000, Y=-38.000
23.12 12:33:42 Moving is finished
23.12 12:33:47 Scanning 8 point from 585
23.12 12:33:47 Going to coordinates X=-6.000, Y=-38.000
23.12 12:33:48 Moving is finished
23.12 12:33:53 Scanning 9 point from 585
23.12 12:33:53 Going to coordinates X=-5.000, Y=-38.000
23.12 12:33:54 Moving is finished
23.12 12:33:54 Stopped!
