02.05 17:40:24 Initializing grbl...
02.05 17:40:24 Got the response: b''
02.05 17:43:54 Can't send the command to GRBL
02.05 17:43:54 Write timeout02.05 17:43:54 Write timeout

02.05 17:46:24 Can't send the command to GRBL
02.05 17:46:24 Write timeout02.05 17:46:24 Write timeout
02.05 17:47:31 Can't send the command to GRBL
02.05 17:47:31 Write timeout02.05 17:47:31 Write timeout
02.05 17:47:40 Can't send the command to GRBL
02.05 17:47:40 Write timeout02.05 17:47:40 Write timeout

02.05 17:51:57 Row 0: 02.05 17:51:57 Map: x1: -29.961, y1: -36.763, x2: -31.532, y2: -34.691, xres: 0.050, yres: 0.050, fname: NH2term4
02.05 17:51:57 Scanning 0 point from 1419
02.05 17:51:57 Going to coordinates X=-31.532, Y=-36.763
02.05 17:51:58 Moving is finished
02.05 17:53:35 Scanning 1 point from 1419
02.05 17:53:35 Going to coordinates X=-31.482, Y=-36.763
02.05 17:53:35 Moving is finished
02.05 17:55:12 Scanning 2 point from 1419
02.05 17:55:12 Going to coordinates X=-31.432, Y=-36.763
02.05 17:55:12 Moving is finished
02.05 17:56:48 Scanning 3 point from 1419
02.05 17:56:48 Going to coordinates X=-31.382, Y=-36.763
02.05 17:56:49 Moving is finished
02.05 17:58:25 Scanning 4 point from 1419
02.05 17:58:25 Going to coordinates X=-31.332, Y=-36.763
02.05 17:58:25 Moving is finished
02.05 18:00:02 Scanning 5 point from 1419
02.05 18:00:02 Going to coordinates X=-31.282, Y=-36.763
02.05 18:00:02 Moving is finished
02.05 18:01:39 Scanning 6 point from 1419
02.05 18:01:39 Going to coordinates X=-31.232, Y=-36.763
02.05 18:01:39 Moving is finished
02.05 18:03:16 Scanning 7 point from 1419
02.05 18:03:16 Going to coordinates X=-31.182, Y=-36.763
02.05 18:03:16 Moving is finished
02.05 18:04:53 Scanning 8 point from 1419
02.05 18:04:53 Going to coordinates X=-31.132, Y=-36.763
02.05 18:04:53 Moving is finished
02.05 18:06:30 Scanning 9 point from 1419
02.05 18:06:30 Going to coordinates X=-31.082, Y=-36.763
02.05 18:06:30 Moving is finished
02.05 18:08:07 Scanning 10 point from 1419
02.05 18:08:07 Going to coordinates X=-31.032, Y=-36.763
02.05 18:08:08 Moving is finished
02.05 18:09:44 Scanning 11 point from 1419
02.05 18:09:44 Going to coordinates X=-30.982, Y=-36.763
02.05 18:09:45 Moving is finished
02.05 18:11:21 Scanning 12 point from 1419
02.05 18:11:21 Going to coordinates X=-30.932, Y=-36.763
02.05 18:11:21 Moving is finished
02.05 18:12:58 Scanning 13 point from 1419
02.05 18:12:58 Going to coordinates X=-30.882, Y=-36.763
02.05 18:12:58 Moving is finished
02.05 18:14:35 Scanning 14 point from 1419
02.05 18:14:35 Going to coordinates X=-30.832, Y=-36.763
02.05 18:14:35 Moving is finished
02.05 18:16:11 Scanning 15 point from 1419
02.05 18:16:11 Going to coordinates X=-30.782, Y=-36.763
02.05 18:16:12 Moving is finished
02.05 18:17:49 Scanning 16 point from 1419
02.05 18:17:49 Going to coordinates X=-30.732, Y=-36.763
02.05 18:17:49 Moving is finished
02.05 18:19:25 Scanning 17 point from 1419
02.05 18:19:25 Going to coordinates X=-30.682, Y=-36.763
02.05 18:19:25 Moving is finished
02.05 18:21:03 Scanning 18 point from 1419
02.05 18:21:03 Going to coordinates X=-30.632, Y=-36.763
02.05 18:21:03 Moving is finished
02.05 18:22:40 Scanning 19 point from 1419
02.05 18:22:40 Going to coordinates X=-30.582, Y=-36.763
02.05 18:22:40 Moving is finished
02.05 18:24:17 Scanning 20 point from 1419
02.05 18:24:17 Going to coordinates X=-30.532, Y=-36.763
02.05 18:24:17 Moving is finished
02.05 18:25:54 Scanning 21 point from 1419
02.05 18:25:54 Going to coordinates X=-30.482, Y=-36.763
02.05 18:25:54 Moving is finished
02.05 18:27:31 Scanning 22 point from 1419
02.05 18:27:31 Going to coordinates X=-30.432, Y=-36.763
02.05 18:27:31 Moving is finished
02.05 18:29:07 Scanning 23 point from 1419
02.05 18:29:07 Going to coordinates X=-30.382, Y=-36.763
02.05 18:29:07 Moving is finished
02.05 18:30:44 Scanning 24 point from 1419
02.05 18:30:44 Going to coordinates X=-30.332, Y=-36.763
02.05 18:30:45 Moving is finished
02.05 18:32:21 Scanning 25 point from 1419
02.05 18:32:21 Going to coordinates X=-30.282, Y=-36.763
02.05 18:32:21 Moving is finished
02.05 18:33:58 Scanning 26 point from 1419
02.05 18:33:58 Going to coordinates X=-30.232, Y=-36.763
02.05 18:33:58 Moving is finished
02.05 18:35:35 Scanning 27 point from 1419
02.05 18:35:35 Going to coordinates X=-30.182, Y=-36.763
02.05 18:35:35 Moving is finished
02.05 18:37:11 Scanning 28 point from 1419
02.05 18:37:11 Going to coordinates X=-30.132, Y=-36.763
02.05 18:37:11 Moving is finished
02.05 18:38:48 Scanning 29 point from 1419
02.05 18:38:48 Going to coordinates X=-30.082, Y=-36.763
02.05 18:38:48 Moving is finished
02.05 18:40:25 Scanning 30 point from 1419
02.05 18:40:25 Going to coordinates X=-30.032, Y=-36.763
02.05 18:40:26 Moving is finished
02.05 18:42:02 Scanning 31 point from 1419
02.05 18:42:02 Going to coordinates X=-29.982, Y=-36.763
02.05 18:42:02 Moving is finished
02.05 18:43:39 Scanning 32 point from 1419
02.05 18:43:39 Going to coordinates X=-29.932, Y=-36.763
02.05 18:43:39 Moving is finished
02.05 18:45:16 Scanning 33 point from 1419
02.05 18:45:16 Going to coordinates X=-31.532, Y=-36.713
02.05 18:45:17 Moving is finished
02.05 18:46:53 Scanning 34 point from 1419
02.05 18:46:53 Going to coordinates X=-31.482, Y=-36.713
02.05 18:46:53 Moving is finished
02.05 18:48:31 Scanning 35 point from 1419
02.05 18:48:31 Going to coordinates X=-31.432, Y=-36.713
02.05 18:48:31 Moving is finished
02.05 18:50:07 Scanning 36 point from 1419
02.05 18:50:07 Going to coordinates X=-31.382, Y=-36.713
02.05 18:50:07 Moving is finished
02.05 18:51:43 Scanning 37 point from 1419
02.05 18:51:43 Going to coordinates X=-31.332, Y=-36.713
02.05 18:51:44 Moving is finished
02.05 18:53:20 Scanning 38 point from 1419
02.05 18:53:20 Going to coordinates X=-31.282, Y=-36.713
02.05 18:53:21 Moving is finished
02.05 18:54:57 Scanning 39 point from 1419
02.05 18:54:57 Going to coordinates X=-31.232, Y=-36.713
02.05 18:54:57 Moving is finished
02.05 18:56:34 Scanning 40 point from 1419
02.05 18:56:34 Going to coordinates X=-31.182, Y=-36.713
02.05 18:56:35 Moving is finished
02.05 18:58:11 Scanning 41 point from 1419
02.05 18:58:11 Going to coordinates X=-31.132, Y=-36.713
02.05 18:58:12 Moving is finished
02.05 18:59:49 Scanning 42 point from 1419
02.05 18:59:49 Going to coordinates X=-31.082, Y=-36.713
02.05 18:59:49 Moving is finished
02.05 19:01:26 Scanning 43 point from 1419
02.05 19:01:26 Going to coordinates X=-31.032, Y=-36.713
02.05 19:01:26 Moving is finished
02.05 19:03:03 Scanning 44 point from 1419
02.05 19:03:03 Going to coordinates X=-30.982, Y=-36.713
02.05 19:03:03 Moving is finished
02.05 19:04:40 Scanning 45 point from 1419
02.05 19:04:40 Going to coordinates X=-30.932, Y=-36.713
02.05 19:04:40 Moving is finished
02.05 19:06:17 Scanning 46 point from 1419
02.05 19:06:17 Going to coordinates X=-30.882, Y=-36.713
02.05 19:06:17 Moving is finished
02.05 19:07:54 Scanning 47 point from 1419
02.05 19:07:54 Going to coordinates X=-30.832, Y=-36.713
02.05 19:07:54 Moving is finished
02.05 19:09:31 Scanning 48 point from 1419
02.05 19:09:31 Going to coordinates X=-30.782, Y=-36.713
02.05 19:09:31 Moving is finished
02.05 19:11:08 Scanning 49 point from 1419
02.05 19:11:08 Going to coordinates X=-30.732, Y=-36.713
02.05 19:11:09 Moving is finished
02.05 19:12:46 Scanning 50 point from 1419
02.05 19:12:46 Going to coordinates X=-30.682, Y=-36.713
02.05 19:12:46 Moving is finished
02.05 19:14:22 Scanning 51 point from 1419
02.05 19:14:22 Going to coordinates X=-30.632, Y=-36.713
02.05 19:14:22 Moving is finished
02.05 19:15:59 Scanning 52 point from 1419
02.05 19:15:59 Going to coordinates X=-30.582, Y=-36.713
02.05 19:15:59 Moving is finished
02.05 19:17:36 Scanning 53 point from 1419
02.05 19:17:36 Going to coordinates X=-30.532, Y=-36.713
02.05 19:17:36 Moving is finished
02.05 19:19:13 Scanning 54 point from 1419
02.05 19:19:13 Going to coordinates X=-30.482, Y=-36.713
02.05 19:19:13 Moving is finished
02.05 19:20:50 Scanning 55 point from 1419
02.05 19:20:50 Going to coordinates X=-30.432, Y=-36.713
02.05 19:20:50 Moving is finished
02.05 19:22:27 Scanning 56 point from 1419
02.05 19:22:27 Going to coordinates X=-30.382, Y=-36.713
02.05 19:22:28 Moving is finished
02.05 19:24:04 Scanning 57 point from 1419
02.05 19:24:04 Going to coordinates X=-30.332, Y=-36.713
02.05 19:24:05 Moving is finished
02.05 19:25:42 Scanning 58 point from 1419
02.05 19:25:42 Going to coordinates X=-30.282, Y=-36.713
02.05 19:25:42 Moving is finished
02.05 19:27:19 Scanning 59 point from 1419
02.05 19:27:19 Going to coordinates X=-30.232, Y=-36.713
02.05 19:27:19 Moving is finished
02.05 19:28:55 Scanning 60 point from 1419
02.05 19:28:55 Going to coordinates X=-30.182, Y=-36.713
02.05 19:28:56 Moving is finished
02.05 19:30:32 Scanning 61 point from 1419
02.05 19:30:32 Going to coordinates X=-30.132, Y=-36.713
02.05 19:30:32 Moving is finished
02.05 19:30:32 Status responce is malformed
02.05 19:30:32 list index out of range
02.05 19:32:09 Scanning 62 point from 1419
02.05 19:32:09 Going to coordinates X=-30.082, Y=-36.713
02.05 19:32:09 Moving is finished
02.05 19:33:46 Scanning 63 point from 1419
02.05 19:33:46 Going to coordinates X=-30.032, Y=-36.713
02.05 19:33:46 Moving is finished
02.05 19:35:23 Scanning 64 point from 1419
02.05 19:35:23 Going to coordinates X=-29.982, Y=-36.713
02.05 19:35:23 Moving is finished
02.05 19:37:00 Scanning 65 point from 1419
02.05 19:37:00 Going to coordinates X=-29.932, Y=-36.713
02.05 19:37:00 Moving is finished
02.05 19:38:37 Scanning 66 point from 1419
02.05 19:38:37 Going to coordinates X=-31.532, Y=-36.663
02.05 19:38:38 Moving is finished
02.05 19:40:15 Scanning 67 point from 1419
02.05 19:40:15 Going to coordinates X=-31.482, Y=-36.663
02.05 19:40:15 Moving is finished
02.05 19:41:52 Scanning 68 point from 1419
02.05 19:41:52 Going to coordinates X=-31.432, Y=-36.663
02.05 19:41:52 Moving is finished
02.05 19:43:29 Scanning 69 point from 1419
02.05 19:43:29 Going to coordinates X=-31.382, Y=-36.663
02.05 19:43:29 Moving is finished
02.05 19:45:06 Scanning 70 point from 1419
02.05 19:45:06 Going to coordinates X=-31.332, Y=-36.663
02.05 19:45:06 Moving is finished
02.05 19:46:42 Scanning 71 point from 1419
02.05 19:46:42 Going to coordinates X=-31.282, Y=-36.663
02.05 19:46:43 Moving is finished
02.05 19:48:19 Scanning 72 point from 1419
02.05 19:48:19 Going to coordinates X=-31.232, Y=-36.663
02.05 19:48:19 Moving is finished
02.05 19:49:57 Scanning 73 point from 1419
02.05 19:49:57 Going to coordinates X=-31.182, Y=-36.663
02.05 19:49:57 Moving is finished
02.05 19:51:34 Scanning 74 point from 1419
02.05 19:51:34 Going to coordinates X=-31.132, Y=-36.663
02.05 19:51:34 Moving is finished
02.05 19:53:10 Scanning 75 point from 1419
02.05 19:53:10 Going to coordinates X=-31.082, Y=-36.663
02.05 19:53:11 Moving is finished
02.05 19:54:47 Scanning 76 point from 1419
02.05 19:54:47 Going to coordinates X=-31.032, Y=-36.663
02.05 19:54:47 Moving is finished
02.05 19:56:24 Scanning 77 point from 1419
02.05 19:56:24 Going to coordinates X=-30.982, Y=-36.663
02.05 19:56:24 Moving is finished
02.05 19:58:01 Scanning 78 point from 1419
02.05 19:58:01 Going to coordinates X=-30.932, Y=-36.663
02.05 19:58:01 Moving is finished
02.05 19:59:38 Scanning 79 point from 1419
02.05 19:59:38 Going to coordinates X=-30.882, Y=-36.663
02.05 19:59:38 Moving is finished
02.05 20:01:14 Scanning 80 point from 1419
02.05 20:01:14 Going to coordinates X=-30.832, Y=-36.663
02.05 20:01:15 Moving is finished
02.05 20:02:51 Scanning 81 point from 1419
02.05 20:02:51 Going to coordinates X=-30.782, Y=-36.663
02.05 20:02:52 Moving is finished
02.05 20:04:29 Scanning 82 point from 1419
02.05 20:04:29 Going to coordinates X=-30.732, Y=-36.663
02.05 20:04:29 Moving is finished
02.05 20:06:06 Scanning 83 point from 1419
02.05 20:06:06 Going to coordinates X=-30.682, Y=-36.663
02.05 20:06:07 Moving is finished
02.05 20:07:43 Scanning 84 point from 1419
02.05 20:07:43 Going to coordinates X=-30.632, Y=-36.663
02.05 20:07:43 Moving is finished
02.05 20:09:21 Scanning 85 point from 1419
02.05 20:09:21 Going to coordinates X=-30.582, Y=-36.663
02.05 20:09:21 Moving is finished
02.05 20:10:58 Scanning 86 point from 1419
02.05 20:10:58 Going to coordinates X=-30.532, Y=-36.663
02.05 20:10:58 Moving is finished
02.05 20:12:34 Scanning 87 point from 1419
02.05 20:12:34 Going to coordinates X=-30.482, Y=-36.663
02.05 20:12:35 Moving is finished
02.05 20:14:11 Scanning 88 point from 1419
02.05 20:14:11 Going to coordinates X=-30.432, Y=-36.663
02.05 20:14:11 Moving is finished
02.05 20:15:48 Scanning 89 point from 1419
02.05 20:15:48 Going to coordinates X=-30.382, Y=-36.663
02.05 20:15:48 Moving is finished
02.05 20:17:25 Scanning 90 point from 1419
02.05 20:17:25 Going to coordinates X=-30.332, Y=-36.663
02.05 20:17:25 Moving is finished
02.05 20:19:02 Scanning 91 point from 1419
02.05 20:19:02 Going to coordinates X=-30.282, Y=-36.663
02.05 20:19:02 Moving is finished
02.05 20:20:39 Scanning 92 point from 1419
02.05 20:20:39 Going to coordinates X=-30.232, Y=-36.663
02.05 20:20:39 Moving is finished
02.05 20:22:16 Scanning 93 point from 1419
02.05 20:22:16 Going to coordinates X=-30.182, Y=-36.663
02.05 20:22:16 Moving is finished
02.05 20:23:53 Scanning 94 point from 1419
02.05 20:23:53 Going to coordinates X=-30.132, Y=-36.663
02.05 20:23:54 Moving is finished
02.05 20:25:30 Scanning 95 point from 1419
02.05 20:25:30 Going to coordinates X=-30.082, Y=-36.663
02.05 20:25:30 Moving is finished
02.05 20:27:06 Scanning 96 point from 1419
02.05 20:27:06 Going to coordinates X=-30.032, Y=-36.663
02.05 20:27:07 Moving is finished
02.05 20:28:44 Scanning 97 point from 1419
02.05 20:28:44 Going to coordinates X=-29.982, Y=-36.663
02.05 20:28:44 Moving is finished
02.05 20:30:20 Scanning 98 point from 1419
02.05 20:30:20 Going to coordinates X=-29.932, Y=-36.663
02.05 20:30:20 Moving is finished
02.05 20:31:58 Scanning 99 point from 1419
02.05 20:31:58 Going to coordinates X=-31.532, Y=-36.613
02.05 20:31:58 Moving is finished
02.05 20:33:35 Scanning 100 point from 1419
02.05 20:33:35 Going to coordinates X=-31.482, Y=-36.613
02.05 20:33:35 Moving is finished
02.05 20:35:12 Scanning 101 point from 1419
02.05 20:35:12 Going to coordinates X=-31.432, Y=-36.613
02.05 20:35:12 Moving is finished
02.05 20:36:49 Scanning 102 point from 1419
02.05 20:36:49 Going to coordinates X=-31.382, Y=-36.613
02.05 20:36:49 Moving is finished
02.05 20:38:26 Scanning 103 point from 1419
02.05 20:38:26 Going to coordinates X=-31.332, Y=-36.613
02.05 20:38:26 Moving is finished
02.05 20:40:03 Scanning 104 point from 1419
02.05 20:40:03 Going to coordinates X=-31.282, Y=-36.613
02.05 20:40:03 Moving is finished
02.05 20:41:39 Scanning 105 point from 1419
02.05 20:41:39 Going to coordinates X=-31.232, Y=-36.613
02.05 20:41:40 Moving is finished
02.05 20:43:16 Scanning 106 point from 1419
02.05 20:43:16 Going to coordinates X=-31.182, Y=-36.613
02.05 20:43:17 Moving is finished
02.05 20:44:53 Scanning 107 point from 1419
02.05 20:44:53 Going to coordinates X=-31.132, Y=-36.613
02.05 20:44:53 Moving is finished
02.05 20:46:30 Scanning 108 point from 1419
02.05 20:46:30 Going to coordinates X=-31.082, Y=-36.613
02.05 20:46:30 Moving is finished
02.05 20:48:07 Scanning 109 point from 1419
02.05 20:48:07 Going to coordinates X=-31.032, Y=-36.613
02.05 20:48:08 Moving is finished
02.05 20:49:44 Scanning 110 point from 1419
02.05 20:49:44 Going to coordinates X=-30.982, Y=-36.613
02.05 20:49:45 Moving is finished
02.05 20:51:21 Scanning 111 point from 1419
02.05 20:51:21 Going to coordinates X=-30.932, Y=-36.613
02.05 20:51:21 Moving is finished
02.05 20:52:58 Scanning 112 point from 1419
02.05 20:52:58 Going to coordinates X=-30.882, Y=-36.613
02.05 20:52:59 Moving is finished
02.05 20:54:35 Scanning 113 point from 1419
02.05 20:54:35 Going to coordinates X=-30.832, Y=-36.613
02.05 20:54:36 Moving is finished
02.05 20:56:12 Scanning 114 point from 1419
02.05 20:56:12 Going to coordinates X=-30.782, Y=-36.613
02.05 20:56:13 Moving is finished
02.05 20:57:49 Scanning 115 point from 1419
02.05 20:57:49 Going to coordinates X=-30.732, Y=-36.613
02.05 20:57:50 Moving is finished
02.05 20:59:27 Scanning 116 point from 1419
02.05 20:59:27 Going to coordinates X=-30.682, Y=-36.613
02.05 20:59:27 Moving is finished
02.05 21:01:04 Scanning 117 point from 1419
02.05 21:01:04 Going to coordinates X=-30.632, Y=-36.613
02.05 21:01:04 Moving is finished
02.05 21:02:40 Scanning 118 point from 1419
02.05 21:02:40 Going to coordinates X=-30.582, Y=-36.613
02.05 21:02:40 Moving is finished
02.05 21:04:17 Scanning 119 point from 1419
02.05 21:04:17 Going to coordinates X=-30.532, Y=-36.613
02.05 21:04:17 Moving is finished
02.05 21:05:54 Scanning 120 point from 1419
02.05 21:05:54 Going to coordinates X=-30.482, Y=-36.613
02.05 21:05:54 Moving is finished
02.05 21:07:31 Scanning 121 point from 1419
02.05 21:07:31 Going to coordinates X=-30.432, Y=-36.613
02.05 21:07:31 Moving is finished
02.05 21:09:08 Scanning 122 point from 1419
02.05 21:09:08 Going to coordinates X=-30.382, Y=-36.613
02.05 21:09:08 Moving is finished
02.05 21:10:45 Scanning 123 point from 1419
02.05 21:10:45 Going to coordinates X=-30.332, Y=-36.613
02.05 21:10:45 Moving is finished
02.05 21:12:22 Scanning 124 point from 1419
02.05 21:12:22 Going to coordinates X=-30.282, Y=-36.613
02.05 21:12:22 Moving is finished
02.05 21:13:58 Scanning 125 point from 1419
02.05 21:13:58 Going to coordinates X=-30.232, Y=-36.613
02.05 21:13:58 Moving is finished
02.05 21:15:35 Scanning 126 point from 1419
02.05 21:15:35 Going to coordinates X=-30.182, Y=-36.613
02.05 21:15:35 Moving is finished
02.05 21:17:12 Scanning 127 point from 1419
02.05 21:17:12 Going to coordinates X=-30.132, Y=-36.613
02.05 21:17:12 Moving is finished
02.05 21:18:49 Scanning 128 point from 1419
02.05 21:18:49 Going to coordinates X=-30.082, Y=-36.613
02.05 21:18:49 Moving is finished
02.05 21:20:26 Scanning 129 point from 1419
02.05 21:20:26 Going to coordinates X=-30.032, Y=-36.613
02.05 21:20:27 Moving is finished
02.05 21:22:03 Scanning 130 point from 1419
02.05 21:22:03 Going to coordinates X=-29.982, Y=-36.613
02.05 21:22:04 Moving is finished
02.05 21:23:41 Scanning 131 point from 1419
02.05 21:23:41 Going to coordinates X=-29.932, Y=-36.613
02.05 21:23:41 Moving is finished
02.05 21:25:17 Scanning 132 point from 1419
02.05 21:25:17 Going to coordinates X=-31.532, Y=-36.563
02.05 21:25:18 Moving is finished
02.05 21:26:55 Scanning 133 point from 1419
02.05 21:26:55 Going to coordinates X=-31.482, Y=-36.563
02.05 21:26:55 Moving is finished
02.05 21:28:32 Scanning 134 point from 1419
02.05 21:28:32 Going to coordinates X=-31.432, Y=-36.563
02.05 21:28:32 Moving is finished
02.05 21:30:09 Scanning 135 point from 1419
02.05 21:30:09 Going to coordinates X=-31.382, Y=-36.563
02.05 21:30:09 Moving is finished
02.05 21:31:45 Scanning 136 point from 1419
02.05 21:31:45 Going to coordinates X=-31.332, Y=-36.563
02.05 21:31:46 Moving is finished
02.05 21:33:23 Scanning 137 point from 1419
02.05 21:33:23 Going to coordinates X=-31.282, Y=-36.563
02.05 21:33:23 Moving is finished
02.05 21:34:59 Scanning 138 point from 1419
02.05 21:34:59 Going to coordinates X=-31.232, Y=-36.563
02.05 21:34:59 Moving is finished
02.05 21:36:36 Scanning 139 point from 1419
02.05 21:36:36 Going to coordinates X=-31.182, Y=-36.563
02.05 21:36:36 Moving is finished
02.05 21:38:13 Scanning 140 point from 1419
02.05 21:38:13 Going to coordinates X=-31.132, Y=-36.563
02.05 21:38:13 Moving is finished
02.05 21:39:50 Scanning 141 point from 1419
02.05 21:39:50 Going to coordinates X=-31.082, Y=-36.563
02.05 21:39:50 Moving is finished
02.05 21:41:27 Scanning 142 point from 1419
02.05 21:41:27 Going to coordinates X=-31.032, Y=-36.563
02.05 21:41:27 Moving is finished
02.05 21:43:04 Scanning 143 point from 1419
02.05 21:43:04 Going to coordinates X=-30.982, Y=-36.563
02.05 21:43:04 Moving is finished
02.05 21:44:41 Scanning 144 point from 1419
02.05 21:44:41 Going to coordinates X=-30.932, Y=-36.563
02.05 21:44:41 Moving is finished
02.05 21:46:18 Scanning 145 point from 1419
02.05 21:46:18 Going to coordinates X=-30.882, Y=-36.563
02.05 21:46:18 Moving is finished
02.05 21:47:55 Scanning 146 point from 1419
02.05 21:47:55 Going to coordinates X=-30.832, Y=-36.563
02.05 21:47:55 Moving is finished
02.05 21:49:31 Scanning 147 point from 1419
02.05 21:49:31 Going to coordinates X=-30.782, Y=-36.563
02.05 21:49:32 Moving is finished
02.05 21:51:08 Scanning 148 point from 1419
02.05 21:51:08 Going to coordinates X=-30.732, Y=-36.563
02.05 21:51:08 Moving is finished
02.05 21:52:45 Scanning 149 point from 1419
02.05 21:52:45 Going to coordinates X=-30.682, Y=-36.563
02.05 21:52:45 Moving is finished
02.05 21:54:22 Scanning 150 point from 1419
02.05 21:54:22 Going to coordinates X=-30.632, Y=-36.563
02.05 21:54:22 Moving is finished
02.05 21:55:58 Scanning 151 point from 1419
02.05 21:55:58 Going to coordinates X=-30.582, Y=-36.563
02.05 21:55:59 Moving is finished
02.05 21:57:35 Scanning 152 point from 1419
02.05 21:57:35 Going to coordinates X=-30.532, Y=-36.563
02.05 21:57:35 Moving is finished
02.05 21:59:12 Scanning 153 point from 1419
02.05 21:59:12 Going to coordinates X=-30.482, Y=-36.563
02.05 21:59:12 Moving is finished
02.05 22:00:49 Scanning 154 point from 1419
02.05 22:00:49 Going to coordinates X=-30.432, Y=-36.563
02.05 22:00:49 Moving is finished
02.05 22:02:26 Scanning 155 point from 1419
02.05 22:02:26 Going to coordinates X=-30.382, Y=-36.563
02.05 22:02:26 Moving is finished
02.05 22:04:02 Scanning 156 point from 1419
02.05 22:04:02 Going to coordinates X=-30.332, Y=-36.563
02.05 22:04:02 Moving is finished
02.05 22:05:39 Scanning 157 point from 1419
02.05 22:05:39 Going to coordinates X=-30.282, Y=-36.563
02.05 22:05:40 Moving is finished
02.05 22:07:16 Scanning 158 point from 1419
02.05 22:07:16 Going to coordinates X=-30.232, Y=-36.563
02.05 22:07:16 Moving is finished
02.05 22:08:53 Scanning 159 point from 1419
02.05 22:08:53 Going to coordinates X=-30.182, Y=-36.563
02.05 22:08:54 Moving is finished
02.05 22:10:31 Scanning 160 point from 1419
02.05 22:10:31 Going to coordinates X=-30.132, Y=-36.563
02.05 22:10:31 Moving is finished
02.05 22:12:07 Scanning 161 point from 1419
02.05 22:12:07 Going to coordinates X=-30.082, Y=-36.563
02.05 22:12:08 Moving is finished
02.05 22:13:45 Scanning 162 point from 1419
02.05 22:13:45 Going to coordinates X=-30.032, Y=-36.563
02.05 22:13:45 Moving is finished
02.05 22:15:22 Scanning 163 point from 1419
02.05 22:15:22 Going to coordinates X=-29.982, Y=-36.563
02.05 22:15:22 Moving is finished
02.05 22:16:59 Scanning 164 point from 1419
02.05 22:16:59 Going to coordinates X=-29.932, Y=-36.563
02.05 22:16:59 Moving is finished
02.05 22:18:36 Scanning 165 point from 1419
02.05 22:18:36 Going to coordinates X=-31.532, Y=-36.513
02.05 22:18:37 Moving is finished
02.05 22:20:14 Scanning 166 point from 1419
02.05 22:20:14 Going to coordinates X=-31.482, Y=-36.513
02.05 22:20:14 Moving is finished
02.05 22:21:51 Scanning 167 point from 1419
02.05 22:21:51 Going to coordinates X=-31.432, Y=-36.513
02.05 22:21:51 Moving is finished
02.05 22:23:28 Scanning 168 point from 1419
02.05 22:23:28 Going to coordinates X=-31.382, Y=-36.513
02.05 22:23:28 Moving is finished
02.05 22:25:05 Scanning 169 point from 1419
02.05 22:25:05 Going to coordinates X=-31.332, Y=-36.513
02.05 22:25:05 Moving is finished
02.05 22:26:41 Scanning 170 point from 1419
02.05 22:26:41 Going to coordinates X=-31.282, Y=-36.513
02.05 22:26:42 Moving is finished
02.05 22:28:19 Scanning 171 point from 1419
02.05 22:28:19 Going to coordinates X=-31.232, Y=-36.513
02.05 22:28:19 Moving is finished
02.05 22:29:56 Scanning 172 point from 1419
02.05 22:29:56 Going to coordinates X=-31.182, Y=-36.513
02.05 22:29:56 Moving is finished
02.05 22:31:33 Scanning 173 point from 1419
02.05 22:31:33 Going to coordinates X=-31.132, Y=-36.513
02.05 22:31:33 Moving is finished
02.05 22:33:10 Scanning 174 point from 1419
02.05 22:33:10 Going to coordinates X=-31.082, Y=-36.513
02.05 22:33:10 Moving is finished
02.05 22:34:47 Scanning 175 point from 1419
02.05 22:34:47 Going to coordinates X=-31.032, Y=-36.513
02.05 22:34:47 Moving is finished
02.05 22:36:24 Scanning 176 point from 1419
02.05 22:36:24 Going to coordinates X=-30.982, Y=-36.513
02.05 22:36:24 Moving is finished
02.05 22:38:01 Scanning 177 point from 1419
02.05 22:38:01 Going to coordinates X=-30.932, Y=-36.513
02.05 22:38:01 Moving is finished
02.05 22:39:37 Scanning 178 point from 1419
02.05 22:39:37 Going to coordinates X=-30.882, Y=-36.513
02.05 22:39:38 Moving is finished
02.05 22:41:14 Scanning 179 point from 1419
02.05 22:41:14 Going to coordinates X=-30.832, Y=-36.513
02.05 22:41:14 Moving is finished
02.05 22:42:51 Scanning 180 point from 1419
02.05 22:42:51 Going to coordinates X=-30.782, Y=-36.513
02.05 22:42:52 Moving is finished
02.05 22:44:28 Scanning 181 point from 1419
02.05 22:44:28 Going to coordinates X=-30.732, Y=-36.513
02.05 22:44:28 Moving is finished
02.05 22:46:05 Scanning 182 point from 1419
02.05 22:46:05 Going to coordinates X=-30.682, Y=-36.513
02.05 22:46:06 Moving is finished
02.05 22:47:42 Scanning 183 point from 1419
02.05 22:47:42 Going to coordinates X=-30.632, Y=-36.513
02.05 22:47:42 Moving is finished
02.05 22:49:19 Scanning 184 point from 1419
02.05 22:49:19 Going to coordinates X=-30.582, Y=-36.513
02.05 22:49:19 Moving is finished
02.05 22:50:55 Scanning 185 point from 1419
02.05 22:50:55 Going to coordinates X=-30.532, Y=-36.513
02.05 22:50:56 Moving is finished
02.05 22:52:32 Scanning 186 point from 1419
02.05 22:52:32 Going to coordinates X=-30.482, Y=-36.513
02.05 22:52:32 Moving is finished
02.05 22:54:10 Scanning 187 point from 1419
02.05 22:54:10 Going to coordinates X=-30.432, Y=-36.513
02.05 22:54:10 Moving is finished
02.05 22:55:47 Scanning 188 point from 1419
02.05 22:55:47 Going to coordinates X=-30.382, Y=-36.513
02.05 22:55:48 Moving is finished
02.05 22:57:24 Scanning 189 point from 1419
02.05 22:57:24 Going to coordinates X=-30.332, Y=-36.513
02.05 22:57:24 Moving is finished
02.05 22:59:01 Scanning 190 point from 1419
02.05 22:59:01 Going to coordinates X=-30.282, Y=-36.513
02.05 22:59:01 Moving is finished
02.05 23:00:39 Scanning 191 point from 1419
02.05 23:00:39 Going to coordinates X=-30.232, Y=-36.513
02.05 23:00:39 Moving is finished
02.05 23:02:16 Scanning 192 point from 1419
02.05 23:02:16 Going to coordinates X=-30.182, Y=-36.513
02.05 23:02:16 Moving is finished
02.05 23:03:54 Scanning 193 point from 1419
02.05 23:03:54 Going to coordinates X=-30.132, Y=-36.513
02.05 23:03:54 Moving is finished
02.05 23:05:31 Scanning 194 point from 1419
02.05 23:05:31 Going to coordinates X=-30.082, Y=-36.513
02.05 23:05:32 Moving is finished
02.05 23:07:09 Scanning 195 point from 1419
02.05 23:07:09 Going to coordinates X=-30.032, Y=-36.513
02.05 23:07:09 Moving is finished
02.05 23:08:45 Scanning 196 point from 1419
02.05 23:08:45 Going to coordinates X=-29.982, Y=-36.513
02.05 23:08:46 Moving is finished
02.05 23:10:23 Scanning 197 point from 1419
02.05 23:10:23 Going to coordinates X=-29.932, Y=-36.513
02.05 23:10:23 Moving is finished
02.05 23:11:59 Scanning 198 point from 1419
02.05 23:11:59 Going to coordinates X=-31.532, Y=-36.463
02.05 23:12:00 Moving is finished
02.05 23:13:37 Scanning 199 point from 1419
02.05 23:13:37 Going to coordinates X=-31.482, Y=-36.463
02.05 23:13:37 Moving is finished
02.05 23:15:14 Scanning 200 point from 1419
02.05 23:15:14 Going to coordinates X=-31.432, Y=-36.463
02.05 23:15:14 Moving is finished
02.05 23:16:51 Scanning 201 point from 1419
02.05 23:16:51 Going to coordinates X=-31.382, Y=-36.463
02.05 23:16:51 Moving is finished
02.05 23:18:28 Scanning 202 point from 1419
02.05 23:18:28 Going to coordinates X=-31.332, Y=-36.463
02.05 23:18:28 Moving is finished
02.05 23:20:04 Scanning 203 point from 1419
02.05 23:20:04 Going to coordinates X=-31.282, Y=-36.463
02.05 23:20:05 Moving is finished
02.05 23:21:41 Scanning 204 point from 1419
02.05 23:21:41 Going to coordinates X=-31.232, Y=-36.463
02.05 23:21:41 Moving is finished
02.05 23:23:18 Scanning 205 point from 1419
02.05 23:23:18 Going to coordinates X=-31.182, Y=-36.463
02.05 23:23:19 Moving is finished
02.05 23:24:55 Scanning 206 point from 1419
02.05 23:24:55 Going to coordinates X=-31.132, Y=-36.463
02.05 23:24:56 Moving is finished
02.05 23:26:33 Scanning 207 point from 1419
02.05 23:26:33 Going to coordinates X=-31.082, Y=-36.463
02.05 23:26:33 Moving is finished
02.05 23:28:10 Scanning 208 point from 1419
02.05 23:28:10 Going to coordinates X=-31.032, Y=-36.463
02.05 23:28:10 Moving is finished
02.05 23:29:47 Scanning 209 point from 1419
02.05 23:29:47 Going to coordinates X=-30.982, Y=-36.463
02.05 23:29:47 Moving is finished
02.05 23:31:24 Scanning 210 point from 1419
02.05 23:31:24 Going to coordinates X=-30.932, Y=-36.463
02.05 23:31:24 Moving is finished
02.05 23:33:00 Scanning 211 point from 1419
02.05 23:33:00 Going to coordinates X=-30.882, Y=-36.463
02.05 23:33:00 Moving is finished
02.05 23:34:37 Scanning 212 point from 1419
02.05 23:34:37 Going to coordinates X=-30.832, Y=-36.463
02.05 23:34:38 Moving is finished
02.05 23:36:14 Scanning 213 point from 1419
02.05 23:36:14 Going to coordinates X=-30.782, Y=-36.463
02.05 23:36:15 Moving is finished
02.05 23:37:51 Scanning 214 point from 1419
02.05 23:37:51 Going to coordinates X=-30.732, Y=-36.463
02.05 23:37:51 Moving is finished
02.05 23:39:29 Scanning 215 point from 1419
02.05 23:39:29 Going to coordinates X=-30.682, Y=-36.463
02.05 23:39:29 Moving is finished
02.05 23:41:05 Scanning 216 point from 1419
02.05 23:41:05 Going to coordinates X=-30.632, Y=-36.463
02.05 23:41:05 Moving is finished
02.05 23:42:42 Scanning 217 point from 1419
02.05 23:42:42 Going to coordinates X=-30.582, Y=-36.463
02.05 23:42:42 Moving is finished
02.05 23:44:19 Scanning 218 point from 1419
02.05 23:44:19 Going to coordinates X=-30.532, Y=-36.463
02.05 23:44:19 Moving is finished
02.05 23:45:56 Scanning 219 point from 1419
02.05 23:45:56 Going to coordinates X=-30.482, Y=-36.463
02.05 23:45:56 Moving is finished
02.05 23:47:33 Scanning 220 point from 1419
02.05 23:47:33 Going to coordinates X=-30.432, Y=-36.463
02.05 23:47:33 Moving is finished
02.05 23:49:09 Scanning 221 point from 1419
02.05 23:49:09 Going to coordinates X=-30.382, Y=-36.463
02.05 23:49:09 Moving is finished
02.05 23:50:46 Scanning 222 point from 1419
02.05 23:50:46 Going to coordinates X=-30.332, Y=-36.463
02.05 23:50:47 Moving is finished
02.05 23:52:23 Scanning 223 point from 1419
02.05 23:52:23 Going to coordinates X=-30.282, Y=-36.463
02.05 23:52:23 Moving is finished
02.05 23:54:01 Scanning 224 point from 1419
02.05 23:54:01 Going to coordinates X=-30.232, Y=-36.463
02.05 23:54:01 Moving is finished
02.05 23:55:38 Scanning 225 point from 1419
02.05 23:55:38 Going to coordinates X=-30.182, Y=-36.463
02.05 23:55:38 Moving is finished
02.05 23:57:15 Scanning 226 point from 1419
02.05 23:57:15 Going to coordinates X=-30.132, Y=-36.463
02.05 23:57:16 Moving is finished
02.05 23:58:52 Scanning 227 point from 1419
02.05 23:58:52 Going to coordinates X=-30.082, Y=-36.463
02.05 23:58:52 Moving is finished
03.05 00:00:30 Scanning 228 point from 1419
03.05 00:00:30 Going to coordinates X=-30.032, Y=-36.463
03.05 00:00:30 Moving is finished
03.05 00:02:07 Scanning 229 point from 1419
03.05 00:02:07 Going to coordinates X=-29.982, Y=-36.463
03.05 00:02:07 Moving is finished
03.05 00:03:44 Scanning 230 point from 1419
03.05 00:03:44 Going to coordinates X=-29.932, Y=-36.463
03.05 00:03:44 Moving is finished
03.05 00:05:21 Scanning 231 point from 1419
03.05 00:05:21 Going to coordinates X=-31.532, Y=-36.413
03.05 00:05:21 Moving is finished
03.05 00:06:59 Scanning 232 point from 1419
03.05 00:06:59 Going to coordinates X=-31.482, Y=-36.413
03.05 00:06:59 Moving is finished
03.05 00:08:36 Scanning 233 point from 1419
03.05 00:08:36 Going to coordinates X=-31.432, Y=-36.413
03.05 00:08:36 Moving is finished
03.05 00:10:13 Scanning 234 point from 1419
03.05 00:10:13 Going to coordinates X=-31.382, Y=-36.413
03.05 00:10:13 Moving is finished
03.05 00:11:50 Scanning 235 point from 1419
03.05 00:11:50 Going to coordinates X=-31.332, Y=-36.413
03.05 00:11:50 Moving is finished
03.05 00:13:27 Scanning 236 point from 1419
03.05 00:13:27 Going to coordinates X=-31.282, Y=-36.413
03.05 00:13:27 Moving is finished
03.05 00:15:04 Scanning 237 point from 1419
03.05 00:15:04 Going to coordinates X=-31.232, Y=-36.413
03.05 00:15:04 Moving is finished
03.05 00:16:41 Scanning 238 point from 1419
03.05 00:16:41 Going to coordinates X=-31.182, Y=-36.413
03.05 00:16:41 Moving is finished
03.05 00:18:18 Scanning 239 point from 1419
03.05 00:18:18 Going to coordinates X=-31.132, Y=-36.413
03.05 00:18:18 Moving is finished
03.05 00:19:55 Scanning 240 point from 1419
03.05 00:19:55 Going to coordinates X=-31.082, Y=-36.413
03.05 00:19:56 Moving is finished
03.05 00:21:32 Scanning 241 point from 1419
03.05 00:21:32 Going to coordinates X=-31.032, Y=-36.413
03.05 00:21:32 Moving is finished
03.05 00:23:09 Scanning 242 point from 1419
03.05 00:23:09 Going to coordinates X=-30.982, Y=-36.413
03.05 00:23:10 Moving is finished
03.05 00:24:46 Scanning 243 point from 1419
03.05 00:24:46 Going to coordinates X=-30.932, Y=-36.413
03.05 00:24:46 Moving is finished
03.05 00:26:23 Scanning 244 point from 1419
03.05 00:26:23 Going to coordinates X=-30.882, Y=-36.413
03.05 00:26:23 Moving is finished
03.05 00:28:00 Scanning 245 point from 1419
03.05 00:28:00 Going to coordinates X=-30.832, Y=-36.413
03.05 00:28:00 Moving is finished
03.05 00:29:37 Scanning 246 point from 1419
03.05 00:29:37 Going to coordinates X=-30.782, Y=-36.413
03.05 00:29:37 Moving is finished
03.05 00:31:13 Scanning 247 point from 1419
03.05 00:31:13 Going to coordinates X=-30.732, Y=-36.413
03.05 00:31:13 Moving is finished
03.05 00:32:50 Scanning 248 point from 1419
03.05 00:32:50 Going to coordinates X=-30.682, Y=-36.413
03.05 00:32:50 Moving is finished
03.05 00:34:27 Scanning 249 point from 1419
03.05 00:34:27 Going to coordinates X=-30.632, Y=-36.413
03.05 00:34:27 Moving is finished
03.05 00:36:05 Scanning 250 point from 1419
03.05 00:36:05 Going to coordinates X=-30.582, Y=-36.413
03.05 00:36:05 Moving is finished
03.05 00:37:41 Scanning 251 point from 1419
03.05 00:37:41 Going to coordinates X=-30.532, Y=-36.413
03.05 00:37:41 Moving is finished
03.05 00:39:18 Scanning 252 point from 1419
03.05 00:39:18 Going to coordinates X=-30.482, Y=-36.413
03.05 00:39:18 Moving is finished
03.05 00:40:55 Scanning 253 point from 1419
03.05 00:40:55 Going to coordinates X=-30.432, Y=-36.413
03.05 00:40:55 Moving is finished
03.05 00:42:32 Scanning 254 point from 1419
03.05 00:42:32 Going to coordinates X=-30.382, Y=-36.413
03.05 00:42:32 Moving is finished
03.05 00:44:09 Scanning 255 point from 1419
03.05 00:44:09 Going to coordinates X=-30.332, Y=-36.413
03.05 00:44:09 Moving is finished
03.05 00:45:46 Scanning 256 point from 1419
03.05 00:45:46 Going to coordinates X=-30.282, Y=-36.413
03.05 00:45:46 Moving is finished
03.05 00:47:23 Scanning 257 point from 1419
03.05 00:47:23 Going to coordinates X=-30.232, Y=-36.413
03.05 00:47:23 Moving is finished
03.05 00:49:00 Scanning 258 point from 1419
03.05 00:49:00 Going to coordinates X=-30.182, Y=-36.413
03.05 00:49:00 Moving is finished
03.05 00:50:37 Scanning 259 point from 1419
03.05 00:50:37 Going to coordinates X=-30.132, Y=-36.413
03.05 00:50:37 Moving is finished
03.05 00:52:14 Scanning 260 point from 1419
03.05 00:52:14 Going to coordinates X=-30.082, Y=-36.413
03.05 00:52:14 Moving is finished
03.05 00:53:52 Scanning 261 point from 1419
03.05 00:53:52 Going to coordinates X=-30.032, Y=-36.413
03.05 00:53:52 Moving is finished
03.05 00:55:28 Scanning 262 point from 1419
03.05 00:55:28 Going to coordinates X=-29.982, Y=-36.413
03.05 00:55:29 Moving is finished
03.05 00:57:06 Scanning 263 point from 1419
03.05 00:57:06 Going to coordinates X=-29.932, Y=-36.413
03.05 00:57:06 Moving is finished
03.05 00:58:42 Scanning 264 point from 1419
03.05 00:58:42 Going to coordinates X=-31.532, Y=-36.363
03.05 00:58:43 Moving is finished
03.05 01:00:20 Scanning 265 point from 1419
03.05 01:00:20 Going to coordinates X=-31.482, Y=-36.363
03.05 01:00:20 Moving is finished
03.05 01:01:57 Scanning 266 point from 1419
03.05 01:01:57 Going to coordinates X=-31.432, Y=-36.363
03.05 01:01:57 Moving is finished
03.05 01:03:34 Scanning 267 point from 1419
03.05 01:03:34 Going to coordinates X=-31.382, Y=-36.363
03.05 01:03:34 Moving is finished
03.05 01:05:10 Scanning 268 point from 1419
03.05 01:05:10 Going to coordinates X=-31.332, Y=-36.363
03.05 01:05:10 Moving is finished
03.05 01:06:47 Scanning 269 point from 1419
03.05 01:06:47 Going to coordinates X=-31.282, Y=-36.363
03.05 01:06:47 Moving is finished
03.05 01:08:24 Scanning 270 point from 1419
03.05 01:08:24 Going to coordinates X=-31.232, Y=-36.363
03.05 01:08:25 Moving is finished
03.05 01:10:02 Scanning 271 point from 1419
03.05 01:10:02 Going to coordinates X=-31.182, Y=-36.363
03.05 01:10:02 Moving is finished
03.05 01:11:39 Scanning 272 point from 1419
03.05 01:11:39 Going to coordinates X=-31.132, Y=-36.363
03.05 01:11:39 Moving is finished
03.05 01:13:15 Scanning 273 point from 1419
03.05 01:13:15 Going to coordinates X=-31.082, Y=-36.363
03.05 01:13:15 Moving is finished
03.05 01:14:52 Scanning 274 point from 1419
03.05 01:14:52 Going to coordinates X=-31.032, Y=-36.363
03.05 01:14:52 Moving is finished
03.05 01:16:29 Scanning 275 point from 1419
03.05 01:16:29 Going to coordinates X=-30.982, Y=-36.363
03.05 01:16:29 Moving is finished
03.05 01:18:05 Scanning 276 point from 1419
03.05 01:18:05 Going to coordinates X=-30.932, Y=-36.363
03.05 01:18:06 Moving is finished
03.05 01:19:42 Scanning 277 point from 1419
03.05 01:19:42 Going to coordinates X=-30.882, Y=-36.363
03.05 01:19:43 Moving is finished
03.05 01:21:19 Scanning 278 point from 1419
03.05 01:21:19 Going to coordinates X=-30.832, Y=-36.363
03.05 01:21:19 Moving is finished
03.05 01:22:56 Scanning 279 point from 1419
03.05 01:22:56 Going to coordinates X=-30.782, Y=-36.363
03.05 01:22:56 Moving is finished
03.05 01:24:33 Scanning 280 point from 1419
03.05 01:24:33 Going to coordinates X=-30.732, Y=-36.363
03.05 01:24:33 Moving is finished
03.05 01:26:10 Scanning 281 point from 1419
03.05 01:26:10 Going to coordinates X=-30.682, Y=-36.363
03.05 01:26:10 Moving is finished
03.05 01:27:47 Scanning 282 point from 1419
03.05 01:27:47 Going to coordinates X=-30.632, Y=-36.363
03.05 01:27:47 Moving is finished
03.05 01:29:24 Scanning 283 point from 1419
03.05 01:29:24 Going to coordinates X=-30.582, Y=-36.363
03.05 01:29:24 Moving is finished
03.05 01:31:01 Scanning 284 point from 1419
03.05 01:31:01 Going to coordinates X=-30.532, Y=-36.363
03.05 01:31:01 Moving is finished
03.05 01:32:38 Scanning 285 point from 1419
03.05 01:32:38 Going to coordinates X=-30.482, Y=-36.363
03.05 01:32:38 Moving is finished
03.05 01:34:14 Scanning 286 point from 1419
03.05 01:34:14 Going to coordinates X=-30.432, Y=-36.363
03.05 01:34:15 Moving is finished
03.05 01:35:52 Scanning 287 point from 1419
03.05 01:35:52 Going to coordinates X=-30.382, Y=-36.363
03.05 01:35:52 Moving is finished
03.05 01:37:29 Scanning 288 point from 1419
03.05 01:37:29 Going to coordinates X=-30.332, Y=-36.363
03.05 01:37:29 Moving is finished
03.05 01:39:05 Scanning 289 point from 1419
03.05 01:39:05 Going to coordinates X=-30.282, Y=-36.363
03.05 01:39:06 Moving is finished
03.05 01:40:42 Scanning 290 point from 1419
03.05 01:40:42 Going to coordinates X=-30.232, Y=-36.363
03.05 01:40:42 Moving is finished
03.05 01:42:19 Scanning 291 point from 1419
03.05 01:42:19 Going to coordinates X=-30.182, Y=-36.363
03.05 01:42:19 Moving is finished
03.05 01:43:56 Scanning 292 point from 1419
03.05 01:43:56 Going to coordinates X=-30.132, Y=-36.363
03.05 01:43:56 Moving is finished
03.05 01:45:33 Scanning 293 point from 1419
03.05 01:45:33 Going to coordinates X=-30.082, Y=-36.363
03.05 01:45:33 Moving is finished
03.05 01:47:10 Scanning 294 point from 1419
03.05 01:47:10 Going to coordinates X=-30.032, Y=-36.363
03.05 01:47:10 Moving is finished
03.05 01:48:47 Scanning 295 point from 1419
03.05 01:48:47 Going to coordinates X=-29.982, Y=-36.363
03.05 01:48:48 Moving is finished
03.05 01:50:25 Scanning 296 point from 1419
03.05 01:50:25 Going to coordinates X=-29.932, Y=-36.363
03.05 01:50:25 Moving is finished
03.05 01:52:02 Scanning 297 point from 1419
03.05 01:52:02 Going to coordinates X=-31.532, Y=-36.313
03.05 01:52:03 Moving is finished
03.05 01:53:39 Scanning 298 point from 1419
03.05 01:53:39 Going to coordinates X=-31.482, Y=-36.313
03.05 01:53:39 Moving is finished
03.05 01:55:16 Scanning 299 point from 1419
03.05 01:55:16 Going to coordinates X=-31.432, Y=-36.313
03.05 01:55:16 Moving is finished
03.05 01:56:53 Scanning 300 point from 1419
03.05 01:56:53 Going to coordinates X=-31.382, Y=-36.313
03.05 01:56:53 Moving is finished
03.05 01:58:30 Scanning 301 point from 1419
03.05 01:58:30 Going to coordinates X=-31.332, Y=-36.313
03.05 01:58:30 Moving is finished
03.05 02:00:07 Scanning 302 point from 1419
03.05 02:00:07 Going to coordinates X=-31.282, Y=-36.313
03.05 02:00:07 Moving is finished
03.05 02:01:45 Scanning 303 point from 1419
03.05 02:01:45 Going to coordinates X=-31.232, Y=-36.313
03.05 02:01:45 Moving is finished
03.05 02:03:21 Scanning 304 point from 1419
03.05 02:03:21 Going to coordinates X=-31.182, Y=-36.313
03.05 02:03:22 Moving is finished
03.05 02:04:58 Scanning 305 point from 1419
03.05 02:04:58 Going to coordinates X=-31.132, Y=-36.313
03.05 02:04:59 Moving is finished
03.05 02:06:36 Scanning 306 point from 1419
03.05 02:06:36 Going to coordinates X=-31.082, Y=-36.313
03.05 02:06:36 Moving is finished
03.05 02:08:12 Scanning 307 point from 1419
03.05 02:08:12 Going to coordinates X=-31.032, Y=-36.313
03.05 02:08:13 Moving is finished
03.05 02:09:50 Scanning 308 point from 1419
03.05 02:09:50 Going to coordinates X=-30.982, Y=-36.313
03.05 02:09:50 Moving is finished
03.05 02:11:27 Scanning 309 point from 1419
03.05 02:11:27 Going to coordinates X=-30.932, Y=-36.313
03.05 02:11:28 Moving is finished
03.05 02:13:05 Scanning 310 point from 1419
03.05 02:13:05 Going to coordinates X=-30.882, Y=-36.313
03.05 02:13:05 Moving is finished
03.05 02:14:42 Scanning 311 point from 1419
03.05 02:14:42 Going to coordinates X=-30.832, Y=-36.313
03.05 02:14:42 Moving is finished
03.05 02:16:20 Scanning 312 point from 1419
03.05 02:16:20 Going to coordinates X=-30.782, Y=-36.313
03.05 02:16:20 Moving is finished
03.05 02:17:57 Scanning 313 point from 1419
03.05 02:17:57 Going to coordinates X=-30.732, Y=-36.313
03.05 02:17:57 Moving is finished
03.05 02:19:34 Scanning 314 point from 1419
03.05 02:19:34 Going to coordinates X=-30.682, Y=-36.313
03.05 02:19:35 Moving is finished
03.05 02:21:11 Scanning 315 point from 1419
03.05 02:21:11 Going to coordinates X=-30.632, Y=-36.313
03.05 02:21:11 Moving is finished
03.05 02:22:48 Scanning 316 point from 1419
03.05 02:22:48 Going to coordinates X=-30.582, Y=-36.313
03.05 02:22:48 Moving is finished
03.05 02:24:25 Scanning 317 point from 1419
03.05 02:24:25 Going to coordinates X=-30.532, Y=-36.313
03.05 02:24:25 Moving is finished
03.05 02:26:01 Scanning 318 point from 1419
03.05 02:26:01 Going to coordinates X=-30.482, Y=-36.313
03.05 02:26:02 Moving is finished
03.05 02:27:38 Scanning 319 point from 1419
03.05 02:27:38 Going to coordinates X=-30.432, Y=-36.313
03.05 02:27:38 Moving is finished
03.05 02:29:16 Scanning 320 point from 1419
03.05 02:29:16 Going to coordinates X=-30.382, Y=-36.313
03.05 02:29:16 Moving is finished
03.05 02:30:53 Scanning 321 point from 1419
03.05 02:30:53 Going to coordinates X=-30.332, Y=-36.313
03.05 02:30:53 Moving is finished
03.05 02:32:30 Scanning 322 point from 1419
03.05 02:32:30 Going to coordinates X=-30.282, Y=-36.313
03.05 02:32:30 Moving is finished
03.05 02:34:07 Scanning 323 point from 1419
03.05 02:34:07 Going to coordinates X=-30.232, Y=-36.313
03.05 02:34:07 Moving is finished
03.05 02:35:43 Scanning 324 point from 1419
03.05 02:35:43 Going to coordinates X=-30.182, Y=-36.313
03.05 02:35:44 Moving is finished
03.05 02:37:20 Scanning 325 point from 1419
03.05 02:37:20 Going to coordinates X=-30.132, Y=-36.313
03.05 02:37:21 Moving is finished
03.05 02:38:58 Scanning 326 point from 1419
03.05 02:38:58 Going to coordinates X=-30.082, Y=-36.313
03.05 02:38:58 Moving is finished
03.05 02:40:35 Scanning 327 point from 1419
03.05 02:40:35 Going to coordinates X=-30.032, Y=-36.313
03.05 02:40:35 Moving is finished
03.05 02:42:12 Scanning 328 point from 1419
03.05 02:42:12 Going to coordinates X=-29.982, Y=-36.313
03.05 02:42:12 Moving is finished
03.05 02:43:49 Scanning 329 point from 1419
03.05 02:43:49 Going to coordinates X=-29.932, Y=-36.313
03.05 02:43:49 Moving is finished
03.05 02:45:25 Scanning 330 point from 1419
03.05 02:45:25 Going to coordinates X=-31.532, Y=-36.263
03.05 02:45:26 Moving is finished
03.05 02:47:03 Scanning 331 point from 1419
03.05 02:47:03 Going to coordinates X=-31.482, Y=-36.263
03.05 02:47:03 Moving is finished
03.05 02:48:39 Scanning 332 point from 1419
03.05 02:48:39 Going to coordinates X=-31.432, Y=-36.263
03.05 02:48:40 Moving is finished
03.05 02:50:16 Scanning 333 point from 1419
03.05 02:50:16 Going to coordinates X=-31.382, Y=-36.263
03.05 02:50:16 Moving is finished
03.05 02:51:53 Scanning 334 point from 1419
03.05 02:51:53 Going to coordinates X=-31.332, Y=-36.263
03.05 02:51:53 Moving is finished
03.05 02:53:30 Scanning 335 point from 1419
03.05 02:53:30 Going to coordinates X=-31.282, Y=-36.263
03.05 02:53:30 Moving is finished
03.05 02:55:06 Scanning 336 point from 1419
03.05 02:55:06 Going to coordinates X=-31.232, Y=-36.263
03.05 02:55:06 Moving is finished
03.05 02:56:43 Scanning 337 point from 1419
03.05 02:56:43 Going to coordinates X=-31.182, Y=-36.263
03.05 02:56:43 Moving is finished
03.05 02:58:20 Scanning 338 point from 1419
03.05 02:58:20 Going to coordinates X=-31.132, Y=-36.263
03.05 02:58:20 Moving is finished
03.05 02:59:57 Scanning 339 point from 1419
03.05 02:59:57 Going to coordinates X=-31.082, Y=-36.263
03.05 02:59:57 Moving is finished
03.05 03:01:35 Scanning 340 point from 1419
03.05 03:01:35 Going to coordinates X=-31.032, Y=-36.263
03.05 03:01:35 Moving is finished
03.05 03:03:12 Scanning 341 point from 1419
03.05 03:03:12 Going to coordinates X=-30.982, Y=-36.263
03.05 03:03:12 Moving is finished
03.05 03:04:49 Scanning 342 point from 1419
03.05 03:04:49 Going to coordinates X=-30.932, Y=-36.263
03.05 03:04:49 Moving is finished
03.05 03:06:26 Scanning 343 point from 1419
03.05 03:06:26 Going to coordinates X=-30.882, Y=-36.263
03.05 03:06:26 Moving is finished
03.05 03:08:03 Scanning 344 point from 1419
03.05 03:08:03 Going to coordinates X=-30.832, Y=-36.263
03.05 03:08:03 Moving is finished
03.05 03:09:40 Scanning 345 point from 1419
03.05 03:09:40 Going to coordinates X=-30.782, Y=-36.263
03.05 03:09:40 Moving is finished
03.05 03:11:17 Scanning 346 point from 1419
03.05 03:11:17 Going to coordinates X=-30.732, Y=-36.263
03.05 03:11:18 Moving is finished
03.05 03:12:54 Scanning 347 point from 1419
03.05 03:12:54 Going to coordinates X=-30.682, Y=-36.263
03.05 03:12:55 Moving is finished
03.05 03:14:31 Scanning 348 point from 1419
03.05 03:14:31 Going to coordinates X=-30.632, Y=-36.263
03.05 03:14:31 Moving is finished
03.05 03:16:08 Scanning 349 point from 1419
03.05 03:16:08 Going to coordinates X=-30.582, Y=-36.263
03.05 03:16:08 Moving is finished
03.05 03:17:45 Scanning 350 point from 1419
03.05 03:17:45 Going to coordinates X=-30.532, Y=-36.263
03.05 03:17:45 Moving is finished
03.05 03:19:22 Scanning 351 point from 1419
03.05 03:19:22 Going to coordinates X=-30.482, Y=-36.263
03.05 03:19:22 Moving is finished
03.05 03:20:58 Scanning 352 point from 1419
03.05 03:20:58 Going to coordinates X=-30.432, Y=-36.263
03.05 03:20:58 Moving is finished
03.05 03:22:35 Scanning 353 point from 1419
03.05 03:22:35 Going to coordinates X=-30.382, Y=-36.263
03.05 03:22:35 Moving is finished
03.05 03:24:12 Scanning 354 point from 1419
03.05 03:24:12 Going to coordinates X=-30.332, Y=-36.263
03.05 03:24:12 Moving is finished
03.05 03:25:49 Scanning 355 point from 1419
03.05 03:25:49 Going to coordinates X=-30.282, Y=-36.263
03.05 03:25:49 Moving is finished
03.05 03:27:25 Scanning 356 point from 1419
03.05 03:27:25 Going to coordinates X=-30.232, Y=-36.263
03.05 03:27:25 Moving is finished
03.05 03:29:02 Scanning 357 point from 1419
03.05 03:29:02 Going to coordinates X=-30.182, Y=-36.263
03.05 03:29:02 Moving is finished
03.05 03:30:40 Scanning 358 point from 1419
03.05 03:30:40 Going to coordinates X=-30.132, Y=-36.263
03.05 03:30:40 Moving is finished
03.05 03:32:16 Scanning 359 point from 1419
03.05 03:32:16 Going to coordinates X=-30.082, Y=-36.263
03.05 03:32:16 Moving is finished
03.05 03:33:53 Scanning 360 point from 1419
03.05 03:33:53 Going to coordinates X=-30.032, Y=-36.263
03.05 03:33:53 Moving is finished
03.05 03:35:30 Scanning 361 point from 1419
03.05 03:35:30 Going to coordinates X=-29.982, Y=-36.263
03.05 03:35:30 Moving is finished
03.05 03:37:07 Scanning 362 point from 1419
03.05 03:37:07 Going to coordinates X=-29.932, Y=-36.263
03.05 03:37:07 Moving is finished
03.05 03:38:43 Scanning 363 point from 1419
03.05 03:38:43 Going to coordinates X=-31.532, Y=-36.213
03.05 03:38:44 Moving is finished
03.05 03:40:21 Scanning 364 point from 1419
03.05 03:40:21 Going to coordinates X=-31.482, Y=-36.213
03.05 03:40:21 Moving is finished
03.05 03:41:58 Scanning 365 point from 1419
03.05 03:41:58 Going to coordinates X=-31.432, Y=-36.213
03.05 03:41:59 Moving is finished
03.05 03:43:35 Scanning 366 point from 1419
03.05 03:43:35 Going to coordinates X=-31.382, Y=-36.213
03.05 03:43:35 Moving is finished
03.05 03:45:12 Scanning 367 point from 1419
03.05 03:45:12 Going to coordinates X=-31.332, Y=-36.213
03.05 03:45:12 Moving is finished
03.05 03:46:49 Scanning 368 point from 1419
03.05 03:46:49 Going to coordinates X=-31.282, Y=-36.213
03.05 03:46:49 Moving is finished
03.05 03:48:26 Scanning 369 point from 1419
03.05 03:48:26 Going to coordinates X=-31.232, Y=-36.213
03.05 03:48:26 Moving is finished
03.05 03:50:03 Scanning 370 point from 1419
03.05 03:50:03 Going to coordinates X=-31.182, Y=-36.213
03.05 03:50:03 Moving is finished
03.05 03:51:39 Scanning 371 point from 1419
03.05 03:51:39 Going to coordinates X=-31.132, Y=-36.213
03.05 03:51:40 Moving is finished
03.05 03:53:16 Scanning 372 point from 1419
03.05 03:53:16 Going to coordinates X=-31.082, Y=-36.213
03.05 03:53:16 Moving is finished
03.05 03:54:54 Scanning 373 point from 1419
03.05 03:54:54 Going to coordinates X=-31.032, Y=-36.213
03.05 03:54:54 Moving is finished
03.05 03:56:31 Scanning 374 point from 1419
03.05 03:56:31 Going to coordinates X=-30.982, Y=-36.213
03.05 03:56:31 Moving is finished
03.05 03:58:09 Scanning 375 point from 1419
03.05 03:58:09 Going to coordinates X=-30.932, Y=-36.213
03.05 03:58:09 Moving is finished
03.05 03:59:45 Scanning 376 point from 1419
03.05 03:59:45 Going to coordinates X=-30.882, Y=-36.213
03.05 03:59:45 Moving is finished
03.05 04:01:22 Scanning 377 point from 1419
03.05 04:01:22 Going to coordinates X=-30.832, Y=-36.213
03.05 04:01:22 Moving is finished
03.05 04:02:59 Scanning 378 point from 1419
03.05 04:02:59 Going to coordinates X=-30.782, Y=-36.213
03.05 04:03:00 Moving is finished
03.05 04:04:36 Scanning 379 point from 1419
03.05 04:04:36 Going to coordinates X=-30.732, Y=-36.213
03.05 04:04:36 Moving is finished
03.05 04:06:12 Scanning 380 point from 1419
03.05 04:06:12 Going to coordinates X=-30.682, Y=-36.213
03.05 04:06:13 Moving is finished
03.05 04:07:49 Scanning 381 point from 1419
03.05 04:07:49 Going to coordinates X=-30.632, Y=-36.213
03.05 04:07:49 Moving is finished
03.05 04:09:26 Scanning 382 point from 1419
03.05 04:09:26 Going to coordinates X=-30.582, Y=-36.213
03.05 04:09:26 Moving is finished
03.05 04:11:03 Scanning 383 point from 1419
03.05 04:11:03 Going to coordinates X=-30.532, Y=-36.213
03.05 04:11:03 Moving is finished
03.05 04:12:41 Scanning 384 point from 1419
03.05 04:12:41 Going to coordinates X=-30.482, Y=-36.213
03.05 04:12:41 Moving is finished
03.05 04:14:18 Scanning 385 point from 1419
03.05 04:14:18 Going to coordinates X=-30.432, Y=-36.213
03.05 04:14:18 Moving is finished
03.05 04:15:54 Scanning 386 point from 1419
03.05 04:15:54 Going to coordinates X=-30.382, Y=-36.213
03.05 04:15:54 Moving is finished
03.05 04:17:31 Scanning 387 point from 1419
03.05 04:17:31 Going to coordinates X=-30.332, Y=-36.213
03.05 04:17:31 Moving is finished
03.05 04:19:08 Scanning 388 point from 1419
03.05 04:19:08 Going to coordinates X=-30.282, Y=-36.213
03.05 04:19:08 Moving is finished
03.05 04:20:44 Scanning 389 point from 1419
03.05 04:20:44 Going to coordinates X=-30.232, Y=-36.213
03.05 04:20:44 Moving is finished
03.05 04:22:21 Scanning 390 point from 1419
03.05 04:22:21 Going to coordinates X=-30.182, Y=-36.213
03.05 04:22:21 Moving is finished
03.05 04:23:58 Scanning 391 point from 1419
03.05 04:23:58 Going to coordinates X=-30.132, Y=-36.213
03.05 04:23:58 Moving is finished
03.05 04:25:35 Scanning 392 point from 1419
03.05 04:25:35 Going to coordinates X=-30.082, Y=-36.213
03.05 04:25:35 Moving is finished
03.05 04:27:12 Scanning 393 point from 1419
03.05 04:27:12 Going to coordinates X=-30.032, Y=-36.213
03.05 04:27:12 Moving is finished
03.05 04:28:49 Scanning 394 point from 1419
03.05 04:28:49 Going to coordinates X=-29.982, Y=-36.213
03.05 04:28:49 Moving is finished
03.05 04:30:26 Scanning 395 point from 1419
03.05 04:30:26 Going to coordinates X=-29.932, Y=-36.213
03.05 04:30:26 Moving is finished
03.05 04:32:03 Scanning 396 point from 1419
03.05 04:32:03 Going to coordinates X=-31.532, Y=-36.163
03.05 04:32:04 Moving is finished
03.05 04:33:41 Scanning 397 point from 1419
03.05 04:33:41 Going to coordinates X=-31.482, Y=-36.163
03.05 04:33:41 Moving is finished
03.05 04:35:18 Scanning 398 point from 1419
03.05 04:35:18 Going to coordinates X=-31.432, Y=-36.163
03.05 04:35:18 Moving is finished
03.05 04:36:55 Scanning 399 point from 1419
03.05 04:36:55 Going to coordinates X=-31.382, Y=-36.163
03.05 04:36:55 Moving is finished
03.05 04:38:31 Scanning 400 point from 1419
03.05 04:38:31 Going to coordinates X=-31.332, Y=-36.163
03.05 04:38:32 Moving is finished
03.05 04:40:09 Scanning 401 point from 1419
03.05 04:40:09 Going to coordinates X=-31.282, Y=-36.163
03.05 04:40:09 Moving is finished
03.05 04:41:46 Scanning 402 point from 1419
03.05 04:41:46 Going to coordinates X=-31.232, Y=-36.163
03.05 04:41:46 Moving is finished
03.05 04:43:22 Scanning 403 point from 1419
03.05 04:43:22 Going to coordinates X=-31.182, Y=-36.163
03.05 04:43:23 Moving is finished
03.05 04:44:59 Scanning 404 point from 1419
03.05 04:44:59 Going to coordinates X=-31.132, Y=-36.163
03.05 04:44:59 Moving is finished
03.05 04:46:35 Scanning 405 point from 1419
03.05 04:46:35 Going to coordinates X=-31.082, Y=-36.163
03.05 04:46:36 Moving is finished
03.05 04:48:13 Scanning 406 point from 1419
03.05 04:48:13 Going to coordinates X=-31.032, Y=-36.163
03.05 04:48:13 Moving is finished
03.05 04:49:50 Scanning 407 point from 1419
03.05 04:49:50 Going to coordinates X=-30.982, Y=-36.163
03.05 04:49:50 Moving is finished
03.05 04:51:27 Scanning 408 point from 1419
03.05 04:51:27 Going to coordinates X=-30.932, Y=-36.163
03.05 04:51:27 Moving is finished
03.05 04:53:04 Scanning 409 point from 1419
03.05 04:53:04 Going to coordinates X=-30.882, Y=-36.163
03.05 04:53:04 Moving is finished
03.05 04:54:41 Scanning 410 point from 1419
03.05 04:54:41 Going to coordinates X=-30.832, Y=-36.163
03.05 04:54:41 Moving is finished
03.05 04:56:19 Scanning 411 point from 1419
03.05 04:56:19 Going to coordinates X=-30.782, Y=-36.163
03.05 04:56:19 Moving is finished
03.05 04:57:55 Scanning 412 point from 1419
03.05 04:57:55 Going to coordinates X=-30.732, Y=-36.163
03.05 04:57:56 Moving is finished
03.05 04:59:33 Scanning 413 point from 1419
03.05 04:59:33 Going to coordinates X=-30.682, Y=-36.163
03.05 04:59:33 Moving is finished
03.05 05:01:10 Scanning 414 point from 1419
03.05 05:01:10 Going to coordinates X=-30.632, Y=-36.163
03.05 05:01:10 Moving is finished
03.05 05:02:47 Scanning 415 point from 1419
03.05 05:02:47 Going to coordinates X=-30.582, Y=-36.163
03.05 05:02:47 Moving is finished
03.05 05:04:24 Scanning 416 point from 1419
03.05 05:04:24 Going to coordinates X=-30.532, Y=-36.163
03.05 05:04:25 Moving is finished
03.05 05:06:01 Scanning 417 point from 1419
03.05 05:06:01 Going to coordinates X=-30.482, Y=-36.163
03.05 05:06:02 Moving is finished
03.05 05:07:39 Scanning 418 point from 1419
03.05 05:07:39 Going to coordinates X=-30.432, Y=-36.163
03.05 05:07:39 Moving is finished
03.05 05:09:16 Scanning 419 point from 1419
03.05 05:09:16 Going to coordinates X=-30.382, Y=-36.163
03.05 05:09:16 Moving is finished
03.05 05:10:53 Scanning 420 point from 1419
03.05 05:10:53 Going to coordinates X=-30.332, Y=-36.163
03.05 05:10:53 Moving is finished
03.05 05:12:30 Scanning 421 point from 1419
03.05 05:12:30 Going to coordinates X=-30.282, Y=-36.163
03.05 05:12:30 Moving is finished
03.05 05:14:07 Scanning 422 point from 1419
03.05 05:14:07 Going to coordinates X=-30.232, Y=-36.163
03.05 05:14:07 Moving is finished
03.05 05:15:43 Scanning 423 point from 1419
03.05 05:15:43 Going to coordinates X=-30.182, Y=-36.163
03.05 05:15:44 Moving is finished
03.05 05:17:21 Scanning 424 point from 1419
03.05 05:17:21 Going to coordinates X=-30.132, Y=-36.163
03.05 05:17:21 Moving is finished
03.05 05:18:58 Scanning 425 point from 1419
03.05 05:18:58 Going to coordinates X=-30.082, Y=-36.163
03.05 05:18:58 Moving is finished
03.05 05:20:34 Scanning 426 point from 1419
03.05 05:20:34 Going to coordinates X=-30.032, Y=-36.163
03.05 05:20:35 Moving is finished
03.05 05:22:11 Scanning 427 point from 1419
03.05 05:22:11 Going to coordinates X=-29.982, Y=-36.163
03.05 05:22:12 Moving is finished
03.05 05:23:49 Scanning 428 point from 1419
03.05 05:23:49 Going to coordinates X=-29.932, Y=-36.163
03.05 05:23:49 Moving is finished
03.05 05:25:26 Scanning 429 point from 1419
03.05 05:25:26 Going to coordinates X=-31.532, Y=-36.113
03.05 05:25:27 Moving is finished
03.05 05:27:03 Scanning 430 point from 1419
03.05 05:27:03 Going to coordinates X=-31.482, Y=-36.113
03.05 05:27:04 Moving is finished
03.05 05:28:40 Scanning 431 point from 1419
03.05 05:28:40 Going to coordinates X=-31.432, Y=-36.113
03.05 05:28:41 Moving is finished
03.05 05:30:17 Scanning 432 point from 1419
03.05 05:30:17 Going to coordinates X=-31.382, Y=-36.113
03.05 05:30:18 Moving is finished
03.05 05:31:54 Scanning 433 point from 1419
03.05 05:31:54 Going to coordinates X=-31.332, Y=-36.113
03.05 05:31:54 Moving is finished
03.05 05:33:31 Scanning 434 point from 1419
03.05 05:33:31 Going to coordinates X=-31.282, Y=-36.113
03.05 05:33:31 Moving is finished
03.05 05:35:08 Scanning 435 point from 1419
03.05 05:35:08 Going to coordinates X=-31.232, Y=-36.113
03.05 05:35:08 Moving is finished
03.05 05:36:44 Scanning 436 point from 1419
03.05 05:36:44 Going to coordinates X=-31.182, Y=-36.113
03.05 05:36:45 Moving is finished
03.05 05:38:21 Scanning 437 point from 1419
03.05 05:38:21 Going to coordinates X=-31.132, Y=-36.113
03.05 05:38:21 Moving is finished
03.05 05:39:58 Scanning 438 point from 1419
03.05 05:39:58 Going to coordinates X=-31.082, Y=-36.113
03.05 05:39:58 Moving is finished
03.05 05:41:35 Scanning 439 point from 1419
03.05 05:41:35 Going to coordinates X=-31.032, Y=-36.113
03.05 05:41:35 Moving is finished
03.05 05:43:12 Scanning 440 point from 1419
03.05 05:43:12 Going to coordinates X=-30.982, Y=-36.113
03.05 05:43:12 Moving is finished
03.05 05:44:49 Scanning 441 point from 1419
03.05 05:44:49 Going to coordinates X=-30.932, Y=-36.113
03.05 05:44:50 Moving is finished
03.05 05:46:26 Scanning 442 point from 1419
03.05 05:46:26 Going to coordinates X=-30.882, Y=-36.113
03.05 05:46:27 Moving is finished
03.05 05:48:04 Scanning 443 point from 1419
03.05 05:48:04 Going to coordinates X=-30.832, Y=-36.113
03.05 05:48:04 Moving is finished
03.05 05:49:40 Scanning 444 point from 1419
03.05 05:49:40 Going to coordinates X=-30.782, Y=-36.113
03.05 05:49:41 Moving is finished
03.05 05:51:18 Scanning 445 point from 1419
03.05 05:51:18 Going to coordinates X=-30.732, Y=-36.113
03.05 05:51:18 Moving is finished
03.05 05:52:55 Scanning 446 point from 1419
03.05 05:52:55 Going to coordinates X=-30.682, Y=-36.113
03.05 05:52:55 Moving is finished
03.05 05:54:32 Scanning 447 point from 1419
03.05 05:54:32 Going to coordinates X=-30.632, Y=-36.113
03.05 05:54:33 Moving is finished
03.05 05:56:10 Scanning 448 point from 1419
03.05 05:56:10 Going to coordinates X=-30.582, Y=-36.113
03.05 05:56:10 Moving is finished
03.05 05:57:47 Scanning 449 point from 1419
03.05 05:57:47 Going to coordinates X=-30.532, Y=-36.113
03.05 05:57:47 Moving is finished
03.05 05:59:24 Scanning 450 point from 1419
03.05 05:59:24 Going to coordinates X=-30.482, Y=-36.113
03.05 05:59:24 Moving is finished
03.05 06:01:01 Scanning 451 point from 1419
03.05 06:01:01 Going to coordinates X=-30.432, Y=-36.113
03.05 06:01:01 Moving is finished
03.05 06:02:38 Scanning 452 point from 1419
03.05 06:02:38 Going to coordinates X=-30.382, Y=-36.113
03.05 06:02:38 Moving is finished
03.05 06:04:15 Scanning 453 point from 1419
03.05 06:04:15 Going to coordinates X=-30.332, Y=-36.113
03.05 06:04:15 Moving is finished
03.05 06:05:52 Scanning 454 point from 1419
03.05 06:05:52 Going to coordinates X=-30.282, Y=-36.113
03.05 06:05:52 Moving is finished
03.05 06:07:29 Scanning 455 point from 1419
03.05 06:07:29 Going to coordinates X=-30.232, Y=-36.113
03.05 06:07:29 Moving is finished
03.05 06:09:06 Scanning 456 point from 1419
03.05 06:09:06 Going to coordinates X=-30.182, Y=-36.113
03.05 06:09:07 Moving is finished
03.05 06:10:44 Scanning 457 point from 1419
03.05 06:10:44 Going to coordinates X=-30.132, Y=-36.113
03.05 06:10:44 Moving is finished
03.05 06:12:20 Scanning 458 point from 1419
03.05 06:12:20 Going to coordinates X=-30.082, Y=-36.113
03.05 06:12:21 Moving is finished
03.05 06:13:57 Scanning 459 point from 1419
03.05 06:13:57 Going to coordinates X=-30.032, Y=-36.113
03.05 06:13:57 Moving is finished
03.05 06:15:34 Scanning 460 point from 1419
03.05 06:15:34 Going to coordinates X=-29.982, Y=-36.113
03.05 06:15:34 Moving is finished
03.05 06:17:11 Scanning 461 point from 1419
03.05 06:17:11 Going to coordinates X=-29.932, Y=-36.113
03.05 06:17:11 Moving is finished
03.05 06:18:47 Scanning 462 point from 1419
03.05 06:18:47 Going to coordinates X=-31.532, Y=-36.063
03.05 06:18:48 Moving is finished
03.05 06:20:25 Scanning 463 point from 1419
03.05 06:20:25 Going to coordinates X=-31.482, Y=-36.063
03.05 06:20:25 Moving is finished
03.05 06:22:02 Scanning 464 point from 1419
03.05 06:22:02 Going to coordinates X=-31.432, Y=-36.063
03.05 06:22:02 Moving is finished
03.05 06:23:38 Scanning 465 point from 1419
03.05 06:23:38 Going to coordinates X=-31.382, Y=-36.063
03.05 06:23:38 Moving is finished
03.05 06:25:15 Scanning 466 point from 1419
03.05 06:25:15 Going to coordinates X=-31.332, Y=-36.063
03.05 06:25:15 Moving is finished
03.05 06:26:52 Scanning 467 point from 1419
03.05 06:26:52 Going to coordinates X=-31.282, Y=-36.063
03.05 06:26:52 Moving is finished
03.05 06:28:30 Scanning 468 point from 1419
03.05 06:28:30 Going to coordinates X=-31.232, Y=-36.063
03.05 06:28:30 Moving is finished
03.05 06:30:07 Scanning 469 point from 1419
03.05 06:30:07 Going to coordinates X=-31.182, Y=-36.063
03.05 06:30:07 Moving is finished
03.05 06:31:44 Scanning 470 point from 1419
03.05 06:31:44 Going to coordinates X=-31.132, Y=-36.063
03.05 06:31:44 Moving is finished
03.05 06:33:21 Scanning 471 point from 1419
03.05 06:33:21 Going to coordinates X=-31.082, Y=-36.063
03.05 06:33:21 Moving is finished
03.05 06:34:57 Scanning 472 point from 1419
03.05 06:34:57 Going to coordinates X=-31.032, Y=-36.063
03.05 06:34:58 Moving is finished
03.05 06:36:34 Scanning 473 point from 1419
03.05 06:36:34 Going to coordinates X=-30.982, Y=-36.063
03.05 06:36:34 Moving is finished
03.05 06:38:11 Scanning 474 point from 1419
03.05 06:38:11 Going to coordinates X=-30.932, Y=-36.063
03.05 06:38:11 Moving is finished
03.05 06:39:48 Scanning 475 point from 1419
03.05 06:39:48 Going to coordinates X=-30.882, Y=-36.063
03.05 06:39:48 Moving is finished
03.05 06:41:24 Scanning 476 point from 1419
03.05 06:41:24 Going to coordinates X=-30.832, Y=-36.063
03.05 06:41:25 Moving is finished
03.05 06:43:01 Scanning 477 point from 1419
03.05 06:43:01 Going to coordinates X=-30.782, Y=-36.063
03.05 06:43:01 Moving is finished
03.05 06:44:39 Scanning 478 point from 1419
03.05 06:44:39 Going to coordinates X=-30.732, Y=-36.063
03.05 06:44:39 Moving is finished
03.05 06:46:15 Scanning 479 point from 1419
03.05 06:46:15 Going to coordinates X=-30.682, Y=-36.063
03.05 06:46:15 Moving is finished
03.05 06:47:53 Scanning 480 point from 1419
03.05 06:47:53 Going to coordinates X=-30.632, Y=-36.063
03.05 06:47:53 Moving is finished
03.05 06:49:29 Scanning 481 point from 1419
03.05 06:49:29 Going to coordinates X=-30.582, Y=-36.063
03.05 06:49:29 Moving is finished
03.05 06:51:06 Scanning 482 point from 1419
03.05 06:51:06 Going to coordinates X=-30.532, Y=-36.063
03.05 06:51:06 Moving is finished
03.05 06:52:43 Scanning 483 point from 1419
03.05 06:52:43 Going to coordinates X=-30.482, Y=-36.063
03.05 06:52:43 Moving is finished
03.05 06:54:20 Scanning 484 point from 1419
03.05 06:54:20 Going to coordinates X=-30.432, Y=-36.063
03.05 06:54:20 Moving is finished
03.05 06:55:57 Scanning 485 point from 1419
03.05 06:55:57 Going to coordinates X=-30.382, Y=-36.063
03.05 06:55:57 Moving is finished
03.05 06:57:35 Scanning 486 point from 1419
03.05 06:57:35 Going to coordinates X=-30.332, Y=-36.063
03.05 06:57:35 Moving is finished
03.05 06:59:11 Scanning 487 point from 1419
03.05 06:59:11 Going to coordinates X=-30.282, Y=-36.063
03.05 06:59:12 Moving is finished
03.05 07:00:48 Scanning 488 point from 1419
03.05 07:00:48 Going to coordinates X=-30.232, Y=-36.063
03.05 07:00:48 Moving is finished
03.05 07:02:25 Scanning 489 point from 1419
03.05 07:02:25 Going to coordinates X=-30.182, Y=-36.063
03.05 07:02:26 Moving is finished
03.05 07:04:02 Scanning 490 point from 1419
03.05 07:04:02 Going to coordinates X=-30.132, Y=-36.063
03.05 07:04:02 Moving is finished
03.05 07:05:39 Scanning 491 point from 1419
03.05 07:05:39 Going to coordinates X=-30.082, Y=-36.063
03.05 07:05:39 Moving is finished
03.05 07:07:16 Scanning 492 point from 1419
03.05 07:07:16 Going to coordinates X=-30.032, Y=-36.063
03.05 07:07:16 Moving is finished
03.05 07:08:52 Scanning 493 point from 1419
03.05 07:08:52 Going to coordinates X=-29.982, Y=-36.063
03.05 07:08:53 Moving is finished
03.05 07:10:29 Scanning 494 point from 1419
03.05 07:10:29 Going to coordinates X=-29.932, Y=-36.063
03.05 07:10:30 Moving is finished
03.05 07:12:06 Scanning 495 point from 1419
03.05 07:12:06 Going to coordinates X=-31.532, Y=-36.013
03.05 07:12:07 Moving is finished
03.05 07:13:44 Scanning 496 point from 1419
03.05 07:13:44 Going to coordinates X=-31.482, Y=-36.013
03.05 07:13:44 Moving is finished
03.05 07:15:21 Scanning 497 point from 1419
03.05 07:15:21 Going to coordinates X=-31.432, Y=-36.013
03.05 07:15:21 Moving is finished
03.05 07:16:58 Scanning 498 point from 1419
03.05 07:16:58 Going to coordinates X=-31.382, Y=-36.013
03.05 07:16:59 Moving is finished
03.05 07:18:36 Scanning 499 point from 1419
03.05 07:18:36 Going to coordinates X=-31.332, Y=-36.013
03.05 07:18:36 Moving is finished
03.05 07:20:13 Scanning 500 point from 1419
03.05 07:20:13 Going to coordinates X=-31.282, Y=-36.013
03.05 07:20:13 Moving is finished
03.05 07:21:50 Scanning 501 point from 1419
03.05 07:21:50 Going to coordinates X=-31.232, Y=-36.013
03.05 07:21:50 Moving is finished
03.05 07:23:27 Scanning 502 point from 1419
03.05 07:23:27 Going to coordinates X=-31.182, Y=-36.013
03.05 07:23:27 Moving is finished
03.05 07:25:03 Scanning 503 point from 1419
03.05 07:25:03 Going to coordinates X=-31.132, Y=-36.013
03.05 07:25:03 Moving is finished
03.05 07:26:40 Scanning 504 point from 1419
03.05 07:26:40 Going to coordinates X=-31.082, Y=-36.013
03.05 07:26:40 Moving is finished
03.05 07:28:17 Scanning 505 point from 1419
03.05 07:28:17 Going to coordinates X=-31.032, Y=-36.013
03.05 07:28:17 Moving is finished
03.05 07:29:54 Scanning 506 point from 1419
03.05 07:29:54 Going to coordinates X=-30.982, Y=-36.013
03.05 07:29:54 Moving is finished
03.05 07:31:30 Scanning 507 point from 1419
03.05 07:31:30 Going to coordinates X=-30.932, Y=-36.013
03.05 07:31:31 Moving is finished
03.05 07:33:08 Scanning 508 point from 1419
03.05 07:33:08 Going to coordinates X=-30.882, Y=-36.013
03.05 07:33:08 Moving is finished
03.05 07:34:44 Scanning 509 point from 1419
03.05 07:34:44 Going to coordinates X=-30.832, Y=-36.013
03.05 07:34:45 Moving is finished
03.05 07:36:21 Scanning 510 point from 1419
03.05 07:36:21 Going to coordinates X=-30.782, Y=-36.013
03.05 07:36:22 Moving is finished
03.05 07:37:58 Scanning 511 point from 1419
03.05 07:37:58 Going to coordinates X=-30.732, Y=-36.013
03.05 07:37:59 Moving is finished
03.05 07:39:36 Scanning 512 point from 1419
03.05 07:39:36 Going to coordinates X=-30.682, Y=-36.013
03.05 07:39:36 Moving is finished
03.05 07:41:13 Scanning 513 point from 1419
03.05 07:41:13 Going to coordinates X=-30.632, Y=-36.013
03.05 07:41:13 Moving is finished
03.05 07:42:51 Scanning 514 point from 1419
03.05 07:42:51 Going to coordinates X=-30.582, Y=-36.013
03.05 07:42:51 Moving is finished
03.05 07:44:27 Scanning 515 point from 1419
03.05 07:44:27 Going to coordinates X=-30.532, Y=-36.013
03.05 07:44:27 Moving is finished
03.05 07:46:04 Scanning 516 point from 1419
03.05 07:46:04 Going to coordinates X=-30.482, Y=-36.013
03.05 07:46:04 Moving is finished
03.05 07:47:41 Scanning 517 point from 1419
03.05 07:47:41 Going to coordinates X=-30.432, Y=-36.013
03.05 07:47:42 Moving is finished
03.05 07:49:19 Scanning 518 point from 1419
03.05 07:49:19 Going to coordinates X=-30.382, Y=-36.013
03.05 07:49:19 Moving is finished
03.05 07:50:55 Scanning 519 point from 1419
03.05 07:50:55 Going to coordinates X=-30.332, Y=-36.013
03.05 07:50:56 Moving is finished
03.05 07:52:33 Scanning 520 point from 1419
03.05 07:52:33 Going to coordinates X=-30.282, Y=-36.013
03.05 07:52:34 Moving is finished
03.05 07:54:11 Scanning 521 point from 1419
03.05 07:54:11 Going to coordinates X=-30.232, Y=-36.013
03.05 07:54:11 Moving is finished
03.05 07:55:48 Scanning 522 point from 1419
03.05 07:55:48 Going to coordinates X=-30.182, Y=-36.013
03.05 07:55:48 Moving is finished
03.05 07:57:25 Scanning 523 point from 1419
03.05 07:57:25 Going to coordinates X=-30.132, Y=-36.013
03.05 07:57:25 Moving is finished
03.05 07:59:01 Scanning 524 point from 1419
03.05 07:59:01 Going to coordinates X=-30.082, Y=-36.013
03.05 07:59:02 Moving is finished
03.05 08:00:38 Scanning 525 point from 1419
03.05 08:00:38 Going to coordinates X=-30.032, Y=-36.013
03.05 08:00:38 Moving is finished
03.05 08:02:15 Scanning 526 point from 1419
03.05 08:02:15 Going to coordinates X=-29.982, Y=-36.013
03.05 08:02:15 Moving is finished
03.05 08:03:51 Scanning 527 point from 1419
03.05 08:03:51 Going to coordinates X=-29.932, Y=-36.013
03.05 08:03:52 Moving is finished
03.05 08:05:29 Scanning 528 point from 1419
03.05 08:05:29 Going to coordinates X=-31.532, Y=-35.963
03.05 08:05:30 Moving is finished
03.05 08:07:06 Scanning 529 point from 1419
03.05 08:07:06 Going to coordinates X=-31.482, Y=-35.963
03.05 08:07:06 Moving is finished
03.05 08:08:43 Scanning 530 point from 1419
03.05 08:08:43 Going to coordinates X=-31.432, Y=-35.963
03.05 08:08:44 Moving is finished
03.05 08:10:20 Scanning 531 point from 1419
03.05 08:10:20 Going to coordinates X=-31.382, Y=-35.963
03.05 08:10:21 Moving is finished
03.05 08:11:57 Scanning 532 point from 1419
03.05 08:11:57 Going to coordinates X=-31.332, Y=-35.963
03.05 08:11:57 Moving is finished
03.05 08:13:33 Scanning 533 point from 1419
03.05 08:13:33 Going to coordinates X=-31.282, Y=-35.963
03.05 08:13:34 Moving is finished
03.05 08:15:10 Scanning 534 point from 1419
03.05 08:15:10 Going to coordinates X=-31.232, Y=-35.963
03.05 08:15:10 Moving is finished
03.05 08:16:47 Scanning 535 point from 1419
03.05 08:16:47 Going to coordinates X=-31.182, Y=-35.963
03.05 08:16:47 Moving is finished
03.05 08:18:24 Scanning 536 point from 1419
03.05 08:18:24 Going to coordinates X=-31.132, Y=-35.963
03.05 08:18:25 Moving is finished
03.05 08:20:01 Scanning 537 point from 1419
03.05 08:20:01 Going to coordinates X=-31.082, Y=-35.963
03.05 08:20:02 Moving is finished
03.05 08:21:38 Scanning 538 point from 1419
03.05 08:21:38 Going to coordinates X=-31.032, Y=-35.963
03.05 08:21:38 Moving is finished
03.05 08:23:15 Scanning 539 point from 1419
03.05 08:23:15 Going to coordinates X=-30.982, Y=-35.963
03.05 08:23:15 Moving is finished
03.05 08:24:52 Scanning 540 point from 1419
03.05 08:24:52 Going to coordinates X=-30.932, Y=-35.963
03.05 08:24:52 Moving is finished
03.05 08:26:29 Scanning 541 point from 1419
03.05 08:26:29 Going to coordinates X=-30.882, Y=-35.963
03.05 08:26:29 Moving is finished
03.05 08:28:06 Scanning 542 point from 1419
03.05 08:28:06 Going to coordinates X=-30.832, Y=-35.963
03.05 08:28:06 Moving is finished
03.05 08:29:43 Scanning 543 point from 1419
03.05 08:29:43 Going to coordinates X=-30.782, Y=-35.963
03.05 08:29:43 Moving is finished
03.05 08:31:19 Scanning 544 point from 1419
03.05 08:31:19 Going to coordinates X=-30.732, Y=-35.963
03.05 08:31:20 Moving is finished
03.05 08:32:56 Scanning 545 point from 1419
03.05 08:32:56 Going to coordinates X=-30.682, Y=-35.963
03.05 08:32:57 Moving is finished
03.05 08:34:34 Scanning 546 point from 1419
03.05 08:34:34 Going to coordinates X=-30.632, Y=-35.963
03.05 08:34:34 Moving is finished
03.05 08:36:11 Scanning 547 point from 1419
03.05 08:36:11 Going to coordinates X=-30.582, Y=-35.963
03.05 08:36:11 Moving is finished
03.05 08:37:48 Scanning 548 point from 1419
03.05 08:37:48 Going to coordinates X=-30.532, Y=-35.963
03.05 08:37:48 Moving is finished
03.05 08:39:25 Scanning 549 point from 1419
03.05 08:39:25 Going to coordinates X=-30.482, Y=-35.963
03.05 08:39:25 Moving is finished
03.05 08:41:01 Scanning 550 point from 1419
03.05 08:41:01 Going to coordinates X=-30.432, Y=-35.963
03.05 08:41:02 Moving is finished
03.05 08:42:38 Scanning 551 point from 1419
03.05 08:42:38 Going to coordinates X=-30.382, Y=-35.963
03.05 08:42:38 Moving is finished
03.05 08:44:15 Scanning 552 point from 1419
03.05 08:44:15 Going to coordinates X=-30.332, Y=-35.963
03.05 08:44:15 Moving is finished
03.05 08:45:53 Scanning 553 point from 1419
03.05 08:45:53 Going to coordinates X=-30.282, Y=-35.963
03.05 08:45:53 Moving is finished
03.05 08:47:30 Scanning 554 point from 1419
03.05 08:47:30 Going to coordinates X=-30.232, Y=-35.963
03.05 08:47:30 Moving is finished
03.05 08:49:06 Scanning 555 point from 1419
03.05 08:49:06 Going to coordinates X=-30.182, Y=-35.963
03.05 08:49:07 Moving is finished
03.05 08:50:43 Scanning 556 point from 1419
03.05 08:50:43 Going to coordinates X=-30.132, Y=-35.963
03.05 08:50:43 Moving is finished
03.05 08:52:20 Scanning 557 point from 1419
03.05 08:52:20 Going to coordinates X=-30.082, Y=-35.963
03.05 08:52:20 Moving is finished
03.05 08:53:57 Scanning 558 point from 1419
03.05 08:53:57 Going to coordinates X=-30.032, Y=-35.963
03.05 08:53:57 Moving is finished
03.05 08:55:33 Scanning 559 point from 1419
03.05 08:55:33 Going to coordinates X=-29.982, Y=-35.963
03.05 08:55:34 Moving is finished
03.05 08:57:10 Scanning 560 point from 1419
03.05 08:57:10 Going to coordinates X=-29.932, Y=-35.963
03.05 08:57:11 Moving is finished
03.05 08:58:48 Scanning 561 point from 1419
03.05 08:58:48 Going to coordinates X=-31.532, Y=-35.913
03.05 08:58:49 Moving is finished
03.05 09:00:26 Scanning 562 point from 1419
03.05 09:00:26 Going to coordinates X=-31.482, Y=-35.913
03.05 09:00:26 Moving is finished
03.05 09:02:03 Scanning 563 point from 1419
03.05 09:02:03 Going to coordinates X=-31.432, Y=-35.913
03.05 09:02:03 Moving is finished
03.05 09:03:40 Scanning 564 point from 1419
03.05 09:03:40 Going to coordinates X=-31.382, Y=-35.913
03.05 09:03:40 Moving is finished
03.05 09:05:17 Scanning 565 point from 1419
03.05 09:05:17 Going to coordinates X=-31.332, Y=-35.913
03.05 09:05:17 Moving is finished
03.05 09:06:54 Scanning 566 point from 1419
03.05 09:06:54 Going to coordinates X=-31.282, Y=-35.913
03.05 09:06:54 Moving is finished
03.05 09:08:30 Scanning 567 point from 1419
03.05 09:08:30 Going to coordinates X=-31.232, Y=-35.913
03.05 09:08:31 Moving is finished
03.05 09:10:07 Scanning 568 point from 1419
03.05 09:10:07 Going to coordinates X=-31.182, Y=-35.913
03.05 09:10:07 Moving is finished
03.05 09:11:43 Scanning 569 point from 1419
03.05 09:11:43 Going to coordinates X=-31.132, Y=-35.913
03.05 09:11:44 Moving is finished
03.05 09:13:20 Scanning 570 point from 1419
03.05 09:13:20 Going to coordinates X=-31.082, Y=-35.913
03.05 09:13:21 Moving is finished
03.05 09:14:57 Scanning 571 point from 1419
03.05 09:14:57 Going to coordinates X=-31.032, Y=-35.913
03.05 09:14:57 Moving is finished
03.05 09:16:34 Scanning 572 point from 1419
03.05 09:16:34 Going to coordinates X=-30.982, Y=-35.913
03.05 09:16:34 Moving is finished
03.05 09:18:11 Scanning 573 point from 1419
03.05 09:18:11 Going to coordinates X=-30.932, Y=-35.913
03.05 09:18:11 Moving is finished
03.05 09:19:48 Scanning 574 point from 1419
03.05 09:19:48 Going to coordinates X=-30.882, Y=-35.913
03.05 09:19:48 Moving is finished
03.05 09:21:24 Scanning 575 point from 1419
03.05 09:21:24 Going to coordinates X=-30.832, Y=-35.913
03.05 09:21:25 Moving is finished
03.05 09:23:01 Scanning 576 point from 1419
03.05 09:23:01 Going to coordinates X=-30.782, Y=-35.913
03.05 09:23:02 Moving is finished
03.05 09:24:39 Scanning 577 point from 1419
03.05 09:24:39 Going to coordinates X=-30.732, Y=-35.913
03.05 09:24:39 Moving is finished
03.05 09:26:16 Scanning 578 point from 1419
03.05 09:26:16 Going to coordinates X=-30.682, Y=-35.913
03.05 09:26:16 Moving is finished
03.05 09:27:52 Scanning 579 point from 1419
03.05 09:27:52 Going to coordinates X=-30.632, Y=-35.913
03.05 09:27:53 Moving is finished
03.05 09:29:29 Scanning 580 point from 1419
03.05 09:29:29 Going to coordinates X=-30.582, Y=-35.913
03.05 09:29:30 Moving is finished
03.05 09:31:06 Scanning 581 point from 1419
03.05 09:31:06 Going to coordinates X=-30.532, Y=-35.913
03.05 09:31:06 Moving is finished
03.05 09:32:43 Scanning 582 point from 1419
03.05 09:32:43 Going to coordinates X=-30.482, Y=-35.913
03.05 09:32:43 Moving is finished
03.05 09:34:20 Scanning 583 point from 1419
03.05 09:34:20 Going to coordinates X=-30.432, Y=-35.913
03.05 09:34:20 Moving is finished
03.05 09:35:57 Scanning 584 point from 1419
03.05 09:35:57 Going to coordinates X=-30.382, Y=-35.913
03.05 09:35:57 Moving is finished
03.05 09:37:34 Scanning 585 point from 1419
03.05 09:37:34 Going to coordinates X=-30.332, Y=-35.913
03.05 09:37:34 Moving is finished
03.05 09:39:10 Scanning 586 point from 1419
03.05 09:39:10 Going to coordinates X=-30.282, Y=-35.913
03.05 09:39:11 Moving is finished
03.05 09:40:47 Scanning 587 point from 1419
03.05 09:40:47 Going to coordinates X=-30.232, Y=-35.913
03.05 09:40:48 Moving is finished
03.05 09:42:24 Scanning 588 point from 1419
03.05 09:42:24 Going to coordinates X=-30.182, Y=-35.913
03.05 09:42:24 Moving is finished
03.05 09:44:01 Scanning 589 point from 1419
03.05 09:44:01 Going to coordinates X=-30.132, Y=-35.913
03.05 09:44:01 Moving is finished
03.05 09:45:38 Scanning 590 point from 1419
03.05 09:45:38 Going to coordinates X=-30.082, Y=-35.913
03.05 09:45:38 Moving is finished
03.05 09:47:15 Scanning 591 point from 1419
03.05 09:47:15 Going to coordinates X=-30.032, Y=-35.913
03.05 09:47:15 Moving is finished
03.05 09:48:52 Scanning 592 point from 1419
03.05 09:48:52 Going to coordinates X=-29.982, Y=-35.913
03.05 09:48:52 Moving is finished
03.05 09:50:28 Scanning 593 point from 1419
03.05 09:50:28 Going to coordinates X=-29.932, Y=-35.913
03.05 09:50:29 Moving is finished
03.05 09:52:05 Scanning 594 point from 1419
03.05 09:52:05 Going to coordinates X=-31.532, Y=-35.863
03.05 09:52:06 Moving is finished
03.05 09:53:42 Scanning 595 point from 1419
03.05 09:53:42 Going to coordinates X=-31.482, Y=-35.863
03.05 09:53:43 Moving is finished
03.05 09:55:19 Scanning 596 point from 1419
03.05 09:55:19 Going to coordinates X=-31.432, Y=-35.863
03.05 09:55:19 Moving is finished
03.05 09:56:56 Scanning 597 point from 1419
03.05 09:56:56 Going to coordinates X=-31.382, Y=-35.863
03.05 09:56:57 Moving is finished
03.05 09:58:33 Scanning 598 point from 1419
03.05 09:58:33 Going to coordinates X=-31.332, Y=-35.863
03.05 09:58:34 Moving is finished
03.05 10:00:10 Scanning 599 point from 1419
03.05 10:00:10 Going to coordinates X=-31.282, Y=-35.863
03.05 10:00:10 Moving is finished
03.05 10:01:47 Scanning 600 point from 1419
03.05 10:01:47 Going to coordinates X=-31.232, Y=-35.863
03.05 10:01:47 Moving is finished
03.05 10:03:24 Scanning 601 point from 1419
03.05 10:03:24 Going to coordinates X=-31.182, Y=-35.863
03.05 10:03:24 Moving is finished
03.05 10:03:51 Stopped!
