14.05 10:52:12 Initializing grbl...
14.05 10:52:13 Got the response: b''
14.05 10:53:39 Can't send the command to GRBL
14.05 10:53:39 Write timeout14.05 10:53:39 Write timeout

14.05 11:17:14 Can't send the command to GRBL
14.05 11:17:14 Write timeout14.05 11:17:14 Write timeout

14.05 11:43:10 Can't send the command to GRBL
14.05 11:43:10 Write timeout14.05 11:43:10 Write timeout

14.05 11:44:40 Row 0: 14.05 11:44:40 Map: x1: -20.088, y1: -43.031, x2: -19.98, y2: -42.938, xres: 0.010, yres: 0.010, fname: l-tyos
14.05 11:44:40 Scanning 0 point from 132
14.05 11:44:40 Going to coordinates X=-20.088, Y=-43.031
14.05 11:44:40 Moving is finished
14.05 11:46:17 Scanning 1 point from 132
14.05 11:46:17 Going to coordinates X=-20.078, Y=-43.031
14.05 11:46:17 Moving is finished
14.05 11:47:54 Scanning 2 point from 132
14.05 11:47:54 Going to coordinates X=-20.068, Y=-43.031
14.05 11:47:54 Moving is finished
14.05 11:49:31 Scanning 3 point from 132
14.05 11:49:31 Going to coordinates X=-20.058, Y=-43.031
14.05 11:49:31 Moving is finished
14.05 11:51:08 Scanning 4 point from 132
14.05 11:51:08 Going to coordinates X=-20.048, Y=-43.031
14.05 11:51:08 Moving is finished
14.05 11:52:45 Scanning 5 point from 132
14.05 11:52:45 Going to coordinates X=-20.038, Y=-43.031
14.05 11:52:45 Moving is finished
14.05 11:54:22 Scanning 6 point from 132
14.05 11:54:22 Going to coordinates X=-20.028, Y=-43.031
14.05 11:54:22 Moving is finished
14.05 11:55:58 Scanning 7 point from 132
14.05 11:55:58 Going to coordinates X=-20.018, Y=-43.031
14.05 11:55:59 Moving is finished
14.05 11:57:36 Scanning 8 point from 132
14.05 11:57:36 Going to coordinates X=-20.008, Y=-43.031
14.05 11:57:36 Moving is finished
14.05 11:59:12 Scanning 9 point from 132
14.05 11:59:12 Going to coordinates X=-19.998, Y=-43.031
14.05 11:59:12 Moving is finished
14.05 12:00:49 Scanning 10 point from 132
14.05 12:00:49 Going to coordinates X=-19.988, Y=-43.031
14.05 12:00:50 Moving is finished
14.05 12:02:27 Scanning 11 point from 132
14.05 12:02:27 Going to coordinates X=-19.978, Y=-43.031
14.05 12:02:27 Moving is finished
14.05 12:04:03 Scanning 12 point from 132
14.05 12:04:03 Going to coordinates X=-20.088, Y=-43.021
14.05 12:04:03 Moving is finished
14.05 12:05:40 Scanning 13 point from 132
14.05 12:05:40 Going to coordinates X=-20.078, Y=-43.021
14.05 12:05:40 Moving is finished
14.05 12:07:17 Scanning 14 point from 132
14.05 12:07:17 Going to coordinates X=-20.068, Y=-43.021
14.05 12:07:17 Moving is finished
14.05 12:08:53 Scanning 15 point from 132
14.05 12:08:53 Going to coordinates X=-20.058, Y=-43.021
14.05 12:08:53 Moving is finished
14.05 12:10:30 Scanning 16 point from 132
14.05 12:10:30 Going to coordinates X=-20.048, Y=-43.021
14.05 12:10:30 Moving is finished
14.05 12:12:07 Scanning 17 point from 132
14.05 12:12:07 Going to coordinates X=-20.038, Y=-43.021
14.05 12:12:07 Moving is finished
14.05 12:13:44 Scanning 18 point from 132
14.05 12:13:44 Going to coordinates X=-20.028, Y=-43.021
14.05 12:13:44 Moving is finished
14.05 12:15:21 Scanning 19 point from 132
14.05 12:15:21 Going to coordinates X=-20.018, Y=-43.021
14.05 12:15:21 Moving is finished
14.05 12:16:58 Scanning 20 point from 132
14.05 12:16:58 Going to coordinates X=-20.008, Y=-43.021
14.05 12:16:59 Moving is finished
14.05 12:18:35 Scanning 21 point from 132
14.05 12:18:35 Going to coordinates X=-19.998, Y=-43.021
14.05 12:18:35 Moving is finished
14.05 12:20:12 Scanning 22 point from 132
14.05 12:20:12 Going to coordinates X=-19.988, Y=-43.021
14.05 12:20:13 Moving is finished
14.05 12:21:49 Scanning 23 point from 132
14.05 12:21:49 Going to coordinates X=-19.978, Y=-43.021
14.05 12:21:49 Moving is finished
14.05 12:23:26 Scanning 24 point from 132
14.05 12:23:26 Going to coordinates X=-20.088, Y=-43.011
14.05 12:23:26 Moving is finished
14.05 12:25:03 Scanning 25 point from 132
14.05 12:25:03 Going to coordinates X=-20.078, Y=-43.011
14.05 12:25:03 Moving is finished
14.05 12:26:39 Scanning 26 point from 132
14.05 12:26:39 Going to coordinates X=-20.068, Y=-43.011
14.05 12:26:40 Moving is finished
14.05 12:28:16 Scanning 27 point from 132
14.05 12:28:16 Going to coordinates X=-20.058, Y=-43.011
14.05 12:28:16 Moving is finished
14.05 12:29:53 Scanning 28 point from 132
14.05 12:29:53 Going to coordinates X=-20.048, Y=-43.011
14.05 12:29:53 Moving is finished
14.05 12:31:30 Scanning 29 point from 132
14.05 12:31:30 Going to coordinates X=-20.038, Y=-43.011
14.05 12:31:30 Moving is finished
14.05 12:33:06 Scanning 30 point from 132
14.05 12:33:06 Going to coordinates X=-20.028, Y=-43.011
14.05 12:33:07 Moving is finished
14.05 12:34:43 Scanning 31 point from 132
14.05 12:34:43 Going to coordinates X=-20.018, Y=-43.011
14.05 12:34:43 Moving is finished
14.05 12:36:19 Scanning 32 point from 132
14.05 12:36:19 Going to coordinates X=-20.008, Y=-43.011
14.05 12:36:19 Moving is finished
14.05 12:37:56 Scanning 33 point from 132
14.05 12:37:56 Going to coordinates X=-19.998, Y=-43.011
14.05 12:37:56 Moving is finished
14.05 12:39:32 Scanning 34 point from 132
14.05 12:39:32 Going to coordinates X=-19.988, Y=-43.011
14.05 12:39:32 Moving is finished
14.05 12:41:09 Scanning 35 point from 132
14.05 12:41:09 Going to coordinates X=-19.978, Y=-43.011
14.05 12:41:09 Moving is finished
14.05 12:42:46 Scanning 36 point from 132
14.05 12:42:46 Going to coordinates X=-20.088, Y=-43.001
14.05 12:42:46 Moving is finished
14.05 12:44:22 Scanning 37 point from 132
14.05 12:44:22 Going to coordinates X=-20.078, Y=-43.001
14.05 12:44:22 Moving is finished
14.05 12:45:59 Scanning 38 point from 132
14.05 12:45:59 Going to coordinates X=-20.068, Y=-43.001
14.05 12:45:59 Moving is finished
14.05 12:47:36 Scanning 39 point from 132
14.05 12:47:36 Going to coordinates X=-20.058, Y=-43.001
14.05 12:47:36 Moving is finished
14.05 12:49:12 Scanning 40 point from 132
14.05 12:49:12 Going to coordinates X=-20.048, Y=-43.001
14.05 12:49:12 Moving is finished
14.05 12:50:49 Scanning 41 point from 132
14.05 12:50:49 Going to coordinates X=-20.038, Y=-43.001
14.05 12:50:49 Moving is finished
14.05 12:52:26 Scanning 42 point from 132
14.05 12:52:26 Going to coordinates X=-20.028, Y=-43.001
14.05 12:52:26 Moving is finished
14.05 12:54:03 Scanning 43 point from 132
14.05 12:54:03 Going to coordinates X=-20.018, Y=-43.001
14.05 12:54:03 Moving is finished
14.05 12:55:40 Scanning 44 point from 132
14.05 12:55:40 Going to coordinates X=-20.008, Y=-43.001
14.05 12:55:40 Moving is finished
14.05 12:57:17 Scanning 45 point from 132
14.05 12:57:17 Going to coordinates X=-19.998, Y=-43.001
14.05 12:57:17 Moving is finished
14.05 12:58:53 Scanning 46 point from 132
14.05 12:58:53 Going to coordinates X=-19.988, Y=-43.001
14.05 12:58:53 Moving is finished
14.05 13:00:30 Scanning 47 point from 132
14.05 13:00:30 Going to coordinates X=-19.978, Y=-43.001
14.05 13:00:30 Moving is finished
14.05 13:02:07 Scanning 48 point from 132
14.05 13:02:07 Going to coordinates X=-20.088, Y=-42.991
14.05 13:02:07 Moving is finished
14.05 13:03:44 Scanning 49 point from 132
14.05 13:03:44 Going to coordinates X=-20.078, Y=-42.991
14.05 13:03:44 Moving is finished
14.05 13:05:21 Scanning 50 point from 132
14.05 13:05:21 Going to coordinates X=-20.068, Y=-42.991
14.05 13:05:21 Moving is finished
14.05 13:06:58 Scanning 51 point from 132
14.05 13:06:58 Going to coordinates X=-20.058, Y=-42.991
14.05 13:06:58 Moving is finished
14.05 13:08:34 Scanning 52 point from 132
14.05 13:08:34 Going to coordinates X=-20.048, Y=-42.991
14.05 13:08:34 Moving is finished
14.05 13:08:46 Stopped!
14.05 13:10:27 Can't send the command to GRBL
14.05 13:10:27 Write timeout14.05 13:10:27 Write timeout

