24.04 17:46:46 Initializing grbl...
24.04 17:46:46 Got the response: b''
24.04 17:55:41 Can't send the command to GRBL
24.04 17:55:41 Write timeout24.04 17:55:41 Write timeout
24.04 17:58:20 Write timeout24.04 17:58:20 Can't send the command to GRBL
24.04 18:01:20 Row 0: 24.04 18:01:20 Map: x1: -31.0, y1: -39.979, x2: -29.683, y2: -39.351, xres: 0.040, yres: 0.040, fname: mellpbezCOOH
24.04 18:01:20 Scanning 0 point from 578
24.04 18:01:20 Going to coordinates X=-31.000, Y=-39.979
24.04 18:01:21 Moving is finished
24.04 18:02:58 Scanning 1 point from 578
24.04 18:02:58 Going to coordinates X=-30.960, Y=-39.979
24.04 18:02:58 Moving is finished
24.04 18:04:35 Scanning 2 point from 578
24.04 18:04:35 Going to coordinates X=-30.920, Y=-39.979
24.04 18:04:35 Moving is finished
24.04 18:06:11 Scanning 3 point from 578
24.04 18:06:11 Going to coordinates X=-30.880, Y=-39.979
24.04 18:06:12 Moving is finished
24.04 18:07:48 Scanning 4 point from 578
24.04 18:07:48 Going to coordinates X=-30.840, Y=-39.979
24.04 18:07:48 Moving is finished
24.04 18:09:25 Scanning 5 point from 578
24.04 18:09:25 Going to coordinates X=-30.800, Y=-39.979
24.04 18:09:25 Moving is finished
24.04 18:11:02 Scanning 6 point from 578
24.04 18:11:02 Going to coordinates X=-30.760, Y=-39.979
24.04 18:11:02 Moving is finished
24.04 18:12:39 Scanning 7 point from 578
24.04 18:12:39 Going to coordinates X=-30.720, Y=-39.979
24.04 18:12:39 Moving is finished
24.04 18:14:10 Could not find 'EZRaman Reader  V8.2.0 MV' in 'dict_keys([])'
24.04 18:14:15 Could not find 'EZRaman Reader  V8.2.0 MV' in 'dict_keys([])'
24.04 18:14:15 Scanning 8 point from 578
24.04 18:14:15 Going to coordinates X=-30.680, Y=-39.979
24.04 18:14:16 Moving is finished
24.04 18:14:22 Could not find 'EZRaman Reader  V8.2.0 MV' in 'dict_keys([])'
24.04 18:14:27 Could not find 'EZRaman Reader  V8.2.0 MV' in 'dict_keys([])'
24.04 18:14:27 Scanning 9 point from 578
24.04 18:14:27 Going to coordinates X=-30.640, Y=-39.979
24.04 18:14:27 Moving is finished
24.04 18:14:33 Could not find 'EZRaman Reader  V8.2.0 MV' in 'dict_keys([])'
24.04 18:14:38 Could not find 'EZRaman Reader  V8.2.0 MV' in 'dict_keys([])'
24.04 18:14:38 Scanning 10 point from 578
24.04 18:14:38 Going to coordinates X=-30.600, Y=-39.979
24.04 18:14:38 Moving is finished
24.04 18:16:17 Scanning 11 point from 578
24.04 18:16:17 Going to coordinates X=-30.560, Y=-39.979
24.04 18:16:17 Moving is finished
24.04 18:16:24 Could not find 'EZRaman Reader  V8.2.0 MV' in 'dict_keys([])'
24.04 18:16:29 Could not find 'EZRaman Reader  V8.2.0 MV' in 'dict_keys([])'
24.04 18:16:29 Scanning 12 point from 578
24.04 18:16:29 Going to coordinates X=-30.520, Y=-39.979
24.04 18:16:29 Moving is finished
24.04 18:16:35 Could not find 'EZRaman Reader  V8.2.0 MV' in 'dict_keys([])'
24.04 18:16:41 Could not find 'EZRaman Reader  V8.2.0 MV' in 'dict_keys([])'
24.04 18:16:41 Scanning 13 point from 578
24.04 18:16:41 Going to coordinates X=-30.480, Y=-39.979
24.04 18:16:41 Moving is finished
24.04 18:16:47 Could not find 'EZRaman Reader  V8.2.0 MV' in 'dict_keys([])'
24.04 18:16:53 Could not find 'EZRaman Reader  V8.2.0 MV' in 'dict_keys([])'
24.04 18:16:53 Scanning 14 point from 578
24.04 18:16:53 Going to coordinates X=-30.440, Y=-39.979
24.04 18:16:53 Moving is finished
24.04 18:17:00 Could not find 'EZRaman Reader  V8.2.0 MV' in 'dict_keys([])'
24.04 18:17:05 Could not find 'EZRaman Reader  V8.2.0 MV' in 'dict_keys([])'
24.04 18:17:06 Scanning 15 point from 578
24.04 18:17:06 Going to coordinates X=-30.400, Y=-39.979
24.04 18:17:06 Moving is finished
24.04 18:17:12 Could not find 'EZRaman Reader  V8.2.0 MV' in 'dict_keys([])'
24.04 18:17:17 Could not find 'EZRaman Reader  V8.2.0 MV' in 'dict_keys([])'
24.04 18:17:17 Scanning 16 point from 578
24.04 18:17:17 Going to coordinates X=-30.360, Y=-39.979
24.04 18:17:18 Moving is finished
24.04 18:17:41 Could not find 'EZRaman Reader  V8.2.0 MV' in 'dict_keys([])'
24.04 18:17:46 Could not find 'EZRaman Reader  V8.2.0 MV' in 'dict_keys([])'
24.04 18:17:47 Scanning 17 point from 578
24.04 18:17:47 Going to coordinates X=-30.320, Y=-39.979
24.04 18:17:47 Moving is finished
24.04 18:17:53 Could not find 'EZRaman Reader  V8.2.0 MV' in 'dict_keys([])'
24.04 18:17:58 Could not find 'EZRaman Reader  V8.2.0 MV' in 'dict_keys([])'
24.04 18:17:58 Scanning 18 point from 578
24.04 18:17:58 Going to coordinates X=-30.280, Y=-39.979
24.04 18:17:58 Moving is finished
24.04 18:18:04 Could not find 'EZRaman Reader  V8.2.0 MV' in 'dict_keys([])'
24.04 18:18:09 Could not find 'EZRaman Reader  V8.2.0 MV' in 'dict_keys([])'
24.04 18:18:09 Scanning 19 point from 578
24.04 18:18:09 Going to coordinates X=-30.240, Y=-39.979
24.04 18:18:09 Moving is finished
24.04 18:18:15 Could not find 'EZRaman Reader  V8.2.0 MV' in 'dict_keys([])'
24.04 18:18:21 Could not find 'EZRaman Reader  V8.2.0 MV' in 'dict_keys([])'
24.04 18:18:21 Scanning 20 point from 578
24.04 18:18:21 Going to coordinates X=-30.200, Y=-39.979
24.04 18:18:21 Moving is finished
24.04 18:18:27 Could not find 'EZRaman Reader  V8.2.0 MV' in 'dict_keys([])'
24.04 18:18:32 Could not find 'EZRaman Reader  V8.2.0 MV' in 'dict_keys([])'
24.04 18:18:32 Scanning 21 point from 578
24.04 18:18:32 Going to coordinates X=-30.160, Y=-39.979
24.04 18:18:32 Moving is finished
24.04 18:18:38 Could not find 'EZRaman Reader  V8.2.0 MV' in 'dict_keys([])'
24.04 18:18:43 Could not find 'EZRaman Reader  V8.2.0 MV' in 'dict_keys([])'
24.04 18:18:43 Scanning 22 point from 578
24.04 18:18:43 Going to coordinates X=-30.120, Y=-39.979
24.04 18:18:44 Moving is finished
24.04 18:18:50 Could not find 'EZRaman Reader  V8.2.0 MV' in 'dict_keys([])'
24.04 18:18:55 Could not find 'EZRaman Reader  V8.2.0 MV' in 'dict_keys([])'
24.04 18:18:55 Scanning 23 point from 578
24.04 18:18:55 Going to coordinates X=-30.080, Y=-39.979
24.04 18:18:55 Moving is finished
24.04 18:19:01 Could not find 'EZRaman Reader  V8.2.0 MV' in 'dict_keys([])'
24.04 18:19:06 Could not find 'EZRaman Reader  V8.2.0 MV' in 'dict_keys([])'
24.04 18:19:06 Scanning 24 point from 578
24.04 18:19:06 Going to coordinates X=-30.040, Y=-39.979
24.04 18:19:06 Moving is finished
24.04 18:19:12 Could not find 'EZRaman Reader  V8.2.0 MV' in 'dict_keys([])'
24.04 18:19:17 Could not find 'EZRaman Reader  V8.2.0 MV' in 'dict_keys([])'
24.04 18:19:18 Scanning 25 point from 578
24.04 18:19:18 Going to coordinates X=-30.000, Y=-39.979
24.04 18:19:18 Moving is finished
24.04 18:19:24 Could not find 'EZRaman Reader  V8.2.0 MV' in 'dict_keys([])'
24.04 18:19:29 Could not find 'EZRaman Reader  V8.2.0 MV' in 'dict_keys([])'
24.04 18:19:29 Scanning 26 point from 578
24.04 18:19:29 Going to coordinates X=-29.960, Y=-39.979
24.04 18:19:29 Moving is finished
24.04 18:19:35 Could not find 'EZRaman Reader  V8.2.0 MV' in 'dict_keys([])'
24.04 18:19:40 Could not find 'EZRaman Reader  V8.2.0 MV' in 'dict_keys([])'
24.04 18:19:41 Scanning 27 point from 578
24.04 18:19:41 Going to coordinates X=-29.920, Y=-39.979
24.04 18:19:41 Moving is finished
24.04 18:19:47 Could not find 'EZRaman Reader  V8.2.0 MV' in 'dict_keys([])'
24.04 18:19:52 Could not find 'EZRaman Reader  V8.2.0 MV' in 'dict_keys([])'
24.04 18:19:52 Scanning 28 point from 578
24.04 18:19:52 Going to coordinates X=-29.880, Y=-39.979
24.04 18:19:52 Moving is finished
24.04 18:19:58 Could not find 'EZRaman Reader  V8.2.0 MV' in 'dict_keys([])'
24.04 18:20:03 Could not find 'EZRaman Reader  V8.2.0 MV' in 'dict_keys([])'
24.04 18:20:03 Scanning 29 point from 578
24.04 18:20:03 Going to coordinates X=-29.840, Y=-39.979
24.04 18:20:04 Moving is finished
24.04 18:20:10 Could not find 'EZRaman Reader  V8.2.0 MV' in 'dict_keys([])'
24.04 18:20:15 Could not find 'EZRaman Reader  V8.2.0 MV' in 'dict_keys([])'
24.04 18:20:15 Scanning 30 point from 578
24.04 18:20:15 Going to coordinates X=-29.800, Y=-39.979
24.04 18:20:15 Moving is finished
24.04 18:20:21 Could not find 'EZRaman Reader  V8.2.0 MV' in 'dict_keys([])'
24.04 18:20:26 Could not find 'EZRaman Reader  V8.2.0 MV' in 'dict_keys([])'
24.04 18:20:26 Scanning 31 point from 578
24.04 18:20:26 Going to coordinates X=-29.760, Y=-39.979
24.04 18:20:26 Moving is finished
24.04 18:20:33 Could not find 'EZRaman Reader  V8.2.0 MV' in 'dict_keys([])'
24.04 18:20:38 Could not find 'EZRaman Reader  V8.2.0 MV' in 'dict_keys([])'
24.04 18:20:38 Scanning 32 point from 578
24.04 18:20:38 Going to coordinates X=-29.720, Y=-39.979
24.04 18:20:38 Moving is finished
24.04 18:20:44 Could not find 'EZRaman Reader  V8.2.0 MV' in 'dict_keys([])'
24.04 18:20:49 Could not find 'EZRaman Reader  V8.2.0 MV' in 'dict_keys([])'
24.04 18:20:49 Scanning 33 point from 578
24.04 18:20:49 Going to coordinates X=-29.680, Y=-39.979
24.04 18:20:49 Moving is finished
24.04 18:20:55 Could not find 'EZRaman Reader  V8.2.0 MV' in 'dict_keys([])'
24.04 18:21:00 Could not find 'EZRaman Reader  V8.2.0 MV' in 'dict_keys([])'
24.04 18:21:01 Scanning 34 point from 578
24.04 18:21:01 Going to coordinates X=-31.000, Y=-39.939
24.04 18:21:01 Moving is finished
24.04 18:21:07 Could not find 'EZRaman Reader  V8.2.0 MV' in 'dict_keys([])'
24.04 18:21:12 Could not find 'EZRaman Reader  V8.2.0 MV' in 'dict_keys([])'
24.04 18:21:13 Scanning 35 point from 578
24.04 18:21:13 Going to coordinates X=-30.960, Y=-39.939
24.04 18:21:13 Moving is finished
24.04 18:21:19 Could not find 'EZRaman Reader  V8.2.0 MV' in 'dict_keys([])'
24.04 18:21:24 Could not find 'EZRaman Reader  V8.2.0 MV' in 'dict_keys([])'
24.04 18:21:24 Scanning 36 point from 578
24.04 18:21:24 Going to coordinates X=-30.920, Y=-39.939
24.04 18:21:24 Moving is finished
24.04 18:21:30 Could not find 'EZRaman Reader  V8.2.0 MV' in 'dict_keys([])'
24.04 18:21:35 Could not find 'EZRaman Reader  V8.2.0 MV' in 'dict_keys([])'
24.04 18:21:35 Scanning 37 point from 578
24.04 18:21:35 Going to coordinates X=-30.880, Y=-39.939
24.04 18:21:35 Moving is finished
24.04 18:21:42 Could not find 'EZRaman Reader  V8.2.0 MV' in 'dict_keys([])'
24.04 18:21:47 Could not find 'EZRaman Reader  V8.2.0 MV' in 'dict_keys([])'
24.04 18:21:47 Scanning 38 point from 578
24.04 18:21:47 Going to coordinates X=-30.840, Y=-39.939
24.04 18:21:47 Moving is finished
24.04 18:21:53 Could not find 'EZRaman Reader  V8.2.0 MV' in 'dict_keys([])'
24.04 18:21:58 Could not find 'EZRaman Reader  V8.2.0 MV' in 'dict_keys([])'
24.04 18:21:58 Scanning 39 point from 578
24.04 18:21:58 Going to coordinates X=-30.800, Y=-39.939
24.04 18:21:58 Moving is finished
24.04 18:22:04 Could not find 'EZRaman Reader  V8.2.0 MV' in 'dict_keys([])'
24.04 18:22:09 Could not find 'EZRaman Reader  V8.2.0 MV' in 'dict_keys([])'
24.04 18:22:10 Scanning 40 point from 578
24.04 18:22:10 Going to coordinates X=-30.760, Y=-39.939
24.04 18:22:10 Moving is finished
24.04 18:22:16 Could not find 'EZRaman Reader  V8.2.0 MV' in 'dict_keys([])'
24.04 18:22:21 Could not find 'EZRaman Reader  V8.2.0 MV' in 'dict_keys([])'
24.04 18:22:21 Scanning 41 point from 578
24.04 18:22:21 Going to coordinates X=-30.720, Y=-39.939
24.04 18:22:21 Moving is finished
24.04 18:22:27 Could not find 'EZRaman Reader  V8.2.0 MV' in 'dict_keys([])'
24.04 18:22:32 Could not find 'EZRaman Reader  V8.2.0 MV' in 'dict_keys([])'
24.04 18:22:32 Scanning 42 point from 578
24.04 18:22:32 Going to coordinates X=-30.680, Y=-39.939
24.04 18:22:33 Moving is finished
24.04 18:22:39 Could not find 'EZRaman Reader  V8.2.0 MV' in 'dict_keys([])'
24.04 18:22:44 Could not find 'EZRaman Reader  V8.2.0 MV' in 'dict_keys([])'
24.04 18:22:44 Scanning 43 point from 578
24.04 18:22:44 Going to coordinates X=-30.640, Y=-39.939
24.04 18:22:44 Moving is finished
24.04 18:22:50 Could not find 'EZRaman Reader  V8.2.0 MV' in 'dict_keys([])'
24.04 18:22:55 Could not find 'EZRaman Reader  V8.2.0 MV' in 'dict_keys([])'
24.04 18:22:55 Scanning 44 point from 578
24.04 18:22:55 Going to coordinates X=-30.600, Y=-39.939
24.04 18:22:55 Moving is finished
24.04 18:23:01 Could not find 'EZRaman Reader  V8.2.0 MV' in 'dict_keys([])'
24.04 18:23:06 Could not find 'EZRaman Reader  V8.2.0 MV' in 'dict_keys([])'
24.04 18:23:07 Scanning 45 point from 578
24.04 18:23:07 Going to coordinates X=-30.560, Y=-39.939
24.04 18:23:07 Moving is finished
24.04 18:23:13 Could not find 'EZRaman Reader  V8.2.0 MV' in 'dict_keys([])'
24.04 18:23:18 Could not find 'EZRaman Reader  V8.2.0 MV' in 'dict_keys([])'
24.04 18:23:18 Scanning 46 point from 578
24.04 18:23:18 Going to coordinates X=-30.520, Y=-39.939
24.04 18:23:18 Moving is finished
24.04 18:23:24 Could not find 'EZRaman Reader  V8.2.0 MV' in 'dict_keys([])'
24.04 18:23:29 Could not find 'EZRaman Reader  V8.2.0 MV' in 'dict_keys([])'
24.04 18:23:29 Scanning 47 point from 578
24.04 18:23:29 Going to coordinates X=-30.480, Y=-39.939
24.04 18:23:30 Moving is finished
24.04 18:23:36 Could not find 'EZRaman Reader  V8.2.0 MV' in 'dict_keys([])'
24.04 18:23:41 Could not find 'EZRaman Reader  V8.2.0 MV' in 'dict_keys([])'
24.04 18:23:41 Scanning 48 point from 578
24.04 18:23:41 Going to coordinates X=-30.440, Y=-39.939
24.04 18:23:41 Moving is finished
24.04 18:23:47 Could not find 'EZRaman Reader  V8.2.0 MV' in 'dict_keys([])'
24.04 18:23:52 Could not find 'EZRaman Reader  V8.2.0 MV' in 'dict_keys([])'
24.04 18:23:52 Scanning 49 point from 578
24.04 18:23:52 Going to coordinates X=-30.400, Y=-39.939
24.04 18:23:52 Moving is finished
24.04 18:23:58 Could not find 'EZRaman Reader  V8.2.0 MV' in 'dict_keys([])'
24.04 18:24:03 Could not find 'EZRaman Reader  V8.2.0 MV' in 'dict_keys([])'
24.04 18:24:04 Scanning 50 point from 578
24.04 18:24:04 Going to coordinates X=-30.360, Y=-39.939
24.04 18:24:04 Moving is finished
24.04 18:24:10 Could not find 'EZRaman Reader  V8.2.0 MV' in 'dict_keys([])'
24.04 18:24:15 Could not find 'EZRaman Reader  V8.2.0 MV' in 'dict_keys([])'
24.04 18:24:15 Scanning 51 point from 578
24.04 18:24:15 Going to coordinates X=-30.320, Y=-39.939
24.04 18:24:15 Moving is finished
24.04 18:24:21 Could not find 'EZRaman Reader  V8.2.0 MV' in 'dict_keys([])'
24.04 18:24:26 Could not find 'EZRaman Reader  V8.2.0 MV' in 'dict_keys([])'
24.04 18:24:26 Scanning 52 point from 578
24.04 18:24:26 Going to coordinates X=-30.280, Y=-39.939
24.04 18:24:27 Moving is finished
24.04 18:24:33 Could not find 'EZRaman Reader  V8.2.0 MV' in 'dict_keys([])'
24.04 18:24:38 Could not find 'EZRaman Reader  V8.2.0 MV' in 'dict_keys([])'
24.04 18:24:38 Scanning 53 point from 578
24.04 18:24:38 Going to coordinates X=-30.240, Y=-39.939
24.04 18:24:38 Moving is finished
24.04 18:24:44 Could not find 'EZRaman Reader  V8.2.0 MV' in 'dict_keys([])'
24.04 18:24:49 Could not find 'EZRaman Reader  V8.2.0 MV' in 'dict_keys([])'
24.04 18:24:49 Scanning 54 point from 578
24.04 18:24:49 Going to coordinates X=-30.200, Y=-39.939
24.04 18:24:49 Moving is finished
24.04 18:24:56 Could not find 'EZRaman Reader  V8.2.0 MV' in 'dict_keys([])'
24.04 18:25:01 Could not find 'EZRaman Reader  V8.2.0 MV' in 'dict_keys([])'
24.04 18:25:01 Scanning 55 point from 578
24.04 18:25:01 Going to coordinates X=-30.160, Y=-39.939
24.04 18:25:01 Moving is finished
24.04 18:25:07 Could not find 'EZRaman Reader  V8.2.0 MV' in 'dict_keys([])'
24.04 18:25:12 Could not find 'EZRaman Reader  V8.2.0 MV' in 'dict_keys([])'
24.04 18:25:12 Scanning 56 point from 578
24.04 18:25:12 Going to coordinates X=-30.120, Y=-39.939
24.04 18:25:12 Moving is finished
24.04 18:25:18 Could not find 'EZRaman Reader  V8.2.0 MV' in 'dict_keys([])'
24.04 18:25:23 Could not find 'EZRaman Reader  V8.2.0 MV' in 'dict_keys([])'
24.04 18:25:24 Scanning 57 point from 578
24.04 18:25:24 Going to coordinates X=-30.080, Y=-39.939
24.04 18:25:24 Moving is finished
24.04 18:25:30 Could not find 'EZRaman Reader  V8.2.0 MV' in 'dict_keys([])'
24.04 18:25:35 Could not find 'EZRaman Reader  V8.2.0 MV' in 'dict_keys([])'
24.04 18:25:35 Scanning 58 point from 578
24.04 18:25:35 Going to coordinates X=-30.040, Y=-39.939
24.04 18:25:35 Moving is finished
24.04 18:25:41 Could not find 'EZRaman Reader  V8.2.0 MV' in 'dict_keys([])'
24.04 18:25:46 Could not find 'EZRaman Reader  V8.2.0 MV' in 'dict_keys([])'
24.04 18:25:46 Scanning 59 point from 578
24.04 18:25:46 Going to coordinates X=-30.000, Y=-39.939
24.04 18:25:47 Moving is finished
24.04 18:25:53 Could not find 'EZRaman Reader  V8.2.0 MV' in 'dict_keys([])'
24.04 18:25:58 Could not find 'EZRaman Reader  V8.2.0 MV' in 'dict_keys([])'
24.04 18:25:58 Scanning 60 point from 578
24.04 18:25:58 Going to coordinates X=-29.960, Y=-39.939
24.04 18:25:58 Moving is finished
24.04 18:26:04 Could not find 'EZRaman Reader  V8.2.0 MV' in 'dict_keys([])'
24.04 18:26:09 Could not find 'EZRaman Reader  V8.2.0 MV' in 'dict_keys([])'
24.04 18:26:09 Scanning 61 point from 578
24.04 18:26:09 Going to coordinates X=-29.920, Y=-39.939
24.04 18:26:10 Moving is finished
24.04 18:26:16 Could not find 'EZRaman Reader  V8.2.0 MV' in 'dict_keys([])'
24.04 18:26:21 Could not find 'EZRaman Reader  V8.2.0 MV' in 'dict_keys([])'
24.04 18:26:21 Scanning 62 point from 578
24.04 18:26:21 Going to coordinates X=-29.880, Y=-39.939
24.04 18:26:21 Moving is finished
24.04 18:26:27 Could not find 'EZRaman Reader  V8.2.0 MV' in 'dict_keys([])'
24.04 18:26:32 Could not find 'EZRaman Reader  V8.2.0 MV' in 'dict_keys([])'
24.04 18:26:32 Scanning 63 point from 578
24.04 18:26:32 Going to coordinates X=-29.840, Y=-39.939
24.04 18:26:32 Moving is finished
24.04 18:26:38 Could not find 'EZRaman Reader  V8.2.0 MV' in 'dict_keys([])'
24.04 18:26:43 Could not find 'EZRaman Reader  V8.2.0 MV' in 'dict_keys([])'
24.04 18:26:44 Scanning 64 point from 578
24.04 18:26:44 Going to coordinates X=-29.800, Y=-39.939
24.04 18:26:44 Moving is finished
24.04 18:26:50 Could not find 'EZRaman Reader  V8.2.0 MV' in 'dict_keys([])'
24.04 18:26:55 Could not find 'EZRaman Reader  V8.2.0 MV' in 'dict_keys([])'
24.04 18:26:55 Scanning 65 point from 578
24.04 18:26:55 Going to coordinates X=-29.760, Y=-39.939
24.04 18:26:55 Moving is finished
24.04 18:27:01 Could not find 'EZRaman Reader  V8.2.0 MV' in 'dict_keys([])'
24.04 18:27:06 Could not find 'EZRaman Reader  V8.2.0 MV' in 'dict_keys([])'
24.04 18:27:07 Scanning 66 point from 578
24.04 18:27:07 Going to coordinates X=-29.720, Y=-39.939
24.04 18:27:07 Moving is finished
24.04 18:27:13 Could not find 'EZRaman Reader  V8.2.0 MV' in 'dict_keys([])'
24.04 18:27:18 Could not find 'EZRaman Reader  V8.2.0 MV' in 'dict_keys([])'
24.04 18:27:18 Scanning 67 point from 578
24.04 18:27:18 Going to coordinates X=-29.680, Y=-39.939
24.04 18:27:18 Moving is finished
24.04 18:27:24 Could not find 'EZRaman Reader  V8.2.0 MV' in 'dict_keys([])'
24.04 18:27:29 Could not find 'EZRaman Reader  V8.2.0 MV' in 'dict_keys([])'
24.04 18:27:29 Scanning 68 point from 578
24.04 18:27:29 Going to coordinates X=-31.000, Y=-39.899
24.04 18:27:30 Moving is finished
24.04 18:27:36 Could not find 'EZRaman Reader  V8.2.0 MV' in 'dict_keys([])'
24.04 18:27:41 Could not find 'EZRaman Reader  V8.2.0 MV' in 'dict_keys([])'
24.04 18:27:41 Scanning 69 point from 578
24.04 18:27:41 Going to coordinates X=-30.960, Y=-39.899
24.04 18:27:42 Moving is finished
24.04 18:27:48 Could not find 'EZRaman Reader  V8.2.0 MV' in 'dict_keys([])'
24.04 18:27:53 Could not find 'EZRaman Reader  V8.2.0 MV' in 'dict_keys([])'
24.04 18:27:53 Scanning 70 point from 578
24.04 18:27:53 Going to coordinates X=-30.920, Y=-39.899
24.04 18:27:53 Moving is finished
24.04 18:27:59 Could not find 'EZRaman Reader  V8.2.0 MV' in 'dict_keys([])'
24.04 18:28:04 Could not find 'EZRaman Reader  V8.2.0 MV' in 'dict_keys([])'
24.04 18:28:04 Scanning 71 point from 578
24.04 18:28:04 Going to coordinates X=-30.880, Y=-39.899
24.04 18:28:04 Moving is finished
24.04 18:28:10 Could not find 'EZRaman Reader  V8.2.0 MV' in 'dict_keys([])'
24.04 18:28:16 Could not find 'EZRaman Reader  V8.2.0 MV' in 'dict_keys([])'
24.04 18:28:16 Scanning 72 point from 578
24.04 18:28:16 Going to coordinates X=-30.840, Y=-39.899
24.04 18:28:16 Moving is finished
24.04 18:28:22 Could not find 'EZRaman Reader  V8.2.0 MV' in 'dict_keys([])'
24.04 18:28:27 Could not find 'EZRaman Reader  V8.2.0 MV' in 'dict_keys([])'
24.04 18:28:27 Scanning 73 point from 578
24.04 18:28:27 Going to coordinates X=-30.800, Y=-39.899
24.04 18:28:27 Moving is finished
24.04 18:28:33 Could not find 'EZRaman Reader  V8.2.0 MV' in 'dict_keys([])'
24.04 18:28:38 Could not find 'EZRaman Reader  V8.2.0 MV' in 'dict_keys([])'
24.04 18:28:39 Scanning 74 point from 578
24.04 18:28:39 Going to coordinates X=-30.760, Y=-39.899
24.04 18:28:39 Moving is finished
24.04 18:28:45 Could not find 'EZRaman Reader  V8.2.0 MV' in 'dict_keys([])'
24.04 18:28:50 Could not find 'EZRaman Reader  V8.2.0 MV' in 'dict_keys([])'
24.04 18:28:50 Scanning 75 point from 578
24.04 18:28:50 Going to coordinates X=-30.720, Y=-39.899
24.04 18:28:50 Moving is finished
24.04 18:28:56 Could not find 'EZRaman Reader  V8.2.0 MV' in 'dict_keys([])'
24.04 18:29:01 Could not find 'EZRaman Reader  V8.2.0 MV' in 'dict_keys([])'
24.04 18:29:01 Scanning 76 point from 578
24.04 18:29:01 Going to coordinates X=-30.680, Y=-39.899
24.04 18:29:02 Moving is finished
24.04 18:29:08 Could not find 'EZRaman Reader  V8.2.0 MV' in 'dict_keys([])'
24.04 18:29:13 Could not find 'EZRaman Reader  V8.2.0 MV' in 'dict_keys([])'
24.04 18:29:13 Scanning 77 point from 578
24.04 18:29:13 Going to coordinates X=-30.640, Y=-39.899
24.04 18:29:13 Moving is finished
24.04 18:29:19 Could not find 'EZRaman Reader  V8.2.0 MV' in 'dict_keys([])'
24.04 18:29:24 Could not find 'EZRaman Reader  V8.2.0 MV' in 'dict_keys([])'
24.04 18:29:24 Scanning 78 point from 578
24.04 18:29:24 Going to coordinates X=-30.600, Y=-39.899
24.04 18:29:24 Moving is finished
24.04 18:29:31 Could not find 'EZRaman Reader  V8.2.0 MV' in 'dict_keys([])'
24.04 18:29:36 Could not find 'EZRaman Reader  V8.2.0 MV' in 'dict_keys([])'
24.04 18:29:36 Scanning 79 point from 578
24.04 18:29:36 Going to coordinates X=-30.560, Y=-39.899
24.04 18:29:36 Moving is finished
24.04 18:29:42 Could not find 'EZRaman Reader  V8.2.0 MV' in 'dict_keys([])'
24.04 18:29:47 Could not find 'EZRaman Reader  V8.2.0 MV' in 'dict_keys([])'
24.04 18:29:47 Scanning 80 point from 578
24.04 18:29:47 Going to coordinates X=-30.520, Y=-39.899
24.04 18:29:47 Moving is finished
24.04 18:29:53 Could not find 'EZRaman Reader  V8.2.0 MV' in 'dict_keys([])'
24.04 18:29:58 Could not find 'EZRaman Reader  V8.2.0 MV' in 'dict_keys([])'
24.04 18:29:59 Scanning 81 point from 578
24.04 18:29:59 Going to coordinates X=-30.480, Y=-39.899
24.04 18:29:59 Moving is finished
24.04 18:30:05 Could not find 'EZRaman Reader  V8.2.0 MV' in 'dict_keys([])'
24.04 18:30:10 Could not find 'EZRaman Reader  V8.2.0 MV' in 'dict_keys([])'
24.04 18:30:10 Scanning 82 point from 578
24.04 18:30:10 Going to coordinates X=-30.440, Y=-39.899
24.04 18:30:10 Moving is finished
24.04 18:30:16 Could not find 'EZRaman Reader  V8.2.0 MV' in 'dict_keys([])'
24.04 18:30:21 Could not find 'EZRaman Reader  V8.2.0 MV' in 'dict_keys([])'
24.04 18:30:21 Scanning 83 point from 578
24.04 18:30:21 Going to coordinates X=-30.400, Y=-39.899
24.04 18:30:22 Moving is finished
24.04 18:31:45 Stopped!
24.04 18:31:52 Row 0: 24.04 18:31:52 Map: x1: -31.0, y1: -39.979, x2: -29.683, y2: -39.351, xres: 0.040, yres: 0.040, fname: mellpbezCOOH
24.04 18:31:52 Scanning 0 point from 578
24.04 18:31:52 Going to coordinates X=-31.000, Y=-39.979
24.04 18:31:52 Moving is finished
24.04 18:33:29 Scanning 1 point from 578
24.04 18:33:29 Going to coordinates X=-30.960, Y=-39.979
24.04 18:33:29 Moving is finished
24.04 18:35:06 Scanning 2 point from 578
24.04 18:35:06 Going to coordinates X=-30.920, Y=-39.979
24.04 18:35:06 Moving is finished
24.04 18:36:42 Scanning 3 point from 578
24.04 18:36:42 Going to coordinates X=-30.880, Y=-39.979
24.04 18:36:42 Moving is finished
24.04 18:38:19 Scanning 4 point from 578
24.04 18:38:19 Going to coordinates X=-30.840, Y=-39.979
24.04 18:38:19 Moving is finished
24.04 18:39:56 Scanning 5 point from 578
24.04 18:39:56 Going to coordinates X=-30.800, Y=-39.979
24.04 18:39:56 Moving is finished
24.04 18:41:33 Scanning 6 point from 578
24.04 18:41:33 Going to coordinates X=-30.760, Y=-39.979
24.04 18:41:33 Moving is finished
24.04 18:43:10 Scanning 7 point from 578
24.04 18:43:10 Going to coordinates X=-30.720, Y=-39.979
24.04 18:43:11 Moving is finished
24.04 18:44:47 Scanning 8 point from 578
24.04 18:44:47 Going to coordinates X=-30.680, Y=-39.979
24.04 18:44:48 Moving is finished
24.04 18:46:24 Scanning 9 point from 578
24.04 18:46:24 Going to coordinates X=-30.640, Y=-39.979
24.04 18:46:24 Moving is finished
24.04 18:48:01 Scanning 10 point from 578
24.04 18:48:01 Going to coordinates X=-30.600, Y=-39.979
24.04 18:48:01 Moving is finished
24.04 18:49:38 Scanning 11 point from 578
24.04 18:49:38 Going to coordinates X=-30.560, Y=-39.979
24.04 18:49:38 Moving is finished
24.04 18:51:14 Scanning 12 point from 578
24.04 18:51:14 Going to coordinates X=-30.520, Y=-39.979
24.04 18:51:15 Moving is finished
24.04 18:52:51 Scanning 13 point from 578
24.04 18:52:51 Going to coordinates X=-30.480, Y=-39.979
24.04 18:52:51 Moving is finished
24.04 18:54:28 Scanning 14 point from 578
24.04 18:54:28 Going to coordinates X=-30.440, Y=-39.979
24.04 18:54:28 Moving is finished
24.04 18:56:05 Scanning 15 point from 578
24.04 18:56:05 Going to coordinates X=-30.400, Y=-39.979
24.04 18:56:05 Moving is finished
24.04 18:57:41 Scanning 16 point from 578
24.04 18:57:41 Going to coordinates X=-30.360, Y=-39.979
24.04 18:57:42 Moving is finished
24.04 18:59:18 Scanning 17 point from 578
24.04 18:59:18 Going to coordinates X=-30.320, Y=-39.979
24.04 18:59:18 Moving is finished
24.04 19:00:55 Scanning 18 point from 578
24.04 19:00:55 Going to coordinates X=-30.280, Y=-39.979
24.04 19:00:55 Moving is finished
24.04 19:02:32 Scanning 19 point from 578
24.04 19:02:32 Going to coordinates X=-30.240, Y=-39.979
24.04 19:02:32 Moving is finished
24.04 19:04:08 Scanning 20 point from 578
24.04 19:04:08 Going to coordinates X=-30.200, Y=-39.979
24.04 19:04:09 Moving is finished
24.04 19:05:45 Scanning 21 point from 578
24.04 19:05:45 Going to coordinates X=-30.160, Y=-39.979
24.04 19:05:46 Moving is finished
24.04 19:07:23 Scanning 22 point from 578
24.04 19:07:23 Going to coordinates X=-30.120, Y=-39.979
24.04 19:07:23 Moving is finished
24.04 19:09:00 Scanning 23 point from 578
24.04 19:09:00 Going to coordinates X=-30.080, Y=-39.979
24.04 19:09:01 Moving is finished
24.04 19:10:37 Scanning 24 point from 578
24.04 19:10:37 Going to coordinates X=-30.040, Y=-39.979
24.04 19:10:37 Moving is finished
24.04 19:12:14 Scanning 25 point from 578
24.04 19:12:14 Going to coordinates X=-30.000, Y=-39.979
24.04 19:12:14 Moving is finished
24.04 19:13:51 Scanning 26 point from 578
24.04 19:13:51 Going to coordinates X=-29.960, Y=-39.979
24.04 19:13:51 Moving is finished
24.04 19:15:28 Scanning 27 point from 578
24.04 19:15:28 Going to coordinates X=-29.920, Y=-39.979
24.04 19:15:28 Moving is finished
24.04 19:17:05 Scanning 28 point from 578
24.04 19:17:05 Going to coordinates X=-29.880, Y=-39.979
24.04 19:17:05 Moving is finished
24.04 19:18:42 Scanning 29 point from 578
24.04 19:18:42 Going to coordinates X=-29.840, Y=-39.979
24.04 19:18:42 Moving is finished
24.04 19:20:18 Scanning 30 point from 578
24.04 19:20:18 Going to coordinates X=-29.800, Y=-39.979
24.04 19:20:18 Moving is finished
24.04 19:21:55 Scanning 31 point from 578
24.04 19:21:55 Going to coordinates X=-29.760, Y=-39.979
24.04 19:21:56 Moving is finished
24.04 19:23:33 Scanning 32 point from 578
24.04 19:23:33 Going to coordinates X=-29.720, Y=-39.979
24.04 19:23:33 Moving is finished
24.04 19:25:10 Scanning 33 point from 578
24.04 19:25:10 Going to coordinates X=-29.680, Y=-39.979
24.04 19:25:10 Moving is finished
24.04 19:26:46 Scanning 34 point from 578
24.04 19:26:46 Going to coordinates X=-31.000, Y=-39.939
24.04 19:26:47 Moving is finished
24.04 19:28:24 Scanning 35 point from 578
24.04 19:28:24 Going to coordinates X=-30.960, Y=-39.939
24.04 19:28:24 Moving is finished
24.04 19:30:01 Scanning 36 point from 578
24.04 19:30:01 Going to coordinates X=-30.920, Y=-39.939
24.04 19:30:01 Moving is finished
24.04 19:31:37 Scanning 37 point from 578
24.04 19:31:37 Going to coordinates X=-30.880, Y=-39.939
24.04 19:31:37 Moving is finished
24.04 19:33:14 Scanning 38 point from 578
24.04 19:33:14 Going to coordinates X=-30.840, Y=-39.939
24.04 19:33:14 Moving is finished
24.04 19:34:50 Scanning 39 point from 578
24.04 19:34:50 Going to coordinates X=-30.800, Y=-39.939
24.04 19:34:51 Moving is finished
24.04 19:36:27 Scanning 40 point from 578
24.04 19:36:27 Going to coordinates X=-30.760, Y=-39.939
24.04 19:36:27 Moving is finished
24.04 19:38:04 Scanning 41 point from 578
24.04 19:38:04 Going to coordinates X=-30.720, Y=-39.939
24.04 19:38:04 Moving is finished
24.04 19:39:41 Scanning 42 point from 578
24.04 19:39:41 Going to coordinates X=-30.680, Y=-39.939
24.04 19:39:41 Moving is finished
24.04 19:41:18 Scanning 43 point from 578
24.04 19:41:18 Going to coordinates X=-30.640, Y=-39.939
24.04 19:41:18 Moving is finished
24.04 19:42:55 Scanning 44 point from 578
24.04 19:42:55 Going to coordinates X=-30.600, Y=-39.939
24.04 19:42:55 Moving is finished
24.04 19:44:32 Scanning 45 point from 578
24.04 19:44:32 Going to coordinates X=-30.560, Y=-39.939
24.04 19:44:32 Moving is finished
24.04 19:46:09 Scanning 46 point from 578
24.04 19:46:09 Going to coordinates X=-30.520, Y=-39.939
24.04 19:46:09 Moving is finished
24.04 19:47:45 Scanning 47 point from 578
24.04 19:47:45 Going to coordinates X=-30.480, Y=-39.939
24.04 19:47:46 Moving is finished
24.04 19:49:22 Scanning 48 point from 578
24.04 19:49:22 Going to coordinates X=-30.440, Y=-39.939
24.04 19:49:22 Moving is finished
24.04 19:50:59 Scanning 49 point from 578
24.04 19:50:59 Going to coordinates X=-30.400, Y=-39.939
24.04 19:50:59 Moving is finished
24.04 19:52:36 Scanning 50 point from 578
24.04 19:52:36 Going to coordinates X=-30.360, Y=-39.939
24.04 19:52:36 Moving is finished
24.04 19:54:13 Scanning 51 point from 578
24.04 19:54:13 Going to coordinates X=-30.320, Y=-39.939
24.04 19:54:13 Moving is finished
24.04 19:55:50 Scanning 52 point from 578
24.04 19:55:50 Going to coordinates X=-30.280, Y=-39.939
24.04 19:55:50 Moving is finished
24.04 19:57:27 Scanning 53 point from 578
24.04 19:57:27 Going to coordinates X=-30.240, Y=-39.939
24.04 19:57:27 Moving is finished
24.04 19:59:04 Scanning 54 point from 578
24.04 19:59:04 Going to coordinates X=-30.200, Y=-39.939
24.04 19:59:04 Moving is finished
24.04 20:00:41 Scanning 55 point from 578
24.04 20:00:41 Going to coordinates X=-30.160, Y=-39.939
24.04 20:00:41 Moving is finished
24.04 20:02:18 Scanning 56 point from 578
24.04 20:02:18 Going to coordinates X=-30.120, Y=-39.939
24.04 20:02:18 Moving is finished
24.04 20:03:55 Scanning 57 point from 578
24.04 20:03:55 Going to coordinates X=-30.080, Y=-39.939
24.04 20:03:55 Moving is finished
24.04 20:05:32 Scanning 58 point from 578
24.04 20:05:32 Going to coordinates X=-30.040, Y=-39.939
24.04 20:05:32 Moving is finished
24.04 20:07:09 Scanning 59 point from 578
24.04 20:07:09 Going to coordinates X=-30.000, Y=-39.939
24.04 20:07:09 Moving is finished
24.04 20:08:45 Scanning 60 point from 578
24.04 20:08:45 Going to coordinates X=-29.960, Y=-39.939
24.04 20:08:46 Moving is finished
24.04 20:10:23 Scanning 61 point from 578
24.04 20:10:23 Going to coordinates X=-29.920, Y=-39.939
24.04 20:10:23 Moving is finished
24.04 20:11:59 Scanning 62 point from 578
24.04 20:11:59 Going to coordinates X=-29.880, Y=-39.939
24.04 20:12:00 Moving is finished
24.04 20:13:36 Scanning 63 point from 578
24.04 20:13:36 Going to coordinates X=-29.840, Y=-39.939
24.04 20:13:36 Moving is finished
24.04 20:15:13 Scanning 64 point from 578
24.04 20:15:13 Going to coordinates X=-29.800, Y=-39.939
24.04 20:15:13 Moving is finished
24.04 20:16:50 Scanning 65 point from 578
24.04 20:16:50 Going to coordinates X=-29.760, Y=-39.939
24.04 20:16:50 Moving is finished
24.04 20:18:26 Scanning 66 point from 578
24.04 20:18:26 Going to coordinates X=-29.720, Y=-39.939
24.04 20:18:26 Moving is finished
24.04 20:20:03 Scanning 67 point from 578
24.04 20:20:03 Going to coordinates X=-29.680, Y=-39.939
24.04 20:20:03 Moving is finished
24.04 20:21:39 Scanning 68 point from 578
24.04 20:21:39 Going to coordinates X=-31.000, Y=-39.899
24.04 20:21:40 Moving is finished
24.04 20:23:16 Scanning 69 point from 578
24.04 20:23:16 Going to coordinates X=-30.960, Y=-39.899
24.04 20:23:17 Moving is finished
24.04 20:24:53 Scanning 70 point from 578
24.04 20:24:53 Going to coordinates X=-30.920, Y=-39.899
24.04 20:24:53 Moving is finished
24.04 20:26:30 Scanning 71 point from 578
24.04 20:26:30 Going to coordinates X=-30.880, Y=-39.899
24.04 20:26:30 Moving is finished
24.04 20:28:07 Scanning 72 point from 578
24.04 20:28:07 Going to coordinates X=-30.840, Y=-39.899
24.04 20:28:07 Moving is finished
24.04 20:29:43 Scanning 73 point from 578
24.04 20:29:43 Going to coordinates X=-30.800, Y=-39.899
24.04 20:29:44 Moving is finished
24.04 20:31:20 Scanning 74 point from 578
24.04 20:31:20 Going to coordinates X=-30.760, Y=-39.899
24.04 20:31:20 Moving is finished
24.04 20:32:57 Scanning 75 point from 578
24.04 20:32:57 Going to coordinates X=-30.720, Y=-39.899
24.04 20:32:57 Moving is finished
24.04 20:34:34 Scanning 76 point from 578
24.04 20:34:34 Going to coordinates X=-30.680, Y=-39.899
24.04 20:34:34 Moving is finished
24.04 20:36:10 Scanning 77 point from 578
24.04 20:36:10 Going to coordinates X=-30.640, Y=-39.899
24.04 20:36:10 Moving is finished
24.04 20:37:47 Scanning 78 point from 578
24.04 20:37:47 Going to coordinates X=-30.600, Y=-39.899
24.04 20:37:47 Moving is finished
24.04 20:39:23 Scanning 79 point from 578
24.04 20:39:23 Going to coordinates X=-30.560, Y=-39.899
24.04 20:39:23 Moving is finished
24.04 20:41:00 Scanning 80 point from 578
24.04 20:41:00 Going to coordinates X=-30.520, Y=-39.899
24.04 20:41:00 Moving is finished
24.04 20:42:36 Scanning 81 point from 578
24.04 20:42:36 Going to coordinates X=-30.480, Y=-39.899
24.04 20:42:37 Moving is finished
24.04 20:44:13 Scanning 82 point from 578
24.04 20:44:13 Going to coordinates X=-30.440, Y=-39.899
24.04 20:44:13 Moving is finished
24.04 20:45:50 Scanning 83 point from 578
24.04 20:45:50 Going to coordinates X=-30.400, Y=-39.899
24.04 20:45:50 Moving is finished
24.04 20:47:27 Scanning 84 point from 578
24.04 20:47:27 Going to coordinates X=-30.360, Y=-39.899
24.04 20:47:27 Moving is finished
24.04 20:49:03 Scanning 85 point from 578
24.04 20:49:03 Going to coordinates X=-30.320, Y=-39.899
24.04 20:49:03 Moving is finished
24.04 20:50:40 Scanning 86 point from 578
24.04 20:50:40 Going to coordinates X=-30.280, Y=-39.899
24.04 20:50:41 Moving is finished
24.04 20:52:17 Scanning 87 point from 578
24.04 20:52:17 Going to coordinates X=-30.240, Y=-39.899
24.04 20:52:17 Moving is finished
24.04 20:53:54 Scanning 88 point from 578
24.04 20:53:54 Going to coordinates X=-30.200, Y=-39.899
24.04 20:53:54 Moving is finished
24.04 20:55:30 Scanning 89 point from 578
24.04 20:55:30 Going to coordinates X=-30.160, Y=-39.899
24.04 20:55:31 Moving is finished
24.04 20:57:07 Scanning 90 point from 578
24.04 20:57:07 Going to coordinates X=-30.120, Y=-39.899
24.04 20:57:07 Moving is finished
24.04 20:58:44 Scanning 91 point from 578
24.04 20:58:44 Going to coordinates X=-30.080, Y=-39.899
24.04 20:58:44 Moving is finished
24.04 21:00:20 Scanning 92 point from 578
24.04 21:00:20 Going to coordinates X=-30.040, Y=-39.899
24.04 21:00:20 Moving is finished
24.04 21:01:57 Scanning 93 point from 578
24.04 21:01:57 Going to coordinates X=-30.000, Y=-39.899
24.04 21:01:57 Moving is finished
24.04 21:03:34 Scanning 94 point from 578
24.04 21:03:34 Going to coordinates X=-29.960, Y=-39.899
24.04 21:03:34 Moving is finished
24.04 21:05:10 Scanning 95 point from 578
24.04 21:05:10 Going to coordinates X=-29.920, Y=-39.899
24.04 21:05:10 Moving is finished
24.04 21:06:47 Scanning 96 point from 578
24.04 21:06:47 Going to coordinates X=-29.880, Y=-39.899
24.04 21:06:47 Moving is finished
24.04 21:08:23 Scanning 97 point from 578
24.04 21:08:23 Going to coordinates X=-29.840, Y=-39.899
24.04 21:08:24 Moving is finished
24.04 21:10:00 Scanning 98 point from 578
24.04 21:10:00 Going to coordinates X=-29.800, Y=-39.899
24.04 21:10:01 Moving is finished
24.04 21:11:38 Scanning 99 point from 578
24.04 21:11:38 Going to coordinates X=-29.760, Y=-39.899
24.04 21:11:38 Moving is finished
24.04 21:13:14 Scanning 100 point from 578
24.04 21:13:14 Going to coordinates X=-29.720, Y=-39.899
24.04 21:13:14 Moving is finished
24.04 21:14:50 Scanning 101 point from 578
24.04 21:14:50 Going to coordinates X=-29.680, Y=-39.899
24.04 21:14:51 Moving is finished
24.04 21:16:27 Scanning 102 point from 578
24.04 21:16:27 Going to coordinates X=-31.000, Y=-39.859
24.04 21:16:28 Moving is finished
24.04 21:18:04 Scanning 103 point from 578
24.04 21:18:04 Going to coordinates X=-30.960, Y=-39.859
24.04 21:18:05 Moving is finished
24.04 21:19:41 Scanning 104 point from 578
24.04 21:19:41 Going to coordinates X=-30.920, Y=-39.859
24.04 21:19:41 Moving is finished
24.04 21:21:18 Scanning 105 point from 578
24.04 21:21:18 Going to coordinates X=-30.880, Y=-39.859
24.04 21:21:18 Moving is finished
24.04 21:22:54 Scanning 106 point from 578
24.04 21:22:54 Going to coordinates X=-30.840, Y=-39.859
24.04 21:22:54 Moving is finished
24.04 21:24:31 Scanning 107 point from 578
24.04 21:24:31 Going to coordinates X=-30.800, Y=-39.859
24.04 21:24:31 Moving is finished
24.04 21:26:08 Scanning 108 point from 578
24.04 21:26:08 Going to coordinates X=-30.760, Y=-39.859
24.04 21:26:08 Moving is finished
24.04 21:27:45 Scanning 109 point from 578
24.04 21:27:45 Going to coordinates X=-30.720, Y=-39.859
24.04 21:27:45 Moving is finished
24.04 21:29:22 Scanning 110 point from 578
24.04 21:29:22 Going to coordinates X=-30.680, Y=-39.859
24.04 21:29:22 Moving is finished
24.04 21:30:59 Scanning 111 point from 578
24.04 21:30:59 Going to coordinates X=-30.640, Y=-39.859
24.04 21:30:59 Moving is finished
24.04 21:32:36 Scanning 112 point from 578
24.04 21:32:36 Going to coordinates X=-30.600, Y=-39.859
24.04 21:32:36 Moving is finished
24.04 21:34:12 Scanning 113 point from 578
24.04 21:34:12 Going to coordinates X=-30.560, Y=-39.859
24.04 21:34:12 Moving is finished
24.04 21:35:49 Scanning 114 point from 578
24.04 21:35:49 Going to coordinates X=-30.520, Y=-39.859
24.04 21:35:49 Moving is finished
24.04 21:37:26 Scanning 115 point from 578
24.04 21:37:26 Going to coordinates X=-30.480, Y=-39.859
24.04 21:37:26 Moving is finished
24.04 21:39:02 Scanning 116 point from 578
24.04 21:39:02 Going to coordinates X=-30.440, Y=-39.859
24.04 21:39:03 Moving is finished
24.04 21:40:39 Scanning 117 point from 578
24.04 21:40:39 Going to coordinates X=-30.400, Y=-39.859
24.04 21:40:40 Moving is finished
24.04 21:42:16 Scanning 118 point from 578
24.04 21:42:16 Going to coordinates X=-30.360, Y=-39.859
24.04 21:42:17 Moving is finished
24.04 21:43:53 Scanning 119 point from 578
24.04 21:43:53 Going to coordinates X=-30.320, Y=-39.859
24.04 21:43:53 Moving is finished
24.04 21:45:30 Scanning 120 point from 578
24.04 21:45:30 Going to coordinates X=-30.280, Y=-39.859
24.04 21:45:30 Moving is finished
24.04 21:47:06 Scanning 121 point from 578
24.04 21:47:06 Going to coordinates X=-30.240, Y=-39.859
24.04 21:47:06 Moving is finished
24.04 21:48:43 Scanning 122 point from 578
24.04 21:48:43 Going to coordinates X=-30.200, Y=-39.859
24.04 21:48:43 Moving is finished
24.04 21:50:20 Scanning 123 point from 578
24.04 21:50:20 Going to coordinates X=-30.160, Y=-39.859
24.04 21:50:20 Moving is finished
24.04 21:51:56 Scanning 124 point from 578
24.04 21:51:56 Going to coordinates X=-30.120, Y=-39.859
24.04 21:51:57 Moving is finished
24.04 21:53:33 Scanning 125 point from 578
24.04 21:53:33 Going to coordinates X=-30.080, Y=-39.859
24.04 21:53:33 Moving is finished
24.04 21:55:09 Scanning 126 point from 578
24.04 21:55:09 Going to coordinates X=-30.040, Y=-39.859
24.04 21:55:10 Moving is finished
24.04 21:56:46 Scanning 127 point from 578
24.04 21:56:46 Going to coordinates X=-30.000, Y=-39.859
24.04 21:56:46 Moving is finished
24.04 21:58:23 Scanning 128 point from 578
24.04 21:58:23 Going to coordinates X=-29.960, Y=-39.859
24.04 21:58:23 Moving is finished
24.04 22:00:00 Scanning 129 point from 578
24.04 22:00:00 Going to coordinates X=-29.920, Y=-39.859
24.04 22:00:00 Moving is finished
24.04 22:01:37 Scanning 130 point from 578
24.04 22:01:37 Going to coordinates X=-29.880, Y=-39.859
24.04 22:01:37 Moving is finished
24.04 22:03:13 Scanning 131 point from 578
24.04 22:03:13 Going to coordinates X=-29.840, Y=-39.859
24.04 22:03:14 Moving is finished
24.04 22:04:50 Scanning 132 point from 578
24.04 22:04:50 Going to coordinates X=-29.800, Y=-39.859
24.04 22:04:50 Moving is finished
24.04 22:06:26 Scanning 133 point from 578
24.04 22:06:26 Going to coordinates X=-29.760, Y=-39.859
24.04 22:06:27 Moving is finished
24.04 22:08:03 Scanning 134 point from 578
24.04 22:08:03 Going to coordinates X=-29.720, Y=-39.859
24.04 22:08:03 Moving is finished
24.04 22:09:40 Scanning 135 point from 578
24.04 22:09:40 Going to coordinates X=-29.680, Y=-39.859
24.04 22:09:40 Moving is finished
24.04 22:11:17 Scanning 136 point from 578
24.04 22:11:17 Going to coordinates X=-31.000, Y=-39.819
24.04 22:11:17 Moving is finished
24.04 22:12:54 Scanning 137 point from 578
24.04 22:12:54 Going to coordinates X=-30.960, Y=-39.819
24.04 22:12:54 Moving is finished
24.04 22:14:31 Scanning 138 point from 578
24.04 22:14:31 Going to coordinates X=-30.920, Y=-39.819
24.04 22:14:31 Moving is finished
24.04 22:16:07 Scanning 139 point from 578
24.04 22:16:07 Going to coordinates X=-30.880, Y=-39.819
24.04 22:16:07 Moving is finished
24.04 22:17:44 Scanning 140 point from 578
24.04 22:17:44 Going to coordinates X=-30.840, Y=-39.819
24.04 22:17:44 Moving is finished
24.04 22:19:20 Scanning 141 point from 578
24.04 22:19:20 Going to coordinates X=-30.800, Y=-39.819
24.04 22:19:21 Moving is finished
24.04 22:20:57 Scanning 142 point from 578
24.04 22:20:57 Going to coordinates X=-30.760, Y=-39.819
24.04 22:20:57 Moving is finished
24.04 22:22:34 Scanning 143 point from 578
24.04 22:22:34 Going to coordinates X=-30.720, Y=-39.819
24.04 22:22:34 Moving is finished
24.04 22:24:11 Scanning 144 point from 578
24.04 22:24:11 Going to coordinates X=-30.680, Y=-39.819
24.04 22:24:11 Moving is finished
24.04 22:25:47 Scanning 145 point from 578
24.04 22:25:47 Going to coordinates X=-30.640, Y=-39.819
24.04 22:25:47 Moving is finished
24.04 22:27:24 Scanning 146 point from 578
24.04 22:27:24 Going to coordinates X=-30.600, Y=-39.819
24.04 22:27:24 Moving is finished
24.04 22:29:00 Scanning 147 point from 578
24.04 22:29:00 Going to coordinates X=-30.560, Y=-39.819
24.04 22:29:00 Moving is finished
24.04 22:30:37 Scanning 148 point from 578
24.04 22:30:37 Going to coordinates X=-30.520, Y=-39.819
24.04 22:30:37 Moving is finished
24.04 22:32:14 Scanning 149 point from 578
24.04 22:32:14 Going to coordinates X=-30.480, Y=-39.819
24.04 22:32:14 Moving is finished
24.04 22:33:51 Scanning 150 point from 578
24.04 22:33:51 Going to coordinates X=-30.440, Y=-39.819
24.04 22:33:51 Moving is finished
24.04 22:35:28 Scanning 151 point from 578
24.04 22:35:28 Going to coordinates X=-30.400, Y=-39.819
24.04 22:35:28 Moving is finished
24.04 22:37:04 Scanning 152 point from 578
24.04 22:37:04 Going to coordinates X=-30.360, Y=-39.819
24.04 22:37:04 Moving is finished
24.04 22:38:41 Scanning 153 point from 578
24.04 22:38:41 Going to coordinates X=-30.320, Y=-39.819
24.04 22:38:41 Moving is finished
24.04 22:40:18 Scanning 154 point from 578
24.04 22:40:18 Going to coordinates X=-30.280, Y=-39.819
24.04 22:40:18 Moving is finished
24.04 22:41:54 Scanning 155 point from 578
24.04 22:41:54 Going to coordinates X=-30.240, Y=-39.819
24.04 22:41:54 Moving is finished
24.04 22:43:31 Scanning 156 point from 578
24.04 22:43:31 Going to coordinates X=-30.200, Y=-39.819
24.04 22:43:31 Moving is finished
24.04 22:45:07 Scanning 157 point from 578
24.04 22:45:07 Going to coordinates X=-30.160, Y=-39.819
24.04 22:45:08 Moving is finished
24.04 22:46:44 Scanning 158 point from 578
24.04 22:46:44 Going to coordinates X=-30.120, Y=-39.819
24.04 22:46:44 Moving is finished
24.04 22:48:20 Scanning 159 point from 578
24.04 22:48:20 Going to coordinates X=-30.080, Y=-39.819
24.04 22:48:20 Moving is finished
24.04 22:49:57 Scanning 160 point from 578
24.04 22:49:57 Going to coordinates X=-30.040, Y=-39.819
24.04 22:49:57 Moving is finished
24.04 22:51:34 Scanning 161 point from 578
24.04 22:51:34 Going to coordinates X=-30.000, Y=-39.819
24.04 22:51:34 Moving is finished
24.04 22:53:10 Scanning 162 point from 578
24.04 22:53:10 Going to coordinates X=-29.960, Y=-39.819
24.04 22:53:10 Moving is finished
24.04 22:54:47 Scanning 163 point from 578
24.04 22:54:47 Going to coordinates X=-29.920, Y=-39.819
24.04 22:54:48 Moving is finished
24.04 22:56:24 Scanning 164 point from 578
24.04 22:56:24 Going to coordinates X=-29.880, Y=-39.819
24.04 22:56:25 Moving is finished
24.04 22:58:01 Scanning 165 point from 578
24.04 22:58:01 Going to coordinates X=-29.840, Y=-39.819
24.04 22:58:01 Moving is finished
24.04 22:59:38 Scanning 166 point from 578
24.04 22:59:38 Going to coordinates X=-29.800, Y=-39.819
24.04 22:59:38 Moving is finished
24.04 23:01:15 Scanning 167 point from 578
24.04 23:01:15 Going to coordinates X=-29.760, Y=-39.819
24.04 23:01:15 Moving is finished
24.04 23:02:51 Scanning 168 point from 578
24.04 23:02:51 Going to coordinates X=-29.720, Y=-39.819
24.04 23:02:51 Moving is finished
24.04 23:04:28 Scanning 169 point from 578
24.04 23:04:28 Going to coordinates X=-29.680, Y=-39.819
24.04 23:04:29 Moving is finished
24.04 23:06:05 Scanning 170 point from 578
24.04 23:06:05 Going to coordinates X=-31.000, Y=-39.779
24.04 23:06:06 Moving is finished
24.04 23:07:42 Scanning 171 point from 578
24.04 23:07:42 Going to coordinates X=-30.960, Y=-39.779
24.04 23:07:42 Moving is finished
24.04 23:09:19 Scanning 172 point from 578
24.04 23:09:19 Going to coordinates X=-30.920, Y=-39.779
24.04 23:09:19 Moving is finished
24.04 23:10:55 Scanning 173 point from 578
24.04 23:10:55 Going to coordinates X=-30.880, Y=-39.779
24.04 23:10:56 Moving is finished
24.04 23:12:32 Scanning 174 point from 578
24.04 23:12:32 Going to coordinates X=-30.840, Y=-39.779
24.04 23:12:32 Moving is finished
24.04 23:14:09 Scanning 175 point from 578
24.04 23:14:09 Going to coordinates X=-30.800, Y=-39.779
24.04 23:14:09 Moving is finished
24.04 23:15:46 Scanning 176 point from 578
24.04 23:15:46 Going to coordinates X=-30.760, Y=-39.779
24.04 23:15:46 Moving is finished
24.04 23:17:23 Scanning 177 point from 578
24.04 23:17:23 Going to coordinates X=-30.720, Y=-39.779
24.04 23:17:23 Moving is finished
24.04 23:18:59 Scanning 178 point from 578
24.04 23:18:59 Going to coordinates X=-30.680, Y=-39.779
24.04 23:19:00 Moving is finished
24.04 23:20:36 Scanning 179 point from 578
24.04 23:20:36 Going to coordinates X=-30.640, Y=-39.779
24.04 23:20:37 Moving is finished
24.04 23:22:13 Scanning 180 point from 578
24.04 23:22:13 Going to coordinates X=-30.600, Y=-39.779
24.04 23:22:13 Moving is finished
24.04 23:23:50 Scanning 181 point from 578
24.04 23:23:50 Going to coordinates X=-30.560, Y=-39.779
24.04 23:23:50 Moving is finished
24.04 23:25:26 Scanning 182 point from 578
24.04 23:25:26 Going to coordinates X=-30.520, Y=-39.779
24.04 23:25:26 Moving is finished
24.04 23:27:03 Scanning 183 point from 578
24.04 23:27:03 Going to coordinates X=-30.480, Y=-39.779
24.04 23:27:03 Moving is finished
24.04 23:28:40 Scanning 184 point from 578
24.04 23:28:40 Going to coordinates X=-30.440, Y=-39.779
24.04 23:28:40 Moving is finished
24.04 23:30:16 Scanning 185 point from 578
24.04 23:30:16 Going to coordinates X=-30.400, Y=-39.779
24.04 23:30:16 Moving is finished
24.04 23:31:53 Scanning 186 point from 578
24.04 23:31:53 Going to coordinates X=-30.360, Y=-39.779
24.04 23:31:53 Moving is finished
24.04 23:33:30 Scanning 187 point from 578
24.04 23:33:30 Going to coordinates X=-30.320, Y=-39.779
24.04 23:33:30 Moving is finished
24.04 23:35:07 Scanning 188 point from 578
24.04 23:35:07 Going to coordinates X=-30.280, Y=-39.779
24.04 23:35:07 Moving is finished
24.04 23:36:44 Scanning 189 point from 578
24.04 23:36:44 Going to coordinates X=-30.240, Y=-39.779
24.04 23:36:44 Moving is finished
24.04 23:38:20 Scanning 190 point from 578
24.04 23:38:20 Going to coordinates X=-30.200, Y=-39.779
24.04 23:38:21 Moving is finished
24.04 23:39:57 Scanning 191 point from 578
24.04 23:39:57 Going to coordinates X=-30.160, Y=-39.779
24.04 23:39:57 Moving is finished
24.04 23:41:33 Scanning 192 point from 578
24.04 23:41:33 Going to coordinates X=-30.120, Y=-39.779
24.04 23:41:33 Moving is finished
24.04 23:43:10 Scanning 193 point from 578
24.04 23:43:10 Going to coordinates X=-30.080, Y=-39.779
24.04 23:43:10 Moving is finished
24.04 23:44:46 Scanning 194 point from 578
24.04 23:44:46 Going to coordinates X=-30.040, Y=-39.779
24.04 23:44:47 Moving is finished
24.04 23:46:23 Scanning 195 point from 578
24.04 23:46:23 Going to coordinates X=-30.000, Y=-39.779
24.04 23:46:24 Moving is finished
24.04 23:48:00 Scanning 196 point from 578
24.04 23:48:00 Going to coordinates X=-29.960, Y=-39.779
24.04 23:48:00 Moving is finished
24.04 23:49:36 Scanning 197 point from 578
24.04 23:49:36 Going to coordinates X=-29.920, Y=-39.779
24.04 23:49:36 Moving is finished
24.04 23:51:13 Scanning 198 point from 578
24.04 23:51:13 Going to coordinates X=-29.880, Y=-39.779
24.04 23:51:13 Moving is finished
24.04 23:52:50 Scanning 199 point from 578
24.04 23:52:50 Going to coordinates X=-29.840, Y=-39.779
24.04 23:52:50 Moving is finished
24.04 23:54:26 Scanning 200 point from 578
24.04 23:54:26 Going to coordinates X=-29.800, Y=-39.779
24.04 23:54:26 Moving is finished
24.04 23:56:03 Scanning 201 point from 578
24.04 23:56:03 Going to coordinates X=-29.760, Y=-39.779
24.04 23:56:03 Moving is finished
24.04 23:57:39 Scanning 202 point from 578
24.04 23:57:39 Going to coordinates X=-29.720, Y=-39.779
24.04 23:57:39 Moving is finished
24.04 23:59:16 Scanning 203 point from 578
24.04 23:59:16 Going to coordinates X=-29.680, Y=-39.779
24.04 23:59:16 Moving is finished
25.04 00:00:52 Scanning 204 point from 578
25.04 00:00:52 Going to coordinates X=-31.000, Y=-39.739
25.04 00:00:53 Moving is finished
25.04 00:02:30 Scanning 205 point from 578
25.04 00:02:30 Going to coordinates X=-30.960, Y=-39.739
25.04 00:02:30 Moving is finished
25.04 00:04:07 Scanning 206 point from 578
25.04 00:04:07 Going to coordinates X=-30.920, Y=-39.739
25.04 00:04:07 Moving is finished
25.04 00:05:45 Scanning 207 point from 578
25.04 00:05:45 Going to coordinates X=-30.880, Y=-39.739
25.04 00:05:45 Moving is finished
25.04 00:07:21 Scanning 208 point from 578
25.04 00:07:21 Going to coordinates X=-30.840, Y=-39.739
25.04 00:07:21 Moving is finished
25.04 00:08:58 Scanning 209 point from 578
25.04 00:08:58 Going to coordinates X=-30.800, Y=-39.739
25.04 00:08:58 Moving is finished
25.04 00:10:35 Scanning 210 point from 578
25.04 00:10:35 Going to coordinates X=-30.760, Y=-39.739
25.04 00:10:35 Moving is finished
25.04 00:12:11 Scanning 211 point from 578
25.04 00:12:11 Going to coordinates X=-30.720, Y=-39.739
25.04 00:12:11 Moving is finished
25.04 00:13:48 Scanning 212 point from 578
25.04 00:13:48 Going to coordinates X=-30.680, Y=-39.739
25.04 00:13:48 Moving is finished
25.04 00:15:24 Scanning 213 point from 578
25.04 00:15:24 Going to coordinates X=-30.640, Y=-39.739
25.04 00:15:24 Moving is finished
25.04 00:17:01 Scanning 214 point from 578
25.04 00:17:01 Going to coordinates X=-30.600, Y=-39.739
25.04 00:17:01 Moving is finished
25.04 00:18:38 Scanning 215 point from 578
25.04 00:18:38 Going to coordinates X=-30.560, Y=-39.739
25.04 00:18:38 Moving is finished
25.04 00:20:15 Scanning 216 point from 578
25.04 00:20:15 Going to coordinates X=-30.520, Y=-39.739
25.04 00:20:15 Moving is finished
25.04 00:21:51 Scanning 217 point from 578
25.04 00:21:51 Going to coordinates X=-30.480, Y=-39.739
25.04 00:21:51 Moving is finished
25.04 00:23:28 Scanning 218 point from 578
25.04 00:23:28 Going to coordinates X=-30.440, Y=-39.739
25.04 00:23:28 Moving is finished
25.04 00:25:04 Scanning 219 point from 578
25.04 00:25:04 Going to coordinates X=-30.400, Y=-39.739
25.04 00:25:05 Moving is finished
25.04 00:26:41 Scanning 220 point from 578
25.04 00:26:41 Going to coordinates X=-30.360, Y=-39.739
25.04 00:26:41 Moving is finished
25.04 00:28:18 Scanning 221 point from 578
25.04 00:28:18 Going to coordinates X=-30.320, Y=-39.739
25.04 00:28:18 Moving is finished
25.04 00:29:55 Scanning 222 point from 578
25.04 00:29:55 Going to coordinates X=-30.280, Y=-39.739
25.04 00:29:55 Moving is finished
25.04 00:31:31 Scanning 223 point from 578
25.04 00:31:31 Going to coordinates X=-30.240, Y=-39.739
25.04 00:31:31 Moving is finished
25.04 00:33:08 Scanning 224 point from 578
25.04 00:33:08 Going to coordinates X=-30.200, Y=-39.739
25.04 00:33:08 Moving is finished
25.04 00:34:45 Scanning 225 point from 578
25.04 00:34:45 Going to coordinates X=-30.160, Y=-39.739
25.04 00:34:45 Moving is finished
25.04 00:36:21 Scanning 226 point from 578
25.04 00:36:21 Going to coordinates X=-30.120, Y=-39.739
25.04 00:36:21 Moving is finished
25.04 00:37:58 Scanning 227 point from 578
25.04 00:37:58 Going to coordinates X=-30.080, Y=-39.739
25.04 00:37:58 Moving is finished
25.04 00:39:34 Scanning 228 point from 578
25.04 00:39:34 Going to coordinates X=-30.040, Y=-39.739
25.04 00:39:35 Moving is finished
25.04 00:41:11 Scanning 229 point from 578
25.04 00:41:11 Going to coordinates X=-30.000, Y=-39.739
25.04 00:41:11 Moving is finished
25.04 00:42:48 Scanning 230 point from 578
25.04 00:42:48 Going to coordinates X=-29.960, Y=-39.739
25.04 00:42:48 Moving is finished
25.04 00:44:25 Scanning 231 point from 578
25.04 00:44:25 Going to coordinates X=-29.920, Y=-39.739
25.04 00:44:25 Moving is finished
25.04 00:46:01 Scanning 232 point from 578
25.04 00:46:01 Going to coordinates X=-29.880, Y=-39.739
25.04 00:46:01 Moving is finished
25.04 00:47:38 Scanning 233 point from 578
25.04 00:47:38 Going to coordinates X=-29.840, Y=-39.739
25.04 00:47:38 Moving is finished
25.04 00:49:14 Scanning 234 point from 578
25.04 00:49:14 Going to coordinates X=-29.800, Y=-39.739
25.04 00:49:15 Moving is finished
25.04 00:50:51 Scanning 235 point from 578
25.04 00:50:51 Going to coordinates X=-29.760, Y=-39.739
25.04 00:50:51 Moving is finished
25.04 00:52:28 Scanning 236 point from 578
25.04 00:52:28 Going to coordinates X=-29.720, Y=-39.739
25.04 00:52:28 Moving is finished
25.04 00:54:04 Scanning 237 point from 578
25.04 00:54:04 Going to coordinates X=-29.680, Y=-39.739
25.04 00:54:04 Moving is finished
25.04 00:55:41 Scanning 238 point from 578
25.04 00:55:41 Going to coordinates X=-31.000, Y=-39.699
25.04 00:55:41 Moving is finished
25.04 00:57:18 Scanning 239 point from 578
25.04 00:57:18 Going to coordinates X=-30.960, Y=-39.699
25.04 00:57:18 Moving is finished
25.04 00:58:55 Scanning 240 point from 578
25.04 00:58:55 Going to coordinates X=-30.920, Y=-39.699
25.04 00:58:55 Moving is finished
25.04 01:00:31 Scanning 241 point from 578
25.04 01:00:31 Going to coordinates X=-30.880, Y=-39.699
25.04 01:00:32 Moving is finished
25.04 01:02:08 Scanning 242 point from 578
25.04 01:02:08 Going to coordinates X=-30.840, Y=-39.699
25.04 01:02:08 Moving is finished
25.04 01:03:45 Scanning 243 point from 578
25.04 01:03:45 Going to coordinates X=-30.800, Y=-39.699
25.04 01:03:45 Moving is finished
25.04 01:05:22 Scanning 244 point from 578
25.04 01:05:22 Going to coordinates X=-30.760, Y=-39.699
25.04 01:05:22 Moving is finished
25.04 01:06:59 Scanning 245 point from 578
25.04 01:06:59 Going to coordinates X=-30.720, Y=-39.699
25.04 01:06:59 Moving is finished
25.04 01:08:36 Scanning 246 point from 578
25.04 01:08:36 Going to coordinates X=-30.680, Y=-39.699
25.04 01:08:36 Moving is finished
25.04 01:10:12 Scanning 247 point from 578
25.04 01:10:12 Going to coordinates X=-30.640, Y=-39.699
25.04 01:10:13 Moving is finished
25.04 01:11:49 Scanning 248 point from 578
25.04 01:11:49 Going to coordinates X=-30.600, Y=-39.699
25.04 01:11:49 Moving is finished
25.04 01:13:26 Scanning 249 point from 578
25.04 01:13:26 Going to coordinates X=-30.560, Y=-39.699
25.04 01:13:26 Moving is finished
25.04 01:15:03 Scanning 250 point from 578
25.04 01:15:03 Going to coordinates X=-30.520, Y=-39.699
25.04 01:15:03 Moving is finished
25.04 01:16:39 Scanning 251 point from 578
25.04 01:16:39 Going to coordinates X=-30.480, Y=-39.699
25.04 01:16:40 Moving is finished
25.04 01:18:16 Scanning 252 point from 578
25.04 01:18:16 Going to coordinates X=-30.440, Y=-39.699
25.04 01:18:16 Moving is finished
25.04 01:19:53 Scanning 253 point from 578
25.04 01:19:53 Going to coordinates X=-30.400, Y=-39.699
25.04 01:19:53 Moving is finished
25.04 01:21:31 Scanning 254 point from 578
25.04 01:21:31 Going to coordinates X=-30.360, Y=-39.699
25.04 01:21:31 Moving is finished
25.04 01:23:08 Scanning 255 point from 578
25.04 01:23:08 Going to coordinates X=-30.320, Y=-39.699
25.04 01:23:08 Moving is finished
25.04 01:24:45 Scanning 256 point from 578
25.04 01:24:45 Going to coordinates X=-30.280, Y=-39.699
25.04 01:24:45 Moving is finished
25.04 01:26:22 Scanning 257 point from 578
25.04 01:26:22 Going to coordinates X=-30.240, Y=-39.699
25.04 01:26:22 Moving is finished
25.04 01:27:58 Scanning 258 point from 578
25.04 01:27:58 Going to coordinates X=-30.200, Y=-39.699
25.04 01:27:58 Moving is finished
25.04 01:29:35 Scanning 259 point from 578
25.04 01:29:35 Going to coordinates X=-30.160, Y=-39.699
25.04 01:29:35 Moving is finished
25.04 01:31:11 Scanning 260 point from 578
25.04 01:31:11 Going to coordinates X=-30.120, Y=-39.699
25.04 01:31:12 Moving is finished
25.04 01:32:48 Scanning 261 point from 578
25.04 01:32:48 Going to coordinates X=-30.080, Y=-39.699
25.04 01:32:48 Moving is finished
25.04 01:34:25 Scanning 262 point from 578
25.04 01:34:25 Going to coordinates X=-30.040, Y=-39.699
25.04 01:34:25 Moving is finished
25.04 01:36:02 Scanning 263 point from 578
25.04 01:36:02 Going to coordinates X=-30.000, Y=-39.699
25.04 01:36:02 Moving is finished
25.04 01:37:38 Scanning 264 point from 578
25.04 01:37:38 Going to coordinates X=-29.960, Y=-39.699
25.04 01:37:38 Moving is finished
25.04 01:39:15 Scanning 265 point from 578
25.04 01:39:15 Going to coordinates X=-29.920, Y=-39.699
25.04 01:39:15 Moving is finished
25.04 01:40:52 Scanning 266 point from 578
25.04 01:40:52 Going to coordinates X=-29.880, Y=-39.699
25.04 01:40:52 Moving is finished
25.04 01:42:28 Scanning 267 point from 578
25.04 01:42:28 Going to coordinates X=-29.840, Y=-39.699
25.04 01:42:29 Moving is finished
25.04 01:44:05 Scanning 268 point from 578
25.04 01:44:05 Going to coordinates X=-29.800, Y=-39.699
25.04 01:44:05 Moving is finished
25.04 01:45:42 Scanning 269 point from 578
25.04 01:45:42 Going to coordinates X=-29.760, Y=-39.699
25.04 01:45:42 Moving is finished
25.04 01:47:18 Scanning 270 point from 578
25.04 01:47:18 Going to coordinates X=-29.720, Y=-39.699
25.04 01:47:18 Moving is finished
25.04 01:48:55 Scanning 271 point from 578
25.04 01:48:55 Going to coordinates X=-29.680, Y=-39.699
25.04 01:48:55 Moving is finished
25.04 01:50:31 Scanning 272 point from 578
25.04 01:50:31 Going to coordinates X=-31.000, Y=-39.659
25.04 01:50:32 Moving is finished
25.04 01:52:09 Scanning 273 point from 578
25.04 01:52:09 Going to coordinates X=-30.960, Y=-39.659
25.04 01:52:09 Moving is finished
25.04 01:53:46 Scanning 274 point from 578
25.04 01:53:46 Going to coordinates X=-30.920, Y=-39.659
25.04 01:53:46 Moving is finished
25.04 01:55:23 Scanning 275 point from 578
25.04 01:55:23 Going to coordinates X=-30.880, Y=-39.659
25.04 01:55:23 Moving is finished
25.04 01:57:00 Scanning 276 point from 578
25.04 01:57:00 Going to coordinates X=-30.840, Y=-39.659
25.04 01:57:00 Moving is finished
25.04 01:58:36 Scanning 277 point from 578
25.04 01:58:36 Going to coordinates X=-30.800, Y=-39.659
25.04 01:58:37 Moving is finished
25.04 02:00:13 Scanning 278 point from 578
25.04 02:00:13 Going to coordinates X=-30.760, Y=-39.659
25.04 02:00:13 Moving is finished
25.04 02:01:50 Scanning 279 point from 578
25.04 02:01:50 Going to coordinates X=-30.720, Y=-39.659
25.04 02:01:50 Moving is finished
25.04 02:03:27 Scanning 280 point from 578
25.04 02:03:27 Going to coordinates X=-30.680, Y=-39.659
25.04 02:03:27 Moving is finished
25.04 02:05:03 Scanning 281 point from 578
25.04 02:05:03 Going to coordinates X=-30.640, Y=-39.659
25.04 02:05:04 Moving is finished
25.04 02:06:40 Scanning 282 point from 578
25.04 02:06:40 Going to coordinates X=-30.600, Y=-39.659
25.04 02:06:41 Moving is finished
25.04 02:08:17 Scanning 283 point from 578
25.04 02:08:17 Going to coordinates X=-30.560, Y=-39.659
25.04 02:08:17 Moving is finished
25.04 02:09:54 Scanning 284 point from 578
25.04 02:09:54 Going to coordinates X=-30.520, Y=-39.659
25.04 02:09:54 Moving is finished
25.04 02:11:31 Scanning 285 point from 578
25.04 02:11:31 Going to coordinates X=-30.480, Y=-39.659
25.04 02:11:31 Moving is finished
25.04 02:13:07 Scanning 286 point from 578
25.04 02:13:07 Going to coordinates X=-30.440, Y=-39.659
25.04 02:13:08 Moving is finished
25.04 02:14:44 Scanning 287 point from 578
25.04 02:14:44 Going to coordinates X=-30.400, Y=-39.659
25.04 02:14:44 Moving is finished
25.04 02:16:21 Scanning 288 point from 578
25.04 02:16:21 Going to coordinates X=-30.360, Y=-39.659
25.04 02:16:21 Moving is finished
25.04 02:17:57 Scanning 289 point from 578
25.04 02:17:57 Going to coordinates X=-30.320, Y=-39.659
25.04 02:17:57 Moving is finished
25.04 02:19:34 Scanning 290 point from 578
25.04 02:19:34 Going to coordinates X=-30.280, Y=-39.659
25.04 02:19:34 Moving is finished
25.04 02:21:11 Scanning 291 point from 578
25.04 02:21:11 Going to coordinates X=-30.240, Y=-39.659
25.04 02:21:11 Moving is finished
25.04 02:22:47 Scanning 292 point from 578
25.04 02:22:47 Going to coordinates X=-30.200, Y=-39.659
25.04 02:22:47 Moving is finished
25.04 02:24:24 Scanning 293 point from 578
25.04 02:24:24 Going to coordinates X=-30.160, Y=-39.659
25.04 02:24:24 Moving is finished
25.04 02:26:00 Scanning 294 point from 578
25.04 02:26:00 Going to coordinates X=-30.120, Y=-39.659
25.04 02:26:01 Moving is finished
25.04 02:27:37 Scanning 295 point from 578
25.04 02:27:37 Going to coordinates X=-30.080, Y=-39.659
25.04 02:27:37 Moving is finished
25.04 02:29:14 Scanning 296 point from 578
25.04 02:29:14 Going to coordinates X=-30.040, Y=-39.659
25.04 02:29:14 Moving is finished
25.04 02:30:50 Scanning 297 point from 578
25.04 02:30:50 Going to coordinates X=-30.000, Y=-39.659
25.04 02:30:50 Moving is finished
25.04 02:32:27 Scanning 298 point from 578
25.04 02:32:27 Going to coordinates X=-29.960, Y=-39.659
25.04 02:32:27 Moving is finished
25.04 02:34:04 Scanning 299 point from 578
25.04 02:34:04 Going to coordinates X=-29.920, Y=-39.659
25.04 02:34:04 Moving is finished
25.04 02:35:40 Scanning 300 point from 578
25.04 02:35:40 Going to coordinates X=-29.880, Y=-39.659
25.04 02:35:41 Moving is finished
25.04 02:37:17 Scanning 301 point from 578
25.04 02:37:17 Going to coordinates X=-29.840, Y=-39.659
25.04 02:37:17 Moving is finished
25.04 02:38:53 Scanning 302 point from 578
25.04 02:38:53 Going to coordinates X=-29.800, Y=-39.659
25.04 02:38:54 Moving is finished
25.04 02:40:30 Scanning 303 point from 578
25.04 02:40:30 Going to coordinates X=-29.760, Y=-39.659
25.04 02:40:30 Moving is finished
25.04 02:42:07 Scanning 304 point from 578
25.04 02:42:07 Going to coordinates X=-29.720, Y=-39.659
25.04 02:42:08 Moving is finished
25.04 02:43:44 Scanning 305 point from 578
25.04 02:43:44 Going to coordinates X=-29.680, Y=-39.659
25.04 02:43:44 Moving is finished
25.04 02:45:20 Scanning 306 point from 578
25.04 02:45:20 Going to coordinates X=-31.000, Y=-39.619
25.04 02:45:21 Moving is finished
25.04 02:46:58 Scanning 307 point from 578
25.04 02:46:58 Going to coordinates X=-30.960, Y=-39.619
25.04 02:46:58 Moving is finished
25.04 02:48:34 Scanning 308 point from 578
25.04 02:48:34 Going to coordinates X=-30.920, Y=-39.619
25.04 02:48:35 Moving is finished
25.04 02:50:11 Scanning 309 point from 578
25.04 02:50:11 Going to coordinates X=-30.880, Y=-39.619
25.04 02:50:11 Moving is finished
25.04 02:51:48 Scanning 310 point from 578
25.04 02:51:48 Going to coordinates X=-30.840, Y=-39.619
25.04 02:51:48 Moving is finished
25.04 02:53:25 Scanning 311 point from 578
25.04 02:53:25 Going to coordinates X=-30.800, Y=-39.619
25.04 02:53:25 Moving is finished
25.04 02:55:01 Scanning 312 point from 578
25.04 02:55:01 Going to coordinates X=-30.760, Y=-39.619
25.04 02:55:01 Moving is finished
25.04 02:56:38 Scanning 313 point from 578
25.04 02:56:38 Going to coordinates X=-30.720, Y=-39.619
25.04 02:56:38 Moving is finished
25.04 02:58:14 Scanning 314 point from 578
25.04 02:58:14 Going to coordinates X=-30.680, Y=-39.619
25.04 02:58:14 Moving is finished
25.04 02:59:51 Scanning 315 point from 578
25.04 02:59:51 Going to coordinates X=-30.640, Y=-39.619
25.04 02:59:51 Moving is finished
25.04 03:01:28 Scanning 316 point from 578
25.04 03:01:28 Going to coordinates X=-30.600, Y=-39.619
25.04 03:01:28 Moving is finished
25.04 03:03:05 Scanning 317 point from 578
25.04 03:03:05 Going to coordinates X=-30.560, Y=-39.619
25.04 03:03:05 Moving is finished
25.04 03:04:42 Scanning 318 point from 578
25.04 03:04:42 Going to coordinates X=-30.520, Y=-39.619
25.04 03:04:42 Moving is finished
25.04 03:06:19 Scanning 319 point from 578
25.04 03:06:19 Going to coordinates X=-30.480, Y=-39.619
25.04 03:06:19 Moving is finished
25.04 03:07:56 Scanning 320 point from 578
25.04 03:07:56 Going to coordinates X=-30.440, Y=-39.619
25.04 03:07:56 Moving is finished
25.04 03:09:33 Scanning 321 point from 578
25.04 03:09:33 Going to coordinates X=-30.400, Y=-39.619
25.04 03:09:33 Moving is finished
25.04 03:11:09 Scanning 322 point from 578
25.04 03:11:09 Going to coordinates X=-30.360, Y=-39.619
25.04 03:11:09 Moving is finished
25.04 03:12:46 Scanning 323 point from 578
25.04 03:12:46 Going to coordinates X=-30.320, Y=-39.619
25.04 03:12:46 Moving is finished
25.04 03:14:23 Scanning 324 point from 578
25.04 03:14:23 Going to coordinates X=-30.280, Y=-39.619
25.04 03:14:23 Moving is finished
25.04 03:15:59 Scanning 325 point from 578
25.04 03:15:59 Going to coordinates X=-30.240, Y=-39.619
25.04 03:16:00 Moving is finished
25.04 03:17:36 Scanning 326 point from 578
25.04 03:17:36 Going to coordinates X=-30.200, Y=-39.619
25.04 03:17:36 Moving is finished
25.04 03:19:13 Scanning 327 point from 578
25.04 03:19:13 Going to coordinates X=-30.160, Y=-39.619
25.04 03:19:13 Moving is finished
25.04 03:20:50 Scanning 328 point from 578
25.04 03:20:50 Going to coordinates X=-30.120, Y=-39.619
25.04 03:20:50 Moving is finished
25.04 03:22:27 Scanning 329 point from 578
25.04 03:22:27 Going to coordinates X=-30.080, Y=-39.619
25.04 03:22:27 Moving is finished
25.04 03:24:04 Scanning 330 point from 578
25.04 03:24:04 Going to coordinates X=-30.040, Y=-39.619
25.04 03:24:04 Moving is finished
25.04 03:25:41 Scanning 331 point from 578
25.04 03:25:41 Going to coordinates X=-30.000, Y=-39.619
25.04 03:25:41 Moving is finished
25.04 03:27:17 Scanning 332 point from 578
25.04 03:27:17 Going to coordinates X=-29.960, Y=-39.619
25.04 03:27:17 Moving is finished
25.04 03:28:54 Scanning 333 point from 578
25.04 03:28:54 Going to coordinates X=-29.920, Y=-39.619
25.04 03:28:54 Moving is finished
25.04 03:30:30 Scanning 334 point from 578
25.04 03:30:30 Going to coordinates X=-29.880, Y=-39.619
25.04 03:30:30 Moving is finished
25.04 03:32:07 Scanning 335 point from 578
25.04 03:32:07 Going to coordinates X=-29.840, Y=-39.619
25.04 03:32:07 Moving is finished
25.04 03:33:44 Scanning 336 point from 578
25.04 03:33:44 Going to coordinates X=-29.800, Y=-39.619
25.04 03:33:44 Moving is finished
25.04 03:35:20 Scanning 337 point from 578
25.04 03:35:20 Going to coordinates X=-29.760, Y=-39.619
25.04 03:35:21 Moving is finished
25.04 03:36:57 Scanning 338 point from 578
25.04 03:36:57 Going to coordinates X=-29.720, Y=-39.619
25.04 03:36:57 Moving is finished
25.04 03:38:34 Scanning 339 point from 578
25.04 03:38:34 Going to coordinates X=-29.680, Y=-39.619
25.04 03:38:34 Moving is finished
25.04 03:40:11 Scanning 340 point from 578
25.04 03:40:11 Going to coordinates X=-31.000, Y=-39.579
25.04 03:40:12 Moving is finished
25.04 03:41:48 Scanning 341 point from 578
25.04 03:41:48 Going to coordinates X=-30.960, Y=-39.579
25.04 03:41:49 Moving is finished
25.04 03:43:25 Scanning 342 point from 578
25.04 03:43:25 Going to coordinates X=-30.920, Y=-39.579
25.04 03:43:25 Moving is finished
25.04 03:45:02 Scanning 343 point from 578
25.04 03:45:02 Going to coordinates X=-30.880, Y=-39.579
25.04 03:45:02 Moving is finished
25.04 03:46:38 Scanning 344 point from 578
25.04 03:46:38 Going to coordinates X=-30.840, Y=-39.579
25.04 03:46:39 Moving is finished
25.04 03:48:15 Scanning 345 point from 578
25.04 03:48:15 Going to coordinates X=-30.800, Y=-39.579
25.04 03:48:15 Moving is finished
25.04 03:49:52 Scanning 346 point from 578
25.04 03:49:52 Going to coordinates X=-30.760, Y=-39.579
25.04 03:49:52 Moving is finished
25.04 03:51:28 Scanning 347 point from 578
25.04 03:51:28 Going to coordinates X=-30.720, Y=-39.579
25.04 03:51:29 Moving is finished
25.04 03:53:05 Scanning 348 point from 578
25.04 03:53:05 Going to coordinates X=-30.680, Y=-39.579
25.04 03:53:05 Moving is finished
25.04 03:54:42 Scanning 349 point from 578
25.04 03:54:42 Going to coordinates X=-30.640, Y=-39.579
25.04 03:54:42 Moving is finished
25.04 03:56:18 Scanning 350 point from 578
25.04 03:56:18 Going to coordinates X=-30.600, Y=-39.579
25.04 03:56:19 Moving is finished
25.04 03:57:55 Scanning 351 point from 578
25.04 03:57:55 Going to coordinates X=-30.560, Y=-39.579
25.04 03:57:55 Moving is finished
25.04 03:59:31 Scanning 352 point from 578
25.04 03:59:31 Going to coordinates X=-30.520, Y=-39.579
25.04 03:59:32 Moving is finished
25.04 04:01:08 Scanning 353 point from 578
25.04 04:01:08 Going to coordinates X=-30.480, Y=-39.579
25.04 04:01:09 Moving is finished
25.04 04:02:45 Scanning 354 point from 578
25.04 04:02:45 Going to coordinates X=-30.440, Y=-39.579
25.04 04:02:45 Moving is finished
25.04 04:04:21 Scanning 355 point from 578
25.04 04:04:21 Going to coordinates X=-30.400, Y=-39.579
25.04 04:04:22 Moving is finished
25.04 04:05:58 Scanning 356 point from 578
25.04 04:05:58 Going to coordinates X=-30.360, Y=-39.579
25.04 04:05:59 Moving is finished
25.04 04:07:35 Scanning 357 point from 578
25.04 04:07:35 Going to coordinates X=-30.320, Y=-39.579
25.04 04:07:35 Moving is finished
25.04 04:09:12 Scanning 358 point from 578
25.04 04:09:12 Going to coordinates X=-30.280, Y=-39.579
25.04 04:09:12 Moving is finished
25.04 04:10:49 Scanning 359 point from 578
25.04 04:10:49 Going to coordinates X=-30.240, Y=-39.579
25.04 04:10:49 Moving is finished
25.04 04:12:25 Scanning 360 point from 578
25.04 04:12:25 Going to coordinates X=-30.200, Y=-39.579
25.04 04:12:26 Moving is finished
25.04 04:14:02 Scanning 361 point from 578
25.04 04:14:02 Going to coordinates X=-30.160, Y=-39.579
25.04 04:14:02 Moving is finished
25.04 04:15:39 Scanning 362 point from 578
25.04 04:15:39 Going to coordinates X=-30.120, Y=-39.579
25.04 04:15:39 Moving is finished
25.04 04:17:16 Scanning 363 point from 578
25.04 04:17:16 Going to coordinates X=-30.080, Y=-39.579
25.04 04:17:16 Moving is finished
25.04 04:18:53 Scanning 364 point from 578
25.04 04:18:53 Going to coordinates X=-30.040, Y=-39.579
25.04 04:18:53 Moving is finished
25.04 04:20:29 Scanning 365 point from 578
25.04 04:20:29 Going to coordinates X=-30.000, Y=-39.579
25.04 04:20:30 Moving is finished
25.04 04:22:06 Scanning 366 point from 578
25.04 04:22:06 Going to coordinates X=-29.960, Y=-39.579
25.04 04:22:06 Moving is finished
25.04 04:23:44 Scanning 367 point from 578
25.04 04:23:44 Going to coordinates X=-29.920, Y=-39.579
25.04 04:23:44 Moving is finished
25.04 04:25:20 Scanning 368 point from 578
25.04 04:25:20 Going to coordinates X=-29.880, Y=-39.579
25.04 04:25:20 Moving is finished
25.04 04:26:57 Scanning 369 point from 578
25.04 04:26:57 Going to coordinates X=-29.840, Y=-39.579
25.04 04:26:58 Moving is finished
25.04 04:28:34 Scanning 370 point from 578
25.04 04:28:34 Going to coordinates X=-29.800, Y=-39.579
25.04 04:28:34 Moving is finished
25.04 04:30:11 Scanning 371 point from 578
25.04 04:30:11 Going to coordinates X=-29.760, Y=-39.579
25.04 04:30:11 Moving is finished
25.04 04:31:47 Scanning 372 point from 578
25.04 04:31:47 Going to coordinates X=-29.720, Y=-39.579
25.04 04:31:48 Moving is finished
25.04 04:33:24 Scanning 373 point from 578
25.04 04:33:24 Going to coordinates X=-29.680, Y=-39.579
25.04 04:33:24 Moving is finished
25.04 04:35:01 Scanning 374 point from 578
25.04 04:35:01 Going to coordinates X=-31.000, Y=-39.539
25.04 04:35:02 Moving is finished
25.04 04:36:38 Scanning 375 point from 578
25.04 04:36:38 Going to coordinates X=-30.960, Y=-39.539
25.04 04:36:38 Moving is finished
25.04 04:38:15 Scanning 376 point from 578
25.04 04:38:15 Going to coordinates X=-30.920, Y=-39.539
25.04 04:38:15 Moving is finished
25.04 04:39:52 Scanning 377 point from 578
25.04 04:39:52 Going to coordinates X=-30.880, Y=-39.539
25.04 04:39:52 Moving is finished
25.04 04:41:28 Scanning 378 point from 578
25.04 04:41:28 Going to coordinates X=-30.840, Y=-39.539
25.04 04:41:28 Moving is finished
25.04 04:43:05 Scanning 379 point from 578
25.04 04:43:05 Going to coordinates X=-30.800, Y=-39.539
25.04 04:43:05 Moving is finished
25.04 04:44:41 Scanning 380 point from 578
25.04 04:44:41 Going to coordinates X=-30.760, Y=-39.539
25.04 04:44:41 Moving is finished
25.04 04:46:18 Scanning 381 point from 578
25.04 04:46:18 Going to coordinates X=-30.720, Y=-39.539
25.04 04:46:18 Moving is finished
25.04 04:47:55 Scanning 382 point from 578
25.04 04:47:55 Going to coordinates X=-30.680, Y=-39.539
25.04 04:47:55 Moving is finished
25.04 04:49:31 Scanning 383 point from 578
25.04 04:49:31 Going to coordinates X=-30.640, Y=-39.539
25.04 04:49:32 Moving is finished
25.04 04:51:08 Scanning 384 point from 578
25.04 04:51:08 Going to coordinates X=-30.600, Y=-39.539
25.04 04:51:09 Moving is finished
25.04 04:52:45 Scanning 385 point from 578
25.04 04:52:45 Going to coordinates X=-30.560, Y=-39.539
25.04 04:52:45 Moving is finished
25.04 04:54:21 Scanning 386 point from 578
25.04 04:54:21 Going to coordinates X=-30.520, Y=-39.539
25.04 04:54:22 Moving is finished
25.04 04:55:59 Scanning 387 point from 578
25.04 04:55:59 Going to coordinates X=-30.480, Y=-39.539
25.04 04:55:59 Moving is finished
25.04 04:57:36 Scanning 388 point from 578
25.04 04:57:36 Going to coordinates X=-30.440, Y=-39.539
25.04 04:57:36 Moving is finished
25.04 04:59:13 Scanning 389 point from 578
25.04 04:59:13 Going to coordinates X=-30.400, Y=-39.539
25.04 04:59:13 Moving is finished
25.04 05:00:49 Scanning 390 point from 578
25.04 05:00:49 Going to coordinates X=-30.360, Y=-39.539
25.04 05:00:50 Moving is finished
25.04 05:02:26 Scanning 391 point from 578
25.04 05:02:26 Going to coordinates X=-30.320, Y=-39.539
25.04 05:02:26 Moving is finished
25.04 05:04:03 Scanning 392 point from 578
25.04 05:04:03 Going to coordinates X=-30.280, Y=-39.539
25.04 05:04:03 Moving is finished
25.04 05:05:40 Scanning 393 point from 578
25.04 05:05:40 Going to coordinates X=-30.240, Y=-39.539
25.04 05:05:40 Moving is finished
25.04 05:07:16 Scanning 394 point from 578
25.04 05:07:16 Going to coordinates X=-30.200, Y=-39.539
25.04 05:07:16 Moving is finished
25.04 05:08:53 Scanning 395 point from 578
25.04 05:08:53 Going to coordinates X=-30.160, Y=-39.539
25.04 05:08:53 Moving is finished
25.04 05:10:29 Scanning 396 point from 578
25.04 05:10:29 Going to coordinates X=-30.120, Y=-39.539
25.04 05:10:30 Moving is finished
25.04 05:12:06 Scanning 397 point from 578
25.04 05:12:06 Going to coordinates X=-30.080, Y=-39.539
25.04 05:12:06 Moving is finished
25.04 05:13:42 Scanning 398 point from 578
25.04 05:13:42 Going to coordinates X=-30.040, Y=-39.539
25.04 05:13:43 Moving is finished
25.04 05:15:19 Scanning 399 point from 578
25.04 05:15:19 Going to coordinates X=-30.000, Y=-39.539
25.04 05:15:19 Moving is finished
25.04 05:16:56 Scanning 400 point from 578
25.04 05:16:56 Going to coordinates X=-29.960, Y=-39.539
25.04 05:16:56 Moving is finished
25.04 05:18:32 Scanning 401 point from 578
25.04 05:18:32 Going to coordinates X=-29.920, Y=-39.539
25.04 05:18:32 Moving is finished
25.04 05:20:09 Scanning 402 point from 578
25.04 05:20:09 Going to coordinates X=-29.880, Y=-39.539
25.04 05:20:09 Moving is finished
25.04 05:21:45 Scanning 403 point from 578
25.04 05:21:45 Going to coordinates X=-29.840, Y=-39.539
25.04 05:21:45 Moving is finished
25.04 05:23:22 Scanning 404 point from 578
25.04 05:23:22 Going to coordinates X=-29.800, Y=-39.539
25.04 05:23:22 Moving is finished
25.04 05:24:58 Scanning 405 point from 578
25.04 05:24:58 Going to coordinates X=-29.760, Y=-39.539
25.04 05:24:58 Moving is finished
25.04 05:26:35 Scanning 406 point from 578
25.04 05:26:35 Going to coordinates X=-29.720, Y=-39.539
25.04 05:26:35 Moving is finished
25.04 05:28:11 Scanning 407 point from 578
25.04 05:28:11 Going to coordinates X=-29.680, Y=-39.539
25.04 05:28:11 Moving is finished
25.04 05:29:48 Scanning 408 point from 578
25.04 05:29:48 Going to coordinates X=-31.000, Y=-39.499
25.04 05:29:49 Moving is finished
25.04 05:31:25 Scanning 409 point from 578
25.04 05:31:25 Going to coordinates X=-30.960, Y=-39.499
25.04 05:31:26 Moving is finished
25.04 05:33:02 Scanning 410 point from 578
25.04 05:33:02 Going to coordinates X=-30.920, Y=-39.499
25.04 05:33:02 Moving is finished
25.04 05:34:39 Scanning 411 point from 578
25.04 05:34:39 Going to coordinates X=-30.880, Y=-39.499
25.04 05:34:39 Moving is finished
25.04 05:36:15 Scanning 412 point from 578
25.04 05:36:15 Going to coordinates X=-30.840, Y=-39.499
25.04 05:36:15 Moving is finished
25.04 05:37:52 Scanning 413 point from 578
25.04 05:37:52 Going to coordinates X=-30.800, Y=-39.499
25.04 05:37:52 Moving is finished
25.04 05:39:28 Scanning 414 point from 578
25.04 05:39:28 Going to coordinates X=-30.760, Y=-39.499
25.04 05:39:29 Moving is finished
25.04 05:41:05 Scanning 415 point from 578
25.04 05:41:05 Going to coordinates X=-30.720, Y=-39.499
25.04 05:41:05 Moving is finished
25.04 05:42:41 Scanning 416 point from 578
25.04 05:42:41 Going to coordinates X=-30.680, Y=-39.499
25.04 05:42:42 Moving is finished
25.04 05:44:18 Scanning 417 point from 578
25.04 05:44:18 Going to coordinates X=-30.640, Y=-39.499
25.04 05:44:18 Moving is finished
25.04 05:45:55 Scanning 418 point from 578
25.04 05:45:55 Going to coordinates X=-30.600, Y=-39.499
25.04 05:45:55 Moving is finished
25.04 05:47:32 Scanning 419 point from 578
25.04 05:47:32 Going to coordinates X=-30.560, Y=-39.499
25.04 05:47:32 Moving is finished
25.04 05:49:09 Scanning 420 point from 578
25.04 05:49:09 Going to coordinates X=-30.520, Y=-39.499
25.04 05:49:09 Moving is finished
25.04 05:50:46 Scanning 421 point from 578
25.04 05:50:46 Going to coordinates X=-30.480, Y=-39.499
25.04 05:50:46 Moving is finished
25.04 05:52:22 Scanning 422 point from 578
25.04 05:52:22 Going to coordinates X=-30.440, Y=-39.499
25.04 05:52:23 Moving is finished
25.04 05:53:59 Scanning 423 point from 578
25.04 05:53:59 Going to coordinates X=-30.400, Y=-39.499
25.04 05:53:59 Moving is finished
25.04 05:55:36 Scanning 424 point from 578
25.04 05:55:36 Going to coordinates X=-30.360, Y=-39.499
25.04 05:55:36 Moving is finished
25.04 05:57:13 Scanning 425 point from 578
25.04 05:57:13 Going to coordinates X=-30.320, Y=-39.499
25.04 05:57:13 Moving is finished
25.04 05:58:49 Scanning 426 point from 578
25.04 05:58:49 Going to coordinates X=-30.280, Y=-39.499
25.04 05:58:50 Moving is finished
25.04 06:00:26 Scanning 427 point from 578
25.04 06:00:26 Going to coordinates X=-30.240, Y=-39.499
25.04 06:00:26 Moving is finished
25.04 06:02:03 Scanning 428 point from 578
25.04 06:02:03 Going to coordinates X=-30.200, Y=-39.499
25.04 06:02:03 Moving is finished
25.04 06:03:40 Scanning 429 point from 578
25.04 06:03:40 Going to coordinates X=-30.160, Y=-39.499
25.04 06:03:40 Moving is finished
25.04 06:05:17 Scanning 430 point from 578
25.04 06:05:17 Going to coordinates X=-30.120, Y=-39.499
25.04 06:05:18 Moving is finished
25.04 06:06:54 Scanning 431 point from 578
25.04 06:06:54 Going to coordinates X=-30.080, Y=-39.499
25.04 06:06:54 Moving is finished
25.04 06:08:31 Scanning 432 point from 578
25.04 06:08:31 Going to coordinates X=-30.040, Y=-39.499
25.04 06:08:31 Moving is finished
25.04 06:10:08 Scanning 433 point from 578
25.04 06:10:08 Going to coordinates X=-30.000, Y=-39.499
25.04 06:10:08 Moving is finished
25.04 06:11:45 Scanning 434 point from 578
25.04 06:11:45 Going to coordinates X=-29.960, Y=-39.499
25.04 06:11:45 Moving is finished
25.04 06:13:21 Scanning 435 point from 578
25.04 06:13:21 Going to coordinates X=-29.920, Y=-39.499
25.04 06:13:21 Moving is finished
25.04 06:14:58 Scanning 436 point from 578
25.04 06:14:58 Going to coordinates X=-29.880, Y=-39.499
25.04 06:14:59 Moving is finished
25.04 06:16:35 Scanning 437 point from 578
25.04 06:16:35 Going to coordinates X=-29.840, Y=-39.499
25.04 06:16:35 Moving is finished
25.04 06:18:12 Scanning 438 point from 578
25.04 06:18:12 Going to coordinates X=-29.800, Y=-39.499
25.04 06:18:12 Moving is finished
25.04 06:19:49 Scanning 439 point from 578
25.04 06:19:49 Going to coordinates X=-29.760, Y=-39.499
25.04 06:19:49 Moving is finished
25.04 06:21:25 Scanning 440 point from 578
25.04 06:21:25 Going to coordinates X=-29.720, Y=-39.499
25.04 06:21:25 Moving is finished
25.04 06:23:02 Scanning 441 point from 578
25.04 06:23:02 Going to coordinates X=-29.680, Y=-39.499
25.04 06:23:02 Moving is finished
25.04 06:24:38 Scanning 442 point from 578
25.04 06:24:38 Going to coordinates X=-31.000, Y=-39.459
25.04 06:24:39 Moving is finished
25.04 06:26:15 Scanning 443 point from 578
25.04 06:26:15 Going to coordinates X=-30.960, Y=-39.459
25.04 06:26:16 Moving is finished
25.04 06:27:52 Scanning 444 point from 578
25.04 06:27:52 Going to coordinates X=-30.920, Y=-39.459
25.04 06:27:52 Moving is finished
25.04 06:29:29 Scanning 445 point from 578
25.04 06:29:29 Going to coordinates X=-30.880, Y=-39.459
25.04 06:29:29 Moving is finished
25.04 06:31:06 Scanning 446 point from 578
25.04 06:31:06 Going to coordinates X=-30.840, Y=-39.459
25.04 06:31:06 Moving is finished
25.04 06:32:43 Scanning 447 point from 578
25.04 06:32:43 Going to coordinates X=-30.800, Y=-39.459
25.04 06:32:43 Moving is finished
25.04 06:34:20 Scanning 448 point from 578
25.04 06:34:20 Going to coordinates X=-30.760, Y=-39.459
25.04 06:34:20 Moving is finished
25.04 06:35:56 Scanning 449 point from 578
25.04 06:35:56 Going to coordinates X=-30.720, Y=-39.459
25.04 06:35:56 Moving is finished
25.04 06:37:33 Scanning 450 point from 578
25.04 06:37:33 Going to coordinates X=-30.680, Y=-39.459
25.04 06:37:33 Moving is finished
25.04 06:39:09 Scanning 451 point from 578
25.04 06:39:09 Going to coordinates X=-30.640, Y=-39.459
25.04 06:39:09 Moving is finished
25.04 06:40:46 Scanning 452 point from 578
25.04 06:40:46 Going to coordinates X=-30.600, Y=-39.459
25.04 06:40:46 Moving is finished
25.04 06:42:22 Scanning 453 point from 578
25.04 06:42:22 Going to coordinates X=-30.560, Y=-39.459
25.04 06:42:23 Moving is finished
25.04 06:43:59 Scanning 454 point from 578
25.04 06:43:59 Going to coordinates X=-30.520, Y=-39.459
25.04 06:43:59 Moving is finished
25.04 06:45:36 Scanning 455 point from 578
25.04 06:45:36 Going to coordinates X=-30.480, Y=-39.459
25.04 06:45:36 Moving is finished
25.04 06:47:13 Scanning 456 point from 578
25.04 06:47:13 Going to coordinates X=-30.440, Y=-39.459
25.04 06:47:13 Moving is finished
25.04 06:48:49 Scanning 457 point from 578
25.04 06:48:49 Going to coordinates X=-30.400, Y=-39.459
25.04 06:48:49 Moving is finished
25.04 06:50:26 Scanning 458 point from 578
25.04 06:50:26 Going to coordinates X=-30.360, Y=-39.459
25.04 06:50:26 Moving is finished
25.04 06:52:03 Scanning 459 point from 578
25.04 06:52:03 Going to coordinates X=-30.320, Y=-39.459
25.04 06:52:03 Moving is finished
25.04 06:53:40 Scanning 460 point from 578
25.04 06:53:40 Going to coordinates X=-30.280, Y=-39.459
25.04 06:53:40 Moving is finished
25.04 06:55:16 Scanning 461 point from 578
25.04 06:55:16 Going to coordinates X=-30.240, Y=-39.459
25.04 06:55:16 Moving is finished
25.04 06:56:53 Scanning 462 point from 578
25.04 06:56:53 Going to coordinates X=-30.200, Y=-39.459
25.04 06:56:53 Moving is finished
25.04 06:58:29 Scanning 463 point from 578
25.04 06:58:29 Going to coordinates X=-30.160, Y=-39.459
25.04 06:58:30 Moving is finished
25.04 07:00:06 Scanning 464 point from 578
25.04 07:00:06 Going to coordinates X=-30.120, Y=-39.459
25.04 07:00:06 Moving is finished
25.04 07:01:43 Scanning 465 point from 578
25.04 07:01:43 Going to coordinates X=-30.080, Y=-39.459
25.04 07:01:43 Moving is finished
25.04 07:03:19 Scanning 466 point from 578
25.04 07:03:19 Going to coordinates X=-30.040, Y=-39.459
25.04 07:03:19 Moving is finished
25.04 07:04:56 Scanning 467 point from 578
25.04 07:04:56 Going to coordinates X=-30.000, Y=-39.459
25.04 07:04:56 Moving is finished
25.04 07:06:32 Scanning 468 point from 578
25.04 07:06:32 Going to coordinates X=-29.960, Y=-39.459
25.04 07:06:32 Moving is finished
25.04 07:08:09 Scanning 469 point from 578
25.04 07:08:09 Going to coordinates X=-29.920, Y=-39.459
25.04 07:08:09 Moving is finished
25.04 07:09:46 Scanning 470 point from 578
25.04 07:09:46 Going to coordinates X=-29.880, Y=-39.459
25.04 07:09:46 Moving is finished
25.04 07:11:23 Scanning 471 point from 578
25.04 07:11:23 Going to coordinates X=-29.840, Y=-39.459
25.04 07:11:23 Moving is finished
25.04 07:13:00 Scanning 472 point from 578
25.04 07:13:00 Going to coordinates X=-29.800, Y=-39.459
25.04 07:13:00 Moving is finished
25.04 07:14:36 Scanning 473 point from 578
25.04 07:14:36 Going to coordinates X=-29.760, Y=-39.459
25.04 07:14:37 Moving is finished
25.04 07:16:13 Scanning 474 point from 578
25.04 07:16:13 Going to coordinates X=-29.720, Y=-39.459
25.04 07:16:13 Moving is finished
25.04 07:17:50 Scanning 475 point from 578
25.04 07:17:50 Going to coordinates X=-29.680, Y=-39.459
25.04 07:17:50 Moving is finished
25.04 07:19:26 Scanning 476 point from 578
25.04 07:19:26 Going to coordinates X=-31.000, Y=-39.419
25.04 07:19:27 Moving is finished
25.04 07:21:04 Scanning 477 point from 578
25.04 07:21:04 Going to coordinates X=-30.960, Y=-39.419
25.04 07:21:04 Moving is finished
25.04 07:22:41 Scanning 478 point from 578
25.04 07:22:41 Going to coordinates X=-30.920, Y=-39.419
25.04 07:22:41 Moving is finished
25.04 07:24:18 Scanning 479 point from 578
25.04 07:24:18 Going to coordinates X=-30.880, Y=-39.419
25.04 07:24:18 Moving is finished
25.04 07:25:55 Scanning 480 point from 578
25.04 07:25:55 Going to coordinates X=-30.840, Y=-39.419
25.04 07:25:55 Moving is finished
25.04 07:27:31 Scanning 481 point from 578
25.04 07:27:31 Going to coordinates X=-30.800, Y=-39.419
25.04 07:27:31 Moving is finished
25.04 07:29:08 Scanning 482 point from 578
25.04 07:29:08 Going to coordinates X=-30.760, Y=-39.419
25.04 07:29:08 Moving is finished
25.04 07:30:45 Scanning 483 point from 578
25.04 07:30:45 Going to coordinates X=-30.720, Y=-39.419
25.04 07:30:45 Moving is finished
25.04 07:32:21 Scanning 484 point from 578
25.04 07:32:21 Going to coordinates X=-30.680, Y=-39.419
25.04 07:32:21 Moving is finished
25.04 07:33:58 Scanning 485 point from 578
25.04 07:33:58 Going to coordinates X=-30.640, Y=-39.419
25.04 07:33:58 Moving is finished
25.04 07:35:35 Scanning 486 point from 578
25.04 07:35:35 Going to coordinates X=-30.600, Y=-39.419
25.04 07:35:35 Moving is finished
25.04 07:37:12 Scanning 487 point from 578
25.04 07:37:12 Going to coordinates X=-30.560, Y=-39.419
25.04 07:37:12 Moving is finished
25.04 07:38:49 Scanning 488 point from 578
25.04 07:38:49 Going to coordinates X=-30.520, Y=-39.419
25.04 07:38:49 Moving is finished
25.04 07:40:26 Scanning 489 point from 578
25.04 07:40:26 Going to coordinates X=-30.480, Y=-39.419
25.04 07:40:26 Moving is finished
25.04 07:42:02 Scanning 490 point from 578
25.04 07:42:02 Going to coordinates X=-30.440, Y=-39.419
25.04 07:42:03 Moving is finished
25.04 07:43:39 Scanning 491 point from 578
25.04 07:43:39 Going to coordinates X=-30.400, Y=-39.419
25.04 07:43:39 Moving is finished
25.04 07:45:16 Scanning 492 point from 578
25.04 07:45:16 Going to coordinates X=-30.360, Y=-39.419
25.04 07:45:16 Moving is finished
25.04 07:46:52 Scanning 493 point from 578
25.04 07:46:52 Going to coordinates X=-30.320, Y=-39.419
25.04 07:46:53 Moving is finished
25.04 07:48:29 Scanning 494 point from 578
25.04 07:48:29 Going to coordinates X=-30.280, Y=-39.419
25.04 07:48:29 Moving is finished
25.04 07:50:06 Scanning 495 point from 578
25.04 07:50:06 Going to coordinates X=-30.240, Y=-39.419
25.04 07:50:06 Moving is finished
25.04 07:51:43 Scanning 496 point from 578
25.04 07:51:43 Going to coordinates X=-30.200, Y=-39.419
25.04 07:51:43 Moving is finished
25.04 07:53:19 Scanning 497 point from 578
25.04 07:53:19 Going to coordinates X=-30.160, Y=-39.419
25.04 07:53:19 Moving is finished
25.04 07:54:56 Scanning 498 point from 578
25.04 07:54:56 Going to coordinates X=-30.120, Y=-39.419
25.04 07:54:56 Moving is finished
25.04 07:56:32 Scanning 499 point from 578
25.04 07:56:32 Going to coordinates X=-30.080, Y=-39.419
25.04 07:56:32 Moving is finished
25.04 07:58:09 Scanning 500 point from 578
25.04 07:58:09 Going to coordinates X=-30.040, Y=-39.419
25.04 07:58:09 Moving is finished
25.04 07:59:46 Scanning 501 point from 578
25.04 07:59:46 Going to coordinates X=-30.000, Y=-39.419
25.04 07:59:46 Moving is finished
25.04 08:01:23 Scanning 502 point from 578
25.04 08:01:23 Going to coordinates X=-29.960, Y=-39.419
25.04 08:01:23 Moving is finished
25.04 08:03:00 Scanning 503 point from 578
25.04 08:03:00 Going to coordinates X=-29.920, Y=-39.419
25.04 08:03:00 Moving is finished
25.04 08:04:36 Scanning 504 point from 578
25.04 08:04:36 Going to coordinates X=-29.880, Y=-39.419
25.04 08:04:37 Moving is finished
25.04 08:06:13 Scanning 505 point from 578
25.04 08:06:13 Going to coordinates X=-29.840, Y=-39.419
25.04 08:06:13 Moving is finished
25.04 08:07:50 Scanning 506 point from 578
25.04 08:07:50 Going to coordinates X=-29.800, Y=-39.419
25.04 08:07:50 Moving is finished
25.04 08:09:27 Scanning 507 point from 578
25.04 08:09:27 Going to coordinates X=-29.760, Y=-39.419
25.04 08:09:27 Moving is finished
25.04 08:11:04 Scanning 508 point from 578
25.04 08:11:04 Going to coordinates X=-29.720, Y=-39.419
25.04 08:11:04 Moving is finished
25.04 08:12:41 Scanning 509 point from 578
25.04 08:12:41 Going to coordinates X=-29.680, Y=-39.419
25.04 08:12:41 Moving is finished
25.04 08:14:17 Scanning 510 point from 578
25.04 08:14:17 Going to coordinates X=-31.000, Y=-39.379
25.04 08:14:18 Moving is finished
25.04 08:15:54 Scanning 511 point from 578
25.04 08:15:54 Going to coordinates X=-30.960, Y=-39.379
25.04 08:15:55 Moving is finished
25.04 08:17:31 Scanning 512 point from 578
25.04 08:17:31 Going to coordinates X=-30.920, Y=-39.379
25.04 08:17:31 Moving is finished
25.04 08:19:07 Scanning 513 point from 578
25.04 08:19:07 Going to coordinates X=-30.880, Y=-39.379
25.04 08:19:08 Moving is finished
25.04 08:20:44 Scanning 514 point from 578
25.04 08:20:44 Going to coordinates X=-30.840, Y=-39.379
25.04 08:20:44 Moving is finished
25.04 08:22:21 Scanning 515 point from 578
25.04 08:22:21 Going to coordinates X=-30.800, Y=-39.379
25.04 08:22:21 Moving is finished
25.04 08:23:57 Scanning 516 point from 578
25.04 08:23:57 Going to coordinates X=-30.760, Y=-39.379
25.04 08:23:58 Moving is finished
25.04 08:25:34 Scanning 517 point from 578
25.04 08:25:34 Going to coordinates X=-30.720, Y=-39.379
25.04 08:25:34 Moving is finished
25.04 08:27:10 Scanning 518 point from 578
25.04 08:27:10 Going to coordinates X=-30.680, Y=-39.379
25.04 08:27:11 Moving is finished
25.04 08:28:47 Scanning 519 point from 578
25.04 08:28:47 Going to coordinates X=-30.640, Y=-39.379
25.04 08:28:47 Moving is finished
25.04 08:30:23 Scanning 520 point from 578
25.04 08:30:23 Going to coordinates X=-30.600, Y=-39.379
25.04 08:30:24 Moving is finished
25.04 08:32:00 Scanning 521 point from 578
25.04 08:32:00 Going to coordinates X=-30.560, Y=-39.379
25.04 08:32:00 Moving is finished
25.04 08:33:37 Scanning 522 point from 578
25.04 08:33:37 Going to coordinates X=-30.520, Y=-39.379
25.04 08:33:37 Moving is finished
25.04 08:35:14 Scanning 523 point from 578
25.04 08:35:14 Going to coordinates X=-30.480, Y=-39.379
25.04 08:35:14 Moving is finished
25.04 08:36:51 Scanning 524 point from 578
25.04 08:36:51 Going to coordinates X=-30.440, Y=-39.379
25.04 08:36:51 Moving is finished
25.04 08:38:28 Scanning 525 point from 578
25.04 08:38:28 Going to coordinates X=-30.400, Y=-39.379
25.04 08:38:28 Moving is finished
25.04 08:40:05 Scanning 526 point from 578
25.04 08:40:05 Going to coordinates X=-30.360, Y=-39.379
25.04 08:40:05 Moving is finished
25.04 08:41:41 Scanning 527 point from 578
25.04 08:41:41 Going to coordinates X=-30.320, Y=-39.379
25.04 08:41:41 Moving is finished
25.04 08:43:18 Scanning 528 point from 578
25.04 08:43:18 Going to coordinates X=-30.280, Y=-39.379
25.04 08:43:18 Moving is finished
25.04 08:44:54 Scanning 529 point from 578
25.04 08:44:54 Going to coordinates X=-30.240, Y=-39.379
25.04 08:44:54 Moving is finished
25.04 08:46:32 Scanning 530 point from 578
25.04 08:46:32 Going to coordinates X=-30.200, Y=-39.379
25.04 08:46:32 Moving is finished
25.04 08:48:09 Scanning 531 point from 578
25.04 08:48:09 Going to coordinates X=-30.160, Y=-39.379
25.04 08:48:09 Moving is finished
25.04 08:49:46 Scanning 532 point from 578
25.04 08:49:46 Going to coordinates X=-30.120, Y=-39.379
25.04 08:49:46 Moving is finished
25.04 08:51:23 Scanning 533 point from 578
25.04 08:51:23 Going to coordinates X=-30.080, Y=-39.379
25.04 08:51:23 Moving is finished
25.04 08:52:59 Scanning 534 point from 578
25.04 08:52:59 Going to coordinates X=-30.040, Y=-39.379
25.04 08:53:00 Moving is finished
25.04 08:54:36 Scanning 535 point from 578
25.04 08:54:36 Going to coordinates X=-30.000, Y=-39.379
25.04 08:54:36 Moving is finished
25.04 08:56:13 Scanning 536 point from 578
25.04 08:56:13 Going to coordinates X=-29.960, Y=-39.379
25.04 08:56:13 Moving is finished
25.04 08:57:50 Scanning 537 point from 578
25.04 08:57:50 Going to coordinates X=-29.920, Y=-39.379
25.04 08:57:50 Moving is finished
25.04 08:59:27 Scanning 538 point from 578
25.04 08:59:27 Going to coordinates X=-29.880, Y=-39.379
25.04 08:59:27 Moving is finished
25.04 09:01:04 Scanning 539 point from 578
25.04 09:01:04 Going to coordinates X=-29.840, Y=-39.379
25.04 09:01:04 Moving is finished
25.04 09:02:41 Scanning 540 point from 578
25.04 09:02:41 Going to coordinates X=-29.800, Y=-39.379
25.04 09:02:41 Moving is finished
25.04 09:04:17 Scanning 541 point from 578
25.04 09:04:17 Going to coordinates X=-29.760, Y=-39.379
25.04 09:04:18 Moving is finished
25.04 09:05:54 Scanning 542 point from 578
25.04 09:05:54 Going to coordinates X=-29.720, Y=-39.379
25.04 09:05:55 Moving is finished
25.04 09:07:31 Scanning 543 point from 578
25.04 09:07:31 Going to coordinates X=-29.680, Y=-39.379
25.04 09:07:31 Moving is finished
25.04 09:09:08 Scanning 544 point from 578
25.04 09:09:08 Going to coordinates X=-31.000, Y=-39.339
25.04 09:09:09 Moving is finished
25.04 09:10:46 Scanning 545 point from 578
25.04 09:10:46 Going to coordinates X=-30.960, Y=-39.339
25.04 09:10:46 Moving is finished
25.04 09:12:22 Scanning 546 point from 578
25.04 09:12:22 Going to coordinates X=-30.920, Y=-39.339
25.04 09:12:23 Moving is finished
25.04 09:13:59 Scanning 547 point from 578
25.04 09:13:59 Going to coordinates X=-30.880, Y=-39.339
25.04 09:13:59 Moving is finished
25.04 09:15:36 Scanning 548 point from 578
25.04 09:15:36 Going to coordinates X=-30.840, Y=-39.339
25.04 09:15:36 Moving is finished
25.04 09:17:13 Scanning 549 point from 578
25.04 09:17:13 Going to coordinates X=-30.800, Y=-39.339
25.04 09:17:13 Moving is finished
25.04 09:18:49 Scanning 550 point from 578
25.04 09:18:49 Going to coordinates X=-30.760, Y=-39.339
25.04 09:18:49 Moving is finished
25.04 09:20:26 Scanning 551 point from 578
25.04 09:20:26 Going to coordinates X=-30.720, Y=-39.339
25.04 09:20:26 Moving is finished
25.04 09:22:03 Scanning 552 point from 578
25.04 09:22:03 Going to coordinates X=-30.680, Y=-39.339
25.04 09:22:03 Moving is finished
25.04 09:23:39 Scanning 553 point from 578
25.04 09:23:39 Going to coordinates X=-30.640, Y=-39.339
25.04 09:23:39 Moving is finished
25.04 09:25:16 Scanning 554 point from 578
25.04 09:25:16 Going to coordinates X=-30.600, Y=-39.339
25.04 09:25:16 Moving is finished
25.04 09:26:53 Scanning 555 point from 578
25.04 09:26:53 Going to coordinates X=-30.560, Y=-39.339
25.04 09:26:54 Moving is finished
25.04 09:28:30 Scanning 556 point from 578
25.04 09:28:30 Going to coordinates X=-30.520, Y=-39.339
25.04 09:28:31 Moving is finished
25.04 09:30:07 Scanning 557 point from 578
25.04 09:30:07 Going to coordinates X=-30.480, Y=-39.339
25.04 09:30:07 Moving is finished
25.04 09:31:44 Scanning 558 point from 578
25.04 09:31:44 Going to coordinates X=-30.440, Y=-39.339
25.04 09:31:44 Moving is finished
25.04 09:33:21 Scanning 559 point from 578
25.04 09:33:21 Going to coordinates X=-30.400, Y=-39.339
25.04 09:33:21 Moving is finished
25.04 09:33:26 Stopped!
25.04 10:35:25 Can't send the command to GRBL
25.04 10:35:25 Write timeout25.04 10:35:25 Write timeout

