04.09 16:42:13 Initializing grbl...
04.09 16:42:14 Got the response: b''
04.09 16:43:52 Can't send the command to GRBL
04.09 16:43:52 Write timeout04.09 16:43:52 Write timeout

04.09 16:56:26 Can't send the command to GRBL
04.09 16:56:26 Write timeout04.09 16:56:26 Write timeout
04.09 16:56:52 Row 0: 04.09 16:56:52 Map: x1: -12.846, y1: -35.292, x2: -11.712, y2: -35.436, xres: 0.050, yres: 0.050, fname: mellpseracooh2
04.09 16:56:52 Scanning 0 point from 96
04.09 16:56:52 Going to coordinates X=-12.846, Y=-35.436
04.09 16:56:53 Moving is finished
04.09 16:58:18 Scanning 1 point from 96
04.09 16:58:18 Going to coordinates X=-12.796, Y=-35.436
04.09 16:58:18 Moving is finished
04.09 16:59:43 Scanning 2 point from 96
04.09 16:59:43 Going to coordinates X=-12.746, Y=-35.436
04.09 16:59:43 Moving is finished
04.09 17:01:08 Scanning 3 point from 96
04.09 17:01:08 Going to coordinates X=-12.696, Y=-35.436
04.09 17:01:08 Moving is finished
04.09 17:02:33 Scanning 4 point from 96
04.09 17:02:33 Going to coordinates X=-12.646, Y=-35.436
04.09 17:02:33 Moving is finished
04.09 17:03:58 Scanning 5 point from 96
04.09 17:03:58 Going to coordinates X=-12.596, Y=-35.436
04.09 17:03:58 Moving is finished
04.09 17:05:23 Scanning 6 point from 96
04.09 17:05:23 Going to coordinates X=-12.546, Y=-35.436
04.09 17:05:23 Moving is finished
04.09 17:06:47 Scanning 7 point from 96
04.09 17:06:47 Going to coordinates X=-12.496, Y=-35.436
04.09 17:06:48 Moving is finished
04.09 17:08:12 Scanning 8 point from 96
04.09 17:08:12 Going to coordinates X=-12.446, Y=-35.436
04.09 17:08:13 Moving is finished
04.09 17:09:37 Scanning 9 point from 96
04.09 17:09:37 Going to coordinates X=-12.396, Y=-35.436
04.09 17:09:37 Moving is finished
04.09 17:11:03 Scanning 10 point from 96
04.09 17:11:03 Going to coordinates X=-12.346, Y=-35.436
04.09 17:11:03 Moving is finished
04.09 17:12:28 Scanning 11 point from 96
04.09 17:12:28 Going to coordinates X=-12.296, Y=-35.436
04.09 17:12:28 Moving is finished
04.09 17:13:52 Scanning 12 point from 96
04.09 17:13:52 Going to coordinates X=-12.246, Y=-35.436
04.09 17:13:53 Moving is finished
04.09 17:15:17 Scanning 13 point from 96
04.09 17:15:17 Going to coordinates X=-12.196, Y=-35.436
04.09 17:15:17 Moving is finished
04.09 17:16:42 Scanning 14 point from 96
04.09 17:16:42 Going to coordinates X=-12.146, Y=-35.436
04.09 17:16:42 Moving is finished
04.09 17:18:07 Scanning 15 point from 96
04.09 17:18:07 Going to coordinates X=-12.096, Y=-35.436
04.09 17:18:07 Moving is finished
04.09 17:19:32 Scanning 16 point from 96
04.09 17:19:32 Going to coordinates X=-12.046, Y=-35.436
04.09 17:19:32 Moving is finished
04.09 17:20:57 Scanning 17 point from 96
04.09 17:20:57 Going to coordinates X=-11.996, Y=-35.436
04.09 17:20:57 Moving is finished
04.09 17:22:21 Scanning 18 point from 96
04.09 17:22:21 Going to coordinates X=-11.946, Y=-35.436
04.09 17:22:22 Moving is finished
04.09 17:23:47 Scanning 19 point from 96
04.09 17:23:47 Going to coordinates X=-11.896, Y=-35.436
04.09 17:23:47 Moving is finished
04.09 17:25:11 Scanning 20 point from 96
04.09 17:25:11 Going to coordinates X=-11.846, Y=-35.436
04.09 17:25:12 Moving is finished
04.09 17:26:37 Scanning 21 point from 96
04.09 17:26:37 Going to coordinates X=-11.796, Y=-35.436
04.09 17:26:37 Moving is finished
04.09 17:28:02 Scanning 22 point from 96
04.09 17:28:02 Going to coordinates X=-11.746, Y=-35.436
04.09 17:28:02 Moving is finished
04.09 17:29:27 Scanning 23 point from 96
04.09 17:29:27 Going to coordinates X=-11.696, Y=-35.436
04.09 17:29:27 Moving is finished
04.09 17:30:52 Scanning 24 point from 96
04.09 17:30:52 Going to coordinates X=-12.846, Y=-35.386
04.09 17:30:52 Moving is finished
04.09 17:32:17 Scanning 25 point from 96
04.09 17:32:17 Going to coordinates X=-12.796, Y=-35.386
04.09 17:32:17 Moving is finished
04.09 17:33:42 Scanning 26 point from 96
04.09 17:33:42 Going to coordinates X=-12.746, Y=-35.386
04.09 17:33:42 Moving is finished
04.09 17:35:07 Scanning 27 point from 96
04.09 17:35:07 Going to coordinates X=-12.696, Y=-35.386
04.09 17:35:07 Moving is finished
04.09 17:36:32 Scanning 28 point from 96
04.09 17:36:32 Going to coordinates X=-12.646, Y=-35.386
04.09 17:36:32 Moving is finished
04.09 17:37:57 Scanning 29 point from 96
04.09 17:37:57 Going to coordinates X=-12.596, Y=-35.386
04.09 17:37:57 Moving is finished
04.09 17:39:22 Scanning 30 point from 96
04.09 17:39:22 Going to coordinates X=-12.546, Y=-35.386
04.09 17:39:22 Moving is finished
04.09 17:40:47 Scanning 31 point from 96
04.09 17:40:47 Going to coordinates X=-12.496, Y=-35.386
04.09 17:40:48 Moving is finished
04.09 17:42:12 Scanning 32 point from 96
04.09 17:42:12 Going to coordinates X=-12.446, Y=-35.386
04.09 17:42:12 Moving is finished
04.09 17:43:37 Scanning 33 point from 96
04.09 17:43:37 Going to coordinates X=-12.396, Y=-35.386
04.09 17:43:37 Moving is finished
04.09 17:45:02 Scanning 34 point from 96
04.09 17:45:02 Going to coordinates X=-12.346, Y=-35.386
04.09 17:45:02 Moving is finished
04.09 17:46:27 Scanning 35 point from 96
04.09 17:46:27 Going to coordinates X=-12.296, Y=-35.386
04.09 17:46:27 Moving is finished
04.09 17:47:52 Scanning 36 point from 96
04.09 17:47:52 Going to coordinates X=-12.246, Y=-35.386
04.09 17:47:52 Moving is finished
04.09 17:49:18 Scanning 37 point from 96
04.09 17:49:18 Going to coordinates X=-12.196, Y=-35.386
04.09 17:49:18 Moving is finished
04.09 17:50:43 Scanning 38 point from 96
04.09 17:50:43 Going to coordinates X=-12.146, Y=-35.386
04.09 17:50:43 Moving is finished
04.09 17:52:08 Scanning 39 point from 96
04.09 17:52:08 Going to coordinates X=-12.096, Y=-35.386
04.09 17:52:08 Moving is finished
04.09 17:53:33 Scanning 40 point from 96
04.09 17:53:33 Going to coordinates X=-12.046, Y=-35.386
04.09 17:53:33 Moving is finished
04.09 17:54:57 Scanning 41 point from 96
04.09 17:54:57 Going to coordinates X=-11.996, Y=-35.386
04.09 17:54:58 Moving is finished
04.09 17:56:22 Scanning 42 point from 96
04.09 17:56:22 Going to coordinates X=-11.946, Y=-35.386
04.09 17:56:22 Moving is finished
04.09 17:57:47 Scanning 43 point from 96
04.09 17:57:47 Going to coordinates X=-11.896, Y=-35.386
04.09 17:57:47 Moving is finished
04.09 17:59:12 Scanning 44 point from 96
04.09 17:59:12 Going to coordinates X=-11.846, Y=-35.386
04.09 17:59:12 Moving is finished
04.09 18:00:37 Scanning 45 point from 96
04.09 18:00:37 Going to coordinates X=-11.796, Y=-35.386
04.09 18:00:37 Moving is finished
04.09 18:02:02 Scanning 46 point from 96
04.09 18:02:02 Going to coordinates X=-11.746, Y=-35.386
04.09 18:02:02 Moving is finished
04.09 18:03:27 Scanning 47 point from 96
04.09 18:03:27 Going to coordinates X=-11.696, Y=-35.386
04.09 18:03:28 Moving is finished
04.09 18:04:52 Scanning 48 point from 96
04.09 18:04:52 Going to coordinates X=-12.846, Y=-35.336
04.09 18:04:53 Moving is finished
04.09 18:06:18 Scanning 49 point from 96
04.09 18:06:18 Going to coordinates X=-12.796, Y=-35.336
04.09 18:06:18 Moving is finished
04.09 18:07:43 Scanning 50 point from 96
04.09 18:07:43 Going to coordinates X=-12.746, Y=-35.336
04.09 18:07:43 Moving is finished
04.09 18:09:09 Scanning 51 point from 96
04.09 18:09:09 Going to coordinates X=-12.696, Y=-35.336
04.09 18:09:09 Moving is finished
04.09 18:10:34 Scanning 52 point from 96
04.09 18:10:34 Going to coordinates X=-12.646, Y=-35.336
04.09 18:10:34 Moving is finished
04.09 18:11:59 Scanning 53 point from 96
04.09 18:11:59 Going to coordinates X=-12.596, Y=-35.336
04.09 18:11:59 Moving is finished
04.09 18:13:24 Scanning 54 point from 96
04.09 18:13:24 Going to coordinates X=-12.546, Y=-35.336
04.09 18:13:24 Moving is finished
04.09 18:14:49 Scanning 55 point from 96
04.09 18:14:49 Going to coordinates X=-12.496, Y=-35.336
04.09 18:14:49 Moving is finished
04.09 18:16:14 Scanning 56 point from 96
04.09 18:16:14 Going to coordinates X=-12.446, Y=-35.336
04.09 18:16:15 Moving is finished
04.09 18:17:40 Scanning 57 point from 96
04.09 18:17:40 Going to coordinates X=-12.396, Y=-35.336
04.09 18:17:40 Moving is finished
04.09 18:19:05 Scanning 58 point from 96
04.09 18:19:05 Going to coordinates X=-12.346, Y=-35.336
04.09 18:19:05 Moving is finished
04.09 18:20:30 Scanning 59 point from 96
04.09 18:20:30 Going to coordinates X=-12.296, Y=-35.336
04.09 18:20:30 Moving is finished
04.09 18:21:54 Scanning 60 point from 96
04.09 18:21:54 Going to coordinates X=-12.246, Y=-35.336
04.09 18:21:54 Moving is finished
04.09 18:23:19 Scanning 61 point from 96
04.09 18:23:19 Going to coordinates X=-12.196, Y=-35.336
04.09 18:23:19 Moving is finished
04.09 18:24:44 Scanning 62 point from 96
04.09 18:24:44 Going to coordinates X=-12.146, Y=-35.336
04.09 18:24:44 Moving is finished
04.09 18:26:09 Scanning 63 point from 96
04.09 18:26:09 Going to coordinates X=-12.096, Y=-35.336
04.09 18:26:09 Moving is finished
04.09 18:27:34 Scanning 64 point from 96
04.09 18:27:34 Going to coordinates X=-12.046, Y=-35.336
04.09 18:27:34 Moving is finished
04.09 18:28:59 Scanning 65 point from 96
04.09 18:28:59 Going to coordinates X=-11.996, Y=-35.336
04.09 18:28:59 Moving is finished
04.09 18:30:24 Scanning 66 point from 96
04.09 18:30:24 Going to coordinates X=-11.946, Y=-35.336
04.09 18:30:24 Moving is finished
04.09 18:31:49 Scanning 67 point from 96
04.09 18:31:49 Going to coordinates X=-11.896, Y=-35.336
04.09 18:31:49 Moving is finished
04.09 18:33:14 Scanning 68 point from 96
04.09 18:33:14 Going to coordinates X=-11.846, Y=-35.336
04.09 18:33:15 Moving is finished
04.09 18:34:40 Scanning 69 point from 96
04.09 18:34:40 Going to coordinates X=-11.796, Y=-35.336
04.09 18:34:40 Moving is finished
04.09 18:36:05 Scanning 70 point from 96
04.09 18:36:05 Going to coordinates X=-11.746, Y=-35.336
04.09 18:36:06 Moving is finished
04.09 18:37:30 Scanning 71 point from 96
04.09 18:37:30 Going to coordinates X=-11.696, Y=-35.336
04.09 18:37:30 Moving is finished
04.09 18:38:56 Scanning 72 point from 96
04.09 18:38:56 Going to coordinates X=-12.846, Y=-35.286
04.09 18:38:56 Moving is finished
04.09 18:40:21 Scanning 73 point from 96
04.09 18:40:21 Going to coordinates X=-12.796, Y=-35.286
04.09 18:40:21 Moving is finished
04.09 18:41:46 Scanning 74 point from 96
04.09 18:41:46 Going to coordinates X=-12.746, Y=-35.286
04.09 18:41:46 Moving is finished
04.09 18:43:11 Scanning 75 point from 96
04.09 18:43:11 Going to coordinates X=-12.696, Y=-35.286
04.09 18:43:12 Moving is finished
04.09 18:44:37 Scanning 76 point from 96
04.09 18:44:37 Going to coordinates X=-12.646, Y=-35.286
04.09 18:44:37 Moving is finished
04.09 18:46:01 Scanning 77 point from 96
04.09 18:46:01 Going to coordinates X=-12.596, Y=-35.286
04.09 18:46:02 Moving is finished
04.09 18:47:27 Scanning 78 point from 96
04.09 18:47:27 Going to coordinates X=-12.546, Y=-35.286
04.09 18:47:27 Moving is finished
04.09 18:48:51 Scanning 79 point from 96
04.09 18:48:51 Going to coordinates X=-12.496, Y=-35.286
04.09 18:48:51 Moving is finished
04.09 18:50:16 Scanning 80 point from 96
04.09 18:50:16 Going to coordinates X=-12.446, Y=-35.286
04.09 18:50:16 Moving is finished
04.09 18:51:41 Scanning 81 point from 96
04.09 18:51:41 Going to coordinates X=-12.396, Y=-35.286
04.09 18:51:41 Moving is finished
04.09 18:53:06 Scanning 82 point from 96
04.09 18:53:06 Going to coordinates X=-12.346, Y=-35.286
04.09 18:53:06 Moving is finished
04.09 18:54:31 Scanning 83 point from 96
04.09 18:54:31 Going to coordinates X=-12.296, Y=-35.286
04.09 18:54:31 Moving is finished
04.09 18:55:56 Scanning 84 point from 96
04.09 18:55:56 Going to coordinates X=-12.246, Y=-35.286
04.09 18:55:56 Moving is finished
04.09 18:57:21 Scanning 85 point from 96
04.09 18:57:21 Going to coordinates X=-12.196, Y=-35.286
04.09 18:57:21 Moving is finished
04.09 18:58:45 Scanning 86 point from 96
04.09 18:58:45 Going to coordinates X=-12.146, Y=-35.286
04.09 18:58:45 Moving is finished
04.09 19:00:10 Scanning 87 point from 96
04.09 19:00:10 Going to coordinates X=-12.096, Y=-35.286
04.09 19:00:10 Moving is finished
04.09 19:01:35 Scanning 88 point from 96
04.09 19:01:35 Going to coordinates X=-12.046, Y=-35.286
04.09 19:01:35 Moving is finished
04.09 19:03:00 Scanning 89 point from 96
04.09 19:03:00 Going to coordinates X=-11.996, Y=-35.286
04.09 19:03:00 Moving is finished
04.09 19:04:25 Scanning 90 point from 96
04.09 19:04:25 Going to coordinates X=-11.946, Y=-35.286
04.09 19:04:25 Moving is finished
04.09 19:05:50 Scanning 91 point from 96
04.09 19:05:50 Going to coordinates X=-11.896, Y=-35.286
04.09 19:05:50 Moving is finished
04.09 19:06:43 Stopped!
04.09 19:08:10 Row 0: 04.09 19:08:10 Map: x1: -14.543, y1: -36.841, x2: -12.976, y2: -36.851, xres: 0.010, yres: 0.010, fname: mellpseracooh2
04.09 19:08:10 Scanning 0 point from 316
04.09 19:08:10 Going to coordinates X=-14.543, Y=-36.851
04.09 19:08:11 Moving is finished
04.09 19:09:47 Scanning 1 point from 316
04.09 19:09:47 Going to coordinates X=-14.533, Y=-36.851
04.09 19:09:47 Moving is finished
04.09 19:11:22 Scanning 2 point from 316
04.09 19:11:22 Going to coordinates X=-14.523, Y=-36.851
04.09 19:11:22 Moving is finished
04.09 19:12:56 Scanning 3 point from 316
04.09 19:12:56 Going to coordinates X=-14.513, Y=-36.851
04.09 19:12:57 Moving is finished
04.09 19:14:32 Scanning 4 point from 316
04.09 19:14:32 Going to coordinates X=-14.503, Y=-36.851
04.09 19:14:32 Moving is finished
04.09 19:16:06 Scanning 5 point from 316
04.09 19:16:06 Going to coordinates X=-14.493, Y=-36.851
04.09 19:16:07 Moving is finished
04.09 19:17:41 Scanning 6 point from 316
04.09 19:17:41 Going to coordinates X=-14.483, Y=-36.851
04.09 19:17:41 Moving is finished
04.09 19:19:16 Scanning 7 point from 316
04.09 19:19:16 Going to coordinates X=-14.473, Y=-36.851
04.09 19:19:16 Moving is finished
04.09 19:20:51 Scanning 8 point from 316
04.09 19:20:51 Going to coordinates X=-14.463, Y=-36.851
04.09 19:20:51 Moving is finished
04.09 19:22:26 Scanning 9 point from 316
04.09 19:22:26 Going to coordinates X=-14.453, Y=-36.851
04.09 19:22:26 Moving is finished
04.09 19:24:02 Scanning 10 point from 316
04.09 19:24:02 Going to coordinates X=-14.443, Y=-36.851
04.09 19:24:02 Moving is finished
04.09 19:25:36 Scanning 11 point from 316
04.09 19:25:36 Going to coordinates X=-14.433, Y=-36.851
04.09 19:25:36 Moving is finished
04.09 19:27:11 Scanning 12 point from 316
04.09 19:27:11 Going to coordinates X=-14.423, Y=-36.851
04.09 19:27:11 Moving is finished
04.09 19:28:46 Scanning 13 point from 316
04.09 19:28:46 Going to coordinates X=-14.413, Y=-36.851
04.09 19:28:47 Moving is finished
04.09 19:30:22 Scanning 14 point from 316
04.09 19:30:22 Going to coordinates X=-14.403, Y=-36.851
04.09 19:30:23 Moving is finished
04.09 19:31:58 Scanning 15 point from 316
04.09 19:31:58 Going to coordinates X=-14.393, Y=-36.851
04.09 19:31:58 Moving is finished
04.09 19:33:33 Scanning 16 point from 316
04.09 19:33:33 Going to coordinates X=-14.383, Y=-36.851
04.09 19:33:33 Moving is finished
04.09 19:35:07 Scanning 17 point from 316
04.09 19:35:07 Going to coordinates X=-14.373, Y=-36.851
04.09 19:35:07 Moving is finished
04.09 19:36:42 Scanning 18 point from 316
04.09 19:36:42 Going to coordinates X=-14.363, Y=-36.851
04.09 19:36:42 Moving is finished
04.09 19:38:17 Scanning 19 point from 316
04.09 19:38:17 Going to coordinates X=-14.353, Y=-36.851
04.09 19:38:17 Moving is finished
04.09 19:39:52 Scanning 20 point from 316
04.09 19:39:52 Going to coordinates X=-14.343, Y=-36.851
04.09 19:39:52 Moving is finished
04.09 19:41:27 Scanning 21 point from 316
04.09 19:41:27 Going to coordinates X=-14.333, Y=-36.851
04.09 19:41:27 Moving is finished
04.09 19:43:02 Scanning 22 point from 316
04.09 19:43:02 Going to coordinates X=-14.323, Y=-36.851
04.09 19:43:02 Moving is finished
04.09 19:44:37 Scanning 23 point from 316
04.09 19:44:37 Going to coordinates X=-14.313, Y=-36.851
04.09 19:44:38 Moving is finished
04.09 19:46:13 Scanning 24 point from 316
04.09 19:46:13 Going to coordinates X=-14.303, Y=-36.851
04.09 19:46:13 Moving is finished
04.09 19:47:48 Scanning 25 point from 316
04.09 19:47:48 Going to coordinates X=-14.293, Y=-36.851
04.09 19:47:48 Moving is finished
04.09 19:49:23 Scanning 26 point from 316
04.09 19:49:23 Going to coordinates X=-14.283, Y=-36.851
04.09 19:49:23 Moving is finished
04.09 19:50:58 Scanning 27 point from 316
04.09 19:50:58 Going to coordinates X=-14.273, Y=-36.851
04.09 19:50:58 Moving is finished
04.09 19:52:33 Scanning 28 point from 316
04.09 19:52:33 Going to coordinates X=-14.263, Y=-36.851
04.09 19:52:34 Moving is finished
04.09 19:54:09 Scanning 29 point from 316
04.09 19:54:09 Going to coordinates X=-14.253, Y=-36.851
04.09 19:54:09 Moving is finished
04.09 19:55:44 Scanning 30 point from 316
04.09 19:55:44 Going to coordinates X=-14.243, Y=-36.851
04.09 19:55:44 Moving is finished
04.09 19:57:19 Scanning 31 point from 316
04.09 19:57:19 Going to coordinates X=-14.233, Y=-36.851
04.09 19:57:19 Moving is finished
04.09 19:58:54 Scanning 32 point from 316
04.09 19:58:54 Going to coordinates X=-14.223, Y=-36.851
04.09 19:58:54 Moving is finished
04.09 20:00:29 Scanning 33 point from 316
04.09 20:00:29 Going to coordinates X=-14.213, Y=-36.851
04.09 20:00:29 Moving is finished
04.09 20:02:05 Scanning 34 point from 316
04.09 20:02:05 Going to coordinates X=-14.203, Y=-36.851
04.09 20:02:05 Moving is finished
04.09 20:03:39 Scanning 35 point from 316
04.09 20:03:39 Going to coordinates X=-14.193, Y=-36.851
04.09 20:03:39 Moving is finished
04.09 20:05:14 Scanning 36 point from 316
04.09 20:05:14 Going to coordinates X=-14.183, Y=-36.851
04.09 20:05:14 Moving is finished
04.09 20:06:49 Scanning 37 point from 316
04.09 20:06:49 Going to coordinates X=-14.173, Y=-36.851
04.09 20:06:49 Moving is finished
04.09 20:08:24 Scanning 38 point from 316
04.09 20:08:24 Going to coordinates X=-14.163, Y=-36.851
04.09 20:08:24 Moving is finished
04.09 20:09:59 Scanning 39 point from 316
04.09 20:09:59 Going to coordinates X=-14.153, Y=-36.851
04.09 20:09:59 Moving is finished
04.09 20:11:34 Scanning 40 point from 316
04.09 20:11:34 Going to coordinates X=-14.143, Y=-36.851
04.09 20:11:34 Moving is finished
04.09 20:13:09 Scanning 41 point from 316
04.09 20:13:09 Going to coordinates X=-14.133, Y=-36.851
04.09 20:13:09 Moving is finished
04.09 20:14:43 Scanning 42 point from 316
04.09 20:14:43 Going to coordinates X=-14.123, Y=-36.851
04.09 20:14:43 Moving is finished
04.09 20:16:19 Scanning 43 point from 316
04.09 20:16:19 Going to coordinates X=-14.113, Y=-36.851
04.09 20:16:19 Moving is finished
04.09 20:17:53 Scanning 44 point from 316
04.09 20:17:53 Going to coordinates X=-14.103, Y=-36.851
04.09 20:17:54 Moving is finished
04.09 20:19:29 Scanning 45 point from 316
04.09 20:19:29 Going to coordinates X=-14.093, Y=-36.851
04.09 20:19:29 Moving is finished
04.09 20:21:03 Scanning 46 point from 316
04.09 20:21:03 Going to coordinates X=-14.083, Y=-36.851
04.09 20:21:04 Moving is finished
04.09 20:22:38 Scanning 47 point from 316
04.09 20:22:38 Going to coordinates X=-14.073, Y=-36.851
04.09 20:22:38 Moving is finished
04.09 20:24:14 Scanning 48 point from 316
04.09 20:24:14 Going to coordinates X=-14.063, Y=-36.851
04.09 20:24:14 Moving is finished
04.09 20:25:49 Scanning 49 point from 316
04.09 20:25:49 Going to coordinates X=-14.053, Y=-36.851
04.09 20:25:49 Moving is finished
04.09 20:27:24 Scanning 50 point from 316
04.09 20:27:24 Going to coordinates X=-14.043, Y=-36.851
04.09 20:27:24 Moving is finished
04.09 20:28:59 Scanning 51 point from 316
04.09 20:28:59 Going to coordinates X=-14.033, Y=-36.851
04.09 20:28:59 Moving is finished
04.09 20:30:34 Scanning 52 point from 316
04.09 20:30:34 Going to coordinates X=-14.023, Y=-36.851
04.09 20:30:34 Moving is finished
04.09 20:32:08 Scanning 53 point from 316
04.09 20:32:08 Going to coordinates X=-14.013, Y=-36.851
04.09 20:32:09 Moving is finished
04.09 20:33:44 Scanning 54 point from 316
04.09 20:33:44 Going to coordinates X=-14.003, Y=-36.851
04.09 20:33:44 Moving is finished
04.09 20:35:19 Scanning 55 point from 316
04.09 20:35:19 Going to coordinates X=-13.993, Y=-36.851
04.09 20:35:19 Moving is finished
04.09 20:36:54 Scanning 56 point from 316
04.09 20:36:54 Going to coordinates X=-13.983, Y=-36.851
04.09 20:36:54 Moving is finished
04.09 20:38:29 Scanning 57 point from 316
04.09 20:38:29 Going to coordinates X=-13.973, Y=-36.851
04.09 20:38:29 Moving is finished
04.09 20:40:03 Scanning 58 point from 316
04.09 20:40:03 Going to coordinates X=-13.963, Y=-36.851
04.09 20:40:04 Moving is finished
04.09 20:41:39 Scanning 59 point from 316
04.09 20:41:39 Going to coordinates X=-13.953, Y=-36.851
04.09 20:41:39 Moving is finished
04.09 20:43:14 Scanning 60 point from 316
04.09 20:43:14 Going to coordinates X=-13.943, Y=-36.851
04.09 20:43:14 Moving is finished
04.09 20:44:49 Scanning 61 point from 316
04.09 20:44:49 Going to coordinates X=-13.933, Y=-36.851
04.09 20:44:50 Moving is finished
04.09 20:46:24 Scanning 62 point from 316
04.09 20:46:24 Going to coordinates X=-13.923, Y=-36.851
04.09 20:46:25 Moving is finished
04.09 20:47:59 Scanning 63 point from 316
04.09 20:47:59 Going to coordinates X=-13.913, Y=-36.851
04.09 20:47:59 Moving is finished
04.09 20:49:34 Scanning 64 point from 316
04.09 20:49:34 Going to coordinates X=-13.903, Y=-36.851
04.09 20:49:34 Moving is finished
04.09 20:51:10 Scanning 65 point from 316
04.09 20:51:10 Going to coordinates X=-13.893, Y=-36.851
04.09 20:51:10 Moving is finished
04.09 20:52:45 Scanning 66 point from 316
04.09 20:52:45 Going to coordinates X=-13.883, Y=-36.851
04.09 20:52:45 Moving is finished
04.09 20:54:19 Scanning 67 point from 316
04.09 20:54:19 Going to coordinates X=-13.873, Y=-36.851
04.09 20:54:20 Moving is finished
04.09 20:55:54 Scanning 68 point from 316
04.09 20:55:54 Going to coordinates X=-13.863, Y=-36.851
04.09 20:55:54 Moving is finished
04.09 20:57:29 Scanning 69 point from 316
04.09 20:57:29 Going to coordinates X=-13.853, Y=-36.851
04.09 20:57:30 Moving is finished
04.09 20:59:04 Scanning 70 point from 316
04.09 20:59:04 Going to coordinates X=-13.843, Y=-36.851
04.09 20:59:04 Moving is finished
04.09 21:00:39 Scanning 71 point from 316
04.09 21:00:39 Going to coordinates X=-13.833, Y=-36.851
04.09 21:00:39 Moving is finished
04.09 21:02:13 Scanning 72 point from 316
04.09 21:02:13 Going to coordinates X=-13.823, Y=-36.851
04.09 21:02:14 Moving is finished
04.09 21:03:48 Scanning 73 point from 316
04.09 21:03:48 Going to coordinates X=-13.813, Y=-36.851
04.09 21:03:48 Moving is finished
04.09 21:05:23 Scanning 74 point from 316
04.09 21:05:23 Going to coordinates X=-13.803, Y=-36.851
04.09 21:05:23 Moving is finished
04.09 21:06:58 Scanning 75 point from 316
04.09 21:06:58 Going to coordinates X=-13.793, Y=-36.851
04.09 21:06:58 Moving is finished
04.09 21:08:33 Scanning 76 point from 316
04.09 21:08:33 Going to coordinates X=-13.783, Y=-36.851
04.09 21:08:33 Moving is finished
04.09 21:10:08 Scanning 77 point from 316
04.09 21:10:08 Going to coordinates X=-13.773, Y=-36.851
04.09 21:10:08 Moving is finished
04.09 21:11:43 Scanning 78 point from 316
04.09 21:11:43 Going to coordinates X=-13.763, Y=-36.851
04.09 21:11:43 Moving is finished
04.09 21:13:18 Scanning 79 point from 316
04.09 21:13:18 Going to coordinates X=-13.753, Y=-36.851
04.09 21:13:18 Moving is finished
04.09 21:14:53 Scanning 80 point from 316
04.09 21:14:53 Going to coordinates X=-13.743, Y=-36.851
04.09 21:14:53 Moving is finished
04.09 21:16:28 Scanning 81 point from 316
04.09 21:16:28 Going to coordinates X=-13.733, Y=-36.851
04.09 21:16:28 Moving is finished
04.09 21:18:03 Scanning 82 point from 316
04.09 21:18:03 Going to coordinates X=-13.723, Y=-36.851
04.09 21:18:03 Moving is finished
04.09 21:19:37 Scanning 83 point from 316
04.09 21:19:37 Going to coordinates X=-13.713, Y=-36.851
04.09 21:19:38 Moving is finished
04.09 21:21:13 Scanning 84 point from 316
04.09 21:21:13 Going to coordinates X=-13.703, Y=-36.851
04.09 21:21:13 Moving is finished
04.09 21:22:48 Scanning 85 point from 316
04.09 21:22:48 Going to coordinates X=-13.693, Y=-36.851
04.09 21:22:48 Moving is finished
04.09 21:24:23 Scanning 86 point from 316
04.09 21:24:23 Going to coordinates X=-13.683, Y=-36.851
04.09 21:24:23 Moving is finished
04.09 21:25:58 Scanning 87 point from 316
04.09 21:25:58 Going to coordinates X=-13.673, Y=-36.851
04.09 21:25:58 Moving is finished
04.09 21:27:33 Scanning 88 point from 316
04.09 21:27:33 Going to coordinates X=-13.663, Y=-36.851
04.09 21:27:33 Moving is finished
04.09 21:29:08 Scanning 89 point from 316
04.09 21:29:08 Going to coordinates X=-13.653, Y=-36.851
04.09 21:29:08 Moving is finished
04.09 21:30:43 Scanning 90 point from 316
04.09 21:30:43 Going to coordinates X=-13.643, Y=-36.851
04.09 21:30:43 Moving is finished
04.09 21:32:17 Scanning 91 point from 316
04.09 21:32:17 Going to coordinates X=-13.633, Y=-36.851
04.09 21:32:17 Moving is finished
04.09 21:33:52 Scanning 92 point from 316
04.09 21:33:52 Going to coordinates X=-13.623, Y=-36.851
04.09 21:33:52 Moving is finished
04.09 21:35:27 Scanning 93 point from 316
04.09 21:35:27 Going to coordinates X=-13.613, Y=-36.851
04.09 21:35:28 Moving is finished
04.09 21:37:02 Scanning 94 point from 316
04.09 21:37:02 Going to coordinates X=-13.603, Y=-36.851
04.09 21:37:02 Moving is finished
04.09 21:38:37 Scanning 95 point from 316
04.09 21:38:37 Going to coordinates X=-13.593, Y=-36.851
04.09 21:38:37 Moving is finished
04.09 21:40:12 Scanning 96 point from 316
04.09 21:40:12 Going to coordinates X=-13.583, Y=-36.851
04.09 21:40:12 Moving is finished
04.09 21:41:47 Scanning 97 point from 316
04.09 21:41:47 Going to coordinates X=-13.573, Y=-36.851
04.09 21:41:47 Moving is finished
04.09 21:43:21 Scanning 98 point from 316
04.09 21:43:21 Going to coordinates X=-13.563, Y=-36.851
04.09 21:43:22 Moving is finished
04.09 21:44:56 Scanning 99 point from 316
04.09 21:44:56 Going to coordinates X=-13.553, Y=-36.851
04.09 21:44:56 Moving is finished
04.09 21:46:31 Scanning 100 point from 316
04.09 21:46:31 Going to coordinates X=-13.543, Y=-36.851
04.09 21:46:32 Moving is finished
04.09 21:48:06 Scanning 101 point from 316
04.09 21:48:06 Going to coordinates X=-13.533, Y=-36.851
04.09 21:48:06 Moving is finished
04.09 21:49:41 Scanning 102 point from 316
04.09 21:49:41 Going to coordinates X=-13.523, Y=-36.851
04.09 21:49:42 Moving is finished
04.09 21:51:17 Scanning 103 point from 316
04.09 21:51:17 Going to coordinates X=-13.513, Y=-36.851
04.09 21:51:17 Moving is finished
04.09 21:52:52 Scanning 104 point from 316
04.09 21:52:52 Going to coordinates X=-13.503, Y=-36.851
04.09 21:52:52 Moving is finished
04.09 21:54:28 Scanning 105 point from 316
04.09 21:54:28 Going to coordinates X=-13.493, Y=-36.851
04.09 21:54:28 Moving is finished
04.09 21:56:03 Scanning 106 point from 316
04.09 21:56:03 Going to coordinates X=-13.483, Y=-36.851
04.09 21:56:03 Moving is finished
04.09 21:57:37 Scanning 107 point from 316
04.09 21:57:37 Going to coordinates X=-13.473, Y=-36.851
04.09 21:57:38 Moving is finished
04.09 21:59:13 Scanning 108 point from 316
04.09 21:59:13 Going to coordinates X=-13.463, Y=-36.851
04.09 21:59:13 Moving is finished
04.09 22:00:48 Scanning 109 point from 316
04.09 22:00:48 Going to coordinates X=-13.453, Y=-36.851
04.09 22:00:48 Moving is finished
04.09 22:02:23 Scanning 110 point from 316
04.09 22:02:23 Going to coordinates X=-13.443, Y=-36.851
04.09 22:02:23 Moving is finished
04.09 22:03:58 Scanning 111 point from 316
04.09 22:03:58 Going to coordinates X=-13.433, Y=-36.851
04.09 22:03:58 Moving is finished
04.09 22:05:33 Scanning 112 point from 316
04.09 22:05:33 Going to coordinates X=-13.423, Y=-36.851
04.09 22:05:33 Moving is finished
04.09 22:07:08 Scanning 113 point from 316
04.09 22:07:08 Going to coordinates X=-13.413, Y=-36.851
04.09 22:07:08 Moving is finished
04.09 22:08:43 Scanning 114 point from 316
04.09 22:08:43 Going to coordinates X=-13.403, Y=-36.851
04.09 22:08:43 Moving is finished
04.09 22:10:17 Scanning 115 point from 316
04.09 22:10:17 Going to coordinates X=-13.393, Y=-36.851
04.09 22:10:18 Moving is finished
04.09 22:11:52 Scanning 116 point from 316
04.09 22:11:52 Going to coordinates X=-13.383, Y=-36.851
04.09 22:11:52 Moving is finished
04.09 22:13:27 Scanning 117 point from 316
04.09 22:13:27 Going to coordinates X=-13.373, Y=-36.851
04.09 22:13:27 Moving is finished
04.09 22:15:02 Scanning 118 point from 316
04.09 22:15:02 Going to coordinates X=-13.363, Y=-36.851
04.09 22:15:02 Moving is finished
04.09 22:16:37 Scanning 119 point from 316
04.09 22:16:37 Going to coordinates X=-13.353, Y=-36.851
04.09 22:16:37 Moving is finished
04.09 22:18:12 Scanning 120 point from 316
04.09 22:18:12 Going to coordinates X=-13.343, Y=-36.851
04.09 22:18:13 Moving is finished
04.09 22:19:47 Scanning 121 point from 316
04.09 22:19:47 Going to coordinates X=-13.333, Y=-36.851
04.09 22:19:47 Moving is finished
04.09 22:21:22 Scanning 122 point from 316
04.09 22:21:22 Going to coordinates X=-13.323, Y=-36.851
04.09 22:21:22 Moving is finished
04.09 22:22:57 Scanning 123 point from 316
04.09 22:22:57 Going to coordinates X=-13.313, Y=-36.851
04.09 22:22:57 Moving is finished
04.09 22:24:32 Scanning 124 point from 316
04.09 22:24:32 Going to coordinates X=-13.303, Y=-36.851
04.09 22:24:32 Moving is finished
04.09 22:26:07 Scanning 125 point from 316
04.09 22:26:07 Going to coordinates X=-13.293, Y=-36.851
04.09 22:26:07 Moving is finished
04.09 22:27:42 Scanning 126 point from 316
04.09 22:27:42 Going to coordinates X=-13.283, Y=-36.851
04.09 22:27:42 Moving is finished
04.09 22:29:17 Scanning 127 point from 316
04.09 22:29:17 Going to coordinates X=-13.273, Y=-36.851
04.09 22:29:17 Moving is finished
04.09 22:30:52 Scanning 128 point from 316
04.09 22:30:52 Going to coordinates X=-13.263, Y=-36.851
04.09 22:30:52 Moving is finished
04.09 22:32:27 Scanning 129 point from 316
04.09 22:32:27 Going to coordinates X=-13.253, Y=-36.851
04.09 22:32:27 Moving is finished
04.09 22:34:02 Scanning 130 point from 316
04.09 22:34:02 Going to coordinates X=-13.243, Y=-36.851
04.09 22:34:02 Moving is finished
04.09 22:35:37 Scanning 131 point from 316
04.09 22:35:37 Going to coordinates X=-13.233, Y=-36.851
04.09 22:35:37 Moving is finished
04.09 22:37:13 Scanning 132 point from 316
04.09 22:37:13 Going to coordinates X=-13.223, Y=-36.851
04.09 22:37:13 Moving is finished
04.09 22:38:47 Scanning 133 point from 316
04.09 22:38:47 Going to coordinates X=-13.213, Y=-36.851
04.09 22:38:48 Moving is finished
04.09 22:40:22 Scanning 134 point from 316
04.09 22:40:22 Going to coordinates X=-13.203, Y=-36.851
04.09 22:40:22 Moving is finished
04.09 22:41:57 Scanning 135 point from 316
04.09 22:41:57 Going to coordinates X=-13.193, Y=-36.851
04.09 22:41:58 Moving is finished
04.09 22:43:33 Scanning 136 point from 316
04.09 22:43:33 Going to coordinates X=-13.183, Y=-36.851
04.09 22:43:33 Moving is finished
04.09 22:45:09 Scanning 137 point from 316
04.09 22:45:09 Going to coordinates X=-13.173, Y=-36.851
04.09 22:45:09 Moving is finished
04.09 22:46:43 Scanning 138 point from 316
04.09 22:46:43 Going to coordinates X=-13.163, Y=-36.851
04.09 22:46:44 Moving is finished
04.09 22:48:19 Scanning 139 point from 316
04.09 22:48:19 Going to coordinates X=-13.153, Y=-36.851
04.09 22:48:19 Moving is finished
04.09 22:49:54 Scanning 140 point from 316
04.09 22:49:54 Going to coordinates X=-13.143, Y=-36.851
04.09 22:49:54 Moving is finished
04.09 22:51:29 Scanning 141 point from 316
04.09 22:51:29 Going to coordinates X=-13.133, Y=-36.851
04.09 22:51:29 Moving is finished
04.09 22:53:05 Scanning 142 point from 316
04.09 22:53:05 Going to coordinates X=-13.123, Y=-36.851
04.09 22:53:05 Moving is finished
04.09 22:54:40 Scanning 143 point from 316
04.09 22:54:40 Going to coordinates X=-13.113, Y=-36.851
04.09 22:54:40 Moving is finished
04.09 22:56:15 Scanning 144 point from 316
04.09 22:56:15 Going to coordinates X=-13.103, Y=-36.851
04.09 22:56:15 Moving is finished
04.09 22:57:50 Scanning 145 point from 316
04.09 22:57:50 Going to coordinates X=-13.093, Y=-36.851
04.09 22:57:50 Moving is finished
04.09 22:59:25 Scanning 146 point from 316
04.09 22:59:25 Going to coordinates X=-13.083, Y=-36.851
04.09 22:59:25 Moving is finished
04.09 23:01:00 Scanning 147 point from 316
04.09 23:01:00 Going to coordinates X=-13.073, Y=-36.851
04.09 23:01:00 Moving is finished
04.09 23:02:35 Scanning 148 point from 316
04.09 23:02:35 Going to coordinates X=-13.063, Y=-36.851
04.09 23:02:35 Moving is finished
04.09 23:04:10 Scanning 149 point from 316
04.09 23:04:10 Going to coordinates X=-13.053, Y=-36.851
04.09 23:04:10 Moving is finished
04.09 23:05:46 Scanning 150 point from 316
04.09 23:05:46 Going to coordinates X=-13.043, Y=-36.851
04.09 23:05:46 Moving is finished
04.09 23:07:20 Scanning 151 point from 316
04.09 23:07:20 Going to coordinates X=-13.033, Y=-36.851
04.09 23:07:21 Moving is finished
04.09 23:08:55 Scanning 152 point from 316
04.09 23:08:55 Going to coordinates X=-13.023, Y=-36.851
04.09 23:08:56 Moving is finished
04.09 23:10:30 Scanning 153 point from 316
04.09 23:10:30 Going to coordinates X=-13.013, Y=-36.851
04.09 23:10:31 Moving is finished
04.09 23:12:06 Scanning 154 point from 316
04.09 23:12:06 Going to coordinates X=-13.003, Y=-36.851
04.09 23:12:06 Moving is finished
04.09 23:13:41 Scanning 155 point from 316
04.09 23:13:41 Going to coordinates X=-12.993, Y=-36.851
04.09 23:13:41 Moving is finished
04.09 23:15:16 Scanning 156 point from 316
04.09 23:15:16 Going to coordinates X=-12.983, Y=-36.851
04.09 23:15:16 Moving is finished
04.09 23:16:50 Scanning 157 point from 316
04.09 23:16:50 Going to coordinates X=-12.973, Y=-36.851
04.09 23:16:50 Moving is finished
04.09 23:18:25 Scanning 158 point from 316
04.09 23:18:25 Going to coordinates X=-14.543, Y=-36.841
04.09 23:18:26 Moving is finished
04.09 23:20:01 Scanning 159 point from 316
04.09 23:20:01 Going to coordinates X=-14.533, Y=-36.841
04.09 23:20:01 Moving is finished
04.09 23:21:36 Scanning 160 point from 316
04.09 23:21:36 Going to coordinates X=-14.523, Y=-36.841
04.09 23:21:36 Moving is finished
04.09 23:23:11 Scanning 161 point from 316
04.09 23:23:11 Going to coordinates X=-14.513, Y=-36.841
04.09 23:23:11 Moving is finished
04.09 23:24:46 Scanning 162 point from 316
04.09 23:24:46 Going to coordinates X=-14.503, Y=-36.841
04.09 23:24:46 Moving is finished
04.09 23:26:21 Scanning 163 point from 316
04.09 23:26:21 Going to coordinates X=-14.493, Y=-36.841
04.09 23:26:21 Moving is finished
04.09 23:27:56 Scanning 164 point from 316
04.09 23:27:56 Going to coordinates X=-14.483, Y=-36.841
04.09 23:27:56 Moving is finished
04.09 23:29:31 Scanning 165 point from 316
04.09 23:29:31 Going to coordinates X=-14.473, Y=-36.841
04.09 23:29:31 Moving is finished
04.09 23:31:05 Scanning 166 point from 316
04.09 23:31:05 Going to coordinates X=-14.463, Y=-36.841
04.09 23:31:06 Moving is finished
04.09 23:32:41 Scanning 167 point from 316
04.09 23:32:41 Going to coordinates X=-14.453, Y=-36.841
04.09 23:32:41 Moving is finished
04.09 23:34:15 Scanning 168 point from 316
04.09 23:34:15 Going to coordinates X=-14.443, Y=-36.841
04.09 23:34:16 Moving is finished
04.09 23:35:51 Scanning 169 point from 316
04.09 23:35:51 Going to coordinates X=-14.433, Y=-36.841
04.09 23:35:51 Moving is finished
04.09 23:37:25 Scanning 170 point from 316
04.09 23:37:25 Going to coordinates X=-14.423, Y=-36.841
04.09 23:37:26 Moving is finished
04.09 23:39:00 Scanning 171 point from 316
04.09 23:39:00 Going to coordinates X=-14.413, Y=-36.841
04.09 23:39:00 Moving is finished
04.09 23:40:36 Scanning 172 point from 316
04.09 23:40:36 Going to coordinates X=-14.403, Y=-36.841
04.09 23:40:36 Moving is finished
04.09 23:42:11 Scanning 173 point from 316
04.09 23:42:11 Going to coordinates X=-14.393, Y=-36.841
04.09 23:42:11 Moving is finished
04.09 23:43:47 Scanning 174 point from 316
04.09 23:43:47 Going to coordinates X=-14.383, Y=-36.841
04.09 23:43:47 Moving is finished
04.09 23:45:22 Scanning 175 point from 316
04.09 23:45:22 Going to coordinates X=-14.373, Y=-36.841
04.09 23:45:22 Moving is finished
04.09 23:46:57 Scanning 176 point from 316
04.09 23:46:57 Going to coordinates X=-14.363, Y=-36.841
04.09 23:46:57 Moving is finished
04.09 23:48:33 Scanning 177 point from 316
04.09 23:48:33 Going to coordinates X=-14.353, Y=-36.841
04.09 23:48:33 Moving is finished
04.09 23:50:08 Scanning 178 point from 316
04.09 23:50:08 Going to coordinates X=-14.343, Y=-36.841
04.09 23:50:08 Moving is finished
04.09 23:51:43 Scanning 179 point from 316
04.09 23:51:43 Going to coordinates X=-14.333, Y=-36.841
04.09 23:51:43 Moving is finished
04.09 23:53:18 Scanning 180 point from 316
04.09 23:53:18 Going to coordinates X=-14.323, Y=-36.841
04.09 23:53:18 Moving is finished
04.09 23:54:52 Scanning 181 point from 316
04.09 23:54:52 Going to coordinates X=-14.313, Y=-36.841
04.09 23:54:53 Moving is finished
04.09 23:56:27 Scanning 182 point from 316
04.09 23:56:27 Going to coordinates X=-14.303, Y=-36.841
04.09 23:56:27 Moving is finished
04.09 23:58:03 Scanning 183 point from 316
04.09 23:58:03 Going to coordinates X=-14.293, Y=-36.841
04.09 23:58:03 Moving is finished
04.09 23:59:38 Scanning 184 point from 316
04.09 23:59:38 Going to coordinates X=-14.283, Y=-36.841
04.09 23:59:38 Moving is finished
05.09 00:01:13 Scanning 185 point from 316
05.09 00:01:13 Going to coordinates X=-14.273, Y=-36.841
05.09 00:01:13 Moving is finished
05.09 00:02:48 Scanning 186 point from 316
05.09 00:02:48 Going to coordinates X=-14.263, Y=-36.841
05.09 00:02:48 Moving is finished
05.09 00:04:23 Scanning 187 point from 316
05.09 00:04:23 Going to coordinates X=-14.253, Y=-36.841
05.09 00:04:23 Moving is finished
05.09 00:05:58 Scanning 188 point from 316
05.09 00:05:58 Going to coordinates X=-14.243, Y=-36.841
05.09 00:05:58 Moving is finished
05.09 00:07:32 Scanning 189 point from 316
05.09 00:07:32 Going to coordinates X=-14.233, Y=-36.841
05.09 00:07:33 Moving is finished
05.09 00:09:08 Scanning 190 point from 316
05.09 00:09:08 Going to coordinates X=-14.223, Y=-36.841
05.09 00:09:08 Moving is finished
05.09 00:10:43 Scanning 191 point from 316
05.09 00:10:43 Going to coordinates X=-14.213, Y=-36.841
05.09 00:10:43 Moving is finished
05.09 00:12:17 Scanning 192 point from 316
05.09 00:12:17 Going to coordinates X=-14.203, Y=-36.841
05.09 00:12:18 Moving is finished
05.09 00:13:52 Scanning 193 point from 316
05.09 00:13:52 Going to coordinates X=-14.193, Y=-36.841
05.09 00:13:52 Moving is finished
05.09 00:15:28 Scanning 194 point from 316
05.09 00:15:28 Going to coordinates X=-14.183, Y=-36.841
05.09 00:15:28 Moving is finished
05.09 00:17:03 Scanning 195 point from 316
05.09 00:17:03 Going to coordinates X=-14.173, Y=-36.841
05.09 00:17:03 Moving is finished
05.09 00:18:38 Scanning 196 point from 316
05.09 00:18:38 Going to coordinates X=-14.163, Y=-36.841
05.09 00:18:38 Moving is finished
05.09 00:20:13 Scanning 197 point from 316
05.09 00:20:13 Going to coordinates X=-14.153, Y=-36.841
05.09 00:20:13 Moving is finished
05.09 00:21:48 Scanning 198 point from 316
05.09 00:21:48 Going to coordinates X=-14.143, Y=-36.841
05.09 00:21:48 Moving is finished
05.09 00:23:23 Scanning 199 point from 316
05.09 00:23:23 Going to coordinates X=-14.133, Y=-36.841
05.09 00:23:24 Moving is finished
05.09 00:24:59 Scanning 200 point from 316
05.09 00:24:59 Going to coordinates X=-14.123, Y=-36.841
05.09 00:24:59 Moving is finished
05.09 00:26:34 Scanning 201 point from 316
05.09 00:26:34 Going to coordinates X=-14.113, Y=-36.841
05.09 00:26:34 Moving is finished
05.09 00:28:09 Scanning 202 point from 316
05.09 00:28:09 Going to coordinates X=-14.103, Y=-36.841
05.09 00:28:09 Moving is finished
05.09 00:29:44 Scanning 203 point from 316
05.09 00:29:44 Going to coordinates X=-14.093, Y=-36.841
05.09 00:29:44 Moving is finished
05.09 00:31:19 Scanning 204 point from 316
05.09 00:31:19 Going to coordinates X=-14.083, Y=-36.841
05.09 00:31:19 Moving is finished
05.09 00:32:54 Scanning 205 point from 316
05.09 00:32:54 Going to coordinates X=-14.073, Y=-36.841
05.09 00:32:54 Moving is finished
05.09 00:34:29 Scanning 206 point from 316
05.09 00:34:29 Going to coordinates X=-14.063, Y=-36.841
05.09 00:34:29 Moving is finished
05.09 00:36:04 Scanning 207 point from 316
05.09 00:36:04 Going to coordinates X=-14.053, Y=-36.841
05.09 00:36:04 Moving is finished
05.09 00:37:39 Scanning 208 point from 316
05.09 00:37:39 Going to coordinates X=-14.043, Y=-36.841
05.09 00:37:39 Moving is finished
05.09 00:39:14 Scanning 209 point from 316
05.09 00:39:14 Going to coordinates X=-14.033, Y=-36.841
05.09 00:39:14 Moving is finished
05.09 00:40:49 Scanning 210 point from 316
05.09 00:40:49 Going to coordinates X=-14.023, Y=-36.841
05.09 00:40:49 Moving is finished
05.09 00:42:24 Scanning 211 point from 316
05.09 00:42:24 Going to coordinates X=-14.013, Y=-36.841
05.09 00:42:24 Moving is finished
05.09 00:43:59 Scanning 212 point from 316
05.09 00:43:59 Going to coordinates X=-14.003, Y=-36.841
05.09 00:43:59 Moving is finished
05.09 00:45:34 Scanning 213 point from 316
05.09 00:45:34 Going to coordinates X=-13.993, Y=-36.841
05.09 00:45:34 Moving is finished
05.09 00:47:09 Scanning 214 point from 316
05.09 00:47:09 Going to coordinates X=-13.983, Y=-36.841
05.09 00:47:09 Moving is finished
05.09 00:48:44 Scanning 215 point from 316
05.09 00:48:44 Going to coordinates X=-13.973, Y=-36.841
05.09 00:48:44 Moving is finished
05.09 00:50:19 Scanning 216 point from 316
05.09 00:50:19 Going to coordinates X=-13.963, Y=-36.841
05.09 00:50:19 Moving is finished
05.09 00:51:54 Scanning 217 point from 316
05.09 00:51:54 Going to coordinates X=-13.953, Y=-36.841
05.09 00:51:54 Moving is finished
05.09 00:53:29 Scanning 218 point from 316
05.09 00:53:29 Going to coordinates X=-13.943, Y=-36.841
05.09 00:53:29 Moving is finished
05.09 00:55:04 Scanning 219 point from 316
05.09 00:55:04 Going to coordinates X=-13.933, Y=-36.841
05.09 00:55:04 Moving is finished
05.09 00:56:40 Scanning 220 point from 316
05.09 00:56:40 Going to coordinates X=-13.923, Y=-36.841
05.09 00:56:40 Moving is finished
05.09 00:58:15 Scanning 221 point from 316
05.09 00:58:15 Going to coordinates X=-13.913, Y=-36.841
05.09 00:58:15 Moving is finished
05.09 00:59:50 Scanning 222 point from 316
05.09 00:59:50 Going to coordinates X=-13.903, Y=-36.841
05.09 00:59:50 Moving is finished
05.09 01:01:25 Scanning 223 point from 316
05.09 01:01:25 Going to coordinates X=-13.893, Y=-36.841
05.09 01:01:25 Moving is finished
05.09 01:03:00 Scanning 224 point from 316
05.09 01:03:00 Going to coordinates X=-13.883, Y=-36.841
05.09 01:03:00 Moving is finished
05.09 01:04:35 Scanning 225 point from 316
05.09 01:04:35 Going to coordinates X=-13.873, Y=-36.841
05.09 01:04:35 Moving is finished
05.09 01:06:10 Scanning 226 point from 316
05.09 01:06:10 Going to coordinates X=-13.863, Y=-36.841
05.09 01:06:10 Moving is finished
05.09 01:07:45 Scanning 227 point from 316
05.09 01:07:45 Going to coordinates X=-13.853, Y=-36.841
05.09 01:07:45 Moving is finished
05.09 01:09:19 Scanning 228 point from 316
05.09 01:09:19 Going to coordinates X=-13.843, Y=-36.841
05.09 01:09:19 Moving is finished
05.09 01:10:55 Scanning 229 point from 316
05.09 01:10:55 Going to coordinates X=-13.833, Y=-36.841
05.09 01:10:55 Moving is finished
05.09 01:12:30 Scanning 230 point from 316
05.09 01:12:30 Going to coordinates X=-13.823, Y=-36.841
05.09 01:12:30 Moving is finished
05.09 01:14:05 Scanning 231 point from 316
05.09 01:14:05 Going to coordinates X=-13.813, Y=-36.841
05.09 01:14:05 Moving is finished
05.09 01:15:40 Scanning 232 point from 316
05.09 01:15:40 Going to coordinates X=-13.803, Y=-36.841
05.09 01:15:40 Moving is finished
05.09 01:17:15 Scanning 233 point from 316
05.09 01:17:15 Going to coordinates X=-13.793, Y=-36.841
05.09 01:17:15 Moving is finished
05.09 01:18:50 Scanning 234 point from 316
05.09 01:18:50 Going to coordinates X=-13.783, Y=-36.841
05.09 01:18:50 Moving is finished
05.09 01:20:25 Scanning 235 point from 316
05.09 01:20:25 Going to coordinates X=-13.773, Y=-36.841
05.09 01:20:25 Moving is finished
05.09 01:22:00 Scanning 236 point from 316
05.09 01:22:00 Going to coordinates X=-13.763, Y=-36.841
05.09 01:22:00 Moving is finished
05.09 01:23:34 Scanning 237 point from 316
05.09 01:23:34 Going to coordinates X=-13.753, Y=-36.841
05.09 01:23:35 Moving is finished
05.09 01:25:09 Scanning 238 point from 316
05.09 01:25:09 Going to coordinates X=-13.743, Y=-36.841
05.09 01:25:09 Moving is finished
05.09 01:26:45 Scanning 239 point from 316
05.09 01:26:45 Going to coordinates X=-13.733, Y=-36.841
05.09 01:26:45 Moving is finished
05.09 01:28:20 Scanning 240 point from 316
05.09 01:28:20 Going to coordinates X=-13.723, Y=-36.841
05.09 01:28:20 Moving is finished
05.09 01:29:54 Scanning 241 point from 316
05.09 01:29:54 Going to coordinates X=-13.713, Y=-36.841
05.09 01:29:55 Moving is finished
05.09 01:31:29 Scanning 242 point from 316
05.09 01:31:29 Going to coordinates X=-13.703, Y=-36.841
05.09 01:31:30 Moving is finished
05.09 01:33:04 Scanning 243 point from 316
05.09 01:33:04 Going to coordinates X=-13.693, Y=-36.841
05.09 01:33:05 Moving is finished
05.09 01:34:39 Scanning 244 point from 316
05.09 01:34:39 Going to coordinates X=-13.683, Y=-36.841
05.09 01:34:39 Moving is finished
05.09 01:36:14 Scanning 245 point from 316
05.09 01:36:14 Going to coordinates X=-13.673, Y=-36.841
05.09 01:36:14 Moving is finished
05.09 01:37:49 Scanning 246 point from 316
05.09 01:37:49 Going to coordinates X=-13.663, Y=-36.841
05.09 01:37:49 Moving is finished
05.09 01:39:24 Scanning 247 point from 316
05.09 01:39:24 Going to coordinates X=-13.653, Y=-36.841
05.09 01:39:24 Moving is finished
05.09 01:41:00 Scanning 248 point from 316
05.09 01:41:00 Going to coordinates X=-13.643, Y=-36.841
05.09 01:41:00 Moving is finished
05.09 01:42:34 Scanning 249 point from 316
05.09 01:42:34 Going to coordinates X=-13.633, Y=-36.841
05.09 01:42:35 Moving is finished
05.09 01:44:09 Scanning 250 point from 316
05.09 01:44:09 Going to coordinates X=-13.623, Y=-36.841
05.09 01:44:10 Moving is finished
05.09 01:45:45 Scanning 251 point from 316
05.09 01:45:45 Going to coordinates X=-13.613, Y=-36.841
05.09 01:45:45 Moving is finished
05.09 01:47:20 Scanning 252 point from 316
05.09 01:47:20 Going to coordinates X=-13.603, Y=-36.841
05.09 01:47:20 Moving is finished
05.09 01:48:55 Scanning 253 point from 316
05.09 01:48:55 Going to coordinates X=-13.593, Y=-36.841
05.09 01:48:55 Moving is finished
05.09 01:50:30 Scanning 254 point from 316
05.09 01:50:30 Going to coordinates X=-13.583, Y=-36.841
05.09 01:50:30 Moving is finished
05.09 01:52:05 Scanning 255 point from 316
05.09 01:52:05 Going to coordinates X=-13.573, Y=-36.841
05.09 01:52:05 Moving is finished
05.09 01:53:40 Scanning 256 point from 316
05.09 01:53:40 Going to coordinates X=-13.563, Y=-36.841
05.09 01:53:40 Moving is finished
05.09 01:55:15 Scanning 257 point from 316
05.09 01:55:15 Going to coordinates X=-13.553, Y=-36.841
05.09 01:55:15 Moving is finished
05.09 01:56:50 Scanning 258 point from 316
05.09 01:56:50 Going to coordinates X=-13.543, Y=-36.841
05.09 01:56:51 Moving is finished
05.09 01:58:25 Scanning 259 point from 316
05.09 01:58:25 Going to coordinates X=-13.533, Y=-36.841
05.09 01:58:25 Moving is finished
05.09 02:00:00 Scanning 260 point from 316
05.09 02:00:00 Going to coordinates X=-13.523, Y=-36.841
05.09 02:00:00 Moving is finished
05.09 02:01:35 Scanning 261 point from 316
05.09 02:01:35 Going to coordinates X=-13.513, Y=-36.841
05.09 02:01:35 Moving is finished
05.09 02:03:10 Scanning 262 point from 316
05.09 02:03:10 Going to coordinates X=-13.503, Y=-36.841
05.09 02:03:10 Moving is finished
05.09 02:04:45 Scanning 263 point from 316
05.09 02:04:45 Going to coordinates X=-13.493, Y=-36.841
05.09 02:04:45 Moving is finished
05.09 02:06:20 Scanning 264 point from 316
05.09 02:06:20 Going to coordinates X=-13.483, Y=-36.841
05.09 02:06:20 Moving is finished
05.09 02:07:55 Scanning 265 point from 316
05.09 02:07:55 Going to coordinates X=-13.473, Y=-36.841
05.09 02:07:55 Moving is finished
05.09 02:09:29 Scanning 266 point from 316
05.09 02:09:29 Going to coordinates X=-13.463, Y=-36.841
05.09 02:09:30 Moving is finished
05.09 02:11:05 Scanning 267 point from 316
05.09 02:11:05 Going to coordinates X=-13.453, Y=-36.841
05.09 02:11:05 Moving is finished
05.09 02:12:40 Scanning 268 point from 316
05.09 02:12:40 Going to coordinates X=-13.443, Y=-36.841
05.09 02:12:40 Moving is finished
05.09 02:14:15 Scanning 269 point from 316
05.09 02:14:15 Going to coordinates X=-13.433, Y=-36.841
05.09 02:14:15 Moving is finished
05.09 02:15:49 Scanning 270 point from 316
05.09 02:15:49 Going to coordinates X=-13.423, Y=-36.841
05.09 02:15:49 Moving is finished
05.09 02:17:24 Scanning 271 point from 316
05.09 02:17:24 Going to coordinates X=-13.413, Y=-36.841
05.09 02:17:24 Moving is finished
05.09 02:18:59 Scanning 272 point from 316
05.09 02:18:59 Going to coordinates X=-13.403, Y=-36.841
05.09 02:18:59 Moving is finished
05.09 02:20:34 Scanning 273 point from 316
05.09 02:20:34 Going to coordinates X=-13.393, Y=-36.841
05.09 02:20:34 Moving is finished
05.09 02:22:09 Scanning 274 point from 316
05.09 02:22:09 Going to coordinates X=-13.383, Y=-36.841
05.09 02:22:09 Moving is finished
05.09 02:23:44 Scanning 275 point from 316
05.09 02:23:44 Going to coordinates X=-13.373, Y=-36.841
05.09 02:23:44 Moving is finished
05.09 02:25:18 Scanning 276 point from 316
05.09 02:25:18 Going to coordinates X=-13.363, Y=-36.841
05.09 02:25:19 Moving is finished
05.09 02:26:54 Scanning 277 point from 316
05.09 02:26:54 Going to coordinates X=-13.353, Y=-36.841
05.09 02:26:54 Moving is finished
05.09 02:28:29 Scanning 278 point from 316
05.09 02:28:29 Going to coordinates X=-13.343, Y=-36.841
05.09 02:28:29 Moving is finished
05.09 02:30:04 Scanning 279 point from 316
05.09 02:30:04 Going to coordinates X=-13.333, Y=-36.841
05.09 02:30:04 Moving is finished
05.09 02:31:39 Scanning 280 point from 316
05.09 02:31:39 Going to coordinates X=-13.323, Y=-36.841
05.09 02:31:39 Moving is finished
05.09 02:33:14 Scanning 281 point from 316
05.09 02:33:14 Going to coordinates X=-13.313, Y=-36.841
05.09 02:33:14 Moving is finished
05.09 02:34:49 Scanning 282 point from 316
05.09 02:34:49 Going to coordinates X=-13.303, Y=-36.841
05.09 02:34:49 Moving is finished
05.09 02:36:24 Scanning 283 point from 316
05.09 02:36:24 Going to coordinates X=-13.293, Y=-36.841
05.09 02:36:24 Moving is finished
05.09 02:37:59 Scanning 284 point from 316
05.09 02:37:59 Going to coordinates X=-13.283, Y=-36.841
05.09 02:37:59 Moving is finished
05.09 02:39:34 Scanning 285 point from 316
05.09 02:39:34 Going to coordinates X=-13.273, Y=-36.841
05.09 02:39:34 Moving is finished
05.09 02:41:09 Scanning 286 point from 316
05.09 02:41:09 Going to coordinates X=-13.263, Y=-36.841
05.09 02:41:09 Moving is finished
05.09 02:42:44 Scanning 287 point from 316
05.09 02:42:44 Going to coordinates X=-13.253, Y=-36.841
05.09 02:42:44 Moving is finished
05.09 02:44:19 Scanning 288 point from 316
05.09 02:44:19 Going to coordinates X=-13.243, Y=-36.841
05.09 02:44:19 Moving is finished
05.09 02:45:54 Scanning 289 point from 316
05.09 02:45:54 Going to coordinates X=-13.233, Y=-36.841
05.09 02:45:54 Moving is finished
05.09 02:47:29 Scanning 290 point from 316
05.09 02:47:29 Going to coordinates X=-13.223, Y=-36.841
05.09 02:47:29 Moving is finished
05.09 02:49:04 Scanning 291 point from 316
05.09 02:49:04 Going to coordinates X=-13.213, Y=-36.841
05.09 02:49:04 Moving is finished
05.09 02:50:39 Scanning 292 point from 316
05.09 02:50:39 Going to coordinates X=-13.203, Y=-36.841
05.09 02:50:39 Moving is finished
05.09 02:52:14 Scanning 293 point from 316
05.09 02:52:14 Going to coordinates X=-13.193, Y=-36.841
05.09 02:52:14 Moving is finished
05.09 02:53:49 Scanning 294 point from 316
05.09 02:53:49 Going to coordinates X=-13.183, Y=-36.841
05.09 02:53:49 Moving is finished
05.09 02:55:24 Scanning 295 point from 316
05.09 02:55:24 Going to coordinates X=-13.173, Y=-36.841
05.09 02:55:24 Moving is finished
05.09 02:57:00 Scanning 296 point from 316
05.09 02:57:00 Going to coordinates X=-13.163, Y=-36.841
05.09 02:57:00 Moving is finished
05.09 02:58:35 Scanning 297 point from 316
05.09 02:58:35 Going to coordinates X=-13.153, Y=-36.841
05.09 02:58:35 Moving is finished
05.09 03:00:10 Scanning 298 point from 316
05.09 03:00:10 Going to coordinates X=-13.143, Y=-36.841
05.09 03:00:10 Moving is finished
05.09 03:01:45 Scanning 299 point from 316
05.09 03:01:45 Going to coordinates X=-13.133, Y=-36.841
05.09 03:01:45 Moving is finished
05.09 03:03:20 Scanning 300 point from 316
05.09 03:03:20 Going to coordinates X=-13.123, Y=-36.841
05.09 03:03:20 Moving is finished
05.09 03:04:55 Scanning 301 point from 316
05.09 03:04:55 Going to coordinates X=-13.113, Y=-36.841
05.09 03:04:55 Moving is finished
05.09 03:06:30 Scanning 302 point from 316
05.09 03:06:30 Going to coordinates X=-13.103, Y=-36.841
05.09 03:06:31 Moving is finished
05.09 03:08:06 Scanning 303 point from 316
05.09 03:08:06 Going to coordinates X=-13.093, Y=-36.841
05.09 03:08:06 Moving is finished
05.09 03:09:41 Scanning 304 point from 316
05.09 03:09:41 Going to coordinates X=-13.083, Y=-36.841
05.09 03:09:41 Moving is finished
05.09 03:11:16 Scanning 305 point from 316
05.09 03:11:16 Going to coordinates X=-13.073, Y=-36.841
05.09 03:11:16 Moving is finished
05.09 03:12:51 Scanning 306 point from 316
05.09 03:12:51 Going to coordinates X=-13.063, Y=-36.841
05.09 03:12:51 Moving is finished
05.09 03:14:26 Scanning 307 point from 316
05.09 03:14:26 Going to coordinates X=-13.053, Y=-36.841
05.09 03:14:26 Moving is finished
05.09 03:16:01 Scanning 308 point from 316
05.09 03:16:01 Going to coordinates X=-13.043, Y=-36.841
05.09 03:16:01 Moving is finished
05.09 03:17:36 Scanning 309 point from 316
05.09 03:17:36 Going to coordinates X=-13.033, Y=-36.841
05.09 03:17:36 Moving is finished
05.09 03:19:12 Scanning 310 point from 316
05.09 03:19:12 Going to coordinates X=-13.023, Y=-36.841
05.09 03:19:12 Moving is finished
05.09 03:20:47 Scanning 311 point from 316
05.09 03:20:47 Going to coordinates X=-13.013, Y=-36.841
05.09 03:20:47 Moving is finished
05.09 03:22:22 Scanning 312 point from 316
05.09 03:22:22 Going to coordinates X=-13.003, Y=-36.841
05.09 03:22:22 Moving is finished
05.09 03:23:57 Scanning 313 point from 316
05.09 03:23:57 Going to coordinates X=-12.993, Y=-36.841
05.09 03:23:57 Moving is finished
05.09 03:25:32 Scanning 314 point from 316
05.09 03:25:32 Going to coordinates X=-12.983, Y=-36.841
05.09 03:25:32 Moving is finished
05.09 03:27:07 Scanning 315 point from 316
05.09 03:27:07 Going to coordinates X=-12.973, Y=-36.841
05.09 03:27:07 Moving is finished
05.09 09:59:00 Row 0: 05.09 09:59:00 Goto: -12.913; -37.097; 0.000
05.09 09:59:00 Going to coordinates X=-12.913, Y=-37.097
05.09 09:59:00 Moving is finished
05.09 09:59:01 Row 1: 05.09 09:59:01 Raman: arb1hz
05.09 09:59:01 Starting signal collection to the file arb1hz
05.09 10:02:26 Data is collected!
05.09 10:02:26 Row 2: 05.09 10:02:26 Goto: -12.707; -37.097; 0.000
05.09 10:02:26 Going to coordinates X=-12.707, Y=-37.097
05.09 10:02:27 Moving is finished
05.09 10:02:28 Row 3: 05.09 10:02:28 Raman: arb1hz
05.09 10:02:28 Starting signal collection to the file arb1hz
05.09 10:05:54 Data is collected!
05.09 10:05:54 Row 4: 05.09 10:05:54 Goto: -12.274; -37.097; 0.000
05.09 10:05:54 Going to coordinates X=-12.274, Y=-37.097
05.09 10:05:55 Moving is finished
05.09 10:05:56 Row 5: 05.09 10:05:56 Raman: arb1hz
05.09 10:05:56 Starting signal collection to the file arb1hz
05.09 10:09:22 Data is collected!
05.09 10:09:22 Row 6: 05.09 10:09:22 Goto: -12.976; -37.087; 0.000
05.09 10:09:22 Going to coordinates X=-12.976, Y=-37.087
05.09 10:09:22 Moving is finished
05.09 10:09:23 Row 7: 05.09 10:09:23 Raman: arb1hz
05.09 10:09:23 Starting signal collection to the file arb1hz
05.09 10:12:49 Data is collected!
05.09 10:12:49 Row 8: 05.09 10:12:49 Goto: -12.976; -37.251; 0.000
05.09 10:12:49 Going to coordinates X=-12.976, Y=-37.251
05.09 10:12:49 Moving is finished
05.09 10:12:50 Row 9: 05.09 10:12:50 Raman: arb1hz
05.09 10:12:50 Starting signal collection to the file arb1hz
05.09 10:16:16 Data is collected!
05.09 10:16:16 Row 10: 05.09 10:16:16 Goto: -12.986; -37.015; 0.000
05.09 10:16:16 Going to coordinates X=-12.986, Y=-37.015
05.09 10:16:17 Moving is finished
05.09 10:16:18 Row 11: 05.09 10:16:18 Raman: arb1hz
05.09 10:16:18 Starting signal collection to the file arb1hz
05.09 10:19:43 Data is collected!
05.09 10:19:43 Row 12: 05.09 10:19:43 Goto: -12.986; -37.077; 0.000
05.09 10:19:43 Going to coordinates X=-12.986, Y=-37.077
05.09 10:19:44 Moving is finished
05.09 10:19:45 Row 13: 05.09 10:19:45 Raman: arb1hz
05.09 10:19:45 Starting signal collection to the file arb1hz
05.09 10:23:11 Data is collected!
05.09 13:19:15 Write timeout05.09 13:19:15 Can't send the command to GRBL

05.09 13:28:05 Write timeout05.09 13:28:05 Can't send the command to GRBL

05.09 14:57:33 Can't send the command to GRBL
05.09 14:57:33 Write timeout
