12.02 18:39:50 Initializing grbl...
12.02 18:39:50 Got the response: b''
12.02 18:42:26 Focused at  100
12.02 18:42:59 Focused at  155
12.02 18:43:06 Focused at  155
12.02 18:43:15 Focused at  105
12.02 18:43:33 Focused at  98
12.02 18:44:33 Focused at  130
12.02 18:44:50 Focused at  132
12.02 18:44:59 Focused at  169
12.02 18:45:22 Focused at  155
12.02 18:45:46 Focused at  125
12.02 18:46:31 Focused at  125
12.02 18:46:51 Focused at  114
12.02 18:47:14 Focused at  114
12.02 18:47:37 Focused at  106
12.02 18:48:28 Row 0: 12.02 18:48:28 Map: x1: -8.639, y1: -40.277, x2: -10.154, y2: -41.836, xres: 0.100, yres: 0.100, fname: M3-5
12.02 18:48:28 Scanning 0 point from 289
12.02 18:48:28 Going to coordinates X=-10.154, Y=-41.836
12.02 18:48:30 Moving is finished
12.02 18:50:15 Scanning 1 point from 289
12.02 18:50:15 Going to coordinates X=-10.054, Y=-41.836
12.02 18:50:16 Moving is finished
12.02 18:52:00 Scanning 2 point from 289
12.02 18:52:00 Going to coordinates X=-9.954, Y=-41.836
12.02 18:52:01 Moving is finished
12.02 18:53:45 Scanning 3 point from 289
12.02 18:53:45 Going to coordinates X=-9.854, Y=-41.836
12.02 18:53:45 Moving is finished
12.02 18:55:30 Scanning 4 point from 289
12.02 18:55:30 Going to coordinates X=-9.754, Y=-41.836
12.02 18:55:31 Moving is finished
12.02 18:57:15 Scanning 5 point from 289
12.02 18:57:15 Going to coordinates X=-9.654, Y=-41.836
12.02 18:57:16 Moving is finished
12.02 18:59:01 Scanning 6 point from 289
12.02 18:59:01 Going to coordinates X=-9.554, Y=-41.836
12.02 18:59:01 Moving is finished
12.02 19:00:46 Scanning 7 point from 289
12.02 19:00:46 Going to coordinates X=-9.454, Y=-41.836
12.02 19:00:46 Moving is finished
12.02 19:02:30 Scanning 8 point from 289
12.02 19:02:30 Going to coordinates X=-9.354, Y=-41.836
12.02 19:02:31 Moving is finished
12.02 19:04:16 Scanning 9 point from 289
12.02 19:04:16 Going to coordinates X=-9.254, Y=-41.836
12.02 19:04:16 Moving is finished
12.02 19:06:01 Scanning 10 point from 289
12.02 19:06:01 Going to coordinates X=-9.154, Y=-41.836
12.02 19:06:01 Moving is finished
12.02 19:07:46 Scanning 11 point from 289
12.02 19:07:46 Going to coordinates X=-9.054, Y=-41.836
12.02 19:07:47 Moving is finished
12.02 19:09:32 Scanning 12 point from 289
12.02 19:09:32 Going to coordinates X=-8.954, Y=-41.836
12.02 19:09:32 Moving is finished
12.02 19:11:17 Scanning 13 point from 289
12.02 19:11:17 Going to coordinates X=-8.854, Y=-41.836
12.02 19:11:17 Moving is finished
12.02 19:13:02 Scanning 14 point from 289
12.02 19:13:02 Going to coordinates X=-8.754, Y=-41.836
12.02 19:13:03 Moving is finished
12.02 19:14:47 Scanning 15 point from 289
12.02 19:14:47 Going to coordinates X=-8.654, Y=-41.836
12.02 19:14:47 Moving is finished
12.02 19:16:32 Scanning 16 point from 289
12.02 19:16:32 Going to coordinates X=-8.554, Y=-41.836
12.02 19:16:32 Moving is finished
12.02 19:18:17 Scanning 17 point from 289
12.02 19:18:17 Going to coordinates X=-10.154, Y=-41.736
12.02 19:18:18 Moving is finished
12.02 19:20:03 Scanning 18 point from 289
12.02 19:20:03 Going to coordinates X=-10.054, Y=-41.736
12.02 19:20:03 Moving is finished
12.02 19:21:48 Scanning 19 point from 289
12.02 19:21:48 Going to coordinates X=-9.954, Y=-41.736
12.02 19:21:48 Moving is finished
12.02 19:23:34 Scanning 20 point from 289
12.02 19:23:34 Going to coordinates X=-9.854, Y=-41.736
12.02 19:23:34 Moving is finished
12.02 19:25:19 Scanning 21 point from 289
12.02 19:25:19 Going to coordinates X=-9.754, Y=-41.736
12.02 19:25:19 Moving is finished
12.02 19:27:04 Scanning 22 point from 289
12.02 19:27:04 Going to coordinates X=-9.654, Y=-41.736
12.02 19:27:04 Moving is finished
12.02 19:28:48 Scanning 23 point from 289
12.02 19:28:48 Going to coordinates X=-9.554, Y=-41.736
12.02 19:28:49 Moving is finished
12.02 19:30:33 Scanning 24 point from 289
12.02 19:30:33 Going to coordinates X=-9.454, Y=-41.736
12.02 19:30:33 Moving is finished
12.02 19:32:18 Scanning 25 point from 289
12.02 19:32:18 Going to coordinates X=-9.354, Y=-41.736
12.02 19:32:18 Moving is finished
12.02 19:34:03 Scanning 26 point from 289
12.02 19:34:03 Going to coordinates X=-9.254, Y=-41.736
12.02 19:34:03 Moving is finished
12.02 19:35:48 Scanning 27 point from 289
12.02 19:35:48 Going to coordinates X=-9.154, Y=-41.736
12.02 19:35:48 Moving is finished
12.02 19:37:33 Scanning 28 point from 289
12.02 19:37:33 Going to coordinates X=-9.054, Y=-41.736
12.02 19:37:33 Moving is finished
12.02 19:39:17 Scanning 29 point from 289
12.02 19:39:17 Going to coordinates X=-8.954, Y=-41.736
12.02 19:39:18 Moving is finished
12.02 19:41:02 Scanning 30 point from 289
12.02 19:41:02 Going to coordinates X=-8.854, Y=-41.736
12.02 19:41:03 Moving is finished
12.02 19:42:48 Scanning 31 point from 289
12.02 19:42:48 Going to coordinates X=-8.754, Y=-41.736
12.02 19:42:48 Moving is finished
12.02 19:44:33 Scanning 32 point from 289
12.02 19:44:33 Going to coordinates X=-8.654, Y=-41.736
12.02 19:44:33 Moving is finished
12.02 19:46:18 Scanning 33 point from 289
12.02 19:46:18 Going to coordinates X=-8.554, Y=-41.736
12.02 19:46:18 Moving is finished
12.02 19:48:03 Scanning 34 point from 289
12.02 19:48:03 Going to coordinates X=-10.154, Y=-41.636
12.02 19:48:04 Moving is finished
12.02 19:49:48 Scanning 35 point from 289
12.02 19:49:48 Going to coordinates X=-10.054, Y=-41.636
12.02 19:49:49 Moving is finished
12.02 19:51:33 Scanning 36 point from 289
12.02 19:51:33 Going to coordinates X=-9.954, Y=-41.636
12.02 19:51:34 Moving is finished
12.02 19:53:19 Scanning 37 point from 289
12.02 19:53:19 Going to coordinates X=-9.854, Y=-41.636
12.02 19:53:19 Moving is finished
12.02 19:55:04 Scanning 38 point from 289
12.02 19:55:04 Going to coordinates X=-9.754, Y=-41.636
12.02 19:55:04 Moving is finished
12.02 19:56:49 Scanning 39 point from 289
12.02 19:56:49 Going to coordinates X=-9.654, Y=-41.636
12.02 19:56:49 Moving is finished
12.02 19:58:34 Scanning 40 point from 289
12.02 19:58:34 Going to coordinates X=-9.554, Y=-41.636
12.02 19:58:34 Moving is finished
12.02 20:00:19 Scanning 41 point from 289
12.02 20:00:19 Going to coordinates X=-9.454, Y=-41.636
12.02 20:00:19 Moving is finished
12.02 20:02:04 Scanning 42 point from 289
12.02 20:02:04 Going to coordinates X=-9.354, Y=-41.636
12.02 20:02:04 Moving is finished
12.02 20:03:49 Scanning 43 point from 289
12.02 20:03:49 Going to coordinates X=-9.254, Y=-41.636
12.02 20:03:49 Moving is finished
12.02 20:05:34 Scanning 44 point from 289
12.02 20:05:34 Going to coordinates X=-9.154, Y=-41.636
12.02 20:05:35 Moving is finished
12.02 20:07:19 Scanning 45 point from 289
12.02 20:07:19 Going to coordinates X=-9.054, Y=-41.636
12.02 20:07:20 Moving is finished
12.02 20:09:05 Scanning 46 point from 289
12.02 20:09:05 Going to coordinates X=-8.954, Y=-41.636
12.02 20:09:05 Moving is finished
12.02 20:10:50 Scanning 47 point from 289
12.02 20:10:50 Going to coordinates X=-8.854, Y=-41.636
12.02 20:10:50 Moving is finished
12.02 20:12:35 Scanning 48 point from 289
12.02 20:12:35 Going to coordinates X=-8.754, Y=-41.636
12.02 20:12:35 Moving is finished
12.02 20:14:20 Scanning 49 point from 289
12.02 20:14:20 Going to coordinates X=-8.654, Y=-41.636
12.02 20:14:20 Moving is finished
12.02 20:16:05 Scanning 50 point from 289
12.02 20:16:05 Going to coordinates X=-8.554, Y=-41.636
12.02 20:16:05 Moving is finished
12.02 20:17:50 Scanning 51 point from 289
12.02 20:17:50 Going to coordinates X=-10.154, Y=-41.536
12.02 20:17:51 Moving is finished
12.02 20:19:35 Scanning 52 point from 289
12.02 20:19:35 Going to coordinates X=-10.054, Y=-41.536
12.02 20:19:36 Moving is finished
12.02 20:21:21 Scanning 53 point from 289
12.02 20:21:21 Going to coordinates X=-9.954, Y=-41.536
12.02 20:21:21 Moving is finished
12.02 20:23:06 Scanning 54 point from 289
12.02 20:23:06 Going to coordinates X=-9.854, Y=-41.536
12.02 20:23:06 Moving is finished
12.02 20:24:51 Scanning 55 point from 289
12.02 20:24:51 Going to coordinates X=-9.754, Y=-41.536
12.02 20:24:51 Moving is finished
12.02 20:26:36 Scanning 56 point from 289
12.02 20:26:36 Going to coordinates X=-9.654, Y=-41.536
12.02 20:26:36 Moving is finished
12.02 20:28:21 Scanning 57 point from 289
12.02 20:28:21 Going to coordinates X=-9.554, Y=-41.536
12.02 20:28:21 Moving is finished
12.02 20:30:06 Scanning 58 point from 289
12.02 20:30:06 Going to coordinates X=-9.454, Y=-41.536
12.02 20:30:06 Moving is finished
12.02 20:31:50 Scanning 59 point from 289
12.02 20:31:50 Going to coordinates X=-9.354, Y=-41.536
12.02 20:31:51 Moving is finished
12.02 20:33:36 Scanning 60 point from 289
12.02 20:33:36 Going to coordinates X=-9.254, Y=-41.536
12.02 20:33:36 Moving is finished
12.02 20:35:20 Scanning 61 point from 289
12.02 20:35:20 Going to coordinates X=-9.154, Y=-41.536
12.02 20:35:21 Moving is finished
12.02 20:37:05 Scanning 62 point from 289
12.02 20:37:05 Going to coordinates X=-9.054, Y=-41.536
12.02 20:37:05 Moving is finished
12.02 20:38:50 Scanning 63 point from 289
12.02 20:38:50 Going to coordinates X=-8.954, Y=-41.536
12.02 20:38:50 Moving is finished
12.02 20:40:35 Scanning 64 point from 289
12.02 20:40:35 Going to coordinates X=-8.854, Y=-41.536
12.02 20:40:36 Moving is finished
12.02 20:42:20 Scanning 65 point from 289
12.02 20:42:20 Going to coordinates X=-8.754, Y=-41.536
12.02 20:42:21 Moving is finished
12.02 20:44:05 Scanning 66 point from 289
12.02 20:44:05 Going to coordinates X=-8.654, Y=-41.536
12.02 20:44:06 Moving is finished
12.02 20:45:50 Scanning 67 point from 289
12.02 20:45:50 Going to coordinates X=-8.554, Y=-41.536
12.02 20:45:51 Moving is finished
12.02 20:47:35 Scanning 68 point from 289
12.02 20:47:35 Going to coordinates X=-10.154, Y=-41.436
12.02 20:47:36 Moving is finished
12.02 20:49:21 Scanning 69 point from 289
12.02 20:49:21 Going to coordinates X=-10.054, Y=-41.436
12.02 20:49:22 Moving is finished
12.02 20:51:07 Scanning 70 point from 289
12.02 20:51:07 Going to coordinates X=-9.954, Y=-41.436
12.02 20:51:07 Moving is finished
12.02 20:52:52 Scanning 71 point from 289
12.02 20:52:52 Going to coordinates X=-9.854, Y=-41.436
12.02 20:52:52 Moving is finished
12.02 20:54:37 Scanning 72 point from 289
12.02 20:54:37 Going to coordinates X=-9.754, Y=-41.436
12.02 20:54:37 Moving is finished
12.02 20:56:23 Scanning 73 point from 289
12.02 20:56:23 Going to coordinates X=-9.654, Y=-41.436
12.02 20:56:23 Moving is finished
12.02 20:58:08 Scanning 74 point from 289
12.02 20:58:08 Going to coordinates X=-9.554, Y=-41.436
12.02 20:58:08 Moving is finished
12.02 20:59:53 Scanning 75 point from 289
12.02 20:59:53 Going to coordinates X=-9.454, Y=-41.436
12.02 20:59:53 Moving is finished
12.02 21:01:38 Scanning 76 point from 289
12.02 21:01:38 Going to coordinates X=-9.354, Y=-41.436
12.02 21:01:39 Moving is finished
12.02 21:03:24 Scanning 77 point from 289
12.02 21:03:24 Going to coordinates X=-9.254, Y=-41.436
12.02 21:03:24 Moving is finished
12.02 21:05:09 Scanning 78 point from 289
12.02 21:05:09 Going to coordinates X=-9.154, Y=-41.436
12.02 21:05:09 Moving is finished
12.02 21:06:54 Scanning 79 point from 289
12.02 21:06:54 Going to coordinates X=-9.054, Y=-41.436
12.02 21:06:54 Moving is finished
12.02 21:08:39 Scanning 80 point from 289
12.02 21:08:39 Going to coordinates X=-8.954, Y=-41.436
12.02 21:08:39 Moving is finished
12.02 21:10:24 Scanning 81 point from 289
12.02 21:10:24 Going to coordinates X=-8.854, Y=-41.436
12.02 21:10:24 Moving is finished
12.02 21:12:09 Scanning 82 point from 289
12.02 21:12:09 Going to coordinates X=-8.754, Y=-41.436
12.02 21:12:10 Moving is finished
12.02 21:13:54 Scanning 83 point from 289
12.02 21:13:54 Going to coordinates X=-8.654, Y=-41.436
12.02 21:13:55 Moving is finished
12.02 21:15:40 Scanning 84 point from 289
12.02 21:15:40 Going to coordinates X=-8.554, Y=-41.436
12.02 21:15:40 Moving is finished
12.02 21:17:25 Scanning 85 point from 289
12.02 21:17:25 Going to coordinates X=-10.154, Y=-41.336
12.02 21:17:26 Moving is finished
12.02 21:19:11 Scanning 86 point from 289
12.02 21:19:11 Going to coordinates X=-10.054, Y=-41.336
12.02 21:19:11 Moving is finished
12.02 21:20:56 Scanning 87 point from 289
12.02 21:20:56 Going to coordinates X=-9.954, Y=-41.336
12.02 21:20:56 Moving is finished
12.02 21:22:41 Scanning 88 point from 289
12.02 21:22:41 Going to coordinates X=-9.854, Y=-41.336
12.02 21:22:41 Moving is finished
12.02 21:24:26 Scanning 89 point from 289
12.02 21:24:26 Going to coordinates X=-9.754, Y=-41.336
12.02 21:24:26 Moving is finished
12.02 21:26:11 Scanning 90 point from 289
12.02 21:26:11 Going to coordinates X=-9.654, Y=-41.336
12.02 21:26:11 Moving is finished
12.02 21:27:56 Scanning 91 point from 289
12.02 21:27:56 Going to coordinates X=-9.554, Y=-41.336
12.02 21:27:56 Moving is finished
12.02 21:29:41 Scanning 92 point from 289
12.02 21:29:41 Going to coordinates X=-9.454, Y=-41.336
12.02 21:29:41 Moving is finished
12.02 21:31:26 Scanning 93 point from 289
12.02 21:31:26 Going to coordinates X=-9.354, Y=-41.336
12.02 21:31:27 Moving is finished
12.02 21:33:11 Scanning 94 point from 289
12.02 21:33:11 Going to coordinates X=-9.254, Y=-41.336
12.02 21:33:11 Moving is finished
12.02 21:34:56 Scanning 95 point from 289
12.02 21:34:56 Going to coordinates X=-9.154, Y=-41.336
12.02 21:34:56 Moving is finished
12.02 21:36:41 Scanning 96 point from 289
12.02 21:36:41 Going to coordinates X=-9.054, Y=-41.336
12.02 21:36:41 Moving is finished
12.02 21:38:26 Scanning 97 point from 289
12.02 21:38:26 Going to coordinates X=-8.954, Y=-41.336
12.02 21:38:26 Moving is finished
12.02 21:40:11 Scanning 98 point from 289
12.02 21:40:11 Going to coordinates X=-8.854, Y=-41.336
12.02 21:40:11 Moving is finished
12.02 21:41:56 Scanning 99 point from 289
12.02 21:41:56 Going to coordinates X=-8.754, Y=-41.336
12.02 21:41:57 Moving is finished
12.02 21:43:42 Scanning 100 point from 289
12.02 21:43:42 Going to coordinates X=-8.654, Y=-41.336
12.02 21:43:42 Moving is finished
12.02 21:45:27 Scanning 101 point from 289
12.02 21:45:27 Going to coordinates X=-8.554, Y=-41.336
12.02 21:45:27 Moving is finished
12.02 21:47:12 Scanning 102 point from 289
12.02 21:47:12 Going to coordinates X=-10.154, Y=-41.236
12.02 21:47:13 Moving is finished
12.02 21:48:57 Scanning 103 point from 289
12.02 21:48:57 Going to coordinates X=-10.054, Y=-41.236
12.02 21:48:58 Moving is finished
12.02 21:50:43 Scanning 104 point from 289
12.02 21:50:43 Going to coordinates X=-9.954, Y=-41.236
12.02 21:50:43 Moving is finished
12.02 21:52:28 Scanning 105 point from 289
12.02 21:52:28 Going to coordinates X=-9.854, Y=-41.236
12.02 21:52:28 Moving is finished
12.02 21:54:13 Scanning 106 point from 289
12.02 21:54:13 Going to coordinates X=-9.754, Y=-41.236
12.02 21:54:13 Moving is finished
12.02 21:55:58 Scanning 107 point from 289
12.02 21:55:58 Going to coordinates X=-9.654, Y=-41.236
12.02 21:55:58 Moving is finished
12.02 21:57:42 Scanning 108 point from 289
12.02 21:57:42 Going to coordinates X=-9.554, Y=-41.236
12.02 21:57:43 Moving is finished
12.02 21:59:27 Scanning 109 point from 289
12.02 21:59:27 Going to coordinates X=-9.454, Y=-41.236
12.02 21:59:28 Moving is finished
12.02 22:01:12 Scanning 110 point from 289
12.02 22:01:12 Going to coordinates X=-9.354, Y=-41.236
12.02 22:01:13 Moving is finished
12.02 22:02:57 Scanning 111 point from 289
12.02 22:02:57 Going to coordinates X=-9.254, Y=-41.236
12.02 22:02:58 Moving is finished
12.02 22:04:43 Scanning 112 point from 289
12.02 22:04:43 Going to coordinates X=-9.154, Y=-41.236
12.02 22:04:43 Moving is finished
12.02 22:06:28 Scanning 113 point from 289
12.02 22:06:28 Going to coordinates X=-9.054, Y=-41.236
12.02 22:06:28 Moving is finished
12.02 22:08:13 Scanning 114 point from 289
12.02 22:08:13 Going to coordinates X=-8.954, Y=-41.236
12.02 22:08:13 Moving is finished
12.02 22:09:58 Scanning 115 point from 289
12.02 22:09:58 Going to coordinates X=-8.854, Y=-41.236
12.02 22:09:58 Moving is finished
12.02 22:11:43 Scanning 116 point from 289
12.02 22:11:43 Going to coordinates X=-8.754, Y=-41.236
12.02 22:11:43 Moving is finished
12.02 22:13:27 Scanning 117 point from 289
12.02 22:13:27 Going to coordinates X=-8.654, Y=-41.236
12.02 22:13:28 Moving is finished
12.02 22:15:12 Scanning 118 point from 289
12.02 22:15:12 Going to coordinates X=-8.554, Y=-41.236
12.02 22:15:13 Moving is finished
12.02 22:16:58 Scanning 119 point from 289
12.02 22:16:58 Going to coordinates X=-10.154, Y=-41.136
12.02 22:16:58 Moving is finished
12.02 22:18:43 Scanning 120 point from 289
12.02 22:18:43 Going to coordinates X=-10.054, Y=-41.136
12.02 22:18:43 Moving is finished
12.02 22:20:28 Scanning 121 point from 289
12.02 22:20:28 Going to coordinates X=-9.954, Y=-41.136
12.02 22:20:28 Moving is finished
12.02 22:22:13 Scanning 122 point from 289
12.02 22:22:13 Going to coordinates X=-9.854, Y=-41.136
12.02 22:22:13 Moving is finished
12.02 22:23:58 Scanning 123 point from 289
12.02 22:23:58 Going to coordinates X=-9.754, Y=-41.136
12.02 22:23:59 Moving is finished
12.02 22:25:43 Scanning 124 point from 289
12.02 22:25:43 Going to coordinates X=-9.654, Y=-41.136
12.02 22:25:44 Moving is finished
12.02 22:27:28 Scanning 125 point from 289
12.02 22:27:28 Going to coordinates X=-9.554, Y=-41.136
12.02 22:27:28 Moving is finished
12.02 22:29:13 Scanning 126 point from 289
12.02 22:29:13 Going to coordinates X=-9.454, Y=-41.136
12.02 22:29:13 Moving is finished
12.02 22:30:58 Scanning 127 point from 289
12.02 22:30:58 Going to coordinates X=-9.354, Y=-41.136
12.02 22:30:58 Moving is finished
12.02 22:32:43 Scanning 128 point from 289
12.02 22:32:43 Going to coordinates X=-9.254, Y=-41.136
12.02 22:32:43 Moving is finished
12.02 22:34:28 Scanning 129 point from 289
12.02 22:34:28 Going to coordinates X=-9.154, Y=-41.136
12.02 22:34:28 Moving is finished
12.02 22:36:13 Scanning 130 point from 289
12.02 22:36:13 Going to coordinates X=-9.054, Y=-41.136
12.02 22:36:13 Moving is finished
12.02 22:37:59 Scanning 131 point from 289
12.02 22:37:59 Going to coordinates X=-8.954, Y=-41.136
12.02 22:37:59 Moving is finished
12.02 22:39:43 Scanning 132 point from 289
12.02 22:39:43 Going to coordinates X=-8.854, Y=-41.136
12.02 22:39:44 Moving is finished
12.02 22:41:28 Scanning 133 point from 289
12.02 22:41:28 Going to coordinates X=-8.754, Y=-41.136
12.02 22:41:29 Moving is finished
12.02 22:43:14 Scanning 134 point from 289
12.02 22:43:14 Going to coordinates X=-8.654, Y=-41.136
12.02 22:43:14 Moving is finished
12.02 22:44:59 Scanning 135 point from 289
12.02 22:44:59 Going to coordinates X=-8.554, Y=-41.136
12.02 22:44:59 Moving is finished
12.02 22:46:44 Scanning 136 point from 289
12.02 22:46:44 Going to coordinates X=-10.154, Y=-41.036
12.02 22:46:45 Moving is finished
12.02 22:48:30 Scanning 137 point from 289
12.02 22:48:30 Going to coordinates X=-10.054, Y=-41.036
12.02 22:48:30 Moving is finished
12.02 22:50:14 Scanning 138 point from 289
12.02 22:50:14 Going to coordinates X=-9.954, Y=-41.036
12.02 22:50:15 Moving is finished
12.02 22:51:59 Scanning 139 point from 289
12.02 22:51:59 Going to coordinates X=-9.854, Y=-41.036
12.02 22:51:59 Moving is finished
12.02 22:53:44 Scanning 140 point from 289
12.02 22:53:44 Going to coordinates X=-9.754, Y=-41.036
12.02 22:53:44 Moving is finished
12.02 22:55:29 Scanning 141 point from 289
12.02 22:55:29 Going to coordinates X=-9.654, Y=-41.036
12.02 22:55:29 Moving is finished
12.02 22:57:14 Scanning 142 point from 289
12.02 22:57:14 Going to coordinates X=-9.554, Y=-41.036
12.02 22:57:14 Moving is finished
12.02 22:58:59 Scanning 143 point from 289
12.02 22:58:59 Going to coordinates X=-9.454, Y=-41.036
12.02 22:58:59 Moving is finished
12.02 23:00:45 Scanning 144 point from 289
12.02 23:00:45 Going to coordinates X=-9.354, Y=-41.036
12.02 23:00:45 Moving is finished
12.02 23:02:30 Scanning 145 point from 289
12.02 23:02:30 Going to coordinates X=-9.254, Y=-41.036
12.02 23:02:30 Moving is finished
12.02 23:04:16 Scanning 146 point from 289
12.02 23:04:16 Going to coordinates X=-9.154, Y=-41.036
12.02 23:04:16 Moving is finished
12.02 23:06:01 Scanning 147 point from 289
12.02 23:06:01 Going to coordinates X=-9.054, Y=-41.036
12.02 23:06:01 Moving is finished
12.02 23:07:47 Scanning 148 point from 289
12.02 23:07:47 Going to coordinates X=-8.954, Y=-41.036
12.02 23:07:47 Moving is finished
12.02 23:09:32 Scanning 149 point from 289
12.02 23:09:32 Going to coordinates X=-8.854, Y=-41.036
12.02 23:09:32 Moving is finished
12.02 23:11:17 Scanning 150 point from 289
12.02 23:11:17 Going to coordinates X=-8.754, Y=-41.036
12.02 23:11:17 Moving is finished
12.02 23:13:02 Scanning 151 point from 289
12.02 23:13:02 Going to coordinates X=-8.654, Y=-41.036
12.02 23:13:02 Moving is finished
12.02 23:14:47 Scanning 152 point from 289
12.02 23:14:47 Going to coordinates X=-8.554, Y=-41.036
12.02 23:14:47 Moving is finished
12.02 23:16:32 Scanning 153 point from 289
12.02 23:16:32 Going to coordinates X=-10.154, Y=-40.936
12.02 23:16:33 Moving is finished
12.02 23:18:17 Scanning 154 point from 289
12.02 23:18:17 Going to coordinates X=-10.054, Y=-40.936
12.02 23:18:17 Moving is finished
12.02 23:20:03 Scanning 155 point from 289
12.02 23:20:03 Going to coordinates X=-9.954, Y=-40.936
12.02 23:20:03 Moving is finished
12.02 23:21:48 Scanning 156 point from 289
12.02 23:21:48 Going to coordinates X=-9.854, Y=-40.936
12.02 23:21:48 Moving is finished
12.02 23:23:33 Scanning 157 point from 289
12.02 23:23:33 Going to coordinates X=-9.754, Y=-40.936
12.02 23:23:33 Moving is finished
12.02 23:25:18 Scanning 158 point from 289
12.02 23:25:18 Going to coordinates X=-9.654, Y=-40.936
12.02 23:25:18 Moving is finished
12.02 23:27:03 Scanning 159 point from 289
12.02 23:27:03 Going to coordinates X=-9.554, Y=-40.936
12.02 23:27:03 Moving is finished
12.02 23:28:48 Scanning 160 point from 289
12.02 23:28:48 Going to coordinates X=-9.454, Y=-40.936
12.02 23:28:48 Moving is finished
12.02 23:30:33 Scanning 161 point from 289
12.02 23:30:33 Going to coordinates X=-9.354, Y=-40.936
12.02 23:30:33 Moving is finished
12.02 23:32:18 Scanning 162 point from 289
12.02 23:32:18 Going to coordinates X=-9.254, Y=-40.936
12.02 23:32:19 Moving is finished
12.02 23:34:04 Scanning 163 point from 289
12.02 23:34:04 Going to coordinates X=-9.154, Y=-40.936
12.02 23:34:04 Moving is finished
12.02 23:35:49 Scanning 164 point from 289
12.02 23:35:49 Going to coordinates X=-9.054, Y=-40.936
12.02 23:35:49 Moving is finished
12.02 23:37:34 Scanning 165 point from 289
12.02 23:37:34 Going to coordinates X=-8.954, Y=-40.936
12.02 23:37:34 Moving is finished
12.02 23:39:19 Scanning 166 point from 289
12.02 23:39:19 Going to coordinates X=-8.854, Y=-40.936
12.02 23:39:19 Moving is finished
12.02 23:41:04 Scanning 167 point from 289
12.02 23:41:04 Going to coordinates X=-8.754, Y=-40.936
12.02 23:41:04 Moving is finished
12.02 23:42:50 Scanning 168 point from 289
12.02 23:42:50 Going to coordinates X=-8.654, Y=-40.936
12.02 23:42:50 Moving is finished
12.02 23:44:35 Scanning 169 point from 289
12.02 23:44:35 Going to coordinates X=-8.554, Y=-40.936
12.02 23:44:35 Moving is finished
12.02 23:46:21 Scanning 170 point from 289
12.02 23:46:21 Going to coordinates X=-10.154, Y=-40.836
12.02 23:46:21 Moving is finished
12.02 23:48:07 Scanning 171 point from 289
12.02 23:48:07 Going to coordinates X=-10.054, Y=-40.836
12.02 23:48:07 Moving is finished
12.02 23:49:53 Scanning 172 point from 289
12.02 23:49:53 Going to coordinates X=-9.954, Y=-40.836
12.02 23:49:53 Moving is finished
12.02 23:51:37 Scanning 173 point from 289
12.02 23:51:37 Going to coordinates X=-9.854, Y=-40.836
12.02 23:51:38 Moving is finished
12.02 23:53:22 Scanning 174 point from 289
12.02 23:53:22 Going to coordinates X=-9.754, Y=-40.836
12.02 23:53:23 Moving is finished
12.02 23:55:07 Scanning 175 point from 289
12.02 23:55:07 Going to coordinates X=-9.654, Y=-40.836
12.02 23:55:07 Moving is finished
12.02 23:56:52 Scanning 176 point from 289
12.02 23:56:52 Going to coordinates X=-9.554, Y=-40.836
12.02 23:56:53 Moving is finished
12.02 23:58:38 Scanning 177 point from 289
12.02 23:58:38 Going to coordinates X=-9.454, Y=-40.836
12.02 23:58:38 Moving is finished
13.02 00:00:24 Scanning 178 point from 289
13.02 00:00:24 Going to coordinates X=-9.354, Y=-40.836
13.02 00:00:24 Moving is finished
13.02 00:02:08 Scanning 179 point from 289
13.02 00:02:08 Going to coordinates X=-9.254, Y=-40.836
13.02 00:02:09 Moving is finished
13.02 00:03:53 Scanning 180 point from 289
13.02 00:03:53 Going to coordinates X=-9.154, Y=-40.836
13.02 00:03:54 Moving is finished
13.02 00:05:38 Scanning 181 point from 289
13.02 00:05:38 Going to coordinates X=-9.054, Y=-40.836
13.02 00:05:39 Moving is finished
13.02 00:07:24 Scanning 182 point from 289
13.02 00:07:24 Going to coordinates X=-8.954, Y=-40.836
13.02 00:07:24 Moving is finished
13.02 00:09:09 Scanning 183 point from 289
13.02 00:09:09 Going to coordinates X=-8.854, Y=-40.836
13.02 00:09:09 Moving is finished
13.02 00:10:54 Scanning 184 point from 289
13.02 00:10:54 Going to coordinates X=-8.754, Y=-40.836
13.02 00:10:54 Moving is finished
13.02 00:12:39 Scanning 185 point from 289
13.02 00:12:39 Going to coordinates X=-8.654, Y=-40.836
13.02 00:12:39 Moving is finished
13.02 00:14:24 Scanning 186 point from 289
13.02 00:14:24 Going to coordinates X=-8.554, Y=-40.836
13.02 00:14:24 Moving is finished
13.02 00:16:09 Scanning 187 point from 289
13.02 00:16:09 Going to coordinates X=-10.154, Y=-40.736
13.02 00:16:10 Moving is finished
13.02 00:17:55 Scanning 188 point from 289
13.02 00:17:55 Going to coordinates X=-10.054, Y=-40.736
13.02 00:17:55 Moving is finished
13.02 00:19:40 Scanning 189 point from 289
13.02 00:19:40 Going to coordinates X=-9.954, Y=-40.736
13.02 00:19:40 Moving is finished
13.02 00:21:25 Scanning 190 point from 289
13.02 00:21:25 Going to coordinates X=-9.854, Y=-40.736
13.02 00:21:25 Moving is finished
13.02 00:23:10 Scanning 191 point from 289
13.02 00:23:10 Going to coordinates X=-9.754, Y=-40.736
13.02 00:23:10 Moving is finished
13.02 00:24:56 Scanning 192 point from 289
13.02 00:24:56 Going to coordinates X=-9.654, Y=-40.736
13.02 00:24:56 Moving is finished
13.02 00:26:40 Scanning 193 point from 289
13.02 00:26:40 Going to coordinates X=-9.554, Y=-40.736
13.02 00:26:41 Moving is finished
13.02 00:28:25 Scanning 194 point from 289
13.02 00:28:25 Going to coordinates X=-9.454, Y=-40.736
13.02 00:28:26 Moving is finished
13.02 00:30:11 Scanning 195 point from 289
13.02 00:30:11 Going to coordinates X=-9.354, Y=-40.736
13.02 00:30:11 Moving is finished
13.02 00:31:56 Scanning 196 point from 289
13.02 00:31:56 Going to coordinates X=-9.254, Y=-40.736
13.02 00:31:56 Moving is finished
13.02 00:33:41 Scanning 197 point from 289
13.02 00:33:41 Going to coordinates X=-9.154, Y=-40.736
13.02 00:33:41 Moving is finished
13.02 00:35:26 Scanning 198 point from 289
13.02 00:35:26 Going to coordinates X=-9.054, Y=-40.736
13.02 00:35:27 Moving is finished
13.02 00:37:12 Scanning 199 point from 289
13.02 00:37:12 Going to coordinates X=-8.954, Y=-40.736
13.02 00:37:12 Moving is finished
13.02 00:38:57 Scanning 200 point from 289
13.02 00:38:57 Going to coordinates X=-8.854, Y=-40.736
13.02 00:38:57 Moving is finished
13.02 00:40:42 Scanning 201 point from 289
13.02 00:40:42 Going to coordinates X=-8.754, Y=-40.736
13.02 00:40:42 Moving is finished
13.02 00:42:27 Scanning 202 point from 289
13.02 00:42:27 Going to coordinates X=-8.654, Y=-40.736
13.02 00:42:27 Moving is finished
13.02 00:44:12 Scanning 203 point from 289
13.02 00:44:12 Going to coordinates X=-8.554, Y=-40.736
13.02 00:44:12 Moving is finished
13.02 00:45:57 Scanning 204 point from 289
13.02 00:45:57 Going to coordinates X=-10.154, Y=-40.636
13.02 00:45:58 Moving is finished
13.02 00:47:43 Scanning 205 point from 289
13.02 00:47:43 Going to coordinates X=-10.054, Y=-40.636
13.02 00:47:43 Moving is finished
13.02 00:49:28 Scanning 206 point from 289
13.02 00:49:28 Going to coordinates X=-9.954, Y=-40.636
13.02 00:49:29 Moving is finished
13.02 00:51:14 Scanning 207 point from 289
13.02 00:51:14 Going to coordinates X=-9.854, Y=-40.636
13.02 00:51:14 Moving is finished
13.02 00:52:59 Scanning 208 point from 289
13.02 00:52:59 Going to coordinates X=-9.754, Y=-40.636
13.02 00:52:59 Moving is finished
13.02 00:54:43 Scanning 209 point from 289
13.02 00:54:43 Going to coordinates X=-9.654, Y=-40.636
13.02 00:54:44 Moving is finished
13.02 00:56:29 Scanning 210 point from 289
13.02 00:56:29 Going to coordinates X=-9.554, Y=-40.636
13.02 00:56:29 Moving is finished
13.02 00:58:14 Scanning 211 point from 289
13.02 00:58:14 Going to coordinates X=-9.454, Y=-40.636
13.02 00:58:15 Moving is finished
13.02 00:59:59 Scanning 212 point from 289
13.02 00:59:59 Going to coordinates X=-9.354, Y=-40.636
13.02 00:59:59 Moving is finished
13.02 01:01:44 Scanning 213 point from 289
13.02 01:01:44 Going to coordinates X=-9.254, Y=-40.636
13.02 01:01:44 Moving is finished
13.02 01:03:29 Scanning 214 point from 289
13.02 01:03:29 Going to coordinates X=-9.154, Y=-40.636
13.02 01:03:29 Moving is finished
13.02 01:05:15 Scanning 215 point from 289
13.02 01:05:15 Going to coordinates X=-9.054, Y=-40.636
13.02 01:05:15 Moving is finished
13.02 01:07:00 Scanning 216 point from 289
13.02 01:07:00 Going to coordinates X=-8.954, Y=-40.636
13.02 01:07:00 Moving is finished
13.02 01:08:44 Scanning 217 point from 289
13.02 01:08:44 Going to coordinates X=-8.854, Y=-40.636
13.02 01:08:45 Moving is finished
13.02 01:10:29 Scanning 218 point from 289
13.02 01:10:29 Going to coordinates X=-8.754, Y=-40.636
13.02 01:10:30 Moving is finished
13.02 01:12:15 Scanning 219 point from 289
13.02 01:12:15 Going to coordinates X=-8.654, Y=-40.636
13.02 01:12:15 Moving is finished
13.02 01:14:00 Scanning 220 point from 289
13.02 01:14:00 Going to coordinates X=-8.554, Y=-40.636
13.02 01:14:00 Moving is finished
13.02 01:15:45 Scanning 221 point from 289
13.02 01:15:45 Going to coordinates X=-10.154, Y=-40.536
13.02 01:15:46 Moving is finished
13.02 01:17:32 Scanning 222 point from 289
13.02 01:17:32 Going to coordinates X=-10.054, Y=-40.536
13.02 01:17:32 Moving is finished
13.02 01:19:17 Scanning 223 point from 289
13.02 01:19:17 Going to coordinates X=-9.954, Y=-40.536
13.02 01:19:17 Moving is finished
13.02 01:21:02 Scanning 224 point from 289
13.02 01:21:02 Going to coordinates X=-9.854, Y=-40.536
13.02 01:21:02 Moving is finished
13.02 01:22:47 Scanning 225 point from 289
13.02 01:22:47 Going to coordinates X=-9.754, Y=-40.536
13.02 01:22:47 Moving is finished
13.02 01:24:32 Scanning 226 point from 289
13.02 01:24:32 Going to coordinates X=-9.654, Y=-40.536
13.02 01:24:32 Moving is finished
13.02 01:26:17 Scanning 227 point from 289
13.02 01:26:17 Going to coordinates X=-9.554, Y=-40.536
13.02 01:26:17 Moving is finished
13.02 01:28:02 Scanning 228 point from 289
13.02 01:28:02 Going to coordinates X=-9.454, Y=-40.536
13.02 01:28:02 Moving is finished
13.02 01:29:47 Scanning 229 point from 289
13.02 01:29:47 Going to coordinates X=-9.354, Y=-40.536
13.02 01:29:47 Moving is finished
13.02 01:31:31 Scanning 230 point from 289
13.02 01:31:31 Going to coordinates X=-9.254, Y=-40.536
13.02 01:31:32 Moving is finished
13.02 01:33:16 Scanning 231 point from 289
13.02 01:33:16 Going to coordinates X=-9.154, Y=-40.536
13.02 01:33:17 Moving is finished
13.02 01:35:02 Scanning 232 point from 289
13.02 01:35:02 Going to coordinates X=-9.054, Y=-40.536
13.02 01:35:02 Moving is finished
13.02 01:36:46 Scanning 233 point from 289
13.02 01:36:46 Going to coordinates X=-8.954, Y=-40.536
13.02 01:36:47 Moving is finished
13.02 01:38:31 Scanning 234 point from 289
13.02 01:38:31 Going to coordinates X=-8.854, Y=-40.536
13.02 01:38:32 Moving is finished
13.02 01:40:17 Scanning 235 point from 289
13.02 01:40:17 Going to coordinates X=-8.754, Y=-40.536
13.02 01:40:17 Moving is finished
13.02 01:42:02 Scanning 236 point from 289
13.02 01:42:02 Going to coordinates X=-8.654, Y=-40.536
13.02 01:42:02 Moving is finished
13.02 01:43:47 Scanning 237 point from 289
13.02 01:43:47 Going to coordinates X=-8.554, Y=-40.536
13.02 01:43:47 Moving is finished
13.02 01:45:32 Scanning 238 point from 289
13.02 01:45:32 Going to coordinates X=-10.154, Y=-40.436
13.02 01:45:33 Moving is finished
13.02 01:47:17 Scanning 239 point from 289
13.02 01:47:17 Going to coordinates X=-10.054, Y=-40.436
13.02 01:47:18 Moving is finished
13.02 01:49:03 Scanning 240 point from 289
13.02 01:49:03 Going to coordinates X=-9.954, Y=-40.436
13.02 01:49:03 Moving is finished
13.02 01:50:48 Scanning 241 point from 289
13.02 01:50:48 Going to coordinates X=-9.854, Y=-40.436
13.02 01:50:48 Moving is finished
13.02 01:52:33 Scanning 242 point from 289
13.02 01:52:33 Going to coordinates X=-9.754, Y=-40.436
13.02 01:52:33 Moving is finished
13.02 01:54:18 Scanning 243 point from 289
13.02 01:54:18 Going to coordinates X=-9.654, Y=-40.436
13.02 01:54:18 Moving is finished
13.02 01:56:03 Scanning 244 point from 289
13.02 01:56:03 Going to coordinates X=-9.554, Y=-40.436
13.02 01:56:03 Moving is finished
13.02 01:57:48 Scanning 245 point from 289
13.02 01:57:48 Going to coordinates X=-9.454, Y=-40.436
13.02 01:57:49 Moving is finished
13.02 01:59:33 Scanning 246 point from 289
13.02 01:59:33 Going to coordinates X=-9.354, Y=-40.436
13.02 01:59:34 Moving is finished
13.02 02:01:18 Scanning 247 point from 289
13.02 02:01:18 Going to coordinates X=-9.254, Y=-40.436
13.02 02:01:18 Moving is finished
13.02 02:03:03 Scanning 248 point from 289
13.02 02:03:03 Going to coordinates X=-9.154, Y=-40.436
13.02 02:03:03 Moving is finished
13.02 02:04:48 Scanning 249 point from 289
13.02 02:04:48 Going to coordinates X=-9.054, Y=-40.436
13.02 02:04:48 Moving is finished
13.02 02:06:33 Scanning 250 point from 289
13.02 02:06:33 Going to coordinates X=-8.954, Y=-40.436
13.02 02:06:33 Moving is finished
13.02 02:08:18 Scanning 251 point from 289
13.02 02:08:18 Going to coordinates X=-8.854, Y=-40.436
13.02 02:08:18 Moving is finished
13.02 02:10:03 Scanning 252 point from 289
13.02 02:10:03 Going to coordinates X=-8.754, Y=-40.436
13.02 02:10:03 Moving is finished
13.02 02:11:48 Scanning 253 point from 289
13.02 02:11:48 Going to coordinates X=-8.654, Y=-40.436
13.02 02:11:48 Moving is finished
13.02 02:13:33 Scanning 254 point from 289
13.02 02:13:33 Going to coordinates X=-8.554, Y=-40.436
13.02 02:13:33 Moving is finished
13.02 02:15:18 Scanning 255 point from 289
13.02 02:15:18 Going to coordinates X=-10.154, Y=-40.336
13.02 02:15:19 Moving is finished
13.02 02:17:03 Scanning 256 point from 289
13.02 02:17:03 Going to coordinates X=-10.054, Y=-40.336
13.02 02:17:04 Moving is finished
13.02 02:18:49 Scanning 257 point from 289
13.02 02:18:49 Going to coordinates X=-9.954, Y=-40.336
13.02 02:18:49 Moving is finished
13.02 02:20:34 Scanning 258 point from 289
13.02 02:20:34 Going to coordinates X=-9.854, Y=-40.336
13.02 02:20:34 Moving is finished
13.02 02:22:19 Scanning 259 point from 289
13.02 02:22:19 Going to coordinates X=-9.754, Y=-40.336
13.02 02:22:20 Moving is finished
13.02 02:24:04 Scanning 260 point from 289
13.02 02:24:04 Going to coordinates X=-9.654, Y=-40.336
13.02 02:24:05 Moving is finished
13.02 02:25:49 Scanning 261 point from 289
13.02 02:25:49 Going to coordinates X=-9.554, Y=-40.336
13.02 02:25:50 Moving is finished
13.02 02:27:35 Scanning 262 point from 289
13.02 02:27:35 Going to coordinates X=-9.454, Y=-40.336
13.02 02:27:35 Moving is finished
13.02 02:29:20 Scanning 263 point from 289
13.02 02:29:20 Going to coordinates X=-9.354, Y=-40.336
13.02 02:29:21 Moving is finished
13.02 02:31:05 Scanning 264 point from 289
13.02 02:31:05 Going to coordinates X=-9.254, Y=-40.336
13.02 02:31:05 Moving is finished
13.02 02:32:50 Scanning 265 point from 289
13.02 02:32:50 Going to coordinates X=-9.154, Y=-40.336
13.02 02:32:50 Moving is finished
13.02 02:34:35 Scanning 266 point from 289
13.02 02:34:35 Going to coordinates X=-9.054, Y=-40.336
13.02 02:34:36 Moving is finished
13.02 02:36:21 Scanning 267 point from 289
13.02 02:36:21 Going to coordinates X=-8.954, Y=-40.336
13.02 02:36:21 Moving is finished
13.02 02:38:06 Scanning 268 point from 289
13.02 02:38:06 Going to coordinates X=-8.854, Y=-40.336
13.02 02:38:06 Moving is finished
13.02 02:39:51 Scanning 269 point from 289
13.02 02:39:51 Going to coordinates X=-8.754, Y=-40.336
13.02 02:39:52 Moving is finished
13.02 02:41:37 Scanning 270 point from 289
13.02 02:41:37 Going to coordinates X=-8.654, Y=-40.336
13.02 02:41:37 Moving is finished
13.02 02:43:22 Scanning 271 point from 289
13.02 02:43:22 Going to coordinates X=-8.554, Y=-40.336
13.02 02:43:23 Moving is finished
13.02 02:45:07 Scanning 272 point from 289
13.02 02:45:07 Going to coordinates X=-10.154, Y=-40.236
13.02 02:45:08 Moving is finished
13.02 02:46:52 Scanning 273 point from 289
13.02 02:46:52 Going to coordinates X=-10.054, Y=-40.236
13.02 02:46:53 Moving is finished
13.02 02:48:38 Scanning 274 point from 289
13.02 02:48:38 Going to coordinates X=-9.954, Y=-40.236
13.02 02:48:38 Moving is finished
13.02 02:50:23 Scanning 275 point from 289
13.02 02:50:23 Going to coordinates X=-9.854, Y=-40.236
13.02 02:50:23 Moving is finished
13.02 02:52:08 Scanning 276 point from 289
13.02 02:52:08 Going to coordinates X=-9.754, Y=-40.236
13.02 02:52:08 Moving is finished
13.02 02:53:53 Scanning 277 point from 289
13.02 02:53:53 Going to coordinates X=-9.654, Y=-40.236
13.02 02:53:53 Moving is finished
13.02 02:55:38 Scanning 278 point from 289
13.02 02:55:38 Going to coordinates X=-9.554, Y=-40.236
13.02 02:55:38 Moving is finished
13.02 02:57:23 Scanning 279 point from 289
13.02 02:57:23 Going to coordinates X=-9.454, Y=-40.236
13.02 02:57:23 Moving is finished
13.02 02:59:08 Scanning 280 point from 289
13.02 02:59:08 Going to coordinates X=-9.354, Y=-40.236
13.02 02:59:08 Moving is finished
13.02 03:00:53 Scanning 281 point from 289
13.02 03:00:53 Going to coordinates X=-9.254, Y=-40.236
13.02 03:00:53 Moving is finished
13.02 03:02:38 Scanning 282 point from 289
13.02 03:02:38 Going to coordinates X=-9.154, Y=-40.236
13.02 03:02:38 Moving is finished
13.02 03:04:23 Scanning 283 point from 289
13.02 03:04:23 Going to coordinates X=-9.054, Y=-40.236
13.02 03:04:23 Moving is finished
13.02 03:06:08 Scanning 284 point from 289
13.02 03:06:08 Going to coordinates X=-8.954, Y=-40.236
13.02 03:06:08 Moving is finished
13.02 03:07:54 Scanning 285 point from 289
13.02 03:07:54 Going to coordinates X=-8.854, Y=-40.236
13.02 03:07:54 Moving is finished
13.02 03:09:39 Scanning 286 point from 289
13.02 03:09:39 Going to coordinates X=-8.754, Y=-40.236
13.02 03:09:39 Moving is finished
13.02 03:11:24 Scanning 287 point from 289
13.02 03:11:24 Going to coordinates X=-8.654, Y=-40.236
13.02 03:11:24 Moving is finished
13.02 03:13:09 Scanning 288 point from 289
13.02 03:13:09 Going to coordinates X=-8.554, Y=-40.236
13.02 03:13:09 Moving is finished
13.02 03:14:54 Row 1: 13.02 03:14:54 Map: x1: -17.433, y1: -42.564, x2: -19.12, y2: -40.728, xres: 0.100, yres: 0.100, fname: M3-5
13.02 03:14:54 Scanning 0 point from 360
13.02 03:14:54 Going to coordinates X=-19.120, Y=-42.564
13.02 03:14:56 Moving is finished
13.02 03:16:41 Scanning 1 point from 360
13.02 03:16:41 Going to coordinates X=-19.020, Y=-42.564
13.02 03:16:41 Moving is finished
13.02 03:18:26 Scanning 2 point from 360
13.02 03:18:26 Going to coordinates X=-18.920, Y=-42.564
13.02 03:18:26 Moving is finished
13.02 03:20:11 Scanning 3 point from 360
13.02 03:20:11 Going to coordinates X=-18.820, Y=-42.564
13.02 03:20:11 Moving is finished
13.02 03:21:56 Scanning 4 point from 360
13.02 03:21:56 Going to coordinates X=-18.720, Y=-42.564
13.02 03:21:56 Moving is finished
13.02 03:23:41 Scanning 5 point from 360
13.02 03:23:41 Going to coordinates X=-18.620, Y=-42.564
13.02 03:23:41 Moving is finished
13.02 03:25:26 Scanning 6 point from 360
13.02 03:25:26 Going to coordinates X=-18.520, Y=-42.564
13.02 03:25:26 Moving is finished
13.02 03:27:11 Scanning 7 point from 360
13.02 03:27:11 Going to coordinates X=-18.420, Y=-42.564
13.02 03:27:11 Moving is finished
13.02 03:28:56 Scanning 8 point from 360
13.02 03:28:56 Going to coordinates X=-18.320, Y=-42.564
13.02 03:28:56 Moving is finished
13.02 03:30:41 Scanning 9 point from 360
13.02 03:30:41 Going to coordinates X=-18.220, Y=-42.564
13.02 03:30:41 Moving is finished
13.02 03:32:25 Scanning 10 point from 360
13.02 03:32:25 Going to coordinates X=-18.120, Y=-42.564
13.02 03:32:25 Moving is finished
13.02 03:34:11 Scanning 11 point from 360
13.02 03:34:11 Going to coordinates X=-18.020, Y=-42.564
13.02 03:34:11 Moving is finished
13.02 03:35:56 Scanning 12 point from 360
13.02 03:35:56 Going to coordinates X=-17.920, Y=-42.564
13.02 03:35:56 Moving is finished
13.02 03:37:41 Scanning 13 point from 360
13.02 03:37:41 Going to coordinates X=-17.820, Y=-42.564
13.02 03:37:42 Moving is finished
13.02 03:39:26 Scanning 14 point from 360
13.02 03:39:26 Going to coordinates X=-17.720, Y=-42.564
13.02 03:39:27 Moving is finished
13.02 03:41:11 Scanning 15 point from 360
13.02 03:41:11 Going to coordinates X=-17.620, Y=-42.564
13.02 03:41:11 Moving is finished
13.02 03:42:56 Scanning 16 point from 360
13.02 03:42:56 Going to coordinates X=-17.520, Y=-42.564
13.02 03:42:56 Moving is finished
13.02 03:44:41 Scanning 17 point from 360
13.02 03:44:41 Going to coordinates X=-17.420, Y=-42.564
13.02 03:44:41 Moving is finished
13.02 03:46:26 Scanning 18 point from 360
13.02 03:46:26 Going to coordinates X=-19.120, Y=-42.464
13.02 03:46:27 Moving is finished
13.02 03:48:12 Scanning 19 point from 360
13.02 03:48:12 Going to coordinates X=-19.020, Y=-42.464
13.02 03:48:12 Moving is finished
13.02 03:49:57 Scanning 20 point from 360
13.02 03:49:57 Going to coordinates X=-18.920, Y=-42.464
13.02 03:49:57 Moving is finished
13.02 03:51:42 Scanning 21 point from 360
13.02 03:51:42 Going to coordinates X=-18.820, Y=-42.464
13.02 03:51:42 Moving is finished
13.02 03:53:27 Scanning 22 point from 360
13.02 03:53:27 Going to coordinates X=-18.720, Y=-42.464
13.02 03:53:27 Moving is finished
13.02 03:55:12 Scanning 23 point from 360
13.02 03:55:12 Going to coordinates X=-18.620, Y=-42.464
13.02 03:55:12 Moving is finished
13.02 03:56:57 Scanning 24 point from 360
13.02 03:56:57 Going to coordinates X=-18.520, Y=-42.464
13.02 03:56:57 Moving is finished
13.02 03:58:42 Scanning 25 point from 360
13.02 03:58:42 Going to coordinates X=-18.420, Y=-42.464
13.02 03:58:42 Moving is finished
13.02 04:00:27 Scanning 26 point from 360
13.02 04:00:27 Going to coordinates X=-18.320, Y=-42.464
13.02 04:00:27 Moving is finished
13.02 04:02:12 Scanning 27 point from 360
13.02 04:02:12 Going to coordinates X=-18.220, Y=-42.464
13.02 04:02:12 Moving is finished
13.02 04:03:57 Scanning 28 point from 360
13.02 04:03:57 Going to coordinates X=-18.120, Y=-42.464
13.02 04:03:57 Moving is finished
13.02 04:05:42 Scanning 29 point from 360
13.02 04:05:42 Going to coordinates X=-18.020, Y=-42.464
13.02 04:05:42 Moving is finished
13.02 04:07:27 Scanning 30 point from 360
13.02 04:07:27 Going to coordinates X=-17.920, Y=-42.464
13.02 04:07:28 Moving is finished
13.02 04:09:13 Scanning 31 point from 360
13.02 04:09:13 Going to coordinates X=-17.820, Y=-42.464
13.02 04:09:13 Moving is finished
13.02 04:10:58 Scanning 32 point from 360
13.02 04:10:58 Going to coordinates X=-17.720, Y=-42.464
13.02 04:10:58 Moving is finished
13.02 04:12:43 Scanning 33 point from 360
13.02 04:12:43 Going to coordinates X=-17.620, Y=-42.464
13.02 04:12:43 Moving is finished
13.02 04:14:28 Scanning 34 point from 360
13.02 04:14:28 Going to coordinates X=-17.520, Y=-42.464
13.02 04:14:28 Moving is finished
13.02 04:16:13 Scanning 35 point from 360
13.02 04:16:13 Going to coordinates X=-17.420, Y=-42.464
13.02 04:16:13 Moving is finished
13.02 04:17:58 Scanning 36 point from 360
13.02 04:17:58 Going to coordinates X=-19.120, Y=-42.364
13.02 04:17:59 Moving is finished
13.02 04:19:43 Scanning 37 point from 360
13.02 04:19:43 Going to coordinates X=-19.020, Y=-42.364
13.02 04:19:44 Moving is finished
13.02 04:21:29 Scanning 38 point from 360
13.02 04:21:29 Going to coordinates X=-18.920, Y=-42.364
13.02 04:21:29 Moving is finished
13.02 04:23:13 Scanning 39 point from 360
13.02 04:23:13 Going to coordinates X=-18.820, Y=-42.364
13.02 04:23:14 Moving is finished
13.02 04:24:59 Scanning 40 point from 360
13.02 04:24:59 Going to coordinates X=-18.720, Y=-42.364
13.02 04:24:59 Moving is finished
13.02 04:26:44 Scanning 41 point from 360
13.02 04:26:44 Going to coordinates X=-18.620, Y=-42.364
13.02 04:26:44 Moving is finished
13.02 04:28:29 Scanning 42 point from 360
13.02 04:28:29 Going to coordinates X=-18.520, Y=-42.364
13.02 04:28:29 Moving is finished
13.02 04:30:14 Scanning 43 point from 360
13.02 04:30:14 Going to coordinates X=-18.420, Y=-42.364
13.02 04:30:14 Moving is finished
13.02 04:31:58 Scanning 44 point from 360
13.02 04:31:58 Going to coordinates X=-18.320, Y=-42.364
13.02 04:31:59 Moving is finished
13.02 04:33:44 Scanning 45 point from 360
13.02 04:33:44 Going to coordinates X=-18.220, Y=-42.364
13.02 04:33:44 Moving is finished
13.02 04:35:29 Scanning 46 point from 360
13.02 04:35:29 Going to coordinates X=-18.120, Y=-42.364
13.02 04:35:29 Moving is finished
13.02 04:37:14 Scanning 47 point from 360
13.02 04:37:14 Going to coordinates X=-18.020, Y=-42.364
13.02 04:37:14 Moving is finished
13.02 04:38:59 Scanning 48 point from 360
13.02 04:38:59 Going to coordinates X=-17.920, Y=-42.364
13.02 04:38:59 Moving is finished
13.02 04:40:44 Scanning 49 point from 360
13.02 04:40:44 Going to coordinates X=-17.820, Y=-42.364
13.02 04:40:44 Moving is finished
13.02 04:42:29 Scanning 50 point from 360
13.02 04:42:29 Going to coordinates X=-17.720, Y=-42.364
13.02 04:42:29 Moving is finished
13.02 04:44:14 Scanning 51 point from 360
13.02 04:44:14 Going to coordinates X=-17.620, Y=-42.364
13.02 04:44:14 Moving is finished
13.02 04:45:59 Scanning 52 point from 360
13.02 04:45:59 Going to coordinates X=-17.520, Y=-42.364
13.02 04:46:00 Moving is finished
13.02 04:47:44 Scanning 53 point from 360
13.02 04:47:44 Going to coordinates X=-17.420, Y=-42.364
13.02 04:47:45 Moving is finished
13.02 04:49:29 Scanning 54 point from 360
13.02 04:49:29 Going to coordinates X=-19.120, Y=-42.264
13.02 04:49:30 Moving is finished
13.02 04:51:15 Scanning 55 point from 360
13.02 04:51:15 Going to coordinates X=-19.020, Y=-42.264
13.02 04:51:16 Moving is finished
13.02 04:53:01 Scanning 56 point from 360
13.02 04:53:01 Going to coordinates X=-18.920, Y=-42.264
13.02 04:53:01 Moving is finished
13.02 04:54:45 Scanning 57 point from 360
13.02 04:54:45 Going to coordinates X=-18.820, Y=-42.264
13.02 04:54:46 Moving is finished
13.02 04:56:30 Scanning 58 point from 360
13.02 04:56:30 Going to coordinates X=-18.720, Y=-42.264
13.02 04:56:30 Moving is finished
13.02 04:58:15 Scanning 59 point from 360
13.02 04:58:15 Going to coordinates X=-18.620, Y=-42.264
13.02 04:58:15 Moving is finished
13.02 05:00:00 Scanning 60 point from 360
13.02 05:00:00 Going to coordinates X=-18.520, Y=-42.264
13.02 05:00:00 Moving is finished
13.02 05:01:45 Scanning 61 point from 360
13.02 05:01:45 Going to coordinates X=-18.420, Y=-42.264
13.02 05:01:45 Moving is finished
13.02 05:03:30 Scanning 62 point from 360
13.02 05:03:30 Going to coordinates X=-18.320, Y=-42.264
13.02 05:03:31 Moving is finished
13.02 05:05:15 Scanning 63 point from 360
13.02 05:05:15 Going to coordinates X=-18.220, Y=-42.264
13.02 05:05:16 Moving is finished
13.02 05:07:00 Scanning 64 point from 360
13.02 05:07:00 Going to coordinates X=-18.120, Y=-42.264
13.02 05:07:00 Moving is finished
13.02 05:08:45 Scanning 65 point from 360
13.02 05:08:45 Going to coordinates X=-18.020, Y=-42.264
13.02 05:08:45 Moving is finished
13.02 05:10:30 Scanning 66 point from 360
13.02 05:10:30 Going to coordinates X=-17.920, Y=-42.264
13.02 05:10:30 Moving is finished
13.02 05:12:15 Scanning 67 point from 360
13.02 05:12:15 Going to coordinates X=-17.820, Y=-42.264
13.02 05:12:15 Moving is finished
13.02 05:14:00 Scanning 68 point from 360
13.02 05:14:00 Going to coordinates X=-17.720, Y=-42.264
13.02 05:14:00 Moving is finished
13.02 05:15:45 Scanning 69 point from 360
13.02 05:15:45 Going to coordinates X=-17.620, Y=-42.264
13.02 05:15:46 Moving is finished
13.02 05:17:30 Scanning 70 point from 360
13.02 05:17:30 Going to coordinates X=-17.520, Y=-42.264
13.02 05:17:31 Moving is finished
13.02 05:19:15 Scanning 71 point from 360
13.02 05:19:15 Going to coordinates X=-17.420, Y=-42.264
13.02 05:19:15 Moving is finished
13.02 05:21:00 Scanning 72 point from 360
13.02 05:21:00 Going to coordinates X=-19.120, Y=-42.164
13.02 05:21:01 Moving is finished
13.02 05:22:46 Scanning 73 point from 360
13.02 05:22:46 Going to coordinates X=-19.020, Y=-42.164
13.02 05:22:46 Moving is finished
13.02 05:24:31 Scanning 74 point from 360
13.02 05:24:31 Going to coordinates X=-18.920, Y=-42.164
13.02 05:24:31 Moving is finished
13.02 05:26:15 Scanning 75 point from 360
13.02 05:26:15 Going to coordinates X=-18.820, Y=-42.164
13.02 05:26:16 Moving is finished
13.02 05:28:01 Scanning 76 point from 360
13.02 05:28:01 Going to coordinates X=-18.720, Y=-42.164
13.02 05:28:01 Moving is finished
13.02 05:29:46 Scanning 77 point from 360
13.02 05:29:46 Going to coordinates X=-18.620, Y=-42.164
13.02 05:29:46 Moving is finished
13.02 05:31:31 Scanning 78 point from 360
13.02 05:31:31 Going to coordinates X=-18.520, Y=-42.164
13.02 05:31:31 Moving is finished
13.02 05:33:16 Scanning 79 point from 360
13.02 05:33:16 Going to coordinates X=-18.420, Y=-42.164
13.02 05:33:16 Moving is finished
13.02 05:35:01 Scanning 80 point from 360
13.02 05:35:01 Going to coordinates X=-18.320, Y=-42.164
13.02 05:35:01 Moving is finished
13.02 05:36:46 Scanning 81 point from 360
13.02 05:36:46 Going to coordinates X=-18.220, Y=-42.164
13.02 05:36:46 Moving is finished
13.02 05:38:31 Scanning 82 point from 360
13.02 05:38:31 Going to coordinates X=-18.120, Y=-42.164
13.02 05:38:31 Moving is finished
13.02 05:40:17 Scanning 83 point from 360
13.02 05:40:17 Going to coordinates X=-18.020, Y=-42.164
13.02 05:40:17 Moving is finished
13.02 05:42:01 Scanning 84 point from 360
13.02 05:42:01 Going to coordinates X=-17.920, Y=-42.164
13.02 05:42:02 Moving is finished
13.02 05:43:46 Scanning 85 point from 360
13.02 05:43:46 Going to coordinates X=-17.820, Y=-42.164
13.02 05:43:46 Moving is finished
13.02 05:45:31 Scanning 86 point from 360
13.02 05:45:31 Going to coordinates X=-17.720, Y=-42.164
13.02 05:45:31 Moving is finished
13.02 05:47:16 Scanning 87 point from 360
13.02 05:47:16 Going to coordinates X=-17.620, Y=-42.164
13.02 05:47:16 Moving is finished
13.02 05:49:01 Scanning 88 point from 360
13.02 05:49:01 Going to coordinates X=-17.520, Y=-42.164
13.02 05:49:02 Moving is finished
13.02 05:50:46 Scanning 89 point from 360
13.02 05:50:46 Going to coordinates X=-17.420, Y=-42.164
13.02 05:50:47 Moving is finished
13.02 05:52:31 Scanning 90 point from 360
13.02 05:52:31 Going to coordinates X=-19.120, Y=-42.064
13.02 05:52:32 Moving is finished
13.02 05:54:17 Scanning 91 point from 360
13.02 05:54:17 Going to coordinates X=-19.020, Y=-42.064
13.02 05:54:17 Moving is finished
13.02 05:56:02 Scanning 92 point from 360
13.02 05:56:02 Going to coordinates X=-18.920, Y=-42.064
13.02 05:56:03 Moving is finished
13.02 05:57:47 Scanning 93 point from 360
13.02 05:57:47 Going to coordinates X=-18.820, Y=-42.064
13.02 05:57:47 Moving is finished
13.02 05:59:32 Scanning 94 point from 360
13.02 05:59:32 Going to coordinates X=-18.720, Y=-42.064
13.02 05:59:32 Moving is finished
13.02 06:01:17 Scanning 95 point from 360
13.02 06:01:17 Going to coordinates X=-18.620, Y=-42.064
13.02 06:01:17 Moving is finished
13.02 06:03:02 Scanning 96 point from 360
13.02 06:03:02 Going to coordinates X=-18.520, Y=-42.064
13.02 06:03:02 Moving is finished
13.02 06:04:48 Scanning 97 point from 360
13.02 06:04:48 Going to coordinates X=-18.420, Y=-42.064
13.02 06:04:48 Moving is finished
13.02 06:06:33 Scanning 98 point from 360
13.02 06:06:33 Going to coordinates X=-18.320, Y=-42.064
13.02 06:06:33 Moving is finished
13.02 06:08:18 Scanning 99 point from 360
13.02 06:08:18 Going to coordinates X=-18.220, Y=-42.064
13.02 06:08:18 Moving is finished
13.02 06:10:02 Scanning 100 point from 360
13.02 06:10:02 Going to coordinates X=-18.120, Y=-42.064
13.02 06:10:03 Moving is finished
13.02 06:11:47 Scanning 101 point from 360
13.02 06:11:47 Going to coordinates X=-18.020, Y=-42.064
13.02 06:11:48 Moving is finished
13.02 06:13:33 Scanning 102 point from 360
13.02 06:13:33 Going to coordinates X=-17.920, Y=-42.064
13.02 06:13:33 Moving is finished
13.02 06:15:18 Scanning 103 point from 360
13.02 06:15:18 Going to coordinates X=-17.820, Y=-42.064
13.02 06:15:18 Moving is finished
13.02 06:17:03 Scanning 104 point from 360
13.02 06:17:03 Going to coordinates X=-17.720, Y=-42.064
13.02 06:17:03 Moving is finished
13.02 06:18:48 Scanning 105 point from 360
13.02 06:18:48 Going to coordinates X=-17.620, Y=-42.064
13.02 06:18:48 Moving is finished
13.02 06:20:33 Scanning 106 point from 360
13.02 06:20:33 Going to coordinates X=-17.520, Y=-42.064
13.02 06:20:34 Moving is finished
13.02 06:22:18 Scanning 107 point from 360
13.02 06:22:18 Going to coordinates X=-17.420, Y=-42.064
13.02 06:22:19 Moving is finished
13.02 06:24:04 Scanning 108 point from 360
13.02 06:24:04 Going to coordinates X=-19.120, Y=-41.964
13.02 06:24:05 Moving is finished
13.02 06:25:50 Scanning 109 point from 360
13.02 06:25:50 Going to coordinates X=-19.020, Y=-41.964
13.02 06:25:50 Moving is finished
13.02 06:27:35 Scanning 110 point from 360
13.02 06:27:35 Going to coordinates X=-18.920, Y=-41.964
13.02 06:27:35 Moving is finished
13.02 06:29:19 Scanning 111 point from 360
13.02 06:29:19 Going to coordinates X=-18.820, Y=-41.964
13.02 06:29:20 Moving is finished
13.02 06:31:04 Scanning 112 point from 360
13.02 06:31:04 Going to coordinates X=-18.720, Y=-41.964
13.02 06:31:05 Moving is finished
13.02 06:32:50 Scanning 113 point from 360
13.02 06:32:50 Going to coordinates X=-18.620, Y=-41.964
13.02 06:32:50 Moving is finished
13.02 06:34:35 Scanning 114 point from 360
13.02 06:34:35 Going to coordinates X=-18.520, Y=-41.964
13.02 06:34:35 Moving is finished
13.02 06:36:20 Scanning 115 point from 360
13.02 06:36:20 Going to coordinates X=-18.420, Y=-41.964
13.02 06:36:20 Moving is finished
13.02 06:38:05 Scanning 116 point from 360
13.02 06:38:05 Going to coordinates X=-18.320, Y=-41.964
13.02 06:38:05 Moving is finished
13.02 06:39:50 Scanning 117 point from 360
13.02 06:39:50 Going to coordinates X=-18.220, Y=-41.964
13.02 06:39:51 Moving is finished
13.02 06:41:35 Scanning 118 point from 360
13.02 06:41:35 Going to coordinates X=-18.120, Y=-41.964
13.02 06:41:35 Moving is finished
13.02 06:43:20 Scanning 119 point from 360
13.02 06:43:20 Going to coordinates X=-18.020, Y=-41.964
13.02 06:43:20 Moving is finished
13.02 06:45:05 Scanning 120 point from 360
13.02 06:45:05 Going to coordinates X=-17.920, Y=-41.964
13.02 06:45:05 Moving is finished
13.02 06:46:50 Scanning 121 point from 360
13.02 06:46:50 Going to coordinates X=-17.820, Y=-41.964
13.02 06:46:50 Moving is finished
13.02 06:48:35 Scanning 122 point from 360
13.02 06:48:35 Going to coordinates X=-17.720, Y=-41.964
13.02 06:48:35 Moving is finished
13.02 06:50:20 Scanning 123 point from 360
13.02 06:50:20 Going to coordinates X=-17.620, Y=-41.964
13.02 06:50:20 Moving is finished
13.02 06:52:05 Scanning 124 point from 360
13.02 06:52:05 Going to coordinates X=-17.520, Y=-41.964
13.02 06:52:05 Moving is finished
13.02 06:53:50 Scanning 125 point from 360
13.02 06:53:50 Going to coordinates X=-17.420, Y=-41.964
13.02 06:53:50 Moving is finished
13.02 06:55:35 Scanning 126 point from 360
13.02 06:55:35 Going to coordinates X=-19.120, Y=-41.864
13.02 06:55:36 Moving is finished
13.02 06:57:21 Scanning 127 point from 360
13.02 06:57:21 Going to coordinates X=-19.020, Y=-41.864
13.02 06:57:21 Moving is finished
13.02 06:59:06 Scanning 128 point from 360
13.02 06:59:06 Going to coordinates X=-18.920, Y=-41.864
13.02 06:59:06 Moving is finished
13.02 07:00:52 Scanning 129 point from 360
13.02 07:00:52 Going to coordinates X=-18.820, Y=-41.864
13.02 07:00:52 Moving is finished
13.02 07:02:37 Scanning 130 point from 360
13.02 07:02:37 Going to coordinates X=-18.720, Y=-41.864
13.02 07:02:37 Moving is finished
13.02 07:04:22 Scanning 131 point from 360
13.02 07:04:22 Going to coordinates X=-18.620, Y=-41.864
13.02 07:04:22 Moving is finished
13.02 07:06:07 Scanning 132 point from 360
13.02 07:06:07 Going to coordinates X=-18.520, Y=-41.864
13.02 07:06:07 Moving is finished
13.02 07:07:52 Scanning 133 point from 360
13.02 07:07:52 Going to coordinates X=-18.420, Y=-41.864
13.02 07:07:52 Moving is finished
13.02 07:09:37 Scanning 134 point from 360
13.02 07:09:37 Going to coordinates X=-18.320, Y=-41.864
13.02 07:09:37 Moving is finished
13.02 07:11:22 Scanning 135 point from 360
13.02 07:11:22 Going to coordinates X=-18.220, Y=-41.864
13.02 07:11:22 Moving is finished
13.02 07:13:07 Scanning 136 point from 360
13.02 07:13:07 Going to coordinates X=-18.120, Y=-41.864
13.02 07:13:07 Moving is finished
13.02 07:14:52 Scanning 137 point from 360
13.02 07:14:52 Going to coordinates X=-18.020, Y=-41.864
13.02 07:14:52 Moving is finished
13.02 07:16:37 Scanning 138 point from 360
13.02 07:16:37 Going to coordinates X=-17.920, Y=-41.864
13.02 07:16:37 Moving is finished
13.02 07:18:22 Scanning 139 point from 360
13.02 07:18:22 Going to coordinates X=-17.820, Y=-41.864
13.02 07:18:23 Moving is finished
13.02 07:20:07 Scanning 140 point from 360
13.02 07:20:07 Going to coordinates X=-17.720, Y=-41.864
13.02 07:20:07 Moving is finished
13.02 07:21:53 Scanning 141 point from 360
13.02 07:21:53 Going to coordinates X=-17.620, Y=-41.864
13.02 07:21:53 Moving is finished
13.02 07:23:38 Scanning 142 point from 360
13.02 07:23:38 Going to coordinates X=-17.520, Y=-41.864
13.02 07:23:39 Moving is finished
13.02 07:25:23 Scanning 143 point from 360
13.02 07:25:23 Going to coordinates X=-17.420, Y=-41.864
13.02 07:25:24 Moving is finished
13.02 07:27:09 Scanning 144 point from 360
13.02 07:27:09 Going to coordinates X=-19.120, Y=-41.764
13.02 07:27:10 Moving is finished
13.02 07:28:54 Scanning 145 point from 360
13.02 07:28:54 Going to coordinates X=-19.020, Y=-41.764
13.02 07:28:55 Moving is finished
13.02 07:30:39 Scanning 146 point from 360
13.02 07:30:39 Going to coordinates X=-18.920, Y=-41.764
13.02 07:30:40 Moving is finished
13.02 07:32:24 Scanning 147 point from 360
13.02 07:32:24 Going to coordinates X=-18.820, Y=-41.764
13.02 07:32:25 Moving is finished
13.02 07:34:10 Scanning 148 point from 360
13.02 07:34:10 Going to coordinates X=-18.720, Y=-41.764
13.02 07:34:10 Moving is finished
13.02 07:35:54 Scanning 149 point from 360
13.02 07:35:54 Going to coordinates X=-18.620, Y=-41.764
13.02 07:35:54 Moving is finished
13.02 07:37:39 Scanning 150 point from 360
13.02 07:37:39 Going to coordinates X=-18.520, Y=-41.764
13.02 07:37:39 Moving is finished
13.02 07:39:24 Scanning 151 point from 360
13.02 07:39:24 Going to coordinates X=-18.420, Y=-41.764
13.02 07:39:25 Moving is finished
13.02 07:41:10 Scanning 152 point from 360
13.02 07:41:10 Going to coordinates X=-18.320, Y=-41.764
13.02 07:41:10 Moving is finished
13.02 07:42:55 Scanning 153 point from 360
13.02 07:42:55 Going to coordinates X=-18.220, Y=-41.764
13.02 07:42:55 Moving is finished
13.02 07:44:40 Scanning 154 point from 360
13.02 07:44:40 Going to coordinates X=-18.120, Y=-41.764
13.02 07:44:40 Moving is finished
13.02 07:46:25 Scanning 155 point from 360
13.02 07:46:25 Going to coordinates X=-18.020, Y=-41.764
13.02 07:46:25 Moving is finished
13.02 07:48:10 Scanning 156 point from 360
13.02 07:48:10 Going to coordinates X=-17.920, Y=-41.764
13.02 07:48:10 Moving is finished
13.02 07:49:56 Scanning 157 point from 360
13.02 07:49:56 Going to coordinates X=-17.820, Y=-41.764
13.02 07:49:56 Moving is finished
13.02 07:51:41 Scanning 158 point from 360
13.02 07:51:41 Going to coordinates X=-17.720, Y=-41.764
13.02 07:51:41 Moving is finished
13.02 07:53:26 Scanning 159 point from 360
13.02 07:53:26 Going to coordinates X=-17.620, Y=-41.764
13.02 07:53:26 Moving is finished
13.02 07:55:11 Scanning 160 point from 360
13.02 07:55:11 Going to coordinates X=-17.520, Y=-41.764
13.02 07:55:11 Moving is finished
13.02 07:56:56 Scanning 161 point from 360
13.02 07:56:56 Going to coordinates X=-17.420, Y=-41.764
13.02 07:56:56 Moving is finished
13.02 07:58:41 Scanning 162 point from 360
13.02 07:58:41 Going to coordinates X=-19.120, Y=-41.664
13.02 07:58:42 Moving is finished
13.02 08:00:27 Scanning 163 point from 360
13.02 08:00:27 Going to coordinates X=-19.020, Y=-41.664
13.02 08:00:27 Moving is finished
13.02 08:02:12 Scanning 164 point from 360
13.02 08:02:12 Going to coordinates X=-18.920, Y=-41.664
13.02 08:02:12 Moving is finished
13.02 08:03:57 Scanning 165 point from 360
13.02 08:03:57 Going to coordinates X=-18.820, Y=-41.664
13.02 08:03:58 Moving is finished
13.02 08:05:43 Scanning 166 point from 360
13.02 08:05:43 Going to coordinates X=-18.720, Y=-41.664
13.02 08:05:43 Moving is finished
13.02 08:07:28 Scanning 167 point from 360
13.02 08:07:28 Going to coordinates X=-18.620, Y=-41.664
13.02 08:07:28 Moving is finished
13.02 08:09:13 Scanning 168 point from 360
13.02 08:09:13 Going to coordinates X=-18.520, Y=-41.664
13.02 08:09:14 Moving is finished
13.02 08:10:59 Scanning 169 point from 360
13.02 08:10:59 Going to coordinates X=-18.420, Y=-41.664
13.02 08:10:59 Moving is finished
13.02 08:12:44 Scanning 170 point from 360
13.02 08:12:44 Going to coordinates X=-18.320, Y=-41.664
13.02 08:12:44 Moving is finished
13.02 08:14:29 Scanning 171 point from 360
13.02 08:14:29 Going to coordinates X=-18.220, Y=-41.664
13.02 08:14:30 Moving is finished
13.02 08:16:14 Scanning 172 point from 360
13.02 08:16:14 Going to coordinates X=-18.120, Y=-41.664
13.02 08:16:14 Moving is finished
13.02 08:17:59 Scanning 173 point from 360
13.02 08:17:59 Going to coordinates X=-18.020, Y=-41.664
13.02 08:18:00 Moving is finished
13.02 08:19:44 Scanning 174 point from 360
13.02 08:19:44 Going to coordinates X=-17.920, Y=-41.664
13.02 08:19:45 Moving is finished
13.02 08:21:30 Scanning 175 point from 360
13.02 08:21:30 Going to coordinates X=-17.820, Y=-41.664
13.02 08:21:30 Moving is finished
13.02 08:23:14 Scanning 176 point from 360
13.02 08:23:14 Going to coordinates X=-17.720, Y=-41.664
13.02 08:23:15 Moving is finished
13.02 08:25:00 Scanning 177 point from 360
13.02 08:25:00 Going to coordinates X=-17.620, Y=-41.664
13.02 08:25:00 Moving is finished
13.02 08:26:45 Scanning 178 point from 360
13.02 08:26:45 Going to coordinates X=-17.520, Y=-41.664
13.02 08:26:45 Moving is finished
13.02 08:28:29 Scanning 179 point from 360
13.02 08:28:29 Going to coordinates X=-17.420, Y=-41.664
13.02 08:28:30 Moving is finished
13.02 08:30:15 Scanning 180 point from 360
13.02 08:30:15 Going to coordinates X=-19.120, Y=-41.564
13.02 08:30:16 Moving is finished
13.02 08:32:00 Scanning 181 point from 360
13.02 08:32:00 Going to coordinates X=-19.020, Y=-41.564
13.02 08:32:01 Moving is finished
13.02 08:33:45 Scanning 182 point from 360
13.02 08:33:45 Going to coordinates X=-18.920, Y=-41.564
13.02 08:33:45 Moving is finished
13.02 08:35:31 Scanning 183 point from 360
13.02 08:35:31 Going to coordinates X=-18.820, Y=-41.564
13.02 08:35:31 Moving is finished
13.02 08:37:16 Scanning 184 point from 360
13.02 08:37:16 Going to coordinates X=-18.720, Y=-41.564
13.02 08:37:16 Moving is finished
13.02 08:38:45 Scanning 185 point from 360
13.02 08:38:45 Going to coordinates X=-18.620, Y=-41.564
13.02 08:38:45 Moving is finished
13.02 08:38:46 Stopped!
