05.12 16:05:32 Initializing grbl...
05.12 16:05:32 Got the response: b''
05.12 16:09:47 Row 0: 05.12 16:09:47 Map: x1: -14.048, y1: -39.518, x2: -13.913, y2: -39.405, xres: 0.040, yres: 0.010, fname: anten1
05.12 16:09:47 Scanning 0 point from 65
05.12 16:09:47 Going to coordinates X=-14.048, Y=-39.518
05.12 16:09:48 Moving is finished
05.12 16:11:56 Scanning 1 point from 65
05.12 16:11:56 Going to coordinates X=-14.008, Y=-39.518
05.12 16:11:56 Moving is finished
05.12 16:14:04 Scanning 2 point from 65
05.12 16:14:04 Going to coordinates X=-13.968, Y=-39.518
05.12 16:14:04 Moving is finished
05.12 16:16:12 Scanning 3 point from 65
05.12 16:16:12 Going to coordinates X=-13.928, Y=-39.518
05.12 16:16:13 Moving is finished
05.12 16:18:21 Scanning 4 point from 65
05.12 16:18:21 Going to coordinates X=-13.888, Y=-39.518
05.12 16:18:21 Moving is finished
05.12 16:20:29 Scanning 5 point from 65
05.12 16:20:29 Going to coordinates X=-14.048, Y=-39.508
05.12 16:20:29 Moving is finished
05.12 16:22:37 Scanning 6 point from 65
05.12 16:22:37 Going to coordinates X=-14.008, Y=-39.508
05.12 16:22:37 Moving is finished
05.12 16:24:45 Scanning 7 point from 65
05.12 16:24:45 Going to coordinates X=-13.968, Y=-39.508
05.12 16:24:45 Moving is finished
05.12 16:26:54 Scanning 8 point from 65
05.12 16:26:54 Going to coordinates X=-13.928, Y=-39.508
05.12 16:26:54 Moving is finished
05.12 16:29:02 Scanning 9 point from 65
05.12 16:29:02 Going to coordinates X=-13.888, Y=-39.508
05.12 16:29:03 Moving is finished
05.12 16:31:11 Scanning 10 point from 65
05.12 16:31:11 Going to coordinates X=-14.048, Y=-39.498
05.12 16:31:11 Moving is finished
05.12 16:33:19 Scanning 11 point from 65
05.12 16:33:19 Going to coordinates X=-14.008, Y=-39.498
05.12 16:33:19 Moving is finished
05.12 16:35:27 Scanning 12 point from 65
05.12 16:35:27 Going to coordinates X=-13.968, Y=-39.498
05.12 16:35:28 Moving is finished
05.12 16:37:36 Scanning 13 point from 65
05.12 16:37:36 Going to coordinates X=-13.928, Y=-39.498
05.12 16:37:36 Moving is finished
05.12 16:39:45 Scanning 14 point from 65
05.12 16:39:45 Going to coordinates X=-13.888, Y=-39.498
05.12 16:39:45 Moving is finished
05.12 16:41:53 Scanning 15 point from 65
05.12 16:41:53 Going to coordinates X=-14.048, Y=-39.488
05.12 16:41:54 Moving is finished
05.12 16:44:01 Scanning 16 point from 65
05.12 16:44:01 Going to coordinates X=-14.008, Y=-39.488
05.12 16:44:02 Moving is finished
05.12 16:46:10 Scanning 17 point from 65
05.12 16:46:10 Going to coordinates X=-13.968, Y=-39.488
05.12 16:46:10 Moving is finished
05.12 16:48:18 Scanning 18 point from 65
05.12 16:48:18 Going to coordinates X=-13.928, Y=-39.488
05.12 16:48:18 Moving is finished
05.12 16:50:26 Scanning 19 point from 65
05.12 16:50:26 Going to coordinates X=-13.888, Y=-39.488
05.12 16:50:26 Moving is finished
05.12 16:52:35 Scanning 20 point from 65
05.12 16:52:35 Going to coordinates X=-14.048, Y=-39.478
05.12 16:52:35 Moving is finished
05.12 16:54:43 Scanning 21 point from 65
05.12 16:54:43 Going to coordinates X=-14.008, Y=-39.478
05.12 16:54:44 Moving is finished
05.12 16:56:52 Scanning 22 point from 65
05.12 16:56:52 Going to coordinates X=-13.968, Y=-39.478
05.12 16:56:52 Moving is finished
05.12 16:59:00 Scanning 23 point from 65
05.12 16:59:00 Going to coordinates X=-13.928, Y=-39.478
05.12 16:59:01 Moving is finished
05.12 17:01:09 Scanning 24 point from 65
05.12 17:01:09 Going to coordinates X=-13.888, Y=-39.478
05.12 17:01:09 Moving is finished
05.12 17:03:18 Scanning 25 point from 65
05.12 17:03:18 Going to coordinates X=-14.048, Y=-39.468
05.12 17:03:18 Moving is finished
05.12 17:05:27 Scanning 26 point from 65
05.12 17:05:27 Going to coordinates X=-14.008, Y=-39.468
05.12 17:05:27 Moving is finished
05.12 17:07:35 Scanning 27 point from 65
05.12 17:07:35 Going to coordinates X=-13.968, Y=-39.468
05.12 17:07:35 Moving is finished
05.12 17:09:44 Scanning 28 point from 65
05.12 17:09:44 Going to coordinates X=-13.928, Y=-39.468
05.12 17:09:44 Moving is finished
05.12 17:11:52 Scanning 29 point from 65
05.12 17:11:52 Going to coordinates X=-13.888, Y=-39.468
05.12 17:11:53 Moving is finished
05.12 17:14:01 Scanning 30 point from 65
05.12 17:14:01 Going to coordinates X=-14.048, Y=-39.458
05.12 17:14:01 Moving is finished
05.12 17:16:10 Scanning 31 point from 65
05.12 17:16:10 Going to coordinates X=-14.008, Y=-39.458
05.12 17:16:10 Moving is finished
05.12 17:18:18 Scanning 32 point from 65
05.12 17:18:18 Going to coordinates X=-13.968, Y=-39.458
05.12 17:18:18 Moving is finished
05.12 17:20:26 Scanning 33 point from 65
05.12 17:20:26 Going to coordinates X=-13.928, Y=-39.458
05.12 17:20:26 Moving is finished
05.12 17:22:34 Scanning 34 point from 65
05.12 17:22:34 Going to coordinates X=-13.888, Y=-39.458
05.12 17:22:34 Moving is finished
05.12 17:24:43 Scanning 35 point from 65
05.12 17:24:43 Going to coordinates X=-14.048, Y=-39.448
05.12 17:24:43 Moving is finished
05.12 17:26:51 Scanning 36 point from 65
05.12 17:26:51 Going to coordinates X=-14.008, Y=-39.448
05.12 17:26:51 Moving is finished
05.12 17:28:59 Scanning 37 point from 65
05.12 17:28:59 Going to coordinates X=-13.968, Y=-39.448
05.12 17:29:00 Moving is finished
05.12 17:31:07 Scanning 38 point from 65
05.12 17:31:07 Going to coordinates X=-13.928, Y=-39.448
05.12 17:31:08 Moving is finished
05.12 17:33:15 Scanning 39 point from 65
05.12 17:33:15 Going to coordinates X=-13.888, Y=-39.448
05.12 17:33:16 Moving is finished
05.12 17:35:24 Scanning 40 point from 65
05.12 17:35:24 Going to coordinates X=-14.048, Y=-39.438
05.12 17:35:24 Moving is finished
05.12 17:37:32 Scanning 41 point from 65
05.12 17:37:32 Going to coordinates X=-14.008, Y=-39.438
05.12 17:37:32 Moving is finished
05.12 17:39:40 Scanning 42 point from 65
05.12 17:39:40 Going to coordinates X=-13.968, Y=-39.438
05.12 17:39:40 Moving is finished
05.12 17:41:48 Scanning 43 point from 65
05.12 17:41:48 Going to coordinates X=-13.928, Y=-39.438
05.12 17:41:49 Moving is finished
05.12 17:43:57 Scanning 44 point from 65
05.12 17:43:57 Going to coordinates X=-13.888, Y=-39.438
05.12 17:43:57 Moving is finished
05.12 17:46:05 Scanning 45 point from 65
05.12 17:46:05 Going to coordinates X=-14.048, Y=-39.428
05.12 17:46:05 Moving is finished
05.12 17:48:13 Scanning 46 point from 65
05.12 17:48:13 Going to coordinates X=-14.008, Y=-39.428
05.12 17:48:13 Moving is finished
05.12 17:50:21 Scanning 47 point from 65
05.12 17:50:21 Going to coordinates X=-13.968, Y=-39.428
05.12 17:50:22 Moving is finished
05.12 17:52:30 Scanning 48 point from 65
05.12 17:52:30 Going to coordinates X=-13.928, Y=-39.428
05.12 17:52:30 Moving is finished
05.12 17:54:38 Scanning 49 point from 65
05.12 17:54:38 Going to coordinates X=-13.888, Y=-39.428
05.12 17:54:39 Moving is finished
05.12 17:54:56 Could not find 'EZRaman Reader  V8.2.0 MV' in 'dict_keys([])'
05.12 17:55:01 Could not find 'EZRaman Reader  V8.2.0 MV' in 'dict_keys([])'
05.12 17:55:02 Scanning 50 point from 65
05.12 17:55:02 Going to coordinates X=-14.048, Y=-39.418
05.12 17:55:02 Moving is finished
05.12 17:55:09 Could not find 'EZRaman Reader  V8.2.0 MV' in 'dict_keys([])'
05.12 17:55:14 Could not find 'EZRaman Reader  V8.2.0 MV' in 'dict_keys([])'
05.12 17:55:15 Scanning 51 point from 65
05.12 17:55:15 Going to coordinates X=-14.008, Y=-39.418
05.12 17:55:15 Moving is finished
05.12 17:55:22 Could not find 'EZRaman Reader  V8.2.0 MV' in 'dict_keys([])'
05.12 17:55:28 Could not find 'EZRaman Reader  V8.2.0 MV' in 'dict_keys([])'
05.12 17:55:28 Scanning 52 point from 65
05.12 17:55:28 Going to coordinates X=-13.968, Y=-39.418
05.12 17:55:28 Moving is finished
05.12 17:55:35 Could not find 'EZRaman Reader  V8.2.0 MV' in 'dict_keys([])'
05.12 17:55:40 Could not find 'EZRaman Reader  V8.2.0 MV' in 'dict_keys([])'
05.12 17:55:41 Scanning 53 point from 65
05.12 17:55:41 Going to coordinates X=-13.928, Y=-39.418
05.12 17:55:41 Moving is finished
05.12 17:55:47 Could not find 'EZRaman Reader  V8.2.0 MV' in 'dict_keys([])'
05.12 17:55:53 Could not find 'EZRaman Reader  V8.2.0 MV' in 'dict_keys([])'
05.12 17:55:54 Scanning 54 point from 65
05.12 17:55:54 Going to coordinates X=-13.888, Y=-39.418
05.12 17:55:54 Moving is finished
05.12 17:56:00 Could not find 'EZRaman Reader  V8.2.0 MV' in 'dict_keys([])'
05.12 17:56:06 Could not find 'EZRaman Reader  V8.2.0 MV' in 'dict_keys([])'
05.12 17:56:07 Scanning 55 point from 65
05.12 17:56:07 Going to coordinates X=-14.048, Y=-39.408
05.12 17:56:07 Moving is finished
05.12 17:56:14 Could not find 'EZRaman Reader  V8.2.0 MV' in 'dict_keys([])'
05.12 17:56:19 Could not find 'EZRaman Reader  V8.2.0 MV' in 'dict_keys([])'
05.12 17:56:20 Scanning 56 point from 65
05.12 17:56:20 Going to coordinates X=-14.008, Y=-39.408
05.12 17:56:20 Moving is finished
05.12 17:56:27 Could not find 'EZRaman Reader  V8.2.0 MV' in 'dict_keys([])'
05.12 17:56:32 Could not find 'EZRaman Reader  V8.2.0 MV' in 'dict_keys([])'
05.12 17:56:33 Scanning 57 point from 65
05.12 17:56:33 Going to coordinates X=-13.968, Y=-39.408
05.12 17:56:33 Moving is finished
05.12 17:56:39 Could not find 'EZRaman Reader  V8.2.0 MV' in 'dict_keys([])'
05.12 17:56:45 Could not find 'EZRaman Reader  V8.2.0 MV' in 'dict_keys([])'
05.12 17:56:45 Scanning 58 point from 65
05.12 17:56:45 Going to coordinates X=-13.928, Y=-39.408
05.12 17:56:45 Moving is finished
05.12 17:56:52 Could not find 'EZRaman Reader  V8.2.0 MV' in 'dict_keys([])'
05.12 17:56:57 Could not find 'EZRaman Reader  V8.2.0 MV' in 'dict_keys([])'
05.12 17:56:57 Scanning 59 point from 65
05.12 17:56:57 Going to coordinates X=-13.888, Y=-39.408
05.12 17:56:57 Moving is finished
05.12 17:57:04 Could not find 'EZRaman Reader  V8.2.0 MV' in 'dict_keys([])'
05.12 17:57:09 Could not find 'EZRaman Reader  V8.2.0 MV' in 'dict_keys([])'
05.12 17:57:09 Scanning 60 point from 65
05.12 17:57:09 Going to coordinates X=-14.048, Y=-39.398
05.12 17:57:10 Moving is finished
05.12 17:57:16 Could not find 'EZRaman Reader  V8.2.0 MV' in 'dict_keys([])'
05.12 17:57:21 Could not find 'EZRaman Reader  V8.2.0 MV' in 'dict_keys([])'
05.12 17:57:22 Scanning 61 point from 65
05.12 17:57:22 Going to coordinates X=-14.008, Y=-39.398
05.12 17:57:22 Moving is finished
05.12 17:57:28 Could not find 'EZRaman Reader  V8.2.0 MV' in 'dict_keys([])'
05.12 17:57:33 Could not find 'EZRaman Reader  V8.2.0 MV' in 'dict_keys([])'
05.12 17:57:34 Scanning 62 point from 65
05.12 17:57:34 Going to coordinates X=-13.968, Y=-39.398
05.12 17:57:34 Moving is finished
05.12 17:57:40 Stopped!
05.12 17:57:43 timed out
