04.09 10:41:46 Initializing grbl...
04.09 10:41:47 Got the response: b''
04.09 10:44:18 Row 0: 04.09 10:44:18 Map: x1: -14.668, y1: -38.0, x2: -13.702, y2: -39.621, xres: 0.100, yres: 0.100, fname: mellpseracooh2
04.09 10:44:18 Scanning 0 point from 198
04.09 10:44:18 Going to coordinates X=-14.668, Y=-39.621
04.09 10:44:19 Moving is finished
04.09 10:45:43 Scanning 1 point from 198
04.09 10:45:43 Going to coordinates X=-14.568, Y=-39.621
04.09 10:45:44 Moving is finished
04.09 10:47:08 Scanning 2 point from 198
04.09 10:47:08 Going to coordinates X=-14.468, Y=-39.621
04.09 10:47:08 Moving is finished
04.09 10:48:33 Scanning 3 point from 198
04.09 10:48:33 Going to coordinates X=-14.368, Y=-39.621
04.09 10:48:33 Moving is finished
04.09 10:49:58 Scanning 4 point from 198
04.09 10:49:58 Going to coordinates X=-14.268, Y=-39.621
04.09 10:49:58 Moving is finished
04.09 10:51:23 Scanning 5 point from 198
04.09 10:51:23 Going to coordinates X=-14.168, Y=-39.621
04.09 10:51:23 Moving is finished
04.09 10:52:47 Scanning 6 point from 198
04.09 10:52:47 Going to coordinates X=-14.068, Y=-39.621
04.09 10:52:47 Moving is finished
04.09 10:54:12 Scanning 7 point from 198
04.09 10:54:12 Going to coordinates X=-13.968, Y=-39.621
04.09 10:54:12 Moving is finished
04.09 10:55:37 Scanning 8 point from 198
04.09 10:55:37 Going to coordinates X=-13.868, Y=-39.621
04.09 10:55:37 Moving is finished
04.09 10:57:02 Scanning 9 point from 198
04.09 10:57:02 Going to coordinates X=-13.768, Y=-39.621
04.09 10:57:03 Moving is finished
04.09 10:58:28 Scanning 10 point from 198
04.09 10:58:28 Going to coordinates X=-13.668, Y=-39.621
04.09 10:58:29 Moving is finished
04.09 10:59:53 Scanning 11 point from 198
04.09 10:59:53 Going to coordinates X=-14.668, Y=-39.521
04.09 10:59:54 Moving is finished
04.09 11:01:19 Scanning 12 point from 198
04.09 11:01:19 Going to coordinates X=-14.568, Y=-39.521
04.09 11:01:19 Moving is finished
04.09 11:02:45 Scanning 13 point from 198
04.09 11:02:45 Going to coordinates X=-14.468, Y=-39.521
04.09 11:02:45 Moving is finished
04.09 11:04:09 Scanning 14 point from 198
04.09 11:04:09 Going to coordinates X=-14.368, Y=-39.521
04.09 11:04:10 Moving is finished
04.09 11:05:34 Scanning 15 point from 198
04.09 11:05:34 Going to coordinates X=-14.268, Y=-39.521
04.09 11:05:35 Moving is finished
04.09 11:06:59 Scanning 16 point from 198
04.09 11:06:59 Going to coordinates X=-14.168, Y=-39.521
04.09 11:07:00 Moving is finished
04.09 11:08:24 Scanning 17 point from 198
04.09 11:08:24 Going to coordinates X=-14.068, Y=-39.521
04.09 11:08:25 Moving is finished
04.09 11:09:48 list index out of range
04.09 11:09:48 Scanning 18 point from 198
04.09 11:09:48 Paused
04.09 11:10:04 Going to coordinates X=-13.968, Y=-39.521
04.09 11:10:04 Moving is finished
04.09 11:11:29 Scanning 19 point from 198
04.09 11:11:29 Going to coordinates X=-13.868, Y=-39.521
04.09 11:11:29 Moving is finished
04.09 11:12:54 Scanning 20 point from 198
04.09 11:12:54 Going to coordinates X=-13.768, Y=-39.521
04.09 11:12:55 Moving is finished
04.09 11:14:20 Scanning 21 point from 198
04.09 11:14:20 Going to coordinates X=-13.668, Y=-39.521
04.09 11:14:20 Moving is finished
04.09 11:15:45 Scanning 22 point from 198
04.09 11:15:45 Going to coordinates X=-14.668, Y=-39.421
04.09 11:15:45 Moving is finished
04.09 11:17:10 Scanning 23 point from 198
04.09 11:17:10 Going to coordinates X=-14.568, Y=-39.421
04.09 11:17:10 Moving is finished
04.09 11:18:34 Scanning 24 point from 198
04.09 11:18:34 Going to coordinates X=-14.468, Y=-39.421
04.09 11:18:35 Moving is finished
04.09 11:19:59 Scanning 25 point from 198
04.09 11:19:59 Going to coordinates X=-14.368, Y=-39.421
04.09 11:19:59 Moving is finished
04.09 11:21:24 Scanning 26 point from 198
04.09 11:21:24 Going to coordinates X=-14.268, Y=-39.421
04.09 11:21:24 Moving is finished
04.09 11:22:49 Scanning 27 point from 198
04.09 11:22:49 Going to coordinates X=-14.168, Y=-39.421
04.09 11:22:49 Moving is finished
04.09 11:24:14 Scanning 28 point from 198
04.09 11:24:14 Going to coordinates X=-14.068, Y=-39.421
04.09 11:24:14 Moving is finished
04.09 11:25:39 Scanning 29 point from 198
04.09 11:25:39 Going to coordinates X=-13.968, Y=-39.421
04.09 11:25:39 Moving is finished
04.09 11:27:04 Scanning 30 point from 198
04.09 11:27:04 Going to coordinates X=-13.868, Y=-39.421
04.09 11:27:04 Moving is finished
04.09 11:28:29 Scanning 31 point from 198
04.09 11:28:29 Going to coordinates X=-13.768, Y=-39.421
04.09 11:28:29 Moving is finished
04.09 11:28:59 Stopped!
