03.10 16:00:42 Initializing grbl...
03.10 16:00:43 Got the response: b''
03.10 16:00:47 Can't send the command to GRBL
03.10 16:00:47 Write timeout03.10 16:00:47 Write timeout
03.10 16:01:53 Can't send the command to GRBL
03.10 16:01:53 Write timeout03.10 16:01:53 Write timeout

03.10 16:02:29 Can't send the command to GRBL
03.10 16:02:29 Write timeout03.10 16:02:29 Write timeout

03.10 16:05:22 Can't send the command to GRBL
03.10 16:05:22 Write timeout03.10 16:05:22 Write timeout

03.10 16:05:26 Can't send the command to GRBL
03.10 16:05:26 Write timeout03.10 16:05:26 Write timeout

03.10 16:23:42 Can't send the command to GRBL
03.10 16:23:42 Write timeout03.10 16:23:42 Write timeout

03.10 16:24:01 Can't send the command to GRBL
03.10 16:24:01 Write timeout03.10 16:24:01 Write timeout

03.10 16:26:55 Can't send the command to GRBL
03.10 16:26:55 Write timeout03.10 16:26:55 Write timeout

03.10 16:41:39 Can't send the command to GRBL
03.10 16:41:39 Write timeout03.10 16:41:39 Write timeout

03.10 16:50:19 Can't send the command to GRBL
03.10 16:50:19 Write timeout
