09.03 21:31:30 Initializing grbl...
09.03 21:31:31 Got the response: b''
09.03 21:32:12 Focused at  1
09.03 21:32:37 Row 0: 09.03 21:32:37 Map: x1: -14.0, y1: -38.0, x2: -14.635, y2: -37.241, xres: 0.060, yres: 0.100, fname: Such- Sol2 C
09.03 21:32:37 Scanning 0 point from 108
09.03 21:32:37 Going to coordinates X=-14.635, Y=-38.000
09.03 21:32:38 Moving is finished
09.03 21:34:24 Scanning 1 point from 108
09.03 21:34:24 Going to coordinates X=-14.575, Y=-38.000
09.03 21:34:24 Moving is finished
09.03 21:36:08 Scanning 2 point from 108
09.03 21:36:08 Going to coordinates X=-14.515, Y=-38.000
09.03 21:36:09 Moving is finished
09.03 21:37:53 Scanning 3 point from 108
09.03 21:37:53 Going to coordinates X=-14.455, Y=-38.000
09.03 21:37:53 Moving is finished
09.03 21:39:38 Scanning 4 point from 108
09.03 21:39:38 Going to coordinates X=-14.395, Y=-38.000
09.03 21:39:39 Moving is finished
09.03 21:41:24 Scanning 5 point from 108
09.03 21:41:24 Going to coordinates X=-14.335, Y=-38.000
09.03 21:41:24 Moving is finished
09.03 21:43:09 Scanning 6 point from 108
09.03 21:43:09 Going to coordinates X=-14.275, Y=-38.000
09.03 21:43:09 Moving is finished
09.03 21:44:54 Scanning 7 point from 108
09.03 21:44:54 Going to coordinates X=-14.215, Y=-38.000
09.03 21:44:54 Moving is finished
09.03 21:46:40 Scanning 8 point from 108
09.03 21:46:40 Going to coordinates X=-14.155, Y=-38.000
09.03 21:46:40 Moving is finished
09.03 21:48:25 Scanning 9 point from 108
09.03 21:48:25 Going to coordinates X=-14.095, Y=-38.000
09.03 21:48:26 Moving is finished
09.03 21:50:10 Scanning 10 point from 108
09.03 21:50:10 Going to coordinates X=-14.035, Y=-38.000
09.03 21:50:10 Moving is finished
09.03 21:51:56 Scanning 11 point from 108
09.03 21:51:56 Going to coordinates X=-13.975, Y=-38.000
09.03 21:51:56 Moving is finished
09.03 21:53:41 Scanning 12 point from 108
09.03 21:53:41 Going to coordinates X=-14.635, Y=-37.900
09.03 21:53:42 Moving is finished
09.03 21:55:27 Scanning 13 point from 108
09.03 21:55:27 Going to coordinates X=-14.575, Y=-37.900
09.03 21:55:27 Moving is finished
09.03 21:57:12 Scanning 14 point from 108
09.03 21:57:12 Going to coordinates X=-14.515, Y=-37.900
09.03 21:57:12 Moving is finished
09.03 21:58:57 Scanning 15 point from 108
09.03 21:58:57 Going to coordinates X=-14.455, Y=-37.900
09.03 21:58:57 Moving is finished
09.03 22:00:42 Scanning 16 point from 108
09.03 22:00:42 Going to coordinates X=-14.395, Y=-37.900
09.03 22:00:42 Moving is finished
09.03 22:02:26 Scanning 17 point from 108
09.03 22:02:26 Going to coordinates X=-14.335, Y=-37.900
09.03 22:02:27 Moving is finished
09.03 22:04:12 Scanning 18 point from 108
09.03 22:04:12 Going to coordinates X=-14.275, Y=-37.900
09.03 22:04:12 Moving is finished
09.03 22:05:57 Scanning 19 point from 108
09.03 22:05:57 Going to coordinates X=-14.215, Y=-37.900
09.03 22:05:57 Moving is finished
09.03 22:07:42 Scanning 20 point from 108
09.03 22:07:42 Going to coordinates X=-14.155, Y=-37.900
09.03 22:07:42 Moving is finished
09.03 22:09:27 Scanning 21 point from 108
09.03 22:09:27 Going to coordinates X=-14.095, Y=-37.900
09.03 22:09:27 Moving is finished
09.03 22:11:12 Scanning 22 point from 108
09.03 22:11:12 Going to coordinates X=-14.035, Y=-37.900
09.03 22:11:13 Moving is finished
09.03 22:12:58 Scanning 23 point from 108
09.03 22:12:58 Going to coordinates X=-13.975, Y=-37.900
09.03 22:12:58 Moving is finished
09.03 22:14:43 Scanning 24 point from 108
09.03 22:14:43 Going to coordinates X=-14.635, Y=-37.800
09.03 22:14:43 Moving is finished
09.03 22:16:29 Scanning 25 point from 108
09.03 22:16:29 Going to coordinates X=-14.575, Y=-37.800
09.03 22:16:29 Moving is finished
09.03 22:18:14 Scanning 26 point from 108
09.03 22:18:14 Going to coordinates X=-14.515, Y=-37.800
09.03 22:18:14 Moving is finished
09.03 22:19:59 Scanning 27 point from 108
09.03 22:19:59 Going to coordinates X=-14.455, Y=-37.800
09.03 22:19:59 Moving is finished
09.03 22:21:44 Scanning 28 point from 108
09.03 22:21:44 Going to coordinates X=-14.395, Y=-37.800
09.03 22:21:44 Moving is finished
09.03 22:23:29 Scanning 29 point from 108
09.03 22:23:29 Going to coordinates X=-14.335, Y=-37.800
09.03 22:23:29 Moving is finished
09.03 22:25:14 Scanning 30 point from 108
09.03 22:25:14 Going to coordinates X=-14.275, Y=-37.800
09.03 22:25:14 Moving is finished
09.03 22:26:59 Scanning 31 point from 108
09.03 22:26:59 Going to coordinates X=-14.215, Y=-37.800
09.03 22:27:00 Moving is finished
09.03 22:28:44 Scanning 32 point from 108
09.03 22:28:44 Going to coordinates X=-14.155, Y=-37.800
09.03 22:28:45 Moving is finished
09.03 22:30:29 Scanning 33 point from 108
09.03 22:30:29 Going to coordinates X=-14.095, Y=-37.800
09.03 22:30:30 Moving is finished
09.03 22:32:14 Scanning 34 point from 108
09.03 22:32:14 Going to coordinates X=-14.035, Y=-37.800
09.03 22:32:14 Moving is finished
09.03 22:33:59 Scanning 35 point from 108
09.03 22:33:59 Going to coordinates X=-13.975, Y=-37.800
09.03 22:33:59 Moving is finished
09.03 22:35:45 Scanning 36 point from 108
09.03 22:35:45 Going to coordinates X=-14.635, Y=-37.700
09.03 22:35:45 Moving is finished
09.03 22:37:30 Scanning 37 point from 108
09.03 22:37:30 Going to coordinates X=-14.575, Y=-37.700
09.03 22:37:30 Moving is finished
09.03 22:39:15 Scanning 38 point from 108
09.03 22:39:15 Going to coordinates X=-14.515, Y=-37.700
09.03 22:39:16 Moving is finished
09.03 22:41:00 Scanning 39 point from 108
09.03 22:41:00 Going to coordinates X=-14.455, Y=-37.700
09.03 22:41:00 Moving is finished
09.03 22:42:45 Scanning 40 point from 108
09.03 22:42:45 Going to coordinates X=-14.395, Y=-37.700
09.03 22:42:45 Moving is finished
09.03 22:44:30 Scanning 41 point from 108
09.03 22:44:30 Going to coordinates X=-14.335, Y=-37.700
09.03 22:44:31 Moving is finished
09.03 22:46:16 Scanning 42 point from 108
09.03 22:46:16 Going to coordinates X=-14.275, Y=-37.700
09.03 22:46:16 Moving is finished
09.03 22:48:01 Scanning 43 point from 108
09.03 22:48:01 Going to coordinates X=-14.215, Y=-37.700
09.03 22:48:01 Moving is finished
09.03 22:49:46 Scanning 44 point from 108
09.03 22:49:46 Going to coordinates X=-14.155, Y=-37.700
09.03 22:49:46 Moving is finished
09.03 22:51:31 Scanning 45 point from 108
09.03 22:51:31 Going to coordinates X=-14.095, Y=-37.700
09.03 22:51:31 Moving is finished
09.03 22:53:16 Scanning 46 point from 108
09.03 22:53:16 Going to coordinates X=-14.035, Y=-37.700
09.03 22:53:16 Moving is finished
09.03 22:55:01 Scanning 47 point from 108
09.03 22:55:01 Going to coordinates X=-13.975, Y=-37.700
09.03 22:55:01 Moving is finished
09.03 22:56:47 Scanning 48 point from 108
09.03 22:56:47 Going to coordinates X=-14.635, Y=-37.600
09.03 22:56:47 Moving is finished
09.03 22:58:32 Scanning 49 point from 108
09.03 22:58:32 Going to coordinates X=-14.575, Y=-37.600
09.03 22:58:32 Moving is finished
09.03 23:00:17 Scanning 50 point from 108
09.03 23:00:17 Going to coordinates X=-14.515, Y=-37.600
09.03 23:00:18 Moving is finished
09.03 23:02:03 Scanning 51 point from 108
09.03 23:02:03 Going to coordinates X=-14.455, Y=-37.600
09.03 23:02:03 Moving is finished
09.03 23:03:48 Scanning 52 point from 108
09.03 23:03:48 Going to coordinates X=-14.395, Y=-37.600
09.03 23:03:48 Moving is finished
09.03 23:05:33 Scanning 53 point from 108
09.03 23:05:33 Going to coordinates X=-14.335, Y=-37.600
09.03 23:05:33 Moving is finished
09.03 23:07:17 Scanning 54 point from 108
09.03 23:07:17 Going to coordinates X=-14.275, Y=-37.600
09.03 23:07:18 Moving is finished
09.03 23:09:02 Scanning 55 point from 108
09.03 23:09:02 Going to coordinates X=-14.215, Y=-37.600
09.03 23:09:02 Moving is finished
09.03 23:10:47 Scanning 56 point from 108
09.03 23:10:47 Going to coordinates X=-14.155, Y=-37.600
09.03 23:10:47 Moving is finished
09.03 23:12:32 Scanning 57 point from 108
09.03 23:12:32 Going to coordinates X=-14.095, Y=-37.600
09.03 23:12:32 Moving is finished
09.03 23:14:17 Scanning 58 point from 108
09.03 23:14:17 Going to coordinates X=-14.035, Y=-37.600
09.03 23:14:18 Moving is finished
09.03 23:16:03 Scanning 59 point from 108
09.03 23:16:03 Going to coordinates X=-13.975, Y=-37.600
09.03 23:16:03 Moving is finished
09.03 23:17:48 Scanning 60 point from 108
09.03 23:17:48 Going to coordinates X=-14.635, Y=-37.500
09.03 23:17:48 Moving is finished
09.03 23:19:33 Scanning 61 point from 108
09.03 23:19:33 Going to coordinates X=-14.575, Y=-37.500
09.03 23:19:33 Moving is finished
09.03 23:21:18 Scanning 62 point from 108
09.03 23:21:18 Going to coordinates X=-14.515, Y=-37.500
09.03 23:21:18 Moving is finished
09.03 23:23:03 Scanning 63 point from 108
09.03 23:23:03 Going to coordinates X=-14.455, Y=-37.500
09.03 23:23:03 Moving is finished
09.03 23:24:48 Scanning 64 point from 108
09.03 23:24:48 Going to coordinates X=-14.395, Y=-37.500
09.03 23:24:48 Moving is finished
09.03 23:26:33 Scanning 65 point from 108
09.03 23:26:33 Going to coordinates X=-14.335, Y=-37.500
09.03 23:26:33 Moving is finished
09.03 23:28:17 Scanning 66 point from 108
09.03 23:28:17 Going to coordinates X=-14.275, Y=-37.500
09.03 23:28:17 Moving is finished
09.03 23:30:03 Scanning 67 point from 108
09.03 23:30:03 Going to coordinates X=-14.215, Y=-37.500
09.03 23:30:03 Moving is finished
09.03 23:31:48 Scanning 68 point from 108
09.03 23:31:48 Going to coordinates X=-14.155, Y=-37.500
09.03 23:31:48 Moving is finished
09.03 23:33:33 Scanning 69 point from 108
09.03 23:33:33 Going to coordinates X=-14.095, Y=-37.500
09.03 23:33:34 Moving is finished
09.03 23:35:18 Scanning 70 point from 108
09.03 23:35:18 Going to coordinates X=-14.035, Y=-37.500
09.03 23:35:19 Moving is finished
09.03 23:37:03 Scanning 71 point from 108
09.03 23:37:03 Going to coordinates X=-13.975, Y=-37.500
09.03 23:37:03 Moving is finished
09.03 23:38:49 Scanning 72 point from 108
09.03 23:38:49 Going to coordinates X=-14.635, Y=-37.400
09.03 23:38:49 Moving is finished
09.03 23:40:34 Scanning 73 point from 108
09.03 23:40:34 Going to coordinates X=-14.575, Y=-37.400
09.03 23:40:34 Moving is finished
09.03 23:42:19 Scanning 74 point from 108
09.03 23:42:19 Going to coordinates X=-14.515, Y=-37.400
09.03 23:42:19 Moving is finished
09.03 23:44:04 Scanning 75 point from 108
09.03 23:44:04 Going to coordinates X=-14.455, Y=-37.400
09.03 23:44:04 Moving is finished
09.03 23:45:49 Scanning 76 point from 108
09.03 23:45:49 Going to coordinates X=-14.395, Y=-37.400
09.03 23:45:49 Moving is finished
09.03 23:47:34 Scanning 77 point from 108
09.03 23:47:34 Going to coordinates X=-14.335, Y=-37.400
09.03 23:47:34 Moving is finished
09.03 23:49:19 Scanning 78 point from 108
09.03 23:49:19 Going to coordinates X=-14.275, Y=-37.400
09.03 23:49:19 Moving is finished
09.03 23:51:04 Scanning 79 point from 108
09.03 23:51:04 Going to coordinates X=-14.215, Y=-37.400
09.03 23:51:04 Moving is finished
09.03 23:52:49 Scanning 80 point from 108
09.03 23:52:49 Going to coordinates X=-14.155, Y=-37.400
09.03 23:52:49 Moving is finished
09.03 23:54:34 Scanning 81 point from 108
09.03 23:54:34 Going to coordinates X=-14.095, Y=-37.400
09.03 23:54:34 Moving is finished
09.03 23:56:19 Scanning 82 point from 108
09.03 23:56:19 Going to coordinates X=-14.035, Y=-37.400
09.03 23:56:19 Moving is finished
09.03 23:58:05 Scanning 83 point from 108
09.03 23:58:05 Going to coordinates X=-13.975, Y=-37.400
09.03 23:58:05 Moving is finished
09.03 23:59:50 Scanning 84 point from 108
09.03 23:59:50 Going to coordinates X=-14.635, Y=-37.300
09.03 23:59:51 Moving is finished
10.03 00:01:36 Scanning 85 point from 108
10.03 00:01:36 Going to coordinates X=-14.575, Y=-37.300
10.03 00:01:36 Moving is finished
10.03 00:03:21 Scanning 86 point from 108
10.03 00:03:21 Going to coordinates X=-14.515, Y=-37.300
10.03 00:03:21 Moving is finished
10.03 00:05:06 Scanning 87 point from 108
10.03 00:05:06 Going to coordinates X=-14.455, Y=-37.300
10.03 00:05:06 Moving is finished
10.03 00:06:51 Scanning 88 point from 108
10.03 00:06:51 Going to coordinates X=-14.395, Y=-37.300
10.03 00:06:51 Moving is finished
10.03 00:08:36 Scanning 89 point from 108
10.03 00:08:36 Going to coordinates X=-14.335, Y=-37.300
10.03 00:08:36 Moving is finished
10.03 00:10:21 Scanning 90 point from 108
10.03 00:10:21 Going to coordinates X=-14.275, Y=-37.300
10.03 00:10:21 Moving is finished
10.03 00:12:06 Scanning 91 point from 108
10.03 00:12:06 Going to coordinates X=-14.215, Y=-37.300
10.03 00:12:07 Moving is finished
10.03 00:13:51 Scanning 92 point from 108
10.03 00:13:51 Going to coordinates X=-14.155, Y=-37.300
10.03 00:13:51 Moving is finished
10.03 00:15:37 Scanning 93 point from 108
10.03 00:15:37 Going to coordinates X=-14.095, Y=-37.300
10.03 00:15:37 Moving is finished
10.03 00:17:22 Scanning 94 point from 108
10.03 00:17:22 Going to coordinates X=-14.035, Y=-37.300
10.03 00:17:22 Moving is finished
10.03 00:19:07 Scanning 95 point from 108
10.03 00:19:07 Going to coordinates X=-13.975, Y=-37.300
10.03 00:19:07 Moving is finished
10.03 00:20:52 Scanning 96 point from 108
10.03 00:20:52 Going to coordinates X=-14.635, Y=-37.200
10.03 00:20:53 Moving is finished
10.03 00:22:38 Scanning 97 point from 108
10.03 00:22:38 Going to coordinates X=-14.575, Y=-37.200
10.03 00:22:38 Moving is finished
10.03 00:24:23 Scanning 98 point from 108
10.03 00:24:23 Going to coordinates X=-14.515, Y=-37.200
10.03 00:24:23 Moving is finished
10.03 00:26:09 Scanning 99 point from 108
10.03 00:26:09 Going to coordinates X=-14.455, Y=-37.200
10.03 00:26:09 Moving is finished
10.03 00:27:54 Scanning 100 point from 108
10.03 00:27:54 Going to coordinates X=-14.395, Y=-37.200
10.03 00:27:54 Moving is finished
10.03 00:29:39 Scanning 101 point from 108
10.03 00:29:39 Going to coordinates X=-14.335, Y=-37.200
10.03 00:29:39 Moving is finished
10.03 00:31:23 Scanning 102 point from 108
10.03 00:31:23 Going to coordinates X=-14.275, Y=-37.200
10.03 00:31:24 Moving is finished
10.03 00:33:09 Scanning 103 point from 108
10.03 00:33:09 Going to coordinates X=-14.215, Y=-37.200
10.03 00:33:09 Moving is finished
10.03 00:34:54 Scanning 104 point from 108
10.03 00:34:54 Going to coordinates X=-14.155, Y=-37.200
10.03 00:34:54 Moving is finished
10.03 00:36:39 Scanning 105 point from 108
10.03 00:36:39 Going to coordinates X=-14.095, Y=-37.200
10.03 00:36:39 Moving is finished
10.03 00:38:24 Scanning 106 point from 108
10.03 00:38:24 Going to coordinates X=-14.035, Y=-37.200
10.03 00:38:24 Moving is finished
10.03 00:40:09 Scanning 107 point from 108
10.03 00:40:09 Going to coordinates X=-13.975, Y=-37.200
10.03 00:40:09 Moving is finished
