04.03 19:10:39 Initializing grbl...
04.03 19:10:40 Got the response: b''
04.03 19:12:43 Focused at  1
04.03 19:13:19 Row 0: 04.03 19:13:19 Map: x1: -12.548, y1: -36.677, x2: -10.976, y2: -37.846, xres: 0.100, yres: 0.100, fname: Gluc-sol1-A
04.03 19:13:19 Scanning 0 point from 221
04.03 19:13:19 Going to coordinates X=-12.548, Y=-37.846
04.03 19:13:20 Moving is finished
04.03 19:15:04 Scanning 1 point from 221
04.03 19:15:04 Going to coordinates X=-12.448, Y=-37.846
04.03 19:15:05 Moving is finished
04.03 19:16:49 Scanning 2 point from 221
04.03 19:16:49 Going to coordinates X=-12.348, Y=-37.846
04.03 19:16:50 Moving is finished
04.03 19:18:34 Scanning 3 point from 221
04.03 19:18:34 Going to coordinates X=-12.248, Y=-37.846
04.03 19:18:34 Moving is finished
04.03 19:20:19 Scanning 4 point from 221
04.03 19:20:19 Going to coordinates X=-12.148, Y=-37.846
04.03 19:20:19 Moving is finished
04.03 19:22:04 Scanning 5 point from 221
04.03 19:22:04 Going to coordinates X=-12.048, Y=-37.846
04.03 19:22:04 Moving is finished
04.03 19:23:49 Scanning 6 point from 221
04.03 19:23:49 Going to coordinates X=-11.948, Y=-37.846
04.03 19:23:49 Moving is finished
04.03 19:25:34 Scanning 7 point from 221
04.03 19:25:34 Going to coordinates X=-11.848, Y=-37.846
04.03 19:25:34 Moving is finished
04.03 19:27:18 Scanning 8 point from 221
04.03 19:27:18 Going to coordinates X=-11.748, Y=-37.846
04.03 19:27:19 Moving is finished
04.03 19:29:03 Scanning 9 point from 221
04.03 19:29:03 Going to coordinates X=-11.648, Y=-37.846
04.03 19:29:03 Moving is finished
04.03 19:30:47 Scanning 10 point from 221
04.03 19:30:47 Going to coordinates X=-11.548, Y=-37.846
04.03 19:30:48 Moving is finished
04.03 19:32:32 Scanning 11 point from 221
04.03 19:32:32 Going to coordinates X=-11.448, Y=-37.846
04.03 19:32:32 Moving is finished
04.03 19:34:17 Scanning 12 point from 221
04.03 19:34:17 Going to coordinates X=-11.348, Y=-37.846
04.03 19:34:17 Moving is finished
04.03 19:36:02 Scanning 13 point from 221
04.03 19:36:02 Going to coordinates X=-11.248, Y=-37.846
04.03 19:36:02 Moving is finished
04.03 19:37:47 Scanning 14 point from 221
04.03 19:37:47 Going to coordinates X=-11.148, Y=-37.846
04.03 19:37:47 Moving is finished
04.03 19:39:32 Scanning 15 point from 221
04.03 19:39:32 Going to coordinates X=-11.048, Y=-37.846
04.03 19:39:32 Moving is finished
04.03 19:41:17 Scanning 16 point from 221
04.03 19:41:17 Going to coordinates X=-10.948, Y=-37.846
04.03 19:41:17 Moving is finished
04.03 19:43:02 Scanning 17 point from 221
04.03 19:43:02 Going to coordinates X=-12.548, Y=-37.746
04.03 19:43:03 Moving is finished
04.03 19:44:47 Scanning 18 point from 221
04.03 19:44:47 Going to coordinates X=-12.448, Y=-37.746
04.03 19:44:48 Moving is finished
04.03 19:46:32 Scanning 19 point from 221
04.03 19:46:32 Going to coordinates X=-12.348, Y=-37.746
04.03 19:46:32 Moving is finished
04.03 19:48:17 Scanning 20 point from 221
04.03 19:48:17 Going to coordinates X=-12.248, Y=-37.746
04.03 19:48:17 Moving is finished
04.03 19:50:02 Scanning 21 point from 221
04.03 19:50:02 Going to coordinates X=-12.148, Y=-37.746
04.03 19:50:02 Moving is finished
04.03 19:51:47 Scanning 22 point from 221
04.03 19:51:47 Going to coordinates X=-12.048, Y=-37.746
04.03 19:51:47 Moving is finished
04.03 19:53:32 Scanning 23 point from 221
04.03 19:53:32 Going to coordinates X=-11.948, Y=-37.746
04.03 19:53:32 Moving is finished
04.03 19:55:17 Scanning 24 point from 221
04.03 19:55:17 Going to coordinates X=-11.848, Y=-37.746
04.03 19:55:17 Moving is finished
04.03 19:57:01 Scanning 25 point from 221
04.03 19:57:01 Going to coordinates X=-11.748, Y=-37.746
04.03 19:57:02 Moving is finished
04.03 19:58:47 Scanning 26 point from 221
04.03 19:58:47 Going to coordinates X=-11.648, Y=-37.746
04.03 19:58:47 Moving is finished
04.03 20:00:32 Scanning 27 point from 221
04.03 20:00:32 Going to coordinates X=-11.548, Y=-37.746
04.03 20:00:32 Moving is finished
04.03 20:02:17 Scanning 28 point from 221
04.03 20:02:17 Going to coordinates X=-11.448, Y=-37.746
04.03 20:02:17 Moving is finished
04.03 20:04:02 Scanning 29 point from 221
04.03 20:04:02 Going to coordinates X=-11.348, Y=-37.746
04.03 20:04:02 Moving is finished
04.03 20:05:47 Scanning 30 point from 221
04.03 20:05:47 Going to coordinates X=-11.248, Y=-37.746
04.03 20:05:47 Moving is finished
04.03 20:07:32 Scanning 31 point from 221
04.03 20:07:32 Going to coordinates X=-11.148, Y=-37.746
04.03 20:07:32 Moving is finished
04.03 20:09:17 Scanning 32 point from 221
04.03 20:09:17 Going to coordinates X=-11.048, Y=-37.746
04.03 20:09:17 Moving is finished
04.03 20:11:02 Scanning 33 point from 221
04.03 20:11:02 Going to coordinates X=-10.948, Y=-37.746
04.03 20:11:02 Moving is finished
04.03 20:12:47 Scanning 34 point from 221
04.03 20:12:47 Going to coordinates X=-12.548, Y=-37.646
04.03 20:12:48 Moving is finished
04.03 20:14:33 Scanning 35 point from 221
04.03 20:14:33 Going to coordinates X=-12.448, Y=-37.646
04.03 20:14:33 Moving is finished
04.03 20:16:17 Scanning 36 point from 221
04.03 20:16:17 Going to coordinates X=-12.348, Y=-37.646
04.03 20:16:17 Moving is finished
04.03 20:18:02 Scanning 37 point from 221
04.03 20:18:02 Going to coordinates X=-12.248, Y=-37.646
04.03 20:18:02 Moving is finished
04.03 20:19:47 Scanning 38 point from 221
04.03 20:19:47 Going to coordinates X=-12.148, Y=-37.646
04.03 20:19:47 Moving is finished
04.03 20:21:31 Scanning 39 point from 221
04.03 20:21:31 Going to coordinates X=-12.048, Y=-37.646
04.03 20:21:32 Moving is finished
04.03 20:23:16 Scanning 40 point from 221
04.03 20:23:16 Going to coordinates X=-11.948, Y=-37.646
04.03 20:23:16 Moving is finished
04.03 20:25:01 Scanning 41 point from 221
04.03 20:25:01 Going to coordinates X=-11.848, Y=-37.646
04.03 20:25:01 Moving is finished
04.03 20:26:46 Scanning 42 point from 221
04.03 20:26:46 Going to coordinates X=-11.748, Y=-37.646
04.03 20:26:46 Moving is finished
04.03 20:28:31 Scanning 43 point from 221
04.03 20:28:31 Going to coordinates X=-11.648, Y=-37.646
04.03 20:28:31 Moving is finished
04.03 20:30:16 Scanning 44 point from 221
04.03 20:30:16 Going to coordinates X=-11.548, Y=-37.646
04.03 20:30:16 Moving is finished
04.03 20:32:00 Scanning 45 point from 221
04.03 20:32:00 Going to coordinates X=-11.448, Y=-37.646
04.03 20:32:01 Moving is finished
04.03 20:33:45 Scanning 46 point from 221
04.03 20:33:45 Going to coordinates X=-11.348, Y=-37.646
04.03 20:33:46 Moving is finished
04.03 20:35:30 Scanning 47 point from 221
04.03 20:35:30 Going to coordinates X=-11.248, Y=-37.646
04.03 20:35:30 Moving is finished
04.03 20:37:15 Scanning 48 point from 221
04.03 20:37:15 Going to coordinates X=-11.148, Y=-37.646
04.03 20:37:15 Moving is finished
04.03 20:38:59 Scanning 49 point from 221
04.03 20:38:59 Going to coordinates X=-11.048, Y=-37.646
04.03 20:39:00 Moving is finished
04.03 20:40:44 Scanning 50 point from 221
04.03 20:40:44 Going to coordinates X=-10.948, Y=-37.646
04.03 20:40:44 Moving is finished
04.03 20:42:29 Scanning 51 point from 221
04.03 20:42:29 Going to coordinates X=-12.548, Y=-37.546
04.03 20:42:30 Moving is finished
04.03 20:44:14 Scanning 52 point from 221
04.03 20:44:14 Going to coordinates X=-12.448, Y=-37.546
04.03 20:44:15 Moving is finished
04.03 20:45:59 Scanning 53 point from 221
04.03 20:45:59 Going to coordinates X=-12.348, Y=-37.546
04.03 20:45:59 Moving is finished
04.03 20:47:44 Scanning 54 point from 221
04.03 20:47:44 Going to coordinates X=-12.248, Y=-37.546
04.03 20:47:45 Moving is finished
04.03 20:49:30 Scanning 55 point from 221
04.03 20:49:30 Going to coordinates X=-12.148, Y=-37.546
04.03 20:49:30 Moving is finished
04.03 20:51:15 Scanning 56 point from 221
04.03 20:51:15 Going to coordinates X=-12.048, Y=-37.546
04.03 20:51:15 Moving is finished
04.03 20:52:59 Scanning 57 point from 221
04.03 20:52:59 Going to coordinates X=-11.948, Y=-37.546
04.03 20:53:00 Moving is finished
04.03 20:54:45 Scanning 58 point from 221
04.03 20:54:45 Going to coordinates X=-11.848, Y=-37.546
04.03 20:54:45 Moving is finished
04.03 20:56:29 Scanning 59 point from 221
04.03 20:56:29 Going to coordinates X=-11.748, Y=-37.546
04.03 20:56:29 Moving is finished
04.03 20:58:15 Scanning 60 point from 221
04.03 20:58:15 Going to coordinates X=-11.648, Y=-37.546
04.03 20:58:15 Moving is finished
04.03 20:59:59 Scanning 61 point from 221
04.03 20:59:59 Going to coordinates X=-11.548, Y=-37.546
04.03 20:59:59 Moving is finished
04.03 21:01:44 Scanning 62 point from 221
04.03 21:01:44 Going to coordinates X=-11.448, Y=-37.546
04.03 21:01:44 Moving is finished
04.03 21:03:28 Scanning 63 point from 221
04.03 21:03:28 Going to coordinates X=-11.348, Y=-37.546
04.03 21:03:28 Moving is finished
04.03 21:05:13 Scanning 64 point from 221
04.03 21:05:13 Going to coordinates X=-11.248, Y=-37.546
04.03 21:05:13 Moving is finished
04.03 21:06:58 Scanning 65 point from 221
04.03 21:06:58 Going to coordinates X=-11.148, Y=-37.546
04.03 21:06:58 Moving is finished
04.03 21:08:43 Scanning 66 point from 221
04.03 21:08:43 Going to coordinates X=-11.048, Y=-37.546
04.03 21:08:43 Moving is finished
04.03 21:10:28 Scanning 67 point from 221
04.03 21:10:28 Going to coordinates X=-10.948, Y=-37.546
04.03 21:10:28 Moving is finished
04.03 21:12:12 Scanning 68 point from 221
04.03 21:12:12 Going to coordinates X=-12.548, Y=-37.446
04.03 21:12:13 Moving is finished
04.03 21:13:58 Scanning 69 point from 221
04.03 21:13:58 Going to coordinates X=-12.448, Y=-37.446
04.03 21:13:58 Moving is finished
04.03 21:15:42 Scanning 70 point from 221
04.03 21:15:42 Going to coordinates X=-12.348, Y=-37.446
04.03 21:15:42 Moving is finished
04.03 21:17:26 Scanning 71 point from 221
04.03 21:17:26 Going to coordinates X=-12.248, Y=-37.446
04.03 21:17:27 Moving is finished
04.03 21:19:11 Scanning 72 point from 221
04.03 21:19:11 Going to coordinates X=-12.148, Y=-37.446
04.03 21:19:11 Moving is finished
04.03 21:20:56 Scanning 73 point from 221
04.03 21:20:56 Going to coordinates X=-12.048, Y=-37.446
04.03 21:20:56 Moving is finished
04.03 21:22:40 Scanning 74 point from 221
04.03 21:22:40 Going to coordinates X=-11.948, Y=-37.446
04.03 21:22:41 Moving is finished
04.03 21:24:25 Scanning 75 point from 221
04.03 21:24:25 Going to coordinates X=-11.848, Y=-37.446
04.03 21:24:25 Moving is finished
04.03 21:26:10 Scanning 76 point from 221
04.03 21:26:10 Going to coordinates X=-11.748, Y=-37.446
04.03 21:26:10 Moving is finished
04.03 21:27:55 Scanning 77 point from 221
04.03 21:27:55 Going to coordinates X=-11.648, Y=-37.446
04.03 21:27:55 Moving is finished
04.03 21:29:39 Scanning 78 point from 221
04.03 21:29:39 Going to coordinates X=-11.548, Y=-37.446
04.03 21:29:39 Moving is finished
04.03 21:31:24 Scanning 79 point from 221
04.03 21:31:24 Going to coordinates X=-11.448, Y=-37.446
04.03 21:31:24 Moving is finished
04.03 21:33:09 Scanning 80 point from 221
04.03 21:33:09 Going to coordinates X=-11.348, Y=-37.446
04.03 21:33:09 Moving is finished
04.03 21:34:53 Scanning 81 point from 221
04.03 21:34:53 Going to coordinates X=-11.248, Y=-37.446
04.03 21:34:54 Moving is finished
04.03 21:36:38 Scanning 82 point from 221
04.03 21:36:38 Going to coordinates X=-11.148, Y=-37.446
04.03 21:36:38 Moving is finished
04.03 21:38:23 Scanning 83 point from 221
04.03 21:38:23 Going to coordinates X=-11.048, Y=-37.446
04.03 21:38:23 Moving is finished
04.03 21:40:08 Scanning 84 point from 221
04.03 21:40:08 Going to coordinates X=-10.948, Y=-37.446
04.03 21:40:08 Moving is finished
04.03 21:41:53 Scanning 85 point from 221
04.03 21:41:53 Going to coordinates X=-12.548, Y=-37.346
04.03 21:41:54 Moving is finished
04.03 21:43:38 Scanning 86 point from 221
04.03 21:43:38 Going to coordinates X=-12.448, Y=-37.346
04.03 21:43:38 Moving is finished
04.03 21:45:23 Scanning 87 point from 221
04.03 21:45:23 Going to coordinates X=-12.348, Y=-37.346
04.03 21:45:23 Moving is finished
04.03 21:47:07 Scanning 88 point from 221
04.03 21:47:07 Going to coordinates X=-12.248, Y=-37.346
04.03 21:47:08 Moving is finished
04.03 21:48:52 Scanning 89 point from 221
04.03 21:48:52 Going to coordinates X=-12.148, Y=-37.346
04.03 21:48:53 Moving is finished
04.03 21:50:38 Scanning 90 point from 221
04.03 21:50:38 Going to coordinates X=-12.048, Y=-37.346
04.03 21:50:38 Moving is finished
04.03 21:52:22 Scanning 91 point from 221
04.03 21:52:22 Going to coordinates X=-11.948, Y=-37.346
04.03 21:52:22 Moving is finished
04.03 21:54:07 Scanning 92 point from 221
04.03 21:54:07 Going to coordinates X=-11.848, Y=-37.346
04.03 21:54:07 Moving is finished
04.03 21:55:51 Scanning 93 point from 221
04.03 21:55:51 Going to coordinates X=-11.748, Y=-37.346
04.03 21:55:52 Moving is finished
04.03 21:57:36 Scanning 94 point from 221
04.03 21:57:36 Going to coordinates X=-11.648, Y=-37.346
04.03 21:57:36 Moving is finished
04.03 21:59:21 Scanning 95 point from 221
04.03 21:59:21 Going to coordinates X=-11.548, Y=-37.346
04.03 21:59:21 Moving is finished
04.03 22:01:05 Scanning 96 point from 221
04.03 22:01:05 Going to coordinates X=-11.448, Y=-37.346
04.03 22:01:06 Moving is finished
04.03 22:02:50 Scanning 97 point from 221
04.03 22:02:50 Going to coordinates X=-11.348, Y=-37.346
04.03 22:02:50 Moving is finished
04.03 22:04:35 Scanning 98 point from 221
04.03 22:04:35 Going to coordinates X=-11.248, Y=-37.346
04.03 22:04:35 Moving is finished
04.03 22:06:19 Scanning 99 point from 221
04.03 22:06:19 Going to coordinates X=-11.148, Y=-37.346
04.03 22:06:20 Moving is finished
04.03 22:08:04 Scanning 100 point from 221
04.03 22:08:04 Going to coordinates X=-11.048, Y=-37.346
04.03 22:08:05 Moving is finished
04.03 22:09:49 Scanning 101 point from 221
04.03 22:09:49 Going to coordinates X=-10.948, Y=-37.346
04.03 22:09:49 Moving is finished
04.03 22:11:34 Scanning 102 point from 221
04.03 22:11:34 Going to coordinates X=-12.548, Y=-37.246
04.03 22:11:35 Moving is finished
04.03 22:13:19 Scanning 103 point from 221
04.03 22:13:19 Going to coordinates X=-12.448, Y=-37.246
04.03 22:13:20 Moving is finished
04.03 22:15:05 Scanning 104 point from 221
04.03 22:15:05 Going to coordinates X=-12.348, Y=-37.246
04.03 22:15:05 Moving is finished
04.03 22:16:49 Scanning 105 point from 221
04.03 22:16:49 Going to coordinates X=-12.248, Y=-37.246
04.03 22:16:49 Moving is finished
04.03 22:18:34 Scanning 106 point from 221
04.03 22:18:34 Going to coordinates X=-12.148, Y=-37.246
04.03 22:18:35 Moving is finished
04.03 22:20:19 Scanning 107 point from 221
04.03 22:20:19 Going to coordinates X=-12.048, Y=-37.246
04.03 22:20:19 Moving is finished
04.03 22:22:04 Scanning 108 point from 221
04.03 22:22:04 Going to coordinates X=-11.948, Y=-37.246
04.03 22:22:04 Moving is finished
04.03 22:23:49 Scanning 109 point from 221
04.03 22:23:49 Going to coordinates X=-11.848, Y=-37.246
04.03 22:23:49 Moving is finished
04.03 22:25:34 Scanning 110 point from 221
04.03 22:25:34 Going to coordinates X=-11.748, Y=-37.246
04.03 22:25:34 Moving is finished
04.03 22:27:19 Scanning 111 point from 221
04.03 22:27:19 Going to coordinates X=-11.648, Y=-37.246
04.03 22:27:19 Moving is finished
04.03 22:29:04 Scanning 112 point from 221
04.03 22:29:04 Going to coordinates X=-11.548, Y=-37.246
04.03 22:29:04 Moving is finished
04.03 22:30:48 Scanning 113 point from 221
04.03 22:30:48 Going to coordinates X=-11.448, Y=-37.246
04.03 22:30:49 Moving is finished
04.03 22:32:33 Scanning 114 point from 221
04.03 22:32:33 Going to coordinates X=-11.348, Y=-37.246
04.03 22:32:34 Moving is finished
04.03 22:34:18 Scanning 115 point from 221
04.03 22:34:18 Going to coordinates X=-11.248, Y=-37.246
04.03 22:34:18 Moving is finished
04.03 22:36:02 Scanning 116 point from 221
04.03 22:36:02 Going to coordinates X=-11.148, Y=-37.246
04.03 22:36:03 Moving is finished
04.03 22:37:47 Scanning 117 point from 221
04.03 22:37:47 Going to coordinates X=-11.048, Y=-37.246
04.03 22:37:47 Moving is finished
04.03 22:39:32 Scanning 118 point from 221
04.03 22:39:32 Going to coordinates X=-10.948, Y=-37.246
04.03 22:39:32 Moving is finished
04.03 22:41:16 Scanning 119 point from 221
04.03 22:41:16 Going to coordinates X=-12.548, Y=-37.146
04.03 22:41:17 Moving is finished
04.03 22:43:01 Scanning 120 point from 221
04.03 22:43:01 Going to coordinates X=-12.448, Y=-37.146
04.03 22:43:02 Moving is finished
04.03 22:44:47 Scanning 121 point from 221
04.03 22:44:47 Going to coordinates X=-12.348, Y=-37.146
04.03 22:44:47 Moving is finished
04.03 22:46:31 Scanning 122 point from 221
04.03 22:46:31 Going to coordinates X=-12.248, Y=-37.146
04.03 22:46:31 Moving is finished
04.03 22:48:16 Scanning 123 point from 221
04.03 22:48:16 Going to coordinates X=-12.148, Y=-37.146
04.03 22:48:17 Moving is finished
04.03 22:50:01 Scanning 124 point from 221
04.03 22:50:01 Going to coordinates X=-12.048, Y=-37.146
04.03 22:50:01 Moving is finished
04.03 22:51:46 Scanning 125 point from 221
04.03 22:51:46 Going to coordinates X=-11.948, Y=-37.146
04.03 22:51:46 Moving is finished
04.03 22:53:31 Scanning 126 point from 221
04.03 22:53:31 Going to coordinates X=-11.848, Y=-37.146
04.03 22:53:31 Moving is finished
04.03 22:55:16 Scanning 127 point from 221
04.03 22:55:16 Going to coordinates X=-11.748, Y=-37.146
04.03 22:55:17 Moving is finished
04.03 22:57:01 Scanning 128 point from 221
04.03 22:57:01 Going to coordinates X=-11.648, Y=-37.146
04.03 22:57:02 Moving is finished
04.03 22:58:46 Scanning 129 point from 221
04.03 22:58:46 Going to coordinates X=-11.548, Y=-37.146
04.03 22:58:47 Moving is finished
04.03 23:00:31 Scanning 130 point from 221
04.03 23:00:31 Going to coordinates X=-11.448, Y=-37.146
04.03 23:00:31 Moving is finished
04.03 23:02:16 Scanning 131 point from 221
04.03 23:02:16 Going to coordinates X=-11.348, Y=-37.146
04.03 23:02:17 Moving is finished
04.03 23:04:01 Scanning 132 point from 221
04.03 23:04:01 Going to coordinates X=-11.248, Y=-37.146
04.03 23:04:01 Moving is finished
04.03 23:05:46 Scanning 133 point from 221
04.03 23:05:46 Going to coordinates X=-11.148, Y=-37.146
04.03 23:05:46 Moving is finished
04.03 23:07:31 Scanning 134 point from 221
04.03 23:07:31 Going to coordinates X=-11.048, Y=-37.146
04.03 23:07:32 Moving is finished
04.03 23:09:17 Scanning 135 point from 221
04.03 23:09:17 Going to coordinates X=-10.948, Y=-37.146
04.03 23:09:17 Moving is finished
04.03 23:11:01 Scanning 136 point from 221
04.03 23:11:01 Going to coordinates X=-12.548, Y=-37.046
04.03 23:11:02 Moving is finished
04.03 23:12:47 Scanning 137 point from 221
04.03 23:12:47 Going to coordinates X=-12.448, Y=-37.046
04.03 23:12:47 Moving is finished
04.03 23:14:31 Scanning 138 point from 221
04.03 23:14:31 Going to coordinates X=-12.348, Y=-37.046
04.03 23:14:32 Moving is finished
04.03 23:16:16 Scanning 139 point from 221
04.03 23:16:16 Going to coordinates X=-12.248, Y=-37.046
04.03 23:16:16 Moving is finished
04.03 23:18:00 Scanning 140 point from 221
04.03 23:18:00 Going to coordinates X=-12.148, Y=-37.046
04.03 23:18:01 Moving is finished
04.03 23:19:45 Scanning 141 point from 221
04.03 23:19:45 Going to coordinates X=-12.048, Y=-37.046
04.03 23:19:45 Moving is finished
04.03 23:21:30 Scanning 142 point from 221
04.03 23:21:30 Going to coordinates X=-11.948, Y=-37.046
04.03 23:21:30 Moving is finished
04.03 23:23:15 Scanning 143 point from 221
04.03 23:23:15 Going to coordinates X=-11.848, Y=-37.046
04.03 23:23:15 Moving is finished
04.03 23:25:00 Scanning 144 point from 221
04.03 23:25:00 Going to coordinates X=-11.748, Y=-37.046
04.03 23:25:00 Moving is finished
04.03 23:26:44 Scanning 145 point from 221
04.03 23:26:44 Going to coordinates X=-11.648, Y=-37.046
04.03 23:26:44 Moving is finished
04.03 23:28:29 Scanning 146 point from 221
04.03 23:28:29 Going to coordinates X=-11.548, Y=-37.046
04.03 23:28:29 Moving is finished
04.03 23:30:13 Scanning 147 point from 221
04.03 23:30:13 Going to coordinates X=-11.448, Y=-37.046
04.03 23:30:14 Moving is finished
04.03 23:31:58 Scanning 148 point from 221
04.03 23:31:58 Going to coordinates X=-11.348, Y=-37.046
04.03 23:31:59 Moving is finished
04.03 23:33:43 Scanning 149 point from 221
04.03 23:33:43 Going to coordinates X=-11.248, Y=-37.046
04.03 23:33:43 Moving is finished
04.03 23:35:28 Scanning 150 point from 221
04.03 23:35:28 Going to coordinates X=-11.148, Y=-37.046
04.03 23:35:28 Moving is finished
04.03 23:37:13 Scanning 151 point from 221
04.03 23:37:13 Going to coordinates X=-11.048, Y=-37.046
04.03 23:37:13 Moving is finished
04.03 23:38:58 Scanning 152 point from 221
04.03 23:38:58 Going to coordinates X=-10.948, Y=-37.046
04.03 23:38:58 Moving is finished
04.03 23:40:43 Scanning 153 point from 221
04.03 23:40:43 Going to coordinates X=-12.548, Y=-36.946
04.03 23:40:43 Moving is finished
04.03 23:42:28 Scanning 154 point from 221
04.03 23:42:28 Going to coordinates X=-12.448, Y=-36.946
04.03 23:42:28 Moving is finished
04.03 23:44:13 Scanning 155 point from 221
04.03 23:44:13 Going to coordinates X=-12.348, Y=-36.946
04.03 23:44:13 Moving is finished
04.03 23:45:58 Scanning 156 point from 221
04.03 23:45:58 Going to coordinates X=-12.248, Y=-36.946
04.03 23:45:58 Moving is finished
04.03 23:47:42 Scanning 157 point from 221
04.03 23:47:42 Going to coordinates X=-12.148, Y=-36.946
04.03 23:47:43 Moving is finished
04.03 23:49:28 Scanning 158 point from 221
04.03 23:49:28 Going to coordinates X=-12.048, Y=-36.946
04.03 23:49:28 Moving is finished
04.03 23:51:13 Scanning 159 point from 221
04.03 23:51:13 Going to coordinates X=-11.948, Y=-36.946
04.03 23:51:13 Moving is finished
04.03 23:52:58 Scanning 160 point from 221
04.03 23:52:58 Going to coordinates X=-11.848, Y=-36.946
04.03 23:52:58 Moving is finished
04.03 23:54:43 Scanning 161 point from 221
04.03 23:54:43 Going to coordinates X=-11.748, Y=-36.946
04.03 23:54:43 Moving is finished
04.03 23:56:28 Scanning 162 point from 221
04.03 23:56:28 Going to coordinates X=-11.648, Y=-36.946
04.03 23:56:28 Moving is finished
04.03 23:58:13 Scanning 163 point from 221
04.03 23:58:13 Going to coordinates X=-11.548, Y=-36.946
04.03 23:58:13 Moving is finished
04.03 23:59:58 Scanning 164 point from 221
04.03 23:59:58 Going to coordinates X=-11.448, Y=-36.946
04.03 23:59:58 Moving is finished
05.03 00:01:42 Scanning 165 point from 221
05.03 00:01:42 Going to coordinates X=-11.348, Y=-36.946
05.03 00:01:42 Moving is finished
05.03 00:03:27 Scanning 166 point from 221
05.03 00:03:27 Going to coordinates X=-11.248, Y=-36.946
05.03 00:03:28 Moving is finished
05.03 00:05:12 Scanning 167 point from 221
05.03 00:05:12 Going to coordinates X=-11.148, Y=-36.946
05.03 00:05:12 Moving is finished
05.03 00:06:57 Scanning 168 point from 221
05.03 00:06:57 Going to coordinates X=-11.048, Y=-36.946
05.03 00:06:57 Moving is finished
05.03 00:08:41 Scanning 169 point from 221
05.03 00:08:41 Going to coordinates X=-10.948, Y=-36.946
05.03 00:08:42 Moving is finished
05.03 00:10:26 Scanning 170 point from 221
05.03 00:10:26 Going to coordinates X=-12.548, Y=-36.846
05.03 00:10:27 Moving is finished
05.03 00:12:11 Scanning 171 point from 221
05.03 00:12:11 Going to coordinates X=-12.448, Y=-36.846
05.03 00:12:11 Moving is finished
05.03 00:13:56 Scanning 172 point from 221
05.03 00:13:56 Going to coordinates X=-12.348, Y=-36.846
05.03 00:13:56 Moving is finished
05.03 00:15:40 Scanning 173 point from 221
05.03 00:15:40 Going to coordinates X=-12.248, Y=-36.846
05.03 00:15:41 Moving is finished
05.03 00:17:25 Scanning 174 point from 221
05.03 00:17:25 Going to coordinates X=-12.148, Y=-36.846
05.03 00:17:26 Moving is finished
05.03 00:19:10 Scanning 175 point from 221
05.03 00:19:10 Going to coordinates X=-12.048, Y=-36.846
05.03 00:19:11 Moving is finished
05.03 00:20:55 Scanning 176 point from 221
05.03 00:20:55 Going to coordinates X=-11.948, Y=-36.846
05.03 00:20:55 Moving is finished
05.03 00:22:40 Scanning 177 point from 221
05.03 00:22:40 Going to coordinates X=-11.848, Y=-36.846
05.03 00:22:40 Moving is finished
05.03 00:24:24 Scanning 178 point from 221
05.03 00:24:24 Going to coordinates X=-11.748, Y=-36.846
05.03 00:24:24 Moving is finished
05.03 00:26:09 Scanning 179 point from 221
05.03 00:26:09 Going to coordinates X=-11.648, Y=-36.846
05.03 00:26:09 Moving is finished
05.03 00:27:54 Scanning 180 point from 221
05.03 00:27:54 Going to coordinates X=-11.548, Y=-36.846
05.03 00:27:55 Moving is finished
05.03 00:29:40 Scanning 181 point from 221
05.03 00:29:40 Going to coordinates X=-11.448, Y=-36.846
05.03 00:29:40 Moving is finished
05.03 00:31:24 Scanning 182 point from 221
05.03 00:31:24 Going to coordinates X=-11.348, Y=-36.846
05.03 00:31:25 Moving is finished
05.03 00:33:10 Scanning 183 point from 221
05.03 00:33:10 Going to coordinates X=-11.248, Y=-36.846
05.03 00:33:10 Moving is finished
05.03 00:34:55 Scanning 184 point from 221
05.03 00:34:55 Going to coordinates X=-11.148, Y=-36.846
05.03 00:34:55 Moving is finished
05.03 00:36:40 Scanning 185 point from 221
05.03 00:36:40 Going to coordinates X=-11.048, Y=-36.846
05.03 00:36:40 Moving is finished
05.03 00:38:25 Scanning 186 point from 221
05.03 00:38:25 Going to coordinates X=-10.948, Y=-36.846
05.03 00:38:25 Moving is finished
05.03 00:40:10 Scanning 187 point from 221
05.03 00:40:10 Going to coordinates X=-12.548, Y=-36.746
05.03 00:40:11 Moving is finished
05.03 00:41:55 Scanning 188 point from 221
05.03 00:41:55 Going to coordinates X=-12.448, Y=-36.746
05.03 00:41:55 Moving is finished
05.03 00:43:40 Scanning 189 point from 221
05.03 00:43:40 Going to coordinates X=-12.348, Y=-36.746
05.03 00:43:40 Moving is finished
05.03 00:45:24 Scanning 190 point from 221
05.03 00:45:24 Going to coordinates X=-12.248, Y=-36.746
05.03 00:45:25 Moving is finished
05.03 00:47:09 Scanning 191 point from 221
05.03 00:47:09 Going to coordinates X=-12.148, Y=-36.746
05.03 00:47:10 Moving is finished
05.03 00:48:55 Scanning 192 point from 221
05.03 00:48:55 Going to coordinates X=-12.048, Y=-36.746
05.03 00:48:55 Moving is finished
05.03 00:50:40 Scanning 193 point from 221
05.03 00:50:40 Going to coordinates X=-11.948, Y=-36.746
05.03 00:50:40 Moving is finished
05.03 00:52:25 Scanning 194 point from 221
05.03 00:52:25 Going to coordinates X=-11.848, Y=-36.746
05.03 00:52:25 Moving is finished
05.03 00:54:09 Scanning 195 point from 221
05.03 00:54:09 Going to coordinates X=-11.748, Y=-36.746
05.03 00:54:10 Moving is finished
05.03 00:55:54 Scanning 196 point from 221
05.03 00:55:54 Going to coordinates X=-11.648, Y=-36.746
05.03 00:55:54 Moving is finished
05.03 00:57:39 Scanning 197 point from 221
05.03 00:57:39 Going to coordinates X=-11.548, Y=-36.746
05.03 00:57:40 Moving is finished
05.03 00:59:24 Scanning 198 point from 221
05.03 00:59:24 Going to coordinates X=-11.448, Y=-36.746
05.03 00:59:24 Moving is finished
05.03 01:01:09 Scanning 199 point from 221
05.03 01:01:09 Going to coordinates X=-11.348, Y=-36.746
05.03 01:01:09 Moving is finished
05.03 01:02:53 Scanning 200 point from 221
05.03 01:02:53 Going to coordinates X=-11.248, Y=-36.746
05.03 01:02:54 Moving is finished
05.03 01:04:38 Scanning 201 point from 221
05.03 01:04:38 Going to coordinates X=-11.148, Y=-36.746
05.03 01:04:38 Moving is finished
05.03 01:06:23 Scanning 202 point from 221
05.03 01:06:23 Going to coordinates X=-11.048, Y=-36.746
05.03 01:06:23 Moving is finished
05.03 01:08:08 Scanning 203 point from 221
05.03 01:08:08 Going to coordinates X=-10.948, Y=-36.746
05.03 01:08:08 Moving is finished
05.03 01:09:53 Scanning 204 point from 221
05.03 01:09:53 Going to coordinates X=-12.548, Y=-36.646
05.03 01:09:54 Moving is finished
05.03 01:11:39 Scanning 205 point from 221
05.03 01:11:39 Going to coordinates X=-12.448, Y=-36.646
05.03 01:11:39 Moving is finished
05.03 01:13:24 Scanning 206 point from 221
05.03 01:13:24 Going to coordinates X=-12.348, Y=-36.646
05.03 01:13:24 Moving is finished
05.03 01:15:09 Scanning 207 point from 221
05.03 01:15:09 Going to coordinates X=-12.248, Y=-36.646
05.03 01:15:09 Moving is finished
05.03 01:16:54 Scanning 208 point from 221
05.03 01:16:54 Going to coordinates X=-12.148, Y=-36.646
05.03 01:16:54 Moving is finished
05.03 01:18:38 Scanning 209 point from 221
05.03 01:18:38 Going to coordinates X=-12.048, Y=-36.646
05.03 01:18:39 Moving is finished
05.03 01:20:23 Scanning 210 point from 221
05.03 01:20:23 Going to coordinates X=-11.948, Y=-36.646
05.03 01:20:24 Moving is finished
05.03 01:22:08 Scanning 211 point from 221
05.03 01:22:08 Going to coordinates X=-11.848, Y=-36.646
05.03 01:22:09 Moving is finished
05.03 01:23:53 Scanning 212 point from 221
05.03 01:23:53 Going to coordinates X=-11.748, Y=-36.646
05.03 01:23:54 Moving is finished
05.03 01:25:38 Scanning 213 point from 221
05.03 01:25:38 Going to coordinates X=-11.648, Y=-36.646
05.03 01:25:38 Moving is finished
05.03 01:27:23 Scanning 214 point from 221
05.03 01:27:23 Going to coordinates X=-11.548, Y=-36.646
05.03 01:27:24 Moving is finished
05.03 01:29:08 Scanning 215 point from 221
05.03 01:29:08 Going to coordinates X=-11.448, Y=-36.646
05.03 01:29:08 Moving is finished
05.03 01:30:53 Scanning 216 point from 221
05.03 01:30:53 Going to coordinates X=-11.348, Y=-36.646
05.03 01:30:53 Moving is finished
05.03 01:32:38 Scanning 217 point from 221
05.03 01:32:38 Going to coordinates X=-11.248, Y=-36.646
05.03 01:32:38 Moving is finished
05.03 01:34:23 Scanning 218 point from 221
05.03 01:34:23 Going to coordinates X=-11.148, Y=-36.646
05.03 01:34:23 Moving is finished
05.03 01:36:08 Scanning 219 point from 221
05.03 01:36:08 Going to coordinates X=-11.048, Y=-36.646
05.03 01:36:08 Moving is finished
05.03 01:37:53 Scanning 220 point from 221
05.03 01:37:53 Going to coordinates X=-10.948, Y=-36.646
05.03 01:37:53 Moving is finished
05.03 08:13:50 Row 0: 05.03 08:13:50 Map: x1: -12.548, y1: -36.677, x2: -10.976, y2: -37.846, xres: 0.100, yres: 0.100, fname: Gluc-sol1-A
05.03 08:13:50 Scanning 0 point from 221
05.03 08:13:50 Going to coordinates X=-12.548, Y=-37.846
05.03 08:13:51 Moving is finished

05.03 08:13:55 Scanning 1 point from 221
05.03 08:13:55 Going to coordinates X=-12.448, Y=-37.846
05.03 08:13:55 Moving is finished
