10.06 11:24:09 Initializing grbl...
10.06 11:24:10 Got the response: b''
10.06 11:25:43 Row 0: 10.06 11:25:43 Goto: -27.980; -35.237; 0.000
10.06 11:25:43 Going to coordinates X=-27.980, Y=-35.237
10.06 11:25:43 Moving is finished
10.06 11:25:44 Row 1: 10.06 11:25:44 Raman: hhh
10.06 11:25:44 Starting signal collection to the file hhh
10.06 11:25:50 Data is collected!
10.06 11:26:12 Row 0: 10.06 11:26:12 Goto: -27.980; -35.237; 0.000
10.06 11:26:12 Going to coordinates X=-27.980, Y=-35.237
10.06 11:26:13 Moving is finished
10.06 11:26:14 Row 1: 10.06 11:26:14 Raman: hhh
10.06 11:26:14 Starting signal collection to the file hhh
10.06 11:26:19 Data is collected!
10.06 11:26:22 Row 0: 10.06 11:26:22 Goto: -27.980; -35.237; 0.000
10.06 11:26:22 Going to coordinates X=-27.980, Y=-35.237
10.06 11:26:22 Moving is finished
10.06 11:26:23 Row 1: 10.06 11:26:23 Raman: hhh
10.06 11:26:23 Starting signal collection to the file hhh
10.06 11:26:28 Data is collected!
10.06 11:26:32 Row 0: 10.06 11:26:32 Goto: -27.980; -35.237; 0.000
10.06 11:26:32 Going to coordinates X=-27.980, Y=-35.237
10.06 11:26:32 Moving is finished
10.06 11:26:33 Row 1: 10.06 11:26:33 Raman: hhh
10.06 11:26:33 Starting signal collection to the file hhh
10.06 11:26:38 Data is collected!
10.06 11:32:56 Row 0: 10.06 11:32:56 Goto: -27.980; -35.237; 0.000
10.06 11:32:56 Going to coordinates X=-27.980, Y=-35.237
10.06 11:32:57 Moving is finished
10.06 11:32:58 Row 1: 10.06 11:32:58 Raman: hhh
10.06 11:32:58 Starting signal collection to the file hhh
10.06 11:33:03 Stopped!
