12.06 13:14:47 Initializing grbl...
12.06 13:14:48 Got the response: b''
12.06 13:16:22 Status responce is malformed
12.06 13:16:22 list index out of range
12.06 13:16:41 Can't send the command to GRBL
12.06 13:16:41 Write timeout12.06 13:16:41 Write timeout

12.06 13:16:51 Row 0: 12.06 13:16:51 Goto: -27.151; -39.175; 0.000
12.06 13:16:51 Going to coordinates X=-27.151, Y=-39.175
12.06 13:16:51 Moving is finished
12.06 13:16:52 Row 1: 12.06 13:16:52 Raman: AAC9
12.06 13:16:52 Starting signal collection to the file AAC9
12.06 13:19:01 Data is collected!
12.06 13:19:01 Row 2: 12.06 13:19:01 Goto: -27.112; -39.340; 0.000
12.06 13:19:01 Going to coordinates X=-27.112, Y=-39.340
12.06 13:19:02 Moving is finished
12.06 13:19:03 Row 3: 12.06 13:19:03 Paused
12.06 13:19:07 Raman: AAC9
12.06 13:19:07 Starting signal collection to the file AAC9
12.06 13:21:17 Data is collected!
12.06 13:21:17 Row 4: 12.06 13:21:17 Goto: -27.332; -39.278; 0.000
12.06 13:21:17 Going to coordinates X=-27.332, Y=-39.278
12.06 13:21:17 Moving is finished
12.06 13:21:18 Row 5: 12.06 13:21:18 Raman: AAC9
12.06 13:21:18 Starting signal collection to the file AAC9
12.06 13:23:28 Data is collected!
12.06 13:23:28 Row 6: 12.06 13:23:28 Goto: -27.371; -39.402; 0.000
12.06 13:23:28 Going to coordinates X=-27.371, Y=-39.402
12.06 13:23:28 Moving is finished
12.06 13:23:29 Row 7: 12.06 13:23:29 Raman: AAC9
12.06 13:23:29 Starting signal collection to the file AAC9
12.06 13:25:39 Data is collected!
12.06 13:25:39 Row 8: 12.06 13:25:39 Goto: -27.454; -39.402; 0.000
12.06 13:25:39 Going to coordinates X=-27.454, Y=-39.402
12.06 13:25:39 Moving is finished
12.06 13:25:40 Row 9: 12.06 13:25:40 Raman: AAC9
12.06 13:25:40 Starting signal collection to the file AAC9
12.06 13:27:50 Data is collected!
