03.09 11:58:06 Initializing grbl...
03.09 11:58:06 Got the response: b''
03.09 14:40:23 Can't send the command to GRBL
03.09 14:40:23 Write timeout
03.09 14:40:23 Write timeout
03.09 17:32:54 Row 0: 03.09 17:32:54 Map: x1: -8.149, y1: -38.933, x2: -7.514, y2: -38.226, xres: 0.050, yres: 0.050, fname: dmemseranh2
03.09 17:32:54 Scanning 0 point from 224
03.09 17:32:54 Going to coordinates X=-8.149, Y=-38.933
03.09 17:32:54 Moving is finished
03.09 17:34:10 Scanning 1 point from 224
03.09 17:34:10 Going to coordinates X=-8.099, Y=-38.933
03.09 17:34:10 Moving is finished
03.09 17:35:24 Scanning 2 point from 224
03.09 17:35:24 Going to coordinates X=-8.049, Y=-38.933
03.09 17:35:25 Moving is finished
03.09 17:36:39 Scanning 3 point from 224
03.09 17:36:39 Going to coordinates X=-7.999, Y=-38.933
03.09 17:36:40 Moving is finished
03.09 17:37:54 Scanning 4 point from 224
03.09 17:37:54 Going to coordinates X=-7.949, Y=-38.933
03.09 17:37:55 Moving is finished
03.09 17:39:10 Scanning 5 point from 224
03.09 17:39:10 Going to coordinates X=-7.899, Y=-38.933
03.09 17:39:10 Moving is finished
03.09 17:40:25 Scanning 6 point from 224
03.09 17:40:25 Going to coordinates X=-7.849, Y=-38.933
03.09 17:40:26 Moving is finished
03.09 17:41:41 Scanning 7 point from 224
03.09 17:41:41 Going to coordinates X=-7.799, Y=-38.933
03.09 17:41:41 Moving is finished
03.09 17:42:56 Scanning 8 point from 224
03.09 17:42:56 Going to coordinates X=-7.749, Y=-38.933
03.09 17:42:56 Moving is finished
03.09 17:44:11 Scanning 9 point from 224
03.09 17:44:11 Going to coordinates X=-7.699, Y=-38.933
03.09 17:44:11 Moving is finished
03.09 17:45:27 Scanning 10 point from 224
03.09 17:45:27 Going to coordinates X=-7.649, Y=-38.933
03.09 17:45:27 Moving is finished
03.09 17:46:42 Scanning 11 point from 224
03.09 17:46:42 Going to coordinates X=-7.599, Y=-38.933
03.09 17:46:42 Moving is finished
03.09 17:47:57 Scanning 12 point from 224
03.09 17:47:57 Going to coordinates X=-7.549, Y=-38.933
03.09 17:47:57 Moving is finished
03.09 17:49:13 Scanning 13 point from 224
03.09 17:49:13 Going to coordinates X=-7.499, Y=-38.933
03.09 17:49:13 Moving is finished
03.09 17:50:28 Scanning 14 point from 224
03.09 17:50:28 Going to coordinates X=-8.149, Y=-38.883
03.09 17:50:29 Moving is finished
03.09 17:51:43 Scanning 15 point from 224
03.09 17:51:43 Going to coordinates X=-8.099, Y=-38.883
03.09 17:51:43 Moving is finished
03.09 17:52:58 Scanning 16 point from 224
03.09 17:52:58 Going to coordinates X=-8.049, Y=-38.883
03.09 17:52:58 Moving is finished
03.09 17:54:14 Scanning 17 point from 224
03.09 17:54:14 Going to coordinates X=-7.999, Y=-38.883
03.09 17:54:14 Moving is finished
03.09 17:55:28 Scanning 18 point from 224
03.09 17:55:28 Going to coordinates X=-7.949, Y=-38.883
03.09 17:55:29 Moving is finished
03.09 17:56:43 Scanning 19 point from 224
03.09 17:56:43 Going to coordinates X=-7.899, Y=-38.883
03.09 17:56:44 Moving is finished
03.09 17:57:59 Scanning 20 point from 224
03.09 17:57:59 Going to coordinates X=-7.849, Y=-38.883
03.09 17:57:59 Moving is finished
03.09 17:59:13 Scanning 21 point from 224
03.09 17:59:13 Going to coordinates X=-7.799, Y=-38.883
03.09 17:59:14 Moving is finished
03.09 18:00:29 Scanning 22 point from 224
03.09 18:00:29 Going to coordinates X=-7.749, Y=-38.883
03.09 18:00:29 Moving is finished
03.09 18:01:43 Scanning 23 point from 224
03.09 18:01:43 Going to coordinates X=-7.699, Y=-38.883
03.09 18:01:44 Moving is finished
03.09 18:02:58 Scanning 24 point from 224
03.09 18:02:58 Going to coordinates X=-7.649, Y=-38.883
03.09 18:02:59 Moving is finished
03.09 18:04:14 Scanning 25 point from 224
03.09 18:04:14 Going to coordinates X=-7.599, Y=-38.883
03.09 18:04:14 Moving is finished
03.09 18:05:28 Scanning 26 point from 224
03.09 18:05:28 Going to coordinates X=-7.549, Y=-38.883
03.09 18:05:29 Moving is finished
03.09 18:06:43 Scanning 27 point from 224
03.09 18:06:43 Going to coordinates X=-7.499, Y=-38.883
03.09 18:06:43 Moving is finished
03.09 18:07:58 Scanning 28 point from 224
03.09 18:07:58 Going to coordinates X=-8.149, Y=-38.833
03.09 18:07:59 Moving is finished
03.09 18:09:13 Scanning 29 point from 224
03.09 18:09:13 Going to coordinates X=-8.099, Y=-38.833
03.09 18:09:13 Moving is finished
03.09 18:10:28 Scanning 30 point from 224
03.09 18:10:28 Going to coordinates X=-8.049, Y=-38.833
03.09 18:10:28 Moving is finished
03.09 18:11:43 Scanning 31 point from 224
03.09 18:11:43 Going to coordinates X=-7.999, Y=-38.833
03.09 18:11:43 Moving is finished
03.09 18:12:57 Scanning 32 point from 224
03.09 18:12:57 Going to coordinates X=-7.949, Y=-38.833
03.09 18:12:58 Moving is finished
03.09 18:14:12 Scanning 33 point from 224
03.09 18:14:12 Going to coordinates X=-7.899, Y=-38.833
03.09 18:14:12 Moving is finished
03.09 18:15:28 Scanning 34 point from 224
03.09 18:15:28 Going to coordinates X=-7.849, Y=-38.833
03.09 18:15:28 Moving is finished
03.09 18:16:42 Scanning 35 point from 224
03.09 18:16:42 Going to coordinates X=-7.799, Y=-38.833
03.09 18:16:42 Moving is finished
03.09 18:17:57 Scanning 36 point from 224
03.09 18:17:57 Going to coordinates X=-7.749, Y=-38.833
03.09 18:17:57 Moving is finished
03.09 18:19:12 Scanning 37 point from 224
03.09 18:19:12 Going to coordinates X=-7.699, Y=-38.833
03.09 18:19:12 Moving is finished
03.09 18:20:27 Scanning 38 point from 224
03.09 18:20:27 Going to coordinates X=-7.649, Y=-38.833
03.09 18:20:27 Moving is finished
03.09 18:21:42 Scanning 39 point from 224
03.09 18:21:42 Going to coordinates X=-7.599, Y=-38.833
03.09 18:21:42 Moving is finished
03.09 18:22:57 Scanning 40 point from 224
03.09 18:22:57 Going to coordinates X=-7.549, Y=-38.833
03.09 18:22:57 Moving is finished
03.09 18:24:12 Scanning 41 point from 224
03.09 18:24:12 Going to coordinates X=-7.499, Y=-38.833
03.09 18:24:12 Moving is finished
03.09 18:25:26 Scanning 42 point from 224
03.09 18:25:26 Going to coordinates X=-8.149, Y=-38.783
03.09 18:25:27 Moving is finished
03.09 18:26:42 Scanning 43 point from 224
03.09 18:26:42 Going to coordinates X=-8.099, Y=-38.783
03.09 18:26:43 Moving is finished
03.09 18:27:58 Scanning 44 point from 224
03.09 18:27:58 Going to coordinates X=-8.049, Y=-38.783
03.09 18:27:58 Moving is finished
03.09 18:29:13 Scanning 45 point from 224
03.09 18:29:13 Going to coordinates X=-7.999, Y=-38.783
03.09 18:29:13 Moving is finished
03.09 18:30:28 Scanning 46 point from 224
03.09 18:30:28 Going to coordinates X=-7.949, Y=-38.783
03.09 18:30:29 Moving is finished
03.09 18:31:44 Scanning 47 point from 224
03.09 18:31:44 Going to coordinates X=-7.899, Y=-38.783
03.09 18:31:44 Moving is finished
03.09 18:32:59 Scanning 48 point from 224
03.09 18:32:59 Going to coordinates X=-7.849, Y=-38.783
03.09 18:32:59 Moving is finished
03.09 18:34:13 Scanning 49 point from 224
03.09 18:34:13 Going to coordinates X=-7.799, Y=-38.783
03.09 18:34:14 Moving is finished
03.09 18:35:29 Scanning 50 point from 224
03.09 18:35:29 Going to coordinates X=-7.749, Y=-38.783
03.09 18:35:29 Moving is finished
03.09 18:36:44 Scanning 51 point from 224
03.09 18:36:44 Going to coordinates X=-7.699, Y=-38.783
03.09 18:36:44 Moving is finished
03.09 18:38:00 Scanning 52 point from 224
03.09 18:38:00 Going to coordinates X=-7.649, Y=-38.783
03.09 18:38:00 Moving is finished
03.09 18:39:15 Scanning 53 point from 224
03.09 18:39:15 Going to coordinates X=-7.599, Y=-38.783
03.09 18:39:15 Moving is finished
03.09 18:40:30 Scanning 54 point from 224
03.09 18:40:30 Going to coordinates X=-7.549, Y=-38.783
03.09 18:40:30 Moving is finished
03.09 18:41:45 Scanning 55 point from 224
03.09 18:41:45 Going to coordinates X=-7.499, Y=-38.783
03.09 18:41:45 Moving is finished
03.09 18:43:01 Scanning 56 point from 224
03.09 18:43:01 Going to coordinates X=-8.149, Y=-38.733
03.09 18:43:01 Moving is finished
03.09 18:44:16 Scanning 57 point from 224
03.09 18:44:16 Going to coordinates X=-8.099, Y=-38.733
03.09 18:44:16 Moving is finished
03.09 18:45:31 Scanning 58 point from 224
03.09 18:45:31 Going to coordinates X=-8.049, Y=-38.733
03.09 18:45:31 Moving is finished
03.09 18:46:47 Scanning 59 point from 224
03.09 18:46:47 Going to coordinates X=-7.999, Y=-38.733
03.09 18:46:47 Moving is finished
03.09 18:48:01 Scanning 60 point from 224
03.09 18:48:01 Going to coordinates X=-7.949, Y=-38.733
03.09 18:48:01 Moving is finished
03.09 18:49:16 Scanning 61 point from 224
03.09 18:49:16 Going to coordinates X=-7.899, Y=-38.733
03.09 18:49:16 Moving is finished
03.09 18:50:31 Scanning 62 point from 224
03.09 18:50:31 Going to coordinates X=-7.849, Y=-38.733
03.09 18:50:31 Moving is finished
03.09 18:51:46 Scanning 63 point from 224
03.09 18:51:46 Going to coordinates X=-7.799, Y=-38.733
03.09 18:51:46 Moving is finished
03.09 18:53:01 Scanning 64 point from 224
03.09 18:53:01 Going to coordinates X=-7.749, Y=-38.733
03.09 18:53:01 Moving is finished
03.09 18:54:16 Scanning 65 point from 224
03.09 18:54:16 Going to coordinates X=-7.699, Y=-38.733
03.09 18:54:17 Moving is finished
03.09 18:55:31 Scanning 66 point from 224
03.09 18:55:31 Going to coordinates X=-7.649, Y=-38.733
03.09 18:55:31 Moving is finished
03.09 18:56:46 Scanning 67 point from 224
03.09 18:56:46 Going to coordinates X=-7.599, Y=-38.733
03.09 18:56:46 Moving is finished
03.09 18:58:01 Scanning 68 point from 224
03.09 18:58:01 Going to coordinates X=-7.549, Y=-38.733
03.09 18:58:01 Moving is finished
03.09 18:59:16 Scanning 69 point from 224
03.09 18:59:16 Going to coordinates X=-7.499, Y=-38.733
03.09 18:59:16 Moving is finished
03.09 19:00:31 Scanning 70 point from 224
03.09 19:00:31 Going to coordinates X=-8.149, Y=-38.683
03.09 19:00:32 Moving is finished
03.09 19:01:46 Scanning 71 point from 224
03.09 19:01:46 Going to coordinates X=-8.099, Y=-38.683
03.09 19:01:46 Moving is finished
03.09 19:03:01 Scanning 72 point from 224
03.09 19:03:01 Going to coordinates X=-8.049, Y=-38.683
03.09 19:03:02 Moving is finished
03.09 19:04:17 Scanning 73 point from 224
03.09 19:04:17 Going to coordinates X=-7.999, Y=-38.683
03.09 19:04:17 Moving is finished
03.09 19:05:32 Scanning 74 point from 224
03.09 19:05:32 Going to coordinates X=-7.949, Y=-38.683
03.09 19:05:32 Moving is finished
03.09 19:06:46 Scanning 75 point from 224
03.09 19:06:46 Going to coordinates X=-7.899, Y=-38.683
03.09 19:06:47 Moving is finished
03.09 19:08:02 Scanning 76 point from 224
03.09 19:08:02 Going to coordinates X=-7.849, Y=-38.683
03.09 19:08:02 Moving is finished
03.09 19:09:17 Scanning 77 point from 224
03.09 19:09:17 Going to coordinates X=-7.799, Y=-38.683
03.09 19:09:18 Moving is finished
03.09 19:10:33 Scanning 78 point from 224
03.09 19:10:33 Going to coordinates X=-7.749, Y=-38.683
03.09 19:10:33 Moving is finished
03.09 19:11:48 Scanning 79 point from 224
03.09 19:11:48 Going to coordinates X=-7.699, Y=-38.683
03.09 19:11:48 Moving is finished
03.09 19:13:04 Scanning 80 point from 224
03.09 19:13:04 Going to coordinates X=-7.649, Y=-38.683
03.09 19:13:04 Moving is finished
03.09 19:14:19 Scanning 81 point from 224
03.09 19:14:19 Going to coordinates X=-7.599, Y=-38.683
03.09 19:14:19 Moving is finished
03.09 19:15:34 Scanning 82 point from 224
03.09 19:15:34 Going to coordinates X=-7.549, Y=-38.683
03.09 19:15:34 Moving is finished
03.09 19:16:50 Scanning 83 point from 224
03.09 19:16:50 Going to coordinates X=-7.499, Y=-38.683
03.09 19:16:50 Moving is finished
03.09 19:18:06 Scanning 84 point from 224
03.09 19:18:06 Going to coordinates X=-8.149, Y=-38.633
03.09 19:18:06 Moving is finished
03.09 19:19:21 Scanning 85 point from 224
03.09 19:19:21 Going to coordinates X=-8.099, Y=-38.633
03.09 19:19:21 Moving is finished
03.09 19:20:36 Scanning 86 point from 224
03.09 19:20:36 Going to coordinates X=-8.049, Y=-38.633
03.09 19:20:36 Moving is finished
03.09 19:21:50 Scanning 87 point from 224
03.09 19:21:50 Going to coordinates X=-7.999, Y=-38.633
03.09 19:21:51 Moving is finished
03.09 19:23:05 Scanning 88 point from 224
03.09 19:23:05 Going to coordinates X=-7.949, Y=-38.633
03.09 19:23:05 Moving is finished
03.09 19:24:20 Scanning 89 point from 224
03.09 19:24:20 Going to coordinates X=-7.899, Y=-38.633
03.09 19:24:21 Moving is finished
03.09 19:25:35 Scanning 90 point from 224
03.09 19:25:35 Going to coordinates X=-7.849, Y=-38.633
03.09 19:25:35 Moving is finished
03.09 19:26:50 Scanning 91 point from 224
03.09 19:26:50 Going to coordinates X=-7.799, Y=-38.633
03.09 19:26:50 Moving is finished
03.09 19:28:05 Scanning 92 point from 224
03.09 19:28:05 Going to coordinates X=-7.749, Y=-38.633
03.09 19:28:06 Moving is finished
03.09 19:29:21 Scanning 93 point from 224
03.09 19:29:21 Going to coordinates X=-7.699, Y=-38.633
03.09 19:29:21 Moving is finished
03.09 19:30:36 Scanning 94 point from 224
03.09 19:30:36 Going to coordinates X=-7.649, Y=-38.633
03.09 19:30:37 Moving is finished
03.09 19:31:51 Scanning 95 point from 224
03.09 19:31:51 Going to coordinates X=-7.599, Y=-38.633
03.09 19:31:52 Moving is finished
03.09 19:33:07 Scanning 96 point from 224
03.09 19:33:07 Going to coordinates X=-7.549, Y=-38.633
03.09 19:33:07 Moving is finished
03.09 19:34:22 Scanning 97 point from 224
03.09 19:34:22 Going to coordinates X=-7.499, Y=-38.633
03.09 19:34:22 Moving is finished
03.09 19:35:37 Scanning 98 point from 224
03.09 19:35:37 Going to coordinates X=-8.149, Y=-38.583
03.09 19:35:37 Moving is finished
03.09 19:36:52 Scanning 99 point from 224
03.09 19:36:52 Going to coordinates X=-8.099, Y=-38.583
03.09 19:36:53 Moving is finished
03.09 19:38:08 Scanning 100 point from 224
03.09 19:38:08 Going to coordinates X=-8.049, Y=-38.583
03.09 19:38:08 Moving is finished
03.09 19:39:24 Scanning 101 point from 224
03.09 19:39:24 Going to coordinates X=-7.999, Y=-38.583
03.09 19:39:24 Moving is finished
03.09 19:40:38 Scanning 102 point from 224
03.09 19:40:38 Going to coordinates X=-7.949, Y=-38.583
03.09 19:40:39 Moving is finished
03.09 19:41:53 Scanning 103 point from 224
03.09 19:41:53 Going to coordinates X=-7.899, Y=-38.583
03.09 19:41:53 Moving is finished
03.09 19:43:03 Stopped!
03.09 19:44:04 Can't send the command to GRBL
03.09 19:44:04 Write timeout
