12.12 08:45:50 Initializing grbl...
12.12 08:45:51 Got the response: b''
12.12 08:48:02 Row 0: 12.12 08:48:02 Map: x1: -14.0, y1: -39.856, x2: -15.582, y2: -38.718, xres: 0.100, yres: 0.100, fname: Mart-Glus-Sol1-B
12.12 08:48:02 Scanning 0 point from 221
12.12 08:48:02 Going to coordinates X=-15.582, Y=-39.856
12.12 08:48:03 Moving is finished
12.12 08:48:08 Scanning 1 point from 221
12.12 08:48:08 Going to coordinates X=-15.482, Y=-39.856
12.12 08:48:09 Moving is finished
12.12 08:48:14 Scanning 2 point from 221
12.12 08:48:14 Going to coordinates X=-15.382, Y=-39.856
12.12 08:48:15 Moving is finished
12.12 08:48:22 Scanning 3 point from 221
12.12 08:48:22 Going to coordinates X=-15.282, Y=-39.856
12.12 08:48:23 Moving is finished
12.12 08:50:31 Scanning 4 point from 221
12.12 08:50:31 Going to coordinates X=-15.182, Y=-39.856
12.12 08:50:31 Moving is finished
12.12 08:52:39 Scanning 5 point from 221
12.12 08:52:39 Going to coordinates X=-15.082, Y=-39.856
12.12 08:52:40 Moving is finished
12.12 08:54:48 Scanning 6 point from 221
12.12 08:54:48 Going to coordinates X=-14.982, Y=-39.856
12.12 08:54:48 Moving is finished
12.12 08:56:56 Scanning 7 point from 221
12.12 08:56:56 Going to coordinates X=-14.882, Y=-39.856
12.12 08:56:56 Moving is finished
12.12 08:59:04 Scanning 8 point from 221
12.12 08:59:04 Going to coordinates X=-14.782, Y=-39.856
12.12 08:59:05 Moving is finished
12.12 09:01:12 Scanning 9 point from 221
12.12 09:01:12 Going to coordinates X=-14.682, Y=-39.856
12.12 09:01:13 Moving is finished
12.12 09:03:21 Scanning 10 point from 221
12.12 09:03:21 Going to coordinates X=-14.582, Y=-39.856
12.12 09:03:21 Moving is finished
12.12 09:05:29 Scanning 11 point from 221
12.12 09:05:29 Going to coordinates X=-14.482, Y=-39.856
12.12 09:05:29 Moving is finished
12.12 09:07:38 Scanning 12 point from 221
12.12 09:07:38 Going to coordinates X=-14.382, Y=-39.856
12.12 09:07:38 Moving is finished
12.12 09:09:47 Scanning 13 point from 221
12.12 09:09:47 Going to coordinates X=-14.282, Y=-39.856
12.12 09:09:47 Moving is finished
12.12 09:11:55 Scanning 14 point from 221
12.12 09:11:55 Going to coordinates X=-14.182, Y=-39.856
12.12 09:11:55 Moving is finished
12.12 09:14:04 Scanning 15 point from 221
12.12 09:14:04 Going to coordinates X=-14.082, Y=-39.856
12.12 09:14:04 Moving is finished
12.12 09:16:12 Scanning 16 point from 221
12.12 09:16:12 Going to coordinates X=-13.982, Y=-39.856
12.12 09:16:13 Moving is finished
12.12 09:18:22 Scanning 17 point from 221
12.12 09:18:22 Going to coordinates X=-15.582, Y=-39.756
12.12 09:18:22 Moving is finished
12.12 09:20:31 Scanning 18 point from 221
12.12 09:20:31 Going to coordinates X=-15.482, Y=-39.756
12.12 09:20:31 Moving is finished
12.12 09:22:39 Scanning 19 point from 221
12.12 09:22:39 Going to coordinates X=-15.382, Y=-39.756
12.12 09:22:39 Moving is finished
12.12 09:24:47 Scanning 20 point from 221
12.12 09:24:47 Going to coordinates X=-15.282, Y=-39.756
12.12 09:24:48 Moving is finished
12.12 09:26:56 Scanning 21 point from 221
12.12 09:26:56 Going to coordinates X=-15.182, Y=-39.756
12.12 09:26:56 Moving is finished
12.12 09:29:04 Scanning 22 point from 221
12.12 09:29:04 Going to coordinates X=-15.082, Y=-39.756
12.12 09:29:04 Moving is finished
12.12 09:31:13 Scanning 23 point from 221
12.12 09:31:13 Going to coordinates X=-14.982, Y=-39.756
12.12 09:31:13 Moving is finished
12.12 09:33:21 Scanning 24 point from 221
12.12 09:33:21 Going to coordinates X=-14.882, Y=-39.756
12.12 09:33:21 Moving is finished
12.12 09:35:29 Scanning 25 point from 221
12.12 09:35:29 Going to coordinates X=-14.782, Y=-39.756
12.12 09:35:29 Moving is finished
12.12 09:37:37 Scanning 26 point from 221
12.12 09:37:37 Going to coordinates X=-14.682, Y=-39.756
12.12 09:37:38 Moving is finished
12.12 09:39:46 Scanning 27 point from 221
12.12 09:39:46 Going to coordinates X=-14.582, Y=-39.756
12.12 09:39:46 Moving is finished
12.12 09:41:54 Scanning 28 point from 221
12.12 09:41:54 Going to coordinates X=-14.482, Y=-39.756
12.12 09:41:55 Moving is finished
12.12 09:44:03 Scanning 29 point from 221
12.12 09:44:03 Going to coordinates X=-14.382, Y=-39.756
12.12 09:44:03 Moving is finished
12.12 09:45:30 Could not find 'EZRaman Reader  V8.2.0 MV' in 'dict_keys([])'
12.12 09:45:36 Could not find 'EZRaman Reader  V8.2.0 MV' in 'dict_keys([])'
12.12 09:45:36 Scanning 30 point from 221
12.12 09:45:36 Going to coordinates X=-14.282, Y=-39.756
12.12 09:45:37 Moving is finished
12.12 09:45:43 Could not find 'EZRaman Reader  V8.2.0 MV' in 'dict_keys([])'
12.12 09:45:48 Could not find 'EZRaman Reader  V8.2.0 MV' in 'dict_keys([])'
12.12 09:45:49 Scanning 31 point from 221
12.12 09:45:49 Going to coordinates X=-14.182, Y=-39.756
12.12 09:45:49 Moving is finished
12.12 09:45:56 Could not find 'EZRaman Reader  V8.2.0 MV' in 'dict_keys([])'
12.12 09:46:01 Could not find 'EZRaman Reader  V8.2.0 MV' in 'dict_keys([])'
12.12 09:46:02 Scanning 32 point from 221
12.12 09:46:02 Going to coordinates X=-14.082, Y=-39.756
12.12 09:46:02 Moving is finished
12.12 09:46:08 Could not find 'EZRaman Reader  V8.2.0 MV' in 'dict_keys([])'
12.12 09:46:13 Could not find 'EZRaman Reader  V8.2.0 MV' in 'dict_keys([])'
12.12 09:46:14 Scanning 33 point from 221
12.12 09:46:14 Going to coordinates X=-13.982, Y=-39.756
12.12 09:46:14 Moving is finished
12.12 09:46:20 Could not find 'EZRaman Reader  V8.2.0 MV' in 'dict_keys([])'
12.12 09:46:25 Could not find 'EZRaman Reader  V8.2.0 MV' in 'dict_keys([])'
12.12 09:46:26 Scanning 34 point from 221
12.12 09:46:26 Going to coordinates X=-15.582, Y=-39.656
12.12 09:46:27 Moving is finished
12.12 09:46:33 Could not find 'EZRaman Reader  V8.2.0 MV' in 'dict_keys([])'
12.12 09:46:38 Could not find 'EZRaman Reader  V8.2.0 MV' in 'dict_keys([])'
12.12 09:46:39 Scanning 35 point from 221
12.12 09:46:39 Going to coordinates X=-15.482, Y=-39.656
12.12 09:46:39 Moving is finished
12.12 09:46:45 Could not find 'EZRaman Reader  V8.2.0 MV' in 'dict_keys([])'
12.12 09:46:50 Could not find 'EZRaman Reader  V8.2.0 MV' in 'dict_keys([])'
12.12 09:46:51 Scanning 36 point from 221
12.12 09:46:51 Going to coordinates X=-15.382, Y=-39.656
12.12 09:46:51 Moving is finished
12.12 09:46:57 Could not find 'EZRaman Reader  V8.2.0 MV' in 'dict_keys([])'
12.12 09:47:02 Could not find 'EZRaman Reader  V8.2.0 MV' in 'dict_keys([])'
12.12 09:47:03 Scanning 37 point from 221
12.12 09:47:03 Going to coordinates X=-15.282, Y=-39.656
12.12 09:47:03 Moving is finished
12.12 09:47:09 Could not find 'EZRaman Reader  V8.2.0 MV' in 'dict_keys([])'
12.12 09:47:14 Could not find 'EZRaman Reader  V8.2.0 MV' in 'dict_keys([])'
12.12 09:47:15 Scanning 38 point from 221
12.12 09:47:15 Going to coordinates X=-15.182, Y=-39.656
12.12 09:47:15 Moving is finished
12.12 09:47:21 Could not find 'EZRaman Reader  V8.2.0 MV' in 'dict_keys([])'
12.12 09:47:26 Could not find 'EZRaman Reader  V8.2.0 MV' in 'dict_keys([])'
12.12 09:47:27 Scanning 39 point from 221
12.12 09:47:27 Going to coordinates X=-15.082, Y=-39.656
12.12 09:47:27 Moving is finished
12.12 09:47:33 Could not find 'EZRaman Reader  V8.2.0 MV' in 'dict_keys([])'
12.12 09:47:38 Could not find 'EZRaman Reader  V8.2.0 MV' in 'dict_keys([])'
12.12 09:47:39 Scanning 40 point from 221
12.12 09:47:39 Going to coordinates X=-14.982, Y=-39.656
12.12 09:47:39 Moving is finished
12.12 09:47:46 Could not find 'EZRaman Reader  V8.2.0 MV' in 'dict_keys([])'
12.12 09:47:51 Could not find 'EZRaman Reader  V8.2.0 MV' in 'dict_keys([])'
12.12 09:47:51 Scanning 41 point from 221
12.12 09:47:51 Going to coordinates X=-14.882, Y=-39.656
12.12 09:47:52 Moving is finished
12.12 09:47:58 Could not find 'EZRaman Reader  V8.2.0 MV' in 'dict_keys([])'
12.12 09:48:03 Could not find 'EZRaman Reader  V8.2.0 MV' in 'dict_keys([])'
12.12 09:48:03 Scanning 42 point from 221
12.12 09:48:03 Going to coordinates X=-14.782, Y=-39.656
12.12 09:48:04 Moving is finished
12.12 09:48:10 Could not find 'EZRaman Reader  V8.2.0 MV' in 'dict_keys([])'
12.12 09:48:15 Could not find 'EZRaman Reader  V8.2.0 MV' in 'dict_keys([])'
12.12 09:48:15 Scanning 43 point from 221
12.12 09:48:15 Going to coordinates X=-14.682, Y=-39.656
12.12 09:48:16 Moving is finished
12.12 09:48:22 Could not find 'EZRaman Reader  V8.2.0 MV' in 'dict_keys([])'
12.12 09:48:27 Could not find 'EZRaman Reader  V8.2.0 MV' in 'dict_keys([])'
12.12 09:48:27 Scanning 44 point from 221
12.12 09:48:27 Going to coordinates X=-14.582, Y=-39.656
12.12 09:48:28 Moving is finished
12.12 09:48:34 Could not find 'EZRaman Reader  V8.2.0 MV' in 'dict_keys([])'
12.12 09:48:39 Could not find 'EZRaman Reader  V8.2.0 MV' in 'dict_keys([])'
12.12 09:48:40 Scanning 45 point from 221
12.12 09:48:40 Going to coordinates X=-14.482, Y=-39.656
12.12 09:48:40 Moving is finished
12.12 09:48:46 Could not find 'EZRaman Reader  V8.2.0 MV' in 'dict_keys([])'
12.12 09:48:51 Could not find 'EZRaman Reader  V8.2.0 MV' in 'dict_keys([])'
12.12 09:48:52 Scanning 46 point from 221
12.12 09:48:52 Going to coordinates X=-14.382, Y=-39.656
12.12 09:48:52 Moving is finished
12.12 09:48:58 Could not find 'EZRaman Reader  V8.2.0 MV' in 'dict_keys([])'
12.12 09:49:03 Could not find 'EZRaman Reader  V8.2.0 MV' in 'dict_keys([])'
12.12 09:49:04 Scanning 47 point from 221
12.12 09:49:04 Going to coordinates X=-14.282, Y=-39.656
12.12 09:49:04 Moving is finished
12.12 09:49:10 Could not find 'EZRaman Reader  V8.2.0 MV' in 'dict_keys([])'
12.12 09:49:15 Could not find 'EZRaman Reader  V8.2.0 MV' in 'dict_keys([])'
12.12 09:49:16 Scanning 48 point from 221
12.12 09:49:16 Going to coordinates X=-14.182, Y=-39.656
12.12 09:49:16 Moving is finished
12.12 09:49:22 Could not find 'EZRaman Reader  V8.2.0 MV' in 'dict_keys([])'
12.12 09:49:27 Could not find 'EZRaman Reader  V8.2.0 MV' in 'dict_keys([])'
12.12 09:49:28 Scanning 49 point from 221
12.12 09:49:28 Going to coordinates X=-14.082, Y=-39.656
12.12 09:49:28 Moving is finished
12.12 09:49:34 Could not find 'EZRaman Reader  V8.2.0 MV' in 'dict_keys([])'
12.12 09:49:40 Could not find 'EZRaman Reader  V8.2.0 MV' in 'dict_keys([])'
12.12 09:49:40 Scanning 50 point from 221
12.12 09:49:40 Going to coordinates X=-13.982, Y=-39.656
12.12 09:49:40 Moving is finished
12.12 09:49:47 Could not find 'EZRaman Reader  V8.2.0 MV' in 'dict_keys([])'
12.12 09:49:52 Could not find 'EZRaman Reader  V8.2.0 MV' in 'dict_keys([])'
12.12 09:49:52 Scanning 51 point from 221
12.12 09:49:52 Going to coordinates X=-15.582, Y=-39.556
12.12 09:49:53 Moving is finished
12.12 09:49:59 Could not find 'EZRaman Reader  V8.2.0 MV' in 'dict_keys([])'
12.12 09:50:04 Could not find 'EZRaman Reader  V8.2.0 MV' in 'dict_keys([])'
12.12 09:50:05 Scanning 52 point from 221
12.12 09:50:05 Going to coordinates X=-15.482, Y=-39.556
12.12 09:50:05 Moving is finished
12.12 09:50:11 Could not find 'EZRaman Reader  V8.2.0 MV' in 'dict_keys([])'
12.12 09:50:16 Could not find 'EZRaman Reader  V8.2.0 MV' in 'dict_keys([])'
12.12 09:50:17 Scanning 53 point from 221
12.12 09:50:17 Going to coordinates X=-15.382, Y=-39.556
12.12 09:50:17 Moving is finished
12.12 09:50:23 Could not find 'EZRaman Reader  V8.2.0 MV' in 'dict_keys([])'
12.12 09:50:28 Could not find 'EZRaman Reader  V8.2.0 MV' in 'dict_keys([])'
12.12 09:50:29 Scanning 54 point from 221
12.12 09:50:29 Going to coordinates X=-15.282, Y=-39.556
12.12 09:50:29 Moving is finished
12.12 09:50:35 Could not find 'EZRaman Reader  V8.2.0 MV' in 'dict_keys([])'
12.12 09:50:40 Could not find 'EZRaman Reader  V8.2.0 MV' in 'dict_keys([])'
12.12 09:50:41 Scanning 55 point from 221
12.12 09:50:41 Going to coordinates X=-15.182, Y=-39.556
12.12 09:50:41 Moving is finished
12.12 09:50:47 Could not find 'EZRaman Reader  V8.2.0 MV' in 'dict_keys([])'
12.12 09:50:53 Could not find 'EZRaman Reader  V8.2.0 MV' in 'dict_keys([])'
12.12 09:50:53 Scanning 56 point from 221
12.12 09:50:53 Going to coordinates X=-15.082, Y=-39.556
12.12 09:50:53 Moving is finished
12.12 09:51:00 Could not find 'EZRaman Reader  V8.2.0 MV' in 'dict_keys([])'
12.12 09:51:05 Could not find 'EZRaman Reader  V8.2.0 MV' in 'dict_keys([])'
12.12 09:51:05 Scanning 57 point from 221
12.12 09:51:05 Going to coordinates X=-14.982, Y=-39.556
12.12 09:51:06 Moving is finished
12.12 09:51:12 Could not find 'EZRaman Reader  V8.2.0 MV' in 'dict_keys([])'
12.12 09:51:17 Could not find 'EZRaman Reader  V8.2.0 MV' in 'dict_keys([])'
12.12 09:51:18 Scanning 58 point from 221
12.12 09:51:18 Going to coordinates X=-14.882, Y=-39.556
12.12 09:51:18 Moving is finished
12.12 09:51:24 Could not find 'EZRaman Reader  V8.2.0 MV' in 'dict_keys([])'
12.12 09:51:29 Could not find 'EZRaman Reader  V8.2.0 MV' in 'dict_keys([])'
12.12 09:51:30 Scanning 59 point from 221
12.12 09:51:30 Going to coordinates X=-14.782, Y=-39.556
12.12 09:51:30 Moving is finished
12.12 09:51:36 Could not find 'EZRaman Reader  V8.2.0 MV' in 'dict_keys([])'
12.12 09:51:41 Could not find 'EZRaman Reader  V8.2.0 MV' in 'dict_keys([])'
12.12 09:51:42 Scanning 60 point from 221
12.12 09:51:42 Going to coordinates X=-14.682, Y=-39.556
12.12 09:51:42 Moving is finished
12.12 09:51:48 Could not find 'EZRaman Reader  V8.2.0 MV' in 'dict_keys([])'
12.12 09:51:53 Could not find 'EZRaman Reader  V8.2.0 MV' in 'dict_keys([])'
12.12 09:51:54 Scanning 61 point from 221
12.12 09:51:54 Going to coordinates X=-14.582, Y=-39.556
12.12 09:51:54 Moving is finished
12.12 09:52:00 Could not find 'EZRaman Reader  V8.2.0 MV' in 'dict_keys([])'
12.12 09:52:05 Could not find 'EZRaman Reader  V8.2.0 MV' in 'dict_keys([])'
12.12 09:52:06 Scanning 62 point from 221
12.12 09:52:06 Going to coordinates X=-14.482, Y=-39.556
12.12 09:52:06 Moving is finished
12.12 09:52:12 Could not find 'EZRaman Reader  V8.2.0 MV' in 'dict_keys([])'
12.12 09:52:17 Could not find 'EZRaman Reader  V8.2.0 MV' in 'dict_keys([])'
12.12 09:52:18 Scanning 63 point from 221
12.12 09:52:18 Going to coordinates X=-14.382, Y=-39.556
12.12 09:52:18 Moving is finished
12.12 09:52:24 Could not find 'EZRaman Reader  V8.2.0 MV' in 'dict_keys([])'
12.12 09:52:30 Could not find 'EZRaman Reader  V8.2.0 MV' in 'dict_keys([])'
12.12 09:52:30 Scanning 64 point from 221
12.12 09:52:30 Going to coordinates X=-14.282, Y=-39.556
12.12 09:52:30 Moving is finished
12.12 09:52:37 Could not find 'EZRaman Reader  V8.2.0 MV' in 'dict_keys([])'
12.12 09:52:42 Could not find 'EZRaman Reader  V8.2.0 MV' in 'dict_keys([])'
12.12 09:52:42 Scanning 65 point from 221
12.12 09:52:42 Going to coordinates X=-14.182, Y=-39.556
12.12 09:52:43 Moving is finished
12.12 09:52:49 Could not find 'EZRaman Reader  V8.2.0 MV' in 'dict_keys([])'
12.12 09:52:54 Could not find 'EZRaman Reader  V8.2.0 MV' in 'dict_keys([])'
12.12 09:52:55 Scanning 66 point from 221
12.12 09:52:55 Going to coordinates X=-14.082, Y=-39.556
12.12 09:52:55 Moving is finished
12.12 09:53:01 Could not find 'EZRaman Reader  V8.2.0 MV' in 'dict_keys([])'
12.12 09:53:06 Could not find 'EZRaman Reader  V8.2.0 MV' in 'dict_keys([])'
12.12 09:53:07 Scanning 67 point from 221
12.12 09:53:07 Going to coordinates X=-13.982, Y=-39.556
12.12 09:53:07 Moving is finished
12.12 09:53:13 Could not find 'EZRaman Reader  V8.2.0 MV' in 'dict_keys([])'
12.12 09:53:18 Could not find 'EZRaman Reader  V8.2.0 MV' in 'dict_keys([])'
12.12 09:53:19 Scanning 68 point from 221
12.12 09:53:19 Going to coordinates X=-15.582, Y=-39.456
12.12 09:53:19 Moving is finished
12.12 09:53:26 Could not find 'EZRaman Reader  V8.2.0 MV' in 'dict_keys([])'
12.12 09:53:31 Could not find 'EZRaman Reader  V8.2.0 MV' in 'dict_keys([])'
12.12 09:53:31 Scanning 69 point from 221
12.12 09:53:31 Going to coordinates X=-15.482, Y=-39.456
12.12 09:53:32 Moving is finished
12.12 09:53:38 Could not find 'EZRaman Reader  V8.2.0 MV' in 'dict_keys([])'
12.12 09:53:43 Could not find 'EZRaman Reader  V8.2.0 MV' in 'dict_keys([])'
12.12 09:53:43 Scanning 70 point from 221
12.12 09:53:43 Going to coordinates X=-15.382, Y=-39.456
12.12 09:53:44 Moving is finished
12.12 09:53:50 Could not find 'EZRaman Reader  V8.2.0 MV' in 'dict_keys([])'
12.12 09:53:55 Could not find 'EZRaman Reader  V8.2.0 MV' in 'dict_keys([])'
12.12 09:53:55 Scanning 71 point from 221
12.12 09:53:55 Going to coordinates X=-15.282, Y=-39.456
12.12 09:53:56 Moving is finished
12.12 09:54:02 Could not find 'EZRaman Reader  V8.2.0 MV' in 'dict_keys([])'
12.12 09:54:07 Could not find 'EZRaman Reader  V8.2.0 MV' in 'dict_keys([])'
12.12 09:54:08 Scanning 72 point from 221
12.12 09:54:08 Going to coordinates X=-15.182, Y=-39.456
12.12 09:54:08 Moving is finished
12.12 09:54:14 Could not find 'EZRaman Reader  V8.2.0 MV' in 'dict_keys([])'
12.12 09:54:19 Could not find 'EZRaman Reader  V8.2.0 MV' in 'dict_keys([])'
12.12 09:54:20 Scanning 73 point from 221
12.12 09:54:20 Going to coordinates X=-15.082, Y=-39.456
12.12 09:54:20 Moving is finished
12.12 09:54:26 Could not find 'EZRaman Reader  V8.2.0 MV' in 'dict_keys([])'
12.12 09:54:31 Could not find 'EZRaman Reader  V8.2.0 MV' in 'dict_keys([])'
12.12 09:54:32 Scanning 74 point from 221
12.12 09:54:32 Going to coordinates X=-14.982, Y=-39.456
12.12 09:54:32 Moving is finished
12.12 09:54:38 Could not find 'EZRaman Reader  V8.2.0 MV' in 'dict_keys([])'
12.12 09:54:43 Could not find 'EZRaman Reader  V8.2.0 MV' in 'dict_keys([])'
12.12 09:54:44 Scanning 75 point from 221
12.12 09:54:44 Going to coordinates X=-14.882, Y=-39.456
12.12 09:54:44 Moving is finished
12.12 09:54:50 Could not find 'EZRaman Reader  V8.2.0 MV' in 'dict_keys([])'
12.12 09:54:55 Could not find 'EZRaman Reader  V8.2.0 MV' in 'dict_keys([])'
12.12 09:54:56 Scanning 76 point from 221
12.12 09:54:56 Going to coordinates X=-14.782, Y=-39.456
12.12 09:54:56 Moving is finished
12.12 09:55:02 Could not find 'EZRaman Reader  V8.2.0 MV' in 'dict_keys([])'
12.12 09:55:07 Could not find 'EZRaman Reader  V8.2.0 MV' in 'dict_keys([])'
12.12 09:55:08 Scanning 77 point from 221
12.12 09:55:08 Going to coordinates X=-14.682, Y=-39.456
12.12 09:55:08 Moving is finished
12.12 09:55:14 Could not find 'EZRaman Reader  V8.2.0 MV' in 'dict_keys([])'
12.12 09:55:19 Could not find 'EZRaman Reader  V8.2.0 MV' in 'dict_keys([])'
12.12 09:55:20 Scanning 78 point from 221
12.12 09:55:20 Going to coordinates X=-14.582, Y=-39.456
12.12 09:55:20 Moving is finished
12.12 09:55:26 Could not find 'EZRaman Reader  V8.2.0 MV' in 'dict_keys([])'
12.12 09:55:31 Could not find 'EZRaman Reader  V8.2.0 MV' in 'dict_keys([])'
12.12 09:55:32 Scanning 79 point from 221
12.12 09:55:32 Going to coordinates X=-14.482, Y=-39.456
12.12 09:55:32 Moving is finished
12.12 09:55:39 Could not find 'EZRaman Reader  V8.2.0 MV' in 'dict_keys([])'
12.12 09:55:44 Could not find 'EZRaman Reader  V8.2.0 MV' in 'dict_keys([])'
12.12 09:55:44 Scanning 80 point from 221
12.12 09:55:44 Going to coordinates X=-14.382, Y=-39.456
12.12 09:55:45 Moving is finished
12.12 09:55:51 Could not find 'EZRaman Reader  V8.2.0 MV' in 'dict_keys([])'
12.12 09:55:56 Could not find 'EZRaman Reader  V8.2.0 MV' in 'dict_keys([])'
12.12 09:55:56 Scanning 81 point from 221
12.12 09:55:56 Going to coordinates X=-14.282, Y=-39.456
12.12 09:55:57 Moving is finished
12.12 09:56:03 Could not find 'EZRaman Reader  V8.2.0 MV' in 'dict_keys([])'
12.12 09:56:08 Could not find 'EZRaman Reader  V8.2.0 MV' in 'dict_keys([])'
12.12 09:56:08 Scanning 82 point from 221
12.12 09:56:08 Going to coordinates X=-14.182, Y=-39.456
12.12 09:56:09 Moving is finished
12.12 09:56:15 Could not find 'EZRaman Reader  V8.2.0 MV' in 'dict_keys([])'
12.12 09:56:20 Could not find 'EZRaman Reader  V8.2.0 MV' in 'dict_keys([])'
12.12 09:56:20 Scanning 83 point from 221
12.12 09:56:20 Going to coordinates X=-14.082, Y=-39.456
12.12 09:56:21 Moving is finished
12.12 09:56:27 Could not find 'EZRaman Reader  V8.2.0 MV' in 'dict_keys([])'
12.12 09:56:32 Could not find 'EZRaman Reader  V8.2.0 MV' in 'dict_keys([])'
12.12 09:56:33 Scanning 84 point from 221
12.12 09:56:33 Going to coordinates X=-13.982, Y=-39.456
12.12 09:56:33 Moving is finished
12.12 09:56:39 Could not find 'EZRaman Reader  V8.2.0 MV' in 'dict_keys([])'
12.12 09:56:44 Could not find 'EZRaman Reader  V8.2.0 MV' in 'dict_keys([])'
12.12 09:56:45 Scanning 85 point from 221
12.12 09:56:45 Going to coordinates X=-15.582, Y=-39.356
12.12 09:56:46 Moving is finished
12.12 09:56:52 Could not find 'EZRaman Reader  V8.2.0 MV' in 'dict_keys([])'
12.12 09:56:57 Could not find 'EZRaman Reader  V8.2.0 MV' in 'dict_keys([])'
12.12 09:56:57 Scanning 86 point from 221
12.12 09:56:57 Going to coordinates X=-15.482, Y=-39.356
12.12 09:56:58 Moving is finished
12.12 09:57:04 Could not find 'EZRaman Reader  V8.2.0 MV' in 'dict_keys([])'
12.12 09:57:09 Could not find 'EZRaman Reader  V8.2.0 MV' in 'dict_keys([])'
12.12 09:57:09 Scanning 87 point from 221
12.12 09:57:09 Going to coordinates X=-15.382, Y=-39.356
12.12 09:57:10 Moving is finished
12.12 09:57:16 Could not find 'EZRaman Reader  V8.2.0 MV' in 'dict_keys([])'
12.12 09:57:21 Could not find 'EZRaman Reader  V8.2.0 MV' in 'dict_keys([])'
12.12 09:57:22 Scanning 88 point from 221
12.12 09:57:22 Going to coordinates X=-15.282, Y=-39.356
12.12 09:57:22 Moving is finished
12.12 09:57:28 Could not find 'EZRaman Reader  V8.2.0 MV' in 'dict_keys([])'
12.12 09:57:33 Could not find 'EZRaman Reader  V8.2.0 MV' in 'dict_keys([])'
12.12 09:57:34 Scanning 89 point from 221
12.12 09:57:34 Going to coordinates X=-15.182, Y=-39.356
12.12 09:57:34 Moving is finished
12.12 09:57:40 Could not find 'EZRaman Reader  V8.2.0 MV' in 'dict_keys([])'
12.12 09:57:45 Could not find 'EZRaman Reader  V8.2.0 MV' in 'dict_keys([])'
12.12 09:57:46 Scanning 90 point from 221
12.12 09:57:46 Going to coordinates X=-15.082, Y=-39.356
12.12 09:57:46 Moving is finished
12.12 09:57:52 Could not find 'EZRaman Reader  V8.2.0 MV' in 'dict_keys([])'
12.12 09:57:57 Could not find 'EZRaman Reader  V8.2.0 MV' in 'dict_keys([])'
12.12 09:57:58 Scanning 91 point from 221
12.12 09:57:58 Going to coordinates X=-14.982, Y=-39.356
12.12 09:57:58 Moving is finished
12.12 09:58:04 Could not find 'EZRaman Reader  V8.2.0 MV' in 'dict_keys([])'
12.12 09:58:09 Could not find 'EZRaman Reader  V8.2.0 MV' in 'dict_keys([])'
12.12 09:58:10 Scanning 92 point from 221
12.12 09:58:10 Going to coordinates X=-14.882, Y=-39.356
12.12 09:58:10 Moving is finished
12.12 09:58:16 Could not find 'EZRaman Reader  V8.2.0 MV' in 'dict_keys([])'
12.12 09:58:21 Could not find 'EZRaman Reader  V8.2.0 MV' in 'dict_keys([])'
12.12 09:58:22 Scanning 93 point from 221
12.12 09:58:22 Going to coordinates X=-14.782, Y=-39.356
12.12 09:58:22 Moving is finished
12.12 09:58:28 Could not find 'EZRaman Reader  V8.2.0 MV' in 'dict_keys([])'
12.12 09:58:33 Could not find 'EZRaman Reader  V8.2.0 MV' in 'dict_keys([])'
12.12 09:58:34 Scanning 94 point from 221
12.12 09:58:34 Going to coordinates X=-14.682, Y=-39.356
12.12 09:58:34 Moving is finished
12.12 09:58:40 Could not find 'EZRaman Reader  V8.2.0 MV' in 'dict_keys([])'
12.12 09:58:46 Could not find 'EZRaman Reader  V8.2.0 MV' in 'dict_keys([])'
12.12 09:58:46 Scanning 95 point from 221
12.12 09:58:46 Going to coordinates X=-14.582, Y=-39.356
12.12 09:58:46 Moving is finished
12.12 09:58:53 Could not find 'EZRaman Reader  V8.2.0 MV' in 'dict_keys([])'
12.12 09:58:58 Could not find 'EZRaman Reader  V8.2.0 MV' in 'dict_keys([])'
12.12 09:58:58 Scanning 96 point from 221
12.12 09:58:58 Going to coordinates X=-14.482, Y=-39.356
12.12 09:58:59 Moving is finished
12.12 09:59:05 Could not find 'EZRaman Reader  V8.2.0 MV' in 'dict_keys([])'
12.12 09:59:10 Could not find 'EZRaman Reader  V8.2.0 MV' in 'dict_keys([])'
12.12 09:59:11 Scanning 97 point from 221
12.12 09:59:11 Going to coordinates X=-14.382, Y=-39.356
12.12 09:59:11 Moving is finished
12.12 09:59:17 Could not find 'EZRaman Reader  V8.2.0 MV' in 'dict_keys([])'
12.12 09:59:22 Could not find 'EZRaman Reader  V8.2.0 MV' in 'dict_keys([])'
12.12 09:59:23 Scanning 98 point from 221
12.12 09:59:23 Going to coordinates X=-14.282, Y=-39.356
12.12 09:59:23 Moving is finished
12.12 09:59:29 Could not find 'EZRaman Reader  V8.2.0 MV' in 'dict_keys([])'
12.12 09:59:34 Could not find 'EZRaman Reader  V8.2.0 MV' in 'dict_keys([])'
12.12 09:59:35 Scanning 99 point from 221
12.12 09:59:35 Going to coordinates X=-14.182, Y=-39.356
12.12 09:59:35 Moving is finished
12.12 09:59:41 Could not find 'EZRaman Reader  V8.2.0 MV' in 'dict_keys([])'
12.12 09:59:46 Could not find 'EZRaman Reader  V8.2.0 MV' in 'dict_keys([])'
12.12 09:59:47 Scanning 100 point from 221
12.12 09:59:47 Going to coordinates X=-14.082, Y=-39.356
12.12 09:59:47 Moving is finished
12.12 09:59:53 Could not find 'EZRaman Reader  V8.2.0 MV' in 'dict_keys([])'
12.12 09:59:58 Could not find 'EZRaman Reader  V8.2.0 MV' in 'dict_keys([])'
12.12 09:59:59 Scanning 101 point from 221
12.12 09:59:59 Going to coordinates X=-13.982, Y=-39.356
12.12 09:59:59 Moving is finished
12.12 10:00:05 Could not find 'EZRaman Reader  V8.2.0 MV' in 'dict_keys([])'
12.12 10:00:10 Could not find 'EZRaman Reader  V8.2.0 MV' in 'dict_keys([])'
12.12 10:00:11 Scanning 102 point from 221
12.12 10:00:11 Going to coordinates X=-15.582, Y=-39.256
12.12 10:00:12 Moving is finished
12.12 10:00:18 Could not find 'EZRaman Reader  V8.2.0 MV' in 'dict_keys([])'
12.12 10:00:23 Could not find 'EZRaman Reader  V8.2.0 MV' in 'dict_keys([])'
12.12 10:00:24 Scanning 103 point from 221
12.12 10:00:24 Going to coordinates X=-15.482, Y=-39.256
12.12 10:00:24 Moving is finished
12.12 10:00:30 Could not find 'EZRaman Reader  V8.2.0 MV' in 'dict_keys([])'
12.12 10:00:35 Could not find 'EZRaman Reader  V8.2.0 MV' in 'dict_keys([])'
12.12 10:00:36 Scanning 104 point from 221
12.12 10:00:36 Going to coordinates X=-15.382, Y=-39.256
12.12 10:00:36 Moving is finished
12.12 10:00:42 Could not find 'EZRaman Reader  V8.2.0 MV' in 'dict_keys([])'
12.12 10:00:47 Could not find 'EZRaman Reader  V8.2.0 MV' in 'dict_keys([])'
12.12 10:00:48 Scanning 105 point from 221
12.12 10:00:48 Going to coordinates X=-15.282, Y=-39.256
12.12 10:00:48 Moving is finished
12.12 10:00:54 Could not find 'EZRaman Reader  V8.2.0 MV' in 'dict_keys([])'
12.12 10:00:59 Could not find 'EZRaman Reader  V8.2.0 MV' in 'dict_keys([])'
12.12 10:01:00 Scanning 106 point from 221
12.12 10:01:00 Going to coordinates X=-15.182, Y=-39.256
12.12 10:01:00 Moving is finished
12.12 10:01:06 Could not find 'EZRaman Reader  V8.2.0 MV' in 'dict_keys([])'
12.12 10:01:11 Could not find 'EZRaman Reader  V8.2.0 MV' in 'dict_keys([])'
12.12 10:01:12 Scanning 107 point from 221
12.12 10:01:12 Going to coordinates X=-15.082, Y=-39.256
12.12 10:01:12 Moving is finished
12.12 10:01:18 Could not find 'EZRaman Reader  V8.2.0 MV' in 'dict_keys([])'
12.12 10:01:23 Could not find 'EZRaman Reader  V8.2.0 MV' in 'dict_keys([])'
12.12 10:01:24 Scanning 108 point from 221
12.12 10:01:24 Going to coordinates X=-14.982, Y=-39.256
12.12 10:01:24 Moving is finished
12.12 10:01:30 Could not find 'EZRaman Reader  V8.2.0 MV' in 'dict_keys([])'
12.12 10:01:36 Could not find 'EZRaman Reader  V8.2.0 MV' in 'dict_keys([])'
12.12 10:01:36 Scanning 109 point from 221
12.12 10:01:36 Going to coordinates X=-14.882, Y=-39.256
12.12 10:01:36 Moving is finished
12.12 10:01:42 Could not find 'EZRaman Reader  V8.2.0 MV' in 'dict_keys([])'
12.12 10:01:48 Could not find 'EZRaman Reader  V8.2.0 MV' in 'dict_keys([])'
12.12 10:01:48 Scanning 110 point from 221
12.12 10:01:48 Going to coordinates X=-14.782, Y=-39.256
12.12 10:01:48 Moving is finished
12.12 10:01:55 Could not find 'EZRaman Reader  V8.2.0 MV' in 'dict_keys([])'
12.12 10:02:00 Could not find 'EZRaman Reader  V8.2.0 MV' in 'dict_keys([])'
12.12 10:02:00 Scanning 111 point from 221
12.12 10:02:00 Going to coordinates X=-14.682, Y=-39.256
12.12 10:02:01 Moving is finished
12.12 10:02:07 Could not find 'EZRaman Reader  V8.2.0 MV' in 'dict_keys([])'
12.12 10:02:12 Could not find 'EZRaman Reader  V8.2.0 MV' in 'dict_keys([])'
12.12 10:02:12 Scanning 112 point from 221
12.12 10:02:12 Going to coordinates X=-14.582, Y=-39.256
12.12 10:02:13 Moving is finished
12.12 10:02:19 Could not find 'EZRaman Reader  V8.2.0 MV' in 'dict_keys([])'
12.12 10:02:24 Could not find 'EZRaman Reader  V8.2.0 MV' in 'dict_keys([])'
12.12 10:02:25 Scanning 113 point from 221
12.12 10:02:25 Going to coordinates X=-14.482, Y=-39.256
12.12 10:02:25 Moving is finished
12.12 10:02:31 Could not find 'EZRaman Reader  V8.2.0 MV' in 'dict_keys([])'
12.12 10:02:36 Could not find 'EZRaman Reader  V8.2.0 MV' in 'dict_keys([])'
12.12 10:02:37 Scanning 114 point from 221
12.12 10:02:37 Going to coordinates X=-14.382, Y=-39.256
12.12 10:02:37 Moving is finished
12.12 10:02:43 Could not find 'EZRaman Reader  V8.2.0 MV' in 'dict_keys([])'
12.12 10:02:48 Could not find 'EZRaman Reader  V8.2.0 MV' in 'dict_keys([])'
12.12 10:02:49 Scanning 115 point from 221
12.12 10:02:49 Going to coordinates X=-14.282, Y=-39.256
12.12 10:02:49 Moving is finished
12.12 10:02:55 Could not find 'EZRaman Reader  V8.2.0 MV' in 'dict_keys([])'
12.12 10:03:00 Could not find 'EZRaman Reader  V8.2.0 MV' in 'dict_keys([])'
12.12 10:03:01 Scanning 116 point from 221
12.12 10:03:01 Going to coordinates X=-14.182, Y=-39.256
12.12 10:03:01 Moving is finished
12.12 10:03:07 Could not find 'EZRaman Reader  V8.2.0 MV' in 'dict_keys([])'
12.12 10:03:12 Could not find 'EZRaman Reader  V8.2.0 MV' in 'dict_keys([])'
12.12 10:03:13 Scanning 117 point from 221
12.12 10:03:13 Going to coordinates X=-14.082, Y=-39.256
12.12 10:03:13 Moving is finished
12.12 10:03:19 Could not find 'EZRaman Reader  V8.2.0 MV' in 'dict_keys([])'
12.12 10:03:24 Could not find 'EZRaman Reader  V8.2.0 MV' in 'dict_keys([])'
12.12 10:03:25 Scanning 118 point from 221
12.12 10:03:25 Going to coordinates X=-13.982, Y=-39.256
12.12 10:03:25 Moving is finished
12.12 10:03:32 Could not find 'EZRaman Reader  V8.2.0 MV' in 'dict_keys([])'
12.12 10:03:37 Could not find 'EZRaman Reader  V8.2.0 MV' in 'dict_keys([])'
12.12 10:03:37 Scanning 119 point from 221
12.12 10:03:37 Going to coordinates X=-15.582, Y=-39.156
12.12 10:03:38 Moving is finished
12.12 10:03:44 Could not find 'EZRaman Reader  V8.2.0 MV' in 'dict_keys([])'
12.12 10:03:49 Could not find 'EZRaman Reader  V8.2.0 MV' in 'dict_keys([])'
12.12 10:03:50 Scanning 120 point from 221
12.12 10:03:50 Going to coordinates X=-15.482, Y=-39.156
12.12 10:03:50 Moving is finished
12.12 10:03:56 Could not find 'EZRaman Reader  V8.2.0 MV' in 'dict_keys([])'
12.12 10:04:01 Could not find 'EZRaman Reader  V8.2.0 MV' in 'dict_keys([])'
12.12 10:04:02 Scanning 121 point from 221
12.12 10:04:02 Going to coordinates X=-15.382, Y=-39.156
12.12 10:04:02 Moving is finished
12.12 10:04:08 Could not find 'EZRaman Reader  V8.2.0 MV' in 'dict_keys([])'
12.12 10:04:13 Could not find 'EZRaman Reader  V8.2.0 MV' in 'dict_keys([])'
12.12 10:04:14 Scanning 122 point from 221
12.12 10:04:14 Going to coordinates X=-15.282, Y=-39.156
12.12 10:04:14 Moving is finished
12.12 10:04:21 Could not find 'EZRaman Reader  V8.2.0 MV' in 'dict_keys([])'
12.12 10:04:26 Could not find 'EZRaman Reader  V8.2.0 MV' in 'dict_keys([])'
12.12 10:04:26 Scanning 123 point from 221
12.12 10:04:26 Going to coordinates X=-15.182, Y=-39.156
12.12 10:04:27 Moving is finished
12.12 10:04:33 Could not find 'EZRaman Reader  V8.2.0 MV' in 'dict_keys([])'
12.12 10:04:38 Could not find 'EZRaman Reader  V8.2.0 MV' in 'dict_keys([])'
12.12 10:04:38 Scanning 124 point from 221
12.12 10:04:38 Going to coordinates X=-15.082, Y=-39.156
12.12 10:04:39 Moving is finished
12.12 10:04:45 Could not find 'EZRaman Reader  V8.2.0 MV' in 'dict_keys([])'
12.12 10:04:50 Could not find 'EZRaman Reader  V8.2.0 MV' in 'dict_keys([])'
12.12 10:04:50 Scanning 125 point from 221
12.12 10:04:50 Going to coordinates X=-14.982, Y=-39.156
12.12 10:04:51 Moving is finished
12.12 10:04:57 Could not find 'EZRaman Reader  V8.2.0 MV' in 'dict_keys([])'
12.12 10:05:02 Could not find 'EZRaman Reader  V8.2.0 MV' in 'dict_keys([])'
12.12 10:05:02 Scanning 126 point from 221
12.12 10:05:02 Going to coordinates X=-14.882, Y=-39.156
12.12 10:05:03 Moving is finished
12.12 10:05:09 Could not find 'EZRaman Reader  V8.2.0 MV' in 'dict_keys([])'
12.12 10:05:14 Could not find 'EZRaman Reader  V8.2.0 MV' in 'dict_keys([])'
12.12 10:05:14 Scanning 127 point from 221
12.12 10:05:14 Going to coordinates X=-14.782, Y=-39.156
12.12 10:05:15 Moving is finished
12.12 10:05:21 Could not find 'EZRaman Reader  V8.2.0 MV' in 'dict_keys([])'
12.12 10:05:26 Could not find 'EZRaman Reader  V8.2.0 MV' in 'dict_keys([])'
12.12 10:05:26 Scanning 128 point from 221
12.12 10:05:26 Going to coordinates X=-14.682, Y=-39.156
12.12 10:05:27 Moving is finished
12.12 10:05:33 Could not find 'EZRaman Reader  V8.2.0 MV' in 'dict_keys([])'
12.12 10:05:38 Could not find 'EZRaman Reader  V8.2.0 MV' in 'dict_keys([])'
12.12 10:05:39 Scanning 129 point from 221
12.12 10:05:39 Going to coordinates X=-14.582, Y=-39.156
12.12 10:05:39 Moving is finished
12.12 10:05:45 Could not find 'EZRaman Reader  V8.2.0 MV' in 'dict_keys([])'
12.12 10:05:50 Could not find 'EZRaman Reader  V8.2.0 MV' in 'dict_keys([])'
12.12 10:05:51 Scanning 130 point from 221
12.12 10:05:51 Going to coordinates X=-14.482, Y=-39.156
12.12 10:05:51 Moving is finished
12.12 10:05:57 Could not find 'EZRaman Reader  V8.2.0 MV' in 'dict_keys([])'
12.12 10:06:02 Could not find 'EZRaman Reader  V8.2.0 MV' in 'dict_keys([])'
12.12 10:06:03 Scanning 131 point from 221
12.12 10:06:03 Going to coordinates X=-14.382, Y=-39.156
12.12 10:06:03 Moving is finished
12.12 10:06:09 Could not find 'EZRaman Reader  V8.2.0 MV' in 'dict_keys([])'
12.12 10:06:14 Could not find 'EZRaman Reader  V8.2.0 MV' in 'dict_keys([])'
12.12 10:06:15 Scanning 132 point from 221
12.12 10:06:15 Going to coordinates X=-14.282, Y=-39.156
12.12 10:06:15 Moving is finished
12.12 10:06:21 Could not find 'EZRaman Reader  V8.2.0 MV' in 'dict_keys([])'
12.12 10:06:26 Could not find 'EZRaman Reader  V8.2.0 MV' in 'dict_keys([])'
12.12 10:06:27 Scanning 133 point from 221
12.12 10:06:27 Going to coordinates X=-14.182, Y=-39.156
12.12 10:06:27 Moving is finished
12.12 10:06:33 Could not find 'EZRaman Reader  V8.2.0 MV' in 'dict_keys([])'
12.12 10:06:38 Could not find 'EZRaman Reader  V8.2.0 MV' in 'dict_keys([])'
12.12 10:06:39 Scanning 134 point from 221
12.12 10:06:39 Going to coordinates X=-14.082, Y=-39.156
12.12 10:06:39 Moving is finished
12.12 10:06:45 Could not find 'EZRaman Reader  V8.2.0 MV' in 'dict_keys([])'
12.12 10:06:50 Could not find 'EZRaman Reader  V8.2.0 MV' in 'dict_keys([])'
12.12 10:06:51 Scanning 135 point from 221
12.12 10:06:51 Going to coordinates X=-13.982, Y=-39.156
12.12 10:06:51 Moving is finished
12.12 10:06:58 Could not find 'EZRaman Reader  V8.2.0 MV' in 'dict_keys([])'
12.12 10:07:03 Could not find 'EZRaman Reader  V8.2.0 MV' in 'dict_keys([])'
12.12 10:07:03 Scanning 136 point from 221
12.12 10:07:03 Going to coordinates X=-15.582, Y=-39.056
12.12 10:07:04 Moving is finished
12.12 10:07:10 Could not find 'EZRaman Reader  V8.2.0 MV' in 'dict_keys([])'
12.12 10:07:15 Could not find 'EZRaman Reader  V8.2.0 MV' in 'dict_keys([])'
12.12 10:07:16 Scanning 137 point from 221
12.12 10:07:16 Going to coordinates X=-15.482, Y=-39.056
12.12 10:07:16 Moving is finished
12.12 10:07:22 Could not find 'EZRaman Reader  V8.2.0 MV' in 'dict_keys([])'
12.12 10:07:27 Could not find 'EZRaman Reader  V8.2.0 MV' in 'dict_keys([])'
12.12 10:07:28 Scanning 138 point from 221
12.12 10:07:28 Going to coordinates X=-15.382, Y=-39.056
12.12 10:07:28 Moving is finished
12.12 10:07:34 Could not find 'EZRaman Reader  V8.2.0 MV' in 'dict_keys([])'
12.12 10:07:39 Could not find 'EZRaman Reader  V8.2.0 MV' in 'dict_keys([])'
12.12 10:07:40 Scanning 139 point from 221
12.12 10:07:40 Going to coordinates X=-15.282, Y=-39.056
12.12 10:07:40 Moving is finished
12.12 10:07:46 Could not find 'EZRaman Reader  V8.2.0 MV' in 'dict_keys([])'
12.12 10:07:52 Could not find 'EZRaman Reader  V8.2.0 MV' in 'dict_keys([])'
12.12 10:07:52 Scanning 140 point from 221
12.12 10:07:52 Going to coordinates X=-15.182, Y=-39.056
12.12 10:07:52 Moving is finished
12.12 10:07:59 Could not find 'EZRaman Reader  V8.2.0 MV' in 'dict_keys([])'
12.12 10:08:04 Could not find 'EZRaman Reader  V8.2.0 MV' in 'dict_keys([])'
12.12 10:08:04 Scanning 141 point from 221
12.12 10:08:04 Going to coordinates X=-15.082, Y=-39.056
12.12 10:08:05 Moving is finished
12.12 10:08:11 Could not find 'EZRaman Reader  V8.2.0 MV' in 'dict_keys([])'
12.12 10:08:16 Could not find 'EZRaman Reader  V8.2.0 MV' in 'dict_keys([])'
12.12 10:08:16 Scanning 142 point from 221
12.12 10:08:16 Going to coordinates X=-14.982, Y=-39.056
12.12 10:08:17 Moving is finished
12.12 10:08:23 Could not find 'EZRaman Reader  V8.2.0 MV' in 'dict_keys([])'
12.12 10:08:28 Could not find 'EZRaman Reader  V8.2.0 MV' in 'dict_keys([])'
12.12 10:08:29 Scanning 143 point from 221
12.12 10:08:29 Going to coordinates X=-14.882, Y=-39.056
12.12 10:08:29 Moving is finished
12.12 10:08:35 Could not find 'EZRaman Reader  V8.2.0 MV' in 'dict_keys([])'
12.12 10:08:40 Could not find 'EZRaman Reader  V8.2.0 MV' in 'dict_keys([])'
12.12 10:08:41 Scanning 144 point from 221
12.12 10:08:41 Going to coordinates X=-14.782, Y=-39.056
12.12 10:08:41 Moving is finished
12.12 10:08:47 Could not find 'EZRaman Reader  V8.2.0 MV' in 'dict_keys([])'
12.12 10:08:52 Could not find 'EZRaman Reader  V8.2.0 MV' in 'dict_keys([])'
12.12 10:08:53 Scanning 145 point from 221
12.12 10:08:53 Going to coordinates X=-14.682, Y=-39.056
12.12 10:08:53 Moving is finished
12.12 10:08:59 Could not find 'EZRaman Reader  V8.2.0 MV' in 'dict_keys([])'
12.12 10:09:04 Could not find 'EZRaman Reader  V8.2.0 MV' in 'dict_keys([])'
12.12 10:09:05 Scanning 146 point from 221
12.12 10:09:05 Going to coordinates X=-14.582, Y=-39.056
12.12 10:09:05 Moving is finished
12.12 10:09:11 Could not find 'EZRaman Reader  V8.2.0 MV' in 'dict_keys([])'
12.12 10:09:16 Could not find 'EZRaman Reader  V8.2.0 MV' in 'dict_keys([])'
12.12 10:09:17 Scanning 147 point from 221
12.12 10:09:17 Going to coordinates X=-14.482, Y=-39.056
12.12 10:09:17 Moving is finished
12.12 10:09:23 Could not find 'EZRaman Reader  V8.2.0 MV' in 'dict_keys([])'
12.12 10:09:28 Could not find 'EZRaman Reader  V8.2.0 MV' in 'dict_keys([])'
12.12 10:09:29 Scanning 148 point from 221
12.12 10:09:29 Going to coordinates X=-14.382, Y=-39.056
12.12 10:09:29 Moving is finished
12.12 10:09:35 Could not find 'EZRaman Reader  V8.2.0 MV' in 'dict_keys([])'
12.12 10:09:40 Could not find 'EZRaman Reader  V8.2.0 MV' in 'dict_keys([])'
12.12 10:09:41 Scanning 149 point from 221
12.12 10:09:41 Going to coordinates X=-14.282, Y=-39.056
12.12 10:09:41 Moving is finished
12.12 10:09:48 Could not find 'EZRaman Reader  V8.2.0 MV' in 'dict_keys([])'
12.12 10:09:53 Could not find 'EZRaman Reader  V8.2.0 MV' in 'dict_keys([])'
12.12 10:09:53 Scanning 150 point from 221
12.12 10:09:53 Going to coordinates X=-14.182, Y=-39.056
12.12 10:09:54 Moving is finished
12.12 10:10:00 Could not find 'EZRaman Reader  V8.2.0 MV' in 'dict_keys([])'
12.12 10:10:05 Could not find 'EZRaman Reader  V8.2.0 MV' in 'dict_keys([])'
12.12 10:10:05 Scanning 151 point from 221
12.12 10:10:05 Going to coordinates X=-14.082, Y=-39.056
12.12 10:10:06 Moving is finished
12.12 10:10:12 Could not find 'EZRaman Reader  V8.2.0 MV' in 'dict_keys([])'
12.12 10:10:17 Could not find 'EZRaman Reader  V8.2.0 MV' in 'dict_keys([])'
12.12 10:10:17 Scanning 152 point from 221
12.12 10:10:17 Going to coordinates X=-13.982, Y=-39.056
12.12 10:10:18 Moving is finished
12.12 10:10:24 Could not find 'EZRaman Reader  V8.2.0 MV' in 'dict_keys([])'
12.12 10:10:29 Could not find 'EZRaman Reader  V8.2.0 MV' in 'dict_keys([])'
12.12 10:10:29 Scanning 153 point from 221
12.12 10:10:29 Going to coordinates X=-15.582, Y=-38.956
12.12 10:10:30 Moving is finished
12.12 10:10:36 Could not find 'EZRaman Reader  V8.2.0 MV' in 'dict_keys([])'
12.12 10:10:42 Could not find 'EZRaman Reader  V8.2.0 MV' in 'dict_keys([])'
12.12 10:10:42 Scanning 154 point from 221
12.12 10:10:42 Going to coordinates X=-15.482, Y=-38.956
12.12 10:10:42 Moving is finished
12.12 10:10:49 Could not find 'EZRaman Reader  V8.2.0 MV' in 'dict_keys([])'
12.12 10:10:54 Could not find 'EZRaman Reader  V8.2.0 MV' in 'dict_keys([])'
12.12 10:10:54 Scanning 155 point from 221
12.12 10:10:54 Going to coordinates X=-15.382, Y=-38.956
12.12 10:10:55 Moving is finished
12.12 10:11:01 Could not find 'EZRaman Reader  V8.2.0 MV' in 'dict_keys([])'
12.12 10:11:06 Could not find 'EZRaman Reader  V8.2.0 MV' in 'dict_keys([])'
12.12 10:11:06 Scanning 156 point from 221
12.12 10:11:06 Going to coordinates X=-15.282, Y=-38.956
12.12 10:11:07 Moving is finished
12.12 10:11:13 Could not find 'EZRaman Reader  V8.2.0 MV' in 'dict_keys([])'
12.12 10:11:18 Could not find 'EZRaman Reader  V8.2.0 MV' in 'dict_keys([])'
12.12 10:11:18 Scanning 157 point from 221
12.12 10:11:18 Going to coordinates X=-15.182, Y=-38.956
12.12 10:11:19 Moving is finished
12.12 10:11:25 Could not find 'EZRaman Reader  V8.2.0 MV' in 'dict_keys([])'
12.12 10:11:30 Could not find 'EZRaman Reader  V8.2.0 MV' in 'dict_keys([])'
12.12 10:11:30 Scanning 158 point from 221
12.12 10:11:30 Going to coordinates X=-15.082, Y=-38.956
12.12 10:11:31 Moving is finished
12.12 10:11:37 Could not find 'EZRaman Reader  V8.2.0 MV' in 'dict_keys([])'
12.12 10:11:42 Could not find 'EZRaman Reader  V8.2.0 MV' in 'dict_keys([])'
12.12 10:11:42 Scanning 159 point from 221
12.12 10:11:42 Going to coordinates X=-14.982, Y=-38.956
12.12 10:11:43 Moving is finished
12.12 10:11:49 Could not find 'EZRaman Reader  V8.2.0 MV' in 'dict_keys([])'
12.12 10:11:54 Could not find 'EZRaman Reader  V8.2.0 MV' in 'dict_keys([])'
12.12 10:11:55 Scanning 160 point from 221
12.12 10:11:55 Going to coordinates X=-14.882, Y=-38.956
12.12 10:11:55 Moving is finished
12.12 10:12:01 Could not find 'EZRaman Reader  V8.2.0 MV' in 'dict_keys([])'
12.12 10:12:06 Could not find 'EZRaman Reader  V8.2.0 MV' in 'dict_keys([])'
12.12 10:12:07 Scanning 161 point from 221
12.12 10:12:07 Going to coordinates X=-14.782, Y=-38.956
12.12 10:12:07 Moving is finished
12.12 10:12:13 Could not find 'EZRaman Reader  V8.2.0 MV' in 'dict_keys([])'
12.12 10:12:18 Could not find 'EZRaman Reader  V8.2.0 MV' in 'dict_keys([])'
12.12 10:12:19 Scanning 162 point from 221
12.12 10:12:19 Going to coordinates X=-14.682, Y=-38.956
12.12 10:12:19 Moving is finished
12.12 10:12:25 Could not find 'EZRaman Reader  V8.2.0 MV' in 'dict_keys([])'
12.12 10:12:30 Could not find 'EZRaman Reader  V8.2.0 MV' in 'dict_keys([])'
12.12 10:12:31 Scanning 163 point from 221
12.12 10:12:31 Going to coordinates X=-14.582, Y=-38.956
12.12 10:12:31 Moving is finished
12.12 10:12:38 Could not find 'EZRaman Reader  V8.2.0 MV' in 'dict_keys([])'
12.12 10:12:43 Could not find 'EZRaman Reader  V8.2.0 MV' in 'dict_keys([])'
12.12 10:12:43 Scanning 164 point from 221
12.12 10:12:43 Going to coordinates X=-14.482, Y=-38.956
12.12 10:12:44 Moving is finished
12.12 10:12:50 Could not find 'EZRaman Reader  V8.2.0 MV' in 'dict_keys([])'
12.12 10:12:55 Could not find 'EZRaman Reader  V8.2.0 MV' in 'dict_keys([])'
12.12 10:12:55 Scanning 165 point from 221
12.12 10:12:55 Going to coordinates X=-14.382, Y=-38.956
12.12 10:12:56 Moving is finished
12.12 10:13:02 Could not find 'EZRaman Reader  V8.2.0 MV' in 'dict_keys([])'
12.12 10:13:07 Could not find 'EZRaman Reader  V8.2.0 MV' in 'dict_keys([])'
12.12 10:13:08 Scanning 166 point from 221
12.12 10:13:08 Going to coordinates X=-14.282, Y=-38.956
12.12 10:13:08 Moving is finished
12.12 10:13:14 Could not find 'EZRaman Reader  V8.2.0 MV' in 'dict_keys([])'
12.12 10:13:19 Could not find 'EZRaman Reader  V8.2.0 MV' in 'dict_keys([])'
12.12 10:13:20 Scanning 167 point from 221
12.12 10:13:20 Going to coordinates X=-14.182, Y=-38.956
12.12 10:13:20 Moving is finished
12.12 10:13:26 Could not find 'EZRaman Reader  V8.2.0 MV' in 'dict_keys([])'
12.12 10:13:31 Could not find 'EZRaman Reader  V8.2.0 MV' in 'dict_keys([])'
12.12 10:13:32 Scanning 168 point from 221
12.12 10:13:32 Going to coordinates X=-14.082, Y=-38.956
12.12 10:13:32 Moving is finished
12.12 10:13:38 Could not find 'EZRaman Reader  V8.2.0 MV' in 'dict_keys([])'
12.12 10:13:43 Could not find 'EZRaman Reader  V8.2.0 MV' in 'dict_keys([])'
12.12 10:13:44 Scanning 169 point from 221
12.12 10:13:44 Going to coordinates X=-13.982, Y=-38.956
12.12 10:13:44 Moving is finished
12.12 10:13:50 Could not find 'EZRaman Reader  V8.2.0 MV' in 'dict_keys([])'
12.12 10:13:55 Could not find 'EZRaman Reader  V8.2.0 MV' in 'dict_keys([])'
12.12 10:13:56 Scanning 170 point from 221
12.12 10:13:56 Going to coordinates X=-15.582, Y=-38.856
12.12 10:13:57 Moving is finished
12.12 10:14:03 Could not find 'EZRaman Reader  V8.2.0 MV' in 'dict_keys([])'
12.12 10:14:08 Could not find 'EZRaman Reader  V8.2.0 MV' in 'dict_keys([])'
12.12 10:14:09 Scanning 171 point from 221
12.12 10:14:09 Going to coordinates X=-15.482, Y=-38.856
12.12 10:14:09 Moving is finished
12.12 10:14:15 Could not find 'EZRaman Reader  V8.2.0 MV' in 'dict_keys([])'
12.12 10:14:20 Could not find 'EZRaman Reader  V8.2.0 MV' in 'dict_keys([])'
12.12 10:14:21 Scanning 172 point from 221
12.12 10:14:21 Going to coordinates X=-15.382, Y=-38.856
12.12 10:14:21 Moving is finished
12.12 10:14:27 Could not find 'EZRaman Reader  V8.2.0 MV' in 'dict_keys([])'
12.12 10:14:32 Could not find 'EZRaman Reader  V8.2.0 MV' in 'dict_keys([])'
12.12 10:14:33 Scanning 173 point from 221
12.12 10:14:33 Going to coordinates X=-15.282, Y=-38.856
12.12 10:14:33 Moving is finished
12.12 10:14:39 Could not find 'EZRaman Reader  V8.2.0 MV' in 'dict_keys([])'
12.12 10:14:44 Could not find 'EZRaman Reader  V8.2.0 MV' in 'dict_keys([])'
12.12 10:14:45 Scanning 174 point from 221
12.12 10:14:45 Going to coordinates X=-15.182, Y=-38.856
12.12 10:14:45 Moving is finished
12.12 10:14:51 Could not find 'EZRaman Reader  V8.2.0 MV' in 'dict_keys([])'
12.12 10:14:56 Could not find 'EZRaman Reader  V8.2.0 MV' in 'dict_keys([])'
12.12 10:14:57 Scanning 175 point from 221
12.12 10:14:57 Going to coordinates X=-15.082, Y=-38.856
12.12 10:14:57 Moving is finished
12.12 10:15:03 Could not find 'EZRaman Reader  V8.2.0 MV' in 'dict_keys([])'
12.12 10:15:08 Could not find 'EZRaman Reader  V8.2.0 MV' in 'dict_keys([])'
12.12 10:15:09 Scanning 176 point from 221
12.12 10:15:09 Going to coordinates X=-14.982, Y=-38.856
12.12 10:15:09 Moving is finished
12.12 10:15:15 Could not find 'EZRaman Reader  V8.2.0 MV' in 'dict_keys([])'
12.12 10:15:20 Could not find 'EZRaman Reader  V8.2.0 MV' in 'dict_keys([])'
12.12 10:15:21 Scanning 177 point from 221
12.12 10:15:21 Going to coordinates X=-14.882, Y=-38.856
12.12 10:15:21 Moving is finished
12.12 10:15:27 Could not find 'EZRaman Reader  V8.2.0 MV' in 'dict_keys([])'
12.12 10:15:33 Could not find 'EZRaman Reader  V8.2.0 MV' in 'dict_keys([])'
12.12 10:15:33 Scanning 178 point from 221
12.12 10:15:33 Going to coordinates X=-14.782, Y=-38.856
12.12 10:15:34 Moving is finished
12.12 10:15:40 Could not find 'EZRaman Reader  V8.2.0 MV' in 'dict_keys([])'
12.12 10:15:45 Could not find 'EZRaman Reader  V8.2.0 MV' in 'dict_keys([])'
12.12 10:15:45 Scanning 179 point from 221
12.12 10:15:45 Going to coordinates X=-14.682, Y=-38.856
12.12 10:15:46 Moving is finished
12.12 10:15:52 Could not find 'EZRaman Reader  V8.2.0 MV' in 'dict_keys([])'
12.12 10:15:57 Could not find 'EZRaman Reader  V8.2.0 MV' in 'dict_keys([])'
12.12 10:15:57 Scanning 180 point from 221
12.12 10:15:57 Going to coordinates X=-14.582, Y=-38.856
12.12 10:15:58 Moving is finished
12.12 10:16:04 Could not find 'EZRaman Reader  V8.2.0 MV' in 'dict_keys([])'
12.12 10:16:09 Could not find 'EZRaman Reader  V8.2.0 MV' in 'dict_keys([])'
12.12 10:16:10 Scanning 181 point from 221
12.12 10:16:10 Going to coordinates X=-14.482, Y=-38.856
12.12 10:16:10 Moving is finished
12.12 10:16:16 Could not find 'EZRaman Reader  V8.2.0 MV' in 'dict_keys([])'
12.12 10:16:21 Could not find 'EZRaman Reader  V8.2.0 MV' in 'dict_keys([])'
12.12 10:16:22 Scanning 182 point from 221
12.12 10:16:22 Going to coordinates X=-14.382, Y=-38.856
12.12 10:16:22 Moving is finished
12.12 10:16:28 Could not find 'EZRaman Reader  V8.2.0 MV' in 'dict_keys([])'
12.12 10:16:33 Could not find 'EZRaman Reader  V8.2.0 MV' in 'dict_keys([])'
12.12 10:16:34 Scanning 183 point from 221
12.12 10:16:34 Going to coordinates X=-14.282, Y=-38.856
12.12 10:16:34 Moving is finished
12.12 10:16:40 Could not find 'EZRaman Reader  V8.2.0 MV' in 'dict_keys([])'
12.12 10:16:45 Could not find 'EZRaman Reader  V8.2.0 MV' in 'dict_keys([])'
12.12 10:16:46 Scanning 184 point from 221
12.12 10:16:46 Going to coordinates X=-14.182, Y=-38.856
12.12 10:16:46 Moving is finished
12.12 10:16:52 Could not find 'EZRaman Reader  V8.2.0 MV' in 'dict_keys([])'
12.12 10:16:57 Could not find 'EZRaman Reader  V8.2.0 MV' in 'dict_keys([])'
12.12 10:16:58 Scanning 185 point from 221
12.12 10:16:58 Going to coordinates X=-14.082, Y=-38.856
12.12 10:16:58 Moving is finished
12.12 10:17:04 Could not find 'EZRaman Reader  V8.2.0 MV' in 'dict_keys([])'
12.12 10:17:09 Could not find 'EZRaman Reader  V8.2.0 MV' in 'dict_keys([])'
12.12 10:17:10 Scanning 186 point from 221
12.12 10:17:10 Going to coordinates X=-13.982, Y=-38.856
12.12 10:17:10 Moving is finished
12.12 10:17:17 Could not find 'EZRaman Reader  V8.2.0 MV' in 'dict_keys([])'
12.12 10:17:22 Could not find 'EZRaman Reader  V8.2.0 MV' in 'dict_keys([])'
12.12 10:17:22 Scanning 187 point from 221
12.12 10:17:22 Going to coordinates X=-15.582, Y=-38.756
12.12 10:17:23 Moving is finished
12.12 10:17:29 Could not find 'EZRaman Reader  V8.2.0 MV' in 'dict_keys([])'
12.12 10:17:34 Could not find 'EZRaman Reader  V8.2.0 MV' in 'dict_keys([])'
12.12 10:17:35 Scanning 188 point from 221
12.12 10:17:35 Going to coordinates X=-15.482, Y=-38.756
12.12 10:17:35 Moving is finished
12.12 10:17:41 Could not find 'EZRaman Reader  V8.2.0 MV' in 'dict_keys([])'
12.12 10:17:46 Could not find 'EZRaman Reader  V8.2.0 MV' in 'dict_keys([])'
12.12 10:17:47 Scanning 189 point from 221
12.12 10:17:47 Going to coordinates X=-15.382, Y=-38.756
12.12 10:17:47 Moving is finished
12.12 10:17:53 Could not find 'EZRaman Reader  V8.2.0 MV' in 'dict_keys([])'
12.12 10:17:58 Could not find 'EZRaman Reader  V8.2.0 MV' in 'dict_keys([])'
12.12 10:17:59 Scanning 190 point from 221
12.12 10:17:59 Going to coordinates X=-15.282, Y=-38.756
12.12 10:17:59 Moving is finished
12.12 10:18:05 Could not find 'EZRaman Reader  V8.2.0 MV' in 'dict_keys([])'
12.12 10:18:10 Could not find 'EZRaman Reader  V8.2.0 MV' in 'dict_keys([])'
12.12 10:18:11 Scanning 191 point from 221
12.12 10:18:11 Going to coordinates X=-15.182, Y=-38.756
12.12 10:18:11 Moving is finished
12.12 10:18:17 Could not find 'EZRaman Reader  V8.2.0 MV' in 'dict_keys([])'
12.12 10:18:23 Could not find 'EZRaman Reader  V8.2.0 MV' in 'dict_keys([])'
12.12 10:18:23 Scanning 192 point from 221
12.12 10:18:23 Going to coordinates X=-15.082, Y=-38.756
12.12 10:18:23 Moving is finished
12.12 10:18:30 Could not find 'EZRaman Reader  V8.2.0 MV' in 'dict_keys([])'
12.12 10:18:35 Could not find 'EZRaman Reader  V8.2.0 MV' in 'dict_keys([])'
12.12 10:18:35 Scanning 193 point from 221
12.12 10:18:35 Going to coordinates X=-14.982, Y=-38.756
12.12 10:18:36 Moving is finished
12.12 10:18:42 Could not find 'EZRaman Reader  V8.2.0 MV' in 'dict_keys([])'
12.12 10:18:47 Could not find 'EZRaman Reader  V8.2.0 MV' in 'dict_keys([])'
12.12 10:18:47 Scanning 194 point from 221
12.12 10:18:47 Going to coordinates X=-14.882, Y=-38.756
12.12 10:18:48 Moving is finished
12.12 10:18:54 Could not find 'EZRaman Reader  V8.2.0 MV' in 'dict_keys([])'
12.12 10:18:59 Could not find 'EZRaman Reader  V8.2.0 MV' in 'dict_keys([])'
12.12 10:19:00 Scanning 195 point from 221
12.12 10:19:00 Going to coordinates X=-14.782, Y=-38.756
12.12 10:19:00 Moving is finished
12.12 10:19:06 Could not find 'EZRaman Reader  V8.2.0 MV' in 'dict_keys([])'
12.12 10:19:11 Could not find 'EZRaman Reader  V8.2.0 MV' in 'dict_keys([])'
12.12 10:19:12 Scanning 196 point from 221
12.12 10:19:12 Going to coordinates X=-14.682, Y=-38.756
12.12 10:19:12 Moving is finished
12.12 10:19:18 Could not find 'EZRaman Reader  V8.2.0 MV' in 'dict_keys([])'
12.12 10:19:23 Could not find 'EZRaman Reader  V8.2.0 MV' in 'dict_keys([])'
12.12 10:19:24 Scanning 197 point from 221
12.12 10:19:24 Going to coordinates X=-14.582, Y=-38.756
12.12 10:19:24 Moving is finished
12.12 10:19:30 Could not find 'EZRaman Reader  V8.2.0 MV' in 'dict_keys([])'
12.12 10:19:35 Could not find 'EZRaman Reader  V8.2.0 MV' in 'dict_keys([])'
12.12 10:19:36 Scanning 198 point from 221
12.12 10:19:36 Going to coordinates X=-14.482, Y=-38.756
12.12 10:19:36 Moving is finished
12.12 10:19:43 Could not find 'EZRaman Reader  V8.2.0 MV' in 'dict_keys([])'
12.12 10:19:48 Could not find 'EZRaman Reader  V8.2.0 MV' in 'dict_keys([])'
12.12 10:19:48 Scanning 199 point from 221
12.12 10:19:48 Going to coordinates X=-14.382, Y=-38.756
12.12 10:19:49 Moving is finished
12.12 10:19:55 Could not find 'EZRaman Reader  V8.2.0 MV' in 'dict_keys([])'
12.12 10:20:00 Could not find 'EZRaman Reader  V8.2.0 MV' in 'dict_keys([])'
12.12 10:20:00 Scanning 200 point from 221
12.12 10:20:00 Going to coordinates X=-14.282, Y=-38.756
12.12 10:20:01 Moving is finished
12.12 10:20:07 Could not find 'EZRaman Reader  V8.2.0 MV' in 'dict_keys([])'
12.12 10:20:12 Could not find 'EZRaman Reader  V8.2.0 MV' in 'dict_keys([])'
12.12 10:20:13 Scanning 201 point from 221
12.12 10:20:13 Going to coordinates X=-14.182, Y=-38.756
12.12 10:20:13 Moving is finished
12.12 10:20:19 Could not find 'EZRaman Reader  V8.2.0 MV' in 'dict_keys([])'
12.12 10:20:24 Could not find 'EZRaman Reader  V8.2.0 MV' in 'dict_keys([])'
12.12 10:20:25 Scanning 202 point from 221
12.12 10:20:25 Going to coordinates X=-14.082, Y=-38.756
12.12 10:20:25 Moving is finished
12.12 10:20:31 Could not find 'EZRaman Reader  V8.2.0 MV' in 'dict_keys([])'
12.12 10:20:36 Could not find 'EZRaman Reader  V8.2.0 MV' in 'dict_keys([])'
12.12 10:20:37 Scanning 203 point from 221
12.12 10:20:37 Going to coordinates X=-13.982, Y=-38.756
12.12 10:20:37 Moving is finished
12.12 10:22:49 Scanning 204 point from 221
12.12 10:22:49 Going to coordinates X=-15.582, Y=-38.656
12.12 10:22:50 Moving is finished
12.12 10:24:58 Scanning 205 point from 221
12.12 10:24:58 Going to coordinates X=-15.482, Y=-38.656
12.12 10:24:58 Moving is finished
12.12 10:27:06 Scanning 206 point from 221
12.12 10:27:06 Going to coordinates X=-15.382, Y=-38.656
12.12 10:27:07 Moving is finished
12.12 10:29:15 Scanning 207 point from 221
12.12 10:29:15 Going to coordinates X=-15.282, Y=-38.656
12.12 10:29:15 Moving is finished
12.12 10:31:23 Scanning 208 point from 221
12.12 10:31:23 Going to coordinates X=-15.182, Y=-38.656
12.12 10:31:24 Moving is finished
12.12 10:33:31 Scanning 209 point from 221
12.12 10:33:31 Going to coordinates X=-15.082, Y=-38.656
12.12 10:33:32 Moving is finished
12.12 10:35:40 Scanning 210 point from 221
12.12 10:35:40 Going to coordinates X=-14.982, Y=-38.656
12.12 10:35:41 Moving is finished
12.12 10:37:49 Scanning 211 point from 221
12.12 10:37:49 Going to coordinates X=-14.882, Y=-38.656
12.12 10:37:49 Moving is finished
12.12 10:39:57 Scanning 212 point from 221
12.12 10:39:57 Going to coordinates X=-14.782, Y=-38.656
12.12 10:39:57 Moving is finished
12.12 10:42:05 Scanning 213 point from 221
12.12 10:42:05 Going to coordinates X=-14.682, Y=-38.656
12.12 10:42:05 Moving is finished
12.12 10:44:14 Scanning 214 point from 221
12.12 10:44:14 Going to coordinates X=-14.582, Y=-38.656
12.12 10:44:14 Moving is finished
12.12 10:46:23 Scanning 215 point from 221
12.12 10:46:23 Going to coordinates X=-14.482, Y=-38.656
12.12 10:46:23 Moving is finished
12.12 10:48:31 Scanning 216 point from 221
12.12 10:48:31 Going to coordinates X=-14.382, Y=-38.656
12.12 10:48:31 Moving is finished
12.12 10:50:40 Scanning 217 point from 221
12.12 10:50:40 Going to coordinates X=-14.282, Y=-38.656
12.12 10:50:40 Moving is finished
12.12 10:52:48 Scanning 218 point from 221
12.12 10:52:48 Going to coordinates X=-14.182, Y=-38.656
12.12 10:52:48 Moving is finished
12.12 10:54:56 Scanning 219 point from 221
12.12 10:54:56 Going to coordinates X=-14.082, Y=-38.656
12.12 10:54:57 Moving is finished
12.12 10:57:05 Scanning 220 point from 221
12.12 10:57:05 Going to coordinates X=-13.982, Y=-38.656
12.12 10:57:05 Moving is finished
12.12 11:00:52 Row 0: 12.12 11:00:52 Map: x1: -10.625, y1: -38.913, x2: -12.346, y2: -37.569, xres: 0.100, yres: 0.100, fname: Mart-Glus-Sol1-B
12.12 11:00:52 Scanning 0 point from 285
12.12 11:00:52 Going to coordinates X=-12.346, Y=-38.913
12.12 11:00:53 Moving is finished
12.12 11:03:01 Scanning 1 point from 285
12.12 11:03:01 Going to coordinates X=-12.246, Y=-38.913
12.12 11:03:01 Moving is finished
12.12 11:05:09 Scanning 2 point from 285
12.12 11:05:09 Going to coordinates X=-12.146, Y=-38.913
12.12 11:05:10 Moving is finished
12.12 11:07:18 Scanning 3 point from 285
12.12 11:07:18 Going to coordinates X=-12.046, Y=-38.913
12.12 11:07:19 Moving is finished
12.12 11:09:26 Scanning 4 point from 285
12.12 11:09:26 Going to coordinates X=-11.946, Y=-38.913
12.12 11:09:27 Moving is finished
12.12 11:11:35 Scanning 5 point from 285
12.12 11:11:35 Going to coordinates X=-11.846, Y=-38.913
12.12 11:11:36 Moving is finished
12.12 11:13:44 Scanning 6 point from 285
12.12 11:13:44 Going to coordinates X=-11.746, Y=-38.913
12.12 11:13:44 Moving is finished
12.12 11:15:52 Scanning 7 point from 285
12.12 11:15:52 Going to coordinates X=-11.646, Y=-38.913
12.12 11:15:52 Moving is finished
12.12 11:18:01 Scanning 8 point from 285
12.12 11:18:01 Going to coordinates X=-11.546, Y=-38.913
12.12 11:18:01 Moving is finished
12.12 11:20:09 Scanning 9 point from 285
12.12 11:20:09 Going to coordinates X=-11.446, Y=-38.913
12.12 11:20:09 Moving is finished
12.12 11:22:18 Scanning 10 point from 285
12.12 11:22:18 Going to coordinates X=-11.346, Y=-38.913
12.12 11:22:18 Moving is finished
12.12 11:24:26 Scanning 11 point from 285
12.12 11:24:26 Going to coordinates X=-11.246, Y=-38.913
12.12 11:24:27 Moving is finished
12.12 11:26:36 Scanning 12 point from 285
12.12 11:26:36 Going to coordinates X=-11.146, Y=-38.913
12.12 11:26:36 Moving is finished
12.12 11:28:44 Scanning 13 point from 285
12.12 11:28:44 Going to coordinates X=-11.046, Y=-38.913
12.12 11:28:44 Moving is finished
12.12 11:30:53 Scanning 14 point from 285
12.12 11:30:53 Going to coordinates X=-10.946, Y=-38.913
12.12 11:30:53 Moving is finished
12.12 11:33:01 Scanning 15 point from 285
12.12 11:33:01 Going to coordinates X=-10.846, Y=-38.913
12.12 11:33:01 Moving is finished
12.12 11:35:09 Scanning 16 point from 285
12.12 11:35:09 Going to coordinates X=-10.746, Y=-38.913
12.12 11:35:10 Moving is finished
12.12 11:37:17 Scanning 17 point from 285
12.12 11:37:17 Going to coordinates X=-10.646, Y=-38.913
12.12 11:37:18 Moving is finished
12.12 11:39:26 Scanning 18 point from 285
12.12 11:39:26 Going to coordinates X=-10.546, Y=-38.913
12.12 11:39:26 Moving is finished
12.12 11:41:34 Scanning 19 point from 285
12.12 11:41:34 Going to coordinates X=-12.346, Y=-38.813
12.12 11:41:35 Moving is finished
12.12 11:43:43 Scanning 20 point from 285
12.12 11:43:43 Going to coordinates X=-12.246, Y=-38.813
12.12 11:43:43 Moving is finished
12.12 11:45:51 Scanning 21 point from 285
12.12 11:45:51 Going to coordinates X=-12.146, Y=-38.813
12.12 11:45:52 Moving is finished
12.12 11:48:00 Scanning 22 point from 285
12.12 11:48:00 Going to coordinates X=-12.046, Y=-38.813
12.12 11:48:00 Moving is finished
