31.05 17:28:27 Initializing grbl...
31.05 17:28:27 Got the response: b''
31.05 17:29:58 Row 0: 31.05 17:29:58 Map: x1: -28.493, y1: -38.0, x2: -27.58, y2: -38.526, xres: 0.100, yres: 0.100, fname: vemseranh2
31.05 17:29:58 Scanning 0 point from 77
31.05 17:29:58 Going to coordinates X=-28.493, Y=-38.526
31.05 17:29:58 Moving is finished
31.05 17:31:35 Scanning 1 point from 77
31.05 17:31:35 Going to coordinates X=-28.393, Y=-38.526
31.05 17:31:36 Moving is finished
31.05 17:33:12 Scanning 2 point from 77
31.05 17:33:12 Going to coordinates X=-28.293, Y=-38.526
31.05 17:33:12 Moving is finished
31.05 17:34:49 Scanning 3 point from 77
31.05 17:34:49 Going to coordinates X=-28.193, Y=-38.526
31.05 17:34:49 Moving is finished
31.05 17:36:26 Scanning 4 point from 77
31.05 17:36:26 Going to coordinates X=-28.093, Y=-38.526
31.05 17:36:27 Moving is finished
31.05 17:38:04 Scanning 5 point from 77
31.05 17:38:04 Going to coordinates X=-27.993, Y=-38.526
31.05 17:38:04 Moving is finished
31.05 17:39:41 Scanning 6 point from 77
31.05 17:39:41 Going to coordinates X=-27.893, Y=-38.526
31.05 17:39:41 Moving is finished
31.05 17:41:18 Scanning 7 point from 77
31.05 17:41:18 Going to coordinates X=-27.793, Y=-38.526
31.05 17:41:18 Moving is finished
31.05 17:42:55 Scanning 8 point from 77
31.05 17:42:55 Going to coordinates X=-27.693, Y=-38.526
31.05 17:42:55 Moving is finished
31.05 17:44:32 Scanning 9 point from 77
31.05 17:44:32 Going to coordinates X=-27.593, Y=-38.526
31.05 17:44:32 Moving is finished
31.05 17:46:09 Scanning 10 point from 77
31.05 17:46:09 Going to coordinates X=-27.493, Y=-38.526
31.05 17:46:09 Moving is finished
31.05 17:47:46 Scanning 11 point from 77
31.05 17:47:46 Going to coordinates X=-28.493, Y=-38.426
31.05 17:47:47 Moving is finished
31.05 17:49:24 Scanning 12 point from 77
31.05 17:49:24 Going to coordinates X=-28.393, Y=-38.426
31.05 17:49:24 Moving is finished
31.05 17:51:01 Scanning 13 point from 77
31.05 17:51:01 Going to coordinates X=-28.293, Y=-38.426
31.05 17:51:01 Moving is finished
31.05 17:52:38 Scanning 14 point from 77
31.05 17:52:38 Going to coordinates X=-28.193, Y=-38.426
31.05 17:52:38 Moving is finished
31.05 17:54:15 Scanning 15 point from 77
31.05 17:54:15 Going to coordinates X=-28.093, Y=-38.426
31.05 17:54:15 Moving is finished
31.05 17:55:52 Scanning 16 point from 77
31.05 17:55:52 Going to coordinates X=-27.993, Y=-38.426
31.05 17:55:52 Moving is finished
31.05 17:57:28 Scanning 17 point from 77
31.05 17:57:28 Going to coordinates X=-27.893, Y=-38.426
31.05 17:57:28 Moving is finished
31.05 17:59:05 Scanning 18 point from 77
31.05 17:59:05 Going to coordinates X=-27.793, Y=-38.426
31.05 17:59:05 Moving is finished
31.05 18:00:42 Scanning 19 point from 77
31.05 18:00:42 Going to coordinates X=-27.693, Y=-38.426
31.05 18:00:42 Moving is finished
31.05 18:02:18 Scanning 20 point from 77
31.05 18:02:18 Going to coordinates X=-27.593, Y=-38.426
31.05 18:02:19 Moving is finished
31.05 18:03:56 Scanning 21 point from 77
31.05 18:03:56 Going to coordinates X=-27.493, Y=-38.426
31.05 18:03:56 Moving is finished
31.05 18:05:33 Scanning 22 point from 77
31.05 18:05:33 Going to coordinates X=-28.493, Y=-38.326
31.05 18:05:33 Moving is finished
31.05 18:07:10 Scanning 23 point from 77
31.05 18:07:10 Going to coordinates X=-28.393, Y=-38.326
31.05 18:07:10 Moving is finished
31.05 18:08:47 Scanning 24 point from 77
31.05 18:08:47 Going to coordinates X=-28.293, Y=-38.326
31.05 18:08:47 Moving is finished
31.05 18:10:24 Scanning 25 point from 77
31.05 18:10:24 Going to coordinates X=-28.193, Y=-38.326
31.05 18:10:24 Moving is finished
31.05 18:12:01 Scanning 26 point from 77
31.05 18:12:01 Going to coordinates X=-28.093, Y=-38.326
31.05 18:12:01 Moving is finished
31.05 18:13:38 Scanning 27 point from 77
31.05 18:13:38 Going to coordinates X=-27.993, Y=-38.326
31.05 18:13:38 Moving is finished
31.05 18:15:15 Scanning 28 point from 77
31.05 18:15:15 Going to coordinates X=-27.893, Y=-38.326
31.05 18:15:15 Moving is finished
31.05 18:16:52 Scanning 29 point from 77
31.05 18:16:52 Going to coordinates X=-27.793, Y=-38.326
31.05 18:16:53 Moving is finished
31.05 18:18:29 Scanning 30 point from 77
31.05 18:18:29 Going to coordinates X=-27.693, Y=-38.326
31.05 18:18:29 Moving is finished
31.05 18:20:06 Scanning 31 point from 77
31.05 18:20:06 Going to coordinates X=-27.593, Y=-38.326
31.05 18:20:06 Moving is finished
31.05 18:21:43 Scanning 32 point from 77
31.05 18:21:43 Going to coordinates X=-27.493, Y=-38.326
31.05 18:21:43 Moving is finished
31.05 18:23:20 Scanning 33 point from 77
31.05 18:23:20 Going to coordinates X=-28.493, Y=-38.226
31.05 18:23:21 Moving is finished
31.05 18:24:57 Scanning 34 point from 77
31.05 18:24:57 Going to coordinates X=-28.393, Y=-38.226
31.05 18:24:57 Moving is finished
31.05 18:26:34 Scanning 35 point from 77
31.05 18:26:34 Going to coordinates X=-28.293, Y=-38.226
31.05 18:26:34 Moving is finished
31.05 18:28:11 Scanning 36 point from 77
31.05 18:28:11 Going to coordinates X=-28.193, Y=-38.226
31.05 18:28:11 Moving is finished
31.05 18:29:47 Scanning 37 point from 77
31.05 18:29:47 Going to coordinates X=-28.093, Y=-38.226
31.05 18:29:48 Moving is finished
31.05 18:31:24 Scanning 38 point from 77
31.05 18:31:24 Going to coordinates X=-27.993, Y=-38.226
31.05 18:31:24 Moving is finished
31.05 18:31:27 Stopped!
31.05 18:33:35 Can't send the command to GRBL
31.05 18:33:35 Write timeout31.05 18:33:35 Write timeout

31.05 18:37:15 Row 0: 31.05 18:37:15 Map: x1: -32.327, y1: -38.948, x2: -34.156, y2: -38.33, xres: 0.040, yres: 0.040, fname: vemseranh2
31.05 18:37:15 Scanning 0 point from 799
31.05 18:37:15 Going to coordinates X=-34.156, Y=-38.948
31.05 18:37:15 Moving is finished
31.05 18:38:52 Scanning 1 point from 799
31.05 18:38:52 Going to coordinates X=-34.116, Y=-38.948
31.05 18:38:53 Moving is finished
31.05 18:40:29 Scanning 2 point from 799
31.05 18:40:29 Going to coordinates X=-34.076, Y=-38.948
31.05 18:40:30 Moving is finished
31.05 18:42:06 Scanning 3 point from 799
31.05 18:42:06 Going to coordinates X=-34.036, Y=-38.948
31.05 18:42:06 Moving is finished
31.05 18:43:43 Scanning 4 point from 799
31.05 18:43:43 Going to coordinates X=-33.996, Y=-38.948
31.05 18:43:43 Moving is finished
31.05 18:45:20 Scanning 5 point from 799
31.05 18:45:20 Going to coordinates X=-33.956, Y=-38.948
31.05 18:45:20 Moving is finished
31.05 19:24:19 Scanning 6 point from 799
31.05 19:24:19 Going to coordinates X=-33.916, Y=-38.948
31.05 19:24:19 Moving is finished
31.05 19:25:56 Scanning 7 point from 799
31.05 19:25:56 Going to coordinates X=-33.876, Y=-38.948
31.05 19:25:56 Moving is finished
31.05 20:04:30 Scanning 8 point from 799
31.05 20:04:30 Going to coordinates X=-33.836, Y=-38.948
31.05 20:04:31 Moving is finished
31.05 20:06:08 Scanning 9 point from 799
31.05 20:06:08 Going to coordinates X=-33.796, Y=-38.948
31.05 20:06:08 Moving is finished
31.05 20:07:45 Scanning 10 point from 799
31.05 20:07:45 Going to coordinates X=-33.756, Y=-38.948
31.05 20:07:45 Moving is finished
31.05 20:09:22 Scanning 11 point from 799
31.05 20:09:22 Going to coordinates X=-33.716, Y=-38.948
31.05 20:09:22 Moving is finished
31.05 20:10:59 Scanning 12 point from 799
31.05 20:10:59 Going to coordinates X=-33.676, Y=-38.948
31.05 20:10:59 Moving is finished
31.05 20:12:37 Scanning 13 point from 799
31.05 20:12:37 Going to coordinates X=-33.636, Y=-38.948
31.05 20:12:37 Moving is finished
31.05 20:51:33 Scanning 14 point from 799
31.05 20:51:33 Going to coordinates X=-33.596, Y=-38.948
31.05 20:51:34 Moving is finished
31.05 20:53:10 Scanning 15 point from 799
31.05 20:53:10 Going to coordinates X=-33.556, Y=-38.948
31.05 20:53:10 Moving is finished
31.05 21:31:44 Scanning 16 point from 799
31.05 21:31:44 Going to coordinates X=-33.516, Y=-38.948
31.05 21:31:44 Moving is finished
31.05 21:33:21 Scanning 17 point from 799
31.05 21:33:21 Going to coordinates X=-33.476, Y=-38.948
31.05 21:33:21 Moving is finished
31.05 21:34:57 Scanning 18 point from 799
31.05 21:34:57 Going to coordinates X=-33.436, Y=-38.948
31.05 21:34:57 Moving is finished
31.05 21:36:34 Scanning 19 point from 799
31.05 21:36:34 Going to coordinates X=-33.396, Y=-38.948
31.05 21:36:34 Moving is finished
31.05 21:38:11 Scanning 20 point from 799
31.05 21:38:11 Going to coordinates X=-33.356, Y=-38.948
31.05 21:38:11 Moving is finished
31.05 21:39:48 Scanning 21 point from 799
31.05 21:39:48 Going to coordinates X=-33.316, Y=-38.948
31.05 21:39:48 Moving is finished
31.05 22:18:44 Scanning 22 point from 799
31.05 22:18:44 Going to coordinates X=-33.276, Y=-38.948
31.05 22:18:45 Moving is finished
31.05 22:20:21 Scanning 23 point from 799
31.05 22:20:21 Going to coordinates X=-33.236, Y=-38.948
31.05 22:20:21 Moving is finished
31.05 22:21:58 Scanning 24 point from 799
31.05 22:21:58 Going to coordinates X=-33.196, Y=-38.948
31.05 22:21:58 Moving is finished
31.05 22:23:35 Scanning 25 point from 799
31.05 22:23:35 Going to coordinates X=-33.156, Y=-38.948
31.05 22:23:36 Moving is finished
31.05 22:25:13 Scanning 26 point from 799
31.05 22:25:13 Going to coordinates X=-33.116, Y=-38.948
31.05 22:25:13 Moving is finished
31.05 22:26:50 Scanning 27 point from 799
31.05 22:26:50 Going to coordinates X=-33.076, Y=-38.948
31.05 22:26:50 Moving is finished
31.05 22:28:27 Scanning 28 point from 799
31.05 22:28:27 Going to coordinates X=-33.036, Y=-38.948
31.05 22:28:27 Moving is finished
31.05 22:30:04 Scanning 29 point from 799
31.05 22:30:04 Going to coordinates X=-32.996, Y=-38.948
31.05 22:30:04 Moving is finished
31.05 22:31:41 Scanning 30 point from 799
31.05 22:31:41 Going to coordinates X=-32.956, Y=-38.948
31.05 22:31:42 Moving is finished
31.05 22:33:18 Scanning 31 point from 799
31.05 22:33:18 Going to coordinates X=-32.916, Y=-38.948
31.05 22:33:19 Moving is finished
31.05 22:34:56 Scanning 32 point from 799
31.05 22:34:56 Going to coordinates X=-32.876, Y=-38.948
31.05 22:34:56 Moving is finished
31.05 22:36:33 Scanning 33 point from 799
31.05 22:36:33 Going to coordinates X=-32.836, Y=-38.948
31.05 22:36:33 Moving is finished
31.05 23:15:06 Scanning 34 point from 799
31.05 23:15:06 Going to coordinates X=-32.796, Y=-38.948
31.05 23:15:06 Moving is finished
31.05 23:16:43 Scanning 35 point from 799
31.05 23:16:43 Going to coordinates X=-32.756, Y=-38.948
31.05 23:16:43 Moving is finished
31.05 23:56:01 Scanning 36 point from 799
31.05 23:56:01 Going to coordinates X=-32.716, Y=-38.948
31.05 23:56:01 Moving is finished
01.06 00:35:01 Scanning 37 point from 799
01.06 00:35:01 Going to coordinates X=-32.676, Y=-38.948
01.06 00:35:01 Moving is finished
01.06 00:45:15 Scanning 38 point from 799
01.06 00:45:15 Going to coordinates X=-32.636, Y=-38.948
01.06 00:45:15 Moving is finished
01.06 01:24:33 Scanning 39 point from 799
01.06 01:24:33 Going to coordinates X=-32.596, Y=-38.948
01.06 01:24:33 Moving is finished
01.06 01:26:10 Scanning 40 point from 799
01.06 01:26:10 Going to coordinates X=-32.556, Y=-38.948
01.06 01:26:10 Moving is finished
01.06 01:27:47 Scanning 41 point from 799
01.06 01:27:47 Going to coordinates X=-32.516, Y=-38.948
01.06 01:27:47 Moving is finished
01.06 02:06:32 Scanning 42 point from 799
01.06 02:06:32 Going to coordinates X=-32.476, Y=-38.948
01.06 02:06:32 Moving is finished
01.06 02:08:09 Scanning 43 point from 799
01.06 02:08:09 Going to coordinates X=-32.436, Y=-38.948
01.06 02:08:09 Moving is finished
01.06 02:09:45 Scanning 44 point from 799
01.06 02:09:45 Going to coordinates X=-32.396, Y=-38.948
01.06 02:09:46 Moving is finished
01.06 02:24:11 Scanning 45 point from 799
01.06 02:24:11 Going to coordinates X=-32.356, Y=-38.948
01.06 02:24:11 Moving is finished
01.06 03:03:10 Scanning 46 point from 799
01.06 03:03:10 Going to coordinates X=-32.316, Y=-38.948
01.06 03:03:10 Moving is finished
01.06 03:04:47 Scanning 47 point from 799
01.06 03:04:47 Going to coordinates X=-34.156, Y=-38.908
01.06 03:04:48 Moving is finished
01.06 03:06:25 Scanning 48 point from 799
01.06 03:06:25 Going to coordinates X=-34.116, Y=-38.908
01.06 03:06:25 Moving is finished
01.06 03:08:02 Scanning 49 point from 799
01.06 03:08:02 Going to coordinates X=-34.076, Y=-38.908
01.06 03:08:02 Moving is finished
01.06 03:09:39 Scanning 50 point from 799
01.06 03:09:39 Going to coordinates X=-34.036, Y=-38.908
01.06 03:09:39 Moving is finished
01.06 03:48:56 Scanning 51 point from 799
01.06 03:48:56 Going to coordinates X=-33.996, Y=-38.908
01.06 03:48:56 Moving is finished
01.06 03:50:33 Scanning 52 point from 799
01.06 03:50:33 Going to coordinates X=-33.956, Y=-38.908
01.06 03:50:33 Moving is finished
01.06 03:52:09 Scanning 53 point from 799
01.06 03:52:09 Going to coordinates X=-33.916, Y=-38.908
01.06 03:52:09 Moving is finished
01.06 09:32:38 Scanning 54 point from 799
01.06 09:32:38 Going to coordinates X=-33.876, Y=-38.908
01.06 09:32:38 Moving is finished
01.06 09:34:15 Scanning 55 point from 799
01.06 09:34:15 Going to coordinates X=-33.836, Y=-38.908
01.06 09:34:15 Moving is finished
01.06 09:35:52 Scanning 56 point from 799
01.06 09:35:52 Going to coordinates X=-33.796, Y=-38.908
01.06 09:35:52 Moving is finished
01.06 09:37:29 Scanning 57 point from 799
01.06 09:37:29 Going to coordinates X=-33.756, Y=-38.908
01.06 09:37:29 Moving is finished
01.06 09:39:07 Scanning 58 point from 799
01.06 09:39:07 Going to coordinates X=-33.716, Y=-38.908
01.06 09:39:07 Moving is finished
01.06 09:40:44 Scanning 59 point from 799
01.06 09:40:44 Going to coordinates X=-33.676, Y=-38.908
01.06 09:40:44 Moving is finished
01.06 09:42:21 Scanning 60 point from 799
01.06 09:42:21 Going to coordinates X=-33.636, Y=-38.908
01.06 09:42:21 Moving is finished
01.06 10:54:44 Scanning 61 point from 799
01.06 10:54:44 Going to coordinates X=-33.596, Y=-38.908
01.06 10:54:45 Moving is finished
01.06 10:56:21 Scanning 62 point from 799
01.06 10:56:21 Going to coordinates X=-33.556, Y=-38.908
01.06 10:56:21 Moving is finished
01.06 10:57:58 Scanning 63 point from 799
01.06 10:57:58 Going to coordinates X=-33.516, Y=-38.908
01.06 10:57:58 Moving is finished
01.06 10:59:35 Scanning 64 point from 799
01.06 10:59:35 Going to coordinates X=-33.476, Y=-38.908
01.06 10:59:35 Moving is finished
01.06 11:38:41 Scanning 65 point from 799
01.06 11:38:41 Going to coordinates X=-33.436, Y=-38.908
01.06 11:38:42 Moving is finished
01.06 11:40:18 Scanning 66 point from 799
01.06 11:40:18 Going to coordinates X=-33.396, Y=-38.908
01.06 11:40:19 Moving is finished
01.06 12:18:53 Scanning 67 point from 799
01.06 12:18:53 Going to coordinates X=-33.356, Y=-38.908
01.06 12:18:53 Moving is finished
01.06 12:20:30 Scanning 68 point from 799
01.06 12:20:30 Going to coordinates X=-33.316, Y=-38.908
01.06 12:20:31 Moving is finished
01.06 12:22:08 Scanning 69 point from 799
01.06 12:22:08 Going to coordinates X=-33.276, Y=-38.908
01.06 12:22:08 Moving is finished
01.06 12:23:45 Scanning 70 point from 799
01.06 12:23:45 Going to coordinates X=-33.236, Y=-38.908
01.06 12:23:46 Moving is finished
01.06 12:25:22 Scanning 71 point from 799
01.06 12:25:22 Going to coordinates X=-33.196, Y=-38.908
01.06 12:25:23 Moving is finished
01.06 12:26:59 Scanning 72 point from 799
01.06 12:26:59 Going to coordinates X=-33.156, Y=-38.908
01.06 12:26:59 Moving is finished
01.06 12:28:36 Scanning 73 point from 799
01.06 12:28:36 Going to coordinates X=-33.116, Y=-38.908
01.06 12:28:37 Moving is finished
01.06 12:30:13 Scanning 74 point from 799
01.06 12:30:13 Going to coordinates X=-33.076, Y=-38.908
01.06 12:30:14 Moving is finished
01.06 12:40:28 Scanning 75 point from 799
01.06 12:40:28 Going to coordinates X=-33.036, Y=-38.908
01.06 12:40:28 Moving is finished
01.06 12:42:04 Scanning 76 point from 799
01.06 12:42:04 Going to coordinates X=-32.996, Y=-38.908
01.06 12:42:05 Moving is finished
01.06 12:53:18 Scanning 77 point from 799
01.06 12:53:18 Going to coordinates X=-32.956, Y=-38.908
01.06 12:53:18 Moving is finished
01.06 12:54:55 Scanning 78 point from 799
01.06 12:54:55 Going to coordinates X=-32.916, Y=-38.908
01.06 12:54:55 Moving is finished
01.06 13:33:30 Scanning 79 point from 799
01.06 13:33:30 Going to coordinates X=-32.876, Y=-38.908
01.06 13:33:30 Moving is finished
01.06 13:35:07 Scanning 80 point from 799
01.06 13:35:07 Going to coordinates X=-32.836, Y=-38.908
01.06 13:35:07 Moving is finished
01.06 14:13:41 Scanning 81 point from 799
01.06 14:13:41 Going to coordinates X=-32.796, Y=-38.908
01.06 14:13:42 Moving is finished
01.06 14:15:18 Scanning 82 point from 799
01.06 14:15:18 Going to coordinates X=-32.756, Y=-38.908
01.06 14:15:18 Moving is finished
01.06 14:16:55 Scanning 83 point from 799
01.06 14:16:55 Going to coordinates X=-32.716, Y=-38.908
01.06 14:16:55 Moving is finished
01.06 14:18:32 Scanning 84 point from 799
01.06 14:18:32 Going to coordinates X=-32.676, Y=-38.908
01.06 14:18:32 Moving is finished
