11.02 19:36:12 Initializing grbl...
11.02 19:36:13 Got the response: b''
11.02 19:40:12 Focused at  76
11.02 19:40:17 Focused at  96
11.02 19:41:21 Row 0: 11.02 19:41:21 Map: x1: -14.0, y1: -39.169, x2: -15.154, y2: -37.497, xres: 0.080, yres: 0.100, fname: M3-3
11.02 19:41:21 Scanning 0 point from 288
11.02 19:41:21 Going to coordinates X=-15.154, Y=-39.169
11.02 19:41:22 Moving is finished
11.02 19:43:07 Scanning 1 point from 288
11.02 19:43:07 Going to coordinates X=-15.074, Y=-39.169
11.02 19:43:07 Moving is finished
11.02 19:44:51 Scanning 2 point from 288
11.02 19:44:51 Going to coordinates X=-14.994, Y=-39.169
11.02 19:44:52 Moving is finished
11.02 19:46:37 Scanning 3 point from 288
11.02 19:46:37 Going to coordinates X=-14.914, Y=-39.169
11.02 19:46:37 Moving is finished
11.02 19:48:22 Scanning 4 point from 288
11.02 19:48:22 Going to coordinates X=-14.834, Y=-39.169
11.02 19:48:22 Moving is finished
11.02 19:50:07 Scanning 5 point from 288
11.02 19:50:07 Going to coordinates X=-14.754, Y=-39.169
11.02 19:50:07 Moving is finished
11.02 19:51:51 Scanning 6 point from 288
11.02 19:51:51 Going to coordinates X=-14.674, Y=-39.169
11.02 19:51:52 Moving is finished
11.02 19:53:36 Scanning 7 point from 288
11.02 19:53:36 Going to coordinates X=-14.594, Y=-39.169
11.02 19:53:36 Moving is finished
11.02 19:55:22 Scanning 8 point from 288
11.02 19:55:22 Going to coordinates X=-14.514, Y=-39.169
11.02 19:55:22 Moving is finished
11.02 19:57:06 Scanning 9 point from 288
11.02 19:57:06 Going to coordinates X=-14.434, Y=-39.169
11.02 19:57:07 Moving is finished
11.02 19:58:51 Scanning 10 point from 288
11.02 19:58:51 Going to coordinates X=-14.354, Y=-39.169
11.02 19:58:52 Moving is finished
11.02 20:00:36 Scanning 11 point from 288
11.02 20:00:36 Going to coordinates X=-14.274, Y=-39.169
11.02 20:00:37 Moving is finished
11.02 20:02:21 Scanning 12 point from 288
11.02 20:02:21 Going to coordinates X=-14.194, Y=-39.169
11.02 20:02:22 Moving is finished
11.02 20:04:06 Scanning 13 point from 288
11.02 20:04:06 Going to coordinates X=-14.114, Y=-39.169
11.02 20:04:06 Moving is finished
11.02 20:05:51 Scanning 14 point from 288
11.02 20:05:51 Going to coordinates X=-14.034, Y=-39.169
11.02 20:05:51 Moving is finished
11.02 20:07:36 Scanning 15 point from 288
11.02 20:07:36 Going to coordinates X=-13.954, Y=-39.169
11.02 20:07:36 Moving is finished
11.02 20:09:21 Scanning 16 point from 288
11.02 20:09:21 Going to coordinates X=-15.154, Y=-39.069
11.02 20:09:21 Moving is finished
11.02 20:11:06 Scanning 17 point from 288
11.02 20:11:06 Going to coordinates X=-15.074, Y=-39.069
11.02 20:11:06 Moving is finished
11.02 20:12:51 Scanning 18 point from 288
11.02 20:12:51 Going to coordinates X=-14.994, Y=-39.069
11.02 20:12:51 Moving is finished
11.02 20:14:36 Scanning 19 point from 288
11.02 20:14:36 Going to coordinates X=-14.914, Y=-39.069
11.02 20:14:36 Moving is finished
11.02 20:16:21 Scanning 20 point from 288
11.02 20:16:21 Going to coordinates X=-14.834, Y=-39.069
11.02 20:16:21 Moving is finished
11.02 20:18:06 Scanning 21 point from 288
11.02 20:18:06 Going to coordinates X=-14.754, Y=-39.069
11.02 20:18:07 Moving is finished
11.02 20:19:51 Scanning 22 point from 288
11.02 20:19:51 Going to coordinates X=-14.674, Y=-39.069
11.02 20:19:51 Moving is finished
11.02 20:21:36 Scanning 23 point from 288
11.02 20:21:36 Going to coordinates X=-14.594, Y=-39.069
11.02 20:21:36 Moving is finished
11.02 20:23:21 Scanning 24 point from 288
11.02 20:23:21 Going to coordinates X=-14.514, Y=-39.069
11.02 20:23:22 Moving is finished
11.02 20:25:06 Scanning 25 point from 288
11.02 20:25:06 Going to coordinates X=-14.434, Y=-39.069
11.02 20:25:06 Moving is finished
11.02 20:26:51 Scanning 26 point from 288
11.02 20:26:51 Going to coordinates X=-14.354, Y=-39.069
11.02 20:26:52 Moving is finished
11.02 20:28:37 Scanning 27 point from 288
11.02 20:28:37 Going to coordinates X=-14.274, Y=-39.069
11.02 20:28:37 Moving is finished
11.02 20:30:22 Scanning 28 point from 288
11.02 20:30:22 Going to coordinates X=-14.194, Y=-39.069
11.02 20:30:22 Moving is finished
11.02 20:32:06 Scanning 29 point from 288
11.02 20:32:06 Going to coordinates X=-14.114, Y=-39.069
11.02 20:32:07 Moving is finished
11.02 20:33:51 Scanning 30 point from 288
11.02 20:33:51 Going to coordinates X=-14.034, Y=-39.069
11.02 20:33:51 Moving is finished
11.02 20:35:37 Scanning 31 point from 288
11.02 20:35:37 Going to coordinates X=-13.954, Y=-39.069
11.02 20:35:37 Moving is finished
11.02 20:37:22 Scanning 32 point from 288
11.02 20:37:22 Going to coordinates X=-15.154, Y=-38.969
11.02 20:37:23 Moving is finished
11.02 20:39:08 Scanning 33 point from 288
11.02 20:39:08 Going to coordinates X=-15.074, Y=-38.969
11.02 20:39:08 Moving is finished
11.02 20:40:53 Scanning 34 point from 288
11.02 20:40:53 Going to coordinates X=-14.994, Y=-38.969
11.02 20:40:53 Moving is finished
11.02 20:42:37 Scanning 35 point from 288
11.02 20:42:37 Going to coordinates X=-14.914, Y=-38.969
11.02 20:42:38 Moving is finished
11.02 20:44:23 Scanning 36 point from 288
11.02 20:44:23 Going to coordinates X=-14.834, Y=-38.969
11.02 20:44:23 Moving is finished
11.02 20:46:08 Scanning 37 point from 288
11.02 20:46:08 Going to coordinates X=-14.754, Y=-38.969
11.02 20:46:08 Moving is finished
11.02 20:47:52 Scanning 38 point from 288
11.02 20:47:52 Going to coordinates X=-14.674, Y=-38.969
11.02 20:47:53 Moving is finished
11.02 20:49:37 Scanning 39 point from 288
11.02 20:49:37 Going to coordinates X=-14.594, Y=-38.969
11.02 20:49:37 Moving is finished
11.02 20:51:22 Scanning 40 point from 288
11.02 20:51:22 Going to coordinates X=-14.514, Y=-38.969
11.02 20:51:22 Moving is finished
11.02 20:53:07 Scanning 41 point from 288
11.02 20:53:07 Going to coordinates X=-14.434, Y=-38.969
11.02 20:53:07 Moving is finished
11.02 20:54:52 Scanning 42 point from 288
11.02 20:54:52 Going to coordinates X=-14.354, Y=-38.969
11.02 20:54:52 Moving is finished
11.02 20:56:37 Scanning 43 point from 288
11.02 20:56:37 Going to coordinates X=-14.274, Y=-38.969
11.02 20:56:38 Moving is finished
11.02 20:58:22 Scanning 44 point from 288
11.02 20:58:22 Going to coordinates X=-14.194, Y=-38.969
11.02 20:58:22 Moving is finished
11.02 21:00:08 Scanning 45 point from 288
11.02 21:00:08 Going to coordinates X=-14.114, Y=-38.969
11.02 21:00:08 Moving is finished
11.02 21:01:53 Scanning 46 point from 288
11.02 21:01:53 Going to coordinates X=-14.034, Y=-38.969
11.02 21:01:53 Moving is finished
11.02 21:03:38 Scanning 47 point from 288
11.02 21:03:38 Going to coordinates X=-13.954, Y=-38.969
11.02 21:03:38 Moving is finished
11.02 21:05:23 Scanning 48 point from 288
11.02 21:05:23 Going to coordinates X=-15.154, Y=-38.869
11.02 21:05:23 Moving is finished
11.02 21:07:08 Scanning 49 point from 288
11.02 21:07:08 Going to coordinates X=-15.074, Y=-38.869
11.02 21:07:08 Moving is finished
11.02 21:08:53 Scanning 50 point from 288
11.02 21:08:53 Going to coordinates X=-14.994, Y=-38.869
11.02 21:08:53 Moving is finished
11.02 21:10:37 Scanning 51 point from 288
11.02 21:10:37 Going to coordinates X=-14.914, Y=-38.869
11.02 21:10:38 Moving is finished
11.02 21:12:23 Scanning 52 point from 288
11.02 21:12:23 Going to coordinates X=-14.834, Y=-38.869
11.02 21:12:23 Moving is finished
11.02 21:14:08 Scanning 53 point from 288
11.02 21:14:08 Going to coordinates X=-14.754, Y=-38.869
11.02 21:14:08 Moving is finished
11.02 21:15:53 Scanning 54 point from 288
11.02 21:15:53 Going to coordinates X=-14.674, Y=-38.869
11.02 21:15:53 Moving is finished
11.02 21:17:38 Scanning 55 point from 288
11.02 21:17:38 Going to coordinates X=-14.594, Y=-38.869
11.02 21:17:38 Moving is finished
11.02 21:19:23 Scanning 56 point from 288
11.02 21:19:23 Going to coordinates X=-14.514, Y=-38.869
11.02 21:19:23 Moving is finished
11.02 21:21:07 Scanning 57 point from 288
11.02 21:21:07 Going to coordinates X=-14.434, Y=-38.869
11.02 21:21:08 Moving is finished
11.02 21:22:52 Scanning 58 point from 288
11.02 21:22:52 Going to coordinates X=-14.354, Y=-38.869
11.02 21:22:53 Moving is finished
11.02 21:24:37 Scanning 59 point from 288
11.02 21:24:37 Going to coordinates X=-14.274, Y=-38.869
11.02 21:24:37 Moving is finished
11.02 21:26:22 Scanning 60 point from 288
11.02 21:26:22 Going to coordinates X=-14.194, Y=-38.869
11.02 21:26:22 Moving is finished
11.02 21:28:07 Scanning 61 point from 288
11.02 21:28:07 Going to coordinates X=-14.114, Y=-38.869
11.02 21:28:07 Moving is finished
11.02 21:29:52 Scanning 62 point from 288
11.02 21:29:52 Going to coordinates X=-14.034, Y=-38.869
11.02 21:29:52 Moving is finished
11.02 21:31:37 Scanning 63 point from 288
11.02 21:31:37 Going to coordinates X=-13.954, Y=-38.869
11.02 21:31:37 Moving is finished
11.02 21:33:22 Scanning 64 point from 288
11.02 21:33:22 Going to coordinates X=-15.154, Y=-38.769
11.02 21:33:23 Moving is finished
11.02 21:35:07 Scanning 65 point from 288
11.02 21:35:07 Going to coordinates X=-15.074, Y=-38.769
11.02 21:35:08 Moving is finished
11.02 21:36:52 Scanning 66 point from 288
11.02 21:36:52 Going to coordinates X=-14.994, Y=-38.769
11.02 21:36:53 Moving is finished
11.02 21:38:38 Scanning 67 point from 288
11.02 21:38:38 Going to coordinates X=-14.914, Y=-38.769
11.02 21:38:38 Moving is finished
11.02 21:40:22 Scanning 68 point from 288
11.02 21:40:22 Going to coordinates X=-14.834, Y=-38.769
11.02 21:40:22 Moving is finished
11.02 21:42:07 Scanning 69 point from 288
11.02 21:42:07 Going to coordinates X=-14.754, Y=-38.769
11.02 21:42:07 Moving is finished
11.02 21:43:52 Scanning 70 point from 288
11.02 21:43:52 Going to coordinates X=-14.674, Y=-38.769
11.02 21:43:52 Moving is finished
11.02 21:45:37 Scanning 71 point from 288
11.02 21:45:37 Going to coordinates X=-14.594, Y=-38.769
11.02 21:45:37 Moving is finished
11.02 21:47:22 Scanning 72 point from 288
11.02 21:47:22 Going to coordinates X=-14.514, Y=-38.769
11.02 21:47:22 Moving is finished
11.02 21:49:07 Scanning 73 point from 288
11.02 21:49:07 Going to coordinates X=-14.434, Y=-38.769
11.02 21:49:07 Moving is finished
11.02 21:50:52 Scanning 74 point from 288
11.02 21:50:52 Going to coordinates X=-14.354, Y=-38.769
11.02 21:50:53 Moving is finished
11.02 21:52:37 Scanning 75 point from 288
11.02 21:52:37 Going to coordinates X=-14.274, Y=-38.769
11.02 21:52:38 Moving is finished
11.02 21:54:22 Scanning 76 point from 288
11.02 21:54:22 Going to coordinates X=-14.194, Y=-38.769
11.02 21:54:23 Moving is finished
11.02 21:56:07 Scanning 77 point from 288
11.02 21:56:07 Going to coordinates X=-14.114, Y=-38.769
11.02 21:56:08 Moving is finished
11.02 21:57:52 Scanning 78 point from 288
11.02 21:57:52 Going to coordinates X=-14.034, Y=-38.769
11.02 21:57:52 Moving is finished
11.02 21:59:38 Scanning 79 point from 288
11.02 21:59:38 Going to coordinates X=-13.954, Y=-38.769
11.02 21:59:38 Moving is finished
11.02 22:01:23 Scanning 80 point from 288
11.02 22:01:23 Going to coordinates X=-15.154, Y=-38.669
11.02 22:01:24 Moving is finished
11.02 22:03:10 Scanning 81 point from 288
11.02 22:03:10 Going to coordinates X=-15.074, Y=-38.669
11.02 22:03:10 Moving is finished
11.02 22:04:54 Scanning 82 point from 288
11.02 22:04:54 Going to coordinates X=-14.994, Y=-38.669
11.02 22:04:55 Moving is finished
11.02 22:06:39 Scanning 83 point from 288
11.02 22:06:39 Going to coordinates X=-14.914, Y=-38.669
11.02 22:06:40 Moving is finished
11.02 22:08:24 Scanning 84 point from 288
11.02 22:08:24 Going to coordinates X=-14.834, Y=-38.669
11.02 22:08:24 Moving is finished
11.02 22:10:09 Scanning 85 point from 288
11.02 22:10:09 Going to coordinates X=-14.754, Y=-38.669
11.02 22:10:09 Moving is finished
11.02 22:11:54 Scanning 86 point from 288
11.02 22:11:54 Going to coordinates X=-14.674, Y=-38.669
11.02 22:11:54 Moving is finished
11.02 22:13:39 Scanning 87 point from 288
11.02 22:13:39 Going to coordinates X=-14.594, Y=-38.669
11.02 22:13:39 Moving is finished
11.02 22:15:24 Scanning 88 point from 288
11.02 22:15:24 Going to coordinates X=-14.514, Y=-38.669
11.02 22:15:24 Moving is finished
11.02 22:17:09 Scanning 89 point from 288
11.02 22:17:09 Going to coordinates X=-14.434, Y=-38.669
11.02 22:17:09 Moving is finished
11.02 22:18:54 Scanning 90 point from 288
11.02 22:18:54 Going to coordinates X=-14.354, Y=-38.669
11.02 22:18:54 Moving is finished
11.02 22:20:39 Scanning 91 point from 288
11.02 22:20:39 Going to coordinates X=-14.274, Y=-38.669
11.02 22:20:39 Moving is finished
11.02 22:22:23 Scanning 92 point from 288
11.02 22:22:23 Going to coordinates X=-14.194, Y=-38.669
11.02 22:22:24 Moving is finished
11.02 22:24:09 Scanning 93 point from 288
11.02 22:24:09 Going to coordinates X=-14.114, Y=-38.669
11.02 22:24:09 Moving is finished
11.02 22:25:54 Scanning 94 point from 288
11.02 22:25:54 Going to coordinates X=-14.034, Y=-38.669
11.02 22:25:54 Moving is finished
11.02 22:27:39 Scanning 95 point from 288
11.02 22:27:39 Going to coordinates X=-13.954, Y=-38.669
11.02 22:27:40 Moving is finished
11.02 22:29:25 Scanning 96 point from 288
11.02 22:29:25 Going to coordinates X=-15.154, Y=-38.569
11.02 22:29:25 Moving is finished
11.02 22:31:10 Scanning 97 point from 288
11.02 22:31:10 Going to coordinates X=-15.074, Y=-38.569
11.02 22:31:10 Moving is finished
11.02 22:32:55 Scanning 98 point from 288
11.02 22:32:55 Going to coordinates X=-14.994, Y=-38.569
11.02 22:32:55 Moving is finished
11.02 22:34:40 Scanning 99 point from 288
11.02 22:34:40 Going to coordinates X=-14.914, Y=-38.569
11.02 22:34:40 Moving is finished
11.02 22:36:24 Scanning 100 point from 288
11.02 22:36:24 Going to coordinates X=-14.834, Y=-38.569
11.02 22:36:25 Moving is finished
11.02 22:38:09 Scanning 101 point from 288
11.02 22:38:09 Going to coordinates X=-14.754, Y=-38.569
11.02 22:38:09 Moving is finished
11.02 22:39:54 Scanning 102 point from 288
11.02 22:39:54 Going to coordinates X=-14.674, Y=-38.569
11.02 22:39:54 Moving is finished
11.02 22:41:39 Scanning 103 point from 288
11.02 22:41:39 Going to coordinates X=-14.594, Y=-38.569
11.02 22:41:39 Moving is finished
11.02 22:43:24 Scanning 104 point from 288
11.02 22:43:24 Going to coordinates X=-14.514, Y=-38.569
11.02 22:43:24 Moving is finished
11.02 22:45:09 Scanning 105 point from 288
11.02 22:45:09 Going to coordinates X=-14.434, Y=-38.569
11.02 22:45:09 Moving is finished
11.02 22:46:54 Scanning 106 point from 288
11.02 22:46:54 Going to coordinates X=-14.354, Y=-38.569
11.02 22:46:54 Moving is finished
11.02 22:48:39 Scanning 107 point from 288
11.02 22:48:39 Going to coordinates X=-14.274, Y=-38.569
11.02 22:48:39 Moving is finished
11.02 22:50:24 Scanning 108 point from 288
11.02 22:50:24 Going to coordinates X=-14.194, Y=-38.569
11.02 22:50:24 Moving is finished
11.02 22:52:09 Scanning 109 point from 288
11.02 22:52:09 Going to coordinates X=-14.114, Y=-38.569
11.02 22:52:09 Moving is finished
11.02 22:53:54 Scanning 110 point from 288
11.02 22:53:54 Going to coordinates X=-14.034, Y=-38.569
11.02 22:53:54 Moving is finished
11.02 22:55:39 Scanning 111 point from 288
11.02 22:55:39 Going to coordinates X=-13.954, Y=-38.569
11.02 22:55:39 Moving is finished
11.02 22:57:24 Scanning 112 point from 288
11.02 22:57:24 Going to coordinates X=-15.154, Y=-38.469
11.02 22:57:25 Moving is finished
11.02 22:59:10 Scanning 113 point from 288
11.02 22:59:10 Going to coordinates X=-15.074, Y=-38.469
11.02 22:59:10 Moving is finished
11.02 23:00:55 Scanning 114 point from 288
11.02 23:00:55 Going to coordinates X=-14.994, Y=-38.469
11.02 23:00:56 Moving is finished
11.02 23:02:40 Scanning 115 point from 288
11.02 23:02:40 Going to coordinates X=-14.914, Y=-38.469
11.02 23:02:40 Moving is finished
11.02 23:04:25 Scanning 116 point from 288
11.02 23:04:25 Going to coordinates X=-14.834, Y=-38.469
11.02 23:04:26 Moving is finished
11.02 23:06:10 Scanning 117 point from 288
11.02 23:06:10 Going to coordinates X=-14.754, Y=-38.469
11.02 23:06:10 Moving is finished
11.02 23:07:55 Scanning 118 point from 288
11.02 23:07:55 Going to coordinates X=-14.674, Y=-38.469
11.02 23:07:55 Moving is finished
11.02 23:09:40 Scanning 119 point from 288
11.02 23:09:40 Going to coordinates X=-14.594, Y=-38.469
11.02 23:09:40 Moving is finished
11.02 23:11:25 Scanning 120 point from 288
11.02 23:11:25 Going to coordinates X=-14.514, Y=-38.469
11.02 23:11:26 Moving is finished
11.02 23:13:10 Scanning 121 point from 288
11.02 23:13:10 Going to coordinates X=-14.434, Y=-38.469
11.02 23:13:10 Moving is finished
11.02 23:14:55 Scanning 122 point from 288
11.02 23:14:55 Going to coordinates X=-14.354, Y=-38.469
11.02 23:14:55 Moving is finished
11.02 23:16:40 Scanning 123 point from 288
11.02 23:16:40 Going to coordinates X=-14.274, Y=-38.469
11.02 23:16:40 Moving is finished
11.02 23:18:25 Scanning 124 point from 288
11.02 23:18:25 Going to coordinates X=-14.194, Y=-38.469
11.02 23:18:25 Moving is finished
11.02 23:20:10 Scanning 125 point from 288
11.02 23:20:10 Going to coordinates X=-14.114, Y=-38.469
11.02 23:20:10 Moving is finished
11.02 23:21:56 Scanning 126 point from 288
11.02 23:21:56 Going to coordinates X=-14.034, Y=-38.469
11.02 23:21:56 Moving is finished
11.02 23:23:40 Scanning 127 point from 288
11.02 23:23:40 Going to coordinates X=-13.954, Y=-38.469
11.02 23:23:41 Moving is finished
11.02 23:25:26 Scanning 128 point from 288
11.02 23:25:26 Going to coordinates X=-15.154, Y=-38.369
11.02 23:25:26 Moving is finished
11.02 23:27:11 Scanning 129 point from 288
11.02 23:27:11 Going to coordinates X=-15.074, Y=-38.369
11.02 23:27:11 Moving is finished
11.02 23:28:55 Scanning 130 point from 288
11.02 23:28:55 Going to coordinates X=-14.994, Y=-38.369
11.02 23:28:56 Moving is finished
11.02 23:30:40 Scanning 131 point from 288
11.02 23:30:40 Going to coordinates X=-14.914, Y=-38.369
11.02 23:30:41 Moving is finished
11.02 23:32:26 Scanning 132 point from 288
11.02 23:32:26 Going to coordinates X=-14.834, Y=-38.369
11.02 23:32:26 Moving is finished
11.02 23:34:11 Scanning 133 point from 288
11.02 23:34:11 Going to coordinates X=-14.754, Y=-38.369
11.02 23:34:11 Moving is finished
11.02 23:35:57 Scanning 134 point from 288
11.02 23:35:57 Going to coordinates X=-14.674, Y=-38.369
11.02 23:35:57 Moving is finished
11.02 23:37:41 Scanning 135 point from 288
11.02 23:37:41 Going to coordinates X=-14.594, Y=-38.369
11.02 23:37:42 Moving is finished
11.02 23:39:27 Scanning 136 point from 288
11.02 23:39:27 Going to coordinates X=-14.514, Y=-38.369
11.02 23:39:27 Moving is finished
11.02 23:41:12 Scanning 137 point from 288
11.02 23:41:12 Going to coordinates X=-14.434, Y=-38.369
11.02 23:41:12 Moving is finished
11.02 23:42:57 Scanning 138 point from 288
11.02 23:42:57 Going to coordinates X=-14.354, Y=-38.369
11.02 23:42:57 Moving is finished
11.02 23:44:42 Scanning 139 point from 288
11.02 23:44:42 Going to coordinates X=-14.274, Y=-38.369
11.02 23:44:42 Moving is finished
11.02 23:46:27 Scanning 140 point from 288
11.02 23:46:27 Going to coordinates X=-14.194, Y=-38.369
11.02 23:46:27 Moving is finished
11.02 23:48:12 Scanning 141 point from 288
11.02 23:48:12 Going to coordinates X=-14.114, Y=-38.369
11.02 23:48:12 Moving is finished
11.02 23:49:57 Scanning 142 point from 288
11.02 23:49:57 Going to coordinates X=-14.034, Y=-38.369
11.02 23:49:57 Moving is finished
11.02 23:51:42 Scanning 143 point from 288
11.02 23:51:42 Going to coordinates X=-13.954, Y=-38.369
11.02 23:51:42 Moving is finished
11.02 23:53:27 Scanning 144 point from 288
11.02 23:53:27 Going to coordinates X=-15.154, Y=-38.269
11.02 23:53:28 Moving is finished
11.02 23:55:12 Scanning 145 point from 288
11.02 23:55:12 Going to coordinates X=-15.074, Y=-38.269
11.02 23:55:13 Moving is finished
11.02 23:56:57 Scanning 146 point from 288
11.02 23:56:57 Going to coordinates X=-14.994, Y=-38.269
11.02 23:56:57 Moving is finished
11.02 23:58:42 Scanning 147 point from 288
11.02 23:58:42 Going to coordinates X=-14.914, Y=-38.269
11.02 23:58:42 Moving is finished
12.02 00:00:27 Scanning 148 point from 288
12.02 00:00:27 Going to coordinates X=-14.834, Y=-38.269
12.02 00:00:27 Moving is finished
12.02 00:02:11 Scanning 149 point from 288
12.02 00:02:11 Going to coordinates X=-14.754, Y=-38.269
12.02 00:02:12 Moving is finished
12.02 00:03:56 Scanning 150 point from 288
12.02 00:03:56 Going to coordinates X=-14.674, Y=-38.269
12.02 00:03:57 Moving is finished
12.02 00:05:41 Scanning 151 point from 288
12.02 00:05:41 Going to coordinates X=-14.594, Y=-38.269
12.02 00:05:42 Moving is finished
12.02 00:07:26 Scanning 152 point from 288
12.02 00:07:26 Going to coordinates X=-14.514, Y=-38.269
12.02 00:07:26 Moving is finished
12.02 00:09:11 Scanning 153 point from 288
12.02 00:09:11 Going to coordinates X=-14.434, Y=-38.269
12.02 00:09:11 Moving is finished
12.02 00:10:56 Scanning 154 point from 288
12.02 00:10:56 Going to coordinates X=-14.354, Y=-38.269
12.02 00:10:56 Moving is finished
12.02 00:12:40 Scanning 155 point from 288
12.02 00:12:40 Going to coordinates X=-14.274, Y=-38.269
12.02 00:12:41 Moving is finished
12.02 00:14:26 Scanning 156 point from 288
12.02 00:14:26 Going to coordinates X=-14.194, Y=-38.269
12.02 00:14:26 Moving is finished
12.02 00:16:10 Scanning 157 point from 288
12.02 00:16:10 Going to coordinates X=-14.114, Y=-38.269
12.02 00:16:11 Moving is finished
12.02 00:17:55 Scanning 158 point from 288
12.02 00:17:55 Going to coordinates X=-14.034, Y=-38.269
12.02 00:17:56 Moving is finished
12.02 00:19:41 Scanning 159 point from 288
12.02 00:19:41 Going to coordinates X=-13.954, Y=-38.269
12.02 00:19:42 Moving is finished
12.02 00:21:26 Scanning 160 point from 288
12.02 00:21:26 Going to coordinates X=-15.154, Y=-38.169
12.02 00:21:27 Moving is finished
12.02 00:23:11 Scanning 161 point from 288
12.02 00:23:11 Going to coordinates X=-15.074, Y=-38.169
12.02 00:23:11 Moving is finished
12.02 00:24:56 Scanning 162 point from 288
12.02 00:24:56 Going to coordinates X=-14.994, Y=-38.169
12.02 00:24:56 Moving is finished
12.02 00:26:41 Scanning 163 point from 288
12.02 00:26:41 Going to coordinates X=-14.914, Y=-38.169
12.02 00:26:41 Moving is finished
12.02 00:28:26 Scanning 164 point from 288
12.02 00:28:26 Going to coordinates X=-14.834, Y=-38.169
12.02 00:28:26 Moving is finished
12.02 00:30:11 Scanning 165 point from 288
12.02 00:30:11 Going to coordinates X=-14.754, Y=-38.169
12.02 00:30:11 Moving is finished
12.02 00:31:56 Scanning 166 point from 288
12.02 00:31:56 Going to coordinates X=-14.674, Y=-38.169
12.02 00:31:56 Moving is finished
12.02 00:33:41 Scanning 167 point from 288
12.02 00:33:41 Going to coordinates X=-14.594, Y=-38.169
12.02 00:33:41 Moving is finished
12.02 00:35:25 Scanning 168 point from 288
12.02 00:35:25 Going to coordinates X=-14.514, Y=-38.169
12.02 00:35:26 Moving is finished
12.02 00:37:11 Scanning 169 point from 288
12.02 00:37:11 Going to coordinates X=-14.434, Y=-38.169
12.02 00:37:11 Moving is finished
12.02 00:38:55 Scanning 170 point from 288
12.02 00:38:55 Going to coordinates X=-14.354, Y=-38.169
12.02 00:38:56 Moving is finished
12.02 00:40:40 Scanning 171 point from 288
12.02 00:40:40 Going to coordinates X=-14.274, Y=-38.169
12.02 00:40:40 Moving is finished
12.02 00:42:25 Scanning 172 point from 288
12.02 00:42:25 Going to coordinates X=-14.194, Y=-38.169
12.02 00:42:25 Moving is finished
12.02 00:44:10 Scanning 173 point from 288
12.02 00:44:10 Going to coordinates X=-14.114, Y=-38.169
12.02 00:44:10 Moving is finished
12.02 00:45:55 Scanning 174 point from 288
12.02 00:45:55 Going to coordinates X=-14.034, Y=-38.169
12.02 00:45:55 Moving is finished
12.02 00:47:39 Scanning 175 point from 288
12.02 00:47:39 Going to coordinates X=-13.954, Y=-38.169
12.02 00:47:40 Moving is finished
12.02 00:49:24 Scanning 176 point from 288
12.02 00:49:24 Going to coordinates X=-15.154, Y=-38.069
12.02 00:49:25 Moving is finished
12.02 00:51:09 Scanning 177 point from 288
12.02 00:51:09 Going to coordinates X=-15.074, Y=-38.069
12.02 00:51:10 Moving is finished
12.02 00:52:54 Scanning 178 point from 288
12.02 00:52:54 Going to coordinates X=-14.994, Y=-38.069
12.02 00:52:55 Moving is finished
12.02 00:54:39 Scanning 179 point from 288
12.02 00:54:39 Going to coordinates X=-14.914, Y=-38.069
12.02 00:54:40 Moving is finished
12.02 00:56:24 Scanning 180 point from 288
12.02 00:56:24 Going to coordinates X=-14.834, Y=-38.069
12.02 00:56:25 Moving is finished
12.02 00:58:09 Scanning 181 point from 288
12.02 00:58:09 Going to coordinates X=-14.754, Y=-38.069
12.02 00:58:09 Moving is finished
12.02 00:59:54 Scanning 182 point from 288
12.02 00:59:54 Going to coordinates X=-14.674, Y=-38.069
12.02 00:59:54 Moving is finished
12.02 01:01:39 Scanning 183 point from 288
12.02 01:01:39 Going to coordinates X=-14.594, Y=-38.069
12.02 01:01:39 Moving is finished
12.02 01:03:24 Scanning 184 point from 288
12.02 01:03:24 Going to coordinates X=-14.514, Y=-38.069
12.02 01:03:24 Moving is finished
12.02 01:05:09 Scanning 185 point from 288
12.02 01:05:09 Going to coordinates X=-14.434, Y=-38.069
12.02 01:05:09 Moving is finished
12.02 01:06:54 Scanning 186 point from 288
12.02 01:06:54 Going to coordinates X=-14.354, Y=-38.069
12.02 01:06:54 Moving is finished
12.02 01:08:39 Scanning 187 point from 288
12.02 01:08:39 Going to coordinates X=-14.274, Y=-38.069
12.02 01:08:39 Moving is finished
12.02 01:10:24 Scanning 188 point from 288
12.02 01:10:24 Going to coordinates X=-14.194, Y=-38.069
12.02 01:10:24 Moving is finished
12.02 01:12:08 Scanning 189 point from 288
12.02 01:12:08 Going to coordinates X=-14.114, Y=-38.069
12.02 01:12:09 Moving is finished
12.02 01:13:54 Scanning 190 point from 288
12.02 01:13:54 Going to coordinates X=-14.034, Y=-38.069
12.02 01:13:54 Moving is finished
12.02 01:15:39 Scanning 191 point from 288
12.02 01:15:39 Going to coordinates X=-13.954, Y=-38.069
12.02 01:15:39 Moving is finished
12.02 01:17:23 Scanning 192 point from 288
12.02 01:17:23 Going to coordinates X=-15.154, Y=-37.969
12.02 01:17:24 Moving is finished
12.02 01:19:09 Scanning 193 point from 288
12.02 01:19:09 Going to coordinates X=-15.074, Y=-37.969
12.02 01:19:09 Moving is finished
12.02 01:20:53 Scanning 194 point from 288
12.02 01:20:53 Going to coordinates X=-14.994, Y=-37.969
12.02 01:20:54 Moving is finished
12.02 01:22:39 Scanning 195 point from 288
12.02 01:22:39 Going to coordinates X=-14.914, Y=-37.969
12.02 01:22:39 Moving is finished
12.02 01:24:24 Scanning 196 point from 288
12.02 01:24:24 Going to coordinates X=-14.834, Y=-37.969
12.02 01:24:24 Moving is finished
12.02 01:26:09 Scanning 197 point from 288
12.02 01:26:09 Going to coordinates X=-14.754, Y=-37.969
12.02 01:26:09 Moving is finished
12.02 01:27:54 Scanning 198 point from 288
12.02 01:27:54 Going to coordinates X=-14.674, Y=-37.969
12.02 01:27:54 Moving is finished
12.02 01:29:39 Scanning 199 point from 288
12.02 01:29:39 Going to coordinates X=-14.594, Y=-37.969
12.02 01:29:40 Moving is finished
12.02 01:31:25 Scanning 200 point from 288
12.02 01:31:25 Going to coordinates X=-14.514, Y=-37.969
12.02 01:31:25 Moving is finished
12.02 01:33:10 Scanning 201 point from 288
12.02 01:33:10 Going to coordinates X=-14.434, Y=-37.969
12.02 01:33:10 Moving is finished
12.02 01:34:55 Scanning 202 point from 288
12.02 01:34:55 Going to coordinates X=-14.354, Y=-37.969
12.02 01:34:55 Moving is finished
12.02 01:36:41 Scanning 203 point from 288
12.02 01:36:41 Going to coordinates X=-14.274, Y=-37.969
12.02 01:36:41 Moving is finished
12.02 01:38:26 Scanning 204 point from 288
12.02 01:38:26 Going to coordinates X=-14.194, Y=-37.969
12.02 01:38:26 Moving is finished
12.02 01:40:10 Scanning 205 point from 288
12.02 01:40:10 Going to coordinates X=-14.114, Y=-37.969
12.02 01:40:11 Moving is finished
12.02 01:41:55 Scanning 206 point from 288
12.02 01:41:55 Going to coordinates X=-14.034, Y=-37.969
12.02 01:41:56 Moving is finished
12.02 01:43:41 Scanning 207 point from 288
12.02 01:43:41 Going to coordinates X=-13.954, Y=-37.969
12.02 01:43:41 Moving is finished
12.02 01:45:26 Scanning 208 point from 288
12.02 01:45:26 Going to coordinates X=-15.154, Y=-37.869
12.02 01:45:27 Moving is finished
12.02 01:47:12 Scanning 209 point from 288
12.02 01:47:12 Going to coordinates X=-15.074, Y=-37.869
12.02 01:47:12 Moving is finished
12.02 01:48:57 Scanning 210 point from 288
12.02 01:48:57 Going to coordinates X=-14.994, Y=-37.869
12.02 01:48:57 Moving is finished
12.02 01:50:42 Scanning 211 point from 288
12.02 01:50:42 Going to coordinates X=-14.914, Y=-37.869
12.02 01:50:42 Moving is finished
12.02 01:52:27 Scanning 212 point from 288
12.02 01:52:27 Going to coordinates X=-14.834, Y=-37.869
12.02 01:52:27 Moving is finished
12.02 01:54:13 Scanning 213 point from 288
12.02 01:54:13 Going to coordinates X=-14.754, Y=-37.869
12.02 01:54:13 Moving is finished
12.02 01:55:58 Scanning 214 point from 288
12.02 01:55:58 Going to coordinates X=-14.674, Y=-37.869
12.02 01:55:58 Moving is finished
12.02 01:57:42 Scanning 215 point from 288
12.02 01:57:42 Going to coordinates X=-14.594, Y=-37.869
12.02 01:57:43 Moving is finished
12.02 01:59:27 Scanning 216 point from 288
12.02 01:59:27 Going to coordinates X=-14.514, Y=-37.869
12.02 01:59:28 Moving is finished
12.02 02:01:12 Scanning 217 point from 288
12.02 02:01:12 Going to coordinates X=-14.434, Y=-37.869
12.02 02:01:12 Moving is finished
12.02 02:02:57 Scanning 218 point from 288
12.02 02:02:57 Going to coordinates X=-14.354, Y=-37.869
12.02 02:02:58 Moving is finished
12.02 02:04:42 Scanning 219 point from 288
12.02 02:04:42 Going to coordinates X=-14.274, Y=-37.869
12.02 02:04:42 Moving is finished
12.02 02:06:27 Scanning 220 point from 288
12.02 02:06:27 Going to coordinates X=-14.194, Y=-37.869
12.02 02:06:27 Moving is finished
12.02 02:08:12 Scanning 221 point from 288
12.02 02:08:12 Going to coordinates X=-14.114, Y=-37.869
12.02 02:08:12 Moving is finished
12.02 02:09:57 Scanning 222 point from 288
12.02 02:09:57 Going to coordinates X=-14.034, Y=-37.869
12.02 02:09:57 Moving is finished
12.02 02:11:42 Scanning 223 point from 288
12.02 02:11:42 Going to coordinates X=-13.954, Y=-37.869
12.02 02:11:43 Moving is finished
12.02 02:13:27 Scanning 224 point from 288
12.02 02:13:27 Going to coordinates X=-15.154, Y=-37.769
12.02 02:13:28 Moving is finished
12.02 02:15:13 Scanning 225 point from 288
12.02 02:15:13 Going to coordinates X=-15.074, Y=-37.769
12.02 02:15:13 Moving is finished
12.02 02:16:58 Scanning 226 point from 288
12.02 02:16:58 Going to coordinates X=-14.994, Y=-37.769
12.02 02:16:58 Moving is finished
12.02 02:18:43 Scanning 227 point from 288
12.02 02:18:43 Going to coordinates X=-14.914, Y=-37.769
12.02 02:18:43 Moving is finished
12.02 02:20:28 Scanning 228 point from 288
12.02 02:20:28 Going to coordinates X=-14.834, Y=-37.769
12.02 02:20:28 Moving is finished
12.02 02:22:13 Scanning 229 point from 288
12.02 02:22:13 Going to coordinates X=-14.754, Y=-37.769
12.02 02:22:13 Moving is finished
12.02 02:23:58 Scanning 230 point from 288
12.02 02:23:58 Going to coordinates X=-14.674, Y=-37.769
12.02 02:23:58 Moving is finished
12.02 02:25:43 Scanning 231 point from 288
12.02 02:25:43 Going to coordinates X=-14.594, Y=-37.769
12.02 02:25:43 Moving is finished
12.02 02:27:28 Scanning 232 point from 288
12.02 02:27:28 Going to coordinates X=-14.514, Y=-37.769
12.02 02:27:28 Moving is finished
12.02 02:29:13 Scanning 233 point from 288
12.02 02:29:13 Going to coordinates X=-14.434, Y=-37.769
12.02 02:29:13 Moving is finished
12.02 02:30:57 Scanning 234 point from 288
12.02 02:30:57 Going to coordinates X=-14.354, Y=-37.769
12.02 02:30:58 Moving is finished
12.02 02:32:42 Scanning 235 point from 288
12.02 02:32:42 Going to coordinates X=-14.274, Y=-37.769
12.02 02:32:43 Moving is finished
12.02 02:34:28 Scanning 236 point from 288
12.02 02:34:28 Going to coordinates X=-14.194, Y=-37.769
12.02 02:34:28 Moving is finished
12.02 02:36:13 Scanning 237 point from 288
12.02 02:36:13 Going to coordinates X=-14.114, Y=-37.769
12.02 02:36:13 Moving is finished
12.02 02:37:58 Scanning 238 point from 288
12.02 02:37:58 Going to coordinates X=-14.034, Y=-37.769
12.02 02:37:58 Moving is finished
12.02 02:39:43 Scanning 239 point from 288
12.02 02:39:43 Going to coordinates X=-13.954, Y=-37.769
12.02 02:39:43 Moving is finished
12.02 02:41:28 Scanning 240 point from 288
12.02 02:41:28 Going to coordinates X=-15.154, Y=-37.669
12.02 02:41:29 Moving is finished
12.02 02:43:13 Scanning 241 point from 288
12.02 02:43:13 Going to coordinates X=-15.074, Y=-37.669
12.02 02:43:14 Moving is finished
12.02 02:44:59 Scanning 242 point from 288
12.02 02:44:59 Going to coordinates X=-14.994, Y=-37.669
12.02 02:44:59 Moving is finished
12.02 02:46:44 Scanning 243 point from 288
12.02 02:46:44 Going to coordinates X=-14.914, Y=-37.669
12.02 02:46:44 Moving is finished
12.02 02:48:29 Scanning 244 point from 288
12.02 02:48:29 Going to coordinates X=-14.834, Y=-37.669
12.02 02:48:29 Moving is finished
12.02 02:50:14 Scanning 245 point from 288
12.02 02:50:14 Going to coordinates X=-14.754, Y=-37.669
12.02 02:50:14 Moving is finished
12.02 02:51:59 Scanning 246 point from 288
12.02 02:51:59 Going to coordinates X=-14.674, Y=-37.669
12.02 02:51:59 Moving is finished
12.02 02:53:44 Scanning 247 point from 288
12.02 02:53:44 Going to coordinates X=-14.594, Y=-37.669
12.02 02:53:44 Moving is finished
12.02 02:55:29 Scanning 248 point from 288
12.02 02:55:29 Going to coordinates X=-14.514, Y=-37.669
12.02 02:55:30 Moving is finished
12.02 02:57:15 Scanning 249 point from 288
12.02 02:57:15 Going to coordinates X=-14.434, Y=-37.669
12.02 02:57:15 Moving is finished
12.02 02:59:00 Scanning 250 point from 288
12.02 02:59:00 Going to coordinates X=-14.354, Y=-37.669
12.02 02:59:00 Moving is finished
12.02 03:00:45 Scanning 251 point from 288
12.02 03:00:45 Going to coordinates X=-14.274, Y=-37.669
12.02 03:00:45 Moving is finished
12.02 03:02:29 Scanning 252 point from 288
12.02 03:02:29 Going to coordinates X=-14.194, Y=-37.669
12.02 03:02:30 Moving is finished
12.02 03:04:14 Scanning 253 point from 288
12.02 03:04:14 Going to coordinates X=-14.114, Y=-37.669
12.02 03:04:15 Moving is finished
12.02 03:05:59 Scanning 254 point from 288
12.02 03:05:59 Going to coordinates X=-14.034, Y=-37.669
12.02 03:05:59 Moving is finished
12.02 03:07:44 Scanning 255 point from 288
12.02 03:07:44 Going to coordinates X=-13.954, Y=-37.669
12.02 03:07:44 Moving is finished
12.02 03:09:29 Scanning 256 point from 288
12.02 03:09:29 Going to coordinates X=-15.154, Y=-37.569
12.02 03:09:29 Moving is finished
12.02 03:11:14 Scanning 257 point from 288
12.02 03:11:14 Going to coordinates X=-15.074, Y=-37.569
12.02 03:11:14 Moving is finished
12.02 03:12:59 Scanning 258 point from 288
12.02 03:12:59 Going to coordinates X=-14.994, Y=-37.569
12.02 03:12:59 Moving is finished
12.02 03:14:44 Scanning 259 point from 288
12.02 03:14:44 Going to coordinates X=-14.914, Y=-37.569
12.02 03:14:44 Moving is finished
12.02 03:16:29 Scanning 260 point from 288
12.02 03:16:29 Going to coordinates X=-14.834, Y=-37.569
12.02 03:16:30 Moving is finished
12.02 03:18:14 Scanning 261 point from 288
12.02 03:18:14 Going to coordinates X=-14.754, Y=-37.569
12.02 03:18:14 Moving is finished
12.02 03:19:59 Scanning 262 point from 288
12.02 03:19:59 Going to coordinates X=-14.674, Y=-37.569
12.02 03:19:59 Moving is finished
12.02 03:21:44 Scanning 263 point from 288
12.02 03:21:44 Going to coordinates X=-14.594, Y=-37.569
12.02 03:21:44 Moving is finished
12.02 03:23:28 Scanning 264 point from 288
12.02 03:23:28 Going to coordinates X=-14.514, Y=-37.569
12.02 03:23:29 Moving is finished
12.02 03:25:13 Scanning 265 point from 288
12.02 03:25:13 Going to coordinates X=-14.434, Y=-37.569
12.02 03:25:14 Moving is finished
12.02 03:26:58 Scanning 266 point from 288
12.02 03:26:58 Going to coordinates X=-14.354, Y=-37.569
12.02 03:26:58 Moving is finished
12.02 03:28:43 Scanning 267 point from 288
12.02 03:28:43 Going to coordinates X=-14.274, Y=-37.569
12.02 03:28:44 Moving is finished
12.02 03:30:28 Scanning 268 point from 288
12.02 03:30:28 Going to coordinates X=-14.194, Y=-37.569
12.02 03:30:28 Moving is finished
12.02 03:32:13 Scanning 269 point from 288
12.02 03:32:13 Going to coordinates X=-14.114, Y=-37.569
12.02 03:32:13 Moving is finished
12.02 03:33:58 Scanning 270 point from 288
12.02 03:33:58 Going to coordinates X=-14.034, Y=-37.569
12.02 03:33:58 Moving is finished
12.02 03:35:43 Scanning 271 point from 288
12.02 03:35:43 Going to coordinates X=-13.954, Y=-37.569
12.02 03:35:43 Moving is finished
12.02 03:37:28 Scanning 272 point from 288
12.02 03:37:28 Going to coordinates X=-15.154, Y=-37.469
12.02 03:37:28 Moving is finished
12.02 03:39:13 Scanning 273 point from 288
12.02 03:39:13 Going to coordinates X=-15.074, Y=-37.469
12.02 03:39:14 Moving is finished
12.02 03:40:59 Scanning 274 point from 288
12.02 03:40:59 Going to coordinates X=-14.994, Y=-37.469
12.02 03:40:59 Moving is finished
12.02 03:42:44 Scanning 275 point from 288
12.02 03:42:44 Going to coordinates X=-14.914, Y=-37.469
12.02 03:42:45 Moving is finished
12.02 03:44:29 Scanning 276 point from 288
12.02 03:44:29 Going to coordinates X=-14.834, Y=-37.469
12.02 03:44:29 Moving is finished
12.02 03:46:14 Scanning 277 point from 288
12.02 03:46:14 Going to coordinates X=-14.754, Y=-37.469
12.02 03:46:14 Moving is finished
12.02 03:47:59 Scanning 278 point from 288
12.02 03:47:59 Going to coordinates X=-14.674, Y=-37.469
12.02 03:47:59 Moving is finished
12.02 03:49:44 Scanning 279 point from 288
12.02 03:49:44 Going to coordinates X=-14.594, Y=-37.469
12.02 03:49:44 Moving is finished
12.02 03:51:29 Scanning 280 point from 288
12.02 03:51:29 Going to coordinates X=-14.514, Y=-37.469
12.02 03:51:29 Moving is finished
12.02 03:53:13 Scanning 281 point from 288
12.02 03:53:13 Going to coordinates X=-14.434, Y=-37.469
12.02 03:53:14 Moving is finished
12.02 03:54:58 Scanning 282 point from 288
12.02 03:54:58 Going to coordinates X=-14.354, Y=-37.469
12.02 03:54:58 Moving is finished
12.02 03:56:43 Scanning 283 point from 288
12.02 03:56:43 Going to coordinates X=-14.274, Y=-37.469
12.02 03:56:43 Moving is finished
12.02 03:58:28 Scanning 284 point from 288
12.02 03:58:28 Going to coordinates X=-14.194, Y=-37.469
12.02 03:58:29 Moving is finished
12.02 04:00:14 Scanning 285 point from 288
12.02 04:00:14 Going to coordinates X=-14.114, Y=-37.469
12.02 04:00:14 Moving is finished
12.02 04:02:00 Scanning 286 point from 288
12.02 04:02:00 Going to coordinates X=-14.034, Y=-37.469
12.02 04:02:00 Moving is finished
12.02 04:03:44 Scanning 287 point from 288
12.02 04:03:44 Going to coordinates X=-13.954, Y=-37.469
12.02 04:03:45 Moving is finished
